   0.0016 4291.0034   -0.0035    0.0294  179.9995    0.5024    0.4468   -0.2077    0.0000    0.0000    0.0000    0.0000    0.0000    0.0000    0.5360 
   0.0441 4290.9609   -0.0366    0.5201  179.9993   -0.5962   -0.1636    0.2195    0.0000    0.0000    0.0000    0.0000    0.0000    0.0000    0.5840 
   0.0866 4290.9185   -0.1865    0.9859  180.0059    0.0751    0.2637    0.0974    0.0000    0.0000    0.0000    0.0000    0.0000    0.0000    0.5760 
   0.1291 4290.8760   -0.1163    1.0474  180.0038    0.2583    0.2026   -0.2077    0.0000    0.0000    0.0000    0.0000    0.0000    0.0000    0.5280 
   0.1716 4290.8335   -0.1718    1.0180  179.9930   -0.1080   -0.2246   -0.1467    0.0000    0.0000    0.0000    0.0000    0.0000    0.0000    0.5600 
   0.2141 4290.7910   -0.0595    1.2440  179.9914    0.5634    0.3247   -0.0857    0.0000    0.0000    0.0000    0.0000    0.0000    0.0000    0.5440 
   0.2566 4290.7485   -0.0025    1.1330  179.9894   -0.2911   -0.2246   -0.1467    0.0000    0.0000    0.0000    0.0000    0.0000    0.0000    0.6000 
   0.2991 4290.7061   -0.2579    1.1342  179.9918    0.0751    0.3247    0.2805    0.0000    0.0000    0.0000    0.0000    0.0000    0.0000    0.5520 
   0.3416 4290.6636   -0.0838    1.1277  179.9936   -0.0469    0.0806   -0.2077    0.0000    0.0000    0.0000    0.0000    0.0000    0.0000    0.6000 
   0.3841 4290.6211   -0.0910    0.9829  179.9873   -0.2300   -0.5298   -0.1467    0.0000    0.0000    0.0000    0.0000    0.0000    0.0000    0.5360 
   0.4266 4290.5786   -0.1845    1.0972  179.9823    0.5634    0.2026    0.1585    0.0000    0.0000    0.0000    0.0000    0.0000    0.0000    0.5680 
   0.4691 4290.5361   -0.0524    1.0054  179.9803   -0.5352   -0.4077   -0.1467    0.0000    0.0000    0.0000    0.0000    0.0000    0.0000    0.5360 
   0.5116 4290.4937   -0.2102    1.0340  179.9748    0.3803    0.2637   -0.1467    0.0000    0.0000    0.0000    0.0000    0.0000    0.0000    0.5840 
   0.5541 4290.4512   -0.1715    1.1256  179.9721   -0.3521    0.2026    0.0364    0.0000    0.0000    0.0000    0.0000    0.0000    0.0000    0.5840 
   0.5966 4290.4087   -0.1327    1.0473  179.9715   -0.1080   -0.1025    0.0364    0.0000    0.0000    0.0000    0.0000    0.0000    0.0000    0.5360 
   0.6391 4290.3662   -0.1177    1.1832  179.9694   -0.1080    0.2637   -0.0857    0.0000    0.0000    0.0000    0.0000    0.0000    0.0000    0.5680 
   0.6816 4290.3237   -0.0871    0.9792  179.9674   -0.2300   -0.1636   -0.2077    0.0000    0.0000    0.0000    0.0000    0.0000    0.0000    0.5360 
   0.7241 4290.2812   -0.1868    1.0568  179.9617    0.3803    0.3857   -0.2077    0.0000    0.0000    0.0000    0.0000    0.0000    0.0000    0.6000 
   0.7666 4290.2388   -0.1352    1.1093  179.9516    0.2583    0.0195   -0.2077    0.0000    0.0000    0.0000    0.0000    0.0000    0.0000    0.5600 
   0.8091 4290.1963   -0.1872    1.0594  179.9480    0.0141   -0.1025   -0.0246    0.0000    0.0000    0.0000    0.0000    0.0000    0.0000    0.6000 
   0.8516 4290.1538   -0.2179    1.1027  179.9497    0.0751   -0.1025    0.0364    0.0000    0.0000    0.0000    0.0000    0.0000    0.0000    0.5440 
   0.8941 4290.1113   -0.1594    1.1261  179.9538   -0.1080    0.3247   -0.2688    0.0000    0.0000    0.0000    0.0000    0.0000    0.0000    0.5600 
   0.9366 4290.0688   -0.2260    1.0613  179.9468   -0.1080    0.0806   -0.0246    0.0000    0.0000    0.0000    0.0000    0.0000    0.0000    0.5360 
   0.9791 4290.0259   -0.0026    1.0896  179.9382    0.3193    0.3247   -0.2077    0.0000    0.0000    0.0000    0.0000    0.0000    0.0000    0.5760 
   1.0216 4289.9834   -0.0591    0.9784  179.9285    0.0141   -0.0415   -0.5129    0.0000    0.0000    0.0000    0.0000    0.0000    0.0000    0.5840 
   1.0641 4289.9409   -0.2069    1.1281  179.9112   -0.2911   -0.1025    0.0364    0.0000    0.0000    0.0000    0.0000    0.0000    0.0000    0.5360 
   1.1066 4289.8984   -0.1471    1.1571  179.9178    0.3803    0.3857    0.0364    0.0000    0.0000    0.0000    0.0000    0.0000    0.0000    0.5760 
   1.1491 4289.8560   -0.1911    1.0336  179.9171   -0.4742   -0.1025   -0.2688    0.0000    0.0000    0.0000    0.0000    0.0000    0.0000    0.5360 
   1.1916 4289.8135   -0.0193    1.1111  179.9174    0.0141    0.2637    0.2805    0.0000    0.0000    0.0000    0.0000    0.0000    0.0000    0.5920 
   1.2341 4289.7710   -0.2364    1.1202  179.9200   -0.7183   -0.1636    0.0364    0.0000    0.0000    0.0000    0.0000    0.0000    0.0000    0.5680 
   1.2766 4289.7285   -0.1770    1.0265  179.9225    0.1362    0.6299    0.1585    0.0000    0.0000    0.0000    0.0000    0.0000    0.0000    0.5920 
   1.3191 4289.6860   -0.1322    1.0572  179.9241   -0.1080    0.0806   -0.1467    0.0000    0.0000    0.0000    0.0000    0.0000    0.0000    0.5520 
   1.3616 4289.6436   -0.1672    1.0680  179.9224    0.0141   -0.1636   -0.1467    0.0000    0.0000    0.0000    0.0000    0.0000    0.0000    0.5520 
   1.4041 4289.6011   -0.1331    1.1527  179.9111    0.4414    0.3857   -0.3908    0.0000    0.0000    0.0000    0.0000    0.0000    0.0000    0.6000 
   1.4466 4289.5586   -0.0905    1.0110  179.9050   -0.2911   -0.0415   -0.1467    0.0000    0.0000    0.0000    0.0000    0.0000    0.0000    0.5680 
   1.4891 4289.5161   -0.1816    1.0376  179.8963    0.1362    0.1416   -0.2688    0.0000    0.0000    0.0000    0.0000    0.0000    0.0000    0.5840 
   1.5316 4289.4736   -0.0548    1.0235  179.8990   -0.2300   -0.1025    0.1585    0.0000    0.0000    0.0000    0.0000    0.0000    0.0000    0.5360 
   1.5741 4289.4312   -0.0660    1.0246  179.9035    0.3193   -0.0415    0.2195    0.0000    0.0000    0.0000    0.0000    0.0000    0.0000    0.5760 
   1.6166 4289.3887   -0.2508    1.1363  179.9054   -0.5962    0.0195    0.0974    0.0000    0.0000    0.0000    0.0000    0.0000    0.0000    0.5280 
   1.6591 4289.3462   -0.2727    1.1492  179.9041   -0.2911    0.0195   -0.0857    0.0000    0.0000    0.0000    0.0000    0.0000    0.0000    0.5920 
   1.7016 4289.3037   -0.1481    0.9679  179.8991    0.1362    0.3857   -0.1467    0.0000    0.0000    0.0000    0.0000    0.0000    0.0000    0.5680 
   1.7441 4289.2612   -0.1124    1.0151  179.8967   -0.1690   -0.0415    0.1585    0.0000    0.0000    0.0000    0.0000    0.0000    0.0000    0.5920 
   1.7866 4289.2188   -0.1325    1.0011  179.8960    0.3193    0.2026   -0.0857    0.0000    0.0000    0.0000    0.0000    0.0000    0.0000    0.5600 
   1.8291 4289.1763   -0.1691    1.1423  179.9080    0.0751   -0.1636    0.1585    0.0000    0.0000    0.0000    0.0000    0.0000    0.0000    0.5440 
   1.8716 4289.1338   -0.2126    1.1015  179.9063   -0.2911   -0.2856   -0.1467    0.0000    0.0000    0.0000    0.0000    0.0000    0.0000    0.6000 
   1.9141 4289.0913   -0.1626    1.0549  179.9057    0.1362    0.0806    0.0974    0.0000    0.0000    0.0000    0.0000    0.0000    0.0000    0.5600 
   1.9566 4289.0488   -0.2000    1.0821  179.9004    0.3193    0.0806   -0.3908    0.0000    0.0000    0.0000    0.0000    0.0000    0.0000    0.5920 
   1.9991 4289.0063   -0.2202    1.0599  179.8882   -0.1080    0.0195   -0.0246    0.0000    0.0000    0.0000    0.0000    0.0000    0.0000    0.5360 
   2.1667    0.0013    0.0000    0.0000  179.8745    0.4414    0.0806   -0.3298    0.0000    0.0000    0.0000    0.0000    0.0000    0.0000    0.5360 
   2.2092    0.0009    0.0000    0.0000  179.8732   -0.1080    0.0195   -0.0857    0.0000    0.0000    0.0000    0.0000    0.0000    0.0000    0.5920 
   2.2517    0.0009    0.0000    0.0000  179.8706   -0.4131   -0.2246    0.0974    0.0000    0.0000    0.0000    0.0000    0.0000    0.0000    0.5600 
   2.2942    0.0010    0.0000    0.0000  179.8621    0.5024    0.7520   -0.0857    0.0000    0.0000    0.0000    0.0000    0.0000    0.0000    0.5440 
   2.3366    0.0013    0.0000    0.0000  179.8600   -0.2300   -0.4077    0.0364    0.0000    0.0000    0.0000    0.0000    0.0000    0.0000    0.5440 
   2.3791    0.0009    0.0000    0.0000  179.8658    0.5634    0.2637    0.0364    0.0000    0.0000    0.0000    0.0000    0.0000    0.0000    0.5520 
   2.4216    0.0009    0.0000    0.0000  179.8640    0.4414    0.3247   -0.0857    0.0000    0.0000    0.0000    0.0000    0.0000    0.0000    0.6000 
   2.4641    0.0009    0.0000    0.0000  179.8629   -0.2300   -0.2246   -0.1467    0.0000    0.0000    0.0000    0.0000    0.0000    0.0000    0.5680 
   2.5066    0.0013    0.0000    0.0000  179.8563    0.8686    0.8130   -0.2688    0.0000    0.0000    0.0000    0.0000    0.0000    0.0000    0.5840 
   2.5491    0.0009    0.0000    0.0000  179.8546   -0.5962   -0.5298    0.0364    0.0000    0.0000    0.0000    0.0000    0.0000    0.0000    0.5360 
   2.5917    0.0009    0.0000    0.0000  179.8535    0.5634    0.5688   -0.1467    0.0000    0.0000    0.0000    0.0000    0.0000    0.0000    0.5760 
   2.6342    0.0010   -0.0376    0.0445  179.8445   -0.3521   -0.0415   -0.1467   -0.0817   -0.0887   -1.8624   -5.0392    0.0000    0.2200    0.5280 
   2.6767    0.0014   -0.0668    0.1052  179.8498   -0.7183   -0.3467    0.3416   -0.2498    0.1780   -4.4083    3.7125    0.0000    0.5755    0.0000 
   2.7192    0.0010    0.0764    0.0409  179.8454    0.6855    0.5688   -0.1467   -0.1808    0.1802   -6.5079    2.8125    0.0000    0.6946    0.0000 
   2.7617    0.0010   -0.2836    0.1399  179.8423   -1.2066   -0.6519    0.2805   -0.2821    0.1934    0.7116   -0.3085  -10.1448    0.7514    0.0000 
   2.8042    0.0010   -0.0368    0.1237  179.8479    0.9296    0.5688   -0.0246   -0.4512   -0.1240  -11.2937   -4.9367  -23.3894    0.7652    0.0000 
   2.8466    0.0014   -0.0743    0.2013  179.8468   -0.9014   -0.1636   -0.0246   -0.3317   -0.0825   -1.3922   -3.0751  -27.3346    0.7731    0.0000 
   2.8891    0.0010   -0.2357    0.0382  179.8432   -0.1080    0.1416   -0.0857   -0.2832    0.2526   -3.5031    6.0616  -27.6164    0.7720    0.0000 
   2.9316    0.0010    0.1192    0.1446  179.8407    0.1972    0.3247   -0.0857   -0.2712    0.3184   -7.5754    3.5854  -27.6164    0.7720    0.0000 
   2.9741    0.0010   -0.1183    0.0774  179.8407   -0.9014   -0.8350    0.1585   -0.4781    0.3197   -6.9234    5.8423  -27.6164    0.7731    0.0000 
   3.0166    0.0014   -0.0346    0.1215  179.8474    0.8686    0.7520    0.2195   -0.4368    0.0421   -7.9550   -6.1371  -27.6164    0.7720    0.0000 
   3.0591    0.0010    0.0881   -0.0219  179.8530   -0.9014   -0.3467    0.4636   -0.4273   -0.1008   -8.8128   -0.7090  -27.6164    0.7731    0.0000 
   3.1016    0.0010   -0.1459    0.0583  179.8631    0.5634    0.3247   -0.0246   -0.3844   -0.0876   -6.4547   -3.5523  -27.6164    0.7731    0.0000 
   3.1442    0.0010    0.0093    0.0791  179.8598    0.2583    0.0195   -0.1467   -0.4722   -0.2747  -10.8394   -5.5657  -27.6164    0.7720    0.0000 
   3.1867    0.0014   -0.1633    0.1153  179.8648   -0.5352   -0.4077    0.0364   -0.3820    0.0096    1.8125    0.7143  -27.8982    0.7731    0.0000 
   3.2292    0.0010    0.0148    0.1957  179.8600    1.2959    0.4468    0.0974   -0.4031    0.0159   -9.7196   -5.1911  -25.9256    0.7731    0.0000 
   3.2717    0.0010   -0.1152    0.1549  179.8593   -0.5962   -0.1025   -0.0246   -0.3856   -0.1357   -5.1837   -7.6508  -22.5440    0.7720    0.0000 
   3.3142    0.0010   -0.2128    0.0780  179.8590    0.3193    0.3247    0.1585   -0.5041    0.1759   -5.4081    3.4370  -21.1350    0.7708    0.0000 
   3.3567    0.0014    0.0558    0.0987  179.8575    0.3193    0.0195    0.0974   -0.4029    0.0807  -11.2977   -0.4195  -21.1350    0.7696    0.0000 
   3.3991    0.0010   -0.0659    0.0902  179.8571   -0.6573    0.0195   -0.0857   -0.1820   -0.0308    1.4376   -2.9171  -20.5714    0.7696    0.0000 
   3.4416    0.0010   -0.0568    0.1358  179.8597    0.5634    0.4468    0.0364   -0.2831   -0.0467   -3.5413   -7.1478  -17.1898    0.7641    0.0000 
   3.4841    0.0010    0.0226   -0.0214  179.8644   -0.7793   -0.2246    0.2195   -0.4227   -0.0215  -10.0358    0.6772  -17.1898    0.7620    0.0000 
   3.5266    0.0014   -0.0858    0.0570  179.8638    0.6855    0.2026   -0.2688   -0.3709   -0.1797   -5.2347   -6.4907  -13.8082    0.7610    0.0000 
   3.5691    0.0010   -0.0219    0.1107  179.8549    0.1972   -0.0415   -0.0857   -0.1780   -0.0461   -3.4120    2.9890  -13.8082    0.7600    0.0000 
   3.6116    0.0010   -0.0581   -0.0184  179.8533   -0.3521   -0.2246   -0.0857   -0.3650    0.2262   -3.6545    5.2011  -14.0900    0.7590    0.0000 
   3.6542    0.0010   -0.0262    0.1836  179.8513    0.8076    0.5688   -0.0246   -0.4806    0.0374  -12.6829   -1.5080  -13.5264    0.7590    0.0000 
   3.6967    0.0014   -0.0312   -0.0668  179.8432   -0.7183   -0.5908   -0.3298   -0.5951   -0.0590  -11.5248    3.1813  -13.8082    0.7590    0.0000 
   3.7392    0.0010   -0.0101    0.0935  179.8377    0.9296    0.3857    0.0364   -0.4060    0.0414   -4.4410    1.0889  -15.2172    0.7590    0.0000 
   3.7817    0.0010   -0.0726    0.1649  179.8340   -0.7793   -0.5908    0.0364   -0.3779    0.1178   -6.1484   -1.9332  -17.1898    0.7590    0.0000 
   3.8242    0.0010   -0.0902   -0.0342  179.8348    0.6855    0.7520   -0.1467   -0.3373   -0.0269   -3.3839   -2.7149  -19.4442    0.7590    0.0000 
   3.8667    0.0014   -0.0397    0.2998  179.8300   -0.1080    0.0195    0.0364   -0.0276    0.1414    1.7725   -1.5472  -21.6986    0.7600    0.0000 
   3.9091    0.0010   -0.2506   -0.0450  179.8280   -1.1456   -0.6519    0.0364   -0.2193    0.1870    0.8704    5.8483  -17.7534    0.7590    0.0000 
   3.9516    0.0010    0.1433    0.0673  179.8232    1.2348    0.9351   -0.1467   -0.2952    0.1049   -7.2658   -0.0569  -18.3170    0.7580    0.0000 
   3.9941    0.0010   -0.0944    0.0168  179.8215   -1.0235   -0.5908    0.1585   -0.3439    0.1355   -4.9093    0.9295  -16.9080    0.7523    0.0000 
   4.0367    0.0014   -0.1418   -0.0478  179.8274    0.0751    0.3247    0.2805   -0.2340    0.0805   -1.5786    1.1089  -17.1898    0.7364    0.0000 
   4.0792    0.0010    0.0323    0.2757  179.8315    0.0141    0.3247    0.1585   -0.1826    0.1678   -5.2862   -2.8605  -17.4716    0.7312    0.0000 
   4.1217    0.0010   -0.0218    0.0566  179.8379    0.0141   -0.2246   -0.0857   -0.2226   -0.0091   -7.5737    0.4884  -17.4716    0.7385    0.0000 
   4.1642    0.0010   -0.0784    0.0430  179.8363    0.5634    0.4468   -0.1467   -0.2709    0.0534   -2.5798   -0.1026  -19.4442    0.7430    0.0000 
   4.2066    0.0014   -0.0195    0.2519  179.8283   -0.4742   -0.1025   -0.2688   -0.1666    0.2121   -1.9225    0.5132  -20.0078    0.7454    0.0000 
   4.2491    0.0010   -0.1717    0.0496  179.8264    0.0751   -0.1025   -0.0246   -0.3296    0.3504   -5.7937    8.0066  -20.0078    0.7505    0.0000 
   4.2916    0.0010    0.1537    0.0639  179.8300    0.8076    0.5078    0.1585   -0.1490   -0.0347   -3.2325   -5.4783  -20.0078    0.7505    0.0000 
   4.3341    0.0010   -0.2159    0.2545  179.8300   -1.0845   -0.6519   -0.0857   -0.1988    0.3066    1.5199    4.0607  -20.0078    0.7505    0.0000 
   4.3766    0.0014   -0.0904   -0.0891  179.8191    1.2959    0.4468   -0.3298   -0.1478    0.0991   -6.4196    2.4003  -19.7260    0.7505    0.0000 
   4.4191    0.0010    0.1505    0.1456  179.8146   -0.2300    0.0806    0.0364   -0.2395    0.1299   -3.3327   -1.2561  -19.4442    0.7514    0.0000 
   4.4616    0.0010   -0.2826    0.1143  179.8172    0.1972   -0.3467    0.2195   -0.2446    0.3070   -1.7127    2.9425  -19.4442    0.7514    0.0000 
   4.5041    0.0010    0.1825    0.0637  179.8266    1.4179    1.1182    0.2805   -0.2233   -0.0789   -9.8762   -5.8713  -19.7260    0.7505    0.0000 
   4.5466    0.0014   -0.1320    0.2553  179.8316   -1.8169   -1.0791   -0.2077   -0.2038    0.1450    0.4257    0.1475  -19.1624    0.7514    0.0000 
   4.5891    0.0010    0.0019    0.0382  179.8250    1.6010    1.0571   -0.2077   -0.2288   -0.0635   -5.3583   -3.8955  -19.1624    0.7532    0.0000 
   4.6316    0.0010    0.1998    0.1324  179.8176   -0.4742   -0.1025   -0.3298   -0.2117   -0.2286   -5.7629   -3.4721  -19.1624    0.7541    0.0000 
   4.6741    0.0010   -0.3349    0.1218  179.8170   -0.9625   -0.5908    0.0364   -0.1780    0.0696    2.8857   -0.5623  -19.4442    0.7532    0.0000 
   4.7167    0.0014    0.1328    0.1352  179.8141    1.8452    1.3013   -0.0246   -0.1946   -0.1897   -7.8765   -4.2467  -19.4442    0.7541    0.0000 
   4.7592    0.0010   -0.0166    0.0896  179.8212   -2.4883   -1.0791    0.3416   -0.2957   -0.0459   -2.4607    0.7724  -19.4442    0.7541    0.0000 
   4.8017    0.0010   -0.2227    0.1336  179.8246    1.7841    0.7520   -0.0857   -0.1242    0.3571   -1.2790    5.9296  -19.7260    0.7541    0.0000 
   4.8442    0.0010    0.1948    0.0528  179.8414   -0.2300   -0.2246    0.6468   -0.0638    0.1671   -3.5173    0.5673  -24.2348    0.7532    0.0000 
   4.8867    0.0014   -0.2085    0.1031  179.8824   -0.4131   -0.2856    0.9519   -0.0554    0.0116   -0.0674   -4.8179  -24.7984    0.7523    0.0000 
   4.9292    0.0010    0.0509    0.1152  179.9236    1.6010    0.7520    0.8299   -0.2418    0.1751   -6.6561    2.2538  -25.0802    0.7514    0.0000 
   4.9717    0.0010   -0.0053   -0.0448  179.9464   -1.6338   -0.8350    0.2805   -0.4656    0.2614   -7.4749    4.4292  -25.0802    0.7514    0.0000 
   5.0142    0.0010   -0.1387    0.3644  179.9513    0.8686    0.8130    0.0364   -0.3495    0.3088   -4.5369   -4.8443  -25.0802    0.7505    0.0000 
   5.0567    0.0014    0.0712    0.0881  179.9509   -0.4131   -0.3467   -0.1467   -0.4044    0.3028   -9.9668    7.3716  -24.7984    0.7496    0.0000 
   5.0992    0.0010   -0.0594    0.0817  179.9474    0.0751    0.2026   -0.0857   -0.2751    0.2147   -5.5009   -0.1022  -26.7710    0.7400    0.0000 
   5.1417    0.0010   -0.0093   -0.0669  179.9546   -0.4131   -0.2246   -0.0246   -0.6820    0.2770  -13.4015    7.5959  -29.5890    0.7337    0.0000 
   5.1842    0.0010   -0.1378    0.1519  179.9546    0.8686    0.3857   -0.0246   -0.4669    0.1722   -4.8870   -3.1665  -30.9980    0.7312    0.0000 
   5.2267    0.0014    0.1445    0.2759  179.9520    1.0517    0.5688    0.2195   -0.3720    0.1439  -10.4038   -0.3824  -30.9980    0.7312    0.0000 
   5.2691    0.0010   -0.2011   -0.1293  179.9624   -2.9156   -1.5674    0.2805   -0.4712    0.2185   -0.0676    8.3473  -31.5616    0.7344    0.0000 
   5.3116    0.0010   -0.0411    0.2791  179.9598    2.7607    1.9727   -0.0246   -0.3289   -0.0913  -10.7083   -9.3226  -32.9706    0.7415    0.0000 
   5.3541    0.0010    0.0546    0.1912  179.9951   -2.4273   -1.3232    1.1961   -0.1382    0.1577   -3.1861    2.2280  -30.9980    0.7488    0.0000 
   5.3966    0.0014   -0.2777   -0.0262  180.0148    0.2583    0.2026    0.0974    0.2496    0.2946    8.9691    4.4227  -29.3072    0.7541    0.0000 
   5.4391    0.0010    0.2167    0.1647  180.0145    1.9062    1.4233    0.0364   -0.0347    0.0924   -9.3972   -2.4429  -27.8982    0.7600    0.0000 
   5.4816    0.0010   -0.1525   -0.1512  180.0289   -2.8545   -1.7505    0.2805   -0.3768    0.1856   -2.3901    9.5217  -27.3346    0.7663    0.0000 
   5.5241    0.0010    0.0132    0.2055  180.0335    2.6386    1.7895   -0.0857   -0.2766    0.0818   -6.7891   -6.6325  -26.7710    0.7663    0.0000 
   5.5666    0.0014    0.0523    0.0983  180.0341   -2.6714   -1.5063    0.0364   -0.1102    0.1105   -2.8558    1.0629  -26.7710    0.7674    0.0000 
   5.6091    0.0010   -0.2996    0.0562  180.0322    0.4414    0.1416    0.2195   -0.1180    0.0731    0.6794   -1.3989  -26.7710    0.7685    0.0000 
   5.6516    0.0010    0.1130    0.1788  180.0453    1.3569    1.1182    0.0974   -0.0648   -0.0167   -3.6398   -1.3331  -26.7710    0.7674    0.0000 
   5.6941    0.0010   -0.1363    0.1598  180.0436   -2.4883   -1.4453   -0.0246   -0.1841   -0.0341    0.3663   -0.8085  -26.7710    0.7674    0.0000 
   5.7366    0.0014   -0.0879    0.1438  180.0421    1.4790    1.1792    0.0974   -0.2748    0.1395   -4.0935   -0.0032  -26.4892    0.7685    0.0000 
   5.7792    0.0010    0.0508    0.0700  180.0438   -1.0235   -0.6519    0.0364   -0.5520   -0.0636  -12.0549   -2.7013  -26.2074    0.7685    0.0000 
   5.8217    0.0010   -0.2107    0.0286  180.0422    0.8076    0.6909   -0.0246   -0.1264   -0.1433    0.9401   -5.3107  -25.9256    0.7685    0.0000 
   5.8642    0.0010   -0.0999    0.3187  180.0416    0.3193    0.2026   -0.2077   -0.3068    0.3003   -7.8987    3.5048  -24.2348    0.7674    0.0000 
   5.9067    0.0014   -0.0405   -0.1202  180.0356   -0.5962   -0.3467    0.0974   -0.5841    0.2243  -10.7315    4.6931  -23.9530    0.7674    0.0000 
   5.9492    0.0010   -0.0400    0.2138  180.0306    1.7231    1.1182   -0.0246   -0.2482    0.2634   -2.3650   -0.3596  -23.9530    0.7674    0.0000 
   5.9917    0.0010   -0.2083    0.0300  180.0459   -2.1832   -1.3232    0.3416   -0.5668    0.4616   -5.8646   10.0409  -23.9530    0.7674    0.0000 
   6.0342    0.0010    0.1382    0.0297  180.0492    2.1503    1.0571   -0.3908   -0.5327    0.2167  -13.7194    0.2190  -23.1076    0.7674    0.0000 
   6.0767    0.0014    0.0023    0.1816  180.0421   -0.7183   -0.7129    0.1585   -0.1102    0.0829   -1.9692   -1.3475  -23.1076    0.7674    0.0000 
   6.1192    0.0010   -0.2369    0.0410  180.0366   -0.3521   -0.1636   -0.2688   -0.3467    0.1946   -6.9816    2.5240  -22.8258    0.7674    0.0000 
   6.1617    0.0010    0.1243    0.2134  180.0311    1.3569    1.2402   -0.0857   -0.4062    0.2072  -11.9249   -2.4831  -21.1350    0.7674    0.0000 
   6.2042    0.0010   -0.1464    0.0455  180.0326   -1.8169   -1.0791   -0.2077   -0.4082    0.2667   -6.6925    6.9749  -20.2896    0.7685    0.0000 
   6.2467    0.0014   -0.1211    0.1046  180.0308    1.6010    1.3013   -0.0857   -0.3433    0.2847   -5.0925    1.7050  -19.7260    0.7674    0.0000 
   6.2892    0.0010   -0.0318    0.0673  180.0354   -0.2300   -0.0415    0.1585   -0.1897    0.2297   -1.9615    3.8380  -20.0078    0.7674    0.0000 
   6.3316    0.0010   -0.2200    0.0430  180.0352   -0.2300    0.0806    0.0974    0.0921    0.1136    2.6524    0.7437  -19.7260    0.7674    0.0000 
   6.3741    0.0010    0.0995    0.2122  180.0309    0.8686    1.0571   -0.0857   -0.1887    0.2495   -8.1334    1.5375  -19.1624    0.7674    0.0000 
   6.4166    0.0014   -0.2059    0.1054  180.0236   -1.6949   -0.8960   -0.3298   -0.2387    0.1608   -1.5428    2.5778  -18.3170    0.7663    0.0000 
   6.4591    0.0010   -0.0971    0.1611  180.0245    1.5400    1.1792    0.1585   -0.3256    0.2255  -10.9240    0.8489  -18.0352    0.7652    0.0000 
   6.5016    0.0010   -0.0184    0.0793  180.0298   -1.0235   -0.7129    0.2805   -0.3045    0.2487   -4.9227    3.2641  -15.2172    0.7620    0.0000 
   6.5441    0.0010   -0.2710    0.1866  180.0269    0.6855    0.2637   -0.2077   -0.3919    0.4270   -5.3686    2.5328  -10.7084    0.7570    0.0000 
   6.5866    0.0014   -0.0054    0.0544  180.0199    0.5024    0.3247    0.0364   -0.3811    0.1066   -4.9671    3.6600   -9.2994    0.7570    0.0000 
   6.6291    0.0010    0.0343   -0.0984  180.0191   -0.5352   -0.7129   -0.2077   -0.3734   -0.1075   -9.8616   -2.3171   -9.2994    0.7570    0.0000 
   6.6716    0.0010   -0.1252    0.1941  180.0155    1.1127    0.7520    0.0974   -0.1464   -0.0675   -0.4281   -2.9166   -9.5812    0.7570    0.0000 
   6.7141    0.0010   -0.1012    0.0679  180.0275   -1.6338   -0.8350    0.0974   -0.3300   -0.0223   -3.2986   -2.9489   -9.5812    0.7570    0.0000 
   6.7566    0.0014    0.0571    0.0984  180.0318    1.3569    0.5078   -0.0857   -0.3788   -0.2319  -12.6662   -7.0174   -9.5812    0.7570    0.0000 
   6.7991    0.0010   -0.1898    0.0956  180.0269   -1.0235   -0.9570    0.0974   -0.1331    0.2634    0.6028    7.6721   -8.7358    0.7570    0.0000 
   6.8417    0.0010   -0.0385    0.0338  180.0291    0.0751    0.2026    0.0364    0.0400    0.2839   -3.5676    6.5005   -9.0176    0.7560    0.0000 
   6.8842    0.0010    0.0039    0.0643  180.0274   -0.5962   -0.2856    0.1585   -0.4031    0.0930  -10.7792    0.3321   -9.5812    0.7570    0.0000 
   6.9267    0.0014   -0.2858   -0.0141  180.0309   -0.1690   -0.0415    0.0364   -0.1245    0.2311    0.1176    5.1168  -11.5538    0.7570    0.0000 
   6.9692    0.0010   -0.0315    0.0831  180.0210    1.1738    0.5078   -0.5129   -0.0648    0.0521   -4.9849   -1.7042  -11.8356    0.7560    0.0000 
   7.0117    0.0010   -0.1664    0.0070  180.0130   -1.2676   -0.7129    0.0364   -0.2882    0.1964   -4.5024    3.5792  -12.6810    0.7570    0.0000 
   7.0542    0.0010   -0.0962    0.1800  180.0112    0.8076    0.8740    0.2805   -0.1282    0.0373   -4.3757   -1.3710  -12.9628    0.7570    0.0000 
   7.0967    0.0014   -0.1963    0.1629  180.0237   -0.9625   -0.5298    0.3416   -0.1007    0.0688    2.8749    0.9705  -13.5264    0.7570    0.0000 
   7.1392    0.0010   -0.1611    0.0466  180.0271    0.2583    0.2637   -0.0246   -0.0630    0.0668   -3.7523    1.5537  -15.2172    0.7570    0.0000 
   7.1817    0.0010    0.0518    0.2171  180.0189    0.6855    0.3857   -0.1467   -0.1640   -0.0148   -8.2981   -5.6284  -16.3444    0.7570    0.0000 
   7.2242    0.0010    0.0119   -0.0105  180.0099   -0.4131   -0.2246   -0.2688   -0.2904   -0.0933   -5.4189   -0.8152  -16.6262    0.7570    0.0000 
   7.2667    0.0014   -0.0546    0.1425  180.0031    0.0751    0.3857   -0.3908   -0.1998    0.1968   -1.2275    1.5174  -16.9080    0.7570    0.0000 
   7.3092    0.0010    0.0871    0.0276  179.9890   -0.7183   -0.4077   -0.0246   -0.1570   -0.1137   -5.3142   -1.7280  -16.6262    0.7570    0.0000 
   7.3517    0.0010   -0.0753    0.0202  179.9948    0.3193    0.0806    0.0364   -0.1611   -0.1427   -4.0416   -2.1758  -16.6262    0.7570    0.0000 
   7.3941    0.0010   -0.0210    0.2223  179.9986    0.6855    0.2026   -0.1467    0.0443    0.1278   -4.1851   -1.5705  -16.6262    0.7570    0.0000 
   7.4366    0.0014   -0.1266    0.1732  179.9959   -0.5352   -0.2856   -0.3908   -0.4164    0.2856   -6.0517    4.8116  -16.6262    0.7570    0.0000 
   7.4791    0.0010   -0.0811    0.1096  179.9883    0.8076    0.5078   -0.1467   -0.2220    0.1656   -1.5121   -0.6560  -16.9080    0.7570    0.0000 
   7.5216    0.0010   -0.1876    0.0320  179.9861   -0.4742   -0.3467   -0.2688   -0.3832    0.0512   -6.1946   -0.0913  -16.6262    0.7570    0.0000 
   7.5641    0.0010   -0.1577    0.1003  179.9770    0.4414    0.5688    0.1585   -0.2226    0.1653   -1.1820    0.0665  -16.6262    0.7570    0.0000 
   7.6066    0.0014    0.1577    0.2007  179.9801    0.2583   -0.0415   -0.0246   -0.2466    0.1555   -6.0224   -3.6080  -16.9080    0.7570    0.0000 
   7.6491    0.0010   -0.0750   -0.0064  179.9863   -0.1080   -0.2246    0.0974   -0.4927    0.1576  -11.7930    3.4332  -16.6262    0.7570    0.0000 
   7.6916    0.0010    0.0217    0.1097  179.9802    0.5634    0.7520   -0.0857   -0.2706    0.1897   -4.4036    1.3700  -16.6262    0.7570    0.0000 
   7.7341    0.0010   -0.1142    0.0904  179.9748   -0.5352   -0.8350   -0.0857   -0.4201    0.3707   -7.9988    7.2127  -16.9080    0.7570    0.0000 
   7.7766    0.0014   -0.1051    0.0548  179.9725    0.6245    0.6299   -0.0857   -0.3080    0.2221   -7.1255   -0.9359  -16.9080    0.7570    0.0000 
   7.8191    0.0010   -0.1839    0.1447  179.9700   -0.2911    0.0195    0.0974   -0.4476    0.3019   -7.0076    4.7054  -16.9080    0.7570    0.0000 
   7.8616    0.0010   -0.1143    0.0034  179.9732   -0.4131   -0.2856    0.0364   -0.3700    0.4002  -10.1706    5.4603  -16.9080    0.7570    0.0000 
   7.9042    0.0010   -0.1051    0.1192  179.9752    0.2583    0.0806   -0.0246   -0.4745    0.3037   -7.6590    4.2128  -16.9080    0.7570    0.0000 
   7.9467    0.0014   -0.1781    0.0766  179.9761   -0.2300   -0.4688    0.1585   -0.3084    0.0846   -0.3209    2.6255  -16.9080    0.7570    0.0000 
   7.9892    0.0010   -0.0702    0.0282  179.9768    0.8686    0.6909   -0.2077   -0.3580    0.1644   -7.3543    3.3709  -16.6262    0.7570    0.0000 
   8.0316    0.0010   -0.1128    0.2196  179.9765   -0.1690   -0.2856    0.0364   -0.3659    0.3028   -5.6322    6.1947  -16.6262    0.7570    0.0000 
   8.0742    0.0010   -0.1032    0.0155  179.9754   -0.0469    0.2026   -0.1467   -0.2024    0.3107   -3.3241    7.0746  -16.9080    0.7570    0.0000 
   8.1166    0.0014   -0.0897    0.0836  179.9696    0.1362    0.0195    0.2195   -0.2126    0.0893   -1.0176   -2.1242  -16.6262    0.7570    0.0000 
   8.1592    0.0010   -0.0341    0.1036  179.9688   -0.7183   -0.2246   -0.1467   -0.2217    0.2284   -5.0528    2.5414  -16.6262    0.7570    0.0000 
   8.2016    0.0010   -0.0461    0.1217  179.9712    0.3803    0.3857    0.0974   -0.2817   -0.2456   -6.9557   -8.1234  -16.6262    0.7570    0.0000 
   8.2442    0.0010   -0.0609    0.2430  179.9705    0.1362    0.1416   -0.0246   -0.3320    0.2036   -5.2978    1.0656  -16.9080    0.7570    0.0000 
   8.2866    0.0014   -0.0656    0.0469  179.9682    0.2583    0.1416   -0.2077   -0.4158    0.0809  -11.4453    3.0429  -16.9080    0.7570    0.0000 
   8.3292    0.0010   -0.0345    0.0097  179.9647    0.1362    0.0806   -0.0246   -0.2948   -0.1581   -5.3138    1.4428  -16.6262    0.7570    0.0000 
   8.3716    0.0010   -0.0952    0.1794  179.9715   -0.3521   -0.1636    0.1585   -0.4355   -0.0979   -8.0038   -3.0694  -16.9080    0.7570    0.0000 
   8.4142    0.0010    0.0480    0.0582  179.9742    0.3193    0.0806    0.1585   -0.2374    0.2187   -5.0338    4.5991  -16.9080    0.7570    0.0000 
   8.4566    0.0014   -0.1243    0.1325  179.9656    0.3193   -0.1636   -0.3908   -0.3819    0.0598   -6.6007   -1.9036  -16.9080    0.7570    0.0000 
   8.4992    0.0010   -0.0907    0.2484  179.9600   -0.0469   -0.1025    0.0974   -0.5237    0.0597  -12.2580   -4.4880  -16.9080    0.7570    0.0000 
   8.5416    0.0010    0.0674    0.1525  179.9595   -0.2300    0.2026   -0.0246   -0.4871    0.2105  -14.0640   -0.0558  -16.9080    0.7570    0.0000 
   8.5842    0.0010   -0.0920    0.1251  179.9528   -0.4742   -0.0415   -0.1467   -0.3519    0.1328   -5.0167   -2.1417  -16.9080    0.7570    0.0000 
   8.6266    0.0014   -0.0537    0.1835  179.9458    0.3803    0.1416   -0.0246   -0.1520   -0.0388   -5.0889   -4.2440  -16.6262    0.7570    0.0000 
   8.6692    0.0010   -0.1527    0.0830  179.9433    0.1362   -0.2246   -0.0857   -0.0238   -0.0159    2.1454    3.1198  -16.9080    0.7570    0.0000 
   8.7116    0.0010   -0.1174    0.0932  179.9411   -0.1690    0.0806    0.2195   -0.3252    0.1115   -9.1561    2.1275  -16.9080    0.7570    0.0000 
   8.7542    0.0010   -0.0690    0.1161  179.9464   -0.2911    0.0195    0.0974   -0.4024    0.0484   -6.4678   -2.9833  -16.9080    0.7570    0.0000 
   8.7966    0.0014   -0.2117    0.0152  179.9441    0.0141   -0.1636   -0.2688   -0.1401   -0.0070    1.6609    2.6272  -16.9080    0.7570    0.0000 
   8.8392    0.0010   -0.0776    0.0904  179.9423    0.4414    0.3247    0.2195   -0.2244    0.0169   -2.2681    0.4007  -16.9080    0.7570    0.0000 
   8.8816    0.0010   -0.1252    0.0030  179.9484   -0.4131   -0.2246    0.0974   -0.1451    0.1517   -2.7059    3.9122  -16.9080    0.7570    0.0000 
   8.9242    0.0010    0.0435    0.1356  179.9489    0.2583    0.5078    0.0364   -0.4982   -0.0469  -15.6033   -5.8738  -16.9080    0.7570    0.0000 
   8.9667    0.0014   -0.0435    0.1244  179.9487   -0.4742   -0.0415    0.0974   -0.2961    0.0645   -3.4933    0.3575  -16.9080    0.7570    0.0000 
   9.0091    0.0010   -0.0966    0.0666  179.9515   -0.1690   -0.1636   -0.0857   -0.5113    0.3962  -11.4529   12.5471  -16.9080    0.7570    0.0000 
   9.0517    0.0010   -0.0367    0.1166  179.9512    0.3803   -0.0415   -0.1467   -0.2638    0.1264   -3.6789   -1.0286  -16.9080    0.7570    0.0000 
   9.0941    0.0010   -0.0484   -0.0478  179.9402   -0.0469   -0.1636   -0.2688   -0.4797    0.0353  -10.6750    0.4809  -16.6262    0.7570    0.0000 
   9.1367    0.0014   -0.1112    0.0971  179.9314    0.0751    0.2637    0.1585   -0.1982    0.1602   -2.7946    1.1724  -16.9080    0.7570    0.0000 
   9.1791    0.0010   -0.1440    0.0255  179.9362   -0.3521   -0.0415    0.0364   -0.3250    0.1710   -6.8447    2.7868  -16.9080    0.7570    0.0000 
   9.2217    0.0010   -0.0054    0.0539  179.9333    0.5634   -0.1025   -0.0857   -0.2663   -0.1669   -3.6348   -6.4185  -16.9080    0.7570    0.0000 
   9.2641    0.0010   -0.0554    0.1395  179.9351   -0.2911   -0.0415    0.0974   -0.4501   -0.1485   -7.8651   -6.9196  -16.9080    0.7570    0.0000 
   9.3067    0.0014   -0.0424    0.1475  179.9359    0.0141   -0.1636    0.1585   -0.3616   -0.0630   -7.8849    0.1046  -16.9080    0.7570    0.0000 
   9.3491    0.0010   -0.0710    0.1747  179.9311    0.5634    0.1416   -0.3908   -0.2409    0.0997   -5.6470   -2.9733  -16.6262    0.7570    0.0000 
   9.3917    0.0010   -0.0553    0.1944  179.9194    0.0141    0.0806   -0.0857   -0.4925    0.1920  -11.3998    1.8576  -16.9080    0.7570    0.0000 
   9.4341    0.0010   -0.0780    0.1652  179.9172   -0.0469    0.0195   -0.2077   -0.3961   -0.1015   -7.5005   -9.3337  -16.9080    0.7570    0.0000 
   9.4767    0.0014   -0.0214    0.2051  179.9263    0.5024   -0.0415    0.4636   -0.2887   -0.2810   -5.2663   -7.6997  -16.9080    0.7570    0.0000 
   9.5191    0.0010   -0.0278    0.1334  179.9261    0.2583    0.0806   -0.1467   -0.0839   -0.3875   -2.3418  -10.0912  -16.6262    0.7570    0.0000 
   9.5617    0.0010    0.0092    0.0708  179.9187   -0.1080    0.0195   -0.0246   -0.2600    0.0639  -12.4437    1.2148  -16.6262    0.7570    0.0000 
   9.6041    0.0010   -0.0322    0.1351  179.9222   -0.2300    0.0806    0.2195   -0.2471    0.0168   -7.5080   -3.6501  -16.9080    0.7570    0.0000 
   9.6467    0.0014   -0.0019    0.1631  179.9259   -0.1690    0.1416    0.0364   -0.2897   -0.1412   -9.5622   -6.0501  -16.6262    0.7570    0.0000 
   9.6891    0.0010   -0.0309    0.1347  179.9255   -0.1080    0.2026   -0.0246   -0.2892    0.1244   -8.0166    0.6969  -16.9080    0.7570    0.0000 
   9.7317    0.0010   -0.1141    0.0116  179.9216   -0.2911    0.0806   -0.2688   -0.2436   -0.0339   -3.2755   -1.2133  -16.9080    0.7570    0.0000 
   9.7741    0.0010   -0.0190    0.0239  179.9224   -0.0469    0.2637    0.1585   -0.1048   -0.0604   -3.4768    0.4958  -16.6262    0.7570    0.0000 
   9.8167    0.0014   -0.0083    0.0242  179.9252    0.0141    0.0806   -0.0246   -0.1363   -0.0233   -6.0688   -0.8150  -16.9080    0.7570    0.0000 
   9.8591    0.0010   -0.1044    0.0872  179.9221    0.0751    0.2637   -0.2077   -0.4164    0.1127   -9.2774   -2.5913  -16.9080    0.7570    0.0000 
   9.9017    0.0010   -0.0420    0.1099  179.9090    0.0751   -0.0415   -0.2688   -0.4857   -0.2138  -13.4801   -8.0637  -16.9080    0.7570    0.0000 
   9.9441    0.0010   -0.0871   -0.0131  179.9008    0.0141    0.2637   -0.1467   -0.3627   -0.3681   -7.3414   -4.7351  -16.9080    0.7570    0.0000 
   9.9867    0.0014   -0.1081    0.1013  179.9037    0.1362    0.1416    0.0974   -0.2291    0.0288   -3.5194    4.0637  -16.6262    0.7570    0.0000 
  10.0292    0.0010   -0.0461    0.1041  179.9090    0.1362    0.2026   -0.0857   -0.3350   -0.0061   -8.2320    1.9380  -16.9080    0.7570    0.0000 
  10.0716    0.0010   -0.0765    0.0603  179.9117   -0.3521   -0.0415   -0.1467   -0.3213   -0.0049   -3.4539    1.5236  -16.9080    0.7570    0.0000 
  10.1142    0.0010   -0.0331    0.1506  179.9057    0.0751    0.2026    0.0364   -0.4204   -0.0215  -11.2619   -5.7627  -16.6262    0.7570    0.0000 
  10.1566    0.0014   -0.0525    0.0312  179.9105   -0.3521   -0.2246   -0.0246   -0.4051    0.3753   -9.1260    9.3180  -16.9080    0.7570    0.0000 
  10.1992    0.0010   -0.1633    0.1308  179.9200    0.1362    0.0195   -0.0246   -0.2841    0.4291   -2.3015    1.5696  -16.9080    0.7570    0.0000 
  10.2416    0.0010   -0.1697    0.1746  179.9156    0.1972    0.0195   -0.1467   -0.3192    0.3703   -6.6460    2.2687  -16.6262    0.7570    0.0000 
  10.2842    0.0010   -0.1177    0.2286  179.9064   -0.5962   -0.1025   -0.0246   -0.3841    0.2155   -8.0949   -4.4674  -16.6262    0.7570    0.0000 
  10.3266    0.0014   -0.0719    0.1284  179.9129   -0.0469    0.1416    0.0364   -0.3175    0.0339   -5.0485   -2.8501  -16.9080    0.7570    0.0000 
  10.3692    0.0010   -0.0783    0.1106  179.9107   -0.7793   -0.2246   -0.0857   -0.3884    0.1846   -8.0011    2.1931  -16.6262    0.7570    0.0000 
  10.4116    0.0010   -0.1089    0.1211  179.9092    0.0141    0.1416   -0.1467   -0.4188    0.1240   -8.4715   -2.0808  -16.9080    0.7570    0.0000 
  10.4542    0.0010   -0.0542    0.1645  179.9048   -0.1690   -0.0415   -0.1467   -0.2521    0.0717   -4.6777   -0.6461  -16.6262    0.7570    0.0000 
  10.4966    0.0014   -0.1488    0.0532  179.9067   -0.2911    0.1416    0.0364   -0.6594    0.0927  -15.2030    1.9404  -16.9080    0.7570    0.0000 
  10.5392    0.0010    0.0224   -0.0038  179.9047    0.3803    0.0806    0.2195   -0.4982    0.1709  -14.2105    7.3754  -16.6262    0.7570    0.0000 
  10.5816    0.0010   -0.1822    0.1085  179.9084   -0.4742   -0.0415   -0.0857   -0.3718    0.0509   -4.1666   -1.6174  -16.6262    0.7570    0.0000 
  10.6242    0.0010   -0.0569    0.0013  179.9073    0.3193    0.2637    0.0974   -0.4227    0.0565  -10.5308    0.3342  -16.9080    0.7570    0.0000 
  10.6666    0.0014   -0.0350    0.1025  179.9090   -0.4742   -0.1636    0.2195   -0.2385    0.0561   -6.5373    0.5421  -16.6262    0.7570    0.0000 
  10.7092    0.0010   -0.0721    0.0324  179.9182   -0.4742   -0.2246    0.0974   -0.3841    0.1858   -9.4346    1.2421  -16.6262    0.7570    0.0000 
  10.7516    0.0010   -0.1050    0.0976  179.9098   -0.2300    0.0195   -0.1467   -0.3206    0.1625   -6.4665    3.7901  -16.9080    0.7570    0.0000 
  10.7942    0.0010   -0.0400    0.1965  179.9006   -0.1690    0.2026   -0.0857   -0.5370    0.1597  -14.6288   -3.2775  -16.9080    0.7570    0.0000 
  10.8366    0.0014   -0.1894    0.1432  179.8938    0.0751   -0.1025   -0.2688   -0.3769   -0.0245   -6.3648   -4.0972  -16.6262    0.7570    0.0000 
  10.8792    0.0010   -0.0981    0.1365  179.8957   -0.2300    0.1416    0.0974   -0.2472    0.0425   -3.4983   -0.8559  -16.9080    0.7570    0.0000 
  10.9216    0.0010   -0.0615   -0.0039  179.8953   -0.2911   -0.2246   -0.0857   -0.2868    0.1562   -9.5886    4.4396  -16.6262    0.7570    0.0000 
  10.9642    0.0010   -0.0384   -0.0004  179.9620   22.7192    7.7710    4.3089   -0.3325   -0.1600   -8.0518   -4.1771  -16.9080    0.7570    0.0000 
  11.0066    0.0014    1.8121    0.2158  180.3132   65.5048   12.2266    2.7830   -0.3637   -0.0143  -51.8421   -3.8385  -16.9080    0.7570    0.0000 
  11.0492    0.0010    3.4804    0.3545  180.4930  -27.8790   -9.1968    7.1165   -0.4112   -0.0145  -64.6414   -2.1545  -16.9080    0.7570    0.0000 
  11.0917    0.0010    0.6643    0.2498  180.8143  -88.0596   -8.4033    9.3748   -0.1889   -0.1293    5.7476   -8.5390  -16.6262    0.7570    0.0000 
  11.1341    0.0010   -0.1049    0.0283  181.1457   29.6772    3.7427    9.4358   -0.1229   -0.1213   -9.4978    0.8528  -16.6262    0.7570    0.0000 
  11.1767    0.0014    0.2837    0.4839  181.4095  -26.1089   -5.1685    3.3323   -0.0675   -0.1833   -5.1410  -14.5612  -16.9080    0.7570    0.0000 
  11.2191    0.0010   -0.1717    0.0806  181.4633    6.7890   11.0669    0.5857   -0.2478   -0.1934   -9.2407   -3.3833  -16.9080    0.7570    0.0000 
  11.2617    0.0010    0.3160    0.5633  181.5094   -2.1832    3.2544    1.3181   -0.2053   -0.0994  -12.2302  -14.1855  -16.9080    0.7570    0.0000 
  11.3041    0.0010    0.4297    0.5227  181.6448   -0.6573    0.0806    3.5154   -0.3513   -0.0004  -17.2975   -7.0806  -16.9080    0.7570    0.0000 
  11.3467    0.0014   -0.0031    0.2393  181.6968    4.1035   -0.5298    0.5857   -0.2327    0.1014   -9.5192    1.7779  -16.9080    0.7570    0.0000 
  11.3891    0.0010    0.0250    0.2731  181.7435    4.0424    1.4844    1.1961   -0.3535    0.0326   -9.2944   -6.2965  -16.9080    0.7570    0.0000 
  11.4317    0.0010    0.4313    0.3017  181.9073   43.7763   -1.0181    7.2385   -0.3639    0.3728  -22.5750    3.9000  -16.6262    0.7570    0.0000 
  11.4741    0.0010    2.6623    0.2394  182.3647   35.4145   -1.0181   19.8728   -0.4503    0.1991  -64.2696   -2.0465  -16.6262    0.7570    0.0000 
  11.5167    0.0014    3.5208    0.2070  184.1862    6.7280   -1.9336   58.5081   -0.2532    0.0281  -64.7638   -4.8338  -16.6262    0.7570    0.0000 
  11.5591    0.0010    3.5006    0.7184  186.5140    2.0893   -1.7505   36.0471   -0.1971   -0.0455  -63.2606  -14.5338  -16.6262    0.7570    0.0000 
  11.6017    0.0010    3.3175    0.7673  187.0359    1.2959   -0.7129    2.8440   -0.5127    0.1796  -66.7085   -7.9168  -16.6262    0.7570    0.0000 
  11.6441    0.0010    2.8088    0.7171  187.0107   -5.6622    0.1416   -4.6633   -0.4957   -0.0242  -51.7186  -13.4652  -16.9080    0.7570    0.0000 
  11.6867    0.0014    2.6534    0.8485  185.6223   -7.4932   -0.0415  -40.8572   -0.2788   -0.0272  -50.6355  -15.1993  -16.6262    0.7570    0.0000 
  11.7291    0.0010    2.6449    0.7628  184.0919  -25.0713   -5.6567  -26.6360   -0.2962    0.2981  -47.9364   -8.4761  -16.6262    0.7570    0.0000 
  11.7717    0.0010    1.7640    0.1615  183.1303  -10.3619   -0.8960  -17.4807   -0.3368    0.0363  -33.1528   -3.0380  -16.6262    0.7570    0.0000 
  11.8141    0.0010    1.5701    0.2790  181.6663   -3.8921    5.3906  -44.9465   -0.4520    0.2119  -38.6143    0.4675  -16.9080    0.7570    0.0000 
  11.8567    0.0014    1.0099    0.5767  180.1176  -34.4097   -9.5020  -30.2370   -0.3278   -0.1552  -24.1501  -13.8927  -16.6262    0.7570    0.0000 
  11.8991    0.0010    0.1554   -0.0370  179.1396  -12.0708   -3.2153  -24.5608   -0.2016   -0.0811  -12.4404   -1.6300  -16.6262    0.7570    0.0000 
  11.9417    0.0010   -0.0252   -0.0727  178.0944  -12.1319    7.9541  -31.7629   -0.1617   -0.0609  -11.2837   -1.0691  -16.9080    0.7570    0.0000 
  11.9841    0.0010   -0.5958   -0.1979  175.9009   -8.0425   -4.6191  -55.7497   -0.1122   -0.0965   -3.2859   -1.1215  -16.9080    0.7570    0.0000 
  12.0267    0.0014   -1.5144    0.1344  174.6016  -45.5791    0.3857   -9.9123   -0.4770   -0.0554   13.4650   -5.9966  -16.9080    0.7570    0.0000 
  12.0691    0.0010   -3.1453   -0.7429  174.0810  -25.9869  -10.1733  -13.0862   -0.3708    0.1195   42.5420   19.9313  -16.6262    0.7570    0.0000 
  12.1117    0.0010   -4.2989   -1.2147  172.9403  -30.1373    1.7895  -44.3362   -0.2715   -0.1479   57.9391   12.1374  -16.9080    0.7570    0.0000 
  12.1542    0.0010   -5.2593   -0.6620  171.8443  -22.0196    4.1699   -5.2737   -0.4879    0.0634   67.4574    8.9018  -16.9080    0.7570    0.0000 
  12.1966    0.0014   -5.1802   -0.5033  171.5738   -1.9390    1.1792  -10.3396   -0.3730    0.1455   62.7782   12.6953  -16.9080    0.7570    0.0000 
  12.2392    0.0010   -4.9698   -0.4632  171.1357    2.8217    1.1792  -12.9031   -0.3662   -0.1319   60.8429   -1.1987  -16.9080    0.7570    0.0000 
  12.2816    0.0010   -4.4893    0.3332  170.6028   -7.7984   12.9590   -7.8982   -0.3137   -0.1501   55.5195  -12.2093  -16.6262    0.7570    0.0000 
  12.3242    0.0010   -5.0900    0.0882  170.4928  -12.3150   -4.5581    1.0740   -0.2051    0.0383   74.3165    1.9491  -16.9080    0.7570    0.0000 
  12.3666    0.0014   -5.4789    0.5630  170.4123   -7.6153    7.7710    0.5857   -0.3835    0.0090   73.0936  -13.2764  -16.9080    0.7570    0.0000 
  12.4092    0.0010   -4.8655    0.5658  170.7206   12.9536  -11.8823   17.4925   -0.1576    0.0289   64.8533   -8.7366  -16.6262    0.7570    0.0000 
  12.4516    0.0010   -3.3088   -0.4224  171.5242   70.3876  -18.5352   -0.0246   -0.4628   -0.0183   24.0579   11.7820  -16.9080    0.7570    0.0000 
  12.4942    0.0010    0.6584    0.5497  170.9483  119.8261   41.3403  -20.9597   -0.3561   -0.1656  -43.5042  -17.9473  -16.9080    0.7570    0.0000 
  12.5366    0.0014    6.4006    2.0733  169.8997  161.4521   40.1196  -35.6081   -0.2395   -0.0158 -136.7958  -40.4797  -16.9080    0.7570    0.0000 
  12.5792    0.0010   13.7220    4.0696  168.2644  186.7206   72.7124  -64.7219   -0.3843    0.1183 -256.3821  -73.9494  -16.6262    0.7570    0.0000 
  12.6216    0.0010   22.8987    7.7614  166.5326  243.4833  101.4600  -70.9475   -0.5078   -0.1135 -413.5709 -137.1555  -16.9080    0.7570    0.0000 
  12.6642    0.0010   33.4733    9.1625  165.2507  243.7275   12.7759  -57.0925   -0.3690    0.1710 -568.8559 -139.2758  -16.9080    0.7570    0.0000 
  12.7066    0.0014   42.5779    9.3955  165.6389  204.2988   -1.8726  -25.8425   -0.3197    0.2647 -701.0549 -140.0526  -16.9080    0.7570    0.0000 
  12.7492    0.0010   50.2841    9.0723  164.6666  201.0639    1.9116  -86.6946   -0.1244    0.1039 -819.2636 -128.8090  -16.6262    0.7570    0.0000 
  12.7916    0.0010   57.8136    5.7282  161.1118  113.1733  -14.2627  -37.6223   -0.5114   -0.0348 -927.7976  -77.6300  -16.6262    0.7570    0.0000 
  12.8342    0.0010   61.7144    4.2675  159.4583  102.4311   18.2690  -38.9651   -0.3552    0.0670 -979.3126  -57.7031  -16.6262    0.7570    0.0000 
  12.8766    0.0014   65.6905    2.1012  155.7426   90.8955   21.1377  -43.3596   -0.5332    0.1204 -1047.8519  -22.9149  -16.6262    0.7570    0.0000 
  12.9192    0.0010   68.4084   -0.4155  152.5581   64.7114    7.4048  -28.0398   -0.4075    0.0366 -1082.1548   15.1904  -16.6262    0.7570    0.0000 
  12.9616    0.0010   71.3735   -2.5834  149.2527   72.8901   26.0815  -24.1335   -0.3455    0.0699 -1136.3226   43.8100  -16.6262    0.7570    0.0000 
  13.0042    0.0010   72.2303   -2.7553  148.2881   -3.0376   13.6914    2.1116   -0.4244    0.2204 -1141.6456   33.8117  -16.6262    0.7570    0.0000 
  13.0466    0.0014   70.5142   -1.0048  149.3499  -58.8238   17.8418    8.4593   -0.2844    0.1034 -1107.0365    2.3071  -16.9080    0.7570    0.0000 
  13.0892    0.0010   64.8752    1.5358  151.0857 -187.1807   20.7104   23.9011   -0.3860   -0.1481 -1004.8653  -46.7955  -16.9080    0.7570    0.0000 
  13.1316    0.0010   54.7059    3.5046  152.4497 -264.7564   27.6074   32.8733   -0.2668    0.0247 -834.1546  -64.9283  -16.6262    0.7570    0.0000 
  13.1742    0.0010   42.4700    6.1328  152.9319 -288.9874   61.1157   34.5213   -0.2888   -0.0406 -653.7375 -111.5532  -16.6262    0.7570    0.0000 
  13.2167    0.0014   28.4055    6.6096  152.6808 -366.3799  -14.1406   58.4470   -0.3076    0.3232 -428.2800  -96.3916  -16.6262    0.7570    0.0000 
  13.2591    0.0010   14.1678    5.4208  153.1091 -316.6363  -47.4048   36.7796   -0.2304    0.0068 -226.2485  -80.1647  -16.9080    0.7570    0.0000 
  13.3017    0.0010    1.5459    2.8899  153.3183 -297.6544  -80.2417   34.8875   -0.3525    0.0305  -44.6264  -34.3967  -16.6262    0.7570    0.0000 
  13.3441    0.0010  -10.4193   -1.1962  154.4094 -292.4053 -103.9844   33.9109   -0.2282    0.3063  139.2947   42.9144  -16.6262    0.7570    0.0000 
  13.3867    0.0014  -22.9695   -7.0229  156.9379 -317.3076 -124.6143   56.3108   -0.1629    0.2039  331.3150  131.8331  -16.6262    0.7570    0.0000 
  13.4291    0.0010  -34.4019  -13.4019  162.3737 -277.0855  -78.7158   67.1140   -0.5609    0.0971  484.7101  232.2360  -16.9080    0.7570    0.0000 
  13.4717    0.0010  -41.9141  -19.5349  167.9685 -117.0513  -32.6343   37.3899   -0.2162    0.3281  579.8366  318.4282  -16.6262    0.7570    0.0000 
  13.5141    0.0010  -45.5451  -23.2333  172.1873 -121.8731  -24.7607   35.1926   -0.4988    0.3304  629.7303  372.1304  -16.9080    0.7570    0.0000 
  13.5567    0.0014  -48.0937  -25.6737  175.2964  -43.9922    8.0151   13.4641   -0.3874    0.0993  657.8101  388.8740  -16.6262    0.7570    0.0000 
  13.5991    0.0010  -48.6237  -25.8731  176.1724   -8.3477    6.3672    0.5857   -0.2824    0.0956  663.9926  392.3364  -16.6262    0.7570    0.0000 
  13.6417    0.0010  -47.8679  -24.7573  175.4503   31.0200   12.6538   -2.5271   -0.3549    0.0842  649.2029  370.8727  -16.9080    0.7570    0.0000 
  13.6841    0.0010  -44.6083  -21.3029  173.0488  121.8403   65.8154  -13.3913   -0.2799    0.3330  589.1691  307.0966  -16.9080    0.7570    0.0000 
  13.7267    0.0014  -38.0498  -14.3997  168.0171  188.3076   80.8301  -69.6657   -0.4179    0.1492  476.4950  188.5012  -16.6262    0.7570    0.0000 
  13.7691    0.0010  -28.2458   -7.3581  161.0020  321.7304   71.3086 -112.1462   -0.4350    0.1551  307.6708   88.7899  -16.9080    0.7570    0.0000 
  13.8117    0.0010  -12.0240   -0.5396  153.8847  425.4902  116.5967 -153.7722   -0.3913    0.1908   37.7238  -12.9235  -16.9080    0.7570    0.0000 
  13.8541    0.0010    7.4818    2.6259  148.5443  438.4297   21.8701 -121.6677   -0.2456    0.0885 -263.6463  -34.5845  -16.9080    0.7570    0.0000 
  13.8967    0.0014   25.3151    3.7370  145.7590  400.1606   50.5566  -81.8728   -0.4456    0.0670 -520.8751  -55.0051  -16.6262    0.7570    0.0000 
  13.9391    0.0010   41.0991    2.3600  143.3643  319.0449  -38.4937  -52.6369   -0.2478    0.0719 -743.0789   -5.9111  -16.9080    0.7570    0.0000 
  13.9817    0.0010   52.7397    0.9857  142.3839  271.3764   17.3535  -19.5559   -0.3035    0.1380 -908.5890   -0.8533  -16.9080    0.7570    0.0000 
  14.0241    0.0010   63.2772    1.4292  141.0668  227.6752   38.2886  -32.5564   -0.3790    0.1558 -1062.8887  -12.2304  -16.9080    0.7570    0.0000 
  14.0667    0.0014   70.7432   -0.7169  138.2597  143.8129  -14.8730  -22.0583   -0.5908    0.2122 -1164.1239   39.9864  -16.9080    0.7570    0.0000 
  14.1091    0.0010   75.5321   -2.2089  137.7668  110.1826  -16.4600   -3.5647   -0.3354    0.0596 -1233.8929   49.0298  -16.6262    0.7570    0.0000 
  14.1517    0.0010   78.9811   -3.6774  136.5234   59.3403    4.9023   -2.8933   -0.1860    0.2421 -1280.6808   77.1367  -16.9080    0.7570    0.0000 
  14.1941    0.0010   80.4776   -3.0089  136.4380   24.6723   26.0205    3.8206   -0.1577    0.0491 -1300.5120   47.3483  -16.9080    0.7570    0.0000 
  14.2367    0.0014   80.0493    1.2639  139.7242  -24.4000   21.8091   16.8211   -0.4659    0.0923 -1293.0803  -37.5399  -16.9080    0.7570    0.0000 
  14.2792    0.0010   77.0702    4.6764  142.5010 -104.9664    7.5269   20.2390   -0.4715    0.0294 -1239.7766  -71.9259  -16.6262    0.7570    0.0000 
  14.3216    0.0010   69.7372    6.1700  143.8874 -209.5806    8.8696   34.0940   -0.2225   -0.0270 -1105.8613  -94.8754  -16.9080    0.7570    0.0000 
  14.3642    0.0010   57.6641    8.4539  145.2398 -314.7442   30.4761   69.1892   -0.3408   -0.1336 -908.4911 -135.5535  -16.9080    0.7570    0.0000 
  14.4066    0.0014   42.4552    9.1566  146.3530 -337.2661  -29.6436   78.1004   -0.1974   -0.2610 -675.1545 -136.2246  -16.9080    0.7570    0.0000 
  14.4492    0.0010   29.2867    9.3292  147.9719 -283.9825  -18.8403   87.1946   -0.2647    0.1089 -496.6958 -129.0234  -16.6262    0.7570    0.0000 
  14.4916    0.0010   15.2277    7.5758  149.1387 -350.9380  -76.4575   77.4290   -0.3648    0.1076 -276.1396  -90.1542  -16.9080    0.7570    0.0000 
  14.5342    0.0010   -0.7084    4.1934  149.9783 -362.0464  -84.0259   50.7566   -0.4803    0.0510  -36.8635  -37.6541  -16.9080    0.7570    0.0000 
  14.5766    0.0014  -14.2368    0.3811  151.7414 -294.6026  -78.1665   74.5603   -0.3449   -0.0490  155.1038   17.8383  -16.9080    0.7570    0.0000 
  14.6192    0.0010  -25.8879   -4.2073  155.4403 -283.9825  -85.8569   78.7718   -0.2868    0.0447  323.2767   99.0422  -16.9080    0.7570    0.0000 
  14.6616    0.0010  -35.9746   -9.0411  159.9161 -220.5059  -27.2632   58.0198   -0.2965    0.1403  462.6476  162.2909  -16.9080    0.7570    0.0000 
  14.7042    0.0010  -43.4985  -12.1173  164.9676 -178.2085   -0.7739   59.3626   -0.3876    0.1731  567.7381  210.0933  -16.9080    0.7570    0.0000 
  14.7466    0.0014  -48.8138  -15.7803  169.7448 -123.1548    2.4609   41.8455   -0.3630    0.1221  639.0751  262.4655  -16.9080    0.7570    0.0000 
  14.7892    0.0010  -51.7379  -17.7588  172.6581  -63.7066    5.3906    7.6658   -0.4041   -0.1270  673.6781  278.3719  -16.9080    0.7570    0.0000 
  14.8316    0.0010  -53.7433  -18.4596  174.2805  -62.1807   19.4897   15.5393   -0.3843    0.2277  708.7794  293.8773  -16.9080    0.7570    0.0000 
  14.8742    0.0010  -55.2438  -18.5152  175.7735  -27.0245   24.9219   -0.3298   -0.4111    0.1456  735.1656  288.1862  -16.6262    0.7570    0.0000 
  14.9166    0.0014  -55.6247  -17.4701  175.6058   -9.5074   12.8369   -3.3816   -0.5355   -0.0344  736.2333  269.6800  -16.6262    0.7570    0.0000 
  14.9592    0.0010  -55.4967  -16.8242  175.4151    4.4086    7.2827    1.8064   -0.3635    0.0449  740.5847  265.2559  -16.9080    0.7570    0.0000 
  15.0016    0.0010  -53.6407  -15.3421  174.0670   70.0825   10.7007  -19.5559   -0.0893    0.2059  709.7392  240.3686  -16.9080    0.7570    0.0000 
  15.0442    0.0010  -49.8886  -11.4199  170.2117  103.3466   20.5273  -41.4675   -0.2389    0.0508  648.7475  167.4138  -16.9080    0.7570    0.0000 
  15.0866    0.0014  -44.5761   -7.1613  166.3266  146.2543   39.5093  -39.9416   -0.4276    0.0287  555.9464  104.8432  -16.6262    0.7570    0.0000 
  15.1292    0.0010  -35.1258   -3.4037  163.0231  281.0810   38.8989  -63.6233   -0.4728    0.1902  393.4104   53.4341  -16.9080    0.7570    0.0000 
  15.1716    0.0010  -22.3577    0.8472  158.0239  297.0112   53.6694 -141.6872   -0.3211   -0.1572  199.0849  -21.2929  -16.9080    0.7570    0.0000 
  15.2142    0.0010   -8.8777    5.0898  152.9117  326.7353   78.5107 -121.1794   -0.5119    0.2725  -16.5484  -72.2533  -16.6262    0.7570    0.0000 
  15.2566    0.0014    5.5155    7.2683  150.9694  297.6215   10.7617  -68.6282   -0.2617    0.0155 -219.7502  -92.3806  -16.9080    0.7570    0.0000 
  15.2992    0.0010   18.9739    8.4396  149.6187  316.6645   44.5752  -91.1501   -0.3649    0.1764 -432.1482 -109.2392  -16.9080    0.7570    0.0000 
  15.3417    0.0010   31.7953    8.6123  148.3345  263.8081  -11.8823  -58.3132   -0.4746   -0.0153 -612.8322 -110.3832  -16.6262    0.7570    0.0000 
  15.3841    0.0010   40.5252    8.0766  148.1530  177.0161   -0.2246  -25.5373   -0.3144    0.0289 -722.6017 -104.5851  -16.9080    0.7570    0.0000 
  15.4267    0.0014   47.2300    8.5230  147.6522  158.5224   27.3022  -46.4724   -0.4589   -0.1478 -825.4980 -116.1575  -16.6262    0.7570    0.0000 
  15.4691    0.0010   53.3385    8.6281  146.7719  134.9018    5.1465  -28.0398   -0.3755   -0.0474 -916.8488 -114.6953  -16.9080    0.7570    0.0000 
  15.5117    0.0010   57.7131    8.4305  146.5312   83.8764   -6.0840  -22.1804   -0.3962   -0.1992 -974.1947 -116.8595  -16.9080    0.7570    0.0000 
  15.5541    0.0010   60.0034    7.2905  145.8667   41.7622  -18.7793  -12.2927   -0.3076    0.1165 -1005.8587  -86.0717  -16.9080    0.7570    0.0000 
  15.5967    0.0014   61.1683    6.3071  145.6764   25.3437  -19.2065   -2.8323   -0.5170    0.0317 -1028.1847  -78.3016  -16.9080    0.7570    0.0000 
  15.6391    0.0010   60.5076    6.4783  146.3148  -36.0577    2.3389   14.6848   -0.2760   -0.1155 -1000.9185  -90.6290  -16.6262    0.7570    0.0000 
  15.6817    0.0010   57.9712    8.0052  147.3591  -56.9317   19.6728   24.4505   -0.3331    0.0002 -968.4839 -116.1284  -16.6262    0.7570    0.0000 
  15.7241    0.0010   53.5713    9.8349  148.5971 -128.4039   19.5508   37.9392   -0.3388    0.1633 -891.9034 -144.8638  -16.6262    0.7570    0.0000 
  15.7667    0.0014   45.6715   10.7247  148.7261 -197.6177   15.5835   35.7420   -0.3129    0.0139 -761.7274 -152.0058  -16.6262    0.7570    0.0000 
  15.8091    0.0010   35.5754   10.8853  148.3285 -247.7276    8.3813   46.2400   -0.2592    0.0484 -597.3871 -153.3262  -16.9080    0.7570    0.0000 
  15.8517    0.0010   24.0296   10.2634  148.9126 -263.5967  -37.4561   82.3728   -0.3930    0.0973 -427.9789 -141.8834  -16.9080    0.7570    0.0000 
  15.8941    0.0010   12.4053    9.4178  150.6346 -266.8926  -44.2920   91.8333   -0.4130    0.0688 -252.4229 -124.3241  -16.9080    0.7570    0.0000 
  15.9367    0.0014    0.9304    7.2985  152.0636 -233.9336  -57.7808   46.4842   -0.4233    0.1966  -88.2742  -83.1224  -16.9080    0.7570    0.0000 
  15.9791    0.0010   -8.3949    4.5991  152.4020 -211.1675  -61.2598   41.0520   -0.2928   -0.0188   41.0256  -50.9702  -16.9080    0.7560    0.0000 
  16.0217    0.0010  -16.6087    2.3785  153.8437 -184.4952  -40.9351   50.1463   -0.2100   -0.0662  162.3313  -21.9672  -16.9080    0.7570    0.0000 
  16.0641    0.0010  -22.3466    0.4046  155.4663  -97.8252  -26.1646   33.0564   -0.2331    0.1750  233.5957   14.1427  -16.6262    0.7570    0.0000 
  16.1066    0.0014  -23.5966   -0.2607  156.1975   -3.6480   -2.4219    4.7361   -0.3574    0.1465  230.0016   12.7180  -16.6262    0.7570    0.0000 
  16.1492    0.0010  -22.0939    0.1060  156.0352   39.8090   10.9448   -7.5930   -0.3533    0.2367  198.0621    1.8701  -16.9080    0.7570    0.0000 
  16.1917    0.0010  -20.1602    0.4013  155.5110   31.3251    1.2402  -16.1379   -0.5104    0.2999  168.2206    5.6518  -16.6262    0.7570    0.0000 
  16.2341    0.0010  -18.2091    1.1032  154.6431   39.5649   11.3721  -21.0818   -0.5782    0.0292  140.5524  -16.1175  -16.9080    0.7570    0.0000 
  16.2767    0.0014  -16.0030    1.9756  153.8055   36.6352   10.9448  -19.5559   -0.4904    0.0786  108.5435  -25.9223  -16.9080    0.7570    0.0000 
  16.3192    0.0010  -14.2629    2.6450  153.0581   24.9165    5.1465  -15.0393   -0.3002   -0.0926   89.7607  -41.5356  -16.9080    0.7570    0.0000 
  16.3617    0.0010  -12.8643    3.2582  152.5472   19.0571    7.2217  -10.5227   -0.6380    0.0940   65.6001  -47.8058  -16.9080    0.7570    0.0000 
  16.4042    0.0010  -11.5779    3.8646  152.1081   22.7802    7.5269   -9.9734   -0.4322    0.1955   48.5218  -53.3815  -16.9080    0.7570    0.0000 
  16.4466    0.0014  -10.1762    4.3187  151.9251   26.2592    5.8789   -4.6023   -0.2465   -0.0425   34.3762  -63.7083  -16.9080    0.7570    0.0000 
  16.4891    0.0010   -9.3824    4.2936  151.6714   18.0195    3.5596  -10.1565   -0.4527    0.1170   18.4821  -60.5329  -16.9080    0.7570    0.0000 
  16.5317    0.0010   -8.0228    4.4179  151.5732   23.0244   -4.7412    2.2947   -0.3925   -0.0556   -0.1416  -61.2992  -16.6262    0.7570    0.0000 
  16.5742    0.0010   -6.7911    4.5327  151.8244   26.6254   -2.1167    3.9427   -0.3609   -0.0215  -11.2595  -65.5528  -16.9080    0.7570    0.0000 
  16.6166    0.0014   -6.1193    4.2289  152.0883   29.4331   -7.2437    4.2478   -0.4186    0.0807  -25.8437  -56.4267  -16.9080    0.7570    0.0000 
  16.6591    0.0010   -5.0477    3.6451  152.3333   48.8422  -13.2861   -0.6960   -0.4729    0.2422  -44.1920  -40.9149  -16.9080    0.7570    0.0000 
  16.7017    0.0010   -2.6067    2.6579  152.4715   70.3266  -29.3384   -2.4050   -0.2827   -0.0002  -84.2309  -33.5966  -16.9080    0.7570    0.0000 
  16.7442    0.0010   -0.0859    1.5094  152.3302   61.4765  -32.0239   -9.9123   -0.0695   -0.1201 -113.1332  -14.1889  -16.6262    0.7570    0.0000 
  16.7866    0.0014    1.5316   -1.2905  151.5210   29.9824  -81.5234  -19.0676   -0.3396    0.2303 -140.1023   47.4253  -16.9080    0.7570    0.0000 
  16.8291    0.0010    3.1351   -5.8832  151.6037   38.1611 -114.9097   16.0276   -0.2609    0.0609 -163.6069  118.9559  -16.6262    0.7570    0.0000 
  16.8717    0.0010    5.4657  -10.6413  152.3453   51.4667 -107.6465   20.4221   -0.2393    0.1357 -197.7660  189.0691  -16.9080    0.7570    0.0000 
  16.9142    0.0010    6.9918  -15.3309  152.6634   32.2407 -110.8813   18.2249   -0.4404    0.1286 -224.9133  263.8688  -16.9080    0.7570    0.0000 
  16.9566    0.0014    8.2411  -20.6253  152.7206   26.1372 -125.4688    8.8865   -0.5549   -0.0177 -243.3731  338.5063  -16.9080    0.7570    0.0000 
  16.9991    0.0010    8.6419  -24.8088  153.1835    6.2397  -84.7583    7.6658   -0.3782    0.1869 -241.1071  399.4438  -16.9080    0.7570    0.0000 
  17.0417    0.0010    8.8182  -28.8105  153.0192    7.0942 -105.2661    5.3465   -0.2792    0.0339 -243.8489  464.0884  -16.9080    0.7570    0.0000 
  17.0842    0.0010    8.8670  -32.0992  153.6471   -1.6949  -58.1470   11.1448   -0.4231    0.2157 -248.5008  507.3239  -16.9080    0.7570    0.0000 
  17.1266    0.0014    8.9817  -34.2515  153.6639    8.3149  -57.5977    3.6985   -0.2589   -0.0406 -248.3224  541.5775  -16.9080    0.7570    0.0000 
  17.1691    0.0010    9.1686  -36.3516  153.8050    6.6669  -43.3154    7.4827   -0.3552    0.2068 -257.3741  578.1172  -16.9080    0.7570    0.0000 
  17.2117    0.0010    9.6781  -36.8574  153.8658   15.5170   -8.5254    8.4593   -0.3274   -0.1504 -264.2895  569.1131  -16.9080    0.7570    0.0000 
  17.2542    0.0010    9.8824  -36.5196  153.9268    2.5776   17.2925    2.5388   -0.3946    0.0179 -265.9960  567.7070  -16.6262    0.7570    0.0000 
  17.2966    0.0014    9.5386  -34.7110  154.0380   -4.3194   47.5049   -3.4426   -0.2883   -0.0030 -259.1876  537.0143  -16.9080    0.7570    0.0000 
  17.3391    0.0010    9.3794  -31.6401  154.0690   -0.2300   85.5298   -0.4519   -0.2700    0.0730 -258.4010  492.1098  -16.9080    0.7570    0.0000 
  17.3817    0.0010    9.1821  -25.5376  154.2795   -3.4039  177.5708    4.2478   -0.2246    0.0912 -255.9793  379.3309  -16.9080    0.7570    0.0000 
  17.4242    0.0010    8.1782  -17.1195  154.2832  -24.7051  204.8535   -8.3865   -0.3130    0.1216 -236.8171  250.1709  -16.6262    0.7570    0.0000 
  17.4667    0.0014    7.0043   -8.0476  154.1059  -16.6485  227.0703   -8.0813   -0.3818    0.1003 -218.8502  107.8623  -16.9080    0.7570    0.0000 
  17.5091    0.0010    5.5630    2.0365  154.2104  -37.4615  253.0713    9.9851   -0.3774   -0.0511 -200.4459  -44.0405  -16.6262    0.7570    0.0000 
  17.5516    0.0010    5.7352   10.2750  154.6102   30.7148  185.8716   -8.9358   -0.4400    0.0387 -216.8430 -152.9455  -16.9080    0.7570    0.0000 
  17.5942    0.0010    8.3715   17.8288  154.0363   65.9321  177.3877  -30.4812   -0.3156    0.1131 -263.0705 -268.1318  -16.6262    0.7570    0.0000 
  17.6367    0.0014   10.7474   25.1028  154.9998   43.7763  160.2368   33.7888   -0.5254    0.1321 -296.3358 -375.5200  -16.9080    0.7570    0.0000 
  17.6791    0.0010   10.4046   31.2166  156.9083   14.4794  123.8599   29.5164   -0.5685    0.0802 -283.5290 -461.3519  -16.9080    0.7570    0.0000 
  17.7216    0.0010   10.6151   36.8741  157.3795   16.5546  141.3770  -16.4431   -0.2927    0.0480 -287.7370 -550.4372  -16.9080    0.7570    0.0000 
  17.7642    0.0010   11.8052   41.8963  156.9405   16.1884  115.4980  -30.9695   -0.3536    0.1801 -311.8600 -624.9340  -16.9080    0.7570    0.0000 
  17.8067    0.0014   11.8723   46.0070  156.1578  -21.8365   94.1968   -6.5554   -0.2369    0.0252 -298.5558 -690.7350  -16.6262    0.7570    0.0000 
  17.8491    0.0010   11.7789   48.6395  155.3981    2.2114   62.2754  -13.8796   -0.1802    0.2614 -302.5954 -719.1429  -16.9080    0.7570    0.0000 
  17.8916    0.0010   12.9131   50.1158  155.6674   20.6440   14.9731  -11.6213   -0.1285    0.0319 -328.9843 -743.7919  -16.9080    0.7570    0.0000 
  17.9342    0.0010   12.9951   49.1119  155.9775    9.4746  -49.2969    3.9427   -0.4011    0.5023 -327.9714 -708.5800  -16.9080    0.7570    0.0000 
  17.9767    0.0014   13.0123   45.9863  156.3600   10.7563  -88.4814    0.4026   -0.4381    0.4123 -327.7571 -659.5067  -16.9080    0.7570    0.0000 
  18.0191    0.0010   12.7750   40.5049  156.0841  -33.2500 -156.9629    1.6233   -0.3525    0.1572 -319.9274 -566.6276  -16.9080    0.7570    0.0000 
  18.0616    0.0010    9.1997   31.7700  155.0501  -90.2569 -224.2236   42.5779   -0.4080    0.0940 -255.1385 -426.1116  -16.6262    0.7570    0.0000 
  18.1042    0.0010    4.8879   21.3668  154.9294  -94.5293 -239.5435   45.4466   -0.2958   -0.2064 -182.8644 -277.0368  -16.9080    0.7570    0.0000 
  18.1467    0.0014    0.5590   11.2252  154.2387  -86.4727 -224.7729   -3.5036   -0.2968    0.0228 -123.1096 -124.8347  -16.6262    0.7570    0.0000 
  18.1891    0.0010   -1.8852    0.9012  155.6501  -41.2457 -247.6612   63.0857   -0.2507    0.0994  -98.1073   34.7224  -16.9080    0.7570    0.0000 
  18.2316    0.0010   -2.4996   -7.7707  156.7677  -16.3433 -173.1372    1.1350   -0.4471    0.2583  -96.6003  155.9945  -16.9080    0.7570    0.0000 
  18.2742    0.0010   -3.8741  -15.1558  157.3142  -29.7710 -172.3438   14.8679   -0.3108    0.3078  -71.8848  267.9176  -16.9080    0.7570    0.0000 
  18.3167    0.0014   -3.0339  -22.6337  158.0924   25.2827 -165.2026   23.4739   -0.3525    0.1403  -97.5998  372.8581  -16.9080    0.7570    0.0000 
  18.3591    0.0010   -2.0926  -27.4700  158.7450   -0.9014  -95.5615   19.0794   -0.2609   -0.0918 -105.8695  425.8203  -16.6262    0.7570    0.0000 
  18.4016    0.0010   -1.5028  -31.6169  159.1744    6.9111 -102.3364   10.4734   -0.1096   -0.1298 -108.5700  493.6485  -16.6262    0.7570    0.0000 
  18.4442    0.0010   -1.0019  -34.5102  159.4461    2.2114  -50.5176   10.4124   -0.3773    0.0300 -123.0953  534.5859  -16.6262    0.7570    0.0000 
  18.4867    0.0014   -0.6222  -35.1225  159.6404    7.0942   -4.3140    5.1634   -0.6563    0.1426 -131.1703  537.3756  -16.9080    0.7570    0.0000 
  18.5292    0.0010   -0.2467  -33.9436  159.2167   15.8222   35.2979   -6.1281   -0.4526    0.0207 -134.7159  509.6726  -16.9080    0.7570    0.0000 
  18.5716    0.0010    0.0799  -31.4722  158.6719    7.9487   56.9653   -7.3489   -0.3321   -0.0727 -138.1716  471.5250  -16.6262    0.7570    0.0000 
  18.6141    0.0010   -0.1163  -27.2801  158.3685  -12.3760  124.5312  -11.4382   -0.4272    0.1708 -132.8436  400.9933  -16.9080    0.7570    0.0000 
  18.6567    0.0014   -0.1067  -20.7074  157.6575   19.9726  164.3262  -18.1521   -0.4425    0.1800 -139.4712  294.1798  -16.9080    0.7570    0.0000 
  18.6992    0.0010    1.0895  -12.1380  156.6838   41.5791  226.3989  -14.1238   -0.6303    0.2282 -165.8349  152.0227  -16.9080    0.7570    0.0000 
  18.7416    0.0010    2.7698   -1.4902  155.3467   39.6870  251.2402  -28.5281   -0.3451   -0.0734 -183.8212  -14.2893  -16.6262    0.7570    0.0000 
  18.7841    0.0010    4.8150    8.2307  155.3515   49.7578  233.0517   14.0745   -0.5193   -0.1098 -222.4557 -159.5948  -16.9080    0.7570    0.0000 
  18.8267    0.0014    6.1363   19.8738  156.2197   21.8647  299.3970   -1.1233   -0.6596    0.0917 -239.6860 -341.9062  -16.9080    0.7570    0.0000 
  18.8692    0.0010    6.6297   30.3562  155.0347    2.8217  212.0557  -43.5427   -0.2066    0.0050 -236.7034 -484.1945  -16.9080    0.7570    0.0000 
  18.9116    0.0010    8.4686   38.5532  154.0258   40.5415  207.6611  -47.6931   -0.3224    0.1892 -278.4650 -604.6617  -16.6262    0.7570    0.0000 
  18.9541    0.0010    9.8642   46.1025  153.1777  -24.4000  173.0542  -25.4763   -0.3111    0.3915 -288.8375 -707.5995  -16.9080    0.7570    0.0000 
  18.9967    0.0014   10.9014   52.6153  151.9976   25.7099  153.9502  -47.2048   -0.2787    0.0017 -314.0338 -819.6761  -16.9080    0.7570    0.0000 
  19.0392    0.0010   13.0854   58.1763  151.7124   17.8974  111.4087  -41.6506   -0.3056    0.0355 -343.2386 -897.1906  -16.9080    0.7570    0.0000 
  19.0817    0.0010   14.5077   61.7934  151.8449   24.4892   62.9468  -30.7253   -0.5244    0.1543 -370.7617 -946.8292  -16.9080    0.7570    0.0000 
  19.1241    0.0010   15.4799   62.7256  152.2942   20.7050  -12.4316   -6.8606   -0.3443    0.2402 -378.3956 -945.1754  -16.9080    0.7570    0.0000 
  19.1667    0.0014   15.3911   60.6203  153.0793    4.7749  -79.7534   31.3474   -0.2592    0.0984 -368.2764 -910.1834  -16.9080    0.7570    0.0000 
  19.2092    0.0010   14.6919   56.4249  153.9465   11.1835 -118.0225   13.6472   -0.3789    0.2353 -363.4397 -841.6235  -16.9080    0.7570    0.0000 
  19.2516    0.0010   13.5849   48.9874  153.3881  -56.1993 -203.9600   18.5301   -0.3458    0.3061 -340.2953 -707.8981  -16.9080    0.7570    0.0000 
  19.2941    0.0010    9.0801   38.2189  152.4600  -99.2901 -249.9194   89.5139   -0.5714    0.0860 -262.1918 -546.1122  -16.6262    0.7570    0.0000 
  19.3367    0.0014    4.3012   26.9956  152.9987  -78.6602 -266.7651   50.5735   -0.6511    0.2976 -194.1174 -372.8197  -16.9080    0.7570    0.0000 
  19.3792    0.0010    0.2950   16.0308  153.4630  -89.5245 -227.0313   40.3196   -0.6413    0.2729 -138.1297 -219.0875  -16.9080    0.7570    0.0000 
  19.4216    0.0010   -4.1885    6.2680  154.0023  -79.9419 -211.1621   23.1687   -0.4649    0.1426  -69.4837  -83.1088  -16.6262    0.7570    0.0000 
  19.4641    0.0010   -5.3060   -0.2259  154.2927   -7.0660 -122.9663    1.5623   -0.5650    0.1350  -74.8898   -6.0468  -16.9080    0.7570    0.0000 
  19.5067    0.0014   -5.5727   -5.3699  153.8667  -14.0850 -125.8350  -19.0676   -0.5043    0.1784  -65.8823   73.4411  -16.6262    0.7570    0.0000 
  19.5492    0.0010   -5.0722   -9.4192  153.7982    9.5356  -85.2466   20.7884   -0.3973    0.1171  -73.0993  124.9902  -16.6262    0.7570    0.0000 
  19.5917    0.0010   -4.6757  -12.7781  155.3663   -7.4932  -81.5845   44.2258   -0.3951    0.1261  -82.5030  176.4726  -16.9080    0.7570    0.0000 
  19.6341    0.0010   -3.4878  -15.1251  157.1600   27.7851  -34.2822   49.1697   -0.3195    0.0340 -103.4126  203.3378  -16.6262    0.7570    0.0000 
  19.6766    0.0014   -2.0179  -15.5055  158.7620   17.3481   -7.9761   28.6009   -0.4043    0.0550 -126.4386  201.3426  -16.9080    0.7570    0.0000 
  19.7192    0.0010   -0.9644  -15.8700  158.8371   19.6064  -23.1738   -3.8088   -0.4006    0.1494 -136.9333  210.4585  -16.6262    0.7570    0.0000 
  19.7617    0.0010    0.1343  -15.9520  158.4374   26.4423    4.6582   -3.8698   -0.4196    0.1599 -156.1800  211.5429  -16.9080    0.7570    0.0000 
  19.8041    0.0010    0.4718  -14.4040  158.0430   -0.1690   42.0728   -9.6072   -0.4851    0.2533 -156.9759  183.1099  -16.6262    0.7570    0.0000 
  19.8466    0.0014   -0.1315  -11.2064  157.6101  -18.5406   98.0420  -15.2834   -0.2947    0.2634 -136.9079  121.4211  -16.9080    0.7570    0.0000 
  19.8892    0.0010   -0.5796   -3.9789  156.2102    8.6811  199.3604  -51.2942   -0.2916    0.0679 -137.0491  -12.7135  -16.6262    0.7570    0.0000 
  19.9317    0.0010    0.4805    4.8365  154.4608   29.2499  203.9380  -22.4245   -0.3587   -0.0127 -162.7012 -144.2852  -16.9080    0.7570    0.0000 
  19.9741    0.0010    1.6488   12.6237  155.2502   35.1093  176.4111   42.7610   -0.3722    0.0640 -177.2824 -255.0008  -16.9080    0.7570    0.0000 
  20.0166    0.0014    2.9775   18.1076  157.4502   39.6870   74.2993   25.5491   -0.3628   -0.0931 -197.1947 -323.8448  -16.6262    0.7570    0.0000 
  20.0592    0.0010    3.3260   18.8203  158.4913    1.3569   -8.2202   19.9339   -0.2771   -0.2786 -194.0406 -318.3413  -16.9080    0.7570    0.0000 
  20.1017    0.0010    2.3570   18.1758  159.0177  -10.5450   -9.0747    6.8723   -0.2917    0.1983 -175.2358 -295.8982  -16.6262    0.7570    0.0000 
  20.1441    0.0010    1.7752   17.9085  158.8220   -2.0611   -7.2437  -11.9265   -0.4684    0.1223 -175.7819 -301.3188  -16.9080    0.7570    0.0000 
  20.1866    0.0014    1.2340   17.9075  158.2609  -21.5923  -12.9810   -4.7854   -0.4512    0.0840 -165.3038 -300.1813  -16.6262    0.7570    0.0000 
  20.2292    0.0010    0.4097   17.2721  157.9588  -23.7896  -21.6480    5.8347   -0.5378    0.0872 -154.5957 -287.7381  -16.6262    0.7570    0.0000 
  20.2717    0.0010    0.0677   16.0955  158.1448  -12.6202  -25.6152   11.4500   -0.6619    0.2924 -152.2301 -267.9830  -16.6262    0.7570    0.0000 
  20.3141    0.0010   -0.1289   15.2062  158.4333   -8.5918  -20.9766    6.9944   -0.3769    0.1787 -143.6876 -259.3262  -16.9080    0.7570    0.0000 
  20.3566    0.0014    0.0324   14.3740  158.7424   -3.4649  -16.3379   11.3889   -0.3744    0.0301 -153.1142 -253.8258  -16.9080    0.7570    0.0000 
  20.3992    0.0010   -0.3108   13.3103  159.0870   -5.0518  -15.6665    9.0086   -0.2529    0.1961 -140.3220 -230.3152  -16.9080    0.7570    0.0000 
  20.4417    0.0010   -0.2591   12.6452  159.6611    0.6855  -23.6011   17.5535   -0.3731    0.0568 -145.4103 -230.4092  -16.6262    0.7570    0.0000 
  20.4841    0.0010   -0.7041   11.8143  160.2355   -3.8311  -22.9907    7.6658   -0.3924    0.0719 -136.6524 -216.1601  -16.9080    0.7570    0.0000 
  20.5266    0.0014   -1.2274   10.3033  159.3433  -20.4327  -28.1787  -57.9470   -0.3544    0.2559 -126.2292 -190.6069  -16.9080    0.7570    0.0000 
  20.5692    0.0010   -2.0129    9.5974  154.2032  -27.6958  -15.9717 -147.3025   -0.3685    0.2575 -113.0432 -184.3578  -16.6262    0.7570    0.0000 
  20.6117    0.0010   -1.9565    8.7782  147.5317  -40.3912  -36.3574 -160.5471   -0.1898    0.2108 -112.5939 -167.4947  -16.9080    0.7570    0.0000 
  20.6542    0.0010   -1.8863    7.0938  140.6617  -11.5826  -43.8037 -148.1570   -0.2815    0.1377 -121.3933 -145.5998  -16.9080    0.7570    0.0000 
  20.6966    0.0014   -1.5180    5.6364  134.6129  -19.3340  -34.5874 -158.3498   -0.4838   -0.0980 -126.7306 -128.9282  -16.9080    0.7570    0.0000 
  20.7391    0.0010   -1.7566    3.9117  126.4075  -21.7754  -45.9399 -185.9988   -0.4289   -0.1925 -122.0356 -105.5661  -16.9080    0.7570    0.0000 
  20.7817    0.0010   -1.8028    3.8067  120.2372  -16.4654   10.0903 -125.3298   -0.5531    0.0958 -126.2790 -108.2743  -16.9080    0.7570    0.0000 
  20.8242    0.0010   -1.2349    3.5411  113.9351   13.0756  -15.7886 -162.0119   -0.2673   -0.0372 -136.2675 -101.6676  -16.6262    0.7570    0.0000 
  20.8666    0.0014    0.4194    3.0584  109.0040   35.9028  -14.8730 -101.5871   -0.2064    0.0940 -161.7236  -88.7887  -16.9080    0.7570    0.0000 
  20.9091    0.0010    3.5084    2.2264  104.5714   58.8520  -18.5352 -103.2351   -0.1323    0.1347 -211.9697  -77.6496  -16.6262    0.7570    0.0000 
  20.9517    0.0010    5.3473    1.8956  101.5272   32.7290   -2.2998  -54.9563   -0.2731    0.0768 -232.1576  -79.2326  -16.9080    0.7570    0.0000 
  20.9942    0.0010    6.6310    2.0051  100.3347   13.8691    0.9351  -10.0954   -0.4272    0.0279 -258.9051  -81.2379  -16.9080    0.7570    0.0000 
  21.0366    0.0014    7.1657    1.7592  100.4042   10.6342   -2.9102   11.7552   -0.4248   -0.0690 -260.4084  -78.8819  -16.9080    0.7570    0.0000 
  21.0791    0.0010    7.2832    2.1241  101.3711    6.8500    1.1792   37.1458   -0.3280    0.3469 -260.2900  -77.8778  -16.6262    0.7570    0.0000 
  21.1217    0.0010    7.9863    3.2016  105.4108   19.9116    4.4141  170.5076   -0.3261    0.2634 -276.0969 -104.1871  -16.9080    0.7570    0.0000 
  21.1642    0.0010    7.6429    3.2024  113.5205   -0.7793  -30.6201  177.9539   -0.3677    0.1645 -262.8874  -96.7906  -16.6262    0.7570    0.0000 
  21.2066    0.0014    6.6265    3.2989  122.1858  -13.9019  -16.4600  240.0266   -0.3154    0.0941 -248.2878 -100.4157  -16.6262    0.7570    0.0000 
  21.2491    0.0010    6.5284    3.8733  133.6660   32.3627  -16.6431  296.4842   -0.5146    0.1262 -256.0984 -106.9075  -16.6262    0.7570    0.0000 
  21.2917    0.0010    7.0391    4.2174  148.1165   35.4755  -22.8687  364.6604   -0.4185   -0.0277 -262.4277 -119.6287  -16.9080    0.7570    0.0000 
  21.3342    0.0010    5.8361    4.7206  163.6392   -0.4131  -17.7417  335.6687   -0.3875   -0.1432 -234.5269 -128.0020  -16.6262    0.7570    0.0000 
  21.3766    0.0014    4.6227    4.9321  173.0190   -1.0235    0.6299  140.4783   -0.4838    0.0196 -224.5224 -127.4195  -16.6262    0.7570    0.0000 
  21.4191    0.0010    3.1341    5.0281  178.5327  -26.1089    2.4609  120.6419   -0.3607   -0.0348 -190.1497 -131.0330  -16.6262    0.7570    0.0000 
  21.4617    0.0010    0.5632    4.4720  183.3177  -46.9219  -17.0703  113.0125   -0.3747    0.1357 -149.7929 -115.2694  -16.9080    0.7570    0.0000 
  21.5042    0.0010   -1.1180    3.8900  186.6386  -25.2544  -11.2720   52.5266   -0.5526    0.1869 -137.1198 -107.7262  -16.9080    0.7570    0.0000 
  21.5466    0.0014   -2.2793    3.8855  187.8105  -28.7945  -10.4175   18.5911   -0.2940    0.3683 -111.8346 -108.5774  -16.6262    0.7570    0.0000 
  21.5891    0.0010   -3.2964    4.0482  187.8203  -15.2447   -4.5581   -8.8747   -0.3944    0.2240  -99.5504 -113.6452  -16.9080    0.7570    0.0000 
  21.6317    0.0010   -3.9425    4.4144  186.8504   -6.3335   -0.4077  -32.0681   -0.4087    0.2523  -93.7184 -122.6080  -16.9080    0.7570    0.0000 
  21.6742    0.0010   -4.2514    4.1766  183.7864  -12.7422   -4.1309 -110.8645   -0.2427    0.1017  -86.8991 -117.6648  -16.9080    0.7570    0.0000 
  21.7167    0.0014   -5.2326    3.9545  177.3328  -48.5088   -7.6099 -176.8435   -0.3843    0.1086  -70.8220 -112.3381  -16.9080    0.7570    0.0000 
  21.7591    0.0010   -5.8205    4.4109  168.1049  -16.4654   -2.8491 -256.4944   -0.4822    0.1567  -69.9024 -123.0439  -16.6262    0.7570    0.0000 
  21.8016    0.0010   -3.4277    5.3081  157.0670   65.8710   18.3301 -253.8699   -0.3324    0.2765 -117.4075 -137.9373  -16.9080    0.7570    0.0000 
  21.8442    0.0010    0.6607    6.0634  146.8069   60.8662   27.6685 -248.1325   -0.5036    0.2599 -189.5630 -147.7563  -16.9080    0.7570    0.0000 
  21.8867    0.0014    4.3741    6.0079  135.6121   61.2324   14.3018 -298.5476   -0.3774    0.0604 -237.0241 -145.9645  -16.9080    0.7570    0.0000 
  21.9291    0.0010    8.4681    5.7969  124.9748   39.8090   23.2739 -188.2570   -0.4878    0.2286 -299.9321 -142.1365  -16.9080    0.7570    0.0000 
  21.9716    0.0010   10.2516    4.7000  117.3351   26.7475    4.2310 -207.4831   -0.6078    0.2346 -322.3340 -117.0876  -16.9080    0.7570    0.0000 
  22.0142    0.0010   12.0275    3.1105  109.1718    5.1411   -4.6802 -152.0632   -0.4246    0.0988 -339.3749  -99.9866  -16.9080    0.7570    0.0000 
  22.0567    0.0014   12.8159    2.2488  104.6655   20.6440    1.5454  -96.2160   -0.7092    0.2193 -365.9844  -80.6514  -16.9080    0.7570    0.0000 
  22.0991    0.0010   14.0847    1.7816  101.9331   14.2963   -2.5439  -29.3825   -0.5314    0.0519 -377.1928  -83.8813  -16.9080    0.7570    0.0000 
  22.1416    0.0010   13.9868    1.6067  101.3669   -1.3897   -4.4360    0.1585   -0.5294    0.0394 -372.4660  -81.0601  -16.9080    0.7570    0.0000 
  22.1842    0.0010   13.8253    2.0672  102.2476   -1.6949   -5.5347   32.8733   -0.4608    0.0145 -369.9527  -94.2896  -16.6262    0.7570    0.0000 
  22.2267    0.0014   14.3648    2.6193  104.8146   15.9443  -11.5161   86.2791   -0.3007    0.0097 -381.5286 -103.0433  -16.9080    0.7570    0.0000 
  22.2691    0.0010   15.0506    3.7448  111.6599   12.0380  -29.2163  222.6316   -0.5185    0.0835 -393.9180 -119.0282  -16.6262    0.7570    0.0000 
  22.3116    0.0010   13.9445    4.7242  122.4195   -1.6338  -29.5215  231.9700   -0.5991    0.1401 -370.2434 -130.9655  -16.9080    0.7570    0.0000 
  22.3542    0.0010   12.6769    5.7791  132.2347    1.4179  -24.8218  243.6888   -0.4791   -0.0715 -352.4829 -159.3959  -16.9080    0.7570    0.0000 
  22.3967    0.0014   11.8534    7.4183  144.2460    4.5917   -7.6099  297.5828   -0.3497    0.1450 -337.8073 -179.2061  -16.9080    0.7570    0.0000 
  22.4391    0.0010    9.4751    8.9346  156.7836  -19.1509   -6.5723  294.3479   -0.3950    0.2397 -297.5190 -198.0546  -16.6262    0.7570    0.0000 
  22.4816    0.0010    5.6538   10.0509  168.4622  -36.8511    6.1841  272.0091   -0.4353    0.0356 -232.9747 -221.0326  -16.6262    0.7570    0.0000 
  22.5242    0.0010    2.3897   10.4251  177.6618  -25.6207   -4.4360  159.8875   -0.2969   -0.0793 -188.1754 -219.7435  -16.9080    0.7570    0.0000 
  22.5667    0.0014   -0.5548    9.5475  182.2887  -50.8892   -7.7319  103.6741   -0.3442   -0.2124 -142.2470 -207.5436  -16.9080    0.7570    0.0000 
  22.6091    0.0010   -2.8267    9.1143  185.6489  -38.4380    1.8506   81.9456   -0.4740   -0.1970 -120.0457 -206.7565  -16.9080    0.7570    0.0000 
  22.6516    0.0010   -5.1130    9.0873  188.3700  -32.3956   -3.0322   45.8128   -0.5266   -0.1022  -85.7123 -203.0019  -16.9080    0.7570    0.0000 
  22.6942    0.0010   -6.6185    8.7935  188.4512  -22.9351   -6.9995  -15.5886   -0.5045   -0.0299  -64.6846 -194.7654  -16.9080    0.7570    0.0000 
  22.7367    0.0014   -6.4602    8.7323  186.6941   15.8222   -8.6475  -40.6740   -0.5853    0.2025  -81.8983 -195.3563  -16.9080    0.7570    0.0000 
  22.7792    0.0010   -3.5210    9.4346  183.8929   93.0927   28.4619 -167.1389   -0.4539    0.1468 -142.1158 -219.2364  -16.9080    0.7570    0.0000 
  22.8216    0.0010    3.2165   11.3854  174.2997  124.2817   43.5376 -279.7487   -0.3074    0.1552 -249.2183 -247.5268  -16.6262    0.7570    0.0000 
  22.8641    0.0010    8.6427   11.6488  163.9538   35.1093   25.8374 -248.5598   -0.5608    0.3189 -325.3284 -239.3752  -16.9080    0.7570    0.0000 
  22.9067    0.0014    9.1320   10.0374  154.9358  -76.5240   -3.9478 -210.3518   -0.2648   -0.0053 -295.1938 -215.0519  -16.6262    0.7570    0.0000 
  22.9492    0.0010    8.1167    7.7780  141.1937  -53.5748   14.0576 -362.3904   -0.4633    0.0463 -296.5259 -177.4457  -16.9080    0.7570    0.0000 
  22.9916    0.0010    8.9080    6.6064  126.5555  -22.4468   28.0957 -321.0085   -0.5800    0.2796 -314.4317 -160.7584  -16.9080    0.7570    0.0000 
  23.0341    0.0010    9.7414    5.7050  113.8945  -31.7242   26.8140 -243.7990   -0.4081    0.0153 -322.1651 -159.9177  -16.6262    0.7570    0.0000 
  23.0767    0.0014    9.4309    5.2671  109.0928  -24.7051   -5.2295  -43.3596   -0.6186    0.2900 -318.4704 -146.5693  -16.9080    0.7570    0.0000 
  23.1192    0.0010    9.2225    4.9214  108.3003  -11.0333   -6.2061    2.2947   -0.2503    0.0667 -309.9173 -149.5948  -16.9080    0.7570    0.0000 
  23.1616    0.0010    9.1939    5.3824  108.9009   13.0756    7.2217   28.6619   -0.5871    0.1987 -317.8805 -154.9133  -16.9080    0.7570    0.0000 
  23.2041    0.0010    9.2319    5.5397  109.6396    8.8032    3.8647    2.9661   -0.4560    0.1233 -317.3246 -157.4191  -16.9080    0.7570    0.0000 
  23.2467    0.0014   10.0162    6.0945  110.4715   19.8505    3.8037   42.2117   -0.3955   -0.0388 -334.0036 -174.7561  -16.9080    0.7570    0.0000 
  23.2892    0.0010   10.7427    6.3717  114.7460   19.2402  -24.6997  132.6658   -0.3219    0.2069 -336.2302 -166.8014  -16.9080    0.7570    0.0000 
  23.3316    0.0010   10.4671    5.8965  119.0655   16.6767  -19.0845   83.7766   -0.3934    0.2796 -332.9921 -162.4686  -16.9080    0.7570    0.0000 
  23.3741    0.0010   10.3934    6.4748  125.5158   10.0849  -21.4648  209.5091   -0.4510    0.3923 -337.6882 -172.2715  -16.9080    0.7570    0.0000 
  23.4167    0.0014    9.3744    7.5748  137.8349   -2.5494  -20.9155  329.0159   -0.3889    0.1121 -312.3312 -197.8715  -16.9080    0.7570    0.0000 
  23.4592    0.0010    6.7519    8.2465  150.8925  -15.7940  -21.0986  265.4783   -0.4673    0.0245 -268.6245 -206.4290  -16.9080    0.7570    0.0000 
  23.5016    0.0010    4.9241    7.4244  158.2706   -4.5025  -35.8691   83.7766   -0.5613    0.3905 -255.2287 -178.0989  -16.9080    0.7570    0.0000 
  23.5441    0.0010    4.2995    5.4233  159.8973   29.1889  -60.3442   10.0462   -0.3317    0.1513 -244.7543 -150.1808  -16.6262    0.7570    0.0000 
  23.5867    0.0014    6.0909    3.2883  159.8306   41.6401  -48.0762  -13.8186   -0.5752    0.1042 -290.8115 -120.0425  -16.9080    0.7570    0.0000 
  23.6292    0.0010    4.8490    0.3353  160.1260  -31.1138  -63.8232   16.2718   -0.4117    0.1058 -245.7885  -66.9331  -16.6262    0.7570    0.0000 
  23.6716    0.0010    4.3992   -0.4274  159.7425   -5.6622   -1.8726  -14.9172   -0.3734    0.1312 -249.8865  -69.5520  -16.9080    0.7570    0.0000 
  23.7142    0.0010    4.5816   -0.5347  159.5956    1.8452   -1.8726    6.6892   -0.4356    0.2345 -253.6022  -67.9066  -16.9080    0.7570    0.0000 
  23.7567    0.0014    4.7709   -1.0183  159.7867    1.4790   -1.1401    1.6844   -0.4088    0.2865 -261.2275  -57.6949  -16.9080    0.7570    0.0000 
  23.7992    0.0010    4.7813   -0.7656  159.8284   -3.5870    1.7285    0.0974   -0.2553    0.0153 -248.2261  -72.5391  -16.9080    0.7570    0.0000 
  23.8417    0.0010    4.3463   -0.8549  159.7494   -2.7935    2.6440   -8.0813   -0.5483    0.0406 -254.5279  -68.3586  -16.9080    0.7570    0.0000 
  23.8841    0.0010    4.4507   -0.8327  159.2554   -6.4556    4.5972   -3.9919   -0.4299    0.1363 -255.2152  -65.9412  -16.9080    0.7570    0.0000 
  23.9266    0.0014    4.2771   -0.5301  159.6802  -28.1231   15.2173   19.3845   -0.5011    0.1785 -251.4743  -72.3106  -16.9080    0.7570    0.0000 
  23.9692    0.0010    3.2306    0.3008  160.7746   -4.4415    1.8506   29.7605   -0.5815    0.1600 -238.9998  -84.9880  -16.6262    0.7570    0.0000 
  24.0117    0.0010    2.6528    0.5135  161.9801   -8.4698   -2.6660   23.9622   -0.4371    0.0373 -224.4817  -90.8023  -16.9080    0.7570    0.0000 
  24.0541    0.0010    2.0178    0.4034  162.6010   -1.5728   -0.5298    7.6658   -0.3774    0.1457 -213.0969  -83.6059  -16.9080    0.7570    0.0000 
  24.0966    0.0014    2.4578    0.2768  162.6796   -1.0235    0.0195    0.5247   -0.3306    0.1705 -225.8526  -81.4900  -16.9080    0.7570    0.0000 
  24.1392    0.0010    2.9077    0.2803  162.6888    0.0141   -0.1025   -0.0857   -0.5245    0.0967 -235.0932  -83.4777  -16.9080    0.7570    0.0000 
  24.1817    0.0010    3.0219    0.1573  162.6807   -0.0469    0.2026   -0.1467   -0.4546    0.2319 -235.4021  -78.2818  -16.9080    0.7570    0.0000 
  24.2241    0.0010    2.9877    0.2195  162.6826   -0.1690   -0.1025   -0.1467   -0.5152    0.4179 -234.1540  -75.6886  -16.9080    0.7570    0.0000 
  24.2666    0.0014    3.0590    0.3283  162.6781    0.2583    0.0806   -0.0857   -0.5491    0.2604 -238.5948  -83.9890  -16.6262    0.7570    0.0000 
  24.3092    0.0010    3.0786    0.3263  162.6734    0.3193    0.1416   -0.0246   -0.3683    0.3202 -235.3743  -79.9993  -16.6262    0.7570    0.0000 
  24.3517    0.0010    3.1128    0.3463  162.6709    0.0751    0.2026   -0.2688   -0.4052    0.1802 -235.4777  -83.0602  -16.6262    0.7570    0.0000 
  24.3941    0.0010    3.0319    0.2458  162.6667   -0.1080    0.2637    0.2195   -0.5518    0.0709 -238.4515  -83.8467  -16.9080    0.7570    0.0000 
  24.4366    0.0014    2.9906    0.1372  162.6591   -0.1690    0.0806   -0.0857   -0.3682   -0.0349 -234.9306  -80.6644  -16.6262    0.7570    0.0000 
  24.4792    0.0010    2.9453    0.2639  162.6553    0.3193    0.1416   -0.1467   -0.2534   -0.2280 -231.7772  -85.5069  -16.9080    0.7570    0.0000 
  24.5217    0.0010    3.1164    0.1582  162.6388   -0.1080    0.1416   -0.2077   -0.5037    0.0686 -240.6991  -83.4148  -16.9080    0.7570    0.0000 
  24.5641    0.0010    3.0363    0.3085  162.6409    0.2583   -0.0415   -0.3298   -0.2146    0.0832 -234.5748  -85.8136  -16.6262    0.7570    0.0000 
  24.6066    0.0014    3.0314    0.2285  162.6413    0.0751    0.0806   -0.1467   -0.2011    0.2563 -234.0138  -80.7168  -16.9080    0.7570    0.0000 
  24.6492    0.0010    3.0223    0.2348  162.6411    0.0751    0.2026    0.0974   -0.2986    0.1278 -234.5943  -82.8199  -16.9080    0.7570    0.0000 
  24.6917    0.0010    3.0868    0.1731  162.6422   -0.5352   -0.1636   -0.0246   -0.3347   -0.0773 -237.2146  -84.6571  -16.9080    0.7570    0.0000 
  24.7341    0.0010    3.1286    0.2146  162.6392   -0.2911   -0.0415   -0.2077   -0.2622   -0.0539 -238.2416  -84.9827  -16.9080    0.7570    0.0000 
  24.7766    0.0014    3.0717    0.1432  162.6379    0.0141   -0.1025    0.0974   -0.4302    0.2288 -242.7851  -79.1942  -16.9080    0.7570    0.0000 
  24.8192    0.0010    3.1375    0.2763  162.6413   -0.2300    0.0806    0.2195   -0.5670   -0.0034 -242.9596  -89.1868  -16.9080    0.7570    0.0000 
  24.8617    0.0010    3.1234    0.1702  162.6422   -0.2911   -0.0415   -0.0246   -0.2911   -0.0494 -238.7229  -82.3883  -16.9080    0.7570    0.0000 
  24.9042    0.0010    2.9424    0.2120  162.6371   -0.0469    0.0806   -0.2688   -0.3898    0.0879 -239.4594  -84.9508  -16.9080    0.7570    0.0000 
  24.9466    0.0014    3.1074    0.1944  162.6284   -0.1690   -0.1025   -0.2077   -0.2548    0.0253 -237.4641  -84.4471  -16.9080    0.7570    0.0000 
  24.9891    0.0010    3.1433    0.1065  162.6221   -0.0469   -0.1025   -0.0246   -0.3447    0.0774 -240.2444  -82.0728  -16.6262    0.7570    0.0000 
  25.0317    0.0010    2.8402    0.2078  162.6214   -0.1080    0.0195   -0.2688   -0.3172    0.1966 -236.3388  -81.4637  -16.6262    0.7570    0.0000 
  25.0742    0.0010    3.1197    0.2483  162.6047    0.1362    0.1416   -0.2688   -0.1771   -0.0096 -238.6292  -89.1287  -16.9080    0.7570    0.0000 
  25.1166    0.0014    2.9326    0.2059  162.5936   -0.1690    0.1416   -0.2077   -0.1427   -0.1717 -232.6182  -82.8677  -16.6262    0.7570    0.0000 
  25.1591    0.0010    3.0223    0.2369  162.5954   -0.0469    0.0806    0.1585   -0.2989   -0.0763 -242.6012  -83.7274  -16.9080    0.7570    0.0000 
  25.2017    0.0010    2.9648    0.2935  162.5953   -0.4131    0.1416   -0.2077   -0.4727    0.1549 -241.4552  -86.1084  -16.9080    0.7570    0.0000 
  25.2442    0.0010    3.0297    0.2880  162.5845    0.2583   -0.0415   -0.2077   -0.4037    0.3625 -244.9394  -79.4023  -16.9080    0.7570    0.0000 
  25.2866    0.0014    3.1431    0.2367  162.5691   -0.1080    0.1416   -0.3908   -0.4784    0.4176 -249.3126  -79.7513  -16.9080    0.7570    0.0000 
  25.3291    0.0010    2.9444    0.2758  162.5599    0.0141    0.0195   -0.1467   -0.4937    0.2144 -241.2827  -86.1883  -16.9080    0.7570    0.0000 
  25.3717    0.0010    3.0476    0.2417  162.5559   -0.3521    0.0195    0.1585   -0.4948    0.2869 -245.9121  -82.0526  -16.9080    0.7570    0.0000 
  25.4142    0.0010    3.0717    0.2065  162.5533   -0.0469   -0.0415   -0.0246   -0.5893    0.2262 -244.9308  -84.0102  -16.9080    0.7570    0.0000 
  25.4566    0.0014    2.9469    0.2902  162.5515    0.4414   -0.0415   -0.2077   -0.3539    0.3851 -240.1330  -76.5026  -16.9080    0.7570    0.0000 
  25.4991    0.0010    3.1464    0.2187  162.5414   -0.0469    0.1416   -0.0246   -0.4535    0.4885 -245.1190  -76.5956  -16.9080    0.7570    0.0000 
  25.5417    0.0010    3.0338    0.3204  162.5476   -0.1690    0.0806   -0.1467   -0.4576    0.5329 -245.8964  -75.5477  -16.9080    0.7570    0.0000 
  25.5842    0.0010    2.9630    0.2158  162.5329   -0.4742   -0.2246   -0.0857   -0.4156    0.3191 -241.3146  -75.0899  -16.9080    0.7570    0.0000 
  25.6266    0.0014    3.0422    0.1652  162.5284   -0.3521   -0.2246   -0.0246   -0.7268    0.4189 -250.1838  -78.3811  -16.9080    0.7570    0.0000 
  25.6691    0.0010    3.0914    0.1750  162.5234   -0.0469   -0.1025   -0.2688   -0.4560    0.1657 -246.0327  -81.1006  -16.9080    0.7570    0.0000 
  25.7117    0.0010    3.0579    0.1499  162.5169   -0.3521   -0.1025   -0.0857   -0.3619    0.2832 -244.3705  -82.7529  -16.9080    0.7580    0.0000 
  25.7542    0.0010    3.1190    0.2559  162.5255    0.3193    0.0195   -0.0857   -0.3535    0.1634 -247.1738  -80.5873  -16.9080    0.7580    0.0000 
  25.7966    0.0014    3.0159    0.3092  162.5320   -0.0469   -0.2246    0.1585   -0.2774    0.1950 -244.6295  -83.6532  -16.9080    0.7590    0.0000 
  25.8391    0.0010    3.0312    0.2843  162.5308   -0.0469   -0.1025   -0.1467   -0.3312    0.0948 -244.4092  -81.7820  -17.4716    0.7590    0.0000 
  25.8817    0.0010    2.9656    0.2347  162.5219   -0.2300   -0.1025    0.0364   -0.5783    0.1949 -247.3736  -82.3768  -17.4716    0.7590    0.0000 
  25.9242    0.0010    2.9502    0.2605  162.5194    0.0751   -0.1025   -0.2688   -0.5522    0.2713 -247.1055  -82.0205  -17.4716    0.7600    0.0000 
  25.9667    0.0014    3.0040    0.2632  162.5132    0.2583    0.0195   -0.0246   -0.8694    0.0672 -257.2294  -85.3136  -17.4716    0.7600    0.0000 
  26.0091    0.0010    2.9954    0.3475  162.5116   -0.3521   -0.1025   -0.0857   -0.5947    0.1200 -246.7056  -86.0718  -17.7534    0.7610    0.0000 
  26.0516    0.0010    2.9212    0.1997  162.5041    0.0141   -0.0415    0.0364   -0.6409    0.0118 -250.5557  -85.8882  -17.7534    0.7610    0.0000 
  26.0942    0.0010    2.9998    0.1216  162.4966   -0.1080   -0.0415   -0.0857   -0.5744   -0.0279 -249.1978  -82.0961  -17.7534    0.7610    0.0000 
  26.1367    0.0014    2.9709    0.2502  162.5037    0.0751    0.0195   -0.0246   -0.4994   -0.0282 -248.5147  -85.0727  -18.0352    0.7620    0.0000 
  26.1791    0.0010    3.1352    0.1147  162.4879   -0.2911    0.0806   -0.3298   -0.5970   -0.0467 -256.0556  -80.5524  -18.5988    0.7641    0.0000 
  26.2216    0.0010    2.9622    0.2207  162.4866   -0.1080    0.0195    0.0364   -0.6902    0.2061 -253.2521  -80.3972  -19.1624    0.7652    0.0000 
  26.2642    0.0010    3.0086    0.1833  162.4810   -0.2300   -0.0415   -0.2688   -0.6265    0.1295 -252.2443  -85.8099  -19.7260    0.7652    0.0000 
  26.3067    0.0014    3.0962    0.1842  162.4669   -0.2300   -0.2246   -0.2077   -0.2826    0.0997 -248.1009  -83.8609  -19.7260    0.7663    0.0000 
  26.3491    0.0010    2.9741    0.3875  162.4637    0.1362    0.0806   -0.3298   -0.4590    0.4078 -248.9509  -78.7546  -20.0078    0.7663    0.0000 
  26.3916    0.0010    2.9715    0.2557  162.4580    0.0141   -0.1636    0.1585   -0.6446    0.3351 -251.8619  -82.3736  -20.0078    0.7663    0.0000 
  26.4342    0.0010    2.9335    0.3326  162.4593   -0.1690   -0.1025    0.0364   -0.5731    0.4137 -253.5065  -79.4179  -20.0078    0.7663    0.0000 
  26.4767    0.0014    3.0472    0.2679  162.4550   -0.2911   -0.1636   -0.0857   -0.5741    0.2895 -254.0195  -79.6664  -20.0078    0.7663    0.0000 
  26.5191    0.0010    3.0924    0.1758  162.4492   -0.0469    0.0195    0.1585   -0.6988   -0.0508 -256.6018  -86.4164  -20.0078    0.7663    0.0000 
  26.5616    0.0010    2.9607    0.3097  162.4662   -0.2300   -0.1025    0.0364   -0.4238    0.1803 -251.5007  -80.1618  -20.0078    0.7663    0.0000 
  26.6042    0.0010    3.0584    0.2758  162.4650   -0.2300    0.0195   -0.1467   -0.4716   -0.2068 -255.5419  -92.9832  -20.2896    0.7663    0.0000 
  26.6467    0.0014    2.9975    0.2745  162.4634   -0.1080   -0.1025    0.0364   -0.3835    0.1827 -251.5825  -80.7308  -20.2896    0.7652    0.0000 
  26.6891    0.0010    2.8707    0.2951  162.4663   -0.4742   -0.0415    0.2805   -0.4130   -0.1469 -250.7502  -87.8461  -20.2896    0.7652    0.0000 
  26.7316    0.0010    3.1323    0.2215  162.4701   -0.7793   -0.1025   -0.0246   -0.7004   -0.0963 -262.5234  -87.3327  -20.0078    0.7663    0.0000 
  26.7742    0.0010    3.0372    0.2362  162.4750   -1.1456   -0.1025    0.3416   -0.5152   -0.0046 -254.1136  -84.9645  -20.2896    0.7663    0.0000 
  26.8167    0.0014    2.9096    0.1390  162.4721   -0.1690    0.0806    0.2195   -0.6025   -0.0020 -257.3142  -84.6856  -20.2896    0.7663    0.0000 
  26.8591    0.0010    2.9192    0.2405  162.4851   -1.2676   -0.3467    0.5857   -0.3789   -0.1661 -249.8442  -91.8950  -20.2896    0.7663    0.0000 
  26.9016    0.0010    2.8447    0.3012  162.4971   -0.1080   -0.2246   -0.1467   -0.4496   -0.0321 -256.2704  -89.5073  -20.2896    0.7663    0.0000 
  26.9442    0.0010    2.9019    0.2111  162.4928    0.3193    0.0195   -0.2077   -0.7134    0.1803 -262.1828  -80.8762  -20.2896    0.7663    0.0000 
  26.9867    0.0014    2.7789    0.3190  162.5033    0.5024   -0.0415   -0.0857   -0.4114    0.3817 -249.1552  -81.0683  -20.2896    0.7663    0.0000 
  27.0292    0.0010    2.9331    0.1848  162.4925    1.4179    0.0195   -0.1467   -0.4925    0.0517 -255.4601  -84.5276  -20.2896    0.7652    0.0000 
  27.0716    0.0010    3.0413    0.2595  162.4970   -0.0469   -0.0415    0.0974   -0.4306   -0.0783 -261.4681  -87.4179  -20.2896    0.7663    0.0000 
  27.1141    0.0010    2.9552    0.3609  162.5110   -0.5352   -0.0415    0.2195   -0.2676   -0.0087 -252.7723  -87.4059  -20.0078    0.7663    0.0000 
  27.1567    0.0014    2.8465    0.3985  162.5179    0.1362   -0.1636   -0.0857   -0.4014   -0.1640 -252.3504  -93.6666  -20.2896    0.7663    0.0000 
  27.1992    0.0010    2.8723    0.2288  162.5140    0.3193   -0.4077    0.0974   -0.3829    0.1321 -254.2545  -80.6663  -20.2896    0.7663    0.0000 
  27.2416    0.0010    2.8938    0.2615  162.5184    0.1362   -0.2246    0.2195   -0.3268   -0.0913 -253.7428  -90.2843  -20.0078    0.7663    0.0000 
