   0.0016 4291.0186   -0.0231   -0.1413  180.0013   -1.1248    0.2055    0.5274    0.0000    0.0000    0.0000    0.0000    0.0000    0.0000    3.9600   -0.0444    0.0063    1.0601    0.0000 
   0.0441 4290.9761    0.0788   -2.2024  180.0076   -0.9417   -0.0997    0.4053    0.0000    0.0000    0.0000    0.0000    0.0000    0.0000    3.9600   -0.0413   -0.0024    1.0671  -15.8691 
   0.0866 4290.9336   -0.0395   -2.4421  180.0030    0.0349    0.1444    0.1001    0.0000    0.0000    0.0000    0.0000    0.0000    0.0000    3.9680   -0.0461    0.0007    1.0684  -14.8926 
   0.1291 4290.8911    0.1097   -1.9001  179.9999   -0.8807    0.0834    0.1611    0.0000    0.0000    0.0000    0.0000    0.0000    0.0000    3.9600   -0.0374   -0.0027    1.0605  -15.8081 
   0.1716 4290.8486   -0.1604   -2.6414  180.0049   -0.0872    0.2665    0.0391    0.0000    0.0000    0.0000    0.0000    0.0000    0.0000    3.9600   -0.0493    0.0039    1.0610    0.0000 
   0.2141 4290.8062    0.3579   -2.3941  180.0156   -0.6365    0.0224   -0.0220    0.0000    0.0000    0.0000    0.0000    0.0000    0.0000    3.9600   -0.0437   -0.0085    1.0613  -15.5640 
   0.2566 4290.7637   -0.2570   -2.3614  180.0213   -1.3079   -0.2218   -0.0830    0.0000    0.0000    0.0000    0.0000    0.0000    0.0000    3.9600   -0.0469    0.0010    1.0718  -16.2354 
   0.2991 4290.7212    0.0553   -2.4300  180.0194    0.2180    0.0224    0.0391    0.0000    0.0000    0.0000    0.0000    0.0000    0.0000    3.9600   -0.0461   -0.0022    1.0647  -14.7095 
   0.3416 4290.6787    0.3284   -2.5743  180.0143   -0.3924    0.0834    0.0391    0.0000    0.0000    0.0000    0.0000    0.0000    0.0000    3.9600   -0.0554   -0.0051    1.0742    0.0000 
   0.3841 4290.6362    0.2469   -2.2146  180.0236    0.0959    0.2665   -0.1440    0.0000    0.0000    0.0000    0.0000    0.0000    0.0000    3.9600   -0.0432   -0.0046    1.0642  -14.8315 
   0.4266 4290.5938   -0.1816   -2.0614  180.0249   -0.6365   -0.0387   -0.0830    0.0000    0.0000    0.0000    0.0000    0.0000    0.0000    3.9600   -0.0364    0.0068    1.0669    0.0000 
   0.4691 4290.5513   -0.2984   -2.2761  180.0203   -0.8807    0.0224   -0.0220    0.0000    0.0000    0.0000    0.0000    0.0000    0.0000    3.9600   -0.0415    0.0054    1.0552  -15.8081 
   0.5116 4290.5088   -0.0165   -2.2867  180.0220    0.5842    0.1444   -0.2051    0.0000    0.0000    0.0000    0.0000    0.0000    0.0000    3.9600   -0.0471   -0.0098    1.0637    0.0000 
   0.5541 4290.4663   -0.2689   -2.1112  180.0206    0.3400   -0.0997   -0.1440    0.0000    0.0000    0.0000    0.0000    0.0000    0.0000    3.9600   -0.0349    0.0017    1.0618  -14.5874 
   0.5966 4290.4238   -0.1573   -2.6319  180.0240    0.0349    0.0834    0.1001    0.0000    0.0000    0.0000    0.0000    0.0000    0.0000    3.9600   -0.0488    0.0007    1.0579  -14.8926 
   0.6391 4290.3813   -0.0888   -2.0207  180.0259   -0.6365   -0.0997   -0.2661    0.0000    0.0000    0.0000    0.0000    0.0000    0.0000    3.9600   -0.0393    0.0010    1.0742  -15.5640 
   0.6816 4290.3389   -0.3551   -2.0528  180.0195    0.4011    0.3275   -0.4492    0.0000    0.0000    0.0000    0.0000    0.0000    0.0000    3.9600   -0.0364    0.0076    1.0620    0.0000 
   0.7241 4290.2959   -0.2547   -2.3653  180.0229    1.4997    0.2665   -0.2661    0.0000    0.0000    0.0000    0.0000    0.0000    0.0000    3.9600   -0.0479    0.0046    1.0645  -13.4277 
   0.7666 4290.2534   -0.4070   -1.8024  180.0159    0.1569   -0.0997   -0.0220    0.0000    0.0000    0.0000    0.0000    0.0000    0.0000    3.9600   -0.0330    0.0078    1.0608  -14.7705 
   0.8091 4290.2109   -0.2825   -1.9436  180.0156   -0.0872    0.2665    0.3443    0.0000    0.0000    0.0000    0.0000    0.0000    0.0000    3.9600   -0.0334    0.0063    1.0574  -15.0146 
   0.8516 4290.1685   -0.0778   -2.4307  180.0240   -0.4534   -0.0997    0.3443    0.0000    0.0000    0.0000    0.0000    0.0000    0.0000    3.9600   -0.0442    0.0032    1.0537    0.0000 
   0.8941 4290.1260   -0.1275   -2.6151  180.0310    0.1569    0.0834   -0.2051    0.0000    0.0000    0.0000    0.0000    0.0000    0.0000    3.9600   -0.0391    0.0034    1.0654  -14.7705 
   0.9366 4290.0835    0.1041   -2.4965  180.0339    0.2790    0.2055   -0.2661    0.0000    0.0000    0.0000    0.0000    0.0000    0.0000    3.9600   -0.0349    0.0083    1.0544    0.0000 
   0.9791 4290.0410   -0.0046   -2.1974  180.0285    0.0959   -0.1608   -0.3271    0.0000    0.0000    0.0000    0.0000    0.0000    0.0000    3.9600   -0.0417    0.0015    1.0608  -14.8315 
   1.0216 4289.9985   -0.3139   -2.4104  180.0273    0.2180    0.2665   -0.1440    0.0000    0.0000    0.0000    0.0000    0.0000    0.0000    3.9520   -0.0464   -0.0007    1.0625    0.0000 
   1.0641 4289.9561    0.1571   -2.2853  180.0160   -0.2703    0.1444   -0.2051    0.0000    0.0000    0.0000    0.0000    0.0000    0.0000    3.9600   -0.0408   -0.0032    1.0679  -15.1978 
   1.1066 4289.9136   -0.2628   -2.4666  180.0168    0.2180    0.3886   -0.0830    0.0000    0.0000    0.0000    0.0000    0.0000    0.0000    3.9600   -0.0461    0.0059    1.0647  -14.7095 
   1.1491 4289.8711   -0.1870   -2.7085  180.0153   -0.4534   -0.0387    0.1611    0.0000    0.0000    0.0000    0.0000    0.0000    0.0000    3.9600   -0.0515    0.0037    1.0681  -15.3809 
   1.1916 4289.8286   -0.1767   -2.0950  180.0125   -0.8196    0.0834    0.1001    0.0000    0.0000    0.0000    0.0000    0.0000    0.0000    3.9600   -0.0332    0.0032    1.0659    0.0000 
   1.2341 4289.7861   -0.1040   -2.4609  180.0053   -0.3314   -0.0997   -0.1440    0.0000    0.0000    0.0000    0.0000    0.0000    0.0000    3.9600   -0.0393    0.0037    1.0596  -15.2588 
   1.2766 4289.7437    0.0974   -2.2617  179.9973    0.1569    0.1444   -0.1440    0.0000    0.0000    0.0000    0.0000    0.0000    0.0000    3.9600   -0.0452    0.0032    1.0647  -14.7705 
   1.3191 4289.7012   -0.0337   -2.0298  180.0004   -0.2093   -0.2828    0.1611    0.0000    0.0000    0.0000    0.0000    0.0000    0.0000    3.9600   -0.0371    0.0007    1.0642  -15.1367 
   1.3616 4289.6587   -0.0517   -2.7759  179.9961   -0.2703   -0.0997    0.0391    0.0000    0.0000    0.0000    0.0000    0.0000    0.0000    3.9600   -0.0496    0.0007    1.0625    0.0000 
   1.4041 4289.6162    0.0030   -1.9566  180.0000   -0.3924    0.1444    0.2222    0.0000    0.0000    0.0000    0.0000    0.0000    0.0000    3.9600   -0.0361    0.0002    1.0605  -15.3198 
   1.4466 4289.5737   -0.2676   -1.7139  179.9997   -0.2703   -0.0997    0.2222    0.0000    0.0000    0.0000    0.0000    0.0000    0.0000    3.9600   -0.0332    0.0056    1.0627  -15.1978 
   1.4891 4289.5312    0.1921   -2.3069  180.0096   -0.2093   -0.1608    0.4053    0.0000    0.0000    0.0000    0.0000    0.0000    0.0000    3.9600   -0.0427   -0.0037    1.0605  -15.1367 
   1.5316 4289.4888    0.0339   -2.2645  180.0109   -0.9417   -0.0997   -0.0220    0.0000    0.0000    0.0000    0.0000    0.0000    0.0000    3.9600   -0.0374    0.0061    1.0713    0.0000 
   1.5741 4289.4463   -0.4250   -2.0971  180.0107   -0.2703   -0.0387   -0.0220    0.0000    0.0000    0.0000    0.0000    0.0000    0.0000    3.9600   -0.0391    0.0081    1.0664  -15.1978 
   1.6166 4289.4038   -0.0037   -2.0622  180.0093   -0.2093   -0.0997    0.1001    0.0000    0.0000    0.0000    0.0000    0.0000    0.0000    3.9600   -0.0374    0.0000    1.0605  -15.1367 
   1.6591 4289.3613   -0.2209   -2.6469  180.0067    0.7673   -0.2218   -0.2051    0.0000    0.0000    0.0000    0.0000    0.0000    0.0000    3.9600   -0.0520    0.0044    1.0620  -14.1602 
   1.7016 4289.3188   -0.2395   -1.8618  180.0012   -0.2093   -0.2218    0.0391    0.0000    0.0000    0.0000    0.0000    0.0000    0.0000    3.9600   -0.0337    0.0044    1.0608    0.0000 
   1.7441 4289.2764   -0.0986   -2.3422  180.0039   -0.7586   -0.2218   -0.0830    0.0000    0.0000    0.0000    0.0000    0.0000    0.0000    3.9600   -0.0417    0.0007    1.0701  -15.6860 
   1.7866 4289.2334   -0.3487   -1.8751  180.0003    0.4621    0.1444   -0.1440    0.0000    0.0000    0.0000    0.0000    0.0000    0.0000    3.9600   -0.0300    0.0085    1.0701  -14.4653 
   1.8291 4289.1909   -0.1244   -2.4607  180.0067    0.2790   -0.2218   -0.0830    0.0000    0.0000    0.0000    0.0000    0.0000    0.0000    3.9600   -0.0459    0.0037    1.0649  -14.6484 
   1.8716 4289.1484    0.1463   -2.6366  180.0019    0.3400    0.2055   -0.0830    0.0000    0.0000    0.0000    0.0000    0.0000    0.0000    3.9600   -0.0483   -0.0020    1.0610    0.0000 
   1.9141 4289.1060   -0.0424   -2.3627  180.0043   -0.2093   -0.2828   -0.0220    0.0000    0.0000    0.0000    0.0000    0.0000    0.0000    3.9600   -0.0383    0.0054    1.0657  -15.1367 
   1.9566 4289.0635   -0.0731   -1.9523  180.0070   -0.0262    0.0224    0.1611    0.0000    0.0000    0.0000    0.0000    0.0000    0.0000    3.9600   -0.0347    0.0056    1.0698  -14.9536 
   1.9991 4289.0210    0.1510   -1.8566  180.0156   -0.8196   -0.0387    0.4663    0.0000    0.0000    0.0000    0.0000    0.0000    0.0000    3.9600   -0.0349   -0.0007    1.0586  -15.7471 
   2.0416 4288.9785   -0.3081   -2.6698  180.0140    0.0349    0.0834   -0.2661    0.0000    0.0000    0.0000    0.0000    0.0000    0.0000    3.9600   -0.0508    0.0076    1.0581    0.0000 
   2.0841 4288.9360   -0.0611   -2.4015  180.0127    0.1569    0.0224   -0.1440    0.0000    0.0000    0.0000    0.0000    0.0000    0.0000    3.9600   -0.0464    0.0005    1.0713  -14.7705 
   2.1266 4288.8936   -0.2494   -2.1791  180.0106   -0.5755   -0.3439   -0.2661    0.0000    0.0000    0.0000    0.0000    0.0000    0.0000    3.9600   -0.0386    0.0051    1.0618  -15.5029 
   2.1691 4288.8511    0.1063   -2.2764  180.0123   -0.5145   -0.1608    0.4053    0.0000    0.0000    0.0000    0.0000    0.0000    0.0000    3.9600   -0.0415   -0.0063    1.0715  -15.4419 
   2.2116 4288.8086    0.1681   -2.2642  180.0141   -0.3924   -0.4049   -0.3271    0.0000    0.0000    0.0000    0.0000    0.0000    0.0000    3.9600   -0.0254    0.0117    1.0591    0.0000 
   2.2541 4288.7661    0.0380   -2.1132  180.0026   -0.3924   -0.1608   -0.2661    0.0000    0.0000    0.0000    0.0000    0.0000    0.0000    3.9600   -0.0376   -0.0020    1.0657  -15.3198 
   2.2966 4288.7236    0.1492   -1.9544  180.0008   -0.0872    0.0834    0.1001    0.0000    0.0000    0.0000    0.0000    0.0000    0.0000    3.9600   -0.0327    0.0027    1.0601  -15.0146 
   2.3391 4288.6812   -0.2787   -2.4859  180.0008    0.1569    0.0224   -0.0220    0.0000    0.0000    0.0000    0.0000    0.0000    0.0000    3.9600   -0.0442    0.0051    1.0581  -14.7705 
   2.3816 4288.6387    0.0562   -1.9452  180.0013   -1.0638   -0.0387    0.1611    0.0000    0.0000    0.0000    0.0000    0.0000    0.0000    3.9600   -0.0359   -0.0002    1.0640    0.0000 
   2.4241 4288.5962   -0.2468   -2.1435  179.9980    0.5842   -0.0997   -0.3271    0.0000    0.0000    0.0000    0.0000    0.0000    0.0000    3.9600   -0.0454    0.0049    1.0684  -14.3433 
   2.4666 4288.5537   -0.1170   -2.0680  179.9978   -0.1482    0.3886    0.1001    0.0000    0.0000    0.0000    0.0000    0.0000    0.0000    3.9600   -0.0371    0.0007    1.0635  -15.0757 
   2.6016    0.0015    0.0000    0.0000  179.9926    0.3400    0.3275    0.0391    0.0000    0.0000    0.0000    0.0000    0.0000    0.0000    3.9600   -0.0400    0.0022    1.0645    0.0000 
   2.6441    0.0009    0.0000    0.0000  179.9996   -0.5755   -0.3439   -0.0220    0.0000    0.0000    0.0000    0.0000    0.0000    0.0000    3.9600   -0.0388    0.0059    1.0625  -15.5029 
   2.6866    0.0009    0.0000    0.0000  179.9948   -0.8196    0.0224   -0.0830    0.0000    0.0000    0.0000    0.0000    0.0000    0.0000    3.9600   -0.0422   -0.0029    1.0732  -15.7471 
   2.7291    0.0009    0.0000    0.0000  180.0020   -0.3924   -0.0387    0.1001    0.0000    0.0000    0.0000    0.0000    0.0000    0.0000    3.9600   -0.0332   -0.0002    1.0513  -15.3198 
   2.7716    0.0015    0.0000    0.0000  180.0020    0.4011    0.3275    0.0391    0.0000    0.0000    0.0000    0.0000    0.0000    0.0000    3.9600   -0.0356    0.0002    1.0667  -14.5264 
   2.8141    0.0009    0.0000    0.0000  180.0025   -0.8196   -0.0997    0.4053    0.0000    0.0000    0.0000    0.0000    0.0000    0.0000    3.9600   -0.0432    0.0034    1.0571  -15.7471 
   2.8566    0.0009    0.0000    0.0000  180.0037    0.0959    0.2055   -0.3882    0.0000    0.0000    0.0000    0.0000    0.0000    0.0000    3.9600   -0.0437    0.0000    1.0632  -14.8315 
   2.8991    0.0009    0.0000    0.0000  180.0083   -0.5755    0.2055    0.3443    0.0000    0.0000    0.0000    0.0000    0.0000    0.0000    3.9600   -0.0437   -0.0015    1.0654  -15.5029 
   2.9416    0.0015    0.0000    0.0000  180.0135   -0.3314   -0.3439    0.0391    0.0000    0.0000    0.0000    0.0000    0.0000    0.0000    3.9520   -0.0447   -0.0017    1.0647    0.0000 
   2.9841    0.0009    0.0000    0.0000  180.0104   -0.4534    0.0224   -0.2661    0.0000    0.0000    0.0000    0.0000    0.0000    0.0000    3.9600   -0.0476    0.0037    1.0667  -15.3809 
   3.0266    0.0009    0.0000    0.0000  180.0103   -0.0262   -0.2218   -0.3882    0.0000    0.0000    0.0000    0.0000    0.0000    0.0000    3.9600   -0.0444   -0.0046    1.0669  -14.9536 
   3.0691    0.0009    0.0000    0.0000  180.0108    0.0959   -0.1608   -0.2051    0.0000    0.0000    0.0000    0.0000    0.0000    0.0000    3.9600   -0.0461   -0.0010    1.0635  -14.8315 
   3.1116    0.0015    0.0000    0.0000  180.0071    0.4621    0.1444    0.2222    0.0000    0.0000    0.0000    0.0000    0.0000    0.0000    3.9600   -0.0422   -0.0042    1.0583    0.0000 
   3.1541    0.0009    0.0000    0.0000  180.0156   -0.6365    0.0224   -0.0220    0.0000    0.0000    0.0000    0.0000    0.0000    0.0000    3.9520   -0.0439    0.0032    1.0598  -15.5640 
   3.1966    0.0009    0.0000    0.0000  180.0226   -1.8572   -0.1608    0.5274    0.0000    0.0000    0.0000    0.0000    0.0000    0.0000    3.9600   -0.0354    0.0032    1.0605  -16.7847 
   3.2391    0.0009    0.0000    0.0000  180.0275    0.1569    0.2665   -0.1440    0.0000    0.0000    0.0000    0.0000    0.0000    0.0000    3.9600   -0.0393    0.0029    1.0588  -14.7705 
   3.2816    0.0015    0.0000    0.0000  180.0349   -0.6976   -0.0997    0.1611    0.0000    0.0000    0.0000    0.0000    0.0000    0.0315    3.9600   -0.0493    0.0020    1.0652    0.0000 
   3.3241    0.0009    0.0000    0.0000  180.0348   -0.6976    0.0834    0.2222    0.0000    0.0000    0.0000    0.0000    0.0000    0.0499    3.9600   -0.0447   -0.0005    1.0630  -15.6250 
   3.3666    0.0010   -0.1588    0.0438  180.0326   -0.1482   -0.1608    0.1611   -0.4577   -0.2568   -0.0000   -0.0000    0.0000    0.1030    3.9280   -0.0378    0.0100    1.0627   -0.0028 
   3.4091    0.0010    0.2424    0.0238  180.0418   -0.5755    0.0834    0.2222   -0.1018   -0.4755   -0.0000   -0.0000    0.0000    0.1584    3.8800   -0.0376   -0.0039    1.0581   -0.0039 
   3.4516    0.0015    0.4729   -0.4029  180.0346   -4.1766    1.4262   -0.2661   -0.3043   -0.3900   -0.0000    0.0000    0.0000    0.2000    3.8720   -0.0476   -0.0183    1.0647    0.0046 
   3.4941    0.0010    0.1317   -0.1580  180.0443   -0.2703    2.8300    2.0532   -0.0986   -0.2205   -0.0000   -0.0000    0.0000    0.2298    3.8240   -0.0071    0.0017    1.0674   -0.0358 
   3.5366    0.0010   -0.5890    0.1669  180.0763    0.6452    2.0365   -2.3413    0.0800   -0.8304    0.0000   -0.0000    0.0000    0.2346    3.8400    0.0068    0.0115    1.1072    0.0409 
   3.5791    0.0010   -0.8313    0.0401  180.0911    0.4011    0.6327   -1.6699   -0.6842   -0.6117   -0.0000   -0.0000    0.0000    0.2346    3.8480   -0.0686   -0.0503    1.0884    0.0291 
   3.6216    0.0015   -0.7281   -0.5485  180.1145   -5.8856   -2.2359   -1.4258   -0.7257   -0.7818   -0.0000   -0.0000    0.0000    0.2489    3.8400   -0.1909   -0.0442    1.0828    0.0249 
   3.6641    0.0010   -0.6302   -0.2332  180.1028   -3.4441   -2.2970    0.1001   -0.1040   -0.5772    0.0000   -0.0000    0.0000    0.2942    3.8080   -0.1318   -0.1553    1.0549   -0.0017 
   3.7066    0.0010   -1.2072    0.0582  180.1016   -4.7259   -0.7711   -0.6323   -0.0989   -1.1467    0.0000   -0.0000    0.0000    0.3029    3.7760   -0.1282    0.1892    1.3896    0.0110 
   3.7491    0.0010   -0.8345   -0.1895  180.0667   -6.8621   -4.6774   -1.3037   -0.1649   -0.1656    0.0000   -0.0000    0.5636    0.3443    3.7680   -0.0710    0.0100    1.7544    0.0326 
   3.7916    0.0015   -0.6081    0.0517  180.0282   -2.5897    4.0507    0.2832   -0.2832   -1.0070    0.0000   -0.0000    1.1272    0.3600    3.7440    0.1238    0.1072   -0.0073    0.0147 
   3.8341    0.0010   -2.3652    1.5475  180.0009    1.0114    0.7548    1.6260   -0.0560   -1.8944    0.0000   -0.0000    1.1272    0.3714    3.7440    0.2861    0.1116    0.4211   -0.0087 
   3.8766    0.0010   -1.9360    1.9412  180.0769   -0.5145    0.5717    4.3726   -1.3260   -1.1645    0.0000   -0.0000    1.1272    0.3752    3.7440   -0.3713   -0.3059    1.4993   -0.0566 
   3.9191    0.0010   -1.4362    1.9656  180.3139   -1.1248    0.9989    5.5933   -0.1887   -1.2904    0.0000   -0.0000    1.4090    0.3789    3.7360    0.3616    0.4607    0.9253   -0.0730 
   3.9616    0.0015   -1.1060    1.3144  180.4779   -0.8807    3.8676    1.0156    0.2176   -1.3798    0.0000   -0.0000    1.4090    0.3899    3.7280    0.4011    0.1272    0.9485    0.0069 
   4.0041    0.0010   -1.2798    1.3386  180.3804   -0.0872    1.5482   -4.6606   -0.0055   -1.8090    0.0000   -0.0000    1.4090    0.3899    3.7280    0.2515    0.0522    0.9719    0.1059 
   4.0466    0.0010   -1.4132    1.1932  180.1555   -1.4300   -0.5880   -5.3931   -0.0750   -1.3561    0.0000   -0.0000    1.6908    0.3970    3.7280    0.1067    0.2944    1.2427    0.1236 
   4.0891    0.0011   -1.5758    0.7389  180.1537   -4.7869    2.1586    4.4336    0.6717   -1.5636    0.0000   -0.0000    1.4090    0.3935    3.7280   -0.1270    0.3120    1.1709   -0.0528 
   4.1316    0.0015   -1.6741    0.9340  180.2682    2.6594    0.9989    0.1001    0.3174   -1.8778    0.0000   -0.0000    1.6908    0.4006    3.7200    0.1509    0.1665    0.7466    0.0278 
   4.1741    0.0010   -1.1794    0.9463  180.3219   -2.5897   -3.8229    0.7105    0.7358   -1.3088    0.0000   -0.0000    1.6908    0.4041    3.7200   -0.1973    0.0879    1.3687    0.0171 
   4.2166    0.0010   -1.4239    0.6104  180.5140   -1.5521    3.9286    5.7764    0.7162   -1.7095    0.0000   -0.0000    1.6908    0.4041    3.7200   -0.3252   -0.4805    0.9990   -0.0713 
   4.2591    0.0010   -1.0089    0.8572  180.6996   -0.9417    5.2103    4.6777   -0.2685   -2.1098    0.0000   -0.0000    1.6908    0.4178    3.7040    0.3552    0.1265    0.8398   -0.0521 
   4.3016    0.0015   -1.4960    0.6516  180.8763   -0.6365   -7.3019    3.6401    0.3735   -2.1567    0.0000   -0.0000    1.6908    0.4278    3.6880   -0.3660    0.2505    1.3167   -0.0340 
   4.3441    0.0010   -1.1337    0.5519  181.0311   -1.1858    7.1635    1.7481   -0.3350   -2.5232    0.0000   -0.0000    1.6908    0.4563    3.6480    0.2993    0.1353    0.7610   -0.0010 
   4.3866    0.0010   -1.0389    0.2077  181.0844   -0.2703    4.7221    4.4336   -0.0174   -2.8383    0.0000   -0.0000    1.6908    0.4594    3.6560   -0.0762   -0.4067    0.9500   -0.0479 
   4.4291    0.0010   -1.0123    0.4690  181.2503   -9.6697    2.5858    7.2412    0.5667   -2.1527    0.0000   -0.0000    1.6908    0.4594    3.6480   -0.0256   -0.4500    0.9468   -0.0969 
   4.4716    0.0015   -1.0502    0.5936  181.4779    6.8708   -2.2359    5.7153    0.1689   -1.8681    0.0000   -0.0000    1.6908    0.4594    3.6640    0.2407   -0.3577    0.8127   -0.0702 
   4.5141    0.0010   -1.3397    0.5870  181.6977   -4.7869   -0.4049    0.9546    0.5724   -2.9416    0.0000   -0.0000    1.4090    0.4624    3.6640   -0.1995    0.5889    1.1978    0.0079 
   4.5566    0.0010   -1.4573    0.4582  181.7021    1.3776   -3.5787   -1.7920    0.7743   -2.5173    0.0000   -0.0000    1.6908    0.4594    3.6720   -0.3843    0.1887    1.1587    0.0608 
   4.5991    0.0010   -1.8765    0.3233  181.6755   -2.2234    0.3886   -2.7075    0.1918   -1.5583    0.0000   -0.0000    1.6908    0.4624    3.6640   -0.0823   -0.5403    0.8079    0.0768 
   4.6416    0.0015   -1.4250    0.6852  181.5952   -4.6038   10.0932   -0.8765    0.3612   -2.6061    0.0000   -0.0000    1.6908    0.4624    3.6560    0.3931   -0.2656    0.8674    0.0448 
   4.6841    0.0010   -1.5913    0.2619  181.5779   -1.7352   -0.3439   -0.8154    0.4124   -2.6426    0.0000   -0.0000    1.6908    0.4653    3.6400   -0.1270    0.4402    1.0891    0.0437 
   4.7266    0.0010   -1.7107   -0.2097  181.5991    6.0773  -11.2692   -1.4868    0.7323   -2.5758    0.0000   -0.0000    1.6908    0.4653    3.6560   -0.5840    0.0654    1.1306    0.0555 
   4.7691    0.0010   -1.4453    0.3224  181.5161   -2.9559    8.9945   -0.9985    0.9856   -2.2927    0.0000   -0.0000    1.6908    0.4770    3.5920    0.3101   -0.2981    1.0293    0.0469 
   4.8116    0.0015   -2.0987    0.1722  181.5463   -1.1858   -7.7901    1.4429    0.3587   -2.6913    0.0000   -0.0000    1.6908    0.4770    3.6400   -0.0608    0.3806    1.0696    0.0043 
   4.8541    0.0010   -1.6178   -0.2896  181.5938    9.7394    5.3324   -0.1440    0.2486   -2.4369    0.0000   -0.0000    1.6908    0.4826    3.6400    0.5540    0.2842    0.9944    0.0320 
   4.8966    0.0010   -1.8889    0.1950  181.5897   -5.7635   -1.3815   -1.1206    0.4561   -2.0654    0.0000   -0.0000    1.6908    0.4882    3.6240   -0.4536   -0.1289    0.8813    0.0491 
   4.9391    0.0010   -1.7132    0.3318  181.6314    0.8893   -0.8932    4.4946    0.5522   -2.4061    0.0000   -0.0000    1.6908    0.4963    3.6240   -0.0232   -0.0735    1.3145   -0.0489 
   4.9816    0.0015   -1.9137    0.7284  181.6933   -1.3079    4.6610    2.2363    0.5439   -2.3562    0.0000   -0.0000    1.6908    0.4990    3.6240   -0.0178    0.6370    1.2959   -0.0095 
   5.0241    0.0010   -2.4162    0.9364  182.0023  -13.2098   10.5204    8.6450    0.5055   -2.6242    0.0000   -0.0000    1.6908    0.5068    3.6080    0.0930    0.0518    0.8843   -0.1214 
   5.0666    0.0010   -2.6324    0.8670  182.4460    9.5563   -0.5880   12.7954    0.3696   -3.0638    0.0000   -0.0000    1.6908    0.5094    3.6080    0.1675   -0.8210    0.9302   -0.1938 
   5.1091    0.0010   -2.6960    0.8150  182.9601   -5.8245    4.6610   12.9175   -0.2272   -2.3916    0.0000   -0.0000    1.6908    0.5119    3.6080   -0.1633   -0.2375    1.1902   -0.1959 
   5.1516    0.0015   -2.9401    1.2550  183.5380    4.2463    5.6376   15.9082   -0.3554   -2.3541    0.0000   -0.0000    1.6908    0.5267    3.5840    0.0825    0.7461    1.1301   -0.2481 
   5.1941    0.0010   -3.1746    1.2872  184.2028   -1.9183   -0.2828   15.5420    0.3322   -2.5657    0.0000   -0.0000    1.6908    0.5290    3.5920   -0.7649   -1.0339    1.0576   -0.2417 
   5.2366    0.0010   -3.5700    1.8295  184.9276   -2.1014   -5.1656   19.3262    0.1317   -2.0115    0.0000   -0.0000    1.6908    0.5314    3.5760   -0.7854   -0.5471    1.0640   -0.3078 
   5.2791    0.0010   -3.4316    2.2996  185.8772    8.7629   -1.9308   29.0918    0.1381   -2.8614    0.0000   -0.0000    1.6908    0.5337    3.5760   -0.4631   -0.6221    1.3501   -0.4782 
   5.3216    0.0015   -3.4902    2.3771  187.0295   -4.2376    7.2245   25.3076    0.7193   -2.9083    0.0000   -0.0000    1.6908    0.5337    3.5440   -0.8577   -0.9587    0.9861   -0.4122 
   5.3641    0.0010   -3.4101    2.1825  188.1940    5.1618    1.6703   29.7022    0.2255   -3.0515    0.0000   -0.0000    1.6908    0.5337    3.5520   -0.5996   -0.1079    1.1003   -0.4889 
   5.4066    0.0010   -3.2966    2.7115  189.3401   -7.8387    4.4169   27.5049    0.1338   -3.0304    0.0000   -0.0000    1.6908    0.5337    3.5840   -0.3855   -0.3491    0.5740   -0.4505 
   5.4491    0.0010   -3.3613    3.0573  190.5568    1.9269    2.8910   32.4487    0.7162   -2.6648    0.0000   -0.0000    1.6908    0.5450    3.5440   -0.3213   -0.1050    0.9465   -0.5368 
   5.4916    0.0015   -3.7634    3.4553  191.7591   -3.5662    1.8534   28.4204    0.2569   -2.5847    0.0000   -0.0000    1.6908    0.5450    3.5680    0.3345    0.3367    0.7434   -0.4665 
   5.5341    0.0010   -3.8396    3.1238  193.0582    3.0256    6.3090   27.5049    0.6321   -3.2496    0.0000   -0.0000    1.6908    0.5450    3.5600    0.0264    0.6033    1.1707   -0.4505 
   5.5766    0.0010   -3.6289    3.1787  194.3476   -2.7728    1.7924   25.4907    0.4012   -3.2461    0.0000   -0.0000    1.6908    0.5493    3.4960   -0.8994   -0.4661    1.3193   -0.4154 
   5.6191    0.0010   -3.8243    3.7007  195.4208    4.2463    5.9428   28.5425   -0.3760   -3.1381    0.0000   -0.0000    1.6908    0.5493    3.5520   -0.5227   -1.3193    0.9470   -0.4687 
   5.6616    0.0015   -3.7025    3.9302  196.4399  -12.7215   12.4125   21.6455    0.7353   -3.3655    0.0000   -0.0000    1.6908    0.5472    3.5360   -0.0139   -0.7119    0.9009   -0.3483 
   5.7041    0.0010   -4.0581    3.5283  197.5261   -0.8196   -3.7618   24.6973   -0.3826   -3.9370    0.0000   -0.0000    1.6908    0.5493    3.5440   -0.3477    0.1240    1.4307   -0.4015 
   5.7466    0.0010   -3.5784    3.5633  198.7020    8.0915   -2.9684   27.9321    1.1999   -4.1981    0.0000   -0.0000    1.6908    0.5493    3.5600    0.0430   -0.4419    1.0693   -0.4580 
   5.7891    0.0010   -3.7825    3.4610  199.9238   -6.6180    4.7831   30.6177    2.0264   -4.3546    0.0000   -0.0000    1.6908    0.5493    3.5680    0.6147    0.4492    0.9658   -0.5049 
   5.8316    0.0015   -2.8662    3.1969  201.1167    6.2604    4.6000   26.2232    1.6569   -3.6441    0.0000   -0.0000    1.6908    0.5515    3.5600   -0.2920   -0.3875    1.0801   -0.4282 
   5.8741    0.0010   -3.3680    3.6474  202.1985   -5.8245    4.1727   22.3779    1.3468   -4.3427    0.0000   -0.0000    1.6908    0.5515    3.5360   -0.4021    0.5654    1.2034   -0.3611 
   5.9166    0.0010   -3.0326    3.6340  203.2722   -0.9417    3.7455   24.0869    2.0605   -4.3745    0.0000   -0.0000    1.6908    0.5536    3.4720   -0.7937   -0.9736    1.1196   -0.3909 
   5.9591    0.0010   -3.1950    4.1601  204.1523   10.6550    7.1635   20.3027    1.5672   -3.5579    0.0000   -0.0000    1.6908    0.5598    3.5440   -0.0750   -1.4709    1.0967   -0.3248 
   6.0016    0.0015   -2.9872    4.5328  205.0653   -6.4349   18.4550   23.7817    2.5506   -4.4129    0.0000   -0.0000    1.6908    0.5678    3.4880    0.3044    0.6113    1.1831   -0.3856 
   6.0441    0.0011   -2.7082    4.8778  205.8430   -1.6741    2.4027   18.7158    0.8514   -4.6944    0.0000   -0.0000    1.6908    0.5698    3.5360    0.6333   -0.1086    0.6406   -0.2971 
   6.0866    0.0010   -2.5726    4.1417  206.7254   -1.1858    2.9520   22.1948    1.6587   -4.6820    0.0000   -0.0000    2.2544    0.5736    3.5360    0.3286   -0.1440    1.3398   -0.3480 
   6.1291    0.0010   -2.1890    4.0398  207.7001   20.2375   13.8773   22.3169    2.3791   -5.6116    0.0000   -0.0000    2.2544    0.5736    3.5280    1.2295    1.2107    0.9109   -0.3502 
   6.1716    0.0015   -1.3862    3.8782  208.5943    2.4152    1.1820   22.8662    1.6681   -4.8465    0.0000   -0.0000    2.2544    0.5774    3.5360    0.0051   -0.3606    0.6431   -0.3597 
   6.2141    0.0011   -1.6324    3.8456  209.5368    1.5607   -1.1984   18.5327    1.9206   -4.8093    0.0000   -0.0000    2.5362    0.5829    3.5200   -0.1147    0.2346    1.2915   -0.2792 
   6.2566    0.0010   -1.1915    3.6250  210.5141   12.9133    2.3417   24.6973    1.5566   -5.1017    0.0000   -0.0000    2.5362    0.5829    3.5200    0.3232   -1.3489    1.0762   -0.3868 
   6.2991    0.0010   -1.1359    3.7143  211.5342   -3.7493   14.1215   22.9273    1.7300   -4.9730    0.0000   -0.0000    2.5362    0.5829    3.5200   -0.0801    0.0588    0.5525   -0.3559 
   6.3416    0.0015   -1.4531    3.5828  212.5697    0.0349    2.0975   23.4766    0.9186   -5.0903    0.0000   -0.0000    2.5362    0.5829    3.5120    0.1157    0.5664    0.7666   -0.3655 
   6.3841    0.0011   -1.4023    3.1191  213.4788   -3.0779   -8.1564   18.9600    2.3906   -5.4931    0.0000   -0.0000    2.5362    0.5829    3.5040   -0.2258   -0.1907    0.9968   -0.2866 
   6.4266    0.0010   -1.1685    3.2560  214.5354   -4.1766   -6.6915   26.1621    2.3874   -4.7081    0.0000   -0.0000    2.8180    0.5829    3.5200   -0.2686    0.1829    0.7839   -0.4074 
   6.4691    0.0010   -1.1335    3.2979  215.5464    1.3166   -6.9967   23.4766    0.7895   -4.8442    0.0000   -0.0000    2.8180    0.5829    3.5200   -0.4802   -0.3401    1.0654   -0.3606 
   6.5116    0.0015   -1.4555    3.0480  216.5034    8.5187   -4.5553   23.2935    2.4678   -5.8374    0.0000   -0.0000    2.5362    0.5829    3.5040   -0.3613    1.4717    1.3049   -0.3623 
   6.5541    0.0010   -1.0598    2.9578  217.4463    3.5139   -2.2970   20.0586    2.5315   -6.1785    0.0000   -0.0000    2.5362    0.5829    3.4960   -0.6262    0.0979    0.7881   -0.3058 
   6.5966    0.0010   -0.7877    3.0416  218.4472   13.4016    3.2572   26.7725    1.3776   -6.1312    0.0000   -0.0000    2.8180    0.5829    3.5200    0.1548    0.1687    0.9512   -0.4181 
   6.6391    0.0010   -0.3382    3.1532  219.4971   28.8435   -4.7384   22.6831    0.4081   -6.9580    0.0000   -0.0000    2.8180    0.5829    3.4880   -0.0234   -1.6824    0.9141   -0.3467 
   6.6816    0.0015    0.5480    3.1533  220.2366   -6.4349   -8.8888   17.0679    1.6595   -8.0121    0.0000   -0.0000    2.8180    0.5829    3.4880    0.5952   -0.0361    0.6689   -0.2487 
   6.7241    0.0010    1.0768    2.2072  220.7975   16.4533  -19.2037   14.8706    1.5972   -8.2597    0.0000   -0.0000    2.8180    0.5829    3.5200   -0.4075   -0.7529    1.0552   -0.2104 
   6.7666    0.0010    1.0171    2.2899  221.3410   -0.6365   -2.9684   10.4761    0.6504   -6.8830    0.0000   -0.0000    2.8180    0.5829    3.4960    0.0483    0.2019    1.3494   -0.1337 
   6.8091    0.0010    1.6319    2.0214  221.8709    9.8615   -1.1984   12.2461    3.2648   -8.0746    0.0000   -0.0000    2.8180    0.5829    3.5120    0.7634    0.9841    1.0042   -0.1646 
   6.8516    0.0015    2.8416    1.8717  222.4640   37.8767   -0.9542   14.3823    3.4204   -8.8260    0.0000   -0.0000    2.8180    0.5829    3.3600    0.2656   -2.0295    0.7410   -0.2018 
   6.8941    0.0011    2.9523    1.4496  223.2340    6.9318   -2.0528   19.1431    5.0559  -10.0369    0.0000   -0.0000    3.0998    0.5829    3.5200   -0.0686    0.2522    0.7278   -0.2800 
   6.9366    0.0010    2.9530    1.4588  223.9805   -3.5662   -8.5226   16.8848    5.7355  -10.0037    0.0000   -0.0000    2.8180    0.5846    3.5040   -0.9619    0.3711    1.3396   -0.2455 
   6.9791    0.0010    3.0037    1.8421  224.9549    2.5983    3.5624   23.7207    5.9964   -9.7589    0.0000   -0.0000    2.8180    0.5829    3.4800   -0.1707    1.8040    1.1357   -0.3648 
   7.0216    0.0015    3.2164    2.1138  226.0548   26.0969    6.2479   27.0166    4.9455  -10.5443    0.0000   -0.0000    2.8180    0.5829    3.4960   -0.0378   -0.9209    0.9072   -0.4223 
   7.0641    0.0010    3.5614    2.2563  227.1833   -0.0262   -3.2125   26.4063    3.4813  -10.7548    0.0000   -0.0000    2.8180    0.5360    3.5840   -0.0859    0.1797    0.5994   -0.4117 
   7.1066    0.0011    3.1238    3.0095  228.4949    1.1945    7.3466   26.5283    2.1955   -8.7897    0.0000   -0.0000    2.8180    0.4653    3.6000    0.1243   -0.0930    0.8440   -0.4138 
   7.1491    0.0011    1.8630    3.3997  229.8017  -12.8436    0.9989   32.0215    0.2552  -10.6909    0.0000   -0.0000    2.8180    0.4006    3.6800   -0.4375    0.2334    1.1030   -0.5097 
   7.1916    0.0015    1.5557    3.1704  231.1245    0.4011   -0.2218   32.0215   -0.5933  -10.8157    0.0000   -0.0000    2.5362    0.3935    3.6960   -0.3235   -0.5137    0.7668   -0.5146 
   7.2341    0.0010    1.7985    3.2396  232.4345   18.1013   -6.2643   30.6787    1.7907   -9.4596    0.0000   -0.0000    2.2544    0.4408    3.6400   -0.0156   -0.3650    0.8616   -0.4961 
   7.2766    0.0010    2.4025    3.0128  233.7314   -5.5804   -5.8981   34.3408    1.5239   -8.9170    0.0000   -0.0000    2.2544    0.4439    3.6480    0.1155    0.1106    0.9814   -0.5600 
   7.3191    0.0010    1.7330    2.8928  235.1695   -2.5286   -4.9215   33.3032    2.1382   -7.5444    0.0000   -0.0000    2.2544    0.4439    3.6400   -0.0896   -0.3923    0.7502   -0.5419 
   7.3616 4294.9487  -14.0768    2.3313  238.0607 -887.1111  -15.2364  117.2266    0.6084   -6.9666    0.0000   -0.0000    2.2544    0.4439    3.8880    0.1138   -0.3618    4.4058 -902.0386 
   7.4041 4294.9062  -35.9730    8.9572  240.6435 -411.0980  141.3798  112.8320    0.6084   -6.9666    0.0000   -0.0000    2.2544    0.4439    3.8960    0.2290    0.1367   -0.4370 -426.0254 
   7.4466 4294.8638  -47.7457    3.9319  249.7756 -187.1600  -55.8858  254.0674    0.6084   -6.9666    0.0000   -0.0000    2.2544    0.4439    3.8960   -0.0049    0.4731    0.4985 -202.0874 
   7.4891 4294.8213  -45.4063   -1.9021  260.9321  183.3845   47.2636  192.6660    0.6084   -6.9666    0.0000   -0.0000    2.2544    0.4439    3.8960   -0.1228    0.5266    1.2725  168.4570 
   7.5316 4294.7788  -26.7641   -1.7014  267.6467  563.6335   82.2977  162.8809    0.6084   -6.9666    0.0000   -0.0000    2.2544    0.4439    3.8960    0.1917    0.1333    0.5356    0.0000 
   7.5741 4294.7363    4.4461   -1.9652  273.3239  423.4968 -181.3741  195.0464    0.6084   -6.9666    0.0000   -0.0000    2.2544    0.4439    3.8960   -0.2463    0.0693    1.3049  408.5693 
   7.6166 4294.6938   16.7691   -9.2929  280.1340  126.0725 -214.7604  181.9238    0.6084   -6.9666    0.0000   -0.0000    2.2544    0.4439    3.8960   -0.6797    0.4226    1.7334    0.0000 
   7.6591 4294.6514   11.7086  -11.9939  286.6155  -40.5535  165.6718  122.5977    0.6084   -6.9666    0.0000   -0.0000    2.2544    0.4439    3.8960   -0.3335   -0.1440    0.7363  -55.4810 
   7.7016 4294.6089    2.1362   -3.2407  291.5716 -319.6062  235.5570   67.6660    0.6084   -6.9666    0.0000   -0.0000    2.2544    0.4439    3.8960   -0.6016   -0.1414    2.3364    0.0000 
   7.7441 4294.5664    0.2504   -1.6288  295.1993  100.4987 -135.0484   94.8877    0.6084   -6.9666    0.0000   -0.0000    2.2544    0.4439    3.9040    0.0283    0.1257    1.0398   85.5713 
   7.7866 4294.5239    2.3575   -4.2466  297.7253  -12.4163    8.8724   32.3877    0.6084   -6.9666    0.0000   -0.0000    2.2544    0.4439    3.9040   -0.0840   -0.0618    1.0090  -27.3438 
   7.8291 4294.4814   -0.1260   -0.6296  298.0878  -47.0232   56.6019   -4.2334    0.6084   -6.9666    0.0000   -0.0000    2.2544    0.4439    3.9040    0.0786    0.0637    1.0027  -61.9507 
   7.8716 4294.4390   -0.8994    0.5703  297.9925   61.3752  -62.8439    4.8609    0.6084   -6.9666    0.0000   -0.0000    2.2544    0.4439    3.9040    0.0332    0.0559    1.0967    0.0000 
   7.9141 4294.3965    1.2886   -1.9758  297.9349  -45.6805   48.5453   -2.5244    0.6084   -6.9666    0.0000   -0.0000    2.2544    0.4439    3.9040   -0.1064   -0.0493    1.0288  -60.6079 
   7.9566 4294.3540   -0.9491    1.1892  297.8376   13.8898  -14.4430   -3.3789    0.6084   -6.9666    0.0000   -0.0000    2.2544    0.4439    3.9040    0.0779    0.0437    1.0344   -1.0376 
   7.9991 4294.3110    0.3563   -0.7949  297.8120   -1.6741    1.4872   -0.9375    0.6084   -6.9666    0.0000   -0.0000    2.2544    0.4439    3.9040   -0.1091   -0.0471    0.9924  -16.6016 
   8.0416 4294.2686   -1.1869    1.4393  297.7302    0.1569    0.1444   -2.8296    0.6084   -6.9666    0.0000   -0.0000    2.2544    0.4439    3.9040    0.0671    0.0364    1.0513    0.0000 
   8.0841 4294.2261   -0.1551   -0.1106  297.6897  -11.8670   12.0463   -2.6465    0.6084   -6.9666    0.0000   -0.0000    2.2544    0.4439    3.9040   -0.1077   -0.0515    1.0093  -26.7944 
   8.1266 4294.1836   -1.6137    1.7997  297.6264   13.8898  -25.1241    1.4429    0.6084   -6.9666    0.0000   -0.0000    2.2544    0.4439    3.9040    0.0120    0.0427    1.0520   -1.0376 
   8.1691 4294.1411   -1.0798    1.4223  297.6299   -8.0828   11.6190   -0.7544    0.6084   -6.9666    0.0000   -0.0000    2.2544    0.4439    3.9040    0.0239    0.0437    1.0605  -23.0103 
   8.2116 4294.0986   -0.7851    1.5841  297.6188  -10.0359   12.1073   -0.5713    0.6084   -6.9666    0.0000   -0.0000    2.2544    0.4439    3.9040    0.0269    0.0278    1.0476    0.0000 
   8.2541 4294.0562   -0.7892    1.3691  297.6018    2.1101   -4.7384    0.4053    0.6084   -6.9666    0.0000   -0.0000    2.2544    0.4439    3.9040   -0.0334    0.0044    1.0571  -12.8174 
   8.2966 4294.0137   -0.5670    0.5765  297.6165   -2.4676    1.4262    0.1611    0.6084   -6.9666    0.0000   -0.0000    2.2544    0.4439    3.9040   -0.0215    0.0156    1.0527  -17.3950 
   8.3391 4293.9712   -0.6608    0.5518  297.6204   -0.5755   -0.2218   -0.2661    0.6084   -6.9666    0.0000   -0.0000    2.2544    0.4439    3.9040   -0.0310    0.0010    1.0637  -15.5029 
   8.3816 4293.9287   -0.1044    1.0486  297.6044   -0.5145    0.2665    0.0391    0.6084   -6.9666    0.0000   -0.0000    2.2544    0.4439    3.9040   -0.0198    0.0037    1.0603    0.0000 
   8.4241 4293.8862   -0.5562    0.5728  297.6026   -0.6365   -0.1608   -0.3271    0.6084   -6.9666    0.0000   -0.0000    2.2544    0.4439    3.9040   -0.0291    0.0093    1.0732  -15.5640 
   8.4666 4293.8438   -0.4638    0.9947  297.5878   -1.4910    0.4496   -0.0220    0.6084   -6.9666    0.0000   -0.0000    2.2544    0.4439    3.9040   -0.0178    0.0120    1.0537  -16.4185 
   8.5091 4293.8013   -0.4212    0.8913  297.5788   -0.5755    0.6937   -0.1440    0.6084   -6.9666    0.0000   -0.0000    2.2544    0.4439    3.9040   -0.0173    0.0024    1.0654  -15.5029 
   8.5516 4293.7588   -0.2792    0.7379  297.5745   -1.4300    0.2055   -0.1440    0.6084   -6.9666    0.0000   -0.0000    2.2544    0.4439    3.9040   -0.0244    0.0063    1.0667    0.0000 
   8.5941 4293.7163   -0.6899    0.7597  297.5734   -0.8807   -0.0997   -0.2661    0.6084   -6.9666    0.0000   -0.0000    2.2544    0.4439    3.9120   -0.0259    0.0146    1.0588  -15.8081 
   8.6366 4293.6738   -0.2192    0.7684  297.5694   -0.8807    0.0224    0.4053    0.6084   -6.9666    0.0000   -0.0000    2.2544    0.4439    3.9040   -0.0229    0.0051    1.0549  -15.8081 
   8.6791 4293.6313   -0.3547    1.0321  297.5710   -1.0027   -0.4049    0.2222    0.6084   -6.9666    0.0000   -0.0000    2.2544    0.4439    3.9120   -0.0193    0.0066    1.0632  -15.9302 
   8.7216 4293.5889   -0.4737    0.9118  297.5684   -0.8196    0.3886   -0.0220    0.6084   -6.9666    0.0000   -0.0000    2.2544    0.4439    3.9040   -0.0215    0.0076    1.0586    0.0000 
   8.7641 4293.5464   -0.5287    1.0520  297.5592   -0.8196   -0.1608   -0.6323    0.6084   -6.9666    0.0000   -0.0000    2.2544    0.4439    3.9120   -0.0198    0.0112    1.0667  -15.7471 
   8.8066 4293.5039   -0.1837    0.7569  297.5571   -1.4300   -0.0387   -0.0830    0.6084   -6.9666    0.0000   -0.0000    2.2544    0.4439    3.9120   -0.0203    0.0105    1.0691  -16.3574 
   8.8491 4293.4614   -0.2811    1.1298  297.5564   -0.7586   -0.2218    0.0391    0.6084   -6.9666    0.0000   -0.0000    2.2544    0.4439    3.9040   -0.0237    0.0078    1.0627  -15.6860 
   8.8916 4293.4189   -0.4625    1.2659  297.5526   -1.2469   -0.1608    0.2832    0.6084   -6.9666    0.0000   -0.0000    2.2544    0.4439    3.9120   -0.0149    0.0090    1.0552    0.0000 
   8.9341 4293.3765   -0.2268    0.6232  297.5519   -0.6976    0.2055   -0.1440    0.6084   -6.9666    0.0000   -0.0000    2.2544    0.4439    3.9040   -0.0229    0.0068    1.0593  -15.6250 
   8.9766 4293.3340   -0.2733    0.6502  297.5479   -0.2703    0.0834    0.0391    0.6084   -6.9666    0.0000   -0.0000    2.2544    0.4439    3.9120   -0.0166    0.0042    1.0610    0.0000 
   9.0191 4293.2915   -0.6423    1.1484  297.5462   -0.4534    0.3275    0.1611    0.6084   -6.9666    0.0000   -0.0000    2.2544    0.4439    3.9120   -0.0227    0.0144    1.0632  -15.3809 
   9.0616 4293.2485   -0.5323    0.8716  297.5442   -1.1248   -0.0997   -0.4492    0.6084   -6.9666    0.0000   -0.0000    2.2544    0.4439    3.9120   -0.0217    0.0117    1.0576    0.0000 
   9.1041 4293.2061   -0.2093    1.0839  297.5454   -0.7586   -0.2218    0.2222    0.6084   -6.9666    0.0000   -0.0000    2.2544    0.4439    3.9120   -0.0107    0.0095    1.0713  -15.6860 
   9.1466 4293.1636   -0.3787    0.7716  297.5486    0.4011   -0.0387   -0.3271    0.6084   -6.9666    0.0000   -0.0000    2.2544    0.4439    3.9120   -0.0237    0.0083    1.0713  -14.5264 
   9.1891 4293.1211   -0.6762    1.0476  297.5411   -0.1482   -0.2828   -0.0830    0.6084   -6.9666    0.0000   -0.0000    2.2544    0.4439    3.9120   -0.0117    0.0203    1.0603  -15.0757 
   9.2316 4293.0786   -0.6735    0.9297  297.5371   -0.9417    0.0834   -0.0830    0.6084   -6.9666    0.0000   -0.0000    2.2544    0.4439    3.9040   -0.0229    0.0117    1.0593  -15.8691 
   9.2741 4293.0361   -0.3845    0.6654  297.5320   -0.8196    0.2055   -0.0220    0.6084   -6.9666    0.0000   -0.0000    2.2544    0.4439    3.9120   -0.0264    0.0085    1.0691  -15.7471 
   9.3166 4292.9937   -0.7451    0.7868  297.5820   -1.1858    0.2665   -0.3882    0.6084   -6.9666    0.0000   -0.0000    2.2544    0.4439    3.9120   -0.0244    0.0142    1.0657  -16.1133 
   9.3591 4292.9512   -0.3382    0.2081  297.5769   -0.6365    1.9755   -0.1440    0.6084   -6.9666    0.0000   -0.0000    2.2544    0.4439    3.9120   -0.0181    0.0029    1.0642  -15.5640 
   9.4016 4292.9087   -0.2765    1.6237  297.5775   -0.8807   -1.8087    0.3443    0.6084   -6.9666    0.0000   -0.0000    2.2544    0.4439    3.9120    0.0051    0.0022    1.0615    0.0000 
   9.4441 4292.8662   -0.6293    1.6275  297.7449   -0.2093    0.0224    7.3633    0.6084   -6.9666    0.0000   -0.0000    2.2544    0.4439    3.9120   -0.0574    0.0547    1.0627  -15.1367 
   9.4866 4292.8237   -1.9041    1.5555  298.1689    0.2180    1.1210   16.9458    0.6084   -6.9666    0.0000   -0.0000    2.2544    0.4439    3.9120    0.0947    0.1038    1.0559    0.0000 
   9.5291 4292.7812   -1.4102    2.2341  299.8439   -1.6131    0.3886   50.3931    0.6084   -6.9666    0.0000   -0.0000    2.2544    0.4439    3.9120    0.1160    0.0784    1.0544  -16.5405 
   9.5716 4292.7388   -1.7413    1.3798  301.1931    1.3776    2.0975   47.4634    0.6084   -6.9666    0.0000   -0.0000    2.2544    0.4439    3.9120   -0.2065   -0.1504    1.0737    0.0000 
   9.6141 4292.6963   -1.1417    1.8118  304.2979   35.0080   88.4013   32.9370    0.6084   -6.9666    0.0000   -0.0000    2.2544    0.4439    3.9120   -0.0569    0.0852    1.0242   20.0806 
   9.6566 4292.6538    2.2837    5.0082  304.0274  121.5558   32.4931  -20.4077    0.6084   -6.9666    0.0000   -0.0000    2.2544    0.4439    3.9120    0.1047   -0.2546    1.3008  106.6284 
   9.6991 4292.6113    5.5067    2.9428  302.6997   34.9470  -46.7916  -49.5215    0.6084   -6.9666    0.0000   -0.0000    2.2544    0.4439    3.9120    0.0894   -0.1340    1.4487   20.0195 
   9.7416 4292.5688    5.8435    1.2779  301.5486   25.9748  -12.9171   -2.1582    0.6084   -6.9666    0.0000   -0.0000    2.2544    0.4439    3.9120   -0.1692   -0.0747    1.4214    0.0000 
   9.7841 4292.5264    3.9034   -1.5506  301.7456  -46.9012  -56.6793   11.2695    0.6084   -6.9666    0.0000   -0.0000    2.2544    0.4439    3.9120   -0.0637   -0.0991    1.5679  -61.8286 
   9.8266 4292.4839    0.8777   -1.8747  303.1677  -59.4134  -28.2369   44.4116    0.6084   -6.9666    0.0000   -0.0000    2.2544    0.4439    3.9120   -0.1282   -0.0298    1.5583  -74.3408 
   9.8691 4292.4414   -0.6057   -4.8753  307.3395  -82.3016  -31.1056  132.8516    0.6084   -6.9666    0.0000   -0.0000    2.2544    0.4439    3.9120   -0.3420   -0.2051    1.4197  -97.2290 
   9.9116 4292.3989   -0.8331   -7.1817  313.6310  -61.8548  -56.7403  117.0435    0.6084   -6.9666    0.0000   -0.0000    2.2544    0.4439    3.9120   -0.1055   -0.0266    1.5039    0.0000 
   9.9541 4292.3564   -2.6611   -7.5010  316.6844  -80.1653  -58.2052   35.8057    0.6084   -6.9666    0.0000   -0.0000    2.2544    0.4439    3.9120   -0.1594   -0.0364    1.2983  -95.0928 
   9.9966 4292.3140   -3.3812  -10.5040  318.9063  -72.9022  -83.1686   51.0034    0.6084   -6.9666    0.0000   -0.0000    2.2544    0.4439    3.9120   -0.3174   -0.1716    1.0918    0.0000 
  10.0391 4292.2715   -4.8759  -13.2093  321.3364  -67.4700  -62.2335   28.6035    0.6084   -6.9666    0.0000   -0.0000    2.2544    0.4439    3.9120   -0.0044    0.1448    1.2209  -82.3975 
  10.0816 4292.2290   -7.4752  -12.9689  324.3636 -104.9456  -22.4386   81.2769    0.6084   -6.9666    0.0000   -0.0000    2.2544    0.4439    3.9120   -0.1331   -0.0403    0.9841    0.0000 
  10.1241 4292.1860   -8.6294  -13.4619  328.9721 -101.4056  -26.9552   83.8403    0.6084   -6.9666    0.0000   -0.0000    2.2544    0.4439    3.9120   -0.1204   -0.1008    0.8735 -116.3330 
  10.1666 4292.1436   -9.9096  -13.1324  332.4414  -81.9964   -6.3253   62.1729    0.6084   -6.9666    0.0000   -0.0000    2.2544    0.4439    3.9120    0.0029    0.0283    0.8474  -96.9238 
  10.2091 4292.1011  -11.5691  -12.0322  336.5564 -104.1522    9.7269   93.7891    0.6084   -6.9666    0.0000   -0.0000    2.2544    0.4439    3.9120   -0.0627    0.0183    0.8242 -119.0796 
  10.2516 4292.0586  -12.2228  -10.8261  341.0977  -59.9627   29.8685   88.4180    0.6084   -6.9666    0.0000   -0.0000    2.2544    0.4439    3.9120   -0.0928   -0.0779    0.7930    0.0000 
  10.2941 4292.0161  -10.1015   -9.6395  344.7412  -10.0359   37.6200   71.9995    0.6084   -6.9666    0.0000   -0.0000    2.2544    0.4439    3.9120   -0.1650    0.1179    0.7659  -24.9634 
  10.3366 4291.9736  -11.3378  -10.0929  348.0966  -31.3983   28.0985   78.2861    0.6084   -6.9666    0.0000   -0.0000    2.2544    0.4439    3.9120   -0.2202    0.1833    0.7166  -46.3257 
  10.3791 4291.9312  -11.4507  -11.7276  352.0305   -8.3880   29.6244   65.6519    0.6084   -6.9666    0.0000   -0.0000    2.2544    0.4439    3.9120   -0.2271    0.1426    0.7539  -23.3154 
  10.4216 4291.8887  -12.8166  -10.8623  353.9444    3.0256   39.4511   32.5708    0.6084   -6.9666    0.0000   -0.0000    2.2544    0.4439    3.9200   -0.1543    0.3650    0.8086    0.0000 
  10.4641 4291.8462  -14.9718   -9.6049  355.9352   -4.4207   43.1742   57.7783    0.6084   -6.9666    0.0000   -0.0000    2.2544    0.4439    3.9120   -0.2104    0.3032    0.7949  -19.3481 
  10.5066 4291.8037  -16.6378   -9.6036  359.2013  -11.2566   46.2870   73.8916    0.6084   -6.9666    0.0000   -0.0000    2.2544    0.4439    3.9120   -0.1716    0.4070    0.8909  -26.1841 
  10.5491 4291.7612  -19.5378   -8.7139    3.2808  -49.5867   44.0287  103.1275    0.6084   -6.9666    0.0000   -0.0000    2.2544    0.4439    3.9120   -0.1780    0.3213    0.8438  -64.5142 
  10.5916 4291.7188  -19.5695  -10.9101    8.9494  -52.4554   31.5165   92.5073    0.6084   -6.9666    0.0000   -0.0000    2.2544    0.4439    3.9120   -0.2559    0.2278    0.8308    0.0000 
  10.6341 4291.6763  -18.7189  -10.6712   12.7170  -46.3519   33.4696   71.2671    0.6084   -6.9666    0.0000   -0.0000    2.2544    0.4439    3.9200   -0.1848    0.2610    0.8789  -61.2793 
  10.6766 4291.6338  -18.2971  -11.8055   16.8440  -32.0086   30.6620   72.9761    0.6084   -6.9666    0.0000   -0.0000    2.2544    0.4439    3.9200   -0.2468    0.2773    0.8728  -46.9360 
  10.7191 4291.5913  -17.8818  -11.3421   19.0163  -16.3836   10.8866   15.4810    0.6084   -6.9666    0.0000   -0.0000    2.2544    0.4439    3.9200   -0.1580    0.3381    0.9292  -31.3110 
  10.7616 4291.5488  -19.4996   -8.8353   19.0311  -26.3934    6.0038   23.1104    0.6084   -6.9666    0.0000   -0.0000    2.2544    0.4439    3.9120   -0.1226    0.3301    0.8928    0.0000 
  10.8041 4291.5063  -20.4998   -7.6801   19.9877  -14.9798   -2.1139   23.0493    0.6084   -6.9666    0.0000   -0.0000    2.2544    0.4439    3.9200   -0.1575    0.3499    0.8813  -29.9072 
  10.8466 4291.4639  -20.9934   -6.6274   20.0739   -6.1297   -6.6305   19.4483    0.6084   -6.9666    0.0000   -0.0000    2.2544    0.4439    3.9120   -0.1191    0.3306    0.8970  -21.0571 
  10.8891 4291.4214  -22.5268   -8.1217   21.3677    4.0632  -14.1378   12.0020    0.6084   -6.9666    0.0000   -0.0000    2.2544    0.4439    3.9200   -0.1741    0.4016    0.9365  -10.8643 
  10.9316 4291.3789  -21.0968   -8.9447   21.5331  -12.1111  -16.1520    0.2222    0.6084   -6.9666    0.0000   -0.0000    2.2544    0.4439    3.9200   -0.1726    0.3396    0.9851    0.0000 
  10.9741 4291.3364  -18.8787   -9.3902   21.7057    7.7253   -4.9825    0.4053    0.6084   -6.9666    0.0000   -0.0000    2.2544    0.4439    3.9200   -0.2388    0.2954    1.0342   -7.2021 
  11.0166 4291.2939  -16.9845  -11.2791   21.8218   10.2277  -13.5885  -10.7641    0.6084   -6.9666    0.0000   -0.0000    2.2544    0.4439    3.9200   -0.2671    0.3501    1.0942   -4.6997 
  11.0591 4291.2515  -18.3119  -12.6506   21.6678   12.3640   -3.8229   -8.2007    0.6084   -6.9666    0.0000   -0.0000    2.2544    0.4439    3.9200   -0.2749    0.3875    1.0383   -2.5635 
  11.1016 4291.2090  -19.0143  -13.0105   21.3437    7.3591    7.2855   -9.6655    0.6084   -6.9666    0.0000   -0.0000    2.2544    0.4439    3.9200   -0.2786    0.3540    0.9556    0.0000 
  11.1441 4291.1665  -20.2796  -13.0142   20.8832    4.9787   13.6332  -19.1260    0.6084   -6.9666    0.0000   -0.0000    2.2544    0.4439    3.9200   -0.2825    0.3960    1.0146   -9.9487 
  11.1866 4291.1235  -20.9589  -13.9402   20.6832    1.1945   27.7323  -18.8818    0.6084   -6.9666    0.0000   -0.0000    2.2544    0.4439    3.9200   -0.3040    0.4094    1.0015    0.0000 
  11.2291 4291.0811  -22.7899  -14.3909   20.6927  -12.9046   21.5678  -12.9004    0.6084   -6.9666    0.0000   -0.0000    2.2544    0.4439    3.9200   -0.3057    0.4338    0.9885  -27.8320 
  11.2716 4291.0386  -22.4922  -15.2296   21.5791  -23.1585   29.0751    5.8984    0.6084   -6.9666    0.0000   -0.0000    2.2544    0.4439    3.9200   -0.3018    0.3611    0.9309    0.0000 
  11.3141 4290.9961  -21.8117  -15.0764   22.8410  -19.6795   16.0136   30.2515    0.6084   -6.9666    0.0000   -0.0000    2.2544    0.4439    3.9200   -0.2773    0.4084    0.9453  -34.6069 
  11.3566 4290.9536  -23.1888  -13.0276   24.0265  -43.4832   17.4174   42.3975    0.6084   -6.9666    0.0000   -0.0000    2.2544    0.4439    3.9200   -0.2524    0.3862    0.9231  -58.4106 
  11.3991 4290.9111  -22.3393  -14.2667   26.7675  -25.5389   16.8070   29.8242    0.6084   -6.9666    0.0000   -0.0000    2.2544    0.4439    3.9200   -0.2979    0.3440    0.8977  -40.4663 
  11.4416 4290.8687  -22.1935  -13.2530   27.1292  -17.4822    3.3183    0.5274    0.6084   -6.9666    0.0000   -0.0000    2.2544    0.4439    3.9200   -0.2522    0.3992    0.9553  -32.4097 
  11.4841 4290.8262  -21.2944  -12.2891   27.3962  -22.7313    8.9945   18.1055    0.6084   -6.9666    0.0000   -0.0000    2.2544    0.4439    3.9200   -0.2361    0.3374    0.9316  -37.6587 
  11.5266 4290.7837  -20.7734  -10.4905   27.3679   -3.2610   -2.9684   -0.3882    0.6084   -6.9666    0.0000   -0.0000    2.2544    0.4439    3.9200   -0.1787    0.3687    0.9539  -18.1885 
  11.5691 4290.7412  -21.9835   -8.3248   26.2985   -4.9090   -6.8746   -3.5620    0.6084   -6.9666    0.0000   -0.0000    2.2544    0.4439    3.9200   -0.1370    0.4080    0.9788  -19.8364 
  11.6116 4290.6987  -22.4261   -5.8790   25.4106   -5.7024    2.5858    1.5650    0.6084   -6.9666    0.0000   -0.0000    2.2544    0.4439    3.9200   -0.1169    0.4136    0.9705    0.0000 
  11.6541 4290.6562  -24.1678   -6.6446   25.6424   -2.2234   -0.2218   -6.7358    0.6084   -6.9666    0.0000   -0.0000    2.2544    0.4439    3.9200   -0.1526    0.4260    0.9280  -17.1509 
  11.6966 4290.6138  -24.0732   -6.3152   25.4708   -9.1204   -2.4191    7.0581    0.6084   -6.9666    0.0000   -0.0000    2.2544    0.4439    3.9200   -0.1089    0.3687    0.8630  -24.0479 
  11.7391 4290.5713  -23.2533   -5.2186   25.6411   13.2795    6.1259   18.5327    0.6084   -6.9666    0.0000   -0.0000    2.2544    0.4439    3.9200   -0.1128    0.3975    0.8582   -1.6479 
  11.7816 4290.5288  -24.6461   -4.9866   25.7560   20.2985   -0.8932   -6.0034    0.6084   -6.9666    0.0000   -0.0000    2.2544    0.4439    3.9200   -0.1030    0.4980    0.8826    0.0000 
  11.8241 4290.4863  -26.0733   -5.1132   25.5097   17.9792   -1.0763    3.3960    0.6084   -6.9666    0.0000   -0.0000    2.2544    0.4439    3.9200   -0.1235    0.4873    0.9155    3.0518 
  11.8666 4290.4438  -27.4504   -5.2877   26.1232   18.4064    0.4496   20.0586    0.6084   -6.9666    0.0000   -0.0000    2.2544    0.4439    3.9200   -0.1235    0.5151    0.9321    3.4790 
  11.9091 4290.4014  -28.8247   -5.3159   26.5204   10.7770   -3.8229   11.1475    0.6084   -6.9666    0.0000   -0.0000    2.2544    0.4439    3.9200   -0.1260    0.5166    0.9062   -4.1504 
  11.9516 4290.3589  -27.1485   -7.4876   28.2971    4.6125   -2.9684   34.8291    0.6084   -6.9666    0.0000   -0.0000    2.2544    0.4439    3.9200   -0.1501    0.4380    0.8796    0.0000 
  11.9941 4290.3164  -24.4419   -9.7065   30.6421   16.9416   -5.2877   35.0733    0.6084   -6.9666    0.0000   -0.0000    2.2544    0.4439    3.9200   -0.2324    0.4058    1.0212    2.0142 
  12.0366 4290.2739  -21.3049  -10.5332   31.8304   21.3361   -4.3111   29.8853    0.6084   -6.9666    0.0000   -0.0000    2.2544    0.4439    3.9200   -0.2793    0.4333    1.0940    6.4087 
  12.0791 4290.2314  -20.8309  -13.4154   33.8526   25.3644  -11.8795   35.1953    0.6084   -6.9666    0.0000   -0.0000    2.2544    0.4439    3.9200   -0.3459    0.5137    1.0452   10.4370 
  12.1216 4290.1890  -21.7267  -13.5377   34.6166   -2.7117  -14.0157   22.4390    0.6084   -6.9666    0.0000   -0.0000    2.2544    0.4439    3.9200   -0.1250    0.4346    0.9880    0.0000 
  12.1641 4290.1465  -21.2078  -11.6786   34.1699  -10.8294   12.7787  -19.3701    0.6084   -6.9666    0.0000   -0.0000    2.2544    0.4439    3.9200   -0.2090    0.2188    1.0107  -25.7568 
  12.2066 4290.1040  -19.3918  -10.8289   32.6997    1.0725    9.6659  -39.8169    0.6084   -6.9666    0.0000   -0.0000    2.2544    0.4439    3.9200   -0.2866    0.2390    1.1211  -13.8550 
  12.2491 4290.0610  -18.3996  -11.9086   32.3537  -34.3890   -2.1139   -2.8296    0.6084   -6.9666    0.0000   -0.0000    2.2544    0.4439    3.9200   -0.3215    0.3147    1.0703  -49.3164 
  12.2916 4290.0186  -18.0364  -12.7302   33.6741  -42.2015   -3.2125   15.2979    0.6084   -6.9666    0.0000   -0.0000    2.2544    0.4439    3.9200   -0.2009    0.1938    0.8896    0.0000 
  12.3341 4289.9761  -17.3887  -10.8346   32.3611    1.7438    0.3275  -59.6533    0.6084   -6.9666    0.0000   -0.0000    2.2544    0.4439    3.9200   -0.0947    0.2480    0.9299  -13.1836 
  12.3766 4289.9336  -18.0094   -7.5889   28.7133   -0.2093    4.2948  -55.0146    0.6084   -6.9666    0.0000   -0.0000    2.2544    0.4439    3.9200   -0.1609    0.3506    0.9954    0.0000 
  12.4191 4289.8911  -19.5674   -9.1015   28.5172  -23.7078    0.9379    6.0205    0.6084   -6.9666    0.0000   -0.0000    2.2544    0.4439    3.9200   -0.2410    0.3569    0.9927  -38.6353 
  12.4616 4289.8486  -19.8127  -10.5709   29.1413  -19.6185   -2.4191  -21.4453    0.6084   -6.9666    0.0000   -0.0000    2.2544    0.4439    3.9120   -0.2192    0.3733    1.0015    0.0000 
  12.5041 4289.8062  -19.1794  -10.9218   28.0221  -22.7313   -6.3253  -33.7744    0.6084   -6.9666    0.0000   -0.0000    2.2544    0.4439    3.9200   -0.2144    0.3242    0.9309  -37.6587 
  12.5466 4289.7637  -18.8016   -9.3887   26.7542  -17.5433   -9.0109  -15.3418    0.6084   -6.9666    0.0000   -0.0000    2.2544    0.4439    3.9200   -0.1355    0.3071    0.9065  -32.4707 
  12.5891 4289.7212  -19.0660   -7.1025   25.0968  -10.2190   -9.7433  -28.7695    0.6084   -6.9666    0.0000   -0.0000    2.2544    0.4439    3.9200   -0.1265    0.2920    0.8831  -25.1465 
  12.6316 4289.6787  -19.7534   -7.8799   24.0981    0.5842  -13.7716  -24.6802    0.6084   -6.9666    0.0000   -0.0000    2.2544    0.4439    3.9200   -0.1770    0.3530    0.9043    0.0000 
  12.6741 4289.6362  -22.0577   -8.5231   23.2785    0.1569  -15.1144  -23.7036    0.6084   -6.9666    0.0000   -0.0000    2.2544    0.4439    3.9200   -0.1733    0.4211    0.9478  -14.7705 
  12.7166 4289.5938  -24.4157   -8.4275   21.8735    2.0490  -18.0441  -29.8071    0.6084   -6.9666    0.0000   -0.0000    2.2544    0.4439    3.9200   -0.1787    0.4504    0.9343  -12.8784 
  12.7591 4289.5513  -24.8969   -8.5684   20.5807   -5.9466  -20.6686  -21.3843    0.6084   -6.9666    0.0000   -0.0000    2.2544    0.4439    3.9200   -0.1743    0.4138    0.9109  -20.8740 
  12.8016 4289.5088  -22.8682   -9.4917   20.0033    5.8942  -19.8751  -14.4263    0.6084   -6.9666    0.0000   -0.0000    2.2544    0.4439    3.9200   -0.1958    0.3428    0.9629    0.0000 
  12.8441 4289.4663  -20.0580  -10.2629   18.9895   24.9372  -18.9596  -26.3281    0.6084   -6.9666    0.0000   -0.0000    2.2544    0.4439    3.9200   -0.2522    0.3623    1.0376   10.0098 
  12.8866 4289.4238  -20.9380  -11.0309   17.4268   32.0783  -15.1144  -38.7182    0.6084   -6.9666    0.0000   -0.0000    2.2544    0.4439    3.9200   -0.2422    0.4719    1.0398   17.1509 
  12.9291 4289.3813  -21.1110  -10.3150   15.4438   20.6647  -15.1754  -29.0747    0.6084   -6.9666    0.0000   -0.0000    2.2544    0.4439    3.9200   -0.1987    0.3755    0.9502    5.7373 
  12.9716 4289.3389  -20.0462   -7.9255   12.8525   22.0075  -11.8185  -41.1597    0.6084   -6.9666    0.0000   -0.0000    2.2544    0.4439    3.9120   -0.1562    0.3472    0.9487    0.0000 
  13.0141 4289.2964  -17.3882   -7.3447   10.7740   25.5476    5.7597  -42.1973    0.6084   -6.9666    0.0000   -0.0000    2.2544    0.4439    3.9200   -0.2124    0.2671    1.0427   10.6201 
  13.0566 4289.2539  -15.8440   -8.4622    9.1840   33.2990   12.3515  -46.1035    0.6084   -6.9666    0.0000   -0.0000    2.2544    0.4439    3.9200   -0.2844    0.3477    1.0747   18.3716 
  13.0991 4289.2114  -16.2706   -9.5252    8.0431   17.1857   11.8632  -19.9194    0.6084   -6.9666    0.0000   -0.0000    2.2544    0.4439    3.9200   -0.2979    0.3926    1.0925    2.2583 
  13.1416 4289.1689  -17.5956  -11.0133    8.3852  -11.0125    6.9804   10.7202    0.6084   -6.9666    0.0000   -0.0000    2.2544    0.4439    3.9200   -0.2852    0.3523    0.9995    0.0000 
  13.1841 4289.1265  -17.0590  -12.7683    9.8841  -18.7029    4.4169   20.4248    0.6084   -6.9666    0.0000   -0.0000    2.2544    0.4439    3.9200   -0.2458    0.2617    0.9082  -33.6304 
  13.2266 4289.0840  -15.1800  -12.3583   10.4795   -4.9700    8.6283    3.3350    0.6084   -6.9666    0.0000   -0.0000    2.2544    0.4439    3.9200   -0.2312    0.2366    0.9441  -19.8975 
  13.2691 4289.0415  -16.3582  -12.5469   10.4589    3.1476    5.2714   -2.8906    0.6084   -6.9666    0.0000   -0.0000    2.2544    0.4439    3.9200   -0.2588    0.2993    0.9502  -11.7798 
  13.3116 4288.9985  -17.6800  -10.9372   10.4014   -3.3221    5.6986   15.6641    0.6084   -6.9666    0.0000   -0.0000    2.2544    0.4439    3.9200   -0.2073    0.3088    0.9629    0.0000 
  13.4141    0.0009    0.0000    0.0000   11.9718   -0.2703    8.8114   33.6694    0.6084   -6.9666    0.0000    0.0000    0.0000    0.0499    3.9200   -0.1907    0.3389    0.9731  -15.1978 
  13.4566    0.0009    0.0000    0.0000   12.9644    5.0397   10.0932   23.8428    0.6084   -6.9666    0.0000    0.0000    0.0000    0.0915    3.9200   -0.1685    0.3516    0.9873   -9.8877 
  13.4991    0.0009    0.0000    0.0000   13.2961   15.1105   12.0463   10.4151    0.6084   -6.9666    0.0000    0.0000    0.0000    0.0915    3.9200   -0.1733    0.3672    1.0144    0.1831 
  13.5416    0.0015    0.0000    0.0000   14.6567    8.3967   11.7411   35.0122    0.6084   -6.9666    0.0000    0.0000    0.0000    0.0915    3.9200   -0.1809    0.3550    1.0066    0.0000 
  13.5841    0.0009    0.0000    0.0000   15.3939    6.7487   10.4594   26.5894    0.6084   -6.9666    0.0000    0.0000    0.0000    0.0915    3.9200   -0.1216    0.3660    0.9812   -8.1787 
  13.6266    0.0009    0.0000    0.0000   16.4813    4.9787   14.4877   30.0684    0.6084   -6.9666    0.0000    0.0000    0.0000    0.0915    3.9200   -0.1348    0.3120    0.9316   -9.9487 
  13.6691    0.0009    0.0000    0.0000   17.6050   13.8898   14.8539   17.6782    0.6084   -6.9666    0.0000    0.0000    0.0000    0.0915    3.9120   -0.1545    0.2922    0.9858   -1.0376 
  13.7116    0.0015    0.0000    0.0000   18.6447    6.5656   13.2059   19.8755    0.6084   -6.9666    0.0000    0.0000    0.0000    0.0915    3.9200   -0.1721    0.3254    1.0217    0.0000 
  13.7541    0.0009    0.0000    0.0000   20.3543   -4.1155   10.4594   35.5615    0.6084   -6.9666    0.0000    0.0000    0.0000    0.0915    3.9200   -0.1829    0.2515    0.9902  -19.0430 
  13.7966    0.0009    0.0000    0.0000   21.4541   -2.5897    5.2103   30.0073    0.6084   -6.9666    0.0000    0.0000    0.0000    0.0915    3.9200   -0.1355    0.2441    0.9871  -17.5171 
  13.8391    0.0009    0.0000    0.0000   22.1450    0.3400    5.7597   25.3076    0.6084   -6.9666    0.0000    0.0000    0.0000    0.0915    3.9200   -0.0647    0.2427    0.9907  -14.5874 
  13.8816    0.0015    0.0000    0.0000   22.7818    5.4670    9.6659   27.3828    0.6084   -6.9666    0.0000    0.0000    0.0000    0.0915    3.9200   -0.0693    0.2583    0.9729    0.0000 
  13.9241    0.0010    0.0000    0.0000   23.7681   11.5095    6.9193   17.9834    0.6084   -6.9666    0.0000    0.0000    0.0000    0.0915    3.9200   -0.0781    0.2920    0.9792   -3.4180 
  13.9666    0.0010    0.0000    0.0000   24.4170   -0.6365    3.1351   29.7022    0.6084   -6.9666    0.0000    0.0000    0.0000    0.0915    3.9200   -0.0615    0.2710    1.0039  -15.5640 
  14.0091    0.0010    0.0000    0.0000   26.4697   -2.2845    7.3466   42.5806    0.6084   -6.9666    0.0000    0.0000    0.0000    0.0915    3.9200   -0.0916    0.3276    0.9900  -17.2119 
  14.0516    0.0014    0.0000    0.0000   28.8157   -7.0452    3.0741   39.2847    0.6084   -6.9666    0.0000    0.0000    0.0000    0.0915    3.9200   -0.1465    0.2981    0.9980  -21.9727 
  14.0941    0.0009    0.0000    0.0000   30.6385  -20.9612   -0.4659   39.8950    0.6084   -6.9666    0.0000    0.0000    0.0000    0.0915    3.9200   -0.1438    0.2637    1.0264  -35.8887 
  14.1366    0.0010    0.0000    0.0000   32.9182   -6.8621   -0.4049   34.3408    0.6084   -6.9666    0.0000    0.0000    0.0000    0.0915    3.9200   -0.1934    0.3064    0.9968    0.0000 
  14.1791    0.0009    0.0000    0.0000   34.2595  -12.1722  -16.8844   32.2656    0.6084   -6.9666    0.0000    0.0000    0.0000    0.0915    3.9280   -0.1670    0.3105    0.9858  -27.0996 
  14.2216    0.0015    0.0000    0.0000   35.4256   -8.6321   -5.6539   22.6831    0.6084   -6.9666    0.0000    0.0000    0.0000    0.0915    3.9280   -0.1716    0.2598    0.9800    0.0000 
  14.2641    0.0009    0.0000    0.0000   35.6484    3.8801   -9.4381    6.5088    0.6084   -6.9666    0.0000    0.0000    0.0000    0.0915    3.9280   -0.1663    0.2693    1.0073  -11.0474 
  14.3066    0.0009    0.0000    0.0000   36.4533    0.7062   -6.3253   27.9932    0.6084   -6.9666    0.0000    0.0000    0.0000    0.0915    3.9200   -0.1892    0.2839    1.0081  -14.2212 
  14.3491    0.0009    0.0000    0.0000   37.5116    8.2136   -8.7667   21.4014    0.6084   -6.9666    0.0000    0.0000    0.0000    0.0915    3.9200   -0.1904    0.2590    1.0195   -6.7139 
  14.3916    0.0015    0.0000    0.0000   38.0816   19.6882   -4.9825   14.6265    0.6084   -6.9666    0.0000    0.0000    0.0000    0.0915    3.9200   -0.2092    0.2883    1.0200    4.7607 
  14.4341    0.0009    0.0000    0.0000   38.9737   22.5568    0.1444    5.8374    0.6084   -6.9666    0.0000    0.0000    0.0000    0.0915    3.9280   -0.3438    0.3076    0.9827    7.6294 
  14.4766    0.0009    0.0000    0.0000   38.5279   18.7726   -3.7618   -0.3882    0.6084   -6.9666    0.0000    0.0000    0.0000    0.0915    3.9200   -0.1277    0.2666    1.0576    3.8452 
  14.5191    0.0009    0.0000    0.0000   38.7586    8.2746   12.9008   33.7305    0.6084   -6.9666    0.0000    0.0000    0.0000    0.0915    3.9200   -0.2402    0.2166    1.0122   -6.6528 
  14.5616    0.0014    0.0000    0.0000   41.2104   15.8430    7.1635   64.3091    0.6084   -6.9666    0.0000    0.0000    0.0000    0.0915    3.9280   -0.2856    0.1970    0.9961    0.9155 
  14.6041    0.0009    0.0000    0.0000   44.0206   24.8151   20.5302   54.9097    0.6084   -6.9666    0.0000    0.0000    0.0000    0.0915    3.9200   -0.2778    0.1919    1.0107    9.8877 
  14.6466    0.0009    0.0000    0.0000   44.5965   29.5759    4.7831   -0.5102    0.6084   -6.9666    0.0000    0.0000    0.0000    0.0915    3.9280   -0.1882    0.1196    1.0471   14.6484 
  14.6891    0.0009    0.0000    0.0000   42.2144   44.6516  -14.5651  -75.1562    0.6084   -6.9666    0.0000    0.0000    0.0000    0.0915    3.9200   -0.1526    0.1880    1.0466   29.7241 
  14.7316    0.0015    0.0000    0.0000   38.7031   27.6838   -4.6774  -56.1133    0.6084   -6.9666    0.0000    0.0000    0.0000    0.0915    3.9280   -0.2480    0.2090    1.0525    0.0000 
  14.7741    0.0009    0.0000    0.0000   37.8059   14.0729    4.7221   19.4483    0.6084   -6.9666    0.0000    0.0000    0.0000    0.0915    3.9280   -0.1963    0.2346    1.0576   -0.8545 
  14.8166    0.0009    0.0000    0.0000   40.5767   -7.0452   39.9393  107.0947    0.6084   -6.9666    0.0000    0.0000    0.0000    0.0915    3.9200   -0.2322    0.1213    1.0393  -21.9727 
  14.8591    0.0009    0.0000    0.0000   44.0942   10.6550   26.0233   30.9839    0.6084   -6.9666    0.0000    0.0000    0.0000    0.0915    3.9280   -0.2520    0.1191    1.0156   -4.2725 
  14.9016    0.0015    0.0000    0.0000   43.7211   18.5285    2.8300  -26.1450    0.6084   -6.9666    0.0000    0.0000    0.0000    0.0915    3.9280   -0.2019    0.0369    1.0149    0.0000 
  14.9441    0.0009    0.0000    0.0000   42.2997   29.9421    5.6376  -27.3657    0.6084   -6.9666    0.0000    0.0000    0.0000    0.0915    3.9280   -0.2817    0.1016    1.0464   15.0146 
  14.9866    0.0009    0.0000    0.0000   41.5443   30.2473  -21.2179   -2.0972    0.6084   -6.9666    0.0000    0.0000    0.0000    0.0739    3.9280   -0.2278    0.0845    1.1211   15.3198 
  15.0291    0.0010    0.0000    0.0000   41.0223   19.5661  -20.3024   -0.2661    0.6084   -6.9666    0.0000    0.0000    0.0000    0.0739    3.9280   -0.1992    0.1765    1.1150    4.6387 
  15.0716    0.0015    0.0000    0.0000   43.1452   -7.5335  -23.9645   85.5493    0.6084   -6.9666    0.0000    0.0000    0.0000    0.0739    3.9200   -0.3411    0.0469    1.0840    0.0000 
  15.1141    0.0009    0.0000    0.0000   47.0732   28.5993  -47.1578  102.1509    0.6084   -6.9666    0.0000    0.0000    0.0000    0.0739    3.9280   -0.2759    0.0786    1.0669   13.6719 
  15.1566    0.0009    0.0000    0.0000   50.4901   11.5095  -59.9752   71.0230    0.6084   -6.9666    0.0000    0.0000    0.0000    0.0739    3.9280   -0.2781   -0.0471    0.9924   -3.4180 
  15.1991    0.0009    0.0000    0.0000   52.2683   45.0178  -50.0875   29.0918    0.6084   -6.9666    0.0000    0.0000    0.0000    0.0739    3.9280   -0.3721   -0.0791    1.0229   30.0903 
  15.2416    0.0015    0.0000    0.0000   50.9614   59.2390  -86.7086  -29.5630    0.6084   -6.9666    0.0000    0.0000    0.0000    0.0680    3.9200   -0.3452    0.0359    1.0486    0.0000 
  15.2841    0.0010    0.0000    0.0000   51.1450    3.6970  -53.7496   62.2949    0.6084   -6.9666    0.0000    0.0000    0.0000    0.0739    3.9280   -0.3354   -0.0791    0.9609  -11.2305 
  15.3266    0.0009    0.0000    0.0000   53.7372   25.7917  -38.6129   46.3037    0.6084   -6.9666    0.0000    0.0000    0.0000    0.0739    3.9280   -0.4644   -0.1284    0.9160   10.8643 
  15.3691    0.0009    0.0000    0.0000   52.8159   34.5197  -33.2418  -24.3750    0.6084   -6.9666    0.0000    0.0000    0.0000    0.0739    3.9280   -0.4780   -0.1707    0.8975   19.5923 
  15.4116    0.0014    0.0000    0.0000   50.7900   44.9567  -30.3121  -44.2724    0.6084   -6.9666    0.0000    0.0000    0.0000    0.0739    3.9280   -0.2144   -0.0437    1.0166   30.0293 
  15.4541    0.0009    0.0000    0.0000   51.0097    0.0959   -9.1329   -0.0220    0.6084   -6.9666    0.0000    0.0000    0.0000    0.0739    3.9280   -0.4812   -0.0891    0.9099  -14.8315 
  15.4966    0.0009    0.0000    0.0000   51.1644  -15.0408   -2.6022    6.1426    0.6084   -6.9666    0.0000    0.0000    0.0000    0.0739    3.9280   -0.4404   -0.2888    0.8533  -29.9683 
  15.5391    0.0009    0.0000    0.0000   50.4289    0.2790  -25.1241  -26.5723    0.6084   -6.9666    0.0000    0.0000    0.0000    0.0739    3.9280   -0.5164   -0.0403    0.9399  -14.6484 
  15.5816    0.0014    0.0000    0.0000   49.7281   12.5471  -15.8468  -27.5488    0.6084   -6.9666    0.0000    0.0000    0.0000    0.0739    3.9280   -0.4946   -0.0930    0.9216   -2.3804 
  15.6241    0.0010    0.0000    0.0000   49.2503  -17.1771   15.0980   -6.7969    0.6084   -6.9666    0.0000    0.0000    0.0000    0.0739    3.9280   -0.4946    0.0232    0.9590  -32.1045 
  15.6666    0.0009    0.0000    0.0000   48.7705   28.5383  -27.6266  -40.3052    0.6084   -6.9666    0.0000    0.0000    0.0000    0.0739    3.9280   -0.5728   -0.0588    0.9084   13.6108 
  15.7091    0.0009    0.0000    0.0000   46.9308   -4.1766  -41.8478  -43.2349    0.6084   -6.9666    0.0000    0.0000    0.0000    0.0739    3.9280   -0.5249   -0.0864    0.8970  -19.1040 
  15.7516    0.0014    0.0000    0.0000   46.0780  -18.8860  -22.2555  -22.0557    0.6084   -6.9666    0.0000    0.0000    0.0000    0.0739    3.9280   -0.6196   -0.0923    0.8728  -33.8135 
  15.7941    0.0009    0.0000    0.0000   47.2080  -16.3226   12.1683   69.5581    0.6084   -6.9666    0.0000    0.0000    0.0000    0.0739    3.9280   -0.5989   -0.0471    0.8958  -31.2500 
  15.8366    0.0009    0.0000    0.0000   50.1259   21.7023  -18.9596   45.3272    0.6084   -6.9666    0.0000    0.0000    0.0000    0.0739    3.9280   -0.5725   -0.0320    0.8948    6.7749 
  15.8791    0.0009    0.0000    0.0000   50.6942  -17.0550  -35.7442   -2.5244    0.6084   -6.9666    0.0000    0.0000    0.0000    0.0739    3.9200   -0.5820   -0.1377    0.8596  -31.9824 
  15.9216    0.0015    0.0000    0.0000   50.7648   10.1667  -23.9645   41.2988    0.6084   -6.9666    0.0000    0.0000    0.0000    0.0739    3.9280   -0.6553   -0.0627    0.8865    0.0000 
  15.9641    0.0009    0.0000    0.0000   51.8641   19.1999  -15.5416   -6.2475    0.6084   -6.9666    0.0000    0.0000    0.0000    0.0739    3.9200   -0.5161   -0.1501    0.8071    4.2725 
  16.0066    0.0009    0.0000    0.0000   51.0917   28.9045  -17.1896    5.1050    0.6084   -6.9666    0.0000    0.0000    0.0000    0.0739    3.9280   -0.5662   -0.2000    0.8127   13.9771 
  16.0491    0.0010    0.0000    0.0000   50.8058   35.5573  -37.2091   -1.3037    0.6084   -6.9666    0.0000    0.0000    0.0000    0.0739    3.9280   -0.5984   -0.2046    0.8586   20.6299 
  16.0916    0.0015    0.0000    0.0000   50.7005   34.8249   36.2162   30.9839    0.6084   -6.9666    0.0000    0.0000    0.0000    0.0739    3.9280   -0.5969   -0.1575    0.8210    0.0000 
  16.1341    0.0009    0.0000    0.0000   50.7475   35.9846    1.1210   21.7676    0.6084   -6.9666    0.0000    0.0000    0.0000    0.0739    3.9280   -0.6467   -0.2405    0.8899   21.0571 
  16.1766    0.0009    0.0000    0.0000   50.7069   33.6652   32.0048   20.8521    0.6084   -6.9666    0.0000    0.0000    0.0000    0.0739    3.9280   -0.5500   -0.1853    0.7842   18.7378 
  16.2191    0.0009    0.0000    0.0000   50.4731   26.5241   24.1923    6.2036    0.6084   -6.9666    0.0000    0.0000    0.0000    0.0739    3.9280   -0.5640   -0.2095    0.8245   11.5967 
  16.2616    0.0015    0.0000    0.0000   50.4126   36.6560   11.6190   14.1382    0.6084   -6.9666    0.0000    0.0000    0.0000    0.0739    3.9200   -0.5173   -0.2744    0.8301   21.7285 
  16.3041    0.0009    0.0000    0.0000   49.8341   26.8293   31.5775   13.5889    0.6084   -6.9666    0.0000    0.0000    0.0000    0.0739    3.9280   -0.4963   -0.3120    0.8560   11.9019 
