   0.0016 4291.0000   -0.0528   -0.1657  180.0003   -1.3742   -0.4423    0.0933    0.0000    0.0000    0.0000    0.0000    0.0000    0.0000    3.8480   -0.0195    0.0059    1.0828    1.0753  -16.4185 
   0.0291 4290.9727   -0.1836   -1.1129  180.0044   -0.2145    0.1070    0.0933    0.0000    0.0000    0.0000    0.0000    0.0000    0.0000    3.8480   -0.0188    0.0027    1.0637    1.0641  -15.2588 
   0.0566 4290.9453   -0.2327   -1.1470  179.9999    0.8231    0.2291   -0.0898    0.0000    0.0000    0.0000    0.0000    0.0000    0.0000    3.8480   -0.0190   -0.0042    1.0742    1.0667  -14.2212 
   0.0841 4290.9175   -0.0176   -1.1318  179.9934   -0.9470    0.2901    0.1543    0.0000    0.0000    0.0000    0.0000    0.0000    0.0000    3.8480   -0.0085    0.0017    1.0735    1.0730  -15.9912 
   0.1116 4290.8901    0.4326   -1.1683  179.9910    0.7620    0.1070   -0.2729    0.0000    0.0000    0.0000    0.0000    0.0000    0.0000    3.8480   -0.0198   -0.0088    1.0686    1.0693  -14.2822 
   0.1391 4290.8628    0.4895   -1.7015  179.9906    0.7620    0.1681   -0.2119    0.0000    0.0000    0.0000    0.0000    0.0000    0.0000    3.8480   -0.0208   -0.0139    1.0540    1.0666  -14.2822 
   0.1666 4290.8350   -0.0295   -1.5501  179.9908    0.2127    0.5343   -0.0898    0.0000    0.0000    0.0000    0.0000    0.0000    0.0000    3.8480   -0.0364   -0.0034    1.0706    1.0691  -14.8315 
   0.1941 4290.8076    0.2415   -1.5946  179.9989   -0.0314    0.5343   -0.3339    0.0000    0.0000    0.0000    0.0000    0.0000    0.0000    3.8480   -0.0278   -0.0020    1.0510    1.0730  -15.0757 
   0.2216 4290.7803   -0.1032   -1.5821  179.9949    0.6400    0.1681   -0.2729    0.0000    0.0000    0.0000    0.0000    0.0000    0.0000    3.8480   -0.0300    0.0012    1.0757    1.0743  -14.4043 
   0.2491 4290.7529    0.0499   -1.5325  179.9889   -1.8625    0.1070    0.2764    0.0000    0.0000    0.0000    0.0000    0.0000    0.0000    3.8400   -0.0205   -0.0012    1.0537    1.0565    0.0000 
   0.2766 4290.7251    0.3469   -1.6757  179.9887   -1.0690    0.0460    0.7647    0.0000    0.0000    0.0000    0.0000    0.0000    0.0000    3.8480   -0.0251   -0.0022    1.0618    1.0670  -16.1133 
   0.3041 4290.6978    0.4126   -1.3506  179.9984    0.2737    0.1681    0.2764    0.0000    0.0000    0.0000    0.0000    0.0000    0.0000    3.8480   -0.0271   -0.0073    1.0613    1.0655  -14.7705 
   0.3316 4290.6704    0.1390   -1.3697  180.0018    1.4944    0.5343    0.0323    0.0000    0.0000    0.0000    0.0000    0.0000    0.0000    3.8480   -0.0181   -0.0183    1.0903    1.0835  -13.5498 
   0.3591 4290.6426    0.1047   -1.7377  179.9974    1.2503    0.0460   -0.8222    0.0000    0.0000    0.0000    0.0000    0.0000    0.0000    3.8480   -0.0415   -0.0015    1.0569    1.0646  -13.7939 
   0.3866 4290.6152    0.5709   -1.5263  179.9988    0.0296    0.1681    0.2154    0.0000    0.0000    0.0000    0.0000    0.0000    0.0000    3.8480   -0.0249   -0.0063    1.0769    1.0738  -15.0146 
   0.4141 4290.5879    0.1539   -1.8553  179.9937    0.0296    0.3512   -0.1508    0.0000    0.0000    0.0000    0.0000    0.0000    0.0000    3.8480   -0.0408   -0.0122    1.0669    1.0706  -15.0146 
   0.4416 4290.5601    0.1527   -1.2550  179.9956   -0.1535    0.1681    0.2764    0.0000    0.0000    0.0000    0.0000    0.0000    0.0000    3.8480   -0.0242   -0.0007    1.0725    1.0715  -15.1978 
   0.4691 4290.5327   -0.2293   -1.4946  179.9891   -0.0314    0.1681    0.0933    0.0000    0.0000    0.0000    0.0000    0.0000    0.0000    3.8480   -0.0276    0.0037    1.0679    1.0642  -15.0757 
   0.4966 4290.5054    0.0155   -1.6293  179.9876   -0.3976   -0.1371    0.2154    0.0000    0.0000    0.0000    0.0000    0.0000    0.0000    3.8480   -0.0354    0.0066    1.0613    1.0669  -15.4419 
   0.5241 4290.4775    0.3371   -1.6968  179.9799    2.4100    0.3512   -0.5170    0.0000    0.0000    0.0000    0.0000    0.0000    0.0000    3.8480   -0.0237   -0.0071    1.0789    1.0766  -12.6343 
   0.5516 4290.4502    0.1395   -1.7755  179.9886   -0.5807    0.0460    0.3985    0.0000    0.0000    0.0000    0.0000    0.0000    0.0000    3.8480   -0.0203   -0.0142    1.0742    1.0681  -15.6250 
   0.5791 4290.4229    0.2219   -1.8710  179.9945   -0.7639   -0.2592    0.0323    0.0000    0.0000    0.0000    0.0000    0.0000    0.0000    3.8480   -0.0374   -0.0024    1.0674    1.0680    0.0000 
   0.6066 4290.3950   -0.0409   -1.8058  179.9970   -1.0690    0.3512    0.3985    0.0000    0.0000    0.0000    0.0000    0.0000    0.0000    3.8480   -0.0396    0.0000    1.0764    1.0759  -16.1133 
   0.6341 4290.3677    0.2495   -1.4149  179.9975    1.3724   -0.0761   -0.2119    0.0000    0.0000    0.0000    0.0000    0.0000    0.0000    3.8480   -0.0229   -0.0144    1.0632    1.0647  -13.6719 
   0.6616 4290.3403    0.6182   -2.0477  179.9942   -0.7028    0.2291   -0.1508    0.0000    0.0000    0.0000    0.0000    0.0000    0.0000    3.8480   -0.0369   -0.0098    1.0813    1.0743  -15.7471 
   0.6891 4290.3125   -0.2220   -1.5959  179.9965    0.6400    0.5953   -0.4560    0.0000    0.0000    0.0000    0.0000    0.0000    0.0000    3.8480   -0.0234    0.0071    1.0613    1.0654  -14.4043 
   0.7166 4290.2852   -0.0502   -1.4326  179.9947    0.9451    0.1070    0.0323    0.0000    0.0000    0.0000    0.0000    0.0000    0.0000    3.8480   -0.0183    0.0122    1.0603    1.0624  -14.0991 
   0.7441 4290.2578   -0.2014   -1.4409  179.9946   -0.2145    0.2291    0.0933    0.0000    0.0000    0.0000    0.0000    0.0000    0.0000    3.8400   -0.0288    0.0125    1.0696    1.0686  -15.2588 
   0.7716 4290.2300    0.4526   -1.5640  179.9897    0.7620    0.1070   -0.4560    0.0000    0.0000    0.0000    0.0000    0.0000    0.0000    3.8480   -0.0225   -0.0073    1.0793    1.0700  -14.2822 
   0.7991 4290.2026   -0.0047   -1.8485  179.9857    1.3113    0.3512   -0.2729    0.0000    0.0000    0.0000    0.0000    0.0000    0.0000    3.8480   -0.0476    0.0027    1.0623    1.0662  -13.7329 
   0.8266 4290.1753   -0.2525   -1.1161  179.9879    1.7996    0.3512   -0.1508    0.0000    0.0000    0.0000    0.0000    0.0000    0.0000    3.8480   -0.0361    0.0144    1.0608    1.0612  -13.2446 
   0.8541 4290.1475   -0.2814   -1.5141  179.9935   -0.6418   -0.4423    0.1543    0.0000    0.0000    0.0000    0.0000    0.0000    0.0000    3.8480   -0.0276    0.0049    1.0659    1.0619  -15.6860 
   0.8816 4290.1201    0.3077   -1.7756  179.9926    1.9217    0.1070   -0.1508    0.0000    0.0000    0.0000    0.0000    0.0000    0.0000    3.8480   -0.0383   -0.0068    1.0732    1.0733  -13.1226 
   0.9091 4290.0928    0.1155   -1.1796  179.9918    1.2503    0.1681   -0.8222    0.0000    0.0000    0.0000    0.0000    0.0000    0.0000    3.8480   -0.0193   -0.0078    1.0571    1.0678  -13.7939 
   0.9366 4290.0654   -0.2585   -1.9069  179.9926    0.0296   -0.1371    0.0323    0.0000    0.0000    0.0000    0.0000    0.0000    0.0000    3.8480   -0.0417    0.0054    1.0798    1.0769  -15.0146 
   0.9641 4290.0376    0.2863   -1.3122  179.9909    0.5179    0.7174    0.0323    0.0000    0.0000    0.0000    0.0000    0.0000    0.0000    3.8480   -0.0195   -0.0066    1.0701    1.0695  -14.5264 
   0.9916 4290.0103   -0.1785   -1.6140  179.9884   -0.2756   -0.3812    0.3375    0.0000    0.0000    0.0000    0.0000    0.0000    0.0000    3.8480   -0.0222    0.0085    1.0613    1.0657  -15.3198 
   1.0191 4289.9829   -0.2991   -1.8794  179.9925   -0.3976   -0.4423    0.2154    0.0000    0.0000    0.0000    0.0000    0.0000    0.0000    3.8480   -0.0459    0.0063    1.0657    1.0664  -15.4419 
   1.0466 4289.9551   -0.0230   -1.2252  179.9966   -2.5339   -0.0150    0.4595    0.0000    0.0000    0.0000    0.0000    0.0000    0.0000    3.8480   -0.0232    0.0015    1.0693    1.0750  -17.5781 
   1.0741 4289.9277   -0.0164   -1.4946  179.9987    0.3348   -0.0761   -0.2119    0.0000    0.0000    0.0000    0.0000    0.0000    0.0000    3.8480   -0.0439    0.0044    1.0820    1.0777  -14.7095 
   1.1016 4289.9004   -0.2698   -1.6602  179.9913    0.3348   -0.0761   -0.0288    0.0000    0.0000    0.0000    0.0000    0.0000    0.0000    3.8480   -0.0300    0.0078    1.0764    1.0762  -14.7095 
   1.1291 4289.8726    0.1379   -1.6684  179.9868    1.9217   -0.0761   -0.7612    0.0000    0.0000    0.0000    0.0000    0.0000    0.0000    3.8480   -0.0430   -0.0151    1.0625    1.0712  -13.1226 
   1.1566 4289.8452   -0.0684   -1.5196  179.9870   -0.2145    0.1070   -0.0898    0.0000    0.0000    0.0000    0.0000    0.0000    0.0000    3.8480   -0.0308    0.0029    1.0706    1.0661  -15.2588 
   1.1841 4289.8179    0.1570   -0.9489  179.9919   -0.0925    0.1070   -0.3950    0.0000    0.0000    0.0000    0.0000    0.0000    0.0000    3.8480   -0.0337    0.0073    1.0706    1.0746  -15.1367 
   1.2116 4289.7900    0.2620   -1.1439  179.9888    0.5789    0.1070   -0.0898    0.0000    0.0000    0.0000    0.0000    0.0000    0.0000    3.8480   -0.0164   -0.0034    1.0583    1.0629  -14.4653 
   1.2391 4289.7627   -0.1753   -1.8575  179.9850    0.3348    0.5953   -0.0288    0.0000    0.0000    0.0000    0.0000    0.0000    0.0000    3.8480   -0.0320    0.0037    1.0737    1.0695  -14.7095 
   1.2666 4289.7354    0.0132   -1.4853  179.9827    0.8841    0.4732    0.1543    0.0000    0.0000    0.0000    0.0000    0.0000    0.0000    3.8480   -0.0283    0.0020    1.0674    1.0648  -14.1602 
   1.2941 4289.7075    0.2018   -1.5667  179.9771   -0.1535    0.2291    0.0933    0.0000    0.0000    0.0000    0.0000    0.0000    0.0000    3.8480   -0.0288   -0.0042    1.0811    1.0747  -15.1978 
   1.3216 4289.6802    0.2408   -1.5497  179.9780    2.0438    0.2901    0.0323    0.0000    0.0000    0.0000    0.0000    0.0000    0.0000    3.8400   -0.0178   -0.0081    1.0613    1.0691  -13.0005 
   1.3491 4289.6528    0.4215   -0.8209  179.9814   -1.1301   -0.4423   -0.0898    0.0000    0.0000    0.0000    0.0000    0.0000    0.0000    3.8480   -0.0076   -0.0095    1.0642    1.0648  -16.1743 
   1.3766 4289.6250   -0.1189   -1.4868  179.9788   -0.0925    0.4732    0.0933    0.0000    0.0000    0.0000    0.0000    0.0000    0.0000    3.8480   -0.0278    0.0027    1.0657    1.0696  -15.1367 
   1.4041 4289.5977    0.5396   -1.7518  179.9816    0.0296   -0.0150   -0.0288    0.0000    0.0000    0.0000    0.0000    0.0000    0.0000    3.8480   -0.0261   -0.0034    1.0881    1.0742  -15.0146 
   1.4316 4289.5703   -0.3307   -1.5334  179.9818   -1.2521   -0.1981   -0.0288    0.0000    0.0000    0.0000    0.0000    0.0000    0.0000    3.8480   -0.0432   -0.0024    1.0701    1.0676  -16.2964 
   1.4591 4289.5425   -0.4585   -1.3207  179.9807    0.5789   -0.1371    0.0323    0.0000    0.0000    0.0000    0.0000    0.0000    0.0000    3.8480   -0.0247    0.0083    1.0735    1.0711  -14.4653 
   1.4866 4289.5151    0.3050   -1.7067  179.9746   -0.0925    0.0460    0.0323    0.0000    0.0000    0.0000    0.0000    0.0000    0.0000    3.8480   -0.0361   -0.0085    1.0725    1.0671  -15.1367 
   1.5141 4289.4878    0.2545   -1.5366  179.9753    1.0062    0.3512   -0.3339    0.0000    0.0000    0.0000    0.0000    0.0000    0.0000    3.8480   -0.0295   -0.0056    1.0759    1.0768  -14.0381 
   1.5416 4289.4600   -0.1904   -1.3964  179.9716   -0.5807    0.2901    0.0323    0.0000    0.0000    0.0000    0.0000    0.0000    0.0000    3.8480   -0.0212    0.0066    1.0676    1.0680  -15.6250 
   1.5691 4289.4326    0.0789   -1.5022  179.9691    0.6400    0.2901   -0.2729    0.0000    0.0000    0.0000    0.0000    0.0000    0.0000    3.8480   -0.0273   -0.0020    1.0642    1.0645  -14.4043 
   1.5966 4289.4053    0.0705   -1.3973  179.9690   -0.5807   -0.2592    0.3375    0.0000    0.0000    0.0000    0.0000    0.0000    0.0000    3.8480   -0.0247    0.0000    1.0715    1.0676  -15.6250 
   1.6241 4289.3779   -0.0518   -1.5148  179.9729   -0.0925    0.1070    0.3985    0.0000    0.0000    0.0000    0.0000    0.0000    0.0000    3.8480   -0.0317    0.0078    1.0674    1.0656    0.0000 
   1.6516 4289.3501    0.5666   -2.0062  179.9755   -0.0314   -0.1371    0.1543    0.0000    0.0000    0.0000    0.0000    0.0000    0.0000    3.8480   -0.0388   -0.0120    1.0708    1.0752  -15.0757 
   1.6791 4289.3228   -0.2203   -1.3937  179.9846    0.2737   -0.1371    0.0323    0.0000    0.0000    0.0000    0.0000    0.0000    0.0000    3.8480   -0.0352   -0.0042    1.0786    1.0747  -14.7705 
   1.7066 4289.2954   -0.0808   -1.8039  179.9897   -0.2145   -0.4423    0.4595    0.0000    0.0000    0.0000    0.0000    0.0000    0.0000    3.8480   -0.0454    0.0027    1.0691    1.0708  -15.2588 
   1.7341 4289.2676    0.0806   -1.7519  179.9875    1.0672    0.8395   -0.0288    0.0000    0.0000    0.0000    0.0000    0.0000    0.0000    3.8480   -0.0383   -0.0100    1.0640    1.0718  -13.9771 
   1.7616 4289.2402    0.1913   -1.7294  179.9866   -1.4352   -0.1981    0.0323    0.0000    0.0000    0.0000    0.0000    0.0000    0.0000    3.8480   -0.0325   -0.0037    1.0757    1.0733  -16.4795 
   1.7891 4289.2129   -0.1574   -1.3905  179.9859   -0.0925   -0.1371   -0.5170    0.0000    0.0000    0.0000    0.0000    0.0000    0.0000    3.8480   -0.0251    0.0024    1.0576    1.0673  -15.1367 
   1.8166 4289.1851    0.4700   -1.3863  179.9902   -1.0080   -0.0150   -0.0898    0.0000    0.0000    0.0000    0.0000    0.0000    0.0000    3.8480   -0.0273    0.0107    1.0874    1.0671  -16.0522 
   1.8441 4289.1577    0.4617   -1.6263  179.9835    0.2127   -0.1371   -0.3950    0.0000    0.0000    0.0000    0.0000    0.0000    0.0000    3.8480   -0.0369   -0.0034    1.0703    1.0736    0.0000 
   1.8716 4289.1304    0.3175   -1.5510  179.9795    0.7620    0.2291   -0.2729    0.0000    0.0000    0.0000    0.0000    0.0000    0.0000    3.8480   -0.0254   -0.0032    1.0696    1.0766  -14.2822 
   1.8991 4289.1025    0.1863   -1.8993  179.9671   -0.6418   -0.3812    0.2154    0.0000    0.0000    0.0000    0.0000    0.0000    0.0000    3.8480   -0.0298    0.0015    1.0701    1.0705  -15.6860 
   1.9266 4289.0752    0.4173   -1.0740  179.9643    0.2127   -0.0150   -0.2119    0.0000    0.0000    0.0000    0.0000    0.0000    0.0000    3.8480   -0.0200   -0.0183    1.0864    1.0791  -14.8315 
   1.9541 4289.0479    0.0458   -1.0292  179.9541    1.3113    0.5953   -0.0898    0.0000    0.0000    0.0000    0.0000    0.0000    0.0000    3.8480   -0.0295    0.0000    1.0757    1.0700  -13.7329 
   1.9816 4289.0200    0.0315   -1.0904  179.9502    1.7386    0.1070   -0.7001    0.0000    0.0000    0.0000    0.0000    0.0000    0.0000    3.8480   -0.0232   -0.0073    1.0669    1.0669  -13.3057 
   2.0091 4288.9927    0.0832   -1.6978  179.9438   -0.8859    0.2291   -0.2729    0.0000    0.0000    0.0000    0.0000    0.0000    0.0000    3.8480   -0.0325   -0.0017    1.0818    1.0759  -15.9302 
   2.0366 4288.9653    0.0433   -1.5557  179.9461    0.5179   -0.1371    0.3985    0.0000    0.0000    0.0000    0.0000    0.0000    0.0000    3.8480   -0.0203    0.0012    1.0640    1.0638  -14.5264 
   2.0641 4288.9375   -0.0177   -1.4975  179.9452   -0.4587    0.2291    0.0323    0.0000    0.0000    0.0000    0.0000    0.0000    0.0000    3.8480   -0.0291   -0.0044    1.0835    1.0724  -15.5029 
   2.0916 4288.9102    0.0162   -1.8065  179.9406   -0.8249    0.0460   -0.3339    0.0000    0.0000    0.0000    0.0000    0.0000    0.0000    3.8480   -0.0352    0.0007    1.0581    1.0628  -15.8691 
   2.1191 4288.8828    0.2353   -1.5784  179.9407   -0.5807    0.1681    0.2154    0.0000    0.0000    0.0000    0.0000    0.0000    0.0000    3.8480   -0.0288   -0.0061    1.0564    1.0697  -15.6250 
   2.1466 4288.8550    0.5135   -2.0238  179.9417    0.8231    0.2291   -0.1508    0.0000    0.0000    0.0000    0.0000    0.0000    0.0000    3.8480   -0.0347   -0.0105    1.0505    1.0582  -14.2212 
   2.2491    0.0009    0.0000    0.0000  179.9423   -0.5807   -0.0761    0.2764    0.0000    0.0000    0.0000    0.0000    0.0000    0.0127    3.8480   -0.0193    0.0085    1.0576    1.0605  -15.6250 
   2.2766    0.0009    0.0000    0.0000  179.9549   -0.3366   -0.1371    0.5206    0.0000    0.0000    0.0000    0.0000    0.0000    0.0064    3.8480   -0.0332   -0.0007    1.0674    1.0704  -15.3809 
   2.3041    0.0015    0.0000    0.0000  179.9555   -1.8015   -0.0761    0.5816    0.0000    0.0000    0.0000    0.0000    0.0000    0.0127    3.8480   -0.0288   -0.0127    1.0859    1.0751  -16.8457 
   2.3316    0.0009    0.0000    0.0000  179.9536    0.3958    0.1070   -0.2119    0.0000    0.0000    0.0000    0.0000    0.0000    0.0680    3.8400   -0.0215   -0.0012    1.0608    1.0627  -14.6484 
   2.3591    0.0009    0.0000    0.0000  179.9506    0.3958    0.1681   -0.0288    0.0000    0.0000    0.0000    0.0000    0.0000    0.0739    3.8480   -0.0425   -0.0093    1.0767    1.0744  -14.6484 
   2.3866    0.0009    0.0000    0.0000  179.9572    1.0062    0.4122   -0.0898    0.0000    0.0000    0.0000    0.0000    0.0000    0.0680    3.8480   -0.0244   -0.0010    1.0671    1.0679  -14.0381 
   2.4141    0.0015    0.0000    0.0000  179.9564    0.0296    0.0460    0.5206    0.0000    0.0000    0.0000    0.0000    0.0000    0.0560    3.8400   -0.0261   -0.0085    1.0625    1.0672  -15.0146 
   2.4416    0.0009    0.0000    0.0000  179.9642    0.5789    0.4122   -0.1508    0.0000    0.0000    0.0000    0.0000    0.0000    0.0499    3.8480   -0.0271    0.0222    1.0532    1.0648  -14.4653 
   2.4691    0.0009    0.0000    0.0000  179.9579   -0.8249   -0.1371   -0.1508    0.0000    0.0000    0.0000    0.0000    0.0000    0.0499    3.8480   -0.0327   -0.0112    1.0745    1.0707  -15.8691 
   2.4966    0.0009    0.0000    0.0000  179.9589   -0.1535    0.0460    0.0933    0.0000    0.0000    0.0000    0.0000    0.0000    0.0499    3.8480   -0.0293   -0.0022    1.0618    1.0624  -15.1978 
   2.5241    0.0015    0.0000    0.0000  179.9600   -0.7028   -0.1371    0.2764    0.0000    0.0000    0.0000    0.0000    0.0000    0.0499    3.8480   -0.0251   -0.0054    1.0815    1.0791  -15.7471 
   2.5516    0.0009    0.0000    0.0000  179.9628    0.7620    0.2291    0.0933    0.0000    0.0000    0.0000    0.0000    0.0000    0.0499    3.8480   -0.0361    0.0081    1.0730    1.0733  -14.2822 
   2.5791    0.0009    0.0000    0.0000  179.9684    0.7620    0.1070   -0.1508    0.0000    0.0000    0.0000    0.0000    0.0000    0.0499    3.8480   -0.0291   -0.0103    1.0750    1.0743  -14.2822 
   2.6066    0.0009    0.0000    0.0000  179.9629   -0.2756   -0.4423   -0.5170    0.0000    0.0000    0.0000    0.0000    0.0000    0.0499    3.8480   -0.0100   -0.0161    1.0676    1.0697  -15.3198 
   2.6341    0.0015    0.0000    0.0000  179.9613    1.1282   -0.0150   -0.3339    0.0000    0.0000    0.0000    0.0000    0.0000    0.0499    3.8480   -0.0366   -0.0010    1.0674    1.0709  -13.9160 
   2.6616    0.0009    0.0000    0.0000  179.9557    1.1282    0.3512   -0.2119    0.0000    0.0000    0.0000    0.0000    0.0000    0.0499    3.8400   -0.0264    0.0012    1.0728    1.0720  -13.9160 
   2.6891    0.0009    0.0000    0.0000  179.9534   -0.3366   -0.3202    0.0933    0.0000    0.0000    0.0000    0.0000    0.0000    0.0620    3.8480   -0.0127    0.0122    1.0637    1.0635  -15.3809 
   2.7166    0.0009    0.0000    0.0000  179.9478    1.0062   -0.2592   -0.0898    0.0000    0.0000    0.0000    0.0000    0.0000    0.0857    3.8480   -0.0291   -0.0073    1.0706    1.0651  -14.0381 
   2.7441    0.0015   -0.1236    0.4952  179.9382    1.1282    0.1681   -0.2119    0.1303   -0.0367    2.4415   -5.1506   -0.2818    0.1030    3.8080   -0.0239    0.0002    1.0679    1.0703   -0.0012 
   2.7716    0.0010    0.0955    0.7142  179.9375    1.0672    0.2291   -0.2729   -0.1921   -0.0445   -2.6947   -7.4840    0.0000    0.1422    3.8000   -0.0095   -0.0068    1.0413    1.0498    0.0048 
   2.7991    0.0010    0.1572    0.3914  179.9368   -0.2145    1.0226   -0.5170   -0.3981   -0.2649   -2.8086  -10.5022    0.0000    0.1637    3.7920   -0.0144    0.0098    1.0752    1.0739    0.0090 
   2.8266    0.0011   -0.0344    0.7987  179.9289   -1.4963   -1.6019   -0.3950   -0.3192   -0.5350   -5.0644  -16.0380    0.0000    0.2051    3.7520   -0.0166   -0.0093    1.0464    1.0533    0.0069 
   2.8541    0.0015   -0.2138    0.7492  179.9423    1.6776    1.9381   -3.3247   -0.0914   -0.3674    0.8838  -18.7555    0.0000    0.2151    3.7440   -0.0264    0.0173    0.9629    1.0173    0.0580 
   2.8816    0.0010   -0.8099   -0.3105  179.9346   -9.2477  -10.3910   -1.4326   -0.2434   -0.3549    4.0407  -11.1561    0.0000    0.2101    3.7600   -0.2446    0.2100    1.0059    1.0240    0.0250 
   2.9091    0.0011   -1.0130    0.1539  179.9306    5.7669    7.3092    2.0464   -0.2904   -0.5829    5.6262  -20.0914    0.0000    0.2151    3.7200    0.0776    0.0232    1.2124    1.0416   -0.0357 
   2.9366    0.0010   -0.8883   -0.2675  179.9310    2.4710    3.5250   -4.9726    0.1795   -0.3831    8.6386  -14.8329    0.2818    0.2249    3.7520   -0.1191   -0.2861    1.2979    1.1067    0.0917 
   2.9641    0.0015   -0.6123   -0.3364  179.9383   -7.8439   -4.2875    3.2671    0.1076   -0.5591   12.2930  -17.5156    0.2818    0.2346    3.7360    0.0938    0.5706    1.4448    1.3902   -0.0521 
   2.9916    0.0011    0.4463   -0.7927  179.9230    5.8279  -12.5272    4.6099   -0.1642   -0.5479    1.3999  -11.5561    0.2818    0.2441    3.7440   -0.5806   -0.2661    0.3560    1.0730   -0.0755 
   3.0191    0.0010   -0.0201   -1.1266  179.9846    4.3631   -5.5692   -0.7612   -0.0999   -0.5935    6.1707  -10.4265    0.2818    0.2628    3.7200   -0.4546   -0.0020   -0.3423    0.6986    0.0182 
   3.0466    0.0011   -0.2623   -1.7897  180.0809   11.1990   -4.8368    1.4361    0.0846   -0.3676    7.9294   -4.4541    0.2818    0.2720    3.7120   -0.2029    0.2380    0.3472    0.6761   -0.0201 
   3.0741    0.0015    0.0075   -1.0211  180.1487   10.2835  -14.9686   -8.3906    0.0194   -0.1396    5.2943   -2.6829    0.2818    0.2765    3.7200   -0.6128   -0.8376    1.2334    1.1413    0.1514 
   3.1016    0.0010   -0.5574   -0.9091  179.8787  -29.3893    3.1588   -4.4843    0.0007   -0.1124   10.5064   -2.0811    0.2818    0.2810    3.6960   -0.4802   -0.8716    1.4878    1.7713    0.0832 
   3.1291    0.0011    1.3144   -0.4906  180.1721   -2.1066    4.0743    8.7603    0.0946   -0.1991   -2.9557   -3.5705    0.2818    0.2942    3.7200   -0.1411   -0.5544    2.7249    2.5304   -0.1480 
   3.1566    0.0010    0.7329   -0.0650  180.3734   -5.0363  -12.7714    0.3375    0.0626   -0.0658   -3.0862   -3.8114    0.2818    0.3114    3.6800   -0.0466   -0.6284    0.6855    1.1351   -0.0010 
   3.1841    0.0015    1.6843    0.2988  180.1731  -12.2995   17.6241  -12.5410    0.1555   -0.0654   -9.4635   -7.8856    0.2818    0.3157    3.6720    0.5293    1.0391   -0.8525    1.6156    0.2238 
   3.2116    0.0011    3.3547    0.1981  179.6151   -2.8390   -0.9306  -12.2358    0.1776   -0.3424  -28.9454  -10.0636    0.2818    0.3199    3.6880   -0.1653   -1.6880    3.9133    3.5721    0.2185 
   3.2391    0.0010    4.0992   -0.1926  179.7776   -7.2336    1.4498   14.8638    0.3992   -0.5575  -43.0871  -10.5292    0.2818    0.3199    3.7040    0.4084   -1.1680   -0.1094    1.3153   -0.2545 
   3.2666    0.0011    4.7146    0.1412  179.8562  -10.3464    5.9664   -1.6767    0.5705   -0.4893  -58.4367  -13.1954    0.2818    0.3240    3.6960    0.1897    1.7996    2.8757    2.7367    0.0342 
   3.2941    0.0015    4.2647   -0.2460  179.8103    8.3914   -9.9638   -1.1274    0.3829   -0.7141  -71.0026  -13.2459    0.2818    0.3240    3.6400   -0.4080   -2.0552    0.7842    2.8657    0.0246 
   3.3216    0.0010    3.2818   -0.3272  179.7287  -13.7643    2.1822   -3.3857    0.2058   -0.5988  -76.2694  -12.4231    0.2818    0.3363    3.6960   -1.0173   -0.9949    2.5645    3.0475    0.0640 
   3.3491    0.0011    3.0576   -0.1830  179.7530  -35.1266   14.3282    0.0323    0.1470   -0.3407  -89.4455  -13.8454    0.2818    0.3363    3.6480   -0.8396   -1.1885    3.1794    3.4914    0.0044 
   3.3766    0.0010    2.6253   -0.1331  179.8179  -42.2067    7.9195    5.0372   -0.0376   -0.4458  -94.0840  -16.1017    0.2818    0.3443    3.6480   -0.7117    1.4832    1.7646    2.6306   -0.0830 
   3.4041    0.0015    2.1282    0.7444  179.9169  -46.0519   35.8736    2.4126    0.2773   -0.4821  -96.6471  -25.2378    0.2818    0.3561    3.6720    0.5505    0.7712    0.2847    1.1837   -0.0372 
   3.4316    0.0011    0.9586    1.2424  179.9667  -32.6852   21.3473    2.2906    0.6061   -0.5793  -96.8361  -33.8279    0.2818    0.3714    3.6480    0.5095   -2.1064    0.0293    2.2561   -0.0351 
   3.4591    0.0010    1.2245    1.5701  179.8465   -7.1115   12.8024  -13.2124    0.7616   -0.5373  -95.5269  -41.5049    0.5636    0.3752    3.6240   -0.0522    2.9368    3.2473    3.0963    0.2404 
   3.4866    0.0011    1.1063    1.7466  179.7163  -20.4782    8.7740   -3.5078    0.5653   -0.4029 -101.5328  -48.2783    0.5636    0.3862    3.4320    0.1606   -0.5886    0.7798    2.3329    0.0711 
   3.5141    0.0015    0.9804    1.9460  179.6131  -16.2668    8.5909   -7.4750    0.4600   -0.4848 -101.8207  -58.6173    0.5636    0.3899    3.6480    0.2600   -2.3621   -0.2935    2.2781    0.1403 
   3.5416    0.0010    0.4535    1.7076  179.4881  -38.8498   12.5582   -4.9116    0.3608   -0.2581  -97.3410  -61.5014    0.5636    0.3899    3.6160   -1.1985    5.5508    2.2588    5.1000    0.0956 
   3.5691    0.0011    0.2113    2.3180  179.4471  -37.8122    2.8536   -2.6533    0.4174   -0.2363  -93.1888  -72.0696    0.5636    0.3899    3.5760   -1.3108    4.7004    2.9314    3.3572    0.0561 
   3.5966    0.0010   -1.2271    2.0741  179.4359  -43.2443   -0.8085    9.3096    0.5151   -0.3952  -83.2779  -80.0084    0.5636    0.3899    3.6400    1.3855   -4.1118    0.1343    3.8395   -0.1526 
   3.6241    0.0015   -2.6107    1.2719  179.3316  -11.7502  -31.0209   -8.0244    0.4775   -0.7767  -69.2135  -86.8786    0.5636    0.3935    3.6160   -0.0469   -6.3142    1.3811    4.0640    0.1499 
   3.6516    0.0011   -3.0897    0.9775  178.8568   -8.8205   -4.8368  -26.2739    0.4421   -0.8670  -54.3207  -91.9507    0.5636    0.3935    3.6160    0.2722   -1.2903    0.0698    2.1434    0.4684 
   3.6791 4294.9639   -3.0267    0.9069  178.0378   23.1009  -15.5790  -35.0629    0.3809   -0.7966  -40.2289  -92.9966    0.5636    0.4006    3.8240    0.2825   -0.7166    2.6497    4.5454    8.0566 
   3.7066 4294.9360   -2.0637    0.9837  176.8311   59.5389   16.1593  -53.6787    0.3809   -0.7966  -40.2289  -92.9966    0.5636    0.4006    3.8320    0.4761   -0.9326   -0.2788    3.0206   44.4946 
   3.7341 4294.9087    0.9288    2.3921  175.3124  138.8235   50.5221  -50.9321    0.3809   -0.7966  -40.2289  -92.9966    0.5636    0.4006    3.8320    0.2441   -0.7849    1.2415    1.7284  123.7793 
   3.7616 4294.8813    4.7096    1.2470  174.6475   80.7181  -87.0512  -21.8793    0.3809   -0.7966  -40.2289  -92.9966    0.5636    0.4006    3.8320   -0.5408    1.3994    3.0417    3.0556   65.6738 
   3.7891 4294.8540    3.6916   -1.1478  174.4169    3.4476   36.7892   19.3194    0.3809   -0.7966  -40.2289  -92.9966    0.5636    0.4006    3.8320   -0.5964    0.5620    0.8308    1.6989  -11.5967 
   3.8166 4294.8262    2.0329   -0.8296  175.0778  -66.7429   34.8971   25.7281    0.3809   -0.7966  -40.2289  -92.9966    0.5636    0.4006    3.8320   -0.1699   -0.3113    0.7947    1.3449  -81.7871 
   3.8441 4294.7988    1.5973    0.2472  175.7012   -1.1911    1.5719   25.1788    0.3809   -0.7966  -40.2289  -92.9966    0.5636    0.4006    3.8320    0.3206    0.1270   -0.0300    1.1286  -16.2354 
   3.8716 4294.7715    2.0654    0.1289  175.8197   13.7625   -6.6679   -1.1274    0.3809   -0.7966  -40.2289  -92.9966    0.5636    0.4006    3.8320    0.1018    0.1118    1.0347    1.2823   -1.2817 
   3.8991 4294.7437    1.8820   -0.2408  175.6793    6.4383    3.5250   -8.1464    0.3809   -0.7966  -40.2289  -92.9966    0.5636    0.4006    3.8320    0.1328    0.1104    1.1250    0.8912   -8.6060 
   3.9266 4294.7163    1.8260   -0.2520  175.5912   -2.8390    2.6095   -1.6157    0.3809   -0.7966  -40.2289  -92.9966    0.5636    0.4006    3.8400   -0.2104   -0.1711    0.8235    1.0374  -17.8833 
   3.9541 4294.6890    1.4988   -0.5667  175.5515    1.3113   -5.7523   -0.4560    0.3809   -0.7966  -40.2289  -92.9966    0.5636    0.4006    3.8320   -0.1453    0.1584    0.8748    0.9857  -13.7329 
   3.9816 4294.6611    1.2340   -0.1148  175.5408    0.5179   -0.6254   -1.7377    0.3809   -0.7966  -40.2289  -92.9966    0.5636    0.4006    3.8320   -0.0752   -0.1013    0.9841    1.0580  -14.5264 
   4.0091 4294.6338    0.8560   -0.2419  175.5364   -5.3415   -5.4472   -2.4702    0.3809   -0.7966  -40.2289  -92.9966    0.5636    0.4006    3.8320   -0.2317    0.0813    1.1074    1.1200  -20.3857 
   4.0366 4294.6064    0.3298    0.1906  175.5607   -3.8156   -2.0902    7.4786    0.3809   -0.7966  -40.2289  -92.9966    0.5636    0.4006    3.8320    0.0232    0.0566    1.0095    1.0475  -18.8599 
   4.0641 4294.5786   -0.2020   -0.1801  175.5681    6.6824    1.2667    4.3658    0.3809   -0.7966  -40.2289  -92.9966    0.5636    0.4006    3.8400   -0.0537    0.0159    1.2429    1.1129   -8.3618 
   4.0916 4294.5513   -0.5331    0.1147  175.5956   -7.7219   -1.1747    5.1592    0.3809   -0.7966  -40.2289  -92.9966    0.5636    0.4006    3.8400   -0.0776    0.1985    1.0090    1.0466  -22.7661 
   4.1191 4294.5239   -0.2494    0.3826  175.5387   -2.5949   -3.9823   -2.1650    0.3809   -0.7966  -40.2289  -92.9966    0.5636    0.4006    3.8400   -0.0786    0.0662    0.9539    1.0092  -17.6392 
   4.1466 4294.4961   -0.7432    0.7971  175.5426    7.2928    2.5484    0.7037    0.3809   -0.7966  -40.2289  -92.9966    0.5636    0.4006    3.8400    0.0190   -0.0583    1.0867    1.0862   -7.7515 
   4.1741 4294.4688   -0.4083    0.8748  175.5433   -1.4963   -1.9682    4.4268    0.3809   -0.7966  -40.2289  -92.9966    0.5636    0.4006    3.8400   -0.0564   -0.0022    1.0649    1.0759  -16.5405 
   4.2016 4294.4414    0.2539    0.9078  175.5617   -4.7311    0.5953   -2.3481    0.3809   -0.7966  -40.2289  -92.9966    0.5636    0.4006    3.8400   -0.0344    0.0017    1.0801    1.0828  -19.7754 
   4.2291 4294.4136    0.2940   -0.0354  175.5788   -7.4167   -2.3954    2.5958    0.3809   -0.7966  -40.2289  -92.9966    0.5636    0.4006    3.8400   -0.1123   -0.0037    1.0437    1.0539  -22.4609 
   4.2566 4294.3862   -0.2944    0.5594  175.5743    1.1893    0.7174   -3.6909    0.3809   -0.7966  -40.2289  -92.9966    0.5636    0.4006    3.8400    0.0256    0.0569    1.0481    1.0526  -13.8550 
   4.2841 4294.3589    0.5526   -0.0278  175.5706    1.6165    2.9147   -2.2260    0.3809   -0.7966  -40.2289  -92.9966    0.5636    0.4006    3.8400   -0.0310   -0.0862    1.1067    1.0951  -13.4277 
   4.3116 4294.3311    0.7292    0.3070  175.5915   -6.3791   -0.4423    0.7037    0.3809   -0.7966  -40.2289  -92.9966    0.5636    0.4006    3.8400    0.0801   -0.0012    1.0752    1.0720  -21.4233 
   4.3391 4294.3037    0.5924    0.0456  175.5945   -4.7922   -2.2733    0.9478    0.3809   -0.7966  -40.2289  -92.9966    0.5636    0.4006    3.8400   -0.0718    0.0505    1.0608    1.0683  -19.8364 
   4.3666 4294.2764   -0.0208    0.2846  175.5884   -3.5715   -1.6630    0.7037    0.3809   -0.7966  -40.2289  -92.9966    0.5636    0.4006    3.8400   -0.0525    0.0256    1.0222    1.0341  -18.6157 
   4.3941 4294.2485   -0.2193   -0.1223  175.5876   -3.4494   -0.4423   -0.3339    0.3809   -0.7966  -40.2289  -92.9966    0.5636    0.4006    3.8320    0.0027    0.0833    1.0564    1.0566  -18.4937 
   4.4216 4294.2212   -0.3026   -0.2183  175.5948   -2.9001    0.9005    0.3375    0.3809   -0.7966  -40.2289  -92.9966    0.5636    0.4006    3.8400   -0.0422    0.0044    1.0850    1.0837  -17.9443 
   4.4491 4294.1938   -0.1211   -0.1965  175.5990   -2.2287   -0.8085    0.6426    0.3809   -0.7966  -40.2289  -92.9966    0.5636    0.4006    3.8400   -0.0310    0.0330    1.0735    1.0711  -17.2729 
   4.4766 4294.1665   -0.6847    0.4562  175.5940   -1.3742   -0.0761   -0.0898    0.3809   -0.7966  -40.2289  -92.9966    0.5636    0.4006    3.8400   -0.0330   -0.0020    1.0801    1.0733  -16.4185 
   4.5041 4294.1387   -0.5982    0.6991  175.5988    3.8748   -0.8695    0.3375    0.3809   -0.7966  -40.2289  -92.9966    0.5636    0.4006    3.8400   -0.0056    0.0049    1.0637    1.0669  -11.1694 
   4.5316 4294.1113    0.0801    0.1133  175.6041   -1.4963    1.1446    0.3375    0.3809   -0.7966  -40.2289  -92.9966    0.5636    0.4006    3.8400   -0.0652    0.0071    1.0520    1.0572  -16.5405 
   4.5591 4294.0840    0.1693    0.2265  175.6060    0.8231    0.5343   -0.0898    0.3809   -0.7966  -40.2289  -92.9966    0.5636    0.4006    3.8400   -0.0295    0.0339    1.0691    1.0685    0.0000 
   4.5866 4294.0562   -0.0152    0.3978  175.6026    2.4710   -1.2968   -0.1508    0.3809   -0.7966  -40.2289  -92.9966    0.5636    0.4006    3.8400   -0.0510   -0.0027    1.0986    1.0879  -12.5732 
   4.6141 4294.0288   -0.4398   -0.1461  175.5951   -2.0456    1.8160    0.1543    0.3809   -0.7966  -40.2289  -92.9966    0.5636    0.4006    3.8400   -0.0322    0.0308    1.0884    1.0675  -17.0898 
   4.6416 4294.0015   -0.3224    0.3802  175.5988    1.6776   -0.9306    0.1543    0.3809   -0.7966  -40.2289  -92.9966    0.5636    0.4006    3.8400    0.0007   -0.0029    1.0449    1.0510  -13.3667 
   4.6691 4293.9736   -0.1872    0.5133  175.5989   -0.4587    0.4122    0.3375    0.3809   -0.7966  -40.2289  -92.9966    0.5636    0.4006    3.8400   -0.0259    0.0007    1.0610    1.0611  -15.5029 
   4.6966 4293.9463   -0.4865    0.4565  175.6033    1.1282    0.0460   -0.0288    0.3809   -0.7966  -40.2289  -92.9966    0.5636    0.4006    3.8400   -0.0305    0.0071    1.0835    1.0737  -13.9160 
   4.7241 4293.9189   -0.0530    0.3181  175.6088    0.2127    0.4122   -0.5170    0.3809   -0.7966  -40.2289  -92.9966    0.5636    0.4006    3.8400   -0.0234    0.0051    1.0774    1.0756  -14.8315 
   4.7516 4293.8911   -0.0254    0.3904  175.6073   -0.8859    0.2291   -0.2729    0.3809   -0.7966  -40.2289  -92.9966    0.5636    0.4006    3.8400   -0.0181   -0.0090    1.0696    1.0602  -15.9302 
   4.7791 4293.8638   -0.2602    0.3317  175.6149    1.6776   -0.1981    0.0933    0.3809   -0.7966  -40.2289  -92.9966    0.5636    0.4006    3.8400   -0.0276    0.0037    1.0747    1.0731  -13.3667 
   4.8066 4293.8364   -0.5508    0.4738  175.6194   -0.8249    0.0460    0.1543    0.3809   -0.7966  -40.2289  -92.9966    0.5636    0.4006    3.8400   -0.0298    0.0120    1.0505    1.0591  -15.8691 
   4.8341 4293.8086   -0.5187    0.6295  175.6136    1.1893    0.2291   -0.5781    0.3809   -0.7966  -40.2289  -92.9966    0.5636    0.4006    3.8400   -0.0198    0.0039    1.0706    1.0757  -13.8550 
   4.8616 4293.7812   -0.4485    0.3602  175.6131    0.7010    0.1070   -0.4560    0.3809   -0.7966  -40.2289  -92.9966    0.5636    0.4006    3.8400   -0.0200    0.0129    1.0715    1.0643  -14.3433 
   4.8891 4293.7539   -0.3853   -0.1330  175.6173   -0.3366   -0.0150    0.0933    0.3809   -0.7966  -40.2289  -92.9966    0.5636    0.4006    3.8400   -0.0298    0.0129    1.0745    1.0665  -15.3809 
   4.9166 4293.7261   -0.2452    0.8870  175.6144    0.2127    0.0460    0.3985    0.3809   -0.7966  -40.2289  -92.9966    0.5636    0.4006    3.8400   -0.0188    0.0022    1.0613    1.0620  -14.8315 
   4.9441 4293.6987   -0.2739   -0.0784  175.6179   -0.0314    0.3512   -0.0288    0.3809   -0.7966  -40.2289  -92.9966    0.5636    0.4006    3.8400   -0.0359    0.0110    1.0642    1.0640  -15.0757 
   4.9716 4293.6714   -0.3761    0.4915  175.6205   -1.0080   -0.1371    0.4595    0.3809   -0.7966  -40.2289  -92.9966    0.5636    0.4006    3.8400   -0.0212    0.0164    1.0569    1.0620  -16.0522 
   4.9991 4293.6436   -0.5339    0.5798  175.6148    1.2503    0.4732   -1.0053    0.3809   -0.7966  -40.2289  -92.9966    0.5636    0.4006    3.8400   -0.0276    0.0068    1.0676    1.0690  -13.7939 
   5.0266 4293.6162   -0.4792    0.2003  175.6243   -0.5807    0.0460   -0.0288    0.3809   -0.7966  -40.2289  -92.9966    0.5636    0.4006    3.8400   -0.0439    0.0000    1.0708    1.0712  -15.6250 
   5.0541 4293.5889   -0.4734    0.0510  175.6303    1.0672    0.5343   -0.0898    0.3809   -0.7966  -40.2289  -92.9966    0.5636    0.4006    3.8400   -0.0359    0.0068    1.0715    1.0736  -13.9771 
   5.0816 4293.5610   -0.5483    0.0908  175.6357    0.6400    0.2901    0.3375    0.3809   -0.7966  -40.2289  -92.9966    0.5636    0.4006    3.8400   -0.0359    0.0068    1.0793    1.0741  -14.4043 
   5.1091 4293.5337   -0.0794   -0.2855  175.6493    0.1517   -0.1981    0.3985    0.3809   -0.7966  -40.2289  -92.9966    0.5636    0.4006    3.8400   -0.0256   -0.0002    1.0710    1.0756  -14.8926 
   5.1366 4293.5063   -0.0159    0.4425  175.6504    0.0296    0.1070   -0.3339    0.3809   -0.7966  -40.2289  -92.9966    0.5636    0.4006    3.8400   -0.0269   -0.0020    1.0588    1.0625  -15.0146 
   5.1641 4293.4790   -0.0790    0.5468  175.6472   -0.5807   -0.2592    0.2154    0.3809   -0.7966  -40.2289  -92.9966    0.5636    0.4006    3.8400   -0.0161    0.0034    1.0496    1.0602  -15.6250 
   5.1916 4293.4512   -0.1124    0.2138  175.6477    0.3958    0.5343   -0.4560    0.3809   -0.7966  -40.2289  -92.9966    0.5636    0.4006    3.8400   -0.0298   -0.0059    1.0830    1.0785  -14.6484 
   5.2191 4293.4238   -0.2155   -0.3249  175.6474   -0.2145   -0.1371   -0.0288    0.3809   -0.7966  -40.2289  -92.9966    0.5636    0.4006    3.8400   -0.0457    0.0020    1.0610    1.0653  -15.2588 
   5.3291    0.0009    0.0000    0.0000  175.6582   -0.0314    0.4122   -0.0898    0.3809   -0.7966    0.0000    0.0000    0.0000    0.0680    3.8400   -0.0352   -0.0012    1.0603    1.0699  -15.0757 
   5.3566    0.0011    0.2442    0.0769  175.6579   -0.8859   -0.8085    0.1543    0.6496    0.4907    4.4021    2.9915    1.4090    0.1200    3.7920   -0.0134    0.0139    1.1296    1.1033    0.0219 
   5.3841    0.0015   -0.4942   -0.2066  175.6679    2.6541    0.1070   -0.7612    1.4355    1.3225   14.8572   15.6800    0.8454    0.1898    3.7440   -0.0461    0.0007    1.1340    1.1294    0.0280 
   5.4116    0.0010    0.7649   -0.7414  175.6659    3.2034   -1.4188   -0.5781    2.0046    1.7749   16.2075   25.9327    0.0000    0.1847    3.7600   -0.0215   -0.0237    1.0518    1.0665    0.0101 
   5.4391    0.0011    0.5459   -0.7573  175.6797   -0.5807    2.7926    1.3750    1.8292    1.9814   17.1763   31.3156    0.0000    0.1312    3.6640    0.0054    0.0376    1.0837    1.0480   -0.0240 
   5.4666    0.0009    0.0000    0.0000  175.6278    1.2503   -1.7851    0.2764    1.6458    1.8170    0.0000    0.0000    0.0000    0.0560    3.8400    0.0122    0.0388    1.1023    1.1110  -13.7939 
   5.4941    0.0015    0.0000    0.0000  175.6635   -2.9611   -4.3485    0.8868    1.6458    1.8170    0.0000    0.0000    0.0000    0.0377    3.8400   -0.0002   -0.1094    1.1355    1.1153  -18.0054 
   5.5216    0.0009    0.0000    0.0000  175.6677    3.1424    1.6329    5.9527    1.6458    1.8170    0.0000    0.0000    0.0000    0.0315    3.8400    0.0122    0.0054    0.9585    1.0830  -11.9019 
   5.5491    0.0009    0.0000    0.0000  175.6612    1.6776    3.0978    6.8072    1.6458    1.8170    0.0000    0.0000    0.0000    0.0315    3.8400   -0.0601    0.0024    1.0308    1.0416  -13.3667 
   5.5766    0.0009    0.0000    0.0000  175.6769   -1.0080   -1.7851    1.8633    1.6458    1.8170    0.0000    0.0000    0.0000    0.0315    3.8400   -0.0530    0.0312    1.0063    1.0373  -16.0522 
   5.6041    0.0015    0.0000    0.0000  175.6867   -0.5807   -3.6161   -1.6157    1.6458    1.8170    0.0000    0.0000    0.0000    0.0377    3.8400   -0.0610   -0.0029    1.0444    1.0619  -15.6250 
   5.6316    0.0009    0.0000    0.0000  175.7227   -1.9846   -0.5643    4.4268    1.6458    1.8170    0.0000    0.0000    0.0000    0.0315    3.8400   -0.0217    0.0398    1.0542    1.0539  -17.0288 
   5.6591    0.0009    0.0000    0.0000  175.7295    3.6917    0.4732    4.4878    1.6458    1.8170    0.0000    0.0000    0.0000    0.0315    3.8400   -0.0718   -0.0474    1.0864    1.0874  -11.3525 
   5.6866    0.0009    0.0000    0.0000  175.7192   -0.5197   -2.1513   -3.6909    1.6458    1.8170    0.0000    0.0000    0.0000    0.0315    3.8400   -0.0681    0.0024    1.0959    1.0787  -15.5640 
   5.7141    0.0015    0.0000    0.0000  175.6964    4.6072   -0.6254    0.2764    1.6458    1.8170    0.0000    0.0000    0.0000    0.0315    3.8400   -0.0571   -0.0186    1.0918    1.0714  -10.4370 
   5.7416    0.0009    0.0000    0.0000  175.7344   -1.7404    1.8771   -2.0429    1.6458    1.8170    0.0000    0.0000    0.0000    0.0315    3.8400   -0.0261    0.0034    1.0547    1.0530  -16.7847 
   5.7691    0.0009    0.0000    0.0000  175.7084   -0.7639   -0.9916   -2.7143    1.6458    1.8170    0.0000    0.0000    0.0000    0.0315    3.8400    0.0017    0.0195    1.0745    1.0769  -15.8081 
   5.7966    0.0009    0.0000    0.0000  175.7169   -2.1066   -0.8695   -0.6391    1.6458    1.8170    0.0000    0.0000    0.0000    0.0315    3.8400   -0.0288    0.0225    1.0527    1.0636  -17.1509 
   5.8241    0.0015    0.0000    0.0000  175.7197    3.9359    0.5953    1.1919    1.6458    1.8170    0.0000    0.0000    0.0000    0.0315    3.8400   -0.0222    0.0078    1.0847    1.0865  -11.1084 
   5.8516    0.0009    0.0000    0.0000  175.7154    2.5931    0.7174    0.3985    1.6458    1.8170    0.0000    0.0000    0.0000    0.0315    3.8400   -0.0349    0.0273    1.0571    1.0657  -12.4512 
   5.8791    0.0009    0.0000    0.0000  175.7187    4.6683    0.7174    0.3375    1.6458    1.8170    0.0000    0.0000    0.0000    0.0315    3.8400   -0.0188   -0.0103    1.0874    1.1076  -10.3760 
   5.9066    0.0009    0.0000    0.0000  175.7228    0.0906    0.3512   -0.4560    1.6458    1.8170    0.0000    0.0000    0.0000    0.0315    3.8400   -0.0459    0.0151    1.1001    1.1043  -14.9536 
   5.9341    0.0015    0.0000    0.0000  175.7218   -2.5949    1.3888   -0.9443    1.6458    1.8170    0.0000    0.0000    0.0000    0.0315    3.8400   -0.0027    0.0085    1.0259    1.0496  -17.6392 
   5.9616    0.0009    0.0000    0.0000  175.7330   -0.9470    0.2901    0.3375    1.6458    1.8170    0.0000    0.0000    0.0000    0.0560    3.8400   -0.0410    0.0254    1.0806    1.0716  -15.9912 
   5.9891    0.0010   -0.1354    0.5330  175.7298    3.0814   -0.1981    1.3750   -0.0133    0.2344    0.6826   -2.6687    0.5636    0.1087    3.8080    0.0422   -0.0134    1.1411    1.1292   -0.0142 
   6.0166    0.0011    0.4440    0.0914  175.7335    3.2034   -0.0150    2.1075    0.1457    0.0727   -1.6974   -2.6069    1.4090    0.1637    3.7920   -0.0181   -0.0054    1.0359    1.0642   -0.0122 
   6.0441    0.0015    0.6543    0.6207  175.7336    0.4569    1.4498    1.4971    0.0753   -0.0697   -2.7355   -5.5679    1.6908    0.1950    3.7600   -0.0444    0.0403    1.1382    1.1254    0.0034 
   6.0716    0.0010    0.0189    1.4483  175.7345    1.0672    2.5484   -0.8833    0.0984    0.1924   -1.4680  -13.2380    1.9726    0.2298    3.7360    0.0305    0.0195    1.0288    1.0507    0.0498 
   6.0991    0.0011    0.6164    0.6556  175.7192    3.3865    0.0460    4.2437    0.1404    0.0863   -4.0395   -9.3461    1.6908    0.2765    3.7120   -0.0535    0.1108    1.0696    1.1258   -0.0446 
   6.1266    0.0010   -0.0512    0.4019  175.7115    9.0628    3.2809   -3.0805    0.5260    0.0668    0.9099  -11.1789    1.6908    0.2898    3.6880    0.3357   -0.1831    1.1509    1.2131    0.0833 
   6.1541    0.0015    0.5298   -0.1639  175.7063    1.3724   -7.0951   -3.2026    0.4669   -0.1747   -1.8848   -7.8976    1.6908    0.3029    3.7040   -0.6467   -0.5464    1.2019    0.9759    0.0854 
   6.1816    0.0011    0.9728    0.2415  175.7665   15.5936    7.6754    6.0748    0.4752   -0.1777   -3.4180  -16.4782    1.6908    0.3199    3.6800    0.5669    0.1345    1.8162    1.3419   -0.0765 
   6.2091    0.0010   -0.1901    1.1158  176.0475   -6.9284   12.9244    6.9903    0.3687   -0.0088    2.2590  -20.8269    1.6908    0.3322    3.6480    0.3530   -0.1726    1.1328    1.3275   -0.0925 
   6.2366    0.0011    1.0626    0.8107  175.9761   -3.8156   -0.9306   -2.9584    0.2927    0.0786   -7.0266  -21.8799    1.9726    0.3443    3.6560    0.7703   -0.1316   -0.9148    1.0940    0.0861 
   6.2641    0.0015    2.5726    1.3689  176.0008   -2.5339   17.1969    5.5865    0.4128   -0.0794  -19.4811  -29.7594    1.9726    0.3443    3.6560    0.6206    0.0293    0.0020    1.3294   -0.0631 
   6.2916    0.0010    2.3919    1.6717  175.8102   18.2791  -26.5043  -14.5551    0.1316   -0.1891  -27.1798  -36.1235    1.6908    0.3443    3.6640   -0.2803    1.5842    3.7468    3.3249    0.2835 
   6.3191    0.0011    1.8925    1.2622  175.4974    1.4944    0.7174   -5.0336    0.3573    0.1207  -30.8584  -36.3069    1.6908    0.3443    3.6640    0.9272   -1.8198    1.0337    2.2752    0.1174 
   6.3466    0.0010    1.5727    1.0608  175.6453  -17.1823   13.2296    2.9009    0.6463    0.0132  -29.3457  -40.1252    1.6908    0.3443    3.6800   -0.3760   -1.1741   -0.0574    1.9540   -0.0211 
   6.3741    0.0015    1.7767    0.7501  175.5667    1.1893    7.1261   -2.5922    0.6441   -0.1251  -31.2466  -45.5222    1.6908    0.3443    3.6720    0.1614    0.2764   -0.5034    1.7135    0.0748 
   6.4016    0.0011    2.0153    1.1238  175.5875   28.2278  -14.8466    3.1451    0.7761   -0.3726  -39.4461  -51.4671    1.6908    0.3443    3.5760   -0.4985   -3.0513    1.2620    3.0974   -0.0254 
   6.4291    0.0010    0.7934    1.2174  175.6715    7.3538   -1.1137   -2.1040    0.4490   -0.2460  -32.9232  -57.2267    1.6908    0.3443    3.6160    0.0872    0.1799    2.1230    2.0248    0.0662 
   6.4566    0.0011    0.5024    1.1095  175.7243   -2.4728    2.9147    0.3375    0.3983    0.0447  -36.9681  -58.3633    1.6908    0.3522    3.6640    0.3225   -3.1094    0.0273    2.7400    0.0236 
   6.4841    0.0015    1.1180    0.7524  175.7351  -18.3420   28.8546   -0.9443    0.3364   -0.1514  -39.9442  -61.4039    1.6908    0.3600    3.6560    0.1653    1.0103   -0.8047    1.3031    0.0460 
   6.5116    0.0010    0.9635    0.4970  175.7321  -15.2292   16.0372    7.1124    0.3783   -0.1872  -42.6792  -63.1764    1.9726    0.3676    3.6560    0.7576   -0.8064   -0.9727    2.5234   -0.0897 
   6.5391    0.0011    1.5931    0.5146  175.7207    8.5745   20.4317   -1.4936    0.5962   -0.0448  -45.1150  -63.3443    1.6908    0.3789    3.5120    0.4153    2.8191    1.3518    2.7577    0.0556 
   6.5666    0.0010    1.7229    0.4465  175.8242    2.6541   15.0607    0.7647    0.5849    0.0641  -50.7373  -64.2282    1.6908    0.3899    3.4720   -0.1030    3.3372    2.6284    3.2934    0.0162 
   6.5941    0.0015    2.1461    0.3056  175.9058   18.7064  -23.6356    2.0464    0.7060   -0.0167  -55.4433  -61.6501    1.6908    0.3935    3.6000   -1.6182    0.7395    3.1758    2.4331   -0.0062 
   6.6216    0.0011    1.8971    0.1125  175.9756   -8.5153  -29.3729   -1.3105    0.7847   -0.1237  -56.3007  -64.2288    1.6908    0.3970    3.6320   -1.7905    1.0381    3.6179    3.9975    0.0524 
   6.6491    0.0010    1.1322    0.3765  176.2106   -7.2946   30.5636    3.0230    0.7021    0.0195  -56.6453  -68.9620    1.6908    0.4041    3.6000    0.9705    3.6428   -0.1084    2.5721   -0.0233 
   6.6766    0.0011    0.7771    0.0286  176.4094    9.8563   -3.0058    9.0044    0.8938    0.2797  -54.3507  -63.2971    1.6908    0.4408    3.5600   -2.1167    5.7356    3.0759    6.0817   -0.1276 
   6.7041    0.0015    0.3906    0.3739  176.6912    8.2083   15.6100    8.0279    0.8143    0.4140  -52.8368  -65.2023    1.9726    0.4563    3.5920   -0.8894    3.7112    1.0312    2.8915   -0.1057 
   6.7316    0.0010    1.0468    0.2785  176.9585  -14.1306  -13.1376   19.5025    0.6985    0.4861  -53.9742  -62.4655    1.6908    0.4594    3.5520   -1.2517    4.3020    3.0737    4.5466   -0.3109 
   6.7591    0.0011    0.8113   -0.0630  177.4322   -5.5246  -21.5604   18.4649    2.9700    1.3288  -16.5743  -43.7095    1.6908    0.4594    3.5840    0.2292   -4.0134   -0.1274    3.7445   -0.2928 
   6.7866    0.0010   -0.0584   -0.3928  178.0860  -16.5109   -8.2548   33.7237    0.9653    0.3797  -49.9584  -55.3769    1.6908    0.4624    3.5680    2.1609   -5.6052   -0.9902    5.5647   -0.5591 
   6.8141    0.0015   -1.2226   -1.4048  178.9373   -7.5998  -18.8139   28.7798    1.0655    0.4695  -36.3139  -46.3236    1.6908    0.4624    3.6000    0.4500   -6.3689    0.9922    5.4269   -0.4728 
   6.8416    0.0011   -1.0275   -1.6057  179.7684   14.4339   -9.9027   27.5591    1.2315    0.4694  -26.5257  -38.3324    1.6908    0.4624    3.5920    1.6628   -1.9729    0.5845    3.3513   -0.4515 
   6.8691    0.0010   -2.0589   -2.3782  180.5392   -7.8439  -23.4525   37.6910    1.0852    0.1803  -15.7008  -26.2336    1.6908    0.4624    3.5280   -1.2937   -2.0381    3.6189    2.8208   -0.6283 
   6.8966    0.0011   -1.7462   -1.9226  181.4687  -10.9567  -23.8798   35.2496    0.7753    0.2836   -5.2701  -20.6042    1.6908    0.4624    3.5840   -0.1646    1.6946   -0.0752    1.5622   -0.5857 
   6.9241    0.0015   -1.4368   -2.3663  182.3964   13.6404   20.3707   36.6534    0.5989    0.6638   -3.2387   -6.4822    1.6908    0.4624    3.5920    1.7939   -0.8770   -1.0530    2.7877   -0.6102 
   6.9516    0.0010   -1.8012   -1.8166  183.2231   11.0770   50.0948   22.3711    0.8490    0.6937    7.5228   -4.1255    1.6908    0.4624    3.5920    0.8193   -0.2903    0.7019    2.7559   -0.3609 
   6.9791    0.0011   -1.0535   -0.3383  183.9054   50.6888    8.2858   28.4747    0.7796    0.7072   10.5515   -4.7243    1.6908    0.4624    3.5360    1.1182    1.2144    0.2056    2.1506   -0.4675 
   7.0066 4294.9663    0.1788    0.2858  184.7688   16.6312   35.3243   18.2208    0.7515    0.5451    3.2375   -6.4611    1.4090    0.4624    3.5200   -1.4636    5.5837    2.6074    6.6057    1.5869 
   7.0341 4294.9390    0.6347    0.1463  185.2538  -37.8122    8.4689   19.0142    0.7515    0.5451    3.2375   -6.4611    1.4090    0.4624    3.8160   -0.2920   -1.9558    1.1187    2.4872  -52.8564 
   7.0616 4294.9111   -0.8421    1.1257  185.9194  -40.0095   65.7809   18.7701    0.7515    0.5451    3.2375   -6.4611    1.4090    0.4624    3.8240    1.1597    0.4941   -0.4226    1.6871  -55.0537 
   7.0891 4294.8838   -2.6317    1.5787  186.3531  -50.8737   54.1842    8.0279    0.7515    0.5451    3.2375   -6.4611    1.4090    0.4624    3.8240   -0.4280   -0.0994    1.9651    2.6731  -65.9180 
   7.1166 4294.8564   -3.4058    1.6396  186.3707    2.0438   16.1593  -11.3203    0.7515    0.5451    3.2375   -6.4611    1.4090    0.4624    3.8240    0.1816    1.6699    1.3159    1.9063  -13.0005 
   7.1441 4294.8286   -3.2291    1.0360  186.2299   37.7493  -35.2323   -2.3481    0.7515    0.5451    3.2375   -6.4611    1.4090    0.4624    3.8240   -0.1890   -0.3416   -0.1033    1.8213   22.7051 
   7.1716 4294.8013   -3.0037    0.6427  186.3332   -4.7311   13.1075    8.9434    0.7515    0.5451    3.2375   -6.4611    1.4090    0.4624    3.8240   -0.2461   -0.6907   -0.0811    1.2056  -19.7754 
   7.1991 4294.7739   -2.5022    0.8483  186.5946   -5.8298   -2.7006   -1.7377    0.7515    0.5451    3.2375   -6.4611    1.4090    0.4624    3.8240   -0.0649   -0.0769    0.1353    0.6767  -20.8740 
   7.2266 4294.7461   -2.1493    0.6006  186.5862   -2.5949   -5.7523    2.9009    0.7515    0.5451    3.2375   -6.4611    1.4090    0.4624    3.8240   -0.3008   -0.2732    1.1335    1.4474  -17.6392 
   7.2541 4294.7188   -1.9466    0.6092  186.5536    4.3631    4.1354   -0.5781    0.7515    0.5451    3.2375   -6.4611    1.4090    0.4624    3.8240    0.2471   -0.2283    1.3245    1.1696  -10.6812 
   7.2816 4294.6914   -1.8993    0.2048  186.5677   10.1614    2.1212   -5.7661    0.7515    0.5451    3.2375   -6.4611    1.4090    0.4624    3.8240    0.1914   -0.4722    1.0859    1.1116   -4.8828 
   7.3091 4294.6636   -1.4324    0.1533  186.5358   -2.7780   -0.7475    1.9854    0.7515    0.5451    3.2375   -6.4611    1.4090    0.4624    3.8240   -0.0728   -0.0916    1.1165    1.0990    0.0000 
   7.3366 4294.6362   -1.6359   -0.3204  186.5798   -3.9377   -5.0809    0.3375    0.7515    0.5451    3.2375   -6.4611    1.4090    0.4624    3.8240   -0.1399    0.0811    1.0281    1.0301  -18.9819 
   7.3641 4294.6089   -1.2253    0.0490  186.5655    2.8372    1.8160    1.0699    0.7515    0.5451    3.2375   -6.4611    1.4090    0.4624    3.8240    0.0767   -0.0134    1.1577    1.1052  -12.2070 
   7.3916 4294.5811   -0.2244    0.0344  186.5588   -0.7639   -1.7851    2.3516    0.7515    0.5451    3.2375   -6.4611    1.4090    0.4624    3.8240   -0.0505   -0.0322    1.0347    1.0535  -15.8081 
   7.4191 4294.5537   -0.7073    0.2479  186.5549    1.6776   -3.7382   -1.8598    0.7515    0.5451    3.2375   -6.4611    1.4090    0.4624    3.8240   -0.0857    0.0452    1.0613    1.0778  -13.3667 
   7.4466 4294.5264   -1.0717    0.6965  186.5561    0.0296   -2.3344    6.0137    0.7515    0.5451    3.2375   -6.4611    1.4090    0.4624    3.8240   -0.1094    0.0139    1.1201    1.1192  -15.0146 
   7.4741 4294.4985   -1.3911    1.2052  186.5768   -0.4587    1.7550   -1.4936    0.7515    0.5451    3.2375   -6.4611    1.4090    0.4624    3.8240    0.0225    0.0627    1.0725    1.0592  -15.5029 
   7.5016 4294.4712   -0.7674    1.0293  186.5538    4.5462   -2.2733    2.7789    0.7515    0.5451    3.2375   -6.4611    1.4090    0.4624    3.8240   -0.0461   -0.0127    1.0491    1.0215  -10.4980 
   7.5291 4294.4438   -0.6960    1.1057  186.5668    8.6356    1.2667    0.8257    0.7515    0.5451    3.2375   -6.4611    1.4090    0.4624    3.8240   -0.0054    0.0679    1.1204    1.1044   -6.4087 
   7.5566 4294.4165   -0.6571    1.2916  186.5684   -4.3039    0.4122    2.5958    0.7515    0.5451    3.2375   -6.4611    1.4090    0.4624    3.8240    0.0095    0.0188    1.0366    1.0728  -19.3481 
   7.5841 4294.3887   -0.7705    1.3609  186.5778    3.2034    1.8160   -2.9584    0.7515    0.5451    3.2375   -6.4611    1.4090    0.4624    3.8240    0.0115    0.0391    1.0979    1.0994  -11.8408 
   7.6116 4294.3613   -0.4635    0.8170  186.5789    3.8138    2.4874   -1.3105    0.7515    0.5451    3.2375   -6.4611    1.4090    0.4624    3.8320    0.0815   -0.0291    1.0886    1.0733  -11.2305 
   7.6391 4294.3340   -0.6394    0.7213  186.5830   -6.0129   -3.1889    1.0088    0.7515    0.5451    3.2375   -6.4611    1.4090    0.4624    3.8240    0.0464    0.0359    1.0808    1.0795  -21.0571 
   7.6666 4294.3062   -0.3519    1.4982  186.5684    0.9451   -0.8695    0.9478    0.7515    0.5451    3.2375   -6.4611    1.4090    0.4624    3.8240    0.0298    0.0120    1.0667    1.0675  -14.0991 
   7.6941 4294.2788   -0.9199    1.6396  186.5568   -1.2521   -3.2499    1.0088    0.7515    0.5451    3.2375   -6.4611    1.4090    0.4624    3.8320   -0.0337    0.0117    1.0947    1.0891    0.0000 
   7.7216 4294.2515   -0.9539    1.2466  186.5655   -2.0456   -1.6630    0.2154    0.7515    0.5451    3.2375   -6.4611    1.4090    0.4624    3.8240   -0.0347    0.0051    1.0688    1.0604  -17.0898 
   7.7491 4294.2236   -0.3397    0.5103  186.5776   -2.6559    0.4732    0.3375    0.7515    0.5451    3.2375   -6.4611    1.4090    0.4624    3.8320   -0.0125    0.0400    1.0735    1.0748  -17.7002 
   7.7766 4294.1963   -0.4659    1.2211  186.5663    1.4334   -1.3578    0.7647    0.7515    0.5451    3.2375   -6.4611    1.4090    0.4624    3.8240   -0.0127    0.0247    1.0483    1.0603  -13.6108 
   7.8041 4294.1689   -0.8871    1.0071  186.5686    3.0814   -1.5409   -0.2119    0.7515    0.5451    3.2375   -6.4611    1.4090    0.4624    3.8240    0.0078    0.0498    1.0876    1.0866  -11.9629 
   7.8316 4294.1411   -0.2117    1.2988  186.5710    0.7620    1.6329   -0.1508    0.7515    0.5451    3.2375   -6.4611    1.4090    0.4624    3.8320    0.0056   -0.0044    1.0720    1.0713  -14.2822 
   7.8591 4294.1138   -0.6390    1.5823  186.5724    2.1048   -0.9306    0.2764    0.7515    0.5451    3.2375   -6.4611    1.4090    0.4624    3.8320   -0.0308    0.0244    1.0691    1.0708  -12.9395 
   7.8866 4294.0864   -1.1058    1.4062  186.5724    2.1658    0.2901   -0.5781    0.7515    0.5451    3.2375   -6.4611    1.4090    0.4624    3.8320   -0.0190    0.0271    1.0703    1.0663  -12.8784 
   7.9141 4294.0586   -0.4066    1.2743  186.5788    1.5555   -0.2592    0.2764    0.7515    0.5451    3.2375   -6.4611    1.4090    0.4624    3.8320   -0.0117    0.0046    1.0859    1.0881  -13.4888 
   7.9416 4294.0312   -0.6235    1.3217  186.5820    0.9451    0.0460    0.5816    0.7515    0.5451    3.2375   -6.4611    1.4090    0.4624    3.8320    0.0098   -0.0083    1.0867    1.0785  -14.0991 
   7.9691 4294.0039   -0.1634    1.1545  186.5849   -0.6418    0.4732    0.1543    0.7515    0.5451    3.2375   -6.4611    1.4090    0.4624    3.8320   -0.0083    0.0137    1.0725    1.0739  -15.6860 
   7.9966 4293.9761   -0.1607    1.0696  186.5895    0.3958   -0.3812    0.5816    0.7515    0.5451    3.2375   -6.4611    1.4090    0.4624    3.8320   -0.0129    0.0256    1.0732    1.0756  -14.6484 
   8.0241 4293.9487   -0.4270    0.3325  186.6029    0.3958    0.7174    0.1543    0.7515    0.5451    3.2375   -6.4611    1.4090    0.4624    3.8320   -0.0317    0.0220    1.0884    1.0819  -14.6484 
   8.0516 4293.9214   -0.2516    1.3298  186.5862    2.4100    0.0460   -0.5781    0.7515    0.5451    3.2375   -6.4611    1.4090    0.4624    3.8320    0.0027    0.0024    1.0557    1.0650  -12.6343 
   8.0791 4293.8936   -0.4588    0.6889  186.5891   -0.6418    0.2291    0.2154    0.7515    0.5451    3.2375   -6.4611    1.4090    0.4624    3.8320   -0.0156    0.0212    1.0742    1.0676  -15.6860 
   8.1066 4293.8662   -0.5428    1.2323  186.5751    0.8231    0.3512    0.2154    0.7515    0.5451    3.2375   -6.4611    1.4090    0.4624    3.8320   -0.0083    0.0215    1.0562    1.0634  -14.2212 
   8.1341 4293.8389    0.0839    0.9164  186.5890    0.9451   -0.1371   -0.3339    0.7515    0.5451    3.2375   -6.4611    1.4090    0.4624    3.8240    0.0010    0.0132    1.0742    1.0744  -14.0991 
   8.1616 4293.8110   -0.6910    1.3239  186.5740    1.0672   -0.0761   -0.5781    0.7515    0.5451    3.2375   -6.4611    1.4090    0.4624    3.8320    0.0015    0.0271    1.0771    1.0751  -13.9771 
   8.1891 4293.7837   -0.6641    0.7369  186.5869    1.9217    0.1070    0.1543    0.7515    0.5451    3.2375   -6.4611    1.4090    0.4624    3.8320   -0.0244    0.0305    1.0693    1.0700  -13.1226 
   8.2166 4293.7563   -0.4793    0.9585  186.5882    0.7010   -0.0761    0.8257    0.7515    0.5451    3.2375   -6.4611    1.4090    0.4624    3.8320   -0.0110    0.0259    1.0732    1.0718  -14.3433 
   8.2441 4293.7290   -0.6148    0.9275  186.5915    1.4334   -0.3202    0.0933    0.7515    0.5451    3.2375   -6.4611    1.4090    0.4624    3.8320   -0.0173    0.0349    1.0632    1.0655  -13.6108 
   8.2716 4293.7012   -0.5999    0.8750  186.5913    0.7620   -0.0761    0.2764    0.7515    0.5451    3.2375   -6.4611    1.4090    0.4624    3.8320   -0.0139    0.0203    1.0593    1.0605  -14.2822 
   8.2991 4293.6738   -0.4531    0.9406  186.5921    1.2503   -0.0761    0.0323    0.7515    0.5451    3.2375   -6.4611    1.4090    0.4624    3.8320   -0.0127    0.0181    1.0725    1.0720  -13.7939 
   8.3266 4293.6465   -0.4646    0.6656  186.5893    0.4569    0.2901    0.2154    0.7515    0.5451    3.2375   -6.4611    1.4090    0.4624    3.8320   -0.0149    0.0259    1.0669    1.0686  -14.5874 
   8.3541 4293.6187   -0.1634    0.9934  186.5866    0.6400    0.3512    0.1543    0.7515    0.5451    3.2375   -6.4611    1.4090    0.4624    3.8320   -0.0095    0.0022    1.0710    1.0717  -14.4043 
   8.3816 4293.5913   -0.5308    1.2782  186.5952    0.7010    0.2901   -0.0898    0.7515    0.5451    3.2375   -6.4611    1.4090    0.4624    3.8320   -0.0105    0.0210    1.0803    1.0755  -14.3433 
   8.4091 4293.5640   -0.5326    0.7737  186.6110    0.0296   -0.0761    0.1543    0.7515    0.5451    3.2375   -6.4611    1.4090    0.4624    3.8320   -0.0083    0.0198    1.0679    1.0643  -15.0146 
   8.4366 4293.5361   -0.5188    0.6687  186.6095    2.6541   -0.0150   -0.3950    0.7515    0.5451    3.2375   -6.4611    1.4090    0.4624    3.8320   -0.0090    0.0188    1.0693    1.0715  -12.3901 
   8.4641 4293.5088   -0.0878    0.9274  186.6009    0.6400    0.1681   -0.0898    0.7515    0.5451    3.2375   -6.4611    1.4090    0.4624    3.8320   -0.0122    0.0115    1.0728    1.0730  -14.4043 
   8.4916 4293.4814   -0.8229    0.7951  186.6126    0.7010    0.1681    0.0933    0.7515    0.5451    3.2375   -6.4611    1.4090    0.4624    3.8320   -0.0107    0.0325    1.0732    1.0686  -14.3433 
   8.5191 4293.4536   -0.5113    0.9591  186.6130    0.0296   -0.0761    0.3985    0.7515    0.5451    3.2375   -6.4611    1.4090    0.4624    3.8320   -0.0054    0.0100    1.0603    1.0619  -15.0146 
   8.5466 4293.4263   -0.4918    0.8912  186.6156    0.3348   -0.1371    0.2154    0.7515    0.5451    3.2375   -6.4611    1.4090    0.4624    3.8240   -0.0234    0.0317    1.0620    1.0654  -14.7095 
   8.5741 4293.3989   -0.5043    0.9100  186.6156    2.0438    0.5343    0.4595    0.7515    0.5451    3.2375   -6.4611    1.4090    0.4624    3.8320   -0.0134    0.0134    1.0745    1.0797  -13.0005 
   8.6016 4293.3711   -0.1939    0.9846  186.6165    0.3958   -0.0761   -0.1508    0.7515    0.5451    3.2375   -6.4611    1.4090    0.4624    3.8320   -0.0149    0.0020    1.0894    1.0817  -14.6484 
   8.6291 4293.3438    0.0567    1.0329  186.6170    2.0438    0.0460   -0.0898    0.7515    0.5451    3.2375   -6.4611    1.4090    0.4624    3.8240   -0.0078    0.0059    1.0632    1.0650  -13.0005 
   8.6566 4293.3164   -0.3912    0.9720  186.6212    1.3724   -0.1981    0.3985    0.7515    0.5451    3.2375   -6.4611    1.4090    0.4624    3.8240   -0.0110    0.0171    1.0691    1.0710  -13.6719 
   8.6841 4293.2886   -0.6525    0.9927  186.6184    1.6776    0.5343   -0.3950    0.7515    0.5451    3.2375   -6.4611    1.4090    0.4624    3.8320   -0.0039    0.0195    1.0752    1.0717    0.0000 
   8.7116 4293.2612   -0.2377    0.8765  186.6221    1.1282    0.3512   -0.0898    0.7515    0.5451    3.2375   -6.4611    1.4090    0.4624    3.8240   -0.0132    0.0178    1.0500    1.0588  -13.9160 
   8.7391 4293.2339   -0.3733    0.9860  186.6155    2.0438    0.4122   -0.0288    0.7515    0.5451    3.2375   -6.4611    1.4090    0.4624    3.8320   -0.0144    0.0225    1.0674    1.0692  -13.0005 
   8.7666 4293.2061   -0.5115    0.8504  186.6211    0.6400    0.2901    0.2154    0.7515    0.5451    3.2375   -6.4611    1.4090    0.4624    3.8320   -0.0212    0.0239    1.0869    1.0792  -14.4043 
   8.7941 4293.1787   -1.1110    1.2595  186.6141    0.7010   -0.1371    0.0323    0.7515    0.5451    3.2375   -6.4611    1.4090    0.4624    3.8240   -0.0049    0.0359    1.0696    1.0689  -14.3433 
   8.8216 4293.1514   -0.2398    0.4524  186.6363    0.0906    0.1681    0.4595    0.7515    0.5451    3.2375   -6.4611    1.4090    0.4624    3.8320   -0.0227    0.0081    1.0547    1.0618  -14.9536 
   8.8491 4293.1235   -0.3612    0.9230  186.6297    0.2737    0.2291   -0.2119    0.7515    0.5451    3.2375   -6.4611    1.4090    0.4624    3.8320   -0.0098    0.0090    1.0681    1.0682  -14.7705 
   8.8766 4293.0962   -0.2123    0.2367  186.6418   -0.0925    0.2901    0.3375    0.7515    0.5451    3.2375   -6.4611    1.4090    0.4624    3.8320   -0.0239    0.0132    1.0596    1.0653  -15.1367 
   8.9041 4293.0688   -0.1525    1.0772  186.6362    0.7010    0.1681   -0.4560    0.7515    0.5451    3.2375   -6.4611    1.4090    0.4624    3.8320   -0.0288    0.0093    1.0779    1.0733  -14.3433 
   8.9316 4293.0415   -0.3296    1.2149  186.6291    1.1893   -0.3202   -0.0898    0.7515    0.5451    3.2375   -6.4611    1.4090    0.4624    3.8320   -0.0059    0.0159    1.0774    1.0767  -13.8550 
   8.9591 4293.0137   -0.1132    0.2329  186.6432    0.7010   -0.3812    0.1543    0.7515    0.5451    3.2375   -6.4611    1.4090    0.4624    3.8320   -0.0342    0.0122    1.0696    1.0718  -14.3433 
   8.9866 4292.9863   -0.3692    1.1720  186.6315   -0.2756   -0.0150    0.0323    0.7515    0.5451    3.2375   -6.4611    1.4090    0.4624    3.8320   -0.0076    0.0215    1.0713    1.0779  -15.3198 
   9.0141 4292.9590   -0.1835    1.5022  186.6296    0.8231    0.1681    0.7037    0.7515    0.5451    3.2375   -6.4611    1.4090    0.4624    3.8320   -0.0046    0.0134    1.0537    1.0631  -14.2212 
   9.0416 4292.9312   -0.3326    0.7626  186.6324   -0.2756    0.1070    0.1543    0.7515    0.5451    3.2375   -6.4611    1.4090    0.4624    3.8320   -0.0039    0.0103    1.0645    1.0700  -15.3198 
   9.0691 4292.9038   -0.4002    1.0860  186.6278    0.5179   -0.0761   -0.0288    0.7515    0.5451    3.2375   -6.4611    1.4090    0.4624    3.8320   -0.0010    0.0149    1.0723    1.0753  -14.5264 
   9.0966 4292.8765    0.1334    0.9880  186.6378    0.3348   -0.0150   -0.0288    0.7515    0.5451    3.2375   -6.4611    1.4090    0.4624    3.8320   -0.0122    0.0068    1.0767    1.0719  -14.7095 
   9.1241 4292.8486   -0.3692    0.8105  186.6496   -0.2756    0.1681    0.0933    0.7515    0.5451    3.2375   -6.4611    1.4090    0.4624    3.8320   -0.0088    0.0315    1.0464    1.0698  -15.3198 
   9.1516 4292.8213   -0.4930    0.6935  186.6538   -0.0925    0.2901    0.4595    0.7515    0.5451    3.2375   -6.4611    1.4090    0.4624    3.8320   -0.0112    0.0247    1.0559    1.0653  -15.1367 
   9.1791 4292.7939   -0.6792    1.1187  186.6437    0.8231   -0.1981   -0.2119    0.7515    0.5451    3.2375   -6.4611    1.4090    0.4624    3.8320   -0.0090    0.0232    1.0767    1.0733  -14.2212 
   9.2066 4292.7661   -0.1623    1.1833  186.6494    1.6776    0.7784   -0.0898    0.7515    0.5451    3.2375   -6.4611    1.4090    0.4624    3.8320    0.0051    0.0159    1.0698    1.0711  -13.3667 
   9.2341 4292.7388   -0.0627    1.0103  186.6493    1.9217   -0.9916    0.4595    0.7515    0.5451    3.2375   -6.4611    1.4090    0.4624    3.8320   -0.0256   -0.0151    1.0752    1.0726  -13.1226 
   9.2616 4292.7114   -0.3634    0.5591  186.6589    0.5179    0.5953   -0.0288    0.7515    0.5451    3.2375   -6.4611    1.4090    0.4624    3.8320   -0.0022    0.0239    1.0732    1.0718  -14.5264 
   9.2891 4292.6836   -0.3169    0.5207  186.6574    0.8841   -0.3812    0.2154    0.7515    0.5451    3.2375   -6.4611    1.4090    0.4624    3.8320   -0.0259    0.0154    1.0781    1.0760  -14.1602 
   9.3166 4292.6562   -0.3431    1.0109  186.6525    1.9217    0.2901   -0.0288    0.7515    0.5451    3.2375   -6.4611    1.4090    0.4624    3.8320   -0.0085    0.0186    1.0688    1.0723  -13.1226 
   9.3441 4292.6289   -0.1643    0.9405  186.6566    0.7620    0.0460   -0.3339    0.7515    0.5451    3.2375   -6.4611    1.4090    0.4624    3.8320   -0.0125    0.0129    1.0742    1.0767  -14.2822 
   9.3716 4292.6011   -0.0197    0.8043  186.6590    0.5179   -0.1981    0.3375    0.7515    0.5451    3.2375   -6.4611    1.4090    0.4624    3.8320   -0.0071    0.0125    1.0789    1.0745  -14.5264 
   9.3991 4292.5737   -0.3793    0.6850  186.6689    0.5789    0.4732   -0.3339    0.7515    0.5451    3.2375   -6.4611    1.4090    0.4624    3.8320   -0.0110    0.0107    1.0715    1.0699  -14.4653 
   9.4266 4292.5464   -0.3727    0.7516  186.6638    1.6165    0.4732    0.2154    0.7515    0.5451    3.2375   -6.4611    1.4090    0.4624    3.8320   -0.0168    0.0171    1.0725    1.0709  -13.4277 
   9.4541 4292.5186   -0.0779    0.9899  186.6613   -0.4587    0.2291   -0.0898    0.7515    0.5451    3.2375   -6.4611    1.4090    0.4624    3.8240   -0.0127    0.0125    1.0774    1.0714  -15.5029 
   9.4816 4292.4912   -0.5754    1.0877  186.6594    0.7010    0.5343   -0.5781    0.7515    0.5451    3.2375   -6.4611    1.4090    0.4624    3.8320   -0.0117    0.0200    1.0615    1.0680  -14.3433 
   9.5091 4292.4639   -0.7343    0.3178  186.6739    1.4944   -0.1981   -0.4560    0.7515    0.5451    3.2375   -6.4611    1.4090    0.4624    3.8320   -0.0261    0.0239    1.0764    1.0764  -13.5498 
   9.5366 4292.4360   -0.4974    0.7945  186.6693    1.2503   -0.0150   -0.0898    0.7515    0.5451    3.2375   -6.4611    1.4090    0.4624    3.8240   -0.0105    0.0144    1.0854    1.0729  -13.7939 
   9.5641 4292.4087   -0.1216    1.0777  186.6736   -0.1535   -0.0761    0.3985    0.7515    0.5451    3.2375   -6.4611    1.4090    0.4624    3.8320   -0.0090    0.0107    1.0627    1.0675  -15.1978 
   9.5916 4292.3813   -0.4496    1.1626  186.6782    0.2737   -0.3812    0.3985    0.7515    0.5451    3.2375   -6.4611    1.4090    0.4624    3.8320   -0.0093    0.0203    1.0815    1.0735  -14.7705 
   9.6191 4292.3540   -0.7677    1.0560  186.6818    0.2127   -0.0761   -0.3339    0.7515    0.5451    3.2375   -6.4611    1.4090    0.4624    3.8240   -0.0085    0.0261    1.0791    1.0721  -14.8315 
   9.6466 4292.3262   -0.1680    1.0461  186.6792    0.2127   -0.1981    0.2154    0.7515    0.5451    3.2375   -6.4611    1.4090    0.4624    3.8240   -0.0059    0.0120    1.0764    1.0688  -14.8315 
   9.6741 4292.2988   -0.1431    0.8584  186.6825   -0.5197    0.4122   -0.0898    0.7515    0.5451    3.2375   -6.4611    1.4090    0.4624    3.8320   -0.0142    0.0105    1.0671    1.0688  -15.5640 
   9.7016 4292.2715   -0.4180    0.9537  186.6893    0.8841    0.5953    0.9478    0.7515    0.5451    3.2375   -6.4611    1.4090    0.4624    3.8240   -0.0115    0.0181    1.0789    1.0710  -14.1602 
   9.7291 4292.2437   -0.1159    1.1351  186.6944    0.5789   -0.1981    0.0323    0.7515    0.5451    3.2375   -6.4611    1.4090    0.4624    3.8320   -0.0098    0.0120    1.0581    1.0591  -14.4653 
   9.7566 4292.2163   -0.6295    0.9153  186.6983    0.8231    0.0460   -0.0288    0.7515    0.5451    3.2375   -6.4611    1.4090    0.4624    3.8320   -0.0225    0.0195    1.0706    1.0688  -14.2212 
   9.7841 4292.1890   -0.6160    1.1738  186.6948    1.3724    0.2291   -0.0288    0.7515    0.5451    3.2375   -6.4611    1.4090    0.4624    3.8320   -0.0071    0.0225    1.0684    1.0699  -13.6719 
   9.8116 4292.1611   -0.2529    1.4092  186.6940    1.7386    0.0460    0.3375    0.7515    0.5451    3.2375   -6.4611    1.4090    0.4624    3.8240    0.0054    0.0156    1.0662    1.0679  -13.3057 
   9.8391 4292.1338   -0.2945    0.9031  186.7037    0.1517    0.5343    0.3375    0.7515    0.5451    3.2375   -6.4611    1.4090    0.4624    3.8320   -0.0188    0.0117    1.0723    1.0679    0.0000 
   9.8666 4292.1064   -0.4163    0.6077  186.7134   -0.5807   -0.1981    0.2154    0.7515    0.5451    3.2375   -6.4611    1.4090    0.4624    3.8320   -0.0178    0.0151    1.0789    1.0778  -15.6250 
   9.8941 4292.0786   -0.1725    0.3175  186.7211   -0.2145    0.0460    0.3375    0.7515    0.5451    3.2375   -6.4611    1.4090    0.4624    3.8320    0.0017    0.0139    1.0635    1.0597  -15.2588 
   9.9216 4292.0513    0.0092    0.8830  186.7189    0.2737    0.5953    0.2764    0.7515    0.5451    3.2375   -6.4611    1.4090    0.4624    3.8320   -0.0117    0.0156    1.0681    1.0695  -14.7705 
   9.9491 4292.0239   -0.1431    0.8105  186.7166    0.7620    0.2291   -0.5170    0.7515    0.5451    3.2375   -6.4611    1.4090    0.4624    3.8320   -0.0085    0.0068    1.0681    1.0660  -14.2822 
   9.9766 4291.9961   -0.2584    0.8174  186.7149    0.7620    0.2291   -0.2119    0.7515    0.5451    3.2375   -6.4611    1.4090    0.4624    3.8320   -0.0134    0.0144    1.0674    1.0670  -14.2822 
  10.0041 4291.9688   -0.0699    1.1031  186.7138    2.1658    0.5953   -0.0288    0.7515    0.5451    3.2375   -6.4611    1.4090    0.4624    3.8320   -0.0144   -0.0027    1.0803    1.0755  -12.8784 
  10.0316 4291.9414    0.2406    0.5319  186.7256    1.0672    0.0460   -0.2729    0.7515    0.5451    3.2375   -6.4611    1.4090    0.4624    3.8320   -0.0364    0.0012    1.0710    1.0759  -13.9771 
  10.0591 4291.9136   -0.4628    1.4623  186.7189    0.5789    0.3512    0.3375    0.7515    0.5451    3.2375   -6.4611    1.4090    0.4624    3.8320   -0.0037    0.0178    1.0603    1.0629    0.0000 
  10.0866 4291.8862    0.0778    0.7251  186.7345    1.7996    0.4122    0.0323    0.7515    0.5451    3.2375   -6.4611    1.4090    0.4624    3.8320   -0.0151    0.0071    1.0603    1.0650  -13.2446 
  10.1141 4291.8589    0.1049    1.3415  186.7231    1.7386    0.3512   -0.2729    0.7515    0.5451    3.2375   -6.4611    1.4090    0.4624    3.8320   -0.0242    0.0093    1.0735    1.0700  -13.3057 
  10.1416 4291.8311   -0.2374    0.9259  186.7279    0.6400   -0.0150    0.1543    0.7515    0.5451    3.2375   -6.4611    1.4090    0.4624    3.8320   -0.0232    0.0081    1.0691    1.0716  -14.4043 
  10.1691 4291.8037   -0.4508    1.1030  186.7232    0.7620    0.3512   -0.3339    0.7515    0.5451    3.2375   -6.4611    1.4090    0.4624    3.8320   -0.0142    0.0247    1.0801    1.0698  -14.2822 
  10.1966 4291.7764   -0.3962    0.8209  186.7246    0.1517    0.4122    0.5206    0.7515    0.5451    3.2375   -6.4611    1.4090    0.4624    3.8320   -0.0159    0.0168    1.0813    1.0794  -14.8926 
  10.2241 4291.7485   -0.2052    0.9017  186.7253    0.5789    0.1070    0.5206    0.7515    0.5451    3.2375   -6.4611    1.4090    0.4624    3.8320   -0.0144    0.0137    1.0745    1.0701  -14.4653 
  10.2516 4291.7212   -0.6343    1.1072  186.7234    1.8607    0.2901   -0.0288    0.7515    0.5451    3.2375   -6.4611    1.4090    0.4624    3.8320   -0.0100    0.0222    1.0542    1.0612  -13.1836 
  10.2791 4291.6938   -0.4090    0.8930  186.7278   -0.6418   -0.1981    0.0323    0.7515    0.5451    3.2375   -6.4611    1.4090    0.4624    3.8240   -0.0105    0.0200    1.0613    1.0636    0.0000 
  10.3066 4291.6665   -0.3945    1.0789  186.7259    1.6165    0.5343    0.4595    0.7515    0.5451    3.2375   -6.4611    1.4090    0.4624    3.8320   -0.0083    0.0210    1.0667    1.0690  -13.4277 
  10.3341 4291.6387   -0.1479    0.9359  186.7237   -0.1535    0.3512    0.2764    0.7515    0.5451    3.2375   -6.4611    1.4090    0.4624    3.8320   -0.0122    0.0220    1.0652    1.0710  -15.1978 
  10.3616 4291.6113   -0.4502    0.9464  186.7225    1.7386    0.5343    0.0323    0.7515    0.5451    3.2375   -6.4611    1.4090    0.4624    3.8240   -0.0125    0.0222    1.0676    1.0663  -13.3057 
  10.3891 4291.5840   -0.6246    0.8251  186.7169    0.8841    0.0460   -0.3339    0.7515    0.5451    3.2375   -6.4611    1.4090    0.4624    3.8320   -0.0125    0.0200    1.0505    1.0682  -14.1602 
  10.4166 4291.5562   -0.9319    0.9744  186.7159    1.3113    0.4732    0.2764    0.7515    0.5451    3.2375   -6.4611    1.4090    0.4624    3.8320   -0.0112    0.0242    1.0698    1.0687  -13.7329 
  10.4441 4291.5288   -0.1806    0.5539  186.7283    5.6448    1.1446   -0.1508    0.7515    0.5451    3.2375   -6.4611    1.4090    0.4624    3.8240    0.0232    0.0295    1.0955    1.0845   -9.3994 
  10.4716 4291.5015   -0.4219    1.2266  186.7446    5.8890   -9.6586    3.5723    0.7515    0.5451    3.2375   -6.4611    1.4090    0.4624    3.8320    0.0354    0.0312    1.0647    1.0737   -9.1553 
  10.4991 4291.4736   -0.4738    0.6384  186.9072   43.8528  -35.7816    8.6382    0.7515    0.5451    3.2375   -6.4611    1.4090    0.4624    3.8320   -0.0146    0.0176    1.0864    1.0880   28.8086 
  10.5266 4291.4463    1.9897   -1.3741  187.1154    7.4759  -10.1469    9.3096    0.7515    0.5451    3.2375   -6.4611    1.4090    0.4624    3.8320   -0.0681   -0.0364    0.9827    1.0354   -7.5684 
  10.5541 4291.4189    1.0193   -0.2219  187.9165   -1.6183    8.8961   38.6675    0.7515    0.5451    3.2375   -6.4611    1.4090    0.4624    3.8320   -0.0344   -0.0095    1.0669    1.0708  -16.6626 
  10.5816 4291.3911    1.4982   -0.1688  188.7720   -0.3976   -0.1371   19.8077    0.7515    0.5451    3.2375   -6.4611    1.4090    0.4624    3.8320   -0.0408   -0.0259    1.0667    1.0718  -15.4419 
  10.6091 4291.3638    0.6827   -0.0260  189.2312    3.9359   -0.8085   28.4747    0.7515    0.5451    3.2375   -6.4611    1.4090    0.4624    3.8320   -0.0256    0.0249    1.0806    1.0653  -11.1084 
  10.6366 4291.3364   -0.5589   -0.4766  190.7655    3.2034    0.8395   76.0821    0.7515    0.5451    3.2375   -6.4611    1.4090    0.4624    3.8240   -0.0637    0.0339    1.0625    1.0658  -11.8408 
  10.6641 4291.3086    0.6568   -1.5842  193.0279   11.7484   -1.4799   86.9463    0.7515    0.5451    3.2375   -6.4611    1.4090    0.4624    3.8320   -0.0564    0.0146    1.1055    1.0803   -3.2959 
  10.6916 4291.2812    1.1822    0.2628  194.7361  -22.5534   26.1691   35.0665    0.7515    0.5451    3.2375   -6.4611    1.4090    0.4624    3.8320    0.3757   -0.1597    1.0596    1.1153  -37.5977 
  10.7191 4291.2539    1.4265   -0.3365  195.8952   -6.9284  -21.5604   29.6343    0.7515    0.5451    3.2375   -6.4611    1.4090    0.4624    3.8320   -0.2034   -0.0225    1.0017    1.0598  -21.9727 
  10.7466 4291.2261    1.6656   -1.7779  196.3106   21.9412  -17.3490   25.7891    0.7515    0.5451    3.2375   -6.4611    1.4090    0.4624    3.8320    0.0154    0.1445    0.9756    1.0679    6.8970 
  10.7741 4291.1987    1.3150   -2.7165  197.2490    1.9217   12.2530   34.7002    0.7515    0.5451    3.2375   -6.4611    1.4090    0.4624    3.8320   -0.1917   -0.0525    1.1235    1.1224  -13.1226 
  10.8016 4291.1714    1.4324   -2.9015  197.5493    9.9173  -20.6449    4.6099    0.7515    0.5451    3.2375   -6.4611    1.4090    0.4624    3.8320   -0.1262    0.0095    1.0493    1.0852   -5.1270 
  10.8291 4291.1436    0.4565   -4.0399  198.3912    4.1190  -33.1571   54.9029    0.7515    0.5451    3.2375   -6.4611    1.4090    0.4624    3.8240   -0.1106   -0.0583    1.0408    1.0844  -10.9253 
  10.8566 4291.1162    2.1242   -5.5672  199.7725   -6.0129  -15.1518   42.2076    0.7515    0.5451    3.2375   -6.4611    1.4090    0.4624    3.8320   -0.2732   -0.1262    0.9932    1.0511  -21.0571 
  10.8841 4291.0889    0.7214   -6.8619  201.1743  -13.2761  -59.8905   77.8521    0.7515    0.5451    3.2375   -6.4611    1.4090    0.4624    3.8320   -0.1748    0.1353    1.2483    1.1762  -28.3203 
  10.9116 4291.0610    0.1720   -9.6211  203.9422   18.7064  -71.8534  126.8633    0.7515    0.5451    3.2375   -6.4611    1.4090    0.4624    3.8240   -0.2708    0.0522    1.0276    1.0804    3.6621 
  10.9391 4291.0337    1.3443  -12.5106  208.1467  -27.0090  -74.2338  156.8926    0.7515    0.5451    3.2375   -6.4611    1.4090    0.4624    3.8320   -0.2632   -0.0859    1.0798    1.1015  -42.0532 
  10.9666 4291.0063    1.6447  -13.5047  210.8717    0.2737  -87.7836   31.0381    0.7515    0.5451    3.2375   -6.4611    1.4090    0.4624    3.8320   -0.2671    0.0576    0.9790    1.1593  -14.7705 
  10.9941 4290.9790    2.6526  -16.3315  210.1166   51.1771  -83.2670  -40.0678    0.7515    0.5451    3.2375   -6.4611    1.4090    0.4624    3.8320   -0.3516   -0.0713    1.0432    1.2475   36.1328 
  11.0216 4290.9512    6.9902  -20.8081  205.9732  213.4695 -119.0946 -136.1982    0.7515    0.5451    3.2375   -6.4611    1.4090    0.4624    3.8320   -0.3606   -0.1096    1.0283    1.0766  198.4253 
  11.0491 4290.9238   10.9591  -26.9068  198.4433  220.7938 -152.7860 -214.4453    0.7515    0.5451    3.2375   -6.4611    1.4090    0.4624    3.8320   -0.4817   -0.1763    0.9087    1.0581  205.7495 
  11.0766 4290.8965   10.9775  -29.4508  191.7226   20.5374  -44.5097 -212.0649    0.7515    0.5451    3.2375   -6.4611    1.4090    0.4624    3.8320   -0.5635   -0.2529    1.0879    1.2083    5.4932 
  11.1041 4290.8687   10.3531  -29.5287  189.0416    6.5604    1.0226  -11.5034    0.7515    0.5451    3.2375   -6.4611    1.4090    0.4624    3.8320   -0.6250   -0.3140    1.0195    1.2379   -8.4839 
  11.1316 4290.8413   13.6302  -28.7210  189.9683   50.8719   37.0943   86.1529    0.7515    0.5451    3.2375   -6.4611    1.4090    0.4624    3.8320   -0.5388   -0.2769    0.8059    1.0496   35.8276 
  11.1591 4290.8140   18.2099  -28.5691  189.8519  157.5003   21.4083   30.9161    0.7515    0.5451    3.2375   -6.4611    1.4090    0.4624    3.8320   -0.4785   -0.4187    0.7715    0.9756  142.4561 
  11.1866 4290.7861   23.3309  -29.9460  187.5848  192.2903  -88.0888   12.7276    0.7515    0.5451    3.2375   -6.4611    1.4090    0.4624    3.8320   -0.5605   -0.4326    1.1050    1.2651  177.2461 
  11.2141 4290.7588   26.2228  -30.8126  187.6512   90.0564  -36.9413   93.2940    0.7515    0.5451    3.2375   -6.4611    1.4090    0.4624    3.8240   -0.5413   -0.4099    1.2556    1.4602   75.0122 
  11.2416 4290.7314   28.9282  -27.8572  189.5273  121.9779   78.5372   80.9649    0.7515    0.5451    3.2375   -6.4611    1.4090    0.4624    3.8320   -0.4011   -0.4836    0.7939    1.0700  106.9336 
  11.2691 4290.7036   35.8692  -26.1156  188.7825  255.6448   11.0934   55.9405    0.7515    0.5451    3.2375   -6.4611    1.4090    0.4624    3.8320   -0.2649   -0.6108    0.6162    0.9098  240.6006 
  11.2966 4290.6763   43.0420  -27.2445  187.6794  237.2733  -75.0883   93.1719    0.7515    0.5451    3.2375   -6.4611    1.4090    0.4624    3.8320   -0.3611   -0.6101    1.0110    1.1605  222.2290 
  11.3241 4290.6489   48.1549  -27.5681  188.3110  154.5706    8.3468  119.1729    0.7515    0.5451    3.2375   -6.4611    1.4090    0.4624    3.8320   -0.3899   -0.4282    1.0574    1.2118  139.5264 
  11.3516 4290.6211   51.1046  -24.5804  190.4484   94.3289   61.0201   92.6836    0.7515    0.5451    3.2375   -6.4611    1.4090    0.4624    3.8320   -0.2085   -0.3870    0.7122    0.8803   79.2847 
  11.3791 4290.5938   53.2199  -20.6835  192.5837  125.9451   39.1695   53.1939    0.7515    0.5451    3.2375   -6.4611    1.4090    0.4624    3.8320   -0.1401   -0.5901    0.4807    0.7652  110.9009 
  11.4066 4290.5664   56.8221  -19.2320  193.7418  166.5335  -42.9227   49.5928    0.7515    0.5451    3.2375   -6.4611    1.4090    0.4624    3.8320   -0.1482   -0.6497    0.5815    0.8711  151.4893 
  11.4341 4290.5386   58.7680  -19.3437  195.2551   37.2611  -49.8808   65.6451    0.7515    0.5451    3.2375   -6.4611    1.4090    0.4624    3.8320   -0.1787   -0.6870    0.7183    1.0073   22.2168 
  11.4616 4290.5112   57.4187  -15.3046  200.4964  -75.7150   -6.3627   91.5850    0.7515    0.5451    3.2375   -6.4611    1.4090    0.4624    3.8320   -0.1323   -0.5991    0.6248    0.9147  -90.7593 
  11.4891 4290.4839   54.7263  -10.7237  206.0175  -63.0197  -23.8187   61.6167    0.7515    0.5451    3.2375   -6.4611    1.4090    0.4624    3.8320   -0.0662   -0.6125    0.5483    0.8302    0.0000 
  11.5166 4290.4561   52.8599  -10.0158  208.6863  -10.3464  -72.1586   39.0337    0.7515    0.5451    3.2375   -6.4611    1.4090    0.4624    3.8320   -0.1899   -0.5732    0.6934    0.8799  -25.3906 
  11.5441 4290.4287   51.1185  -11.5331  209.5079  -20.9055  -72.3417   14.1314    0.7515    0.5451    3.2375   -6.4611    1.4090    0.4624    3.8320   -0.2734   -0.7097    1.0176    1.2157  -35.9497 
  11.5716 4290.4014   48.0455  -10.7553  210.8981  -90.1804   33.9815   44.9542    0.7515    0.5451    3.2375   -6.4611    1.4090    0.4624    3.8320   -0.2732   -0.5330    0.7922    1.0731 -105.2246 
  11.5991 4290.3735   45.4413  -10.3970  211.0910   23.6502    1.9991  -66.9843    0.7515    0.5451    3.2375   -6.4611    1.4090    0.4624    3.8320   -0.2505   -0.6814    0.7229    0.9483    8.6060 
  11.6266 4290.3462   45.2338  -12.0220  209.5633   32.4393    0.3512   14.8028    0.7515    0.5451    3.2375   -6.4611    1.4090    0.4624    3.8320   -0.2026   -0.6851    0.8938    1.1328   17.3950 
  11.6541 4290.3188   44.6199  -12.6569  208.8787    8.3914   12.3141   13.7042    0.7515    0.5451    3.2375   -6.4611    1.4090    0.4624    3.8320   -0.2256   -0.6604    0.6912    1.0147   -6.6528 
  11.6816 4290.2915   44.0891  -13.1342  208.5848  -34.3332  -16.7997  -25.6635    0.7515    0.5451    3.2375   -6.4611    1.4090    0.4624    3.8320   -0.4199   -0.6831    0.7861    1.0835  -49.3774 
  11.7091 4290.2637   43.4430  -14.7053  207.2207   -2.9611   26.1080  -16.8134    0.7515    0.5451    3.2375   -6.4611    1.4090    0.4624    3.8320   -0.3562   -0.8311    0.8621    1.2430  -18.0054 
  11.7366 4290.2363   43.0009  -15.8770  205.3785   -5.2805   61.6915   10.8965    0.7515    0.5451    3.2375   -6.4611    1.4090    0.4624    3.8240   -0.4478   -0.7532    0.7515    1.1508  -20.3247 
  11.7641 4290.2090   43.0249  -15.7874  204.9240    8.0252   51.8038   46.0528    0.7515    0.5451    3.2375   -6.4611    1.4090    0.4624    3.8320   -0.2258   -0.6270    0.7061    1.0030   -7.0190 
  11.7916 4290.1812   44.7862  -12.3894  207.7311  -22.7365   -5.2641   43.2452    0.7515    0.5451    3.2375   -6.4611    1.4090    0.4624    3.8320   -0.1018   -0.7361    0.5593    0.9231  -37.7808 
  11.8191 4290.1538   45.7207  -12.4977  208.2783  -20.7834  -24.3070  -26.0297    0.7515    0.5451    3.2375   -6.4611    1.4090    0.4624    3.8320   -0.1807   -0.8262    0.7207    1.0986  -35.8276 
  11.8466 4290.1265   45.2501  -15.3270  206.1998  -14.6799   -2.8226  -15.5927    0.7515    0.5451    3.2375   -6.4611    1.4090    0.4624    3.8320   -0.2600   -0.7463    0.7280    1.0884  -29.7241 
  11.8741 4290.0986   44.0974  -16.6193  205.2455   -6.4401    4.5016    3.9996    0.7515    0.5451    3.2375   -6.4611    1.4090    0.4624    3.8320   -0.2209   -0.6584    0.7034    1.0109  -21.4844 
  11.9016 4290.0713   44.4640  -14.8436  206.6902  -15.7785   -7.4003    8.1500    0.7515    0.5451    3.2375   -6.4611    1.4090    0.4624    3.8320   -0.2019   -0.7063    0.7290    1.0122  -30.8228 
  11.9291 4290.0439   43.8606  -14.0606  207.4575  -10.0412    8.2247    5.4644    0.7515    0.5451    3.2375   -6.4611    1.4090    0.4624    3.8320   -0.2124   -0.7458    0.7439    1.0754  -25.0854 
  11.9566 4290.0161   43.7050  -13.7928  207.6430   -5.9518   -7.7055   -2.3481    0.7515    0.5451    3.2375   -6.4611    1.4090    0.4624    3.8320   -0.2354   -0.6855    0.7346    1.0215  -20.9961 
  11.9841 4289.9888   42.7638  -14.2330  207.5203   -8.5153   -5.3861    1.8633    0.7515    0.5451    3.2375   -6.4611    1.4090    0.4624    3.8320   -0.2292   -0.6821    0.7302    1.0159  -23.5596 
  12.0116 4289.9614   42.2673  -13.5005  208.0788   -3.0832   10.9103   10.3472    0.7515    0.5451    3.2375   -6.4611    1.4090    0.4624    3.8320   -0.2217   -0.7178    0.7666    1.0880  -18.1274 
  12.0391 4289.9336   43.2348  -13.5376  208.2375   -5.8908    1.2667   12.4834    0.7515    0.5451    3.2375   -6.4611    1.4090    0.4624    3.8320   -0.1599   -0.7124    0.6938    1.0089    0.0000 
  12.0666 4289.9062   44.3000  -12.7156  209.0875   -0.0925  -18.5087    2.6568    0.7515    0.5451    3.2375   -6.4611    1.4090    0.4624    3.8320   -0.1960   -0.7297    0.7322    1.0420  -15.1367 
  12.0941 4289.8789   43.9852  -14.7183  208.1535  -11.3840  -19.1801   -2.9584    0.7515    0.5451    3.2375   -6.4611    1.4090    0.4624    3.8320   -0.2700   -0.7446    0.7764    1.0873  -26.4282 
  12.1216 4289.8511   42.0810  -15.9590  207.6039  -19.0134  -13.3207   -4.7895    0.7515    0.5451    3.2375   -6.4611    1.4090    0.4624    3.8320   -0.2510   -0.7346    0.7976    1.1159  -34.0576 
  12.1491 4289.8237   42.6557  -14.9854  208.4219  -10.6515   -7.0341   -3.2026    0.7515    0.5451    3.2375   -6.4611    1.4090    0.4624    3.8320   -0.1958   -0.7078    0.7200    1.0223  -25.6958 
  12.1766 4289.7964   43.4973  -16.1578  207.7543   -1.2521  -10.2079   -4.3623    0.7515    0.5451    3.2375   -6.4611    1.4090    0.4624    3.8320   -0.2290   -0.6799    0.6909    0.9982  -16.2964 
  12.2041 4289.7686   42.3486  -16.2286  207.8337   -3.2053  -11.6117   -7.9633    0.7515    0.5451    3.2375   -6.4611    1.4090    0.4624    3.8240   -0.2549   -0.7449    0.7917    1.1059  -18.2495 
  12.2316 4289.7412   41.7602  -16.3504  207.7686  -12.5436   -1.3578   -6.5595    0.7515    0.5451    3.2375   -6.4611    1.4090    0.4624    3.8320   -0.2271   -0.6992    0.7422    1.0638  -27.5879 
  12.2591 4289.7139   41.9431  -16.2943  207.8263  -13.2761   -3.9213   -6.6816    0.7515    0.5451    3.2375   -6.4611    1.4090    0.4624    3.8320   -0.2280   -0.6499    0.6931    0.9734    0.0000 
  12.2866 4289.6860   42.3860  -15.1700  208.6037   -3.4494  -15.5790   -8.3295    0.7515    0.5451    3.2375   -6.4611    1.4090    0.4624    3.8320   -0.2039   -0.7056    0.7605    1.0456  -18.4937 
  12.3141 4289.6587   41.6494  -16.2282  208.1629   -8.5153  -15.9452   -3.3857    0.7515    0.5451    3.2375   -6.4611    1.4090    0.4624    3.8320   -0.2825   -0.7017    0.8118    1.1046  -23.5596 
  12.3416 4289.6313   40.0468  -17.9387  207.1659   -9.7971   -6.1796   -8.3295    0.7515    0.5451    3.2375   -6.4611    1.4090    0.4624    3.8320   -0.2744   -0.6567    0.7544    1.0518  -24.8413 
  12.3691 4289.6040   41.0891  -17.2862  207.5920   -3.8766  -17.0438   -4.0571    0.7515    0.5451    3.2375   -6.4611    1.4090    0.4624    3.8320   -0.1003   -0.6780    0.6716    0.9928  -18.9209 
  12.3966 4289.5762   40.5840  -19.0637  206.7703  -14.7409  -21.0111   -5.2167    0.7515    0.5451    3.2375   -6.4611    1.4090    0.4624    3.8320   -0.3147   -0.6665    0.8137    1.0839  -29.7852 
  12.4241 4289.5488   39.0034  -19.8135  206.4636   -6.5012    7.1871    3.4502    0.7515    0.5451    3.2375   -6.4611    1.4090    0.4624    3.8320   -0.2783   -0.6831    0.7827    1.0920  -21.5454 
  12.4516 4289.5215   39.5184  -18.6711  207.1122    0.0296   -3.5551   -4.0571    0.7515    0.5451    3.2375   -6.4611    1.4090    0.4624    3.8320   -0.2522   -0.6658    0.7644    1.0412  -15.0146 
  12.4791 4289.4937   39.2648  -18.6026  207.2314   -0.5197  -21.2553   -8.4516    0.7515    0.5451    3.2375   -6.4611    1.4090    0.4624    3.8320   -0.3613   -0.6699    0.7944    1.0967    0.0000 
  12.5066 4289.4663   39.7737  -18.0965  207.5661    0.7010   -4.4096   -5.5219    0.7515    0.5451    3.2375   -6.4611    1.4090    0.4624    3.8320   -0.3091   -0.6677    0.7876    1.1005  -14.3433 
  12.5341 4289.4390   39.2470  -19.0744  206.8392   -8.3932   -0.2592  -11.3203    0.7515    0.5451    3.2375   -6.4611    1.4090    0.4624    3.8320   -0.3130   -0.6599    0.7852    1.0767  -23.4375 
  12.5616 4289.4111   39.7067  -19.1907  206.6583   -5.6467    4.3185   -2.1040    0.7515    0.5451    3.2375   -6.4611    1.4090    0.4624    3.8320   -0.2515   -0.6892    0.7241    1.0218  -20.6909 
  12.5891 4289.3838   39.9885  -19.1232  206.7227   -6.8674   -5.7523  -11.1982    0.7515    0.5451    3.2375   -6.4611    1.4090    0.4624    3.8320   -0.2461   -0.6943    0.7949    1.0779  -21.9116 
  12.6166 4289.3564   39.5367  -19.0520  206.6883    1.6165   -2.5785   -7.4140    0.7515    0.5451    3.2375   -6.4611    1.4090    0.4624    3.8320   -0.2666   -0.7026    0.7910    1.0930  -13.4277 
  12.6441 4289.3286   39.7977  -18.5955  207.0224   11.8094  -10.1469    4.6709    0.7515    0.5451    3.2375   -6.4611    1.4090    0.4624    3.8320   -0.2346   -0.6492    0.7385    1.0223   -3.2349 
