   0.0016 4291.0059    0.0111   -0.0850  179.9991    0.2960    0.1133   -0.3678    0.0000    0.0000    0.0000    0.0000    0.0000    0.0000    4.0560   -0.0361   -0.0044    1.0725    1.0726  -14.3433 
   0.0291 4290.9780   -0.0192   -1.0178  179.9918   -0.1313   -0.0698   -0.0016    0.0000    0.0000    0.0000    0.0000    0.0000    0.0000    4.0560   -0.0452    0.0071    1.0735    1.0718  -14.7705 
   0.0566 4290.9507    0.0131   -1.8971  179.9834    0.2349   -0.1308    0.1205    0.0000    0.0000    0.0000    0.0000    0.0000    0.0000    4.0560   -0.0439    0.0007    1.0762    1.0735  -14.4043 
   0.0841 4290.9233    0.1952   -1.7776  179.9882    0.4791   -0.0698   -0.1847    0.0000    0.0000    0.0000    0.0000    0.0000    0.0000    4.0560   -0.0317    0.0000    1.0779    1.0756  -14.1602 
   0.1116 4290.8955   -0.2688   -1.6936  179.9908   -0.0092    0.1133   -0.1847    0.0000    0.0000    0.0000    0.0000    0.0000    0.0000    4.0560   -0.0308    0.0054    1.0579    1.0614  -14.6484 
   0.1391 4290.8682    0.0806   -2.1366  179.9903    0.1739    0.2964   -0.0626    0.0000    0.0000    0.0000    0.0000    0.0000    0.0000    4.0560   -0.0352   -0.0010    1.0740    1.0730  -14.4653 
   0.1666 4290.8408    0.0168   -1.8569  179.9951   -0.6196    0.2964    0.4257    0.0000    0.0000    0.0000    0.0000    0.0000    0.0000    4.0560   -0.0383   -0.0027    1.0642    1.0676  -15.2588 
   0.1941 4290.8130   -0.1956   -1.9864  179.9995    0.1128    0.2964    0.3646    0.0000    0.0000    0.0000    0.0000    0.0000    0.0000    4.0560   -0.0371    0.0037    1.0735    1.0728  -14.5264 
   0.2216 4290.7856    0.1297   -1.8881  179.9974    0.1739   -0.0698   -0.4288    0.0000    0.0000    0.0000    0.0000    0.0000    0.0000    4.0560   -0.0396   -0.0022    1.0732    1.0723  -14.4653 
   0.2491 4290.7583    0.0894   -2.2600  179.9934   -0.0092    0.2354   -0.1847    0.0000    0.0000    0.0000    0.0000    0.0000    0.0000    4.0560   -0.0439   -0.0039    1.0750    1.0780  -14.6484 
   0.2766 4290.7305    0.0899   -2.1774  179.9836    0.6011    0.1743   -0.2457    0.0000    0.0000    0.0000    0.0000    0.0000    0.0000    4.0560   -0.0461    0.0010    1.0728    1.0742  -14.0381 
   0.3041 4290.7031    0.0573   -1.8285  179.9770   -0.3144    0.2354   -0.0016    0.0000    0.0000    0.0000    0.0000    0.0000    0.0000    4.0560   -0.0317    0.0034    1.0762    1.0720  -14.9536 
   0.3316 4290.6758    0.2388   -1.9544  179.9715    0.2960    0.2354   -0.3068    0.0000    0.0000    0.0000    0.0000    0.0000    0.0000    4.0560   -0.0364   -0.0032    1.0771    1.0755  -14.3433 
   0.3591 4290.6479    0.0995   -2.0206  179.9707    0.7232   -0.1308   -0.1237    0.0000    0.0000    0.0000    0.0000    0.0000    0.0000    4.0560   -0.0376   -0.0022    1.0774    1.0731  -13.9160 
   0.3866 4290.6206   -0.0935   -1.9293  179.9749   -0.1313    0.4185    0.1815    0.0000    0.0000    0.0000    0.0000    0.0000    0.0000    4.0560   -0.0391    0.0002    1.0742    1.0673  -14.7705 
   0.4141 4290.5933    0.1191   -2.0983  179.9812   -0.4975    0.1133    0.1205    0.0000    0.0000    0.0000    0.0000    0.0000    0.0000    4.0560   -0.0415   -0.0051    1.0737    1.0726  -15.1367 
   0.4416 4290.5654   -0.1283   -2.0512  179.9787   -0.6196    0.1743    0.0594    0.0000    0.0000    0.0000    0.0000    0.0000    0.0000    4.0560   -0.0435   -0.0059    1.0693    1.0655  -15.2588 
   0.4691 4290.5381    0.3447   -2.1505  179.9785    0.0518   -0.0698    0.1815    0.0000    0.0000    0.0000    0.0000    0.0000    0.0000    4.0560   -0.0396   -0.0129    1.0664    1.0672  -14.5874 
   0.4966 4290.5107   -0.1151   -1.8987  179.9826    0.1739    0.0523    0.3036    0.0000    0.0000    0.0000    0.0000    0.0000    0.0000    4.0560   -0.0356    0.0017    1.0703    1.0701  -14.4653 
   0.5241 4290.4829    0.0705   -2.0518  179.9812    0.1739    0.2354   -0.0626    0.0000    0.0000    0.0000    0.0000    0.0000    0.0000    4.0560   -0.0398    0.0010    1.0688    1.0734  -14.4653 
   0.5516 4290.4556    0.0114   -1.9531  179.9747   -0.4365   -0.0698   -0.3678    0.0000    0.0000    0.0000    0.0000    0.0000    0.0000    4.0560   -0.0325   -0.0002    1.0710    1.0704  -15.0757 
   0.5791 4290.4282    0.1636   -1.6486  179.9770    0.1739    0.1133    0.0594    0.0000    0.0000    0.0000    0.0000    0.0000    0.0000    4.0560   -0.0361    0.0012    1.0762    1.0707  -14.4653 
   0.6066 4290.4009    0.1078   -2.1535  179.9749    0.4791    0.1133   -0.2457    0.0000    0.0000    0.0000    0.0000    0.0000    0.0000    4.0560   -0.0408   -0.0015    1.0786    1.0783  -14.1602 
   0.6341 4290.3730    0.1236   -2.0944  179.9737   -0.6196    0.1743   -0.3068    0.0000    0.0000    0.0000    0.0000    0.0000    0.0000    4.0560   -0.0393   -0.0020    1.0818    1.0748  -15.2588 
   0.6616 4290.3457    0.3068   -1.7685  179.9780   -0.0703    0.1743    0.0594    0.0000    0.0000    0.0000    0.0000    0.0000    0.0000    4.0560   -0.0212   -0.0020    1.0654    1.0729  -14.7095 
   0.6891 4290.3184    0.2095   -1.6591  179.9729   -0.2534   -0.0088   -0.0016    0.0000    0.0000    0.0000    0.0000    0.0000    0.0000    4.0560   -0.0320   -0.0044    1.0710    1.0729  -14.8926 
   0.7166 4290.2905    0.0684   -1.8624  179.9733   -0.3144    0.0523   -0.4899    0.0000    0.0000    0.0000    0.0000    0.0000    0.0000    4.0560   -0.0339   -0.0007    1.0750    1.0741  -14.9536 
   0.7441 4290.2632   -0.1635   -2.0958  179.9760    0.1739   -0.0698    0.2425    0.0000    0.0000    0.0000    0.0000    0.0000    0.0000    4.0560   -0.0388    0.0029    1.0684    1.0711  -14.4653 
   0.7716 4290.2358    0.0759   -2.1260  179.9762   -0.0092    0.1133   -0.1847    0.0000    0.0000    0.0000    0.0000    0.0000    0.0000    4.0560   -0.0405   -0.0034    1.0801    1.0729  -14.6484 
   0.7991 4290.2080   -0.0398   -2.0479  179.9822   -0.5585    0.1743    0.0594    0.0000    0.0000    0.0000    0.0000    0.0000    0.0000    4.0560   -0.0330   -0.0010    1.0786    1.0724  -15.1978 
   0.8266 4290.1807    0.0818   -1.8881  179.9826    0.1739    0.4185   -0.0626    0.0000    0.0000    0.0000    0.0000    0.0000    0.0000    4.0560   -0.0383   -0.0051    1.0608    1.0636  -14.4653 
   0.8541 4290.1533    0.1419   -1.9592  179.9912   -0.3144   -0.1308    0.3036    0.0000    0.0000    0.0000    0.0000    0.0000    0.0000    4.0560   -0.0415   -0.0054    1.0630    1.0653  -14.9536 
   0.8816 4290.1255    0.1528   -2.0500  179.9969    0.2349    0.3574    0.1205    0.0000    0.0000    0.0000    0.0000    0.0000    0.0000    4.0560   -0.0286    0.0029    1.0637    1.0665  -14.4043 
   0.9091 4290.0981    0.1489   -1.8933  179.9960   -0.3754    0.1133    0.0594    0.0000    0.0000    0.0000    0.0000    0.0000    0.0000    4.0560   -0.0349   -0.0029    1.0728    1.0720  -15.0146 
   0.9866    0.0014    0.0000    0.0000  179.9968   -0.5585    0.0523   -0.1237    0.0000    0.0000    0.0000    0.0000    0.0000    0.0190    4.0560   -0.0376    0.0005    1.0630    1.0694  -15.1978 
   1.0141    0.0009    0.0000    0.0000  179.9999   -0.1313   -0.1919    0.6698    0.0000    0.0000    0.0000    0.0000    0.0000    0.0000    4.0560   -0.0352   -0.0066    1.0713    1.0705  -14.7705 
   1.0416    0.0009    0.0000    0.0000  180.0020    0.0518    0.1133   -0.0626    0.0000    0.0000    0.0000    0.0000    0.0000    0.0000    4.0560   -0.0405   -0.0037    1.0703    1.0705  -14.5874 
   1.0691    0.0009    0.0000    0.0000  180.0019   -0.0703    0.0523   -0.3678    0.0000    0.0000    0.0000    0.0000    0.0000    0.0000    4.0560   -0.0261   -0.0012    1.0647    1.0676  -14.7095 
   1.0966    0.0014    0.0000    0.0000  180.0006   -0.8027   -0.1919   -0.0016    0.0000    0.0000    0.0000    0.0000    0.0000    0.0190    4.0560   -0.0432    0.0010    1.0791    1.0714  -15.4419 
   1.1241    0.0010    0.3139    0.4922  180.0044   -0.5585   -1.5347   -0.1237   -0.1387   -0.1711  -27.4259  -24.1036    5.9178    0.1690    3.9680   -0.0271   -0.0620    0.9890    1.0180    0.1054 
   1.1516    0.0010    0.1976    0.8820  180.0088    5.3008   -2.5723   -1.1613   -0.2187   -0.2248  -22.0479  -41.8528    5.9178    0.1690    3.9520    0.0000   -0.0281    1.1079    1.0868    0.1236 
   1.1791    0.0010    0.2522    0.8183  179.9855   -1.5351    0.5405   -5.3117   -0.2878   -0.2271   -9.9611  -47.2755    5.9178    0.1690    3.9600   -0.0193    0.0542    1.1245    1.1117    0.1960 
   1.2066    0.0014    0.2816    0.8848  180.0575    2.4932    4.3858    7.3226   -0.4169   -0.3272  -29.8905  -64.4719    5.9178    0.1690    3.9840    0.3845    0.0103    1.1113    1.1458   -0.0245 
   1.2341    0.0010    0.2774    0.9270  180.0858    8.0474  -11.3003   -5.8610   -0.2655   -0.3666  -28.8724  -61.0843    5.9178    0.1690    3.9360   -0.5083   -0.3193   -0.1526    1.0970    0.2056 
   1.2616    0.0010    0.1414    0.9551  179.9332   -7.0283   -1.7178   -3.4806   -0.1493   -0.2547  -19.6387  -82.9293    5.9178    0.1690    3.9840    0.3398    0.0740    1.6855    1.4945    0.1640 
   1.2891    0.0010    0.4368    0.4744  180.0527  -15.8784  -16.1831    8.2382   -0.0242   -0.1856  -34.9124  -67.3197    6.4814    0.1690    3.9360    0.4434   -0.0596    2.8425    1.6239   -0.0307 
   1.3166    0.0014    0.7706    0.1150  180.2289    2.7374  -13.9248    4.6981    0.0198   -0.0368  -65.2193  -61.8598    6.7632    0.1690    3.9840   -0.0903   -0.9172    2.9534    2.8547    0.0360 
   1.3441    0.0010    0.9109    0.0039  180.3894   -7.2724    0.6626    6.4071   -0.0565    0.1330  -73.1109  -62.2135    6.7632    0.1690    3.9440   -0.5229   -0.4424   -1.2546    1.7541    0.0062 
   1.3716    0.0010    0.5013    0.1833  180.6012  -14.4746  -13.1924    3.1112    0.0548    0.0674  -43.9854  -57.8806    6.7632    0.1690    3.9680   -0.7742    0.4043    2.7927    2.2506    0.0637 
   1.3991    0.0010    0.7596    0.3408  180.6433  -10.8124  -16.0000    5.0033   -0.0473   -0.0464  -65.1990  -76.5155    6.7632    0.1690    3.9440   -0.5115    1.2480    2.4417    2.2935    0.0307 
   1.4266    0.0014    0.9881    0.3341  180.7917   -5.1362   13.9683    6.7733   -0.0448   -0.0320  -98.6479  -84.4122    6.7632    0.1690    3.9920    0.4155   -1.7917    1.1670    2.9518   -0.0002 
   1.4541    0.0010    0.5658    0.4424  180.9274    7.1319   -2.0840    1.7684    0.1482    0.1102  -71.4813  -93.4759    6.4814    0.1690    3.8640    0.8723    1.1458   -0.0522    1.8554    0.0823 
   1.4816    0.0010    0.4227    0.2798  180.8892    7.8643    1.2119   -7.9362    0.2087    0.0907  -94.1662  -79.9674    6.4814    0.1690    3.9520   -0.4487   -0.4568   -1.0122    1.3120    0.2516 
   1.5091    0.0010    0.2894    0.4529  180.7785   18.9727  -14.6572   -2.9923    0.2040   -0.0601  -89.2404  -99.2854    6.7632    0.1690    3.6400   -0.8083    1.9729   -0.1772    1.7692    0.1703 
   1.5366    0.0014    0.3094    0.1742  180.7713   24.4048   18.1187  -10.6217    0.0165   -0.0354  -94.3549  -94.4794    6.7632    0.1743    3.8560    0.0088    0.5256   -1.2422    1.7130    0.3034 
   1.5641    0.0010   -0.0894    0.5971  181.1949   -5.1972    9.0855    9.0316   -0.0238    0.1256  -75.7861 -106.4707    6.4814    0.1690    3.7440   -0.5542    1.9368   -0.6475    1.7756   -0.0445 
   1.5916    0.0010   -0.4152    0.6262  181.4064   19.7051    2.1885    1.4022    0.1487    0.1479  -69.7334 -108.3543    6.4814    0.1690    3.8400   -0.0271    0.3530   -0.4626    1.1618    0.0886 
   1.6191    0.0010   -0.5206    0.3322  181.5495   41.6778   14.8838   -5.1285    0.0662   -0.0154 -100.4452 -115.2555    6.7632    0.1743    3.6640    0.1060   -1.3418    0.5171    2.0239    0.2076 
   1.6466    0.0014   -0.5768    0.4100  181.5758   27.4566   19.1563    2.8060   -0.0389    0.0153  -78.8527 -120.1667    6.7632    0.1847    3.7600    1.0181   -1.7212   -0.0872    1.2860    0.0691 
   1.6741    0.0010   -0.4974    0.1305  181.7722    3.0425   -1.9009   -3.1144    0.1047    0.0580  -60.9553 -100.8633    7.3268    0.1950    3.9120   -0.2739   -1.1589    2.5068    2.5401    0.1822 
   1.7016    0.0010   -0.3047    0.1935  181.6811  -12.4604  -15.5727   -0.4899    0.0420    0.0192  -59.7584  -97.1782    7.3268    0.1950    3.9600   -0.1855   -0.3267    0.3359    1.5706    0.1364 
   1.7291    0.0010    0.0033    0.5529  181.6501  -26.8647   -4.6474   16.0507   -0.2170    0.1291  -58.2075 -121.2448    8.7358    0.1950    3.7680   -0.8264    0.9824   -1.2852    1.6364   -0.1277 
   1.7566    0.0014    0.0000    0.0000  181.9223   25.6866   22.2080   -2.0158   -0.3777    0.2362    0.0000    0.0000    0.0000    0.0000    3.7520    0.2849   -0.3735    3.4985    3.1375   11.0474 
   1.7841    0.0009    0.0000    0.0000  182.1167    9.3902   14.8228    0.6088   -0.3777    0.2362    0.0000    0.0000    0.0000    0.0000    4.0400   -0.1448   -0.0210    2.0105    1.7066   -5.2490 
   1.8591 4294.9160   -0.1542    0.5713  182.1063    9.8174   -3.9761  -19.1056   -0.3777    0.2362    0.0000    0.0000    0.0000    0.0000    4.0480   -0.2820    0.6978    2.9414    2.4524   -4.8218 
   1.8866 4294.8887   -0.6585    0.3258  182.0166   -2.1455   -0.6802    3.1722   -0.3777    0.2362    0.0000    0.0000    0.0000    0.0000    4.0480   -0.3792   -0.1833    0.6765    1.0113    0.0000 
   1.9141 4294.8613   -0.1380    0.3345  182.1411    4.9957    3.8975    4.7591   -0.3777    0.2362    0.0000    0.0000    0.0000    0.0000    4.0480    0.2449    0.4578    1.9106    1.2871   -9.6436 
   1.9416 4294.8335   -0.0821    0.1892  182.1588    4.8736   -5.3799   -8.6076   -0.3777    0.2362    0.0000    0.0000    0.0000    0.0000    4.0480   -0.4661   -0.0864    1.2886    1.0108   -9.7656 
   1.9691 4294.8062   -0.0877    0.3175  182.0493   10.4278   -0.9853   -5.4948   -0.3777    0.2362    0.0000    0.0000    0.0000    0.0000    4.0480    0.2437    0.2302    1.3523    1.3009   -4.2114 
   1.9966 4294.7788   -0.2250    0.0759  182.0555   -0.1313    2.9819    4.3929   -0.3777    0.2362    0.0000    0.0000    0.0000    0.0000    4.0480   -0.1721    0.0789    0.6487    0.8724    0.0000 
   2.0241 4294.7510   -0.2803   -0.0239  182.0953   -3.7324   -0.4971    0.0594   -0.3777    0.2362    0.0000    0.0000    0.0000    0.0000    4.0480   -0.1377    0.1060    1.0327    1.0739  -18.3716 
   2.0516 4294.7236   -0.2064   -0.0165  182.0911    4.3243   -3.8540   -3.7858   -0.3777    0.2362    0.0000    0.0000    0.0000    0.0000    4.0480   -0.1355    0.0459    0.9834    1.0508  -10.3149 
   2.0791 4294.6963   -0.1805   -0.1337  182.0810   -6.6010   -9.4692   -3.4196   -0.3777    0.2362    0.0000    0.0000    0.0000    0.0000    4.0480   -0.2432    0.1997    1.1343    1.1321  -21.2402 
   2.1066 4294.6685   -0.2644   -0.1356  182.1023    2.7374    8.1699    6.2850   -0.3777    0.2362    0.0000    0.0000    0.0000    0.0000    4.0480    0.1072   -0.0530    1.0615    1.0878    0.0000 
   2.1341 4294.6411   -0.2884   -0.1043  182.0869    7.3760    1.5781   -3.5416   -0.3777    0.2362    0.0000    0.0000    0.0000    0.0000    4.0480    0.0295    0.0562    1.0688    1.0737   -7.2632 
   2.1616 4294.6138   -0.4627   -0.1569  182.0954    4.3853    2.8599    4.1488   -0.3777    0.2362    0.0000    0.0000    0.0000    0.0000    4.0480    0.0652   -0.0442    1.1052    1.0885  -10.2539 
   2.1891 4294.5859   -0.4235   -0.0277  182.0582    2.7374   -5.3188   -2.3209   -0.3777    0.2362    0.0000    0.0000    0.0000    0.0000    4.0480   -0.0151   -0.0413    1.1047    1.0609  -11.9019 
   2.2166 4294.5586   -0.1662   -0.3491  182.0520    2.1270    1.2119   -0.0626   -0.3777    0.2362    0.0000    0.0000    0.0000    0.0000    4.0480   -0.0342    0.0071    0.9734    1.0058    0.0000 
   2.2441 4294.5312   -0.0032   -0.2031  182.0497    1.3946    5.1792   -2.0768   -0.3777    0.2362    0.0000    0.0000    0.0000    0.0000    4.0480    0.0417    0.0000    1.0339    1.0399  -13.2446 
   2.2716 4294.5034   -0.4970   -0.2374  182.0519   -1.9013    2.6157   -2.0158   -0.3777    0.2362    0.0000    0.0000    0.0000    0.0000    4.0480   -0.0500    0.0532    1.0676    1.0600  -16.5405 
   2.2991 4294.4761   -0.0437   -0.4882  182.0330    2.3101   -0.0088   -2.5651   -0.3777    0.2362    0.0000    0.0000    0.0000    0.0000    4.0480   -0.0078   -0.0112    1.0710    1.0672  -12.3291 
   2.3266 4294.4487   -0.4012   -0.1831  182.0367   -4.0986   -5.5019    0.1815   -0.3777    0.2362    0.0000    0.0000    0.0000    0.0000    4.0480   -0.0601    0.0759    1.0496    1.0561    0.0000 
   2.3541 4294.4214   -0.4058   -0.5366  182.0359   -4.8920    1.4561    0.2425   -0.3777    0.2362    0.0000    0.0000    0.0000    0.0000    4.0480   -0.0344    0.0298    1.0774    1.0807  -19.5312 
   2.3816 4294.3936   -0.3423   -0.2010  182.0221    4.5074   -1.5347   -0.7951   -0.3777    0.2362    0.0000    0.0000    0.0000    0.0000    4.0480    0.0046   -0.0388    1.0337    1.0449  -10.1318 
   2.4091 4294.3662   -0.5115   -0.2751  182.0261   -2.3896    1.5171    0.9750   -0.3777    0.2362    0.0000    0.0000    0.0000    0.0000    4.0480   -0.0261   -0.0066    1.0884    1.0729  -17.0288 
   2.4366 4294.3389   -0.4355    0.0265  182.0177    4.7515   -1.1684   -0.0016   -0.3777    0.2362    0.0000    0.0000    0.0000    0.0000    4.0480   -0.0164   -0.0156    1.0747    1.0618   -9.8877 
   2.4641 4294.3110   -0.5072   -0.1838  182.0243   -3.9765    2.3106   -0.3678   -0.3777    0.2362    0.0000    0.0000    0.0000    0.0000    4.0480   -0.0430    0.0269    1.0615    1.0760  -18.6157 
   2.4916 4294.2837   -0.5314   -0.0862  182.0193    3.1646   -0.4971   -0.4288   -0.3777    0.2362    0.0000    0.0000    0.0000    0.0000    4.0480   -0.0293   -0.0127    1.0649    1.0655  -11.4746 
   2.5191 4294.2563   -0.6117   -0.0037  182.0172    3.4087   -0.6802   -0.1847   -0.3777    0.2362    0.0000    0.0000    0.0000    0.0000    4.0480   -0.0325    0.0144    1.0845    1.0802  -11.2305 
   2.5466 4294.2285   -0.0991   -0.1534  182.0172    0.4791    1.2119   -0.9782   -0.3777    0.2362    0.0000    0.0000    0.0000    0.0000    4.0480   -0.0090   -0.0051    1.0481    1.0578    0.0000 
   2.5741 4294.2012   -0.6425   -0.0767  182.0111    0.0518   -0.4971    0.1205   -0.3777    0.2362    0.0000    0.0000    0.0000    0.0000    4.0480   -0.0286    0.0227    1.0576    1.0617  -14.5874 
   2.6016 4294.1738   -0.1907   -0.0622  182.0118   -1.9013    0.7847    0.2425   -0.3777    0.2362    0.0000    0.0000    0.0000    0.0000    4.0480   -0.0378    0.0122    1.0654    1.0614  -16.5405 
   2.6866    0.0014    0.0000    0.0000  182.0113   -1.3520    0.4795   -0.1237   -0.3777    0.2362    0.0000    0.0000    0.0000    0.0000    4.0480   -0.0090    0.0212    1.0605    1.0653    0.0000 
   2.7141    0.0009    0.0000    0.0000  182.0108    1.9439   -0.6191   -0.1847   -0.3777    0.2362    0.0000    0.0000    0.0000    0.0000    4.0480   -0.0276    0.0208    1.0774    1.0709  -12.6953 
   2.7416    0.0009    0.0000    0.0000  182.0130   -0.4975    0.4795   -0.0016   -0.3777    0.2362    0.0000    0.0000    0.0000    0.0000    4.0480   -0.0337    0.0173    1.0569    1.0649  -15.1367 
   2.7691    0.0009    0.0000    0.0000  182.0121    0.5401   -0.3750    0.3036   -0.3777    0.2362    0.0000    0.0000    0.0000    0.0000    4.0480   -0.0242    0.0120    1.0647    1.0669  -14.0991 
   2.7966    0.0014    0.0000    0.0000  182.0166   -0.3144   -0.0088    0.0594   -0.3777    0.2362    0.0000    0.0000    0.0000    0.0000    4.0480   -0.0229    0.0195    1.0742    1.0692  -14.9536 
   2.8241    0.0009    0.0000    0.0000  182.0135   -0.9247    0.6626   -0.0016   -0.3777    0.2362    0.0000    0.0000    0.0000    0.0000    4.0480   -0.0239    0.0146    1.0723    1.0730  -15.5640 
   2.8516    0.0009    0.0000    0.0000  182.0188    0.7842   -0.4360   -0.0016   -0.3777    0.2362    0.0000    0.0000    0.0000    0.0000    4.0480   -0.0378    0.0244    1.0605    1.0689  -13.8550 
   2.8791    0.0009    0.0000    0.0000  182.0214    0.4180    0.0523   -0.1237   -0.3777    0.2362    0.0000    0.0000    0.0000    0.0000    4.0480   -0.0432    0.0195    1.0693    1.0699  -14.2212 
   2.9066    0.0014    0.0000    0.0000  182.0204   -0.1923    0.0523   -0.1847   -0.3777    0.2362    0.0000    0.0000    0.0000    0.0000    4.0480   -0.0283    0.0090    1.0735    1.0705    0.0000 
   2.9341    0.0010    0.0000    0.0000  182.0174    0.2960   -0.3139   -0.1237   -0.3777    0.2362    0.0000    0.0000    0.0000    0.0000    4.0480   -0.0308    0.0168    1.0735    1.0699  -14.3433 
   2.9616    0.0009    0.0000    0.0000  182.0117    0.8453    0.4185   -0.0626   -0.3777    0.2362    0.0000    0.0000    0.0000    0.0000    4.0480   -0.0364    0.0022    1.0732    1.0767  -13.7939 
   2.9891    0.0010    0.0000    0.0000  182.0107    0.1739   -0.0088    0.1205   -0.3777    0.2362    0.0000    0.0000    0.0000    0.0000    4.0480   -0.0254    0.0117    1.0754    1.0709  -14.4653 
   3.0166    0.0014    0.0000    0.0000  182.0055    0.6011   -0.1308   -0.1847   -0.3777    0.2362    0.0000    0.0000    0.0000    0.0000    4.0480   -0.0327    0.0120    1.0681    1.0708    0.0000 
   3.0441    0.0009    0.0000    0.0000  181.9952    0.7232   -0.1919   -0.2457   -0.3777    0.2362    0.0000    0.0000    0.0000    0.0000    4.0480   -0.0171    0.0024    1.0698    1.0702  -13.9160 
   3.0716    0.0009    0.0000    0.0000  181.9914    0.2349   -0.1308   -0.3068   -0.3777    0.2362    0.0000    0.0000    0.0000    0.0000    4.0400   -0.0286    0.0117    1.0715    1.0724  -14.4043 
   3.0991    0.0009    0.0000    0.0000  181.9956   -0.1313    0.2354    0.3646   -0.3777    0.2362    0.0000    0.0000    0.0000    0.0438    4.0480   -0.0293    0.0146    1.0691    1.0694  -14.7705 
   3.1266    0.0014    0.0000    0.0000  181.9904   -0.0092   -0.1308   -0.3678   -0.3777    0.2362    0.0000    0.0000    0.0000    0.0915    4.0480   -0.0330    0.0061    1.0730    1.0677    0.0000 
   3.1541    0.0011   -0.0510    0.2020  181.9738   -0.7416    1.3950    3.1722   -0.0729   -0.0246  -11.8570  -14.7533    0.0000    0.1690    3.9520    0.0735   -0.0662    1.1772    1.1989   -0.0554 
   3.1816    0.0010    0.0767    0.0720  181.9934    2.0660   -6.0513    0.9139    0.0711    0.1526    5.5061   18.9309    0.0000    0.2298    3.8800   -0.1091    0.0356    1.0898    1.0656   -0.0160 
   3.2091    0.0010   -0.1719   -0.2221  182.0121    5.9722    8.2920    8.4823    0.2238    0.0556   21.3543   -2.4144   -0.2818    0.2346    3.9200    0.0278    0.0288    0.9497    1.0485   -0.1530 
   3.2366    0.0014   -0.0342   -0.3764  181.9913    2.3101    2.2495    2.8671    0.2577   -0.1093   14.6263   -2.5177    0.0000    0.2394    3.8880    0.2561    0.2537    1.1194    1.1257   -0.0500 
   3.2641    0.0010   -0.0040   -0.3613  181.8336    3.8360    7.2544   -5.6779    0.1741   -0.1557   10.1965    2.2460    0.0000    0.2441    3.8800    0.2891   -0.1387    1.7354    1.0825    0.0991 
   3.2916    0.0010    0.4769   -0.5331  181.6634   20.0713   -1.4736   -1.3444    0.4168   -0.0114   -8.3802   21.5262   -0.2818    0.2582    3.9040   -0.0808   -0.3774    2.6990    2.4676    0.0185 
   3.3191    0.0010    0.2697   -0.2213  181.5841   -0.5585    4.1416   -6.0441    0.3278    0.0271   14.6011   17.7319   -0.2818    0.2582    3.8880   -0.3943    0.9607   -1.0762    1.6520    0.1006 
   3.3466    0.0014    0.5798   -0.4541  181.6205   49.1241  -10.7510    4.0878    0.1926   -0.0406  -23.6304   21.4708    0.0000    0.2810    3.4640    0.6565    0.8657    0.2803    1.9904   -0.0713 
   3.3741    0.0010    0.1551    0.1289  181.7663   -5.3803   49.1856    8.2382    0.1732    0.1546    4.0554   -6.5507   -0.5636    0.3561    3.5680    0.9421   -1.9685    1.4158    2.3506   -0.1536 
   3.4016    0.0010    0.7202    0.2720  181.9529   -1.4741  -17.2817   13.1820    0.2883    0.2205  -10.3544   24.1042   -0.5636    0.3826    3.7600    0.1611   -0.4031    3.3486    3.2623   -0.2399 
   3.4291    0.0010    1.5781    0.3113  182.0494  -33.3955    6.3999   -2.7482    0.2873    0.1719  -40.2936   -3.4209   -0.5636    0.3935    3.7440    0.0786   -0.2153    3.1089    3.0922    0.0381 
   3.4566    0.0014    0.6262    0.3729  182.1485  -16.0615   28.8609   11.4730    0.3982    0.0968   20.2026    2.0118   -0.5636    0.3970    3.7840   -0.1733    1.2747   -0.0730    2.0050   -0.2101 
   3.4841    0.0010    0.9896    0.5780  182.4535   18.5455  -22.4697    2.1957    0.3886    0.1578  -25.9443   17.0181   -0.5636    0.4006    3.7680    0.2249    1.6267   -1.7209    2.3208   -0.0482 
   3.5116    0.0010    0.9675    0.7441  182.2466  -12.2773   10.2451  -12.2697    0.2712    0.1372  -42.4368   -1.4075   -0.5636    0.3970    3.8160   -0.7839   -2.8979    2.6599    3.3722    0.2043 
   3.5391    0.0010   -0.4883    1.2360  182.0698  -28.1464   -2.8164  -15.5045    0.3512    0.1605   26.6973  -15.6649   -0.5636    0.4006    3.7680    0.1775    4.2998    0.3701    3.6719    0.2608 
   3.5666    0.0014   -0.1333    1.0115  181.7376   32.3394  -21.1269  -10.1334    0.3871    0.0182  -24.1490  -19.4699   -0.8454    0.4006    3.7840   -1.4456   -0.3318    3.7166    2.5647    0.1621 
   3.5941    0.0010   -0.3471    0.4495  181.6333   -9.5307    2.3716   -0.6730    0.2793   -0.0416    1.4323  -24.5697   -0.8454    0.4041    3.7360    1.0266   -3.0139    1.1541    2.9573   -0.0030 
   3.6216    0.0010   -0.9604    0.2047  181.5281   -3.6713  -17.1597   -4.3351    0.4070    0.0367   43.5295   -5.7318   -1.1272    0.4110    3.7440    0.1567    3.2866    1.0901    2.6510    0.0560 
   3.6491    0.0010   -0.6526    0.0557  181.6578   28.5552    9.1465   11.9613    0.4372    0.1587   32.3842  -25.3573   -1.4090    0.4178    3.8080    0.8022    1.0813   -1.3435    2.0674   -0.2334 
   3.6766    0.0014   -0.6776    0.1456  181.8710  -13.6811  -13.4365    0.0594    0.5097    0.1369   60.7761   -8.9039   -1.6908    0.4245    3.6560   -1.1189    1.1438    0.3574    2.2507   -0.0305 
   3.7041    0.0010   -0.2070   -0.0161  181.9356   43.8751  -21.7983   -4.3961    0.5277    0.1230   28.7730   -8.0685   -1.9726    0.4278    3.7360   -1.1477    1.6147    2.0205    2.8875    0.0423 
   3.7316    0.0010    0.1705    0.2456  181.8819   -1.5961   41.1900   -1.6495    0.5162    0.0507   51.9048  -44.7913   -1.9726    0.4278    3.7600    1.4993    0.5537   -0.3406    1.8213   -0.0056 
   3.7591    0.0010   -0.2196    0.5225  181.7901   13.1133  -20.2724  -12.7579    0.4537    0.1121   60.9497  -22.5924   -2.2544    0.4311    3.7440   -3.5071   -4.3535    1.5615    5.0657    0.1833 
   3.7866    0.0014    1.4058   -0.2960  181.2384   42.3492  -22.8970  -32.9606    0.5120    0.1752   -8.2638    4.8042   -2.2544    0.4311    3.6240   -0.6025   -3.5000    1.5615    3.4339    0.5359 
   3.8141    0.0010    1.7500   -0.1731  180.4091  -23.1415   45.1572  -20.2653    0.6363    0.0943   28.4790  -38.4019   -2.2544    0.4278    3.5280    1.1655   -0.8840    0.2068    2.1161    0.3143 
   3.8416    0.0010    1.0358    0.4756  179.6780   -5.1972   11.4658  -35.9513    0.5252    0.1027   30.9499  -32.1362   -2.2544    0.4278    3.6400   -3.1416   -2.4634    0.8928    3.9573    0.5881 
   3.8691    0.0010    0.9299    0.5153  178.6815   17.5689  -12.2158  -41.4445    0.7304    0.1796   13.7094  -12.1176   -2.5362    0.4343    3.6880   -1.4224   -3.1375    2.2383    3.8419    0.6791 
   3.8966    0.0014    0.2285    0.3772  177.5270   10.0005   10.3672  -31.8619    0.5373    0.1991   27.1884  -22.6551   -2.5362    0.4343    3.6560    1.4353   -1.2441    0.8945    2.6954    0.5118 
   3.9241    0.0010    1.5002    0.6958  176.6749   15.1275   -0.1919  -12.1476    0.3956    0.2654  -13.6831  -39.6072   -3.0998    0.4343    3.6320    0.5239   -2.3992    0.9011    2.5285    0.1579 
   3.9516    0.0010    0.1262    0.4216  176.4305 -106.5766  -19.3569   -2.0768    0.5020    0.1791   91.2664  -23.7563   -4.7906    0.4439    3.5760    0.3293    6.9087   -0.3496    5.4646   -0.0474 
   3.9791    0.0010    0.4007   -0.0792  176.5255   26.6631    7.3765    5.3085    0.6184    0.0848    6.0866  -22.7407   -5.3542    0.4594    3.7440   -3.8149   -6.3181    4.2041    7.3790   -0.1861 
   4.0066    0.0014    1.7688    0.8175  177.0469   89.4683   38.3213   32.3470    0.5300    0.1249  -58.1314  -66.3911   -5.6360    0.4624    3.3760    2.0923   -3.7253    0.3186    4.6687   -0.6629 
   4.0341    0.0010    2.2119    1.4193  177.7649 -117.5019   10.5503   25.3890    0.4009    0.2177   31.4593  -61.7294   -5.6360    0.4624    3.3840    0.9363    3.6289    0.1909    3.4866   -0.5415 
   4.0616    0.0010   -2.4332    0.5032  178.6007  -91.5620  -68.3071   33.8729    0.4546    0.1860  137.3714  -31.7663   -5.6360    0.4594    3.6400    1.6841    4.6755    1.0171    5.4967   -0.6896 
   4.0891    0.0010   -1.8430   -1.1839  179.2888  166.0674  -60.8608   13.2430    0.4211    0.1221   -5.0250   18.8094   -5.6360    0.4594    3.5680   -4.7593   -2.9329    2.6743    5.1762   -0.3295 
   4.1166    0.0014    0.2971   -0.9829  179.6279   19.8882   38.8706   -2.9923    0.4800    0.1764   22.3161  -23.2735   -5.6360    0.4624    3.6560    2.1631    6.2446   -0.0869    5.3269   -0.0461 
   4.1441    0.0010   -0.5197   -0.0570  179.6562  -69.3452   32.9502    3.3553    0.5058    0.2339  117.7151  -40.6754   -5.6360    0.4624    3.4240    3.2195    4.8230    0.3403    6.3924   -0.1569 
   4.1716    0.0010   -1.2742    0.9341  180.4131  126.9439   42.1665   -9.8893    0.4569    0.2096   40.3627  -64.8784   -5.6360    0.4624    3.3040   -1.2959   -5.1047    1.3691    5.6704    0.0742 
   4.1991 4294.9634    0.9342    2.0938  181.8880  216.1773   65.9092   17.3324    0.4283    0.1804   15.7983  -85.0336   -5.6360    0.4653    4.0000   -3.1648   -8.0000    2.2791    8.4908  201.5381 
   4.2266 4294.9360    6.1197    5.5348  182.6698  175.4058  148.1846   21.8490    0.4283    0.1804   15.7983  -85.0336   -5.6360    0.4653    4.0160   -1.7825    1.6846    2.1790    3.2572    0.0000 
   4.2541 4294.9082   10.4126   12.2745  183.9926  141.9585  241.9956   26.3046    0.4283    0.1804   15.7983  -85.0336   -5.6360    0.4653    4.0160    0.6306   -0.6963    0.3252    1.6335  127.3193 
   4.2816 4294.8809   13.6478   20.7070  185.5564   93.3746  296.5000   23.8021    0.4283    0.1804   15.7983  -85.0336   -5.6360    0.4653    4.0160    0.9822    0.7661   -2.4182    2.4393   78.7354 
   4.3091 4294.8535   15.2119   30.1820  187.0450   62.7960  357.2300   25.3280    0.4283    0.1804   15.7983  -85.0336   -5.6360    0.4653    4.0240   -0.2798    1.5476   -0.9170    1.6660   48.1567 
   4.3366 4294.8257   13.3078   38.3548  186.5006 -482.1870   50.1621   69.0292    0.4283    0.1804   15.7983  -85.0336   -5.6360    0.4653    4.0240    1.4763   -0.9590    1.7532    2.8156    0.0000 
   4.3641 4294.7983   -0.2097   38.3362  179.2956 -559.1523   25.3208   90.3915    0.4283    0.1804   15.7983  -85.0336   -5.6360    0.4653    4.0240    0.9988    0.3450   -0.8301    2.2477 -573.7915 
   4.3916 4294.7710   -1.3757   31.9827  176.9171   74.5757 -302.6821  -89.7233    0.4283    0.1804   15.7983  -85.0336   -5.6360    0.4653    4.0240   -0.4114   -0.5366   -1.2905    2.0728   59.9365 
   4.4191 4294.7432   -0.1104   23.9105  175.8317  -37.6679 -407.5405    8.6654    0.4283    0.1804   15.7983  -85.0336   -5.6360    0.4653    4.0160    0.5117   -0.0276    0.5645    1.0466  -52.3071 
   4.4466 4294.7158   -0.2753   11.4593  175.8607   -0.7416 -544.1372    5.7967    0.4283    0.1804   15.7983  -85.0336   -5.6360    0.4653    4.0240    0.5361   -0.0784    2.2908    1.7536    0.0000 
   4.4741 4294.6885   -0.2587   -3.7424  175.7565   54.1290 -189.1567  -22.7677    0.4283    0.1804   15.7983  -85.0336   -5.6360    0.4653    4.0160    0.0271   -0.1008    0.4927    1.4697   39.4897 
   4.5016 4294.6606    0.6129   -7.9109  174.6673  -32.4799  -83.8711  -58.8395    0.4283    0.1804   15.7983  -85.0336   -5.6360    0.4653    4.0240   -0.3860   -0.1899    0.7739    0.7324  -47.1191 
   4.5291 4294.6333    0.4083   -5.5543  173.6442   -8.2490  200.4917  -48.5245    0.4283    0.1804   15.7983  -85.0336   -5.6360    0.4653    4.0240   -0.5022    0.0059    0.6929    0.6905  -22.8882 
   4.5566 4294.6060   -0.8990    1.7725  172.1351 -101.5107  230.5210  -49.1959    0.4283    0.1804   15.7983  -85.0336   -5.6360    0.4653    4.0160    0.1792   -0.0137    0.6306    1.3190    0.0000 
   4.5841 4294.5781   -2.2142    5.3404  171.1163   48.3306  -17.8310  -27.8947    0.4283    0.1804   15.7983  -85.0336   -5.6360    0.4653    4.0240    0.1033    0.1182    0.5186    0.6206   33.6914 
   4.6116 4294.5508   -0.6171    2.9764  170.6719   30.2642 -148.5073  -13.4293    0.4283    0.1804   15.7983  -85.0336   -5.6360    0.4653    4.0240    0.0190   -0.1030    1.2432    1.1824   15.6250 
   4.6391 4294.5234    0.4449   -0.7815  170.6139   64.3218  -43.3437    7.0174    0.4283    0.1804   15.7983  -85.0336   -5.6360    0.4653    4.0160   -0.3022   -0.0286    1.0479    1.0881   49.6826 
   4.6666 4294.4956    0.5254   -0.1520  170.6409  -61.3496   52.5425   -1.9547    0.4283    0.1804   15.7983  -85.0336   -5.6360    0.4653    4.0240   -0.0305    0.0049    1.1243    1.1139    0.0000 
   4.6941 4294.4683   -1.4749    1.7936  170.5771  -30.1606   22.8794   -5.3727    0.4283    0.1804   15.7983  -85.0336   -5.6360    0.4653    4.0240    0.0449    0.0947    1.0532    1.0605  -44.7998 
   4.7216 4294.4409   -1.9433    2.1163  170.5612   23.4893  -20.8828    0.8529    0.4283    0.1804   15.7983  -85.0336   -5.6360    0.4653    4.0240   -0.0161    0.0654    1.0435    1.0435    8.8501 
   4.7491 4294.4136   -0.4657    0.8418  170.6485   24.2217  -17.4038    2.3177    0.4283    0.1804   15.7983  -85.0336   -5.6360    0.4653    4.0240   -0.0142   -0.0562    1.0645    1.0737    9.5825 
   4.7766 4294.3857    0.0139    0.2891  170.6722   -4.7700   12.1983    0.3036    0.4283    0.1804   15.7983  -85.0336   -5.6360    0.4653    4.0240   -0.0190   -0.0134    1.0732    1.0699    0.0000 
   4.8041 4294.3584   -0.3665    0.1309  170.6515   -6.0517   10.4282    0.6088    0.4283    0.1804   15.7983  -85.0336   -5.6360    0.4653    4.0240   -0.0398    0.0127    1.0366    1.0541  -20.6909 
   4.8316 4294.3311   -0.1540    0.0486  170.6319    5.7281   -5.1968    4.9423    0.4283    0.1804   15.7983  -85.0336   -5.6360    0.4653    4.0240   -0.0518   -0.0122    1.0654    1.0652   -8.9111 
   4.8591 4294.3032    0.0382    0.0297  170.6571   -0.2534   -2.0229    3.2943    0.4283    0.1804   15.7983  -85.0336   -5.6360    0.4653    4.0240   -0.0122    0.0171    1.0696    1.0664  -14.8926 
   4.8866 4294.2759    0.1025   -0.3465  170.6651   -4.1596    3.3482    0.9750    0.4283    0.1804   15.7983  -85.0336   -5.6360    0.4653    4.0240   -0.0305    0.0134    1.0715    1.0732    0.0000 
   4.9141 4294.2485    0.3890    0.4511  170.6607   -1.7792   -1.9009    0.6088    0.4283    0.1804   15.7983  -85.0336   -5.6360    0.4653    4.0240   -0.0122   -0.0042    1.0437    1.0506  -16.4185 
   4.9416 4294.2207    0.4546    0.2073  170.6597   -2.2065    0.8457    0.2425    0.4283    0.1804   15.7983  -85.0336   -5.6360    0.4653    4.0240    0.0117   -0.0020    1.0542    1.0629  -16.8457 
   4.9691 4294.1934    0.3640    0.2259  170.6593   -2.4506    0.1743    0.3646    0.4283    0.1804   15.7983  -85.0336   -5.6360    0.4653    4.0320   -0.0242    0.0125    1.0405    1.0555  -17.0898 
   4.9966 4294.1660   -0.0991   -0.0168  170.6605    6.0333   -0.4360    0.3646    0.4283    0.1804   15.7983  -85.0336   -5.6360    0.4653    4.0320   -0.0459   -0.0090    1.0764    1.0790   -8.6060 
   5.0241 4294.1382   -0.0599   -0.0126  170.6567    1.4556    1.8833   -0.0626    0.4283    0.1804   15.7983  -85.0336   -5.6360    0.4653    4.0240   -0.0200    0.0112    1.0786    1.0815  -13.1836 
   5.0516 4294.1108   -0.1343    0.1331  170.6620   -1.9013    0.1743   -0.0016    0.4283    0.1804   15.7983  -85.0336   -5.6360    0.4653    4.0320   -0.0400    0.0315    1.0747    1.0735  -16.5405 
   5.0791 4294.0835    0.0093    0.3262  170.6684    2.6153   -1.9009    0.6698    0.4283    0.1804   15.7983  -85.0336   -5.6360    0.4653    4.0320   -0.0161   -0.0081    1.0437    1.0570  -12.0239 
   5.1066 4294.0557   -0.1769    0.2693  170.6707    0.3570    0.3574   -0.0626    0.4283    0.1804   15.7983  -85.0336   -5.6360    0.4653    4.0240   -0.0227    0.0044    1.0605    1.0609    0.0000 
   5.1341 4294.0283    0.1611   -0.0959  170.6734   -0.3144   -0.3750    0.1815    0.4283    0.1804   15.7983  -85.0336   -5.6360    0.4653    4.0320   -0.0461    0.0032    1.0771    1.0743  -14.9536 
   5.1616 4294.0010    0.0039    0.1962  170.6685    0.1739   -0.2529   -0.1847    0.4283    0.1804   15.7983  -85.0336   -5.6360    0.4653    4.0320   -0.0317    0.0195    1.0701    1.0699  -14.4653 
   5.1891 4293.9731    0.1090   -0.0268  170.6686    1.0894   -0.6802    0.0594    0.4283    0.1804   15.7983  -85.0336   -5.6360    0.4653    4.0240   -0.0266    0.0012    1.0696    1.0669  -13.5498 
   5.2166 4293.9458    0.1838    0.1808  170.6694   -1.5961    1.1509   -0.0626    0.4283    0.1804   15.7983  -85.0336   -5.6360    0.4653    4.0320   -0.0264    0.0049    1.0757    1.0714  -16.2354 
   5.2441 4293.9185    0.3202    0.0020  170.6662    2.4322   -1.2295   -0.3068    0.4283    0.1804   15.7983  -85.0336   -5.6360    0.4653    4.0320   -0.0281   -0.0085    1.0769    1.0725  -12.2070 
   5.2716 4293.8906    0.0855   -0.2178  170.6625   -0.1313    0.0523   -0.3678    0.4283    0.1804   15.7983  -85.0336   -5.6360    0.4653    4.0320   -0.0356    0.0083    1.0752    1.0734  -14.7705 
   5.2991 4293.8633    0.1870    0.2242  170.6576   -1.0468    0.8457    0.2425    0.4283    0.1804   15.7983  -85.0336   -5.6360    0.4653    4.0320   -0.0200    0.0005    1.0701    1.0709  -15.6860 
   5.3266 4293.8359    0.2026    0.2469  170.6568    0.4180   -0.6191   -0.1237    0.4283    0.1804   15.7983  -85.0336   -5.6360    0.4653    4.0320   -0.0298    0.0022    1.0669    1.0646    0.0000 
   5.3541 4293.8081    0.0290   -0.1363  170.6513    0.2349   -0.1919   -0.3678    0.4283    0.1804   15.7983  -85.0336   -5.6360    0.4653    4.0320   -0.0305    0.0024    1.0676    1.0713  -14.4043 
   5.3816 4293.7808    0.3979   -0.0185  170.6494   -0.0703    0.2964    0.1205    0.4283    0.1804   15.7983  -85.0336   -5.6360    0.4653    4.0320   -0.0332    0.0046    1.0610    1.0687  -14.7095 
   5.4091 4293.7534    0.0640    0.2482  170.6465   -0.6196   -0.2529    0.0594    0.4283    0.1804   15.7983  -85.0336   -5.6360    0.4653    4.0320   -0.0244    0.0073    1.0684    1.0694  -15.2588 
   5.4366 4293.7261    0.0308    0.2607  170.6457    0.9063    0.2354    0.0594    0.4283    0.1804   15.7983  -85.0336   -5.6360    0.4653    4.0320   -0.0239    0.0027    1.0684    1.0671    0.0000 
   5.4641 4293.6982    0.0081    0.2916  170.6393   -0.3754   -0.0088    0.3036    0.4283    0.1804   15.7983  -85.0336   -5.6360    0.4653    4.0320   -0.0391    0.0164    1.0701    1.0708  -15.0146 
   5.4916 4293.6709    0.0509    0.1319  170.6421    0.1128   -0.1308   -0.1237    0.4283    0.1804   15.7983  -85.0336   -5.6360    0.4653    4.0320   -0.0356    0.0127    1.0698    1.0728  -14.5264 
   5.5191 4293.6436    0.2023    0.1518  170.6414    0.1128    0.2354    0.0594    0.4283    0.1804   15.7983  -85.0336   -5.6360    0.4653    4.0320   -0.0249    0.0078    1.0723    1.0683  -14.5264 
   5.5466 4293.6157    0.4405    0.2349  170.6419   -0.0703   -0.0698   -0.0016    0.4283    0.1804   15.7983  -85.0336   -5.6360    0.4653    4.0320   -0.0249   -0.0020    1.0718    1.0707    0.0000 
   5.5741 4293.5884    0.1475   -0.1331  170.6404   -0.1313   -0.0088   -0.1237    0.4283    0.1804   15.7983  -85.0336   -5.6360    0.4653    4.0320   -0.0354    0.0066    1.0681    1.0683  -14.7705 
   5.6016 4293.5610    0.1352    0.0903  170.6416    0.9673   -0.0698   -0.0016    0.4283    0.1804   15.7983  -85.0336   -5.6360    0.4653    4.0320   -0.0330    0.0125    1.0593    1.0662  -13.6719 
   5.6291 4293.5332   -0.0296    0.0031  170.6430   -0.1313    0.0523    0.0594    0.4283    0.1804   15.7983  -85.0336   -5.6360    0.4653    4.0320   -0.0344    0.0095    1.0654    1.0673  -14.7705 
   5.6566 4293.5059    0.3133   -0.1657  170.6477    0.2349    0.1133    0.1205    0.4283    0.1804   15.7983  -85.0336   -5.6360    0.4653    4.0320   -0.0364    0.0051    1.0671    1.0736    0.0000 
   5.6841 4293.4785    0.1638    0.0302  170.6476   -0.1923   -0.0088    0.1815    0.4283    0.1804   15.7983  -85.0336   -5.6360    0.4653    4.0320   -0.0408    0.0056    1.0713    1.0695  -14.8315 
   5.7116 4293.4507    0.0532   -0.2278  170.6503    0.1739   -0.0088   -0.4288    0.4283    0.1804   15.7983  -85.0336   -5.6360    0.4653    4.0320   -0.0408    0.0056    1.0608    1.0698  -14.4653 
   5.7391 4293.4233   -0.0622    0.1278  170.6469   -0.1313   -0.0698    0.0594    0.4283    0.1804   15.7983  -85.0336   -5.6360    0.4653    4.0320   -0.0308    0.0132    1.0679    1.0704  -14.7705 
   5.7666 4293.3960    0.0345   -0.0825  170.6525    0.1739    0.2964    0.1815    0.4283    0.1804   15.7983  -85.0336   -5.6360    0.4653    4.0320   -0.0400    0.0134    1.0630    1.0652  -14.4653 
   5.7941 4293.3682   -0.1228   -0.3278  170.6490    0.6622   -0.1919   -0.1847    0.4283    0.1804   15.7983  -85.0336   -5.6360    0.4653    4.0320   -0.0371    0.0115    1.0767    1.0747  -13.9771 
   5.8216 4293.3408    0.1722    0.0628  170.6429    0.4791   -0.1308   -0.4899    0.4283    0.1804   15.7983  -85.0336   -5.6360    0.4653    4.0320   -0.0210    0.0125    1.0618    1.0703  -14.1602 
   5.8491 4293.3135    0.1875    0.0847  170.6367    0.7232    0.3574   -0.3678    0.4283    0.1804   15.7983  -85.0336   -5.6360    0.4653    4.0320   -0.0337    0.0073    1.0642    1.0701  -13.9160 
   5.8766 4293.2856    0.0003   -0.1676  170.6416   -0.4975   -0.2529    0.1815    0.4283    0.1804   15.7983  -85.0336   -5.6360    0.4653    4.0320   -0.0361    0.0063    1.0740    1.0703    0.0000 
   5.9041 4293.2583    0.0653   -0.0563  170.6411    0.0518   -0.1919   -0.1237    0.4283    0.1804   15.7983  -85.0336   -5.6360    0.4653    4.0320   -0.0325    0.0081    1.0681    1.0700  -14.5874 
   5.9316 4293.2310    0.0321    0.0181  170.6331    0.2349    0.0523   -0.1847    0.4283    0.1804   15.7983  -85.0336   -5.6360    0.4653    4.0320   -0.0317    0.0098    1.0706    1.0705  -14.4043 
   5.9591 4293.2031    0.0553    0.0147  170.6302   -0.0703   -0.0088   -0.1237    0.4283    0.1804   15.7983  -85.0336   -5.6360    0.4653    4.0320   -0.0320    0.0139    1.0657    1.0695  -14.7095 
   5.9866 4293.1758    0.1418    0.0178  170.6303   -0.1313    0.1743   -0.1237    0.4283    0.1804   15.7983  -85.0336   -5.6360    0.4653    4.0320   -0.0286    0.0088    1.0659    1.0681    0.0000 
   6.0141 4293.1484    0.3349    0.0167  170.6309    0.4791   -0.0088   -0.0016    0.4283    0.1804   15.7983  -85.0336   -5.6360    0.4653    4.0320   -0.0322   -0.0007    1.0652    1.0692  -14.1602 
   6.0416 4293.1206    0.3574    0.3056  170.6265    0.2349   -0.3750    0.0594    0.4283    0.1804   15.7983  -85.0336   -5.6360    0.4653    4.0320   -0.0227    0.0002    1.0593    1.0628  -14.4043 
   6.0691 4293.0933    0.4299    0.1354  170.6314   -0.3144    0.1743    0.1205    0.4283    0.1804   15.7983  -85.0336   -5.6360    0.4653    4.0320   -0.0295   -0.0015    1.0679    1.0682  -14.9536 
   6.0966 4293.0659    0.2019   -0.2099  170.6289    0.1128    0.3574    0.1815    0.4283    0.1804   15.7983  -85.0336   -5.6360    0.4653    4.0320   -0.0359    0.0046    1.0703    1.0716  -14.5264 
   6.1241 4293.0386    0.2838    0.1298  170.6308   -0.3144   -0.0088    0.1205    0.4283    0.1804   15.7983  -85.0336   -5.6360    0.4653    4.0320   -0.0293    0.0039    1.0735    1.0729  -14.9536 
   6.1516 4293.0107    0.2503    0.0470  170.6331    0.3570    0.1743    0.1815    0.4283    0.1804   15.7983  -85.0336   -5.6360    0.4653    4.0320   -0.0312    0.0046    1.0767    1.0737  -14.2822 
   6.1791 4292.9834    0.2207    0.2470  170.6194   -0.1313   -0.1919   -0.6730    0.4283    0.1804   15.7983  -85.0336   -5.6360    0.4653    4.0320   -0.0225    0.0049    1.0623    1.0643  -14.7705 
   6.2066 4292.9561    0.1702   -0.0464  170.6226    0.0518    0.0523    0.2425    0.4283    0.1804   15.7983  -85.0336   -5.6360    0.4653    4.0320   -0.0322    0.0063    1.0676    1.0690    0.0000 
   6.2341 4292.9282    0.0831   -0.2021  170.6178   -0.0092    0.2964   -0.0626    0.4283    0.1804   15.7983  -85.0336   -5.6360    0.4653    4.0320   -0.0334    0.0144    1.0703    1.0727  -14.6484 
   6.2616 4292.9009   -0.0182    0.4612  170.6135   -0.8027    0.1743    0.1205    0.4283    0.1804   15.7983  -85.0336   -5.6360    0.4653    4.0320   -0.0203    0.0066    1.0798    1.0779  -15.4419 
   6.2891 4292.8735    0.0487   -0.1479  170.6221   -0.3144    0.1743   -0.0016    0.4283    0.1804   15.7983  -85.0336   -5.6360    0.4653    4.0320   -0.0374    0.0015    1.0715    1.0666  -14.9536 
   6.3166 4292.8457   -0.0005   -0.0117  170.6233   -0.1313   -0.1308   -0.1847    0.4283    0.1804   15.7983  -85.0336   -5.6360    0.4653    4.0320   -0.0334    0.0088    1.0686    1.0656    0.0000 
   6.3441 4292.8184    0.0609    0.0360  170.6235   -0.4975    0.0523    0.7308    0.4283    0.1804   15.7983  -85.0336   -5.6360    0.4653    4.0320   -0.0312    0.0083    1.0742    1.0710  -15.1367 
   6.3716 4292.7910   -0.0590   -0.0006  170.6291    0.4180    0.1743   -0.5509    0.4283    0.1804   15.7983  -85.0336   -5.6360    0.4653    4.0320   -0.0305    0.0112    1.0674    1.0694  -14.2212 
   6.3991 4292.7632    0.1316    0.1338  170.6221    0.1739    0.2354   -0.2457    0.4283    0.1804   15.7983  -85.0336   -5.6360    0.4653    4.0320   -0.0254    0.0054    1.0745    1.0732  -14.4653 
   6.4266 4292.7358   -0.1200   -0.0593  170.6292   -0.5585   -0.2529    0.2425    0.4283    0.1804   15.7983  -85.0336   -5.6360    0.4653    4.0320   -0.0332    0.0168    1.0649    1.0677  -15.1978 
   6.4541 4292.7085    0.0687    0.1563  170.6349   -0.3754    0.0523    0.6088    0.4283    0.1804   15.7983  -85.0336   -5.6360    0.4653    4.0320   -0.0181    0.0056    1.0608    1.0642  -15.0146 
   6.4816 4292.6807    0.2067    0.3512  170.6337   -0.7416    0.0523   -0.0016    0.4283    0.1804   15.7983  -85.0336   -5.6360    0.4653    4.0320   -0.0215    0.0061    1.0708    1.0702  -15.3809 
   6.5091 4292.6533    0.2920    0.0984  170.6345   -0.4975   -0.0698    0.4257    0.4283    0.1804   15.7983  -85.0336   -5.6360    0.4653    4.0320   -0.0293    0.0105    1.0686    1.0649  -15.1367 
   6.5366 4292.6260    0.0023    0.0231  170.6374   -0.3144   -0.0698    0.3646    0.4283    0.1804   15.7983  -85.0336   -5.6360    0.4653    4.0320   -0.0310    0.0090    1.0664    1.0696    0.0000 
   6.5641 4292.5981    0.1194   -0.0574  170.6422    0.1128   -0.0698    0.2425    0.4283    0.1804   15.7983  -85.0336   -5.6360    0.4653    4.0320   -0.0334    0.0063    1.0786    1.0737  -14.5264 
   6.5916 4292.5708    0.1087   -0.0103  170.6351    0.1739   -0.0088   -0.1847    0.4283    0.1804   15.7983  -85.0336   -5.6360    0.4653    4.0320   -0.0229    0.0164    1.0603    1.0652  -14.4653 
   6.6191 4292.5435   -0.0054    0.0552  170.6331   -0.3754    0.2964   -0.0016    0.4283    0.1804   15.7983  -85.0336   -5.6360    0.4653    4.0320   -0.0352    0.0071    1.0710    1.0738  -15.0146 
   6.6466 4292.5156    0.0904    0.3782  170.6327   -0.6196   -0.0698    0.5477    0.4283    0.1804   15.7983  -85.0336   -5.6360    0.4653    4.0320   -0.0327    0.0093    1.0718    1.0700    0.0000 
   6.6741 4292.4883   -0.0357    0.1864  170.6356   -0.6196   -0.0088    0.2425    0.4283    0.1804   15.7983  -85.0336   -5.6360    0.4653    4.0320   -0.0256    0.0105    1.0742    1.0727  -15.2588 
   6.7016 4292.4609    0.0074    0.1509  170.6458    0.2960   -0.1919   -0.0016    0.4283    0.1804   15.7983  -85.0336   -5.6360    0.4653    4.0320   -0.0317    0.0090    1.0637    1.0662  -14.3433 
   6.7291 4292.4331    0.0947    0.3740  170.6444   -0.1923    0.0523   -0.1237    0.4283    0.1804   15.7983  -85.0336   -5.6360    0.4653    4.0320   -0.0339    0.0127    1.0667    1.0656  -14.8315 
   6.7566 4292.4058    0.4197    0.2587  170.6495    0.4180    0.0523    0.3646    0.4283    0.1804   15.7983  -85.0336   -5.6360    0.4653    4.0320   -0.0259    0.0024    1.0779    1.0762    0.0000 
   6.7841 4292.3784    0.0927    0.3224  170.6478    0.2349   -0.1308    0.0594    0.4283    0.1804   15.7983  -85.0336   -5.6360    0.4653    4.0320   -0.0261    0.0071    1.0703    1.0703  -14.4043 
   6.8116 4292.3511    0.0407    0.2176  170.6571    0.1739    0.2354    0.1815    0.4283    0.1804   15.7983  -85.0336   -5.6360    0.4653    4.0400   -0.0259    0.0098    1.0659    1.0698  -14.4653 
   6.8391 4292.3232    0.2794    0.2979  170.6578    0.3570    0.2964   -0.2457    0.4283    0.1804   15.7983  -85.0336   -5.6360    0.4653    4.0320   -0.0242    0.0037    1.0728    1.0730  -14.2822 
   6.8666 4292.2959    0.2331   -0.1965  170.6578    0.2960   -0.0698   -0.1847    0.4283    0.1804   15.7983  -85.0336   -5.6360    0.4653    4.0400   -0.0356    0.0056    1.0681    1.0690    0.0000 
   6.8941 4292.2686   -0.0174    0.0389  170.6545    0.0518    0.0523    0.0594    0.4283    0.1804   15.7983  -85.0336   -5.6360    0.4653    4.0400   -0.0291    0.0129    1.0725    1.0722  -14.5874 
   6.9216 4292.2407   -0.0782    0.2107  170.6450   -0.3754   -0.6191    0.1815    0.4283    0.1804   15.7983  -85.0336   -5.6360    0.4653    4.0400   -0.0295    0.0134    1.0754    1.0740  -15.0146 
   6.9491 4292.2134    0.0183   -0.1289  170.6462   -0.0703    0.1743   -0.2457    0.4283    0.1804   15.7983  -85.0336   -5.6360    0.4653    4.0320   -0.0330    0.0156    1.0681    1.0719  -14.7095 
   6.9766 4292.1860    0.0920    0.1592  170.6455    0.1739    0.1743    0.2425    0.4283    0.1804   15.7983  -85.0336   -5.6360    0.4653    4.0320   -0.0342    0.0042    1.0652    1.0665    0.0000 
   7.0041 4292.1582    0.1305   -0.1914  170.6487    0.8453    0.2964    0.4257    0.4283    0.1804   15.7983  -85.0336   -5.6360    0.4653    4.0400   -0.0305    0.0088    1.0627    1.0688  -13.7939 
   7.0316 4292.1309    0.2951   -0.1716  170.6542   -0.7416    0.1133    0.2425    0.4283    0.1804   15.7983  -85.0336   -5.6360    0.4653    4.0400   -0.0359   -0.0007    1.0818    1.0766  -15.3809 
   7.0591 4292.1035    0.0374    0.2683  170.6561   -0.1923    0.0523    0.1815    0.4283    0.1804   15.7983  -85.0336   -5.6360    0.4653    4.0400   -0.0337    0.0164    1.0742    1.0731  -14.8315 
   7.0866 4292.0757   -0.0634    0.1450  170.6586    0.1128    0.1133   -0.1237    0.4283    0.1804   15.7983  -85.0336   -5.6360    0.4653    4.0320   -0.0305    0.0139    1.0581    1.0699    0.0000 
   7.1141 4292.0483   -0.2824   -0.0080  170.6541    7.6812    2.8599   -1.1613    0.4283    0.1804   15.7983  -85.0336   -5.6360    0.4653    4.0320   -0.0544    0.1377    1.0703    1.0699   -6.9580 
   7.1416 4292.0210    1.3458    0.6804  170.6258  104.6661   11.2217    7.8719    0.4283    0.1804   15.7983  -85.0336   -5.6360    0.4653    4.0320   -0.0061   -0.0317    1.0552    1.0964   90.0269 
   7.1691 4291.9932    3.9540    1.1744  170.7901   63.9556   42.4107    6.5292    0.4283    0.1804   15.7983  -85.0336   -5.6360    0.4653    4.0400    0.0020   -0.0308    1.1223    1.1012   49.3164 
   7.1966 4291.9658    5.9148    2.5036  170.9125   19.2169    4.7520    0.6088    0.4283    0.1804   15.7983  -85.0336   -5.6360    0.4653    4.0320    0.0576   -0.1667    0.9783    0.9868    0.0000 
   7.2241 4291.9385    4.9470    1.7333  170.9081  -23.4467  -13.4975    1.6464    0.4283    0.1804   15.7983  -85.0336   -5.6360    0.4653    4.0400   -0.0342   -0.0286    1.0713    1.0690  -38.0859 
   7.2516 4291.9106    4.2267    1.2551  170.8768   -2.8168    1.2730   -2.1989    0.4283    0.1804   15.7983  -85.0336   -5.6360    0.4653    4.0400   -0.0083   -0.0916    1.0681    1.0668  -17.4561 
   7.2791 4291.8833    3.4487    1.0659  170.7757   33.3770   11.3438   -3.9078    0.4283    0.1804   15.7983  -85.0336   -5.6360    0.4653    4.0320   -0.0181    0.0242    1.1978    1.1746   18.7378 
   7.3066 4291.8560    4.8157    1.3693  170.8247  102.0416   -9.8965   15.9896    0.4283    0.1804   15.7983  -85.0336   -5.6360    0.4653    4.0400   -0.0535    0.0837    1.3203    1.2976    0.0000 
   7.3341 4291.8281    8.3762    1.1782  172.0514   99.4170  -31.2588   74.6444    0.4283    0.1804   15.7983  -85.0336   -5.6360    0.4653    4.0320    0.0105   -0.4480    1.3027    1.3085   84.7778 
   7.3616 4291.8008   10.5094    0.7275  175.2754   51.1382    7.6817  133.0551    0.4283    0.1804   15.7983  -85.0336   -5.6360    0.4653    4.0400   -0.2222   -0.2983    1.2900    1.3204   36.4990 
   7.3891 4291.7734   12.6296    1.4471  178.3594   45.2178   26.2974   98.3871    0.4283    0.1804   15.7983  -85.0336   -5.6360    0.4653    4.0400   -0.0442   -0.6165    1.4998    1.5920   30.5786 
   7.4166 4291.7456   15.7731    2.5050  180.3033  116.6290   39.0537   46.0799    0.4283    0.1804   15.7983  -85.0336   -5.6360    0.4653    4.0320   -0.1011   -0.5361    1.6868    1.7645    0.0000 
   7.4441 4291.7183   19.2860    2.9864  180.4280  155.1422   42.7158  -29.3595    0.4283    0.1804   15.7983  -85.0336   -5.6360    0.4653    4.0400   -0.3066   -0.2583    1.5564    1.6438  140.5029 
   7.4716 4291.6909   22.8835    2.3226  178.4042  141.0430   17.3252  -88.9298    0.4283    0.1804   15.7983  -85.0336   -5.6360    0.4653    4.0400   -0.2568   -0.5535    1.3882    1.5260  126.4038 
   7.4991 4291.6636   28.4770   -0.0123  174.2845  252.0049    5.0571 -147.5236    0.4283    0.1804   15.7983  -85.0336   -5.6360    0.4653    4.0320   -0.2993   -0.7039    1.2793    1.5083  237.3657 
   7.5266 4291.6357   35.5238   -4.2008  167.9142  280.6915  -11.2392 -165.1017    0.4283    0.1804   15.7983  -85.0336   -5.6360    0.4653    4.0400   -0.3408   -0.6401    1.1982    1.4176  266.0522 
   7.5541 4291.6084   41.5928   -8.6480  162.6680  224.1119  -31.8081  -29.2374    0.4283    0.1804   15.7983  -85.0336   -5.6360    0.4653    4.0400   -0.3501   -0.8948    1.0117    1.3823  209.4727 
   7.5816 4291.5811   47.4550  -11.7457  161.0410  233.3282  -65.0723   42.7841    0.4283    0.1804   15.7983  -85.0336   -5.6360    0.4653    4.0320   -0.2654   -0.8696    0.9480    1.3454  218.6890 
   7.6091 4291.5532   53.2094  -15.4147  158.9673  247.5494  -80.9414  -12.6969    0.4283    0.1804   15.7983  -85.0336   -5.6360    0.4653    4.0400   -0.2524   -0.7397    0.8948    1.2038  232.9102 
   7.6366 4291.5259   58.1075  -22.8945  152.8741  220.8160 -108.8345  -80.7511    0.4283    0.1804   15.7983  -85.0336   -5.6360    0.4653    4.0400   -0.2676   -0.8376    0.9587    1.2406    0.0000 
   7.6641 4291.4985   61.6565  -34.8514  142.7714  237.4175 -138.4365 -112.6725    0.4283    0.1804   15.7983  -85.0336   -5.6360    0.4653    4.0400   -0.0608   -1.1062    0.8279    1.3816  222.7783 
   7.6916 4291.4707   64.9850  -49.2429  130.2103  251.7608 -119.0273  -42.7262    0.4283    0.1804   15.7983  -85.0336   -5.6360    0.4653    4.0320   -0.1484   -0.9534    0.7014    1.2202  237.1216 
   7.7191 4291.4434   67.9929  -64.1847  117.1934  229.5440 -117.0132  -13.6124    0.4283    0.1804   15.7983  -85.0336   -5.6360    0.4653    4.0400   -0.2283   -0.8672    0.5735    1.0817  214.9048 
   7.7466 4291.4160   68.4576  -80.6732  102.5502  205.7403 -113.0459  -66.1637    0.4283    0.1804   15.7983  -85.0336   -5.6360    0.4653    4.0400   -0.3384   -0.7295    0.4275    0.9322    0.0000 
   7.7741 4291.3882   66.7762  -93.0086   92.7509  104.7881 -147.4087  -36.1344    0.4283    0.1804   15.7983  -85.0336   -5.6360    0.4653    4.0400   -0.3057   -0.7131    0.4155    0.8632   90.1489 
   7.8016 4291.3608   67.6140 -101.3046   88.3156   63.3453 -164.2544   78.6727    0.4283    0.1804   15.7983  -85.0336   -5.6360    0.4653    4.0400    0.0374   -0.8743    0.5708    1.0258   48.7061 
   7.8291 4291.3335   70.6028 -111.2882   81.2488   62.1246  -92.5381  129.0878    0.4283    0.1804   15.7983  -85.0336   -5.6360    0.4653    4.0400    0.3618   -0.5930    0.7534    1.0344   47.4854 
   7.8566 4291.3057   73.2543 -118.6061   74.6581   23.6114   -1.9619   83.6166    0.4283    0.1804   15.7983  -85.0336   -5.6360    0.4653    4.0400    0.1865   -0.5752    0.5020    0.8376    0.0000 
   7.8841 4291.2783   74.7990 -118.5862   74.4753  -72.1528  -35.4702   16.9662    0.4283    0.1804   15.7983  -85.0336   -5.6360    0.4653    4.0400   -0.2854   -0.6023    0.6694    0.9007  -86.7920 
   7.9116 4291.2510   76.2734 -108.1400   87.5991  -53.5371    8.5361  -13.1852    0.4283    0.1804   15.7983  -85.0336   -5.6360    0.4653    4.0400   -0.0396   -0.6733    0.4771    0.7817  -68.1763 
   7.9391 4291.2231   77.1539 -100.2087   93.4676  -58.1757   54.3736   49.3759    0.4283    0.1804   15.7983  -85.0336   -5.6360    0.4653    4.0400   -0.0776   -0.7732    0.3574    0.8385  -72.8149 
   7.9666 4291.1958   79.5057  -93.6516   99.7775  -11.9111  -11.4223   71.5926    0.4283    0.1804   15.7983  -85.0336   -5.6360    0.4653    4.0400    0.0823   -0.9373    0.3660    0.9974    0.0000 
   7.9941 4291.1685   81.1566  -92.5800  100.3137   24.5879   50.6504   29.2953    0.4283    0.1804   15.7983  -85.0336   -5.6360    0.4653    4.0400    0.0386   -0.8821    0.3127    0.9622    9.9487 
   8.0216 4291.1406   82.0739  -92.3838   98.8333   27.7618   56.2656   25.3280    0.4283    0.1804   15.7983  -85.0336   -5.6360    0.4653    4.0400   -0.0024   -0.7454    0.3984    0.8947   13.1226 
   8.0491 4291.1133   83.0445  -92.0153   98.2229   24.2217   20.7432   29.1122    0.4283    0.1804   15.7983  -85.0336   -5.6360    0.4653    4.0400   -0.1511   -0.8748    0.2371    0.9273    9.5825 
   8.0766 4291.0859   83.9034  -85.5945  103.9019  -34.5551   22.7573   49.6810    0.4283    0.1804   15.7983  -85.0336   -5.6360    0.4653    4.0400   -0.0305   -0.9629    0.2595    0.9543    0.0000 
   8.1041 4291.0581   85.3016  -46.4686  142.4334 -159.7993   43.3262  115.9042    0.4283    0.1804   15.7983  -85.0336   -5.6360    0.4653    4.0400    0.1721   -0.6975    0.5532    0.9245 -174.4385 
   8.1316 4291.0308   81.4255    0.9825  187.6348 -177.5605  120.9019  101.3778    0.4283    0.1804   15.7983  -85.0336   -5.6360    0.4653    4.0400    0.0945   -1.0142    0.6323    1.1399 -192.1997 
   8.1591 4291.0034   77.5408   13.1912  196.8398  -54.2695   94.7788   46.2020    0.4283    0.1804   15.7983  -85.0336   -5.6360    0.4653    4.0400    0.1543   -0.9346    0.4524    1.0716  -68.9087 
   8.1866 4290.9761   74.8511   14.6539  196.6961  -87.2285   46.6221   -5.6779    0.4283    0.1804   15.7983  -85.0336   -5.6360    0.4653    4.0400    0.1428   -0.9561    0.6628    1.1003    0.0000 
   8.2141 4290.9482   72.5134   15.5381  198.0299  -73.0073  -91.5615   62.3763    0.4283    0.1804   15.7983  -85.0336   -5.6360    0.4653    4.0400    0.1506   -0.8860    0.4207    0.9701  -87.6465 
   8.2416 4290.9209   69.9076   13.3750  198.0762  -51.1567  -65.3774  -61.2809    0.4283    0.1804   15.7983  -85.0336   -5.6360    0.4653    4.0400    0.3352   -1.0422    0.4832    1.1993  -65.7959 
   8.2691 4290.8936   68.4397    7.5592  194.1188  -56.1616  -93.6977  -27.4064    0.4283    0.1804   15.7983  -85.0336   -5.6360    0.4653    4.0400    0.0046   -0.9893    0.5396    1.0946  -70.8008 
   8.2966 4290.8657   65.5160    3.3296  192.8171  -93.0878 -100.5947   22.4593    0.4283    0.1804   15.7983  -85.0336   -5.6360    0.4653    4.0400   -0.0996   -0.8813    0.5239    1.0428    0.0000 
   8.3241 4290.8384   62.6909    3.4444  195.7032  -76.4252  -65.9878  105.4672    0.4283    0.1804   15.7983  -85.0336   -5.6360    0.4653    4.0320   -0.3625   -0.7117    0.5662    0.9537  -91.0645 
   8.3516 4290.8110   61.0706    6.7191  200.9514  -11.5449    7.9258  114.1952    0.4283    0.1804   15.7983  -85.0336   -5.6360    0.4653    4.0320   -0.3101   -0.7468    0.5725    1.0015  -26.1841 
   8.3791 4290.7832   59.9382   10.4824  204.5599  -38.2783   59.5005   68.7240    0.4283    0.1804   15.7983  -85.0336   -5.6360    0.4653    4.0400    0.0833   -0.8562    0.6221    1.0404  -52.9175 
   8.4066 4290.7559   57.5570   11.4379  202.3216  -77.0356  177.9698  -80.5680    0.4283    0.1804   15.7983  -85.0336   -5.6360    0.4653    4.0400   -0.1570   -0.8279    0.8386    1.0584    0.0000 
   8.4341 4290.7285   56.7971   12.1114  198.4996  -32.4189  149.8936  -27.6505    0.4283    0.1804   15.7983  -85.0336   -5.6360    0.4653    4.0400    0.0098   -0.7812    0.3972    0.8668  -47.0581 
   8.4616 4290.7007   56.0080   14.9145  198.0449  -41.3300   56.6929  -22.0963    0.4283    0.1804   15.7983  -85.0336   -5.6360    0.4653    4.0400    0.2175   -0.7896    0.3542    0.9020  -55.9692 
   8.4891 4290.6733   55.3315   13.9151  196.5675  -72.4580  -20.4556  -21.1198    0.4283    0.1804   15.7983  -85.0336   -5.6360    0.4653    4.0400    0.0891   -0.7791    0.4558    0.9005  -87.0972 
   8.5166 4290.6460   54.2732   12.2805  195.2869  -61.0444  -44.8086  -34.1202    0.4283    0.1804   15.7983  -85.0336   -5.6360    0.4653    4.0400    0.2524   -0.9219    0.5469    1.0833    0.0000 
   8.5441 4290.6182   53.4619   11.9167  196.7576  -15.0849  -88.9370   76.5365    0.4283    0.1804   15.7983  -85.0336   -5.6360    0.4653    4.0400    0.2373   -0.7063    0.3384    0.9576  -29.7241 
   8.5716 4290.5908   52.5929   13.2768  199.4213  -31.1982   13.7852   12.4496    0.4283    0.1804   15.7983  -85.0336   -5.6360    0.4653    4.0320   -0.0090   -0.6475    0.5291    0.8468  -45.8374 
   8.5991 4290.5635   51.8038   10.8882  197.0441  -33.0903   -8.3706  -50.6608    0.4283    0.1804   15.7983  -85.0336   -5.6360    0.4653    4.0400    0.0920   -0.7119    0.5803    0.8993  -47.7295 
   8.6266 4290.5356   50.9389   10.5839  195.9754  -58.6030  -10.4458  -31.6788    0.4283    0.1804   15.7983  -85.0336   -5.6360    0.4653    4.0400    0.1511   -0.8647    0.6946    1.1150    0.0000 
   8.6541 4290.5083   48.0067    7.5630  193.9049 -125.4975  -90.8901  -61.9523    0.4283    0.1804   15.7983  -85.0336   -5.6360    0.4653    4.0320   -0.0103   -0.5962    0.6086    0.9008 -140.1367 
   8.6816 4290.4810   44.3189    0.8572  188.8421 -101.6328  -70.5654 -109.4987    0.4283    0.1804   15.7983  -85.0336   -5.6360    0.4653    4.0400   -0.1067   -0.5901    0.6599    0.8669 -116.2720 
   8.7091 4290.4531   42.2340   -3.1983  185.2594  -33.1513   -0.1308  -34.8527    0.4283    0.1804   15.7983  -85.0336   -5.6360    0.4653    4.0400   -0.2312   -0.6716    0.7915    1.0306  -47.7905 
   8.7366 4290.4258   42.0621   -3.7191  184.0830    9.2071   48.6362  -12.4528    0.4283    0.1804   15.7983  -85.0336   -5.6360    0.4653    4.0400   -0.0339   -0.6890    0.7332    1.0289    0.0000 
   8.7641 4290.3984   42.0931   -1.9501  183.8814  -29.6723   27.3350  -36.9279    0.4283    0.1804   15.7983  -85.0336   -5.6360    0.4653    4.0400    0.0571   -0.7507    0.7600    1.0390  -44.3115 
   8.7916 4290.3706   40.8774   -3.4088  181.9252  -48.9594  -24.1177  -71.6569    0.4283    0.1804   15.7983  -85.0336   -5.6360    0.4653    4.0400   -0.1030   -0.6116    0.7222    0.9646  -63.5986 
   8.8191 4290.3433   39.7851   -5.5006  179.5113   -0.0092   27.1519  -23.7443    0.4283    0.1804   15.7983  -85.0336   -5.6360    0.4653    4.0400   -0.1450   -0.6897    0.8813    1.1268  -14.6484 
   8.8466 4290.3159   40.3707   -2.9832  180.7768  -19.7846   74.4541   64.6346    0.4283    0.1804   15.7983  -85.0336   -5.6360    0.4653    4.0400    0.1499   -0.6628    0.7380    1.0281    0.0000 
   8.8741 4290.2886   39.4441    0.6401  182.9231  -63.3637   34.2320    4.6371    0.4283    0.1804   15.7983  -85.0336   -5.6360    0.4653    4.0400    0.0730   -0.6877    0.7693    1.0212  -78.0029 
   8.9016 4290.2607   38.2274    1.3058  182.5863  -61.1664   11.8931  -46.9987    0.4283    0.1804   15.7983  -85.0336   -5.6360    0.4653    4.0400   -0.0020   -0.6418    0.7830    1.0603  -75.8057 
   8.9291 4290.2334   35.8135   -0.4233  180.8538  -75.2045  -27.6577  -31.4347    0.4283    0.1804   15.7983  -85.0336   -5.6360    0.4653    4.0400   -0.0410   -0.6111    0.8870    1.0638  -89.8438 
   8.9566 4290.2061   33.9340   -0.3699  180.5882  -70.3217   11.4658  -13.6124    0.4283    0.1804   15.7983  -85.0336   -5.6360    0.4653    4.0400    0.0874   -0.5103    0.8577    1.0344    0.0000 
   8.9841 4290.1782   31.7981    0.1946  181.9338  -19.7236  -30.6484   56.4559    0.4283    0.1804   15.7983  -85.0336   -5.6360    0.4653    4.0400   -0.0500   -0.4617    0.8499    0.9616  -34.3628 
   9.0116 4290.1509   32.6503   -0.3945  182.7153   32.0953  -54.4521  -26.0026    0.4283    0.1804   15.7983  -85.0336   -5.6360    0.4653    4.0400    0.2502   -0.8379    0.9277    1.2398   17.4561 
   9.0391 4290.1235   32.3005   -2.7063  179.4492  -41.4521  -12.4599  -84.9015    0.4283    0.1804   15.7983  -85.0336   -5.6360    0.4653    4.0400   -0.2197   -0.6077    0.9370    1.1184  -56.0913 
   9.0666 4290.0957   31.8122   -3.2196  177.8163  -27.0478   39.9082  -58.5953    0.4283    0.1804   15.7983  -85.0336   -5.6360    0.4653    4.0400    0.0703   -0.6206    0.9133    1.1090    0.0000 
   9.0941 4290.0684   31.3419   -4.0625  175.2909  -12.6435   34.1709  -65.9196    0.4283    0.1804   15.7983  -85.0336   -5.6360    0.4653    4.0400   -0.2417   -0.6091    0.9912    1.1809  -27.2827 
   9.1216 4290.0410   31.0073   -4.7276  173.4137  -23.3857   33.0723  -37.7213    0.4283    0.1804   15.7983  -85.0336   -5.6360    0.4653    4.0400   -0.2236   -0.6604    0.9480    1.1858  -38.0249 
   9.1491 4290.0132   30.9378   -5.3558  171.4707    3.6529   34.7813  -64.6378    0.4283    0.1804   15.7983  -85.0336   -5.6360    0.4653    4.0400   -0.1042   -0.5129    0.9700    1.1971  -10.9863 
   9.1766 4289.9858   30.1855   -5.0751  170.1114  -36.6914   59.6836  -25.7584    0.4283    0.1804   15.7983  -85.0336   -5.6360    0.4653    4.0400   -0.0935   -0.5127    0.8689    1.0073    0.0000 
   9.2041 4289.9585   29.7067   -3.5856  169.0494  -27.4750   74.3320  -59.8160    0.4283    0.1804   15.7983  -85.0336   -5.6360    0.4653    4.0400   -0.1162   -0.5283    0.8972    1.0478  -42.1143 
   9.2316 4289.9307   29.2577   -3.2561  166.4594  -28.8789   85.0742  -83.9249    0.4283    0.1804   15.7983  -85.0336   -5.6360    0.4653    4.0400   -0.1631   -0.5237    0.8586    1.0225  -43.5181 
   9.2591 4289.9033   28.4366   -3.0133  163.8906  -18.3808   88.4312  -42.9093    0.4283    0.1804   15.7983  -85.0336   -5.6360    0.4653    4.0320   -0.3142   -0.5569    1.0034    1.1429  -33.0200 
   9.2866 4289.8760   27.6504   -1.7193  162.9204  -40.3535   89.7739   -4.9454    0.4283    0.1804   15.7983  -85.0336   -5.6360    0.4653    4.0400   -0.1240   -0.4377    0.8328    0.9748    0.0000 
   9.3141 4289.8481   26.4345    0.6305  162.9625  -18.2587   43.6924  -16.6032    0.4283    0.1804   15.7983  -85.0336   -5.6360    0.4653    4.0400    0.0037   -0.3213    0.7715    0.8361  -32.8979 
   9.3416 4289.8208   26.4110    1.4643  162.7951   40.6402  -23.9956  -16.0538    0.4283    0.1804   15.7983  -85.0336   -5.6360    0.4653    4.0400    0.0481   -0.4290    0.8735    0.9255   26.0010 
   9.3691 4289.7935   27.3900    0.3430  162.2238   53.8238  -30.4653  -28.0778    0.4283    0.1804   15.7983  -85.0336   -5.6360    0.4653    4.0400   -0.1038   -0.4185    0.9155    1.0071   39.1846 
   9.3966 4289.7656   28.0020   -1.0036  160.5699   16.6534   43.6924  -46.9376    0.4283    0.1804   15.7983  -85.0336   -5.6360    0.4653    4.0400   -0.1609   -0.4170    0.9226    1.0047    0.0000 
   9.4241 4289.7383   27.7772   -0.4004  158.7696    4.1412   80.3745  -41.1393    0.4283    0.1804   15.7983  -85.0336   -5.6360    0.4653    4.0400   -0.1182   -0.3906    0.8950    0.9844  -10.4980 
   9.4516 4289.7109   27.8594    0.8503  157.9502   52.3589   54.1904  -12.2086    0.4283    0.1804   15.7983  -85.0336   -5.6360    0.4653    4.0400   -0.0647   -0.3560    0.8010    0.8796   37.7197 
   9.4791 4289.6831   28.9775    0.3723  156.9315   31.4849   11.7710  -13.0021    0.4283    0.1804   15.7983  -85.0336   -5.6360    0.4653    4.0400   -0.0845   -0.6030    1.0652    1.1149   16.8457 
   9.5066 4289.6558   29.2555   -0.1880  156.3399   -1.2910   23.1236   -4.8844    0.4283    0.1804   15.7983  -85.0336   -5.6360    0.4653    4.0400   -0.0498   -0.5364    0.9871    1.1393    0.0000 
   9.5341 4289.6284   29.4225    1.1350  156.2398    4.8736   36.4292  -15.8707    0.4283    0.1804   15.7983  -85.0336   -5.6360    0.4653    4.0400   -0.0029   -0.5811    0.8025    1.0412   -9.7656 
   9.5616 4289.6011   29.9658    3.1538  156.3449   30.2032   39.0537   -5.1896    0.4283    0.1804   15.7983  -85.0336   -5.6360    0.4653    4.0400    0.1741   -0.5178    0.8667    1.0125   15.5640 
   9.5891 4289.5732   30.9570    5.0080  156.7561   38.6260   25.1377   -0.0626    0.4283    0.1804   15.7983  -85.0336   -5.6360    0.4653    4.0400    0.1094   -0.5732    0.9653    1.1170   23.9868 
   9.6166 4289.5459   32.1285    6.8009  157.3540   11.5264   45.2183   13.1820    0.4283    0.1804   15.7983  -85.0336   -5.6360    0.4653    4.0400    0.1072   -0.5923    0.9399    1.1610    0.0000 
   9.6441 4289.5186   32.3566    8.9016  158.0170  -10.5073   42.2886    8.1161    0.4283    0.1804   15.7983  -85.0336   -5.6360    0.4653    4.0400    0.1096   -0.5566    0.8877    1.0703  -25.1465 
   9.6716 4289.4907   32.0644   11.0312  159.0542   15.3716   27.7012   18.9193    0.4283    0.1804   15.7983  -85.0336   -5.6360    0.4653    4.0400    0.2151   -0.5005    0.7998    0.9843    0.7324 
   9.6991 4289.4634   32.9805   12.0865  159.6560   27.8838    7.4986   -3.9078    0.4283    0.1804   15.7983  -85.0336   -5.6360    0.4653    4.0400    0.1245   -0.6147    0.8894    1.0597   13.2446 
   9.7266 4289.4360   34.1810   11.0825  159.1155   16.5923   -8.8589   -5.5558    0.4283    0.1804   15.7983  -85.0336   -5.6360    0.4653    4.0400    0.0127   -0.8838    1.0901    1.3667    0.0000 
   9.7541 4289.4082   34.9625   10.3393  158.7538    3.5919   19.6445   11.7782    0.4283    0.1804   15.7983  -85.0336   -5.6360    0.4653    4.0400    0.0791   -0.8562    1.0605    1.3582  -11.0474 
   9.7816 4289.3809   35.7170   10.7948  158.7930    4.6294   42.4107   12.1444    0.4283    0.1804   15.7983  -85.0336   -5.6360    0.4653    4.0320    0.1357   -0.6113    0.8345    1.0919  -10.0098 
   9.8091 4289.3535   35.5609   12.9569  159.8773    2.4932   13.1138   14.4027    0.4283    0.1804   15.7983  -85.0336   -5.6360    0.4653    4.0400    0.1921   -0.4976    0.6907    0.8952  -12.1460 
   9.8366 4289.3257   34.8587   13.8642  160.5418   -4.0986   14.8228   11.2899    0.4283    0.1804   15.7983  -85.0336   -5.6360    0.4653    4.0320    0.1980   -0.5625    0.7632    0.9549    0.0000 
   9.8641 4289.2983   35.0354   13.9743  160.3647    4.8126   31.3633    2.0126    0.4283    0.1804   15.7983  -85.0336   -5.6360    0.4653    4.0400    0.1545   -0.5911    0.7451    0.9877   -9.8267 
   9.8916 4289.2710   35.5403   14.0673  159.6253   -6.4790   14.0903  -30.5802    0.4283    0.1804   15.7983  -85.0336   -5.6360    0.4653    4.0320    0.1199   -0.6460    0.7898    1.0253  -21.1182 
   9.9191 4289.2432   36.0324   12.5994  157.8611   -1.7182    4.8130  -35.4020    0.4283    0.1804   15.7983  -85.0336   -5.6360    0.4653    4.0400    0.0728   -0.6794    0.9216    1.1360  -16.3574 
   9.9466 4289.2158   36.0291   11.6390  156.5945    6.9488   28.1895  -11.5372    0.4283    0.1804   15.7983  -85.0336   -5.6360    0.4653    4.0400    0.0945   -0.5725    0.8640    1.0680    0.0000 
   9.9741 4289.1885   35.9776   13.0949  156.6632   -4.8920   30.7529  -11.4152    0.4283    0.1804   15.7983  -85.0336   -5.6360    0.4653    4.0400    0.2798   -0.5205    0.7266    0.9588  -19.5312 
  10.0016 4289.1606   35.4611   14.1441  156.5362  -19.1132    3.8975  -25.4533    0.4283    0.1804   15.7983  -85.0336   -5.6360    0.4653    4.0400    0.2542   -0.5674    0.8062    1.0061  -33.7524 
  10.0291 4289.1333   34.7746   14.8655  156.0704  -11.8500   27.5791  -26.3077    0.4283    0.1804   15.7983  -85.0336   -5.6360    0.4653    4.0400    0.2524   -0.5898    0.8530    1.0799  -26.4893 
  10.0566 4289.1060   34.4459   16.3763  155.7299   -0.6196   42.0444  -26.6740    0.4283    0.1804   15.7983  -85.0336   -5.6360    0.4653    4.0320    0.2112   -0.5200    0.7534    0.9467    0.0000 
  10.0841 4289.0781   34.6876   16.9188  154.8938   -7.8828   18.6680  -33.9371    0.4283    0.1804   15.7983  -85.0336   -5.6360    0.4653    4.0400    0.2261   -0.5891    0.8132    1.0104  -22.5220 
  10.1116 4289.0508   34.8927   16.2752  153.3883  -18.6249   16.4097  -40.1017    0.4283    0.1804   15.7983  -85.0336   -5.6360    0.4653    4.0320    0.2031   -0.5857    0.8804    1.0654  -33.2642 
  10.1391 4289.0234   34.5040   15.4187  151.5392  -17.8925   25.5039  -42.6041    0.4283    0.1804   15.7983  -85.0336   -5.6360    0.4653    4.0400    0.2944   -0.5393    0.5859    0.9302  -32.5317 
  10.1666 4288.9956   34.3742   14.9566  149.8471  -14.1083    9.1465  -55.4826    0.4283    0.1804   15.7983  -85.0336   -5.6360    0.4653    4.0400    0.2783   -0.5637    0.8462    1.0389    0.0000 
  10.1941 4288.9683   34.2135   14.4904  148.0783  -17.7705   17.6304  -54.3839    0.4283    0.1804   15.7983  -85.0336   -5.6360    0.4653    4.0320    0.2246   -0.5662    0.8494    1.0513  -32.4097 
