   0.0016 4291.0024    0.0420   -0.1369  180.0000    0.2967    0.1171    0.0248    0.0000    0.0000    0.0000    0.0000    0.0000    0.0000    3.8000   -0.0251   -0.0076    1.0781    0.0000 
   0.0291 4290.9751    0.2148   -1.6170  179.9919    0.0525   -0.0660   -0.1583    0.0000    0.0000    0.0000    0.0000    0.0000    0.0000    3.8000   -0.0288   -0.0049    1.0537  -15.3198 
   0.0566 4290.9478    0.3571   -2.1157  179.9902   -0.2526    0.1781    0.2689    0.0000    0.0000    0.0000    0.0000    0.0000    0.0000    3.8000   -0.0500   -0.0039    1.0798  -15.6250 
   0.0841 4290.9204    0.4397   -1.9398  179.9910   -0.4968   -0.1270    0.0858    0.0000    0.0000    0.0000    0.0000    0.0000    0.0000    3.7920   -0.0410   -0.0049    1.0623  -15.8691 
   0.1116 4290.8926    0.1418   -1.6583  179.9952    0.2967    0.0561    0.4521    0.0000    0.0000    0.0000    0.0000    0.0000    0.0000    3.8000   -0.0332    0.0010    1.0635    0.0000 
   0.1391 4290.8652    0.2402   -1.6037  179.9989    0.0525    0.0561   -0.1583    0.0000    0.0000    0.0000    0.0000    0.0000    0.0000    3.8000   -0.0225   -0.0051    1.0569  -15.3198 
   0.1666 4290.8379    0.1333   -2.0658  179.9967    0.2967    0.1781   -0.1583    0.0000    0.0000    0.0000    0.0000    0.0000    0.0000    3.8000   -0.0396   -0.0005    1.0681  -15.0757 
   0.1941 4290.8101   -0.1582   -1.9428  179.9944    0.2356    0.0561   -0.2193    0.0000    0.0000    0.0000    0.0000    0.0000    0.0000    3.8000   -0.0369    0.0061    1.0623  -15.1367 
   0.2216 4290.7827    0.2643   -1.7300  179.9919    0.0525   -0.0050    0.3300    0.0000    0.0000    0.0000    0.0000    0.0000    0.0000    3.8000   -0.0349   -0.0042    1.0637    0.0000 
   0.2491 4290.7554    0.2189   -1.5444  179.9957   -0.4968   -0.3101    0.2079    0.0000    0.0000    0.0000    0.0000    0.0000    0.0000    3.8000   -0.0383   -0.0098    1.0681  -15.8691 
   0.2766 4290.7275    0.1235   -1.9153  180.0008    0.2356    0.0561    0.0248    0.0000    0.0000    0.0000    0.0000    0.0000    0.0000    3.8000   -0.0349   -0.0037    1.0742  -15.1367 
   0.3041 4290.7002    0.2043   -1.4634  180.0011    0.1136   -0.1881   -0.0362    0.0000    0.0000    0.0000    0.0000    0.0000    0.0000    3.8000   -0.0273    0.0012    1.0745  -15.2588 
   0.3316 4290.6729    0.2229   -1.8218  179.9945    0.0525   -0.0660   -0.5245    0.0000    0.0000    0.0000    0.0000    0.0000    0.0000    3.8000   -0.0354   -0.0034    1.0684    0.0000 
   0.3591 4290.6450    0.0664   -1.6026  179.9905    0.6629    0.1171    0.2079    0.0000    0.0000    0.0000    0.0000    0.0000    0.0000    3.8000   -0.0251   -0.0061    1.0635  -14.7095 
   0.3866 4290.6177    0.3211   -1.6833  179.9892    0.1136   -0.0050   -0.7076    0.0000    0.0000    0.0000    0.0000    0.0000    0.0000    3.8000   -0.0283   -0.0112    1.0757  -15.2588 
   0.4141 4290.5903    0.5523   -1.6922  179.9805    0.1136   -0.0050    0.0248    0.0000    0.0000    0.0000    0.0000    0.0000    0.0000    3.8000   -0.0330   -0.0095    1.0786  -15.2588 
   0.4416 4290.5625    0.4930   -1.8831  179.9779   -0.5578    0.1171    0.0248    0.0000    0.0000    0.0000    0.0000    0.0000    0.0000    3.8000   -0.0361   -0.0095    1.0803    0.0000 
   0.4691 4290.5352    0.2134   -2.1115  179.9792   -0.1916   -0.1270    0.1469    0.0000    0.0000    0.0000    0.0000    0.0000    0.0000    3.8000   -0.0413   -0.0049    1.0710  -15.5640 
   0.4966 4290.5078   -0.2755   -1.8395  179.9792    0.2967   -0.0660   -0.0973    0.0000    0.0000    0.0000    0.0000    0.0000    0.0000    3.8000   -0.0342    0.0032    1.0701  -15.0757 
   0.5241 4290.4800    0.1357   -1.5670  179.9842    0.2967   -0.1881    0.1469    0.0000    0.0000    0.0000    0.0000    0.0000    0.0000    3.8000   -0.0249   -0.0005    1.0645  -15.0757 
   0.5516 4290.4526    0.5554   -1.5586  179.9820    0.4188   -0.1881   -0.1583    0.0000    0.0000    0.0000    0.0000    0.0000    0.0000    3.8000   -0.0391   -0.0122    1.0842    0.0000 
   0.5791 4290.4253    0.3390   -1.2725  179.9912    0.5408    0.1781    0.0248    0.0000    0.0000    0.0000    0.0000    0.0000    0.0000    3.8000   -0.0217   -0.0068    1.0623  -14.8315 
   0.6066 4290.3975    0.0264   -1.5962  179.9905    0.2967   -0.1270   -0.1583    0.0000    0.0000    0.0000    0.0000    0.0000    0.0000    3.8000   -0.0352   -0.0054    1.0659  -15.0757 
   0.6341 4290.3701    0.0365   -1.8134  179.9912   -0.2526   -0.2491    0.2079    0.0000    0.0000    0.0000    0.0000    0.0000    0.0000    3.8000   -0.0383   -0.0005    1.0754  -15.6250 
   0.6616 4290.3428    0.2637   -1.4617  179.9944    0.0525   -0.2491    0.3300    0.0000    0.0000    0.0000    0.0000    0.0000    0.0000    3.8000   -0.0303    0.0024    1.0757    0.0000 
   0.6891 4290.3149   -0.2021   -1.6052  180.0005    0.4188   -0.0050    0.3910    0.0000    0.0000    0.0000    0.0000    0.0000    0.0000    3.8000   -0.0295    0.0046    1.0779  -14.9536 
   0.7166 4290.2876    0.3214   -1.9923  179.9922    0.9070   -0.0050    0.2079    0.0000    0.0000    0.0000    0.0000    0.0000    0.0000    3.8000   -0.0356   -0.0093    1.0752  -14.4653 
   0.7441 4290.2603    0.0441   -1.7280  179.9965    0.1136    0.1171    0.5131    0.0000    0.0000    0.0000    0.0000    0.0000    0.0000    3.8000   -0.0356    0.0022    1.0688  -15.2588 
   0.7716 4290.2329   -0.0708   -1.9621  179.9963   -0.1916   -0.0660    0.0858    0.0000    0.0000    0.0000    0.0000    0.0000    0.0000    3.8000   -0.0371    0.0042    1.0764    0.0000 
   0.7991 4290.2051    0.1424   -1.7749  180.0050    0.4188    0.0561    0.0248    0.0000    0.0000    0.0000    0.0000    0.0000    0.0000    3.8000   -0.0352   -0.0020    1.0605  -14.9536 
   0.8266 4290.1777    0.1050   -2.0018  179.9993   -0.1916   -0.1270   -0.1583    0.0000    0.0000    0.0000    0.0000    0.0000    0.0000    3.8000   -0.0415    0.0012    1.0718  -15.5640 
   0.8541 4290.1504   -0.1954   -1.4570  180.0015   -0.0695   -0.0050    0.5741    0.0000    0.0000    0.0000    0.0000    0.0000    0.0000    3.8000   -0.0249    0.0039    1.0674  -15.4419 
   0.8816 4290.1226   -0.1425   -1.9282  180.0050    0.4798    0.2392    0.0248    0.0000    0.0000    0.0000    0.0000    0.0000    0.0000    3.8000   -0.0469    0.0002    1.0662    0.0000 
   0.9091 4290.0952    0.2191   -1.9765  180.0070    0.7239   -0.1270   -0.1583    0.0000    0.0000    0.0000    0.0000    0.0000    0.0000    3.8000   -0.0425   -0.0024    1.0664  -14.6484 
   0.9366 4290.0679   -0.0606   -2.1435  180.0030   -0.0695   -0.0660    0.0248    0.0000    0.0000    0.0000    0.0000    0.0000    0.0000    3.8000   -0.0408    0.0024    1.0603  -15.4419 
   0.9641 4290.0400    0.7076   -1.3684  180.0079    0.3577   -0.2491    0.0858    0.0000    0.0000    0.0000    0.0000    0.0000    0.0000    3.8000   -0.0247   -0.0142    1.0645  -15.0146 
   0.9916 4290.0127    0.1410   -2.0250  180.0052    0.2356    0.2392   -0.2193    0.0000    0.0000    0.0000    0.0000    0.0000    0.0000    3.8000   -0.0325    0.0044    1.0759    0.0000 
   1.0741    0.0009    0.0000    0.0000  180.0052   -0.3137   -0.1270   -0.0973    0.0000    0.0000    0.0000    0.0000    0.0000    0.0000    3.8000   -0.0383    0.0078    1.0718  -15.6860 
   1.1016    0.0014    0.0000    0.0000  180.0084   -0.0695    0.2392    0.0248    0.0000    0.0000    0.0000    0.0000    0.0000    0.0000    3.8000   -0.0276   -0.0049    1.0752    0.0000 
   1.1291    0.0009    0.0000    0.0000  180.0064   -0.2526   -0.2491   -0.0973    0.0000    0.0000    0.0000    0.0000    0.0000    0.0000    3.7920   -0.0234   -0.0125    1.0757  -15.6250 
   1.1566    0.0009    0.0000    0.0000  180.0050    0.3577    0.1781    0.0248    0.0000    0.0000    0.0000    0.0000    0.0000    0.0000    3.8000   -0.0410   -0.0034    1.0737  -15.0146 
   1.1841    0.0009    0.0000    0.0000  180.0096    0.2967   -0.3101    0.0248    0.0000    0.0000    0.0000    0.0000    0.0000    0.0000    3.8000   -0.0442    0.0085    1.0728  -15.0757 
   1.2116    0.0014    0.0000    0.0000  180.0141    0.5408    0.0561    0.2079    0.0000    0.0000    0.0000    0.0000    0.0000    0.0000    3.7920   -0.0471    0.0042    1.0662    0.0000 
   1.2391    0.0009    0.0000    0.0000  180.0178    0.4798    0.2392    0.1469    0.0000    0.0000    0.0000    0.0000    0.0000    0.0000    3.8000   -0.0364   -0.0056    1.0798  -14.8926 
   1.2666    0.0009    0.0000    0.0000  180.0243    0.2356   -0.1270    0.2689    0.0000    0.0000    0.0000    0.0000    0.0000    0.0000    3.8000   -0.0249    0.0005    1.0691  -15.1367 
   1.2941    0.0009    0.0000    0.0000  180.0248    0.4188   -0.3101    0.0248    0.0000    0.0000    0.0000    0.0000    0.0000    0.0000    3.8000   -0.0452   -0.0051    1.0874  -14.9536 
   1.3216    0.0014    0.0000    0.0000  180.0232    0.6019   -0.1270   -0.2804    0.0000    0.0000    0.0000    0.0000    0.0000    0.0000    3.8000   -0.0295   -0.0042    1.0591    0.0000 
   1.3491    0.0009    0.0000    0.0000  180.0251    0.4798    0.3002   -0.0973    0.0000    0.0000    0.0000    0.0000    0.0000    0.0000    3.8000   -0.0354    0.0049    1.0806  -14.8926 
   1.3766    0.0009    0.0000    0.0000  180.0269   -0.4357   -0.0050    0.0248    0.0000    0.0000    0.0000    0.0000    0.0000    0.0000    3.8000   -0.0266   -0.0071    1.0691  -15.8081 
   1.4041    0.0009    0.0000    0.0000  180.0253    1.3343    0.2392   -0.2193    0.0000    0.0000    0.0000    0.0000    0.0000    0.0000    3.8000   -0.0317   -0.0083    1.0742  -14.0381 
   1.4316    0.0014    0.0000    0.0000  180.0225    0.1136   -0.1881    0.1469    0.0000    0.0000    0.0000    0.0000    0.0000    0.0000    3.8000   -0.0349   -0.0081    1.0706    0.0000 
   1.4591    0.0009    0.0000    0.0000  180.0227   -0.0085    0.1781   -0.0362    0.0000    0.0000    0.0000    0.0000    0.0000    0.0190    3.8000   -0.0400   -0.0068    1.0911  -15.3809 
   1.4866    0.0009    0.0000    0.0000  180.0258    0.0525   -0.0050   -0.0973    0.0000    0.0000    0.0000    0.0000    0.0000    0.0680    3.8000   -0.0208    0.0022    1.0769  -15.3198 
   1.5141    0.0009    0.0000    0.0000  180.0260    0.3577    0.3613    0.2079    0.0000    0.0000    0.0000    0.0000    0.0000    0.0973    3.8000   -0.0322   -0.0046    1.0691  -15.0146 
   1.5416    0.0015    0.0000    0.0000  180.0246    0.4798   -0.4932   -0.5245    0.0000    0.0000    0.0000    0.0000    0.0000    0.0915    3.8000   -0.0381    0.0024    1.0850    0.0000 
   1.5691    0.0009    0.0000    0.0000  180.0271    0.4188    0.2392   -0.1583    0.0000    0.0000    0.0000    0.0000    0.0000    0.0915    3.8000   -0.0334   -0.0005    1.0852  -14.9536 
   1.5966    0.0009    0.0000    0.0000  180.0183   -0.3747   -0.0050   -0.2193    0.0000    0.0000    0.0000    0.0000    0.0000    0.0915    3.8000   -0.0281    0.0029    1.0581  -15.7471 
   1.6241    0.0009    0.0000    0.0000  180.0212    0.7850    0.1781    0.0858    0.0000    0.0000    0.0000    0.0000    0.0000    0.0915    3.8000   -0.0271    0.0002    1.0698  -14.5874 
   1.6516    0.0015    0.5530   -0.1142  180.0188   -0.2526    0.0561   -0.2804    0.6510    1.2469    2.5302    6.2789    0.2818    0.1690    3.7440   -0.0356   -0.0027    1.0720    0.0098 
   1.6791    0.0010   -0.2069    0.1084  180.0069    1.4563   -0.6763   -0.8297    0.8275    1.8358    3.5810   12.9609    0.2818    0.2051    3.7120   -0.0256    0.0071    1.0735    0.0194 
   1.7066    0.0010   -0.1657    0.5314  179.9979   -1.8395    1.3378   -1.9894    0.8722    0.9656    5.8345   11.8289    0.2818    0.2200    3.6880   -0.0261   -0.0168    1.0444    0.0396 
   1.7341    0.0010    0.4861    0.8653  180.0006    1.3343    2.3144    0.8183    0.7217    1.6209    4.1795   14.9024    0.2818    0.2628    3.6640   -0.0186   -0.0200    1.0679   -0.0094 
   1.7616    0.0016    0.5761    0.8808  179.9970   -1.8395    2.4364    1.0014    0.0211    1.9078    4.1695   19.0824    0.2818    0.2765    3.6480   -0.0938    0.0630    1.0063   -0.0126 
   1.7891    0.0010    0.8000    0.7628  179.9919   -1.9616    3.6571    2.8324    0.6208    0.9334    4.4574   18.6046    0.2818    0.2854    3.6560    0.2644   -0.0103    0.8528   -0.0445 
   1.8166    0.0010    0.2953    0.7074  180.0041   -1.0461   -1.4698    2.6493    0.0235    1.1738    1.5675   20.5283    0.2818    0.2854    3.6640   -0.1350    0.0796    1.3154   -0.0413 
   1.8441    0.0010    0.0277    0.5417  180.2349   -7.2106   -1.7139   12.2929    0.9219    1.3507    4.5817   23.6912    0.2818    0.2898    3.6560   -0.1355   -0.5188    1.8865   -0.2096 
   1.8716    0.0015   -0.3690    0.7095  180.5699    5.1795   -5.0098   12.3539    1.7222    1.9105   13.1226   25.1071    0.2818    0.2986    3.6480   -0.1997   -0.7200    1.1697   -0.2107 
   1.8991    0.0010   -0.6694    0.9337  180.9281    3.2874    4.1454   12.9643    0.5400    1.0290   18.2900   26.4026    0.2818    0.3029    3.6480   -0.0808    0.3379    0.5740   -0.2214 
   1.9266    0.0011    0.5390    0.2056  181.2084  -20.7604    0.7885    9.1190    0.4485    1.6526   16.7191   31.5240    0.2818    0.3240    3.6240   -0.2749    0.4653    0.7104   -0.1542 
   1.9541    0.0010   -0.7446   -0.4216  181.3350    0.8460   -5.6812    1.7338    0.9368    1.5318   23.3468   36.8398    0.2818    0.3322    3.6080   -0.0713    0.5415   -0.5129   -0.0253 
   1.9816    0.0016   -2.2764   -0.2006  181.2927   20.8045    2.3754   -1.9894    1.3656    1.0078   34.2740   41.9059    0.0000    0.3443    3.6160   -0.0261    0.6011    0.6956    0.0347 
   2.0091    0.0010   -1.5127   -0.9319  181.2223    4.1419    9.0282   -0.5855    1.5546   -0.2109   46.6616   41.5442    0.0000    0.3600    3.6240    0.2178   -1.3032    2.0613    0.0102 
   2.0366    0.0010   -1.1518   -0.5815  181.1768    9.7571   -5.2540   -5.2853    0.9136    0.7496   52.3765   48.4618    0.0000    0.3676    3.6160   -0.9741    0.1025    0.9763    0.0922 
   2.0641    0.0010   -0.5319   -0.5297  181.1533   13.0530   15.9252    1.1234    0.9575    0.5487   56.5947   52.8591    0.0000    0.3676    3.6160   -0.7493    0.4775    1.2708   -0.0196 
   2.0916    0.0016   -0.0077   -0.2973  181.2820   26.6639   12.9955    7.0438    1.7110    0.6238   60.9176   57.5103    0.0000    0.3676    3.6160   -0.1013    1.7373    0.7388   -0.1229 
   2.1191    0.0010    0.5816   -0.2254  181.5484   17.6307    8.3569    8.9970    1.3057    0.7852   62.9852   61.2171    0.0000    0.3676    3.6000   -0.9348    0.5513    0.5562   -0.1570 
   2.1466    0.0010    0.7784    0.1375  181.8055   21.7200   18.6108    8.2646    1.9320    0.8638   65.6822   61.8836    0.0000    0.3676    3.6160    0.1562   -0.9172    1.6890   -0.1442 
   2.1741    0.0010    2.6353    0.4368  181.9251   24.7718   14.0942    3.6259    0.8099    0.8649   59.3297   62.9472   -0.2818    0.3676    3.6160   -0.3826   -0.9045    1.8125   -0.0682 
   2.2016    0.0016    3.2779    0.9349  181.9584   27.0301   21.0522    1.3676    1.5425    0.9373   55.7870   60.3687   -0.2818    0.3826    3.6080    0.2117    1.4285   -0.0149   -0.0288 
   2.2291    0.0010    3.5583    1.2408  181.8836   -4.0978   -3.1788   -7.1163    0.5478    1.4590   43.7261   62.8503    0.0000    0.3899    3.5920    0.7380    1.1501   -0.0447    0.1242 
   2.2566    0.0010    3.8763    1.3674  181.8189    5.4847    4.5116   -1.3180    1.1424    1.1152   32.5560   62.0022   -0.2818    0.3935    3.5920    0.5342   -0.9617    1.3389    0.0181 
   2.2841    0.0010    4.0813    1.2997  181.7625    4.5691   -1.2257   -3.4542    1.4130    0.2288   23.6705   58.0082   -0.2818    0.3899    3.6000   -0.7637   -1.2324    0.9126    0.0554 
   2.3116    0.0016    3.7426    1.4570  181.6539   -9.3469    5.1220   -1.8673    0.9884    0.3221   15.3351   54.5319   -0.2818    0.3899    3.6080    1.0286    0.7837    1.1260    0.0277 
   2.3391    0.0010    3.6671    1.6713  181.6518   -9.8962    0.1171   -1.9283   -0.4799   -0.0633    1.8050   48.7333   -0.2818    0.3935    3.6000   -0.0332   -0.4385    2.7063    0.0287 
   2.3666    0.0010    4.0879    2.1667  181.6991  -14.9621    2.4364    3.5648    0.7407    0.7320   -8.8615   43.2470    0.0000    0.3935    3.6000    0.5796   -0.0164   -0.1201   -0.0622 
   2.3941    0.0010    4.0659    1.9198  181.6689  -15.6945    7.5634   -0.1583    0.8695    0.3647  -17.4434   37.0097   -0.2818    0.4144    3.5840    0.1685    1.1663    1.7043   -0.0022 
   2.4216    0.0016    2.7966    1.3560  181.6599  -26.1315  -19.6583    1.4286    0.4428    0.9920  -28.3918   36.4235   -0.2818    0.4278    3.5600   -0.3943   -0.2368    0.6074   -0.0299 
   2.4491    0.0010    2.3608    0.9544  181.7372  -29.1223   -3.0567    2.7714    1.3454   -0.2422  -31.3289   32.2572   -0.2818    0.4376    3.5760   -0.1733   -0.7151    1.1672   -0.0533 
   2.4766    0.0010    1.1226    1.4893  181.8560  -34.3103  -13.3717    3.8090    1.2345   -0.0164  -30.3378   25.5872   -0.2818    0.4798    3.5200    0.7402    0.7903    0.3628   -0.0714 
   2.5041    0.0010    0.3823    1.4920  181.9861  -22.4694    4.9999    4.4804    0.4561    0.5295  -31.6881   20.6456   -0.5636    0.5042    3.5120    0.9175    0.3320    1.3970   -0.0880 
   2.5316    0.0016   -0.9436    1.5538  182.2250  -17.2814    6.5258   11.8046    0.7069    0.1272  -26.1736   17.2157   -0.5636    0.5068    3.4960   -0.0544    0.2817    0.9109   -0.2159 
   2.5591    0.0010   -0.7134    1.1701  182.5135  -23.9953   -6.2305   16.0771    0.6637    0.7525  -23.5115   14.1017   -0.8454    0.5119    3.4960   -0.4346   -1.4714    1.8108   -0.2954 
   2.5866    0.0010   -1.8631    1.3088  182.9250  -25.3381   -2.1412   13.4525    0.0357    0.6856  -15.6400   13.0488   -0.5636    0.5144    3.4960   -0.5522    1.3076    0.6707   -0.2446 
   2.6141    0.0010   -1.4186    1.2366  183.2693   -4.0368   -0.1270   16.8095    0.6995    0.3887   -8.6735   11.6500   -0.8454    0.5169    3.4880   -0.4626   -0.0427    1.1829   -0.3081 
   2.6416    0.0016   -1.6107    1.0451  183.6807   -9.1027    5.6713   19.0067    0.5794   -0.4064   -0.6310    5.9294   -0.5636    0.5144    3.5040    0.6694   -1.0486    1.7803   -0.3416 
   2.6691    0.0011   -1.6085    1.1891  184.1982    3.5926   -6.4137   17.4198    0.4528    0.5571    6.8851    5.1286   -0.8454    0.5218    3.4880   -1.0518    0.0010    0.1577   -0.3188 
   2.6966    0.0010   -0.7951    1.8518  184.6679   16.5931   12.9955   18.7016    0.2875    0.4112   11.0058   -4.0191   -0.8454    0.5218    3.4480    0.8848    2.0107    1.3560   -0.3412 
   2.7241    0.0010   -0.8847    1.2081  185.2420    1.9446  -10.6861   21.8754    0.9294    0.2708   16.8460   -4.8106   -0.8454    0.5218    3.4640   -1.4192    0.3738    1.8481   -0.3966 
   2.7516    0.0015   -0.1167    1.0039  185.7832   40.8851  -17.2169   16.8705    0.8093   -0.8678   19.7043  -14.3595   -1.4090    0.5243    3.4960   -0.8269   -0.2437    1.4155   -0.3190 
   2.7791    0.0010    1.0026    0.9392  186.2172   -4.0368   -4.0943   18.1522    0.4704    0.9068   19.4711  -13.5362   -2.8180    0.5428    3.4640    0.4932    1.1936    0.4421   -0.3660 
   2.8066    0.0010    0.6670    0.5955  186.6927    3.1043  -12.9444   14.5512    0.6128    0.5646   18.7877  -13.1604   -3.0998    0.5450    3.4720   -1.1294   -1.8389    1.9763   -0.3081 
   2.8341    0.0010    1.2403    0.3594  187.0838   33.4998   -1.1036   12.8422    0.8612   -0.1419   16.2883  -15.3858   -3.0998    0.5428    3.4800    0.3044   -1.2949    1.3391   -0.2782 
   2.8616    0.0016    1.2143    0.2026  187.4892    2.3108    4.3896   10.2177    0.8093   -0.7967   12.5291  -17.9452   -3.0998    0.5450    3.4560   -0.1392    0.4138    0.0708   -0.2324 
   2.8891    0.0010    1.1434   -0.0656  187.7959    1.0901  -12.1510   11.1942    0.8557    0.4866   11.4775  -16.4605   -2.8180    0.5536    3.4640   -0.7349    0.9509    0.7944   -0.2446 
   2.9166    0.0010    1.5354   -0.1244  188.0655    3.8367   -0.5543   11.4994    1.1531    0.1636    9.1263  -18.3292   -3.0998    0.5578    3.4560    2.0161    1.5112    0.8584   -0.2548 
   2.9441    0.0010    1.7251   -0.5528  188.3653   12.6868  -13.4937   14.9784    0.3672   -0.5977    4.7828  -17.5982   -3.0998    0.5578    3.4400   -0.5813   -1.6672    1.9822   -0.3155 
   2.9716    0.0016    1.3801   -0.6663  188.6149  -10.6896    2.0092    6.6776    0.7496    0.2529    2.6293  -14.4302   -3.3816    0.5755    3.4480   -0.3284   -0.4460    1.2522   -0.1756 
   2.9991    0.0010    1.5820   -0.7620  188.7551    8.3533   -3.6671   11.3163    1.4586    1.1861    2.7459   -9.2835   -3.9452    0.5774    3.4320   -0.5161    0.8354    1.4241   -0.2664 
   3.0266    0.0010    1.2515   -0.9854  189.0102  -12.0324   -1.6529    6.2504    0.8879    0.6936    1.1410   -3.0711   -3.9452    0.5774    3.4320   -0.8911   -1.3325    1.8340   -0.1779 
   3.0541    0.0010    0.9676   -0.5815  189.2442    7.9261    4.9999    8.0814    0.5709    0.1964    1.3891   -3.7350   -3.9452    0.5792    3.3280    1.5444    0.0554    0.1921   -0.2099 
   3.0816    0.0016    1.6251   -0.8095  189.3018   14.1517   -2.6905    2.4052    0.0152    0.9448   -4.2944    5.4136   -4.2270    0.5792    3.4320   -1.0125   -3.6323    0.8877   -0.1158 
   3.1091    0.0010    1.2042    0.0978  189.3745  -26.9860   47.2973    1.1234    0.9221   -0.0398   -5.0421    3.1466   -3.9452    0.5792    3.4320    1.7402    0.1304    0.0728   -0.0885 
   3.1366    0.0010    0.8104    0.7718  189.2886   13.6023    7.3803   -2.3556    0.8714    0.5183   -3.7266    2.4908   -3.9452    0.5792    3.4480    0.2563    1.6184    1.8591   -0.0277 
   3.1641    0.0010    1.0348    0.9544  189.2852    4.3250    6.3427    1.3065    0.6402    0.4148   -4.0030   -0.1627   -3.9452    0.5792    3.4400    1.0706    0.7366    0.4641   -0.0917 
   3.1916    0.0016    0.7403    1.4616  189.3829  -12.9479   19.7094    1.9169    1.1737    0.2901   -4.6752   -2.7220   -3.9452    0.5792    3.4320   -0.2312   -0.8442    2.4343   -0.1023 
   3.2191    0.0010    0.7810    1.2805  189.4678   11.2830   -7.2071   -0.2193    1.8025   -0.0759   -1.4356   -7.8995   -3.9452    0.5792    3.4480   -0.8154   -0.6255    1.7429   -0.0650 
   3.2466    0.0010    0.8313    1.4701  189.5246   -5.9289    3.9623    2.3441    0.2562    0.2552   -4.0377  -11.9722   -3.9452    0.5792    3.4160    0.1399   -0.6689    1.4880   -0.1098 
   3.2741    0.0010    0.5973    1.6232  189.5995  -11.4831    4.0844    8.3866    0.4303    0.8916   -2.9701  -13.7567   -3.9452    0.5792    3.4240    0.4761    2.8562    0.4119   -0.2152 
   3.3016    0.0016    0.3103    1.4379  189.8076  -28.5119  -18.3155   12.4149    0.6786    0.2240   -2.4630  -19.5889   -3.9452    0.5792    3.4320    1.8818    2.3367    0.2495   -0.2855 
   3.3291    0.0010    0.2179    0.7723  189.9907   10.9778  -24.7852    2.0390    0.4078    0.6017   -3.5279  -18.4744   -4.2270    0.5792    3.4320   -1.4487   -2.4756    1.3025   -0.1094 
   3.3566    0.0011    0.1202    0.4055  190.0910   -7.2106    0.6054    3.5038    0.5100    0.6800   -1.0331  -19.7265   -4.2270    0.5792    3.4240   -0.4514    1.1450    1.2346   -0.1349 
   3.3841    0.0010    0.3138    0.2113  190.1708    0.9681  -10.1978    1.7338    0.5580    0.3539   -1.7045  -18.0987   -3.9452    0.5792    3.3520   -0.6992   -4.0571    1.3096   -0.0991 
   3.4116    0.0016    0.2750    0.0828  190.2131    0.6019   -8.2447   -3.4542    0.2276    0.4839   -0.6955  -17.4997   -3.9452    0.5792    3.3440    1.1719    3.1616    0.2427   -0.0086 
   3.4391    0.0011    0.5610   -0.3635  190.1675   -5.8068   -2.5074   -4.2477    1.3068   -0.2472    1.7804  -18.2452   -3.9452    0.5792    3.4400    0.4058    1.7483   -0.4751    0.0053 
   3.4666    0.0010    0.0971   -0.3799  190.0753    2.9822    0.9106   -8.8863    0.3684    0.7797    1.6522  -12.8448   -3.9452    0.5792    3.3760   -0.3850   -1.1765    1.0173    0.0862 
   3.4941    0.0010    0.7784   -0.4237  190.0794   -0.3137   -2.5074    9.6073    1.1599    0.5605    2.6661   -9.0780   -3.9452    0.5792    3.4400   -0.0500   -0.2319    0.9712   -0.2365 
   3.5216    0.0016    1.2040   -0.4218  190.2210    5.8509    5.2441    6.4945    0.2070    0.5462   -1.8536   -6.3733   -3.9452    0.5792    3.4400   -0.2661   -0.6372    1.6382   -0.1822 
   3.5491    0.0010    0.7968   -0.1662  190.3376   -2.3889   -1.8360    7.5321   -0.3383    0.8571   -1.7185   -3.7313   -3.9452    0.5811    3.4320    0.6113    0.8069    0.2656   -0.2003 
   3.5766    0.0011    0.7487   -0.2681  190.4702  -18.8684    7.3803    6.4335    0.3565    0.0464   -4.7522   -3.1382   -3.9452    0.5792    3.3600    0.8281    2.2095    0.1926   -0.1811 
   3.6041    0.0010    0.6156   -0.0125  190.4458   -4.2810    4.4506   -6.3229    0.3682    0.9547   -5.9720    0.9141   -3.9452    0.5811    3.3440   -1.1360   -1.1750    1.3755    0.0415 
   3.6316    0.0016    0.5517    0.1327  190.2881    2.1888    3.3520   -3.2101   -0.3198    0.6947   -7.0936    2.0995   -3.9452    0.5792    3.4080   -0.3765   -4.0347    1.2480   -0.0128 
   3.6591    0.0011    0.6630    0.4348  190.2513    2.4939   11.9579   -1.7452   -0.0865    0.3653   -9.2644    1.1406   -3.9452    0.5811    3.4240   -0.2834   -2.6936    1.1221   -0.0384 
   3.6866    0.0010    0.5355    0.9224  190.1953   -0.9240    2.5585   -4.9190    0.7195    1.0233   -8.9112    0.2902   -4.2270    0.5792    3.4320    0.2112    1.2651    0.3926    0.0121 
   3.7141    0.0010    0.1096    1.1383  190.1892  -12.2155   13.1176   -1.4400    0.3109    0.2966   -8.6086   -2.6874   -3.9452    0.5792    3.4240   -0.3823    2.4746    0.6321   -0.0437 
   3.7416    0.0016    0.0295    1.4562  190.2406   -7.1496    3.4740    1.6117    0.4044    0.1261   -7.8942   -6.0239   -3.9452    0.5792    3.4320   -0.3870   -2.1812    1.5544   -0.0970 
   3.7691    0.0010   -0.1171    1.7394  190.3705   -6.6613    4.9389    9.3021    0.0536    0.4552   -9.6425  -10.7373   -4.2270    0.5811    3.4320    0.5200   -1.2332    1.8345   -0.2361 
   3.7966    0.0010   -0.0862    1.9052  190.5091    9.2078   -4.3385    7.2880    0.5180   -0.5731   -6.0406  -20.8687   -3.9452    0.5811    3.4080   -0.2778   -3.9517    1.5989   -0.1961 
   3.8241    0.0010   -0.0140    1.5505  190.5609    6.6443  -14.9586   -1.1349    0.2564   -0.6525   -4.1791  -26.5684   -3.9452    0.5811    3.3600    1.2598    1.5322    1.4158   -0.0490 
   3.8516    0.0016   -0.0065    0.6944  190.5009  -10.3845  -15.9351   -3.3932    0.4152    0.9009   -4.3218  -26.9594   -4.2270    0.5811    3.4320   -0.0942   -2.5767    1.5132   -0.0146 
   3.8791    0.0010   -0.5702    0.3195  190.6237    0.9681  -11.5406    5.7011    0.1452    0.1543   -1.5828  -25.8196   -3.9452    0.5811    3.3680    1.2839    5.5930    0.9797   -0.1684 
   3.9066    0.0010   -0.0226   -0.1580  190.7918    9.1468  -31.1329    3.3207    0.4402    0.0626   -1.3999  -22.6692   -3.9452    0.5811    3.4240   -2.4158   -3.8369    0.4211   -0.1268 
   3.9341    0.0010   -0.2054   -0.5807  190.7954   -4.8303  -21.0621   -3.1490    0.1616    0.6664    0.0196  -18.8067   -3.9452    0.5811    3.4160   -0.7925    2.3940    1.0518   -0.0139 
   3.9616    0.0016   -0.3531   -0.7907  190.8487   17.3865  -11.2354    5.7621    0.7089    0.4159    2.2095  -16.3788   -3.9452    0.5829    3.4080   -0.5461   -5.0437    1.2786   -0.1694 
   3.9891    0.0010    0.2712   -0.8967  190.9575   -1.3513   10.1269    1.0014    0.6708    0.3413    4.1703  -10.5682   -3.9452    0.5864    3.3920   -0.2615   -2.4099    1.3582   -0.0863 
   4.0166    0.0010    0.1772   -0.7763  190.9215    3.3484   -1.3477   -1.9894    0.2033    0.7247    4.5961   -6.7816   -3.9452    0.5899    3.4000   -0.1372    3.1809    0.2539   -0.0341 
   4.0441    0.0011    0.8169   -0.8587  190.9482   10.9778   14.6435    3.1986    0.1638   -0.0089    1.4566   -4.1157   -3.9452    0.5899    3.3360   -1.3364   -3.9797    0.7183   -0.1247 
   4.0716    0.0016    0.6752   -0.4901  191.0256   10.9778   -6.7799   -1.9283    0.4165    0.1275    1.6113   -4.4586   -3.9452    0.5933    3.4000   -2.7092   -1.1567    0.8691   -0.0352 
   4.0991    0.0010    1.0163   -0.2178  191.0116   19.1565   22.2729    5.1518    0.2489   -0.5240   -2.0843   -5.0624   -3.9452    0.5966    3.4000   -0.0562   -4.3679    1.1187   -0.1588 
   4.1266    0.0010    0.8032    0.1745  191.1685  -34.1882    3.5961    8.9359    0.6915    0.6094   -0.5708   -4.2676   -3.9452    0.6106    3.2880    0.2244    0.6794    0.1797   -0.2248 
   4.1541    0.0010    0.3088    0.3246  191.2981    7.9871   -0.6153    5.2128    0.1410    0.5212   -3.9820   -3.3809   -3.9452    0.6150    3.3440   -1.6379    2.1055    1.0464   -0.1598 
   4.1816    0.0016    0.8720    0.7585  191.5424  -23.5070   10.6152   11.9877    0.0701    1.0453   -7.6443   -2.0782   -3.9452    0.6150    3.2880   -1.2578   -1.0471    1.5605   -0.2781 
   4.2091    0.0010   -0.0935    1.2325  191.8798  -15.2062   -1.4698   16.5653    0.9694    0.2284   -2.2550   -6.1222   -3.9452    0.6150    3.3680    1.1611    3.6665    1.6709   -0.3580 
   4.2366    0.0010    0.4769    1.1655  192.1037    9.3299   -4.3385    8.2035    0.4248    0.2540   -5.7067  -10.5089   -3.9452    0.6164    3.3920    0.4905   -0.7949    2.2085   -0.2120 
   4.2641    0.0011   -0.2064    1.0479  192.3010   -7.1496   -6.4747    2.1000    0.8548    1.0330   -2.4108   -7.4360   -4.2270    0.6164    3.3840   -0.6260   -3.3865    1.5500   -0.1104 
   4.2916    0.0016   -0.0286    0.9663  192.4507   26.9080    4.8779    0.0858    0.8516   -0.2232   -1.6042  -12.1914   -4.2270    0.6164    3.2800    0.4116   -4.0532    0.9709   -0.0753 
   4.3191    0.0010   -0.3913    0.8198  192.5587  -28.6950   -9.0382    6.9828    0.6344    0.7124    4.4262  -13.1645   -4.2270    0.6164    3.3920   -0.1006    0.7075    1.1787   -0.1956 
   4.3466    0.0010   -0.5130    0.5414  192.7117   34.6595  -16.3624    3.4428    0.6166    0.2587    9.2450  -16.3315   -4.2270    0.6164    3.2320   -0.1426   -3.8552    1.3489   -0.1339 
   4.3741    0.0010   -0.6249    0.3203  192.8277    1.2122   -2.2022    2.7714    0.1375    0.4042   11.7493  -14.7121   -4.2270    0.6164    3.3280   -0.2051    3.4949    2.3450   -0.1221 
   4.4016    0.0016   -0.0139    0.4370  193.0531   17.8748    1.0937   10.7060    0.0533    0.9644   10.2127  -11.0377   -4.2270    0.6164    3.3520   -0.0256    5.3601    2.7896   -0.2606 
   4.4291    0.0010    0.2413    0.4173  193.2671    1.3343   -6.7799    0.3300   -0.2787    0.3286    7.9989  -13.4325   -4.2270    0.6164    3.3840   -0.6865    3.0269    1.0217   -0.0795 
   4.4566    0.0010    1.1040    0.1731  193.4366   12.1375    5.8544    8.2646    0.1608    1.0155    4.8626  -11.0261   -4.5088    0.6164    3.3440    0.7141    1.7019   -0.0947   -0.2229 
   4.4841    0.0010    1.1431    0.3144  193.6405    8.2923    4.6947   10.8891    0.8010    0.0019    6.3483  -13.3367   -4.5088    0.6164    3.3520   -0.2964    1.5071    1.7742   -0.2687 
   4.5116    0.0016    1.6084    0.3993  193.8617    9.0857   -1.5308    9.7904    0.4540    1.0176   -0.7286  -10.9738   -4.7906    0.6150    3.3120   -0.1895   -4.7485    0.8557   -0.2545 
   4.5391    0.0010    1.6042    0.2499  193.9602    2.6160   -4.3385   -1.8673    0.4088    0.2856   -3.3961  -10.0571   -5.0724    0.6164    3.3440   -2.4807   -0.9832    1.1497   -0.0559 
   4.5666    0.0010    1.6447    0.7744  194.1356  -10.7507   -0.1270    3.1376    1.7741    0.6261   -0.2977  -11.2312   -6.4814    0.6164    3.3920    0.1401   -0.4812    2.3574   -0.1679 
   4.5941    0.0010    2.1038    0.8553  194.2613    6.5223    5.8544    4.8466    1.4695    1.1661   -4.5283   -7.6059   -6.7632    0.6150    3.3680    0.0376    3.1160    2.0237   -0.2026 
   4.6216    0.0016    1.6009    1.0987  194.3647   -9.6520    8.9672    7.5932    1.0087    0.9937   -8.6669   -8.9766   -7.0450    0.6150    3.3280    0.9417   -2.5444    0.9443   -0.2555 
   4.6491    0.0010    1.8386    1.4899  194.4570    9.2078    0.9106    4.0531    0.9880    1.3463  -11.6260  -11.2557   -7.0450    0.6136    3.4080    1.8352   -0.0054    0.0750   -0.1937 
   4.6766    0.0010    1.5257    1.1841  194.4862  -27.3522   13.1176    0.9403    1.7609    1.3164  -10.6729   -8.6927   -9.0176    0.6136    3.3440   -0.1736   -1.8994    0.9019   -0.1738 
   4.7041    0.0011    1.1663    1.3405  194.4391   14.2127  -11.7237   -5.1021    2.6618    0.5983   -2.0352  -12.8823   -9.8630    0.6076    3.2720   -1.6316   -5.9692   -0.1672   -0.0831 
   4.7316    0.0016    1.3798    1.2423  194.2873    0.6629    6.0375   -9.4967    2.7574    0.1602   -0.2974  -18.1763  -10.1448    0.6030    3.3440   -0.1206    4.2808   -0.0601   -0.0113 
   4.7591    0.0010    1.2006    1.0464  193.9929    4.2640  -13.0054  -16.2105    3.3992    1.3830    7.0296  -14.7523  -10.1448    0.6046    3.4000   -1.1943   -3.9758    0.1177    0.1059 
   4.7866    0.0011    1.9781    0.6322  193.7603   42.8992   -9.0382   -5.5904    4.7683    0.8253   20.0472  -16.0186   -9.8630    0.6030    3.3520   -0.3318   -5.4727    1.0696   -0.0746 
   4.8141    0.0010    2.5639    0.6540  193.6083   14.7010    5.9765   -2.1114    5.8644    0.0430   32.8478  -16.4967  -10.1448    0.6030    3.3600   -1.4141    2.6992    1.4407   -0.1402 
   4.8416    0.0016    3.4951    0.4168  193.4468   48.7586  -20.2076   -6.6280    6.9284    0.1183   44.0690  -16.9792  -10.1448    0.6030    3.3920   -0.6641    0.9373    1.4553   -0.0614 
   4.8691    0.0010    3.9724    0.7528  193.3339   26.7249    4.0844   -4.6139    8.6529    0.4483   62.0738  -16.4393  -10.1448    0.6030    3.3840    0.7966    5.9822    1.1558   -0.0965 
   4.8966    0.0010    6.0860    0.5548  193.3517  112.4793  -10.8692   -7.0553    8.6909    0.5216   68.0049  -19.2579  -10.7084    0.6030    3.3920   -0.0146   -4.9868    0.4973   -0.0638 
   4.9241    0.0010    8.5439    0.3147  193.0204   77.4451   -3.7891   -9.9850    8.2657    0.6783   67.0239  -17.8915  -11.8356    0.6046    3.3360   -1.2239   -5.8379    1.2527   -0.0323 
   4.9516    0.0016   10.1303    0.3629  192.6342   53.5193   -6.9630  -13.0978    7.7754    0.1381   58.8620  -16.9893  -13.2446    0.6030    3.3360   -0.2600    5.0320    0.7363   -0.0026 
   4.9791    0.0010   11.2807    0.0978  192.3688   36.7957   -8.6720   -1.2569    7.5099    1.3259   44.8375  -13.0264  -13.8082    0.6030    3.3520    1.6094    4.8459    1.7773   -0.2191 
   5.0066    0.0010   13.0071   -0.2818  191.9912   63.2239    0.6664  -13.0978    7.9530    2.3135   27.4655   -3.7791  -14.0900    0.6030    3.2880   -0.0359   -2.5049    2.4822   -0.0173 
   5.0341    0.0010   13.6980   -0.2459  191.6939   -0.1916   10.0658   -4.3697    6.5362    2.0208    3.9774    4.1934  -14.3718    0.6030    3.3760    0.9849    2.2068    1.6978   -0.1746 
   5.0616    0.0016   13.3166    0.1062  191.4288  -31.9909   19.7094   -4.8580    7.1703    1.9621  -18.6746    9.2577  -14.3718    0.6030    3.3760    1.7053    0.4841    0.8018   -0.1660 
   5.0891    0.0010   12.4658    0.4123  191.1549  -18.3190   19.2211   -8.2760    6.7806    2.1819  -39.6326   17.9287  -12.6810    0.6046    3.3840   -0.1960   -1.8818    1.5720   -0.0769 
   5.1166    0.0010   11.8739    1.1640  190.8791  -73.1286   44.0014   -8.0929    5.4928    1.9988  -58.4217   19.0734  -10.9902    0.6046    3.3760   -0.7720   -4.0354   -0.1116   -0.0506 
   5.1441    0.0010    9.3914    2.1736  190.5908  -75.5700   38.9965  -12.3043    5.7038    2.8059  -71.1709   21.1332   -9.0176    0.6046    3.3040    0.6248    5.3091    0.6340    0.0574 
   5.1716    0.0016    7.9377    2.8661  190.2421  -64.7668   40.0951  -11.2057    4.4066    3.4395  -86.3671   24.1073   -7.3268    0.6046    3.2640    0.4504   -4.3318    1.1211    0.0677 
   5.1991    0.0010    5.4609    4.0347  189.8880  -91.3171   45.8324  -13.0367    2.6201    3.3773  -92.2986   20.9491   -6.7632    0.6030    3.3600    0.9570   -2.7043    1.3220    0.1095 
   5.2266    0.0011    2.3885    4.8269  189.6761 -113.5339   24.5922    1.7948    0.8194    4.2900  -96.2802   22.3178   -6.7632    0.6030    3.3760    0.3792    0.2717    2.1394   -0.1494 
   5.2541    0.0010   -0.5771    5.5250  189.5557 -114.3884   30.6957    7.7152    1.7339    4.4375  -87.3975   15.7733   -6.7632    0.6030    3.3600    0.6851    4.3721    1.5312   -0.2527 
   5.2816    0.0016   -3.5752    6.1435  189.3066  -92.5378   13.6059   -1.2569    2.8608    4.3203  -63.6593    9.2934   -6.7632    0.6030    3.3760   -1.0752    3.3118    0.4985   -0.0961 
   5.3091    0.0010   -4.8206    6.5435  189.1762  -49.3249   18.5497    1.1234    2.4845    4.6668  -41.4291    0.6612   -6.7632    0.6106    3.3600    0.3635   -2.3384    0.0811   -0.1376 
   5.3366    0.0010   -6.3490    6.5409  189.2372   -6.9055    4.7558    6.8607    3.1687    4.3589   -6.7462   -4.0676   -6.7632    0.6121    3.2000    0.6250    3.3525    0.8667   -0.2378 
   5.3641    0.0010   -5.7236    6.3509  189.4102   28.2508    0.9716    5.5180    2.6073    4.8235   21.2025   -9.0898   -6.7632    0.6121    3.2640    0.9277   -2.7793    0.7451   -0.2143 
   5.3916    0.0016   -4.7959    6.5383  189.5126   54.3128   -1.0426   -1.4400    2.7986    4.3373   47.0661  -16.9650   -6.7632    0.6136    3.3600   -1.3394   -1.4631    1.6577   -0.0929 
   5.4191    0.0010   -2.8062    5.8361  189.7369   78.1775  -23.5645    7.8983    2.1913    4.2481   65.0289  -23.8840   -6.7632    0.6136    3.3840    0.0732   -0.0735    1.4146   -0.2559 
   5.4466    0.0010   -1.1909    4.9857  189.8890   67.1302  -10.8692   -4.0035    2.6476    4.7143   79.0950  -22.7741   -6.7632    0.6136    3.3280   -0.0859   -1.5557    2.5198   -0.0482 
   5.4741    0.0010    1.2098    4.7327  189.9180  100.6385  -10.0758   -6.6280    3.3199    4.8185   82.9974  -22.3604   -6.7632    0.6136    3.2960    0.0547   -2.7705    0.5193   -0.0024 
   5.5016    0.0016    3.0517    4.1463  190.1274   76.6517  -20.8179    4.8466    3.1184    4.9252   83.8894  -19.0944   -6.7632    0.6136    3.3440    0.5564    2.0691    1.4490   -0.2026 
   5.5291    0.0010    5.0528    3.8792  190.4013   87.1497  -14.2872    4.6635    3.0615    4.6164   75.8665  -16.2959   -6.7632    0.6136    3.3840    0.6741    5.9946    0.5354   -0.1994 
   5.5566    0.0010    7.1350    3.6227  190.5560   55.2894    1.8871    7.1659    1.7048    5.5578   59.1289  -10.5952   -6.7632    0.6136    3.3280    0.6204    4.0820    0.6580   -0.2431 
   5.5841    0.0010    8.3338    3.6071  190.5316   32.9505   -1.7750   -8.6422    1.9687    5.1805   34.0911   -5.0774   -6.7632    0.6150    3.3520   -0.4800   -2.1917    1.4875    0.0328 
   5.6116    0.0016    9.6680    3.2935  190.4381   13.0530    3.1078    1.9779    3.0354    4.3357   11.9947   -2.5775   -6.7632    0.6150    3.3360   -0.4548   -2.1208    1.5078   -0.1526 
   5.6391    0.0010    9.3938    3.6066  190.4109  -23.9953   10.0658    1.7338    2.9028    5.2747   -8.5715    2.9419   -6.7632    0.6164    3.3680    0.8936    1.6018    1.0034   -0.1483 
   5.6666    0.0010    8.5646    3.5789  190.3099  -21.0656   12.3852    5.8842    2.2245    5.2811  -30.3974    9.7311   -6.7632    0.6164    3.3680    0.6858    1.2378    1.7739   -0.2207 
   5.6941    0.0010    7.3770    3.3525  190.2373  -48.8366   18.0004    1.8559    0.9623    5.4456  -51.9081   16.7757   -6.7632    0.6164    3.3520    0.0010    0.1692    0.2126   -0.1504 
   5.7216    0.0016    5.4148    4.1416  190.0932  -56.3439   30.5126   -8.0929    1.7831    4.7447  -65.1093   20.4344   -6.7632    0.6164    3.3680   -0.5256   -4.8411    0.4360    0.0232 
   5.7491    0.0010    3.7816    4.5850  189.9447  -80.6359   11.2865    2.8324    2.2127    4.9990  -70.0141   20.4112   -6.7632    0.6164    3.3440    0.5222    1.8467    0.4968   -0.1675 
   5.7766    0.0010    1.6995    4.6582  189.8664  -71.0534   17.0849    1.4896    0.7057    5.1214  -71.6448   23.4963   -6.7632    0.6164    3.3600   -1.7517   -2.4121    0.4639   -0.1440 
   5.8041    0.0010   -0.8089    5.5173  189.8702  -98.8854   19.5873   -2.5997    1.5794    5.7514  -61.5495   23.5444   -6.7632    0.6164    3.3600   -1.6848    3.7495    0.8992   -0.0727 
   5.8316    0.0016   -1.9016    6.2483  189.7460  -51.7663   29.4140    0.3300    2.1344    5.9572  -47.2092   23.4428   -6.7632    0.6164    3.3280   -0.2498   -1.2039    2.6890   -0.1238 
   5.8591    0.0010   -2.6169    7.2549  189.7906  -31.6857   21.5404    5.3349    1.0152    6.1087  -32.0023   18.0272   -6.7632    0.6164    3.3600   -0.5024   -2.7056    2.3560   -0.2112 
   5.8866    0.0010   -3.4064    7.8902  189.8520  -31.0754   20.7470   15.6498    0.8907    5.6022  -17.0501    9.7036   -6.7632    0.6164    3.3280    0.5996    4.9390    1.8489   -0.3912 
   5.9141    0.0010   -4.0871    7.8492  189.6789   -9.3469  -11.9678  -11.0226    2.5158    4.8370    6.3259   -1.2164   -6.7632    0.6164    3.2960   -0.4712    5.1675    2.0620    0.0743 
   5.9416    0.0016   -3.2878    7.6346  189.4736   27.3963   -4.5826   -1.8062    1.6013    6.3677   24.0543   -6.2356   -6.7632    0.6164    3.3600    1.1594    2.7380    1.8765   -0.0865 
   5.9691    0.0010   -1.4111    7.2551  189.4794   38.4437  -15.5689   -3.6373    1.2347    5.8610   32.3019  -10.3576   -6.7632    0.6164    3.2960    0.0442   -0.2065    0.8447   -0.0546 
   5.9966    0.0010   -1.0290    6.7770  189.6068   11.7103  -15.4469    4.3583    0.3916    6.0240   34.6267  -14.0777   -6.7632    0.6192    3.3200    0.2578    2.3545    0.2014   -0.1941 
   6.0241    0.0010    0.3830    6.1898  189.6711   67.8626  -27.5928   -1.3790    0.7982    6.1545   37.7869  -15.1404   -6.7632    0.6192    3.3200    1.1890   -2.5640   -0.1963   -0.0940 
   6.0516    0.0016    1.1202    5.7478  189.6912   21.2928   -6.1085   -3.3932    1.1585    4.4038   37.9943  -16.7684   -6.7632    0.6192    3.3280   -0.9946    1.4861    1.9199   -0.0588 
   6.0791    0.0010    2.2706    5.6010  189.7321   11.3440  -23.2594    4.5414    2.4784    5.0628   40.1059  -17.8223   -6.7632    0.6206    3.3440   -1.1597    4.5676    1.6309   -0.1973 
   6.1066    0.0010    2.8607    4.4222  189.8015    8.0481  -36.4429    3.7480    2.3072    5.5073   34.8999  -15.0077   -6.7632    0.6206    3.2720   -0.4519   -0.4888    1.9756   -0.1835 
   6.1341    0.0010    4.0056    3.5418  189.9213   52.9700  -27.0435   -4.6139    2.1657    6.2829   27.6121   -4.8384   -7.0450    0.6219    3.2640    0.2820   -3.5576    0.7319   -0.0424 
   6.1616    0.0016    3.8457    2.8878  189.9022  -14.7790  -19.4752   -2.7828    1.7129    4.8716   17.2848    3.3686   -7.0450    0.6206    3.3440   -0.7173   -2.8662    0.9058   -0.0744 
   6.1891    0.0010    4.6215    2.6058  189.8912   24.9549   -8.7330    5.0297    1.2556    4.9186    5.9920   10.8916   -7.0450    0.6219    3.3440    0.3799    4.8860    2.0688   -0.2107 
   6.2166    0.0010    4.4408    2.5781  189.8475    0.9070    9.2724   -2.3556    1.1875    5.5554   -4.8467   20.1547   -7.0450    0.6219    3.1440    0.9688    1.2612   -0.3650   -0.0818 
   6.2441    0.0010    4.1577    3.1281  189.8201  -19.1735   25.2026   -0.0362    1.8535    4.2838  -13.5962   25.1016   -7.0450    0.6219    3.3440   -0.8674   -2.3638    2.5002   -0.1223 
   6.2716    0.0016    3.6086    3.5087  189.7532  -21.1877    6.9530   -4.7359    2.8695    4.1041  -15.4009   26.6550   -7.0450    0.6219    3.1760   -0.6567    2.1765    2.8413   -0.0403 
   6.2991    0.0010    3.3466    4.1867  189.6398  -28.1457   22.8832   -4.9190    2.6623    3.5078  -16.5740   21.2666   -7.3268    0.6219    3.3600   -0.2666   -0.0159    2.1257   -0.0420 
   6.3266    0.0010    2.2731    4.5460  189.5301  -36.9348   11.0424   -5.3463    1.1422    3.0893  -19.4370   18.1626   -7.3268    0.6219    3.3520   -0.0310   -4.1392    0.3713   -0.0346 
   6.3541    0.0010    1.6139    4.5138  189.4825   -3.7316    2.6806   -1.3180    1.3888    2.7816  -21.7138   10.2517   -7.6086    0.6219    3.2320   -0.3320    0.1785    1.3772   -0.1098 
   6.3816    0.0016    0.9450    4.6700  189.5578  -49.8132    3.3520   -3.7594    0.1209    1.6671  -23.8462    2.8162   -7.6086    0.6219    3.3120   -0.9575   -1.2241    1.4758   -0.0672 
   6.4091    0.0010   -0.0018    4.4897  189.5076  -31.1975  -15.3248    2.3441   -0.0356    2.2883  -22.1061   -6.8082   -7.6086    0.6219    3.3600    0.0298   -4.9102    0.9082   -0.1737 
   6.4366    0.0010   -0.5493    4.0310  189.4446    8.9026  -22.3438   -7.2994    0.9677    1.3837  -16.5472  -16.3826   -7.6086    0.6219    3.3120   -1.0374   -3.0601    1.3091   -0.0054 
   6.4641    0.0010   -1.6022    3.4525  189.3789  -42.0007  -21.2452   -1.1959    1.3852   -0.3084   -4.2825  -27.8909   -7.8904    0.6219    3.3200    0.5603    0.8882    0.6389   -0.1168 
   6.4916    0.0016   -2.2220    2.2279  189.3556    4.0809  -48.2838    6.0063    1.1079   -0.2521    6.4634  -37.0436   -7.8904    0.6219    3.3520    1.4456   -2.1587   -0.1833   -0.2425 
   6.5191    0.0010   -1.8447    0.6783  189.4757   14.3958  -43.7061    8.5087    1.2739   -0.3622   17.7307  -40.8056   -7.8904    0.6219    3.3440    1.4380   -4.5281   -0.5474   -0.2862 
   6.5466    0.0010   -1.5819   -0.3732  189.6297   -5.6237  -46.3306    6.8607    1.9557   -1.8164   29.5270  -43.1444   -7.8904    0.6219    3.3520   -1.1919    2.2842    1.4321   -0.2575 
   6.5741    0.0011   -0.4229   -1.6853  189.7857   38.6878  -60.6129   12.8422    1.4859   -1.2754   36.3015  -42.7475   -7.8904    0.6219    3.2640   -0.5862    2.1960    2.5994   -0.3619 
   6.6016    0.0016    1.1541   -3.2846  189.6853   33.3777  -54.9366  -20.7882    1.9622   -1.4271   37.4188  -34.7314   -7.6086    0.6219    3.3600   -1.9382   -5.2844    0.3240    0.2300 
   6.6291    0.0010    1.3744   -4.5814  189.5433   35.2698  -43.3399    6.3114    0.4389   -1.6188   35.1918  -25.0939   -7.6086    0.6219    3.3440   -1.6719   -4.0491    1.1042   -0.2430 
   6.6566    0.0010    2.2461   -5.2375  189.7131   31.5467  -24.2970    4.9687    0.4379   -2.6169   29.1679  -16.3252   -7.6086    0.6219    3.3600   -0.6543   -0.6875    2.0840   -0.2195 
   6.6841    0.0010    3.1422   -5.9684  189.8523   42.9603  -13.0665    9.1801    2.2743   -4.0770   27.3994   -8.9308   -7.6086    0.6219    3.2720    0.7009   -3.7031    0.3125   -0.2930 
   6.7116    0.0016    2.8614   -6.2542  190.0435   12.7479  -17.4000    6.7387    0.7628   -5.4638   19.7617   -8.4003   -7.8904    0.6219    3.3440   -0.3120   -3.6611    1.6035   -0.2553 
   6.7391    0.0010    3.7786   -6.2560  190.2268   13.5413  -17.2779    6.0673    0.4376   -5.1029    8.2045   -4.5535   -7.6086    0.6206    3.3360    1.0332   -1.8848   -0.7185   -0.2387 
   6.7666    0.0010    4.0532   -6.5508  190.5183   -7.5158   -2.9346    9.1190    2.1228   -3.4181    4.3475    7.5637   -7.6086    0.6219    3.3520   -0.8708   -2.7134    0.7151   -0.2920 
   6.7941    0.0010    3.7483   -6.4703  190.9563    2.8602   -1.6529   11.3773    1.4805   -1.2338   -2.4910   26.6879   -7.6086    0.6206    3.2320   -1.2002    2.5789    2.0085   -0.3314 
   6.8216    0.0016    3.8087   -5.6858  191.3488  -18.8684   40.5834   13.3305    1.7062   -2.4354   -9.8889   35.3223   -7.8904    0.6219    3.3520   -0.1885   -4.2605    1.8076   -0.3704 
   6.8491    0.0010    3.2239   -4.4368  191.8743  -38.5217   30.9399   14.6732    1.8167   -3.5886  -14.6128   40.4395   -7.8904    0.6219    3.2800   -0.4395    4.1719    1.7712   -0.3938 
   6.8766    0.0010    3.4436   -3.4635  192.4001    0.5408   26.8505   22.6078    2.1189   -4.5578  -19.6894   34.8846   -7.8904    0.6206    3.3200    0.5657    3.5195    0.0049   -0.5323 
   6.9041    0.0010    2.6074   -2.3458  192.9663  -43.5266   33.9916   20.7157    4.4800   -5.2677  -11.7484   23.9419   -7.8904    0.6219    3.3440    1.0110    3.9961    1.2056   -0.4993 
   6.9316    0.0016    2.4760   -2.0476  193.3553   14.7620    6.5258    7.1049    5.2407   -5.6968   -4.8204   11.7610   -7.8904    0.6206    3.3520   -0.2507   -5.3037    0.1958   -0.2617 
   6.9591    0.0010    2.7988   -2.0826  193.5459   18.1189   -5.3150    9.7294    4.5646   -4.9666    0.7561    1.5712   -7.8904    0.6219    3.3360   -0.8589   -3.6018    0.8948   -0.3075 
   6.9866    0.0010    2.8841   -2.2278  193.7100  -14.2907   -4.0333    2.7104    4.4648   -3.3776    6.7345   -0.4386   -8.1722    0.6219    3.3360   -0.5288   -0.3562    0.5549   -0.1899 
   7.0141    0.0010    3.2980   -2.6791  193.8936   23.2459   -5.4981    8.0204    3.4505   -2.5255    8.2120   -0.9360   -8.1722    0.6206    3.3280    1.9180    3.5681    0.4961   -0.2826 
   7.0416    0.0015    3.0098   -2.4680  194.0782   -3.2434    3.7792    7.5321    1.3786   -2.4203    0.5815   -0.3964   -9.0176    0.6206    3.3520    1.0461    1.9795    0.7251   -0.2888 
   7.0691    0.0010    3.1059   -2.5019  194.2292   -6.2951    2.6806    5.1518    0.2706   -3.0904   -9.6697   -0.7245   -9.5812    0.6219    3.3440    0.4790   -1.6443    0.3879   -0.2571 
   7.0966    0.0010    2.9303   -2.5263  194.4605   -9.1027  -10.0758    6.7997   -0.7628   -3.5999  -20.6083   -5.9441   -9.2994    0.6206    3.3200   -0.2986   -1.0867    2.0647   -0.2810 
   7.1241    0.0010    1.7517   -2.7578  194.7454  -40.4748  -15.6300    8.6918   -2.0728   -3.2881  -33.9416   -8.1937   -9.5812    0.6206    3.2960   -0.1726    3.4155    1.7383   -0.3189 
   7.1516    0.0016    0.2624   -2.9676  195.0984  -51.8273   -9.4044   17.6029   -0.4439   -3.8077  -38.8409  -10.6091   -9.8630    0.6206    3.3120    2.5608    1.3743    1.0283   -0.4794 
   7.1791    0.0010   -0.8532   -3.3137  195.5520  -30.7092   -6.7799   11.1332    1.9666   -3.3910  -25.6297  -10.0856   -9.8630    0.6206    3.3440   -0.9624    0.9956    0.2441   -0.3665 
   7.2066    0.0010   -1.6231   -2.9036  196.0122  -30.2819   -5.6812   16.1991   -0.0839   -2.6117  -24.4827   -9.3333  -10.1448    0.6219    3.3120    0.0327    1.8364    0.7239   -0.4598 
   7.2341    0.0010   -2.9491   -3.1236  196.4505  -32.4182  -10.4420   11.0111   -1.5871   -2.6171  -17.0567   -7.2575  -10.1448    0.6219    3.3440    1.1072    2.7366    0.3787   -0.3692 
   7.2616    0.0016   -2.3990   -3.4007  196.6926    2.1888    5.3051    5.0297   -0.8836   -4.5651  -12.5320  -14.4026  -10.1448    0.6219    3.3040   -0.5654   -0.4380    0.8865   -0.2648 
   7.2891    0.0010   -2.6956   -3.1306  197.2240   11.4051   -6.9630   42.8715   -0.7601   -6.2064   -7.0718  -24.1857  -10.1448    0.6219    3.3520    1.0928   -0.8770    0.2034   -0.9253 
   7.3166    0.0010   -1.2611   -3.2301  198.6063   66.4588    1.2157   65.8817   -2.3111   -7.3930  -11.4873  -40.1691  -10.1448    0.6219    3.2560    1.4392    0.5337    1.2585   -1.3269 
   7.3441    0.0010    0.0266   -2.4756  200.8948   41.3123   20.1366  100.4887   -1.8105   -7.4475  -20.8415  -56.8642  -10.4266    0.6219    3.2720   -0.0210   -0.3220    2.2190   -1.9358 
   7.3716    0.0016    1.9112   -1.9556  203.8253   67.3133  -13.6158  121.1796   -0.1134   -7.3032  -26.9087  -76.4077  -10.1448    0.6219    3.2480    0.2874   -0.1921    1.9597   -2.2920 
   7.3991    0.0011    3.9994   -2.1225  207.2258   30.6312    5.7323  126.9779    0.7463   -6.4747  -37.3585  -89.3841  -10.1448    0.6219    3.2320    0.7195    1.4731    0.9521   -2.3932 
   7.4266    0.0011    5.5299   -0.9836  211.0651  136.8934   64.5702  206.8729    1.2327   -6.6780  -53.8924 -108.1248  -10.1448    0.6219    3.1280    1.9668   -2.0134   -1.1206   -3.7877 
   7.4541    0.0010    7.0977    3.4536  215.4739  -99.4348  165.2172   90.2958    0.7477   -5.9340  -77.6328 -142.7689  -10.1448    0.6206    3.0880    1.3687   -3.3865   -0.8054   -1.7530 
   7.4816    0.0015   -4.3502   10.6577  211.6169 -436.1047  177.9735 -207.2506    0.5001   -4.5120  -56.2911 -194.5217  -10.1448    0.6219    2.7760    0.6846   -0.0439   -0.9954    3.4401 
   7.5091    0.0010  -12.8600   15.2228  201.8973 -276.0095  121.3329 -264.3795    2.3079   -4.9148   -3.2185 -267.2087  -10.1448    0.6219    2.6880   -0.5737   -2.2935    1.6821    4.4372 
   7.5366    0.0010  -13.5155   16.8331  199.6577  171.3172  -54.5094   93.4696    2.3195   -6.0280   54.8903 -348.3708  -10.1448    0.6219    2.8320    1.6638   -2.2014    2.2029   -1.8084 
   7.5641    0.0011   -7.6339    7.9314  206.3530  216.3001 -363.8355  158.7773    3.6080   -7.1249   92.1663 -400.0616  -10.1448    0.6206    3.1200   -0.3323   -0.0676   -0.0884   -2.9482 
