   0.0016 4290.9834    0.0549   -0.1325  179.9994    0.3378    0.0580   -0.2017    0.0000    0.0000    0.0000    0.0000    0.0000    0.0000    4.1360 
   0.0441 4290.9409    0.5735   -1.9417  181.1870    0.5820    0.2411   -0.0186    0.0000    0.0000    0.0000    0.0000    0.0000    0.0000    4.1360 
   0.0866 4290.8984    0.8651   -1.7241  181.1892   -0.0894    0.0580    0.0424    0.0000    0.0000    0.0000    0.0000    0.0000    0.0000    4.1360 
   0.1291 4290.8560    0.3847   -1.7925  181.1888    0.0327    0.0580    0.1035    0.0000    0.0000    0.0000    0.0000    0.0000    0.0000    4.1360 
   0.1716 4290.8135    0.5778   -1.6962  181.1850   -0.0284   -0.1251   -0.2017    0.0000    0.0000    0.0000    0.0000    0.0000    0.0000    4.1280 
   0.2141 4290.7710    0.6918   -1.8352  181.1754    0.8261    0.1190   -0.1407    0.0000    0.0000    0.0000    0.0000    0.0000    0.0000    4.1360 
   0.2566 4290.7285    0.6861   -1.8986  181.1684    0.1547    0.0580   -0.2628    0.0000    0.0000    0.0000    0.0000    0.0000    0.0000    4.1360 
   0.2991 4290.6860    0.8896   -2.0732  181.1594   -0.0894   -0.0641   -0.0796    0.0000    0.0000    0.0000    0.0000    0.0000    0.0000    4.1360 
   0.3416 4290.6436    0.6610   -1.9040  181.1567    0.3989    0.1801    0.1035    0.0000    0.0000    0.0000    0.0000    0.0000    0.0000    4.1360 
   0.3841 4290.6011    0.8881   -2.0658  181.1574   -0.2115   -0.0641   -0.1407    0.0000    0.0000    0.0000    0.0000    0.0000    0.0000    4.1360 
   0.4266 4290.5586    0.8003   -2.0635  181.1541    0.4599    0.2411   -0.1407    0.0000    0.0000    0.0000    0.0000    0.0000    0.0000    4.1360 
   0.4691 4290.5161    0.6904   -1.9405  181.1500    0.8261    0.2411   -0.0186    0.0000    0.0000    0.0000    0.0000    0.0000    0.0000    4.1280 
   0.5116 4290.4736    0.5654   -1.9335  181.1497    0.0327    0.1801    0.0424    0.0000    0.0000    0.0000    0.0000    0.0000    0.0000    4.1360 
   0.5541 4290.4312    0.9147   -1.8872  181.1485    0.1547    0.2411   -0.0796    0.0000    0.0000    0.0000    0.0000    0.0000    0.0000    4.1360 
   0.5966 4290.3887    0.6698   -1.8642  181.1443   -0.0894    0.2411   -0.0186    0.0000    0.0000    0.0000    0.0000    0.0000    0.0000    4.1280 
   0.6391 4290.3462    0.9324   -1.8533  181.1478   -0.2725    0.1801    0.2255    0.0000    0.0000    0.0000    0.0000    0.0000    0.0000    4.1360 
   0.6816 4290.3037    0.8167   -1.8721  181.1498    0.4599    0.2411   -0.0796    0.0000    0.0000    0.0000    0.0000    0.0000    0.0000    4.1360 
   0.7241 4290.2612    0.4965   -1.7056  181.1487    0.5209    0.0580   -0.0796    0.0000    0.0000    0.0000    0.0000    0.0000    0.0000    4.1360 
   0.7666 4290.2188    0.8474   -1.7286  181.1426    0.5820   -0.0641   -0.2628    0.0000    0.0000    0.0000    0.0000    0.0000    0.0000    4.1280 
   0.8091 4290.1763    0.5780   -1.9002  181.1389   -0.0284    0.2411    0.1035    0.0000    0.0000    0.0000    0.0000    0.0000    0.0000    4.1280 
   0.8516 4290.1338    0.9046   -2.4444  181.1307    0.2768    0.1190   -0.0796    0.0000    0.0000    0.0000    0.0000    0.0000    0.0000    4.1360 
   0.8941 4290.0913    0.7104   -2.0383  181.1338   -0.0894    0.1801    0.0424    0.0000    0.0000    0.0000    0.0000    0.0000    0.0000    4.1360 
   0.9366 4290.0488    0.9840   -2.2428  181.1304   -0.0894   -0.0031   -0.0796    0.0000    0.0000    0.0000    0.0000    0.0000    0.0000    4.1360 
   0.9791 4290.0063    0.5539   -1.6217  181.1319    0.0937    0.0580   -0.1407    0.0000    0.0000    0.0000    0.0000    0.0000    0.0000    4.1360 
   1.0216 4289.9639    0.7063   -2.1352  181.1177    0.4599    0.2411   -0.2017    0.0000    0.0000    0.0000    0.0000    0.0000    0.0000    4.1280 
   1.0641 4289.9209    0.8406   -1.8326  181.1163    0.4599    0.1801   -0.2017    0.0000    0.0000    0.0000    0.0000    0.0000    0.0000    4.1360 
   1.1066 4289.8784    0.7503   -1.8112  181.1145    0.7651    0.3021    0.0424    0.0000    0.0000    0.0000    0.0000    0.0000    0.0000    4.1360 
   1.1491 4289.8359    1.0526   -1.6170  181.1194    0.4599    0.1801    0.0424    0.0000    0.0000    0.0000    0.0000    0.0000    0.0000    4.1360 
   1.1916 4289.7935    0.9143   -2.1130  181.1145    0.2768    0.1801    0.0424    0.0000    0.0000    0.0000    0.0000    0.0000    0.0000    4.1280 
   1.2341 4289.7510    0.8643   -1.8491  181.1115    0.8261    0.2411   -0.1407    0.0000    0.0000    0.0000    0.0000    0.0000    0.0000    4.1360 
   1.2766 4289.7085    0.8072   -1.8611  181.1080    0.7651    0.2411    0.0424    0.0000    0.0000    0.0000    0.0000    0.0000    0.0000    4.1280 
   1.3191 4289.6660    0.7859   -2.0595  181.1076    0.5209    0.2411    0.1035    0.0000    0.0000    0.0000    0.0000    0.0000    0.0000    4.1360 
   1.3616 4289.6235    0.9675   -2.0998  181.1116    0.2158    0.0580    0.1645    0.0000    0.0000    0.0000    0.0000    0.0000    0.0000    4.1280 
   1.4041 4289.5811    0.7881   -1.9646  181.1183    0.2768    0.1190   -0.0796    0.0000    0.0000    0.0000    0.0000    0.0000    0.0000    4.1360 
   1.4466 4289.5386    0.8287   -2.0751  181.1157   -0.0284   -0.0031   -0.0796    0.0000    0.0000    0.0000    0.0000    0.0000    0.0000    4.1280 
   1.4891 4289.4961    0.8872   -1.8986  181.1132    0.7040    0.2411   -0.2017    0.0000    0.0000    0.0000    0.0000    0.0000    0.0000    4.1360 
   1.5316 4289.4536    0.9262   -1.9688  181.1101    0.0327   -0.0031    0.1035    0.0000    0.0000    0.0000    0.0000    0.0000    0.0000    4.1360 
   1.5741 4289.4111    0.8617   -1.8693  181.1113    0.0937    0.2411   -0.1407    0.0000    0.0000    0.0000    0.0000    0.0000    0.0000    4.1280 
   1.6166 4289.3687    0.9589   -1.8172  181.0993    0.6430    0.1801   -0.3238    0.0000    0.0000    0.0000    0.0000    0.0000    0.0000    4.1360 
   1.6591 4289.3262    1.2051   -1.9282  181.0909   -0.0284    0.1190   -0.0186    0.0000    0.0000    0.0000    0.0000    0.0000    0.0000    4.1280 
   1.7016 4289.2837    0.7187   -1.9545  181.0877    0.7651    0.1190   -0.1407    0.0000    0.0000    0.0000    0.0000    0.0000    0.0000    4.1360 
   1.7441 4289.2412    0.7968   -1.8072  181.0847    0.3378    0.0580   -0.0186    0.0000    0.0000    0.0000    0.0000    0.0000    0.0000    4.1360 
   1.7866 4289.1987    0.9425   -2.1257  181.0817    0.2768    0.2411    0.1035    0.0000    0.0000    0.0000    0.0000    0.0000    0.0000    4.1360 
   1.8291 4289.1562    0.6040   -2.0423  181.0826    0.5820    0.1801    0.1035    0.0000    0.0000    0.0000    0.0000    0.0000    0.0000    4.1360 
   1.8716 4289.1138    0.6500   -1.8792  181.0841    0.7040   -0.0031   -0.1407    0.0000    0.0000    0.0000    0.0000    0.0000    0.0000    4.1360 
   1.9141 4289.0713    0.6374   -1.8816  181.0741    0.7651    0.2411   -0.2628    0.0000    0.0000    0.0000    0.0000    0.0000    0.0000    4.1360 
   1.9566 4289.0288    0.6662   -1.8945  181.0556    0.7040   -0.0641   -0.2628    0.0000    0.0000    0.0000    0.0000    0.0000    0.0000    4.1360 
   1.9991 4288.9863    0.8776   -2.4641  181.0391    0.4599    0.1801   -0.0186    0.0000    0.0000    0.0000    0.0000    0.0000    0.0000    4.1280 
   2.0416 4288.9438    0.7731   -1.9969  181.0429    0.3989    0.2411   -0.0796    0.0000    0.0000    0.0000    0.0000    0.0000    0.0000    4.1360 
   2.0841 4288.9014    0.7888   -1.9770  181.0364    0.1547    0.2411   -0.0796    0.0000    0.0000    0.0000    0.0000    0.0000    0.0000    4.1360 
   2.1266 4288.8584    0.6179   -1.9549  181.0364    0.2158    0.3021   -0.2628    0.0000    0.0000    0.0000    0.0000    0.0000    0.0000    4.1360 
   2.2016    0.0009    0.0000    0.0000  181.0333    0.4599    0.2411   -0.2017    0.0000    0.0000    0.0000    0.0000    0.0000    0.0438    4.1360 
   2.2441    0.0009    0.0000    0.0000  181.0266   -0.2725    0.0580    0.0424    0.0000    0.0000    0.0000    0.0000    0.0000    0.0620    4.1360 
   2.2866    0.0014    0.0000    0.0000  181.0244    0.0937   -0.0031   -0.0796    0.0000    0.0000    0.0000    0.0000    0.0000    0.0064    4.1280 
   2.3291    0.0009    0.0000    0.0000  181.0225    0.0327   -0.0031    0.0424    0.0000    0.0000    0.0000    0.0000    0.0000    0.0000    4.1360 
   2.3716    0.0009    0.0000    0.0000  181.0296    0.5820    0.2411   -0.0796    0.0000    0.0000    0.0000    0.0000    0.0000    0.0000    4.1360 
   2.4141    0.0009    0.0000    0.0000  181.0297    0.7651    0.0580   -0.0796    0.0000    0.0000    0.0000    0.0000    0.0000    0.0000    4.1360 
   2.4566    0.0014    0.0000    0.0000  181.0229    0.6430    0.2411   -0.0796    0.0000    0.0000    0.0000    0.0000    0.0000    0.0000    4.1360 
   2.4991    0.0009    0.0000    0.0000  181.0113    0.6430    0.1801   -0.2628    0.0000    0.0000    0.0000    0.0000    0.0000    0.0000    4.1360 
   2.5416    0.0009    0.0000    0.0000  181.0040    0.0937    0.1801   -0.2628    0.0000    0.0000    0.0000    0.0000    0.0000    0.0000    4.1360 
   2.5841    0.0009    0.0000    0.0000  180.9917    1.2534    0.2411   -0.1407    0.0000    0.0000    0.0000    0.0000    0.0000    0.0000    4.1360 
   2.6266    0.0014    0.0000    0.0000  180.9931    1.0703    0.1801   -0.2628    0.0000    0.0000    0.0000    0.0000    0.0000    0.0000    4.1360 
   2.6691    0.0009    0.0000    0.0000  180.9835    0.2158    0.1801   -0.0186    0.0000    0.0000    0.0000    0.0000    0.0000    0.0000    4.1360 
   2.7116    0.0009    0.0000    0.0000  180.9845   -0.1504    0.0580   -0.0186    0.0000    0.0000    0.0000    0.0000    0.0000    0.0000    4.1280 
   2.7541    0.0009    0.0000    0.0000  180.9713    1.5585    0.3021   -0.3848    0.0000    0.0000    0.0000    0.0000    0.0000    0.0000    4.1360 
   2.7966    0.0014    0.0000    0.0000  180.9567    0.3378    0.0580   -0.0796    0.0000    0.0000    0.0000    0.0000    0.0000    0.0000    4.1280 
   2.8391    0.0009    0.0000    0.0000  180.9549    0.5209    0.3632    0.0424    0.0000    0.0000    0.0000    0.0000    0.0000    0.0000    4.1360 
   2.8816    0.0009    0.0000    0.0000  180.9497    0.4599    0.1801   -0.2017    0.0000    0.0000    0.0000    0.0000    0.0000    0.0190    4.1280 
   2.9241    0.0009    0.0000    0.0000  180.9366    0.3989    0.2411   -0.2628    0.0000    0.0000    0.0000    0.0000    0.0000    0.0560    4.1360 
   2.9666    0.0015    0.4083   -0.1504  180.9271    1.1313    0.0580   -0.1407   -0.5233    0.0758  -10.0325    2.3300    0.0000    0.1087    4.1280 
   3.0091    0.0011    0.2186   -0.3208  180.9263    0.1547    0.0580   -0.0186   -1.3420    0.7691   -7.5014    2.8385   -0.2818    0.1422    4.0640 
   3.0516    0.0011    0.2536    0.1225  180.9229    1.4975    0.6683   -0.1407   -0.3808    0.2415   -0.5561   -1.2216   -0.2818    0.1476    4.0720 
   3.0941    0.0011    0.4715    0.0612  180.9225   -2.0425   -1.2238   -0.0186    0.0802    0.1974   -0.6785    2.3015    0.0000    0.1950    4.0240 
   3.1366    0.0015    0.0622   -0.4590  180.9217    0.3989    0.7294   -0.3238   -0.5013    0.9454   -0.0540    6.5849   -0.2818    0.2101    4.0240 
   3.1791    0.0011    0.1729   -0.2925  180.9210   -0.3946    1.0956    0.0424   -0.9809    0.6867   -5.0607    9.3313   -0.2818    0.2151    4.0240 
   3.2216    0.0011    0.2207   -0.2227  180.9077    1.4975    0.9735   -0.9952   -0.0417   -0.3414    1.4529   -3.3004   -0.2818    0.2151    4.0240 
   3.2641    0.0011    0.4886   -0.1958  180.8981   -0.6998   -1.1017    0.7138   -0.4870    0.7052   -5.1256    4.8303   -0.2818    0.2200    4.0160 
   3.3066    0.0015    0.9874   -0.1140  180.8940    1.3144   -0.3693    0.2255   -0.2444   -0.6119   -5.4936   -4.3068   -0.2818    0.2346    4.0160 
   3.3491    0.0011    0.6935   -0.1347  180.9192   -0.1504   -0.3082    0.5917    0.3732    0.3145   -2.9792    6.4101    0.0000    0.2628    3.9920 
   3.3916    0.0011    0.9141    0.4640  180.9345    1.1923    1.8890   -1.2393   -0.4268    0.3290   -4.5429   -1.5125   -0.2818    0.2720    3.9840 
   3.4341    0.0011    0.7837    0.3329  180.9086    1.6806   -0.7355    0.2255    0.4345   -0.5169    1.0245   -6.0263   -0.2818    0.2765    3.9840 
   3.4766    0.0015    0.8207    0.2169  180.8937    0.7040    1.1566    1.0190    0.3455    0.0850    2.6996    0.7512   -0.2818    0.3240    3.9520 
   3.5191    0.0011    1.4716    0.0607  180.9636   -1.1880    0.0580    2.8500    0.6434    0.1660   -6.8722    2.9397   -0.2818    0.3363    3.9360 
   3.5616    0.0011    2.5673   -1.3293  180.9091   -5.5215    4.8187   -3.7418    0.1863   -0.2081   -7.3516    2.8409   -0.2818    0.3403    3.9280 
   3.6041    0.0011    2.2878   -1.5867  180.8118    1.4975   -3.1769   -0.5679    0.1051    0.6119  -11.0464   11.4260   -0.2818    0.3483    3.9280 
   3.6466    0.0015    3.4835   -1.2636  180.8451   -5.0943    3.3539   -0.7510    0.2085   -0.3880  -12.7575    0.7108   -0.2818    0.3676    3.9040 
   3.6891    0.0011    2.3753   -1.3858  180.8152    6.2582   -5.9845    1.0800   -0.4450    0.0216  -16.7834    8.0942   -0.2818    0.3676    3.8880 
   3.7316    0.0011    2.3540   -0.8098  180.8196  -10.8316   10.3119   -3.1924   -0.4345    0.0863  -10.6550    5.3606   -0.2818    0.3752    3.8960 
   3.7741    0.0011    1.2984   -0.7772  180.7514    7.3569   -2.7496    1.3242   -0.2894    0.0410   -5.4326    8.1170   -0.2818    0.3826    3.8960 
   3.8166    0.0015    0.8082   -0.8776  180.7601   -5.5215    6.5887   -0.8121   -0.4344    0.1110   -5.1629    0.8393   -0.2818    0.3970    3.8800 
   3.8591    0.0011    0.5339   -0.4066  180.8104   11.2021   -7.8766    1.1411    0.7529   -0.1998    5.0073   -1.8569   -0.2818    0.4178    3.8640 
   3.9016    0.0011    0.7653   -0.9287  180.7267   -8.7564    3.5980   -1.8497   -0.4962    0.1069   -6.0595    6.0044   -0.2818    0.4343    3.8320 
   3.9441    0.0011    0.6096   -0.2498  180.7957   -2.2867    4.0253    0.5307   -0.4088   -0.3897   -3.8827   -3.3099   -0.2818    0.4439    3.8320 
   3.9866    0.0015    0.5375   -0.3044  180.6765   -0.6387    2.8046   -3.3145   -0.6993    0.1123   -3.1104   -1.4908   -0.2818    0.4653    3.8000 
   4.0291    0.0011    0.7539    0.3920  180.7504  -13.0899    6.0394    4.4980   -0.5765   -0.1039   -7.0677   -2.5920   -0.2818    0.4653    3.8160 
   4.0716    0.0011   -0.1227    0.7591  180.8075    3.8779   -3.7262   -0.3848   -0.1645    0.3854   -0.2779   -1.1502   -0.2818    0.4653    3.8080 
   4.1141    0.0011   -0.3103    0.5984  180.7380    7.2348   -6.7169   -2.2159    0.2856   -0.1103    0.4652   -0.3850   -0.2818    0.4712    3.8080 
   4.1566    0.0015   -1.0021    0.5575  180.7555  -10.0381    8.5419    1.7514   -0.4386    0.0182    2.0940   -5.4577   -0.2818    0.4826    3.7920 
   4.1991    0.0011   -0.7091    0.6450  180.7715    0.2768   -4.2145   -0.0796    0.5057   -0.1517    6.7837    0.0455   -0.2818    0.4963    3.7680 
   4.2416    0.0011   -0.6338    0.6115  180.8020    0.1547    3.2928   -0.3848   -0.7130    0.7901   -3.3504    4.6569   -0.2818    0.5068    3.7600 
   4.2841    0.0011   -1.6565    1.0783  180.7476  -31.2784   27.0355   -2.2159    0.3661    0.0933    9.7348   -5.6860   -0.2818    0.5094    3.7520 
   4.3266    0.0015   -1.0524    1.4722  180.6972   40.5600    2.6215   -0.2628    0.3661    0.0933    2.7522   -5.8399   -0.2818    0.5094    3.7360 
   4.3691    0.0011   -0.3922    1.0462  180.4846  -37.8091  -15.6891   -7.6480   -0.5177    0.5983    0.8252   -0.7395   -0.2818    0.5472    3.6560 
   4.4116    0.0011   -2.7488    1.4515  180.4201    9.7983   27.2797    0.5307    0.1460    0.1112   15.4558   -9.1692   -0.2818    0.5536    3.7200 
   4.4541    0.0011   -0.6416    2.1350  180.5246   57.4057   17.5140    1.5073    0.3066    0.6198    0.6783   -7.1907   -0.2818    0.5639    3.6800 
   4.4966    0.0015   -1.8532    1.8899  180.4082  -87.5528  -19.2291   -3.6807   -0.1544    1.2809   10.7967   -1.6725   -0.2818    0.5678    3.6000 
   4.5391    0.0011   -1.7103    1.2746  180.4981   92.2568   11.0443    3.7656   -0.1865    0.5169    3.7043   -3.0818   -0.2818    0.5678    3.5840 
   4.5816    0.0011    1.1301    2.4409  180.5278  -20.2920   41.6229   -0.5679   -0.3511    0.1585   -7.7457  -16.1882   -0.2818    0.5678    3.6320 
   4.6241    0.0011   -2.5338    2.6350  180.1849  -80.5338  -24.0509   -4.7794    0.3192    0.3924   20.6306   -7.1937   -0.2818    0.5678    3.6880 
   4.6666    0.0015    0.4678    1.5337  180.1741  143.8315  -13.9801   -2.2769    0.8447    0.3209   -4.6294   -6.3065   -0.2818    0.5659    3.5360 
   4.7091    0.0011    1.0284    1.9352  179.8083 -125.0894   42.2333   -9.0518   -0.2437    0.9122    1.1617   -7.9370   -0.2818    0.5678    3.4160 
   4.7516    0.0011   -3.4530    3.3028  179.2924   44.2221    3.8422   -7.6480    0.9714    0.0350   18.7996  -15.5885   -0.2818    0.5659    3.6720 
   4.7941    0.0011    2.6709    1.9308  179.2116  124.9106  -33.5114   -6.4883    2.6245    1.2605  -11.6233   -0.7909   -0.2818    0.5678    3.6800 
   4.8366    0.0015   -0.2826    1.5677  178.8342 -196.0123    8.9081   -7.1597    2.3079    0.1429   21.0389   -8.8737   -0.8454    0.5659    3.4240 
   4.8791    0.0011   -1.8365    3.3690  178.5966  158.1137   30.6366    0.4697    2.2455    1.9048    8.3439   -1.9069   -0.8454    0.5557    3.4240 
   4.9216    0.0011    4.3345    3.7582  179.0011   53.3164   -7.4493    1.7514    2.1618   -1.3679  -11.2542  -24.8230   -0.8454    0.5042    3.7600 
   4.9641    0.0011   -1.7151    1.7276  178.7979 -194.0591  -44.4977   -1.5445    1.1594   -0.7408   19.0429   -2.9461   -0.8454    0.5016    3.6560 
   5.0066    0.0015   -1.2293    1.2020  178.9921  184.9692   -6.9000    5.5966    2.3760    0.1572    7.4419   -3.2468   -1.1272    0.5016    3.4960 
   5.0491    0.0011    4.1905    3.2589  179.2499   -8.8174   48.7030    7.8549    2.6751   -1.4757    0.4732  -22.7665   -1.4090    0.4963    3.4880 
   5.0916    0.0011   -2.4249    2.8803  178.8107 -110.1968  -47.7325   -7.0377    3.3269   -1.1289   28.9819  -11.7543   -1.4090    0.4963    3.7120 
   5.1341    0.0011    1.7909   -0.2356  178.5282  222.3837  -45.4742   -9.3570    2.6475   -3.0062   -8.2312  -10.9435   -2.5362    0.4909    3.5120 
   5.1766    0.0015    4.4170   -0.6359  177.9465 -110.3189   10.0677  -11.1270    2.9331   -4.0944   -2.8163  -14.0977   -5.0724    0.4311    3.5600 
   5.2191    0.0011   -2.9399   -0.1578  177.6283 -105.7413   -1.9562  -14.0567    0.7013   -4.0943   21.9941  -13.9400   -2.8180    0.3483    3.8880 
   5.2616    0.0011    0.1101   -0.1997  177.1962  182.7719  -21.2433   -0.7510    2.8287   -3.6421    5.1117  -13.6084   -0.5636    0.1795    3.8880 
   5.3041    0.0009    0.0000    0.0000  176.9128  133.8217  -36.6241   -0.3238    2.2168   -3.9641    0.0000    0.0000    0.0000    0.0315    4.0880 
   5.3466    0.0014    0.0000    0.0000  176.7668   29.6347  -42.5446   -1.5445    2.2168   -3.9641    0.0000    0.0000    0.0000    0.0560    4.0880 
   5.3891    0.0011   -0.1240    0.0315  176.8312  -32.0108  -41.9342   -2.6431   -0.6154   -0.0262   -4.1506   -0.4871    0.2818    0.1030    4.0880 
   5.4316    0.0011   -2.1945   -1.4487  177.0468  -56.6690  -33.9386    3.2163   -0.0721   -0.5325   11.7055    6.7694    0.5636    0.1087    4.0400 
   5.4741    0.0011   -3.9141   -1.6080  177.5272  -29.8135   -8.4259    4.4980   -0.5510    0.2879   10.8126   10.4340    0.5636    0.1144    4.0480 
   5.5166    0.0015   -3.9979   -0.5078  177.7377   11.6293   21.6644    1.7514    0.8951    0.3309   24.4024    3.8323    0.8454    0.1144    4.0560 
   5.5591    0.0011   -2.5524    1.7524  177.7526   43.4897   40.3412    2.0566    0.6495    0.2493    6.6219   -3.8740    1.1272    0.1367    4.0400 
   5.6016    0.0011   -0.8543    3.7511  177.8366   44.8325   39.4257    4.7421   -0.3375   -0.2705   -4.5137  -18.8801    2.2544    0.1476    4.0320 
   5.6441    0.0011   -0.5314    5.1178  178.0264   14.6811   20.5048    3.7656    1.5621    0.2455    9.5205  -17.7921    1.9726    0.2394    3.9920 
   5.6866    0.0015   -1.7138    5.6429  178.1132  -20.2920   -6.4728    0.0424   -0.0613    0.8973    6.6674  -16.9954    2.8180    0.2582    3.9440 
   5.7291    0.0011   -3.7096    4.3838  178.1729  -50.5655  -36.9293    3.6435   -0.4028    1.2054   24.0591   -8.9281    2.8180    0.2628    3.9280 
   5.7716    0.0011   -6.1452    3.4261  178.4880  -13.2730  -21.3654    5.6577    1.5279    1.1356   38.7501   -7.5476    2.8180    0.2346    3.9760 
   5.8141    0.0011   -4.4524    4.2235  178.6299 -220.8536  212.3993    3.2773    1.8444    1.2674   22.0644  -14.3890    2.8180    0.2298    3.9360 
   5.8566 4294.9258  -40.2642   25.4122  170.2261 -1110.7462  450.0091  -69.7818    1.8444    1.2674   22.0644  -14.3890    2.8180    0.2298    4.0880 
   5.8991 4294.8833  -68.6358   92.9222  109.1224 -1084.1349  355.7709 -100.9708    1.8444    1.2674   22.0644  -14.3890    2.8180    0.2298    4.0960 
   5.9416 4294.8408  -57.7977  129.4100   68.1597 -354.7647  -86.7950  -58.7344    1.8444    1.2674   22.0644  -14.3890    2.8180    0.2298    4.0960 
   5.9841 4294.7983  -49.3410  135.4822   53.8725 -361.5396  -28.0182   73.9560    1.8444    1.2674   22.0644  -14.3890    2.8180    0.2298    4.0960 
   6.0266 4294.7559  -29.5126  168.1749   19.0968 -955.2286  477.6581  390.6674    1.8444    1.2674   22.0644  -14.3890    2.8180    0.2298    4.0960 
   6.0691 4294.7134   10.2972 -165.4912  359.2312 -1024.4425  566.5863  426.8002    1.8444    1.2674   22.0644  -14.3890    2.8180    0.2298    4.0960 
   6.1116 4294.6709   34.4399  169.8857  348.0078  438.8754 -267.6422   47.7109    1.8444    1.2674   22.0644  -14.3890    2.8180    0.2298    4.0960 
   6.1541 4294.6284   15.7899 -173.1207  358.9352  219.0268  412.6556 -255.5118    1.8444    1.2674   22.0644  -14.3890    2.8180    0.2298    4.0960 
   6.1966 4294.5859   26.1942 -166.5457   13.9696 -539.6402 -242.6178 -277.6065    1.8444    1.2674   22.0644  -14.3890    2.8180    0.2298    4.0960 
   6.2391 4294.5435   31.1640 -159.1555   28.7536  223.4824  211.6669 -217.3648    1.8444    1.2674   22.0644  -14.3890    2.8180    0.2298    4.0960 
   6.2816 4294.5010   26.6925 -156.0696   34.6936  -53.6783   33.8715 -124.7745    1.8444    1.2674   22.0644  -14.3890    2.8180    0.2298    4.0960 
   6.3241 4294.4585   24.3894 -156.7163   36.7654    2.6572   -0.9796  -17.1695    1.8444    1.2674   22.0644  -14.3890    2.8180    0.2298    4.0960 
   6.3666 4294.4160   22.2321 -158.1278   36.2351    0.8261   -0.0031   -1.6055    1.8444    1.2674   22.0644  -14.3890    2.8180    0.2298    4.0960 
   6.4091 4294.3735   20.1148 -159.5521   35.5778    0.8872    0.0580   -0.3848    1.8444    1.2674   22.0644  -14.3890    2.8180    0.2298    4.0960 
   6.4516 4294.3311   17.9954 -160.9351   34.9744    0.5820    0.2411   -0.3848    1.8444    1.2674   22.0644  -14.3890    2.8180    0.2298    4.0960 
   6.4941 4294.2886   15.8510 -162.2653   34.4375    1.0092    0.1801   -0.3848    1.8444    1.2674   22.0644  -14.3890    2.8180    0.2298    4.0960 
   6.5366 4294.2461   13.6808 -163.5552   33.9639    1.2534    0.1190   -0.3848    1.8444    1.2674   22.0644  -14.3890    2.8180    0.2298    4.0960 
   6.5791 4294.2036   11.5305 -164.8284   33.5409    0.8261    0.1190   -0.3238    1.8444    1.2674   22.0644  -14.3890    2.8180    0.2298    4.0960 
   6.6216 4294.1611    9.3800 -166.0669   33.1720    0.7651    0.3021   -0.2628    1.8444    1.2674   22.0644  -14.3890    2.8180    0.2298    4.0960 
   6.6641 4294.1182    7.1949 -167.2605   32.8601    1.1923    0.3021   -0.3848    1.8444    1.2674   22.0644  -14.3890    2.8180    0.2298    4.0960 
   6.7066 4294.0757    4.9971 -168.4330   32.6080    1.0703    0.3021   -0.6290    1.8444    1.2674   22.0644  -14.3890    2.8180    0.2298    4.0960 
   6.7491 4294.0332    2.8226 -169.6217   32.3943    0.9482    0.3021   -0.3848    1.8444    1.2674   22.0644  -14.3890    2.8180    0.2298    4.0960 
   6.7916 4293.9907    0.6447 -170.7743   32.2329    0.6430    0.1190   -0.5069    1.8444    1.2674   22.0644  -14.3890    2.8180    0.2298    4.0960 
   6.8341 4293.9482   -1.5277 -171.9355   32.1182    0.7040    0.1801   -0.6290    1.8444    1.2674   22.0644  -14.3890    2.8180    0.2298    4.0960 
   6.8766 4293.9058   -3.7145 -173.0981   32.0456    1.2534    0.1190   -0.3848    1.8444    1.2674   22.0644  -14.3890    2.8180    0.2298    4.0960 
   6.9191 4293.8633   -5.9766 -174.0542   32.0261    0.8261    0.3632   -0.5679    1.8444    1.2674   22.0644  -14.3890    2.8180    0.2298    4.0960 
   6.9616 4293.8208   -6.6953  185.1807   32.0423    1.1313    0.2411   -0.4459    1.8444    1.2674   22.0644  -14.3890    2.8180    0.2298    4.0960 
   7.0041 4293.7783   -6.0682 -174.5175   32.0615    1.0092    0.1801   -0.4459    1.8444    1.2674   22.0644  -14.3890    2.8180    0.2298    4.0960 
   7.0466 4293.7358   -6.3171 -174.5988   32.0737    0.8872    0.2411   -0.3238    1.8444    1.2674   22.0644  -14.3890    2.8180    0.2298    4.0960 
   7.0891 4293.6934   -5.9905 -174.5264   32.0897    1.6806    0.4242   -0.4459    1.8444    1.2674   22.0644  -14.3890    2.8180    0.2298    4.1040 
   7.1316 4293.6509   -6.5183 -174.4412   32.1017    0.6430    0.2411   -0.5069    1.8444    1.2674   22.0644  -14.3890    2.8180    0.2298    4.0960 
   7.1741 4293.6084   -6.2923 -174.6330   32.1212    1.1313    0.3021   -0.2017    1.8444    1.2674   22.0644  -14.3890    2.8180    0.2298    4.1040 
   7.2166 4293.5659   -6.7410 -174.6484   32.1359    1.0092    0.2411   -0.4459    1.8444    1.2674   22.0644  -14.3890    2.8180    0.2298    4.0960 
   7.2591 4293.5234   -6.2913  185.2132   32.1544    0.7040    0.0580   -0.3848    1.8444    1.2674   22.0644  -14.3890    2.8180    0.2298    4.1040 
   7.3016 4293.4810   -6.3455 -174.4350   32.1719    1.0703    0.1801   -0.4459    1.8444    1.2674   22.0644  -14.3890    2.8180    0.2298    4.1040 
   7.3441 4293.4385   -6.9158 -174.4402   32.1922    1.4975    0.3021   -0.6290    1.8444    1.2674   22.0644  -14.3890    2.8180    0.2298    4.1040 
   7.3866 4293.3960   -6.8603  185.1401   28.8926    1.3754    0.2411   -0.5069    1.8444    1.2674   22.0644  -14.3890    2.8180    0.2298    4.1040 
   7.4291 4293.3535   -6.4125 -174.6855   28.9103    1.3754    0.1801   -0.4459    1.8444    1.2674   22.0644  -14.3890    2.8180    0.2298    4.1040 
   7.4716 4293.3110   -6.4491  185.0707   28.9300    1.1313    0.0580   -0.5069    1.8444    1.2674   22.0644  -14.3890    2.8180    0.2298    4.1040 
   7.5141 4293.2686   -6.3699 -174.5273   28.9575    1.4365    0.2411   -0.6290    1.8444    1.2674   22.0644  -14.3890    2.8180    0.2298    4.1040 
   7.5566 4293.2261   -6.3880 -174.5247   28.9801    1.1923    0.1190   -0.3848    1.8444    1.2674   22.0644  -14.3890    2.8180    0.2298    4.1040 
   7.5991 4293.1836   -6.8079  185.0325   28.9895    0.7651   -0.1251   -0.3238    1.8444    1.2674   22.0644  -14.3890    2.8180    0.2298    4.0960 
   7.6416 4293.1411   -6.5579  185.1940   29.0125    1.0703    0.2411   -0.5069    1.8444    1.2674   22.0644  -14.3890    2.8180    0.2298    4.1040 
   7.6841 4293.0986   -6.5019 -174.2022   29.0325    0.9482    0.0580   -0.3848    1.8444    1.2674   22.0644  -14.3890    2.8180    0.2298    4.0960 
   7.7266 4293.0557   -6.0024 -174.3503   29.0479    0.6430    0.0580   -0.3238    1.8444    1.2674   22.0644  -14.3890    2.8180    0.2298    4.1040 
   7.7691 4293.0132   -6.3463 -174.7026   29.0552    1.3754    0.1190   -0.3848    1.8444    1.2674   22.0644  -14.3890    2.8180    0.2298    4.1040 
   7.8116 4292.9707   -6.6992  185.0638   29.0698    0.5820    0.2411   -0.2628    1.8444    1.2674   22.0644  -14.3890    2.8180    0.2298    4.1040 
   7.8541 4292.9282   -6.5768 -174.6417   29.0890    1.1313    0.0580   -0.4459    1.8444    1.2674   22.0644  -14.3890    2.8180    0.2298    4.1040 
   7.8966 4292.8857   -6.4419 -174.6620   26.5418    1.0092    0.0580   -0.3238    1.8444    1.2674   22.0644  -14.3890    2.8180    0.2298    4.1040 
   7.9391 4292.8433   -6.4626 -174.6676   26.5551    0.3378   -0.0641   -0.3848    1.8444    1.2674   22.0644  -14.3890    2.8180    0.2298    4.1040 
   7.9816 4292.8008   -6.2729  185.1268   26.5650    1.1313    0.3021   -0.3238    1.8444    1.2674   22.0644  -14.3890    2.8180    0.2298    4.1040 
   8.0241 4292.7583   -6.7937 -174.6623   26.5786    0.8261    0.1190   -0.3238    1.8444    1.2674   22.0644  -14.3890    2.8180    0.2298    4.1040 
   8.0666 4292.7158   -6.4749 -174.5846   26.5987    1.5585    0.2411   -0.4459    1.8444    1.2674   22.0644  -14.3890    2.8180    0.2298    4.1040 
   8.1091 4292.6733   -6.3639 -174.6949   26.6158    1.1313    0.1801   -0.4459    1.8444    1.2674   22.0644  -14.3890    2.8180    0.2298    4.1040 
   8.1516 4292.6309   -6.4773  185.2008   26.6350    0.8872    0.1801   -0.4459    1.8444    1.2674   22.0644  -14.3890    2.8180    0.2298    4.1040 
   8.1941 4292.5884   -6.3074  185.2559   26.6518    1.1313    0.2411   -0.3848    1.8444    1.2674   22.0644  -14.3890    2.8180    0.2298    4.1040 
   8.2366 4292.5459   -6.5662 -174.6942   26.6663    0.4599    0.2411   -0.3848    1.8444    1.2674   22.0644  -14.3890    2.8180    0.2298    4.0960 
   8.2791 4292.5034   -6.4309 -174.6431   26.6785    1.0092    0.1190   -0.3238    1.8444    1.2674   22.0644  -14.3890    2.8180    0.2298    4.1040 
   8.3216 4292.4609   -6.9222  185.2813   26.6972    0.8872    0.1190   -0.4459    1.8444    1.2674   22.0644  -14.3890    2.8180    0.2298    4.1040 
   8.3641 4292.4185   -6.6545  185.2123   26.7112    0.7040    0.3021   -0.3238    1.8444    1.2674   22.0644  -14.3890    2.8180    0.2298    4.1040 
   8.4066 4292.3760   -5.9972 -174.6469   26.7272    0.7651    0.1190   -0.2017    1.8444    1.2674   22.0644  -14.3890    2.8180    0.2298    4.1040 
   8.4491 4292.3335   -6.6370  185.2793   26.7470    1.3144   -0.0641   -0.5069    1.8444    1.2674   22.0644  -14.3890    2.8180    0.2298    4.1040 
   8.4916 4292.2910   -6.1439  185.2448   26.7646    0.9482    0.1801   -0.3848    1.8444    1.2674   22.0644  -14.3890    2.8180    0.2298    4.1040 
   8.5341 4292.2485   -6.6089  185.1713   26.7876    0.9482    0.1190   -0.5679    1.8444    1.2674   22.0644  -14.3890    2.8180    0.2298    4.1040 
   8.5766 4292.2061   -6.3130  185.2573   26.8062    0.8261   -0.0031   -0.3238    1.8444    1.2674   22.0644  -14.3890    2.8180    0.2298    4.1040 
   8.6191 4292.1636   -6.7004  185.1578   26.8249    1.1313    0.3021   -0.3848    1.8444    1.2674   22.0644  -14.3890    2.8180    0.2298    4.1040 
   8.6616 4292.1211   -6.1105 -174.3316   26.8550    1.3144    0.3632   -0.5679    1.8444    1.2674   22.0644  -14.3890    2.8180    0.2298    4.1040 
   8.7041 4292.0786   -6.5149  185.2309   26.8691    0.8872    0.0580   -0.3848    1.8444    1.2674   22.0644  -14.3890    2.8180    0.2298    4.1040 
   8.7466 4292.0361   -6.4785 -174.3541   26.8923    1.1923    0.3021   -0.3848    1.8444    1.2674   22.0644  -14.3890    2.8180    0.2298    4.1040 
   8.7891 4291.9932   -6.3007 -174.4065   26.9089    1.1313    0.3021   -0.3238    1.8444    1.2674   22.0644  -14.3890    2.8180    0.2298    4.1040 
   8.8316 4291.9507   -5.1316 -174.0706   26.8966    3.7558    0.0580    4.8642    1.8444    1.2674   22.0644  -14.3890    2.8180    0.2298    4.1040 
   8.8741 4291.9082   -5.0099  185.1432   26.9903    2.0468    2.3773  -13.5074    1.8444    1.2674   22.0644  -14.3890    2.8180    0.2298    4.1040 
   8.9166 4291.8657   -6.6300  185.1674   27.1925    0.5209    1.8280   -0.5069    1.8444    1.2674   22.0644  -14.3890    2.8180    0.2298    4.1040 
   8.9591 4291.8232   -6.5803 -174.3220   27.2059   -0.2725   -0.5524   -0.0796    1.8444    1.2674   22.0644  -14.3890    2.8180    0.2298    4.1040 
   9.0016 4291.7808   -8.3388  184.8331   27.2637   -5.0333    0.6683   -1.1783    1.8444    1.2674   22.0644  -14.3890    2.8180    0.2298    4.1040 
   9.0441 4291.7383   -7.3344 -173.7350   26.9571  -14.3716   -0.3082    9.3808    1.8444    1.2674   22.0644  -14.3890    2.8180    0.2298    4.1040 
   9.0866 4291.6958   -3.4936  185.2590   26.5932 -153.0435    8.3588   11.7612    1.8444    1.2674   22.0644  -14.3890    2.8180    0.2298    4.0960 
   9.1291 4291.6533    7.0193  185.2705   24.3477 -229.7647   17.0258   81.7075    1.8444    1.2674   22.0644  -14.3890    2.8180    0.2298    4.1040 
   9.1716 4291.6108   21.0162  184.9522   18.8417 -325.9561   21.2982  173.7485    1.8444    1.2674   22.0644  -14.3890    2.8180    0.2298    4.1040 
   9.2141 4291.5684   35.2425  179.5432    5.4295 -273.4659   36.1298  290.1425    1.8444    1.2674   22.0644  -14.3890    2.8180    0.2298    4.1040 
   9.2566 4291.5259   47.6934  166.8640  349.5539 -342.7408  -69.2169   71.0263    1.8444    1.2674   22.0644  -14.3890    2.8180    0.2298    4.1040 
   9.2991 4291.4834   61.1675  159.0289  341.4410 -361.2344   20.5658  -39.6304    1.8444    1.2674   22.0644  -14.3890    2.8180    0.2298    4.1040 
   9.3416 4291.4409   72.2531  138.9796  317.3999 -344.6939   71.5302   60.2841    1.8444    1.2674   22.0644  -14.3890    2.8180    0.2298    4.1040 
   9.3841 4291.3984   70.8517   59.5023  234.0316 -409.1470   43.5150    8.3432    1.8444    1.2674   22.0644  -14.3890    2.8180    0.2298    4.1040 
   9.4266 4291.3560   59.9029   20.7310  192.6873 -375.0894   -1.7120 -147.2354    1.8444    1.2674   22.0644  -14.3890    2.8180    0.2298    4.1040 
   9.4691 4291.3135   49.7978   13.9428  183.0914 -287.1988   34.2377  -12.4088    1.8444    1.2674   22.0644  -14.3890    2.8180    0.2298    4.1040 
   9.5116 4291.2710   41.0386   11.4010  179.4928 -195.8902   15.0116  -12.7750    1.8444    1.2674   22.0644  -14.3890    2.8180    0.2298    4.1040 
   9.5541 4291.2285   35.3923    9.4618  176.5757 -177.0914  -35.4034  -66.1197    1.8444    1.2674   22.0644  -14.3890    2.8180    0.2298    4.1040 
   9.5966 4291.1860   29.2976    2.4944  171.0860 -175.8096  -40.5304  -71.8570    1.8444    1.2674   22.0644  -14.3890    2.8180    0.2298    4.1040 
   9.6391 4291.1436   24.9418    1.1829  168.2642 -138.7002   74.7040  -45.3677    1.8444    1.2674   22.0644  -14.3890    2.8180    0.2298    4.1040 
   9.6816 4291.1011   21.7973    3.8812  166.4749  -83.8907   45.1019  -57.1475    1.8444    1.2674   22.0644  -14.3890    2.8180    0.2298    4.1040 
   9.7241 4291.0586   23.2044    1.6361  163.3674   43.7338  -43.1549  -51.1050    1.8444    1.2674   22.0644  -14.3890    2.8180    0.2298    4.1040 
   9.7666 4291.0161   26.7954    2.9800  164.4640  -25.1138   73.1781   91.2900    1.8444    1.2674   22.0644  -14.3890    2.8180    0.2298    4.1040 
   9.8091 4290.9736   25.5142   11.5023  171.1946  -77.2378  126.5839  144.0854    1.8444    1.2674   22.0644  -14.3890    2.8180    0.2298    4.1040 
   9.8516 4290.9307   26.6228   14.1899  173.8176    1.6196 -143.7408  -49.8843    1.8444    1.2674   22.0644  -14.3890    2.8180    0.2298    4.1040 
   9.8941 4290.8882   25.0949    8.4733  170.9293 -121.6714  -17.1539  -17.1695    1.8444    1.2674   22.0644  -14.3890    2.8180    0.2298    4.1040 
   9.9366 4290.8457   19.2837    7.3834  169.7511 -247.8921    1.3397  -10.6387    1.8444    1.2674   22.0644  -14.3890    2.8180    0.2298    4.1040 
   9.9791 4290.8032    6.9728    6.7973  169.0013 -470.6705   -2.5055    7.0004    1.8444    1.2674   22.0644  -14.3890    2.8180    0.2298    4.1040 
  10.0216 4290.7607   -9.1585    4.7222  166.1205 -323.2095 -150.9430 -142.8409    1.8444    1.2674   22.0644  -14.3890    2.8180    0.2298    4.1040 
  10.0641 4290.7183  -15.6051   -0.9403  160.4036  -42.7530  -47.4274 -119.4034    1.8444    1.2674   22.0644  -14.3890    2.8180    0.2298    4.1120 
  10.1066 4290.6758  -12.8204   -0.5502  155.6043   61.0068   46.2616 -110.5533    1.8444    1.2674   22.0644  -14.3890    2.8180    0.2298    4.1040 
  10.1491 4290.6333  -11.3388   -0.5789  151.6497  -35.2457    7.7484  -74.3594    1.8444    1.2674   22.0644  -14.3890    2.8180    0.2298    4.1040 
  10.1916 4290.5908   -9.3706    0.2608  148.5440   56.1850   45.5292  -91.3882    1.8444    1.2674   22.0644  -14.3890    2.8180    0.2298    4.1040 
  10.2341 4290.5483   -2.2796    3.8068  144.1877  176.4243  142.6971 -109.3936    1.8444    1.2674   22.0644  -14.3890    2.8180    0.2298    4.1040 
  10.2766 4290.5059    4.7197    8.3732  139.4315   33.9072   20.0775  -86.9327    1.8444    1.2674   22.0644  -14.3890    2.8180    0.2298    4.1040 
  10.3191 4290.4634    6.2044    8.0343  135.3169   56.3071   32.2235  -81.9888    1.8444    1.2674   22.0644  -14.3890    2.8180    0.2298    4.1120 
  10.3616 4290.4209    4.8647    9.0356  133.8407 -184.9039    0.5463   -0.2628    1.8444    1.2674   22.0644  -14.3890    2.8180    0.2298    4.1040 
  10.4041 4290.3784   -9.2175    6.6232  133.7168 -260.5264 -143.4357   55.6455    1.8444    1.2674   22.0644  -14.3890    2.8180    0.2298    4.1120 
  10.4466 4290.3359  -12.6711    3.7443  134.2548  -15.0430   88.1317  -12.4698    1.8444    1.2674   22.0644  -14.3890    2.8180    0.2298    4.1040 
  10.4891 4290.2935  -11.7712    8.0167  133.8274  -26.7618    0.2411   -1.3004    1.8444    1.2674   22.0644  -14.3890    2.8180    0.2298    4.1040 
  10.5316 4290.2510   -9.8298    4.3605  134.0065   14.9252  -17.2760    1.2021    1.8444    1.2674   22.0644  -14.3890    2.8180    0.2298    4.1120 
  10.5741 4290.2085   -8.1521    4.9768  133.9774    0.9482   -0.0641   -0.7510    1.8444    1.2674   22.0644  -14.3890    2.8180    0.2298    4.1040 
  10.6166 4290.1660   -6.4382    2.8145  133.9685    2.0468   -1.5289   -0.4459    1.8444    1.2674   22.0644  -14.3890    2.8180    0.2298    4.1040 
  10.6591 4290.1235   -6.8697    3.1238  133.9536    3.0844   -1.2848   -0.2628    1.8444    1.2674   22.0644  -14.3890    2.8180    0.2298    4.1040 
  10.7016 4290.0811   -6.7093    3.0919  133.9406    1.2534    0.4242   -0.4459    1.8444    1.2674   22.0644  -14.3890    2.8180    0.2298    4.1120 
  10.7441 4290.0386   -6.2165    2.9248  133.9178    0.8261    0.2411   -0.6900    1.8444    1.2674   22.0644  -14.3890    2.8180    0.2298    4.1040 
  10.7866 4289.9961   -6.7515    3.2206  133.8937    0.7651    0.1190   -0.5069    1.8444    1.2674   22.0644  -14.3890    2.8180    0.2298    4.1040 
  10.8291 4289.9536   -6.4801    3.0308  133.8807    0.5209    0.1190   -0.2628    1.8444    1.2674   22.0644  -14.3890    2.8180    0.2298    4.1120 
  10.8716 4289.9111   -6.4001    3.0731  133.8638    0.6430    0.1801   -0.3238    1.8444    1.2674   22.0644  -14.3890    2.8180    0.2298    4.1120 
  10.9141 4289.8682   -6.5934    2.9493  133.8539    0.8261    0.1801   -0.2017    1.8444    1.2674   22.0644  -14.3890    2.8180    0.2298    4.1120 
  10.9566 4289.8257   -6.8021    3.0995  133.8417    1.0703    0.3021   -0.2017    1.8444    1.2674   22.0644  -14.3890    2.8180    0.2298    4.1040 
  10.9991 4289.7832   -6.6066    3.0825  133.8288    0.7651    0.3021   -0.3238    1.8444    1.2674   22.0644  -14.3890    2.8180    0.2298    4.1040 
  11.0416 4289.7407   -6.4064    2.8087  133.8064    0.8872    0.3021   -0.3848    1.8444    1.2674   22.0644  -14.3890    2.8180    0.2298    4.1120 
  11.0841 4289.6982   -6.4036    3.1034  133.7920    0.8872    0.3021   -0.3848    1.8444    1.2674   22.0644  -14.3890    2.8180    0.2298    4.1120 
  11.1266 4289.6558   -6.5434    3.0848  133.7679    1.1313    0.2411   -0.5679    1.8444    1.2674   22.0644  -14.3890    2.8180    0.2298    4.1040 
  11.1691 4289.6133   -6.4709    2.7114  133.7458    1.0092    0.3632   -0.5069    1.8444    1.2674   22.0644  -14.3890    2.8180    0.2298    4.1120 
  11.2116 4289.5708   -6.7240    2.7145  133.7295    0.7651    0.2411   -0.3848    1.8444    1.2674   22.0644  -14.3890    2.8180    0.2298    4.1040 
  11.2541 4289.5283   -6.7371    2.9101  133.7091    1.8027    0.3632   -0.5679    1.8444    1.2674   22.0644  -14.3890    2.8180    0.2298    4.1120 
  11.2966 4289.4858   -6.4463    3.0179  133.6865    0.7651    0.3021   -0.5069    1.8444    1.2674   22.0644  -14.3890    2.8180    0.2298    4.1040 
  11.3391 4289.4434   -6.5455    3.0769  133.6665    0.9482    0.3021   -0.3848    1.8444    1.2674   22.0644  -14.3890    2.8180    0.2298    4.1040 
  11.3816 4289.4009   -6.7035    3.1046  133.6448    0.6430    0.1801   -0.4459    1.8444    1.2674   22.0644  -14.3890    2.8180    0.2298    4.1120 
  11.4241 4289.3584   -6.6926    3.0285  133.6294    1.3144    0.3632   -0.3238    1.8444    1.2674   22.0644  -14.3890    2.8180    0.2298    4.1120 
  11.4666 4289.3159   -6.7869    2.8144  133.6125    1.0092    0.2411   -0.3848    1.8444    1.2674   22.0644  -14.3890    2.8180    0.2298    4.1120 
  11.5091 4289.2734   -6.7210    2.9172  133.5993    0.7651    0.2411   -0.3848    1.8444    1.2674   22.0644  -14.3890    2.8180    0.2298    4.1120 
  11.5516 4289.2310   -6.8296    3.1343  133.5861    0.5820    0.2411   -0.3238    1.8444    1.2674   22.0644  -14.3890    2.8180    0.2298    4.1120 
  11.5941 4289.1885   -6.6462    2.9616  133.5681    1.1313    0.3021   -0.5679    1.8444    1.2674   22.0644  -14.3890    2.8180    0.2298    4.1040 
  11.6366 4289.1460   -6.3501    3.1284  133.5477    0.6430    0.0580   -0.2628    1.8444    1.2674   22.0644  -14.3890    2.8180    0.2298    4.1120 
  11.6791 4289.1035   -6.8992    3.1681  133.5345    0.6430    0.1801   -0.3238    1.8444    1.2674   22.0644  -14.3890    2.8180    0.2298    4.1040 
  11.7216 4289.0610   -6.6077    3.2673  133.5151    0.6430    0.1801   -0.3848    1.8444    1.2674   22.0644  -14.3890    2.8180    0.2298    4.1120 
  11.7641 4289.0186   -6.5420    2.8651  133.4997    1.0703    0.3632   -0.1407    1.8444    1.2674   22.0644  -14.3890    2.8180    0.2298    4.1120 
  11.8066 4288.9761   -6.8112    3.1654  133.4827    0.8872    0.1801   -0.4459    1.8444    1.2674   22.0644  -14.3890    2.8180    0.2298    4.1120 
  11.8491 4288.9336   -6.7116    3.2329  133.4712    1.1923    0.2411   -0.3238    1.8444    1.2674   22.0644  -14.3890    2.8180    0.2298    4.1120 
  11.8916 4288.8911   -6.3909    2.7250  133.4534    0.8261    0.3021   -0.2017    1.8444    1.2674   22.0644  -14.3890    2.8180    0.2298    4.1040 
  11.9341 4288.8486   -6.3998    3.0686  133.4459    1.3144   -0.3082   -0.2017    1.8444    1.2674   22.0644  -14.3890    2.8180    0.2298    4.1120 
  11.9766 4288.8057   -6.5719    3.1448  133.4330    0.8872    1.0345   -0.4459    1.8444    1.2674   22.0644  -14.3890    2.8180    0.2298    4.1040 
  12.0191 4288.7632   -6.7952    3.4962  133.4147    3.2675   -0.1251   -0.4459    1.8444    1.2674   22.0644  -14.3890    2.8180    0.2298    4.1120 
  12.0616 4288.7207   -8.2048    2.6108  133.4354   26.7661   11.8988    3.8876    1.8444    1.2674   22.0644  -14.3890    2.8180    0.2298    4.1120 
  12.1041 4288.6782   -3.4684    2.9084  133.8797  122.1030   39.1205   29.7055    1.8444    1.2674   22.0644  -14.3890    2.8180    0.2298    4.1120 
  12.1466 4288.6357    3.9846    3.3951  135.5861  137.3007   -3.0548   35.0766    1.8444    1.2674   22.0644  -14.3890    2.8180    0.2298    4.1120 
  12.1891 4288.5933   10.0819    2.2263  139.0351   77.8525   -5.8624  139.1416    1.8444    1.2674   22.0644  -14.3890    2.8180    0.2298    4.1120 
  12.2316 4288.5508   18.6046    1.2952  141.7754  236.5439  -34.4879    7.7329    1.8444    1.2674   22.0644  -14.3890    2.8180    0.2298    4.1120 
  12.2741 4288.5083   29.7271   -3.9807  139.8728  265.1084  -80.8136   71.0873    1.8444    1.2674   22.0644  -14.3890    2.8180    0.2298    4.1040 
  12.3166 4288.4658   39.8953   -9.1332  142.0572  226.4731 -154.6051  152.8134    1.8444    1.2674   22.0644  -14.3890    2.8180    0.2298    4.1120 
  12.3591 4288.4233   48.9257  -14.4420  144.4891  242.2812 -167.0563   63.9462    1.8444    1.2674   22.0644  -14.3890    2.8180    0.2298    4.1040 
  12.4016 4288.3809   56.7233  -24.1253  141.8848  191.6830 -178.1037  112.0419    1.8444    1.2674   22.0644  -14.3890    2.8180    0.2298    4.1120 
  12.4441 4288.3384   64.5388  -31.2378  142.7713  193.1479 -200.3815   91.9003    1.8444    1.2674   22.0644  -14.3890    2.8180    0.2298    4.1120 
  12.4866 4288.2959   71.9067  -50.2996  130.8695  199.0683 -159.7321   68.8901    1.8444    1.2674   22.0644  -14.3890    2.8180    0.2298    4.1120 
  12.5291 4288.2534   77.9765  -84.4275  102.2869  136.4462 -134.0973  122.9672    1.8444    1.2674   22.0644  -14.3890    2.8180    0.2298    4.1120 
  12.5716 4288.2109   79.0003  167.2821  358.2429   90.3037  -71.5973  128.2163    1.8444    1.2674   22.0644  -14.3890    2.8180    0.2298    4.1120 
  12.6141 4288.1685   75.9305  134.0461  327.5503    5.4648  -61.0382   71.0873    1.8444    1.2674   22.0644  -14.3890    2.8180    0.2298    4.1120 
  12.6566 4288.1260   75.2613  114.9399  312.0486  -35.2457 -144.3512  106.1826    1.8444    1.2674   22.0644  -14.3890    2.8180    0.2298    4.1040 
  12.6991 4288.0835   69.1144   87.4643  291.6296  -24.8086 -183.0475  192.6694    1.8444    1.2674   22.0644  -14.3890    2.8180    0.2298    4.1120 
  12.7416 4288.0410   62.5426   76.1347  286.3750  -45.9268  -86.5509   83.9047    1.8444    1.2674   22.0644  -14.3890    2.8180    0.2298    4.1120 
  12.7841 4287.9985   62.6666   70.3443  283.7493   44.4052  -58.1696  -28.5831    1.8444    1.2674   22.0644  -14.3890    2.8180    0.2298    4.1120 
  12.8266 4287.9561   65.5387   70.5407  286.6763   38.5458  -59.0240   71.3925    1.8444    1.2674   22.0644  -14.3890    2.8180    0.2298    4.1120 
  12.8691 4287.9136   62.7094   65.4228  286.3112    8.2114 -142.7032   47.7719    1.8444    1.2674   22.0644  -14.3890    2.8180    0.2298    4.1120 
  12.9116 4287.8711   64.6852   52.6159  283.9041   -6.1319 -302.4323   -6.7325    1.8444    1.2674   22.0644  -14.3890    2.8180    0.2298    4.1040 
  12.9541 4287.8286   61.8389   32.9868  276.1493 -127.5918 -177.1271   38.2504    1.8444    1.2674   22.0644  -14.3890    2.8180    0.2298    4.1120 
  12.9966 4287.7861   56.2850   33.0936  281.0346   -2.2867  -54.9347   95.1352    1.8444    1.2674   22.0644  -14.3890    2.8180    0.2298    4.1040 
  13.0391 4287.7432   57.6771   34.1779  284.2896  -37.7481  -49.1974   30.0717    1.8444    1.2674   22.0644  -14.3890    2.8180    0.2298    4.1120 
  13.0816 4287.7007   53.6346   35.9258  288.2638  -64.0543  -43.9484   75.4208    1.8444    1.2674   22.0644  -14.3890    2.8180    0.2298    4.1120 
  13.1241 4287.6582   49.4510   38.9896  293.6234  -86.8814  -92.7765   67.2421    1.8444    1.2674   22.0644  -14.3890    2.8180    0.2298    4.1120 
  13.1666 4287.6157   46.2221   33.7351  293.7037  -98.2339 -173.0377    9.7470    1.8444    1.2674   22.0644  -14.3890    2.8180    0.2298    4.1120 
  13.2091 4287.5732   43.6320   25.5309  292.1806 -145.6582 -157.6569   52.2885    1.8444    1.2674   22.0644  -14.3890    2.8180    0.2298    4.1120 
  13.2516 4287.5308   35.1303   16.7417  291.5919 -231.6568 -178.0426   84.1489    1.8444    1.2674   22.0644  -14.3890    2.8180    0.2298    4.1120 
  13.2941 4287.4883   27.8661   10.3262  293.9317 -182.5235 -138.1256  101.6660    1.8444    1.2674   22.0644  -14.3890    2.8180    0.2298    4.1120 
  13.3366 4287.4458   23.1330    5.4239  296.5974 -130.2774 -101.0162   51.9833    1.8444    1.2674   22.0644  -14.3890    2.8180    0.2298    4.1120 
  13.3791 4287.4033   20.5712    2.8215  299.5477 -100.0650  -65.3107   85.4916    1.8444    1.2674   22.0644  -14.3890    2.8180    0.2298    4.1120 
  13.4216 4287.3608   19.1460   -0.0552  302.5656  -65.7632  -70.8038   45.3305    1.8444    1.2674   22.0644  -14.3890    2.8180    0.2298    4.1120 
  13.4641 4287.3184   17.7205   -3.5792  303.8266  -65.7022  -47.1832   42.7060    1.8444    1.2674   22.0644  -14.3890    2.8180    0.2298    4.1120 
  13.5066 4287.2759   15.9737   -7.8719  305.0042  -26.1514  -61.0992   36.7245    1.8444    1.2674   22.0644  -14.3890    2.8180    0.2298    4.1120 
  13.5491 4287.2334   15.7727   -8.5374  307.6364  -41.2881   37.7167   97.6987    1.8444    1.2674   22.0644  -14.3890    2.8180    0.2298    4.1120 
  13.5916 4287.1909   15.8796   -1.3933  315.6157  -24.2593   15.0726  149.2734    1.8444    1.2674   22.0644  -14.3890    2.8180    0.2298    4.1120 
  13.6341 4287.1484   17.6525   -0.4156  321.5007   15.6577    2.8656  154.7665    1.8444    1.2674   22.0644  -14.3890    2.8180    0.2298    4.1120 
  13.6766 4287.1060   18.3880    3.7547  329.5663  -23.4659   -6.0455  161.4194    1.8444    1.2674   22.0644  -14.3890    2.8180    0.2298    4.1040 
  13.7191 4287.0635   16.4269    5.0536  335.8194   17.6718  -64.7614  102.0322    1.8444    1.2674   22.0644  -14.3890    2.8180    0.2298    4.1120 
  13.7616 4287.0210   15.0702    6.2753  339.8624   -4.4229  -37.2345   32.6352    1.8444    1.2674   22.0644  -14.3890    2.8180    0.2298    4.1040 
  13.8041 4286.9785   14.0524    4.2305  340.9506   10.2255  -61.7706   46.5512    1.8444    1.2674   22.0644  -14.3890    2.8180    0.2298    4.1120 
  13.8466 4286.9360   13.5246    3.9855  344.0230   -2.2256  -51.5167   53.6923    1.8444    1.2674   22.0644  -14.3890    2.8180    0.2298    4.1120 
  13.8891 4286.8936   16.1073    2.5840  345.6746   37.0810  -59.3292   22.0761    1.8444    1.2674   22.0644  -14.3890    2.8180    0.2298    4.1120 
  13.9316 4286.8511   18.6946   -2.7695  345.5435   27.7426  -78.3112   24.5786    1.8444    1.2674   22.0644  -14.3890    2.8180    0.2298    4.1120 
  13.9741 4286.8086   19.2630   -4.6062  346.8738    5.5258  -50.4791   39.4101    1.8444    1.2674   22.0644  -14.3890    2.8180    0.2298    4.1120 
  14.0166 4286.7661   20.8088   -7.3988  347.7589   15.2914  -50.4791   21.3437    1.8444    1.2674   22.0644  -14.3890    2.8180    0.2298    4.1120 
  14.0591 4286.7236   20.8238   -9.1951  348.5894    7.0517  -25.6378   45.7578    1.8444    1.2674   22.0644  -14.3890    2.8180    0.2298    4.1120 
  14.1016 4286.6807   22.5107   -5.7937  353.0747   -3.7515   -6.4728   88.4824    1.8444    1.2674   22.0644  -14.3890    2.8180    0.2298    4.1120 
  14.1441 4286.6382   24.6181   -2.2873  358.5954   -1.3101  -35.3424   93.3041    1.8444    1.2674   22.0644  -14.3890    2.8180    0.2298    4.1120 
  14.1866 4286.5957   26.4668   -4.2301    1.6728   -4.6670  -72.8790   61.0776    1.8444    1.2674   22.0644  -14.3890    2.8180    0.2298    4.1120 
  14.2291 4286.5532   25.5583   -8.3552    2.6444  -12.3575  -53.1647   46.3681    1.8444    1.2674   22.0644  -14.3890    2.8180    0.2298    4.1120 
  14.2716 4286.5107   24.0664   -7.9543    6.0360  -29.6304  -17.2150   76.3364    1.8444    1.2674   22.0644  -14.3890    2.8180    0.2298    4.1120 
  14.3141 4286.4683   23.6039   -3.8094   11.3044  -10.5875  -17.9474   69.8056    1.8444    1.2674   22.0644  -14.3890    2.8180    0.2298    4.1120 
  14.3566 4286.4258   22.6896   -1.8395   15.5200    9.9814  -49.0753   68.2797    1.8444    1.2674   22.0644  -14.3890    2.8180    0.2298    4.1120 
  14.3991 4286.3833   21.6720   -4.1860   17.6912    3.2065  -40.8966   53.6923    1.8444    1.2674   22.0644  -14.3890    2.8180    0.2298    4.1120 
  14.4416 4286.3408   20.1121   -3.7565   19.8346   -1.7374  -31.9855   20.9164    1.8444    1.2674   22.0644  -14.3890    2.8180    0.2298    4.1120 
  14.4841 4286.2983   17.9474   -3.7917   21.2896  -17.3013  -34.2438   21.3437    1.8444    1.2674   22.0644  -14.3890    2.8180    0.2298    4.1120 
  14.5266 4286.2559   15.0567   -4.1227   22.4386  -13.7002  -11.0504   18.7192    1.8444    1.2674   22.0644  -14.3890    2.8180    0.2298    4.1040 
  14.5691 4286.2134   13.2818   -2.4718   23.6859  -16.9961   10.4340   12.0053    1.8444    1.2674   22.0644  -14.3890    2.8180    0.2298    4.1120 
  14.6116 4286.1709   12.4624   -1.7009   23.5742  -16.9351   19.4672  -18.3902    1.8444    1.2674   22.0644  -14.3890    2.8180    0.2298    4.1120 
  14.6541 4286.1284   14.7639   -3.0676   22.2847   42.8793  -15.0787   -6.0611    1.8444    1.2674   22.0644  -14.3890    2.8180    0.2298    4.1120 
  14.6966 4286.0859   17.5871   -5.8663   21.3526    7.3569  -12.3932   -5.7559    1.8444    1.2674   22.0644  -14.3890    2.8180    0.2298    4.1120 
  14.7391 4286.0435   17.7255   -8.5761   19.0293  -16.9961   27.5848  -51.4102    1.8444    1.2674   22.0644  -14.3890    2.8180    0.2298    4.1120 
  14.7816 4286.0010   16.5579   -7.3248   16.6047   -3.2632   66.1591  -57.2696    1.8444    1.2674   22.0644  -14.3890    2.8180    0.2298    4.1040 
  14.8241 4285.9585   17.8454   -3.1286   15.9634   15.8408   52.4261    3.8266    1.8444    1.2674   22.0644  -14.3890    2.8180    0.2298    4.1120 
  14.8666 4285.9160   19.3578   -3.3759   16.6386  -10.9537    7.4432   31.9028    1.8444    1.2674   22.0644  -14.3890    2.8180    0.2298    4.1040 
  14.9091 4285.8735   18.1235   -5.6665   15.2385  -13.0289    5.7953  -35.1138    1.8444    1.2674   22.0644  -14.3890    2.8180    0.2298    4.1120 
  14.9516 4285.8311   14.9022   -7.1304   12.5349  -13.1509   13.6078  -67.2183    1.8444    1.2674   22.0644  -14.3890    2.8180    0.2298    4.1120 
  14.9941 4285.7886   12.5408   -9.9830    9.1983  -32.4991    0.5463  -51.8985    1.8444    1.2674   22.0644  -14.3890    2.8180    0.2298    4.1040 
  15.0366 4285.7461   12.1688  -12.3226    7.3314  -17.3013   -0.9186  -21.3809    1.8444    1.2674   22.0644  -14.3890    2.8180    0.2298    4.1120 
  15.0791 4285.7036   13.4016  -11.0021    7.1931  -10.8316    8.4198  -22.2964    1.8444    1.2674   22.0644  -14.3890    2.8180    0.2298    4.1040 
  15.1216 4285.6611   14.8351   -9.4824    6.5750    7.9672   12.3871  -26.7520    1.8444    1.2674   22.0644  -14.3890    2.8180    0.2298    4.1120 
  15.1641 4285.6182   16.7192   -6.6466    6.7814   22.9208   23.3734    3.8876    1.8444    1.2674   22.0644  -14.3890    2.8180    0.2298    4.1120 
  15.2066 4285.5757   17.4117   -3.2496    8.1192   18.0380   12.7533   10.2353    1.8444    1.2674   22.0644  -14.3890    2.8180    0.2298    4.1120 
  15.2491 4285.5332   16.1797   -1.9013    8.7703   19.0756    8.2977    9.0146    1.8444    1.2674   22.0644  -14.3890    2.8180    0.2298    4.1120 
  15.2916 4285.4907   15.2547   -1.1934    9.0656   25.2402    3.0487   -0.3238    1.8444    1.2674   22.0644  -14.3890    2.8180    0.2298    4.1120 
  15.3341 4285.4482   14.1600   -2.1007    8.5360   21.2729   -8.5480   -0.6290    1.8444    1.2674   22.0644  -14.3890    2.8180    0.2298    4.1120 
  15.3766 4285.4058   12.9906   -3.5081    8.2765   25.4233  -14.7736    2.4228    1.8444    1.2674   22.0644  -14.3890    2.8180    0.2298    4.1120 
  15.4191 4285.3633   13.0440   -3.8987    7.8225   30.7333  -16.5436  -14.9722    1.8444    1.2674   22.0644  -14.3890    2.8180    0.2298    4.1120 
  15.4616 4285.3208   13.8078   -4.4540    7.6600   18.6484  -16.2994   10.6015    1.8444    1.2674   22.0644  -14.3890    2.8180    0.2298    4.1120 
  15.5041 4285.2783   14.5376   -2.9874    8.9353   22.6767  -13.7970   20.0620    1.8444    1.2674   22.0644  -14.3890    2.8180    0.2298    4.1120 
  15.5466 4285.2358   16.0683   -2.6951    9.8507   30.0009  -12.6984   17.9257    1.8444    1.2674   22.0644  -14.3890    2.8180    0.2298    4.1120 
  15.5891 4285.1934   18.8438   -1.0625   11.4111   38.8510  -34.2438   18.7192    1.8444    1.2674   22.0644  -14.3890    2.8180    0.2298    4.1120 
  15.6316 4285.1509   21.1533   -5.5770   11.1524   10.4086  -99.1852    0.3476    1.8444    1.2674   22.0644  -14.3890    2.8180    0.2298    4.1120 
  15.6741 4285.1084   20.6142  -11.6632    9.1624   13.8266  -32.1075  -25.7144    1.8444    1.2674   22.0644  -14.3890    2.8180    0.2298    4.1120 
  15.7166 4285.0659   22.8245  -13.5153    7.3289   48.8608    7.4432  -12.2867    1.8444    1.2674   22.0644  -14.3890    2.8180    0.2298    4.1120 
  15.7591 4285.0234   27.0709  -13.2326    6.5960   45.5039    2.6825    2.8500    1.8444    1.2674   22.0644  -14.3890    2.8180    0.2298    4.1120 
  15.8016 4284.9810   30.3274  -14.2034    5.8538   17.3666  -11.9049   -3.1924    1.8444    1.2674   22.0644  -14.3890    2.8180    0.2298    4.1120 
  15.8441 4284.9385   31.9131  -17.1229    4.0903    7.5400  -13.4308   -8.5635    1.8444    1.2674   22.0644  -14.3890    2.8180    0.2298    4.1040 
  15.8866 4284.8960   33.7750  -19.6906    2.2362   19.3808   -5.4352  -10.2725    1.8444    1.2674   22.0644  -14.3890    2.8180    0.2298    4.1120 
  15.9291 4284.8535   36.2839  -19.7183    1.6020   28.9023   -3.0548  -10.5777    1.8444    1.2674   22.0644  -14.3890    2.8180    0.2298    4.1120 
  15.9716 4284.8110   36.7018  -18.0109    2.5114   21.3950  -13.1256   -3.5587    1.8444    1.2674   22.0644  -14.3890    2.8180    0.2298    4.1120 
  16.0141 4284.7686   35.5355  -18.7323    2.1910   18.7094  -16.9098    0.1035    1.8444    1.2674   22.0644  -14.3890    2.8180    0.2298    4.1120 
  16.0566 4284.7261   34.3937  -19.5507    1.8766   16.5122  -10.6842    3.7656    1.8444    1.2674   22.0644  -14.3890    2.8180    0.2298    4.1120 
  16.0991 4284.6836   33.6279  -22.0943    0.3484   12.7890   -6.8390    2.8500    1.8444    1.2674   22.0644  -14.3890    2.8180    0.2298    4.1040 
  16.1416 4284.6411   34.7193  -20.4194    1.4316   14.2539   -4.2755    0.9579    1.8444    1.2674   22.0644  -14.3890    2.8180    0.2298    4.1120 
  16.1841 4284.5986   34.8203  -18.3389    2.8976   16.6953  -11.4166    3.4604    1.8444    1.2674   22.0644  -14.3890    2.8180    0.2298    4.1040 
  16.2266 4284.5557   33.4357  -19.1474    2.7283   12.9111  -11.4166    8.4653    1.8444    1.2674   22.0644  -14.3890    2.8180    0.2298    4.1120 
  16.2691 4284.5132   32.4843  -19.9413    2.5660    6.9296   -6.5949    7.6108    1.8444    1.2674   22.0644  -14.3890    2.8180    0.2298    4.1120 
  16.3116 4284.4707   32.4981  -20.4079    2.6024   -0.1504   -7.6324    5.2914    1.8444    1.2674   22.0644  -14.3890    2.8180    0.2298    4.1120 
  16.3541 4284.4282   32.6580  -21.5209    2.2546    3.0234   -1.8341    9.6860    1.8444    1.2674   22.0644  -14.3890    2.8180    0.2298    4.1120 
  16.3966 4284.3857   33.8181  -18.4031    4.5454    2.1079   -2.7496    9.6249    1.8444    1.2674   22.0644  -14.3890    2.8180    0.2298    4.1120 
  16.4391 4284.3433   33.4381  -18.9642    4.4822    2.4130   -6.3507    2.6669    1.8444    1.2674   22.0644  -14.3890    2.8180    0.2298    4.1120 
  16.4816 4284.3008   32.8609  -19.5678    4.3476    3.2675   -6.4728    6.3290    1.8444    1.2674   22.0644  -14.3890    2.8180    0.2298    4.1040 
  16.5241 4284.2583   32.6729  -19.1984    4.8665    5.5869   -2.7496    7.9160    1.8444    1.2674   22.0644  -14.3890    2.8180    0.2298    4.1120 
  16.5666 4284.2158   33.2318  -18.7713    5.2464    4.1220   -2.8717   -0.4459    1.8444    1.2674   22.0644  -14.3890    2.8180    0.2298    4.1120 
  16.6091 4284.1733   33.4045  -19.1671    5.0063    2.2299    0.1801    2.6059    1.8444    1.2674   22.0644  -14.3890    2.8180    0.2298    4.1120 
  16.6516 4284.1309   35.2313  -16.8745    6.5837    1.1923    0.0580    6.0239    1.8444    1.2674   22.0644  -14.3890    2.8180    0.2298    4.1120 
  16.6941 4284.0884   34.0169  -19.3751    5.0923    2.2299   -5.0079    0.3476    1.8444    1.2674   22.0644  -14.3890    2.8180    0.2298    4.1120 
  16.7366 4284.0459   33.7262  -20.0524    4.7303   -2.5308   -0.8575   -1.5445    1.8444    1.2674   22.0644  -14.3890    2.8180    0.2298    4.1120 
  16.7791 4284.0034   34.4181  -18.3591    5.8669    2.1079    0.6073    1.3242    1.8444    1.2674   22.0644  -14.3890    2.8180    0.2298    4.1120 
  16.8216 4283.9609   33.7463  -19.4177    5.2005    0.9482   -2.9327   -1.6666    1.8444    1.2674   22.0644  -14.3890    2.8180    0.2298    4.1120 
  16.8641 4283.9185   34.2804  -19.3926    5.1932    2.7182   -2.0782   -0.3238    1.8444    1.2674   22.0644  -14.3890    2.8180    0.2298    4.1120 
  16.9066 4283.8760   34.2700  -19.2830    5.3624    1.5585   -3.2379    1.7514    1.8444    1.2674   22.0644  -14.3890    2.8180    0.2298    4.1120 
  16.9491 4283.8335   34.0245  -19.1060    5.5100    2.4130    0.3632    0.8359    1.8444    1.2674   22.0644  -14.3890    2.8180    0.2298    4.1120 
  16.9916 4283.7910   34.4485  -18.4472    5.9409    1.1923   -1.4679    0.2255    1.8444    1.2674   22.0644  -14.3890    2.8180    0.2298    4.1120 
  17.0341 4283.7485   33.8463  -19.2351    5.4779   -1.1880   -1.0407    0.4697    1.8444    1.2674   22.0644  -14.3890    2.8180    0.2298    4.1120 
  17.0766 4283.7061   34.0255  -19.0169    5.6359    1.7416   -0.0031    1.2021    1.8444    1.2674   22.0644  -14.3890    2.8180    0.2298    4.1120 
  17.1191 4283.6636   34.0401  -19.2124    5.4939    2.5961   -0.0641   -0.3238    1.8444    1.2674   22.0644  -14.3890    2.8180    0.2298    4.1120 
  17.1616 4283.6211   34.0752  -19.7085    5.1691    2.1689   -2.1393   -0.0796    1.8444    1.2674   22.0644  -14.3890    2.8180    0.2298    4.1120 
  17.2041 4283.5786   34.0837  -20.1946    4.8469    2.4130   -0.3082    0.9579    1.8444    1.2674   22.0644  -14.3890    2.8180    0.2298    4.1120 
  17.2466 4283.5361   35.0536  -19.5458    5.2805    3.8779   -7.8156   -6.2442    1.8444    1.2674   22.0644  -14.3890    2.8180    0.2298    4.1120 
  17.2891 4283.4932   34.7715  -20.3268    4.6467    2.6572   -2.1393   -2.0328    1.8444    1.2674   22.0644  -14.3890    2.8180    0.2298    4.1120 
  17.3316 4283.4507   34.4886  -20.1309    4.7580    3.4506   -1.4069   -0.5069    1.8444    1.2674   22.0644  -14.3890    2.8180    0.2298    4.1120 
  17.3741 4283.4082   34.5729  -20.4148    4.5053    3.5727    1.8890    0.1035    1.8444    1.2674   22.0644  -14.3890    2.8180    0.2298    4.1040 
  17.4166 4283.3657   34.9217  -19.9686    4.7699    0.6430    1.3397    2.0566    1.8444    1.2674   22.0644  -14.3890    2.8180    0.2298    4.1040 
  17.4591 4283.3232   34.6763  -20.6614    4.2777    3.3286    0.2411   -1.1783    1.8444    1.2674   22.0644  -14.3890    2.8180    0.2298    4.1120 
  17.5016 4283.2808   34.3754  -20.4470    4.3724    1.3754    0.0580    1.6293    1.8444    1.2674   22.0644  -14.3890    2.8180    0.2298    4.1120 
  17.5441 4283.2383   33.4505  -20.2932    4.5223   -5.3995   -1.1017   -1.4224    1.8444    1.2674   22.0644  -14.3890    2.8180    0.2298    4.1040 
  17.5866 4283.1958   33.5773  -20.0964    4.6409   -1.6763    2.7435    0.7138    1.8444    1.2674   22.0644  -14.3890    2.8180    0.2298    4.1040 
  17.6291 4283.1533   34.9432  -18.4992    5.5840   -0.0284    5.3680   -1.9107    1.8444    1.2674   22.0644  -14.3890    2.8180    0.2298    4.1040 
  17.6716 4283.1108   35.3982  -18.7548    5.1413   -2.7750    6.5887   -1.7886    1.8444    1.2674   22.0644  -14.3890    2.8180    0.2298    4.1120 
  17.7141 4283.0684   36.1676  -18.3263    5.2388    0.7040    6.9550    0.8359    1.8444    1.2674   22.0644  -14.3890    2.8180    0.2298    4.1040 
  17.7566 4283.0259   36.3039  -19.0697    4.5876    0.2158    5.7343    2.7280    1.8444    1.2674   22.0644  -14.3890    2.8180    0.2298    4.1040 
  17.7991 4282.9834   35.3646  -20.8785    3.3007    1.0703    3.1708    3.3383    1.8444    1.2674   22.0644  -14.3890    2.8180    0.2298    4.1120 
  17.8416 4282.9409   34.5999  -19.6122    4.1722    5.2817    3.1097    5.9018    1.8444    1.2674   22.0644  -14.3890    2.8180    0.2298    4.1120 
  17.8841 4282.8984   33.8943  -18.2075    5.0783    7.2348    0.9125    1.2021    1.8444    1.2674   22.0644  -14.3890    2.8180    0.2298    4.1120 
  17.9266 4282.8560   33.4569  -17.6675    5.2592    5.9531    2.1332   -2.4600    1.8444    1.2674   22.0644  -14.3890    2.8180    0.2298    4.1120 
  17.9691 4282.8135   33.9613  -18.4179    4.6138    5.0375    0.6683   -1.7886    1.8444    1.2674   22.0644  -14.3890    2.8180    0.2298    4.1120 
  18.0116 4282.7710   34.1731  -19.0519    4.0516    3.7558    0.7294   -6.0611    1.8444    1.2674   22.0644  -14.3890    2.8180    0.2298    4.1120 
  18.0541 4282.7285   35.2009  -17.3816    4.9158    3.1455    1.8280   -3.4366    1.8444    1.2674   22.0644  -14.3890    2.8180    0.2298    4.1120 
  18.0966 4282.6860   35.4677  -16.3562    5.4045    3.2065    1.5228   -5.3897    1.8444    1.2674   22.0644  -14.3890    2.8180    0.2298    4.1120 
  18.1391 4282.6436   33.9369  -17.4031    4.4794   -1.3711    3.2928   -5.8780    1.8444    1.2674   22.0644  -14.3890    2.8180    0.2298    4.1120 
  18.1816 4282.6011   34.9474  -16.6935    4.7072   -2.7750    8.5419   -1.4224    1.8444    1.2674   22.0644  -14.3890    2.8180    0.2298    4.1120 
  18.2241 4282.5586   35.2992  -16.8381    4.3305   -3.2022    8.4808   -2.1548    1.8444    1.2674   22.0644  -14.3890    2.8180    0.2298    4.1120 
  18.2666 4282.5161   35.4966  -16.5000    4.4062   -7.5967    8.8470    2.9111    1.8444    1.2674   22.0644  -14.3890    2.8180    0.2298    4.1040 
  18.3091 4282.4736   34.8629  -16.4596    4.2924   -5.8877    7.8094   -0.3848    1.8444    1.2674   22.0644  -14.3890    2.8180    0.2298    4.1120 
  18.3516 4282.4307   34.2184  -16.1901    4.2379   -2.4087    8.5419   -1.9717    1.8444    1.2674   22.0644  -14.3890    2.8180    0.2298    4.1120 
  18.3941 4282.3882   34.8550  -15.3235    4.5724   -5.0333    9.3353   -0.2017    1.8444    1.2674   22.0644  -14.3890    2.8180    0.2298    4.1120 
  18.4366 4282.3457   34.5659  -15.3785    4.3635   -7.2305    8.1146    1.4462    1.8444    1.2674   22.0644  -14.3890    2.8180    0.2298    4.1120 
  18.4791 4282.3032   34.9063  -16.1886    3.7770   -7.2916    6.5887    0.6528    1.8444    1.2674   22.0644  -14.3890    2.8180    0.2298    4.1120 
  18.5216 4282.2607   33.4662  -16.8884    3.2643   -4.7281   -0.2472   -2.0328    1.8444    1.2674   22.0644  -14.3890    2.8180    0.2298    4.1120 
  18.5641 4282.2183   32.0040  -18.7007    2.1034    2.2910   -4.5807   -6.8546    1.8444    1.2674   22.0644  -14.3890    2.8180    0.2298    4.1120 
  18.6066 4282.1758   32.0745  -17.3347    2.8456    1.0703   -1.9562   -3.4366    1.8444    1.2674   22.0644  -14.3890    2.8180    0.2298    4.1120 
  18.6491 4282.1333   32.4174  -14.6574    4.3960    2.5961   -1.7731   -8.9297    1.8444    1.2674   22.0644  -14.3890    2.8180    0.2298    4.1120 
  18.6916 4282.0908   33.0482  -12.8520    5.2373    4.1831   -3.1769  -12.5308    1.8444    1.2674   22.0644  -14.3890    2.8180    0.2298    4.1120 
  18.7341 4282.0483   32.3535  -15.9241    2.8818   -1.6153   -3.2990  -16.8033    1.8444    1.2674   22.0644  -14.3890    2.8180    0.2298    4.1120 
  18.7766 4282.0059   31.8371  -18.6946    0.7689   -8.3292    2.4384  -13.6295    1.8444    1.2674   22.0644  -14.3890    2.8180    0.2298    4.1120 
  18.8191 4281.9634   33.2398  -17.3140    1.2007   -6.8643    8.3588  -10.3336    1.8444    1.2674   22.0644  -14.3890    2.8180    0.2298    4.1120 
  18.8616 4281.9209   33.7065  -16.0253    1.6576   -9.0005    3.5980  -11.3101    1.8444    1.2674   22.0644  -14.3890    2.8180    0.2298    4.1120 
  18.9041 4281.8784   31.1731  -17.9529    0.1536  -14.4937    4.6356  -10.6387    1.8444    1.2674   22.0644  -14.3890    2.8180    0.2298    4.1120 
  18.9466 4281.8359   29.2106  -17.6647    0.0313  -13.9444    4.5135  -12.2256    1.8444    1.2674   22.0644  -14.3890    2.8180    0.2298    4.1120 
  18.9891 4281.7935   26.4447  -19.0878  358.7254  -14.5547    6.7108  -22.1133    1.8444    1.2674   22.0644  -14.3890    2.8180    0.2298    4.1120 
  19.0316 4281.7510   25.7299  -17.9366  358.5869  -20.7803   14.8895  -25.2261    1.8444    1.2674   22.0644  -14.3890    2.8180    0.2298    4.1120 
  19.0741 4281.7085   24.9969  -17.6029  357.6770  -23.0997   22.8851  -33.4659    1.8444    1.2674   22.0644  -14.3890    2.8180    0.2298    4.1120 
  19.1166 4281.6660   25.3164  -15.0812  357.6729  -17.0572   29.2938  -24.9820    1.8444    1.2674   22.0644  -14.3890    2.8180    0.2298    4.1120 
  19.1591 4281.6235   25.8319  -15.2884  356.4973   -7.6578   13.1805  -17.1695    1.8444    1.2674   22.0644  -14.3890    2.8180    0.2298    4.1120 
  19.2016 4281.5811   24.9510  -18.0450  354.4547   -6.3760    5.6732  -11.2491    1.8444    1.2674   22.0644  -14.3890    2.8180    0.2298    4.1120 
  19.2441 4281.5386   24.2890  -19.1861  353.1641  -21.5127   34.4208  -18.6343    1.8444    1.2674   22.0644  -14.3890    2.8180    0.2298    4.1120 
  19.2866 4281.4961   24.9746  -15.7918  354.2364   -6.1319   14.4012    0.1645    1.8444    1.2674   22.0644  -14.3890    2.8180    0.2298    4.1120 
  19.3291 4281.4536   24.8424  -14.9469  354.8923   -2.6529   -7.8766    3.0942    1.8444    1.2674   22.0644  -14.3890    2.8180    0.2298    4.1120 
  19.3716 4281.4111   22.7389  -15.8865  354.7207    0.5209   -6.1676    5.1694    1.8444    1.2674   22.0644  -14.3890    2.8180    0.2298    4.1120 
  19.4141 4281.3682   21.4922  -13.6942  356.0419   -2.7139    9.2743   14.6298    1.8444    1.2674   22.0644  -14.3890    2.8180    0.2298    4.1120 
  19.4566 4281.3257   20.1376  -11.6568  357.4415   -5.0333    2.6215   15.3622    1.8444    1.2674   22.0644  -14.3890    2.8180    0.2298    4.1120 
  19.4991 4281.2832   18.7888  -13.4768  357.3449   -6.8033   -0.6744   20.5502    1.8444    1.2674   22.0644  -14.3890    2.8180    0.2298    4.1120 
  19.5416 4281.2407   17.4861  -15.3333  357.5096  -11.3809   -2.8107   22.7475    1.8444    1.2674   22.0644  -14.3890    2.8180    0.2298    4.1120 
  19.5841 4281.1982   17.5064  -14.5761  358.7249  -11.5640    0.5463   17.3154    1.8444    1.2674   22.0644  -14.3890    2.8180    0.2298    4.1120 
  19.6266 4281.1558   17.5551  -11.5659    0.6922   -7.9019    1.5839   17.3764    1.8444    1.2674   22.0644  -14.3890    2.8180    0.2298    4.1120 
  19.6691 4281.1133   18.1437   -9.7362    2.1913   -3.3243    0.3021   20.1230    1.8444    1.2674   22.0644  -14.3890    2.8180    0.2298    4.1120 
  19.7116 4281.0708   17.3613  -10.1914    2.8764  -11.5640  -17.2150   15.7285    1.8444    1.2674   22.0644  -14.3890    2.8180    0.2298    4.1120 
  19.7541 4281.0283   17.7720  -11.1370    3.7013  -11.8082  -23.5016   21.8320    1.8444    1.2674   22.0644  -14.3890    2.8180    0.2298    4.1120 
  19.7966 4280.9858   17.7574  -13.9128    3.8375   -6.5591  -18.4357   22.4423    1.8444    1.2674   22.0644  -14.3890    2.8180    0.2298    4.1120 
  19.8391 4280.9434   19.8466  -15.1637    4.5073   -3.0801  -25.0275   21.0996    1.8444    1.2674   22.0644  -14.3890    2.8180    0.2298    4.1120 
  19.8816 4280.9009   20.7876  -18.0237    4.2035   -0.8829  -14.5294    5.5966    1.8444    1.2674   22.0644  -14.3890    2.8180    0.2298    4.1120 
  19.9241 4280.8584   22.9949  -17.7843    4.1618   17.5498   14.5233    1.8124    1.8444    1.2674   22.0644  -14.3890    2.8180    0.2298    4.1120 
  19.9666 4280.8159   29.6882  -15.6646    9.1723   20.9677    0.3632   12.6767    1.8444    1.2674   22.0644  -14.3890    2.8180    0.2298    4.1120 
  20.0091 4280.7734   31.8971  -15.6369    9.4131    5.8920   -5.4962    1.2021    1.8444    1.2674   22.0644  -14.3890    2.8180    0.2298    4.1120 
  20.0516 4280.7310   33.0975  -12.9481   11.0068    2.2910   14.0961    7.9770    1.8444    1.2674   22.0644  -14.3890    2.8180    0.2298    4.1120 
  20.0941 4280.6885   34.1924   -8.9616   13.4953    3.2065   11.8988   11.8222    1.8444    1.2674   22.0644  -14.3890    2.8180    0.2298    4.1120 
  20.1366 4280.6460   34.1131   -5.9446   15.7355    3.4506   -4.5807   12.3105    1.8444    1.2674   22.0644  -14.3890    2.8180    0.2298    4.1120 
  20.1791 4280.6035   32.8621   -7.8816   15.0286    6.4414   -2.9327   15.1181    1.8444    1.2674   22.0644  -14.3890    2.8180    0.2298    4.1120 
  20.2216 4280.5610   31.3969   -9.3295   14.4951    5.7089   -3.5431    9.1367    1.8444    1.2674   22.0644  -14.3890    2.8180    0.2298    4.1120 
  20.2641 4280.5186   29.6934  -10.4234   14.1357    7.1738   -4.5197    5.6577    1.8444    1.2674   22.0644  -14.3890    2.8180    0.2298    4.1120 
  20.3066 4280.4761   28.3629   -9.9860   14.5056    3.4506    1.5839    3.4604    1.8444    1.2674   22.0644  -14.3890    2.8180    0.2298    4.1120 
  20.3491 4280.4336   29.3853   -7.0801   16.1708   -0.2725    4.7577    1.6293    1.8444    1.2674   22.0644  -14.3890    2.8180    0.2298    4.1120 
  20.3916 4280.3911   29.8644   -7.2407   16.1070   -2.1646   -0.7965    1.8735    1.8444    1.2674   22.0644  -14.3890    2.8180    0.2298    4.1120 
  20.4341 4280.3486   28.6875   -9.8480   14.6000   -3.9346    1.0345   -2.7652    1.8444    1.2674   22.0644  -14.3890    2.8180    0.2298    4.1120 
  20.4766 4280.3057   27.8692   -9.5746   14.5096    2.7182    4.8187   -7.2208    1.8444    1.2674   22.0644  -14.3890    2.8180    0.2298    4.1120 
  20.5191 4280.2632   28.7206   -8.2772   14.8641    3.2675    9.0912   -3.1924    1.8444    1.2674   22.0644  -14.3890    2.8180    0.2298    4.1120 
  20.5616 4280.2207   28.7114   -6.0369   15.7584   -3.3853   10.9222   -7.7701    1.8444    1.2674   22.0644  -14.3890    2.8180    0.2298    4.1120 
  20.6041 4280.1782   28.4887   -7.4700   14.3795   -5.3384    9.9457   -9.4791    1.8444    1.2674   22.0644  -14.3890    2.8180    0.2298    4.1120 
  20.6466 4280.1357   28.4679   -7.5326   13.8281   -4.5450    8.8470   -9.9673    1.8444    1.2674   22.0644  -14.3890    2.8180    0.2298    4.1120 
  20.6891 4280.0933   28.3053   -6.7557   13.7288   -2.3477    5.9174  -12.2867    1.8444    1.2674   22.0644  -14.3890    2.8180    0.2298    4.1120 
  20.7316 4280.0508   28.4069   -8.5205   12.3517    0.8872    0.2411   -3.3755    1.8444    1.2674   22.0644  -14.3890    2.8180    0.2298    4.1120 
  20.7741 4280.0083   27.5023  -11.2577   10.7306   -0.5167    2.9877   -1.6666    1.8444    1.2674   22.0644  -14.3890    2.8180    0.2298    4.1120 
  20.8166 4279.9658   27.1642  -12.1889    9.8896   -3.9957    3.9032  -12.9581    1.8444    1.2674   22.0644  -14.3890    2.8180    0.2298    4.1120 
  20.8591 4279.9233   26.6883  -10.6941   10.1156   -0.3946    9.2133  -13.8736    1.8444    1.2674   22.0644  -14.3890    2.8180    0.2298    4.1120 
  20.9016 4279.8809   27.0755   -8.8020   10.5292    4.4882   10.1288   -9.1129    1.8444    1.2674   22.0644  -14.3890    2.8180    0.2298    4.1120 
  20.9441 4279.8384   25.3720   -9.3505    9.6068    6.6855    9.3964  -11.8594    1.8444    1.2674   22.0644  -14.3890    2.8180    0.2298    4.1120 
  20.9866 4279.7959   24.4221   -9.2129    9.1188    5.7089    7.3822   -6.4883    1.8444    1.2674   22.0644  -14.3890    2.8180    0.2298    4.1120 
  21.0291 4279.7534   23.3215  -11.0727    7.7174    5.4038    5.7953   -9.9673    1.8444    1.2674   22.0644  -14.3890    2.8180    0.2298    4.1120 
  21.0716 4279.7109   23.8746  -10.1067    7.6711    6.0141    5.9784   -5.1456    1.8444    1.2674   22.0644  -14.3890    2.8180    0.2298    4.1120 
  21.1141 4279.6685   24.9229  -11.8371    6.4939    7.2958    0.9125   -2.8873    1.8444    1.2674   22.0644  -14.3890    2.8180    0.2298    4.1120 
  21.1566 4279.6260   25.4386  -11.8774    6.3546    9.0048   -0.0641    1.9955    1.8444    1.2674   22.0644  -14.3890    2.8180    0.2298    4.1120 
  21.1991 4279.5835   25.7896  -10.2596    7.3337   10.2866   -4.5807    7.4887    1.8444    1.2674   22.0644  -14.3890    2.8180    0.2298    4.1120 
  21.2416 4279.5410   26.1630  -11.5078    7.1077   14.1928  -13.6139   12.9819    1.8444    1.2674   22.0644  -14.3890    2.8180    0.2298    4.1120 
  21.2841 4279.4985   26.1523  -11.7241    7.6504   14.2539  -16.1163   13.3481    1.8444    1.2674   22.0644  -14.3890    2.8180    0.2298    4.1120 
  21.3266 4279.4561   26.5719  -11.1908    8.6996   14.9863  -18.9850   16.7050    1.8444    1.2674   22.0644  -14.3890    2.8180    0.2298    4.1120 
  21.3691 4279.4136   27.0790  -10.2153   10.3303   13.6435  -21.4264   24.5175    1.8444    1.2674   22.0644  -14.3890    2.8180    0.2298    4.1120 
  21.4116 4279.3711   27.0277  -11.6058   10.7897   11.8124  -23.8678   23.2968    1.8444    1.2674   22.0644  -14.3890    2.8180    0.2298    4.1120 
  21.4541 4279.3286   27.2598  -13.7250   10.9403    5.7089  -29.3610   26.8979    1.8444    1.2674   22.0644  -14.3890    2.8180    0.2298    4.1120 
  21.4966 4279.2861   27.5410  -14.4907   12.0937    2.5351  -29.3610   27.0810    1.8444    1.2674   22.0644  -14.3890    2.8180    0.2298    4.1120 
  21.5391 4279.2432   28.0952  -14.3494   13.7404   -0.6387  -28.9337   26.5317    1.8444    1.2674   22.0644  -14.3890    2.8180    0.2298    4.1120 
  21.5816 4279.2007   28.8890  -13.8917   15.5693   -2.7139  -27.4078   24.6396    1.8444    1.2674   22.0644  -14.3890    2.8180    0.2298    4.1120 
  21.6241 4279.1582   28.8758  -13.4168   17.2861   -6.0098  -29.4220   17.9257    1.8444    1.2674   22.0644  -14.3890    2.8180    0.2298    4.1120 
  21.6666 4279.1157   29.9403  -14.0418   18.3051   -6.1319  -28.5065   18.4140    1.8444    1.2674   22.0644  -14.3890    2.8180    0.2298    4.1120 
  21.7091 4279.0732   30.1429  -14.4445   19.3757   -4.4229  -28.2623   14.9350    1.8444    1.2674   22.0644  -14.3890    2.8180    0.2298    4.1120 
  21.7516 4279.0308   30.4142  -15.3644   19.9912   -3.3853  -22.4640   12.0663    1.8444    1.2674   22.0644  -14.3890    2.8180    0.2298    4.1120 
  21.7941 4278.9883   30.8608  -14.1373   21.5781   -1.5543  -17.8253    7.7939    1.8444    1.2674   22.0644  -14.3890    2.8180    0.2298    4.1120 
  21.8366 4278.9458   31.5680  -14.1577   22.2581   -1.7984  -12.5153    8.2822    1.8444    1.2674   22.0644  -14.3890    2.8180    0.2298    4.1120 
  21.8791 4278.9033   31.7484  -13.4568   23.2699   -3.2632  -10.0739    7.7939    1.8444    1.2674   22.0644  -14.3890    2.8180    0.2298    4.1120 
  21.9216 4278.8608   31.2456  -14.6900   22.9610   -3.6294   -7.9987    4.0097    1.8444    1.2674   22.0644  -14.3890    2.8180    0.2298    4.1120 
  21.9641 4278.8184   31.5956  -14.5434   23.4290   -1.1270   -5.3741    7.5497    1.8444    1.2674   22.0644  -14.3890    2.8180    0.2298    4.1120 
  22.0066 4278.7759   32.1828  -15.4617   23.1500    0.3989   -2.4445    4.4980    1.8444    1.2674   22.0644  -14.3890    2.8180    0.2298    4.1120 
  22.0491 4278.7334   31.8428  -15.5677   23.2315    0.9482   -2.6276    1.6904    1.8444    1.2674   22.0644  -14.3890    2.8180    0.2298    4.1120 
  22.0916 4278.6909   32.0652  -15.4564   23.3752    3.2675    1.2787    2.7280    1.8444    1.2674   22.0644  -14.3890    2.8180    0.2298    4.1120 
  22.1341 4278.6484   32.7993  -13.9711   24.3462    1.2534    1.5228    3.5214    1.8444    1.2674   22.0644  -14.3890    2.8180    0.2298    4.1120 
  22.1766 4278.6060   32.0464  -14.8233   23.8628    0.1547    0.2411    3.2163    1.8444    1.2674   22.0644  -14.3890    2.8180    0.2298    4.1120 
  22.2191 4278.5635   31.6629  -15.1335   23.7689    2.5961    1.5228    4.3149    1.8444    1.2674   22.0644  -14.3890    2.8180    0.2298    4.1120 
  22.2616 4278.5210   32.1485  -15.2689   23.6789    2.4130    2.0721    1.9955    1.8444    1.2674   22.0644  -14.3890    2.8180    0.2298    4.1120 
  22.3041 4278.4785   32.0914  -15.1175   23.7785    0.1547    2.9266    1.1411    1.8444    1.2674   22.0644  -14.3890    2.8180    0.2298    4.1120 
  22.3466 4278.4360   31.8466  -14.7820   23.8840    0.5820    2.4994   -0.6900    1.8444    1.2674   22.0644  -14.3890    2.8180    0.2298    4.1120 
  22.3891 4278.3936   31.1024  -15.7137   23.2450    2.4741   -1.2238   -1.3614    1.8444    1.2674   22.0644  -14.3890    2.8180    0.2298    4.1120 
  22.4316 4278.3511   30.2071  -17.0952   22.2958    2.4130    1.4008   -4.2911    1.8444    1.2674   22.0644  -14.3890    2.8180    0.2298    4.1120 
  22.4741 4278.3086   31.3471  -15.8735   22.8176   -0.0894    3.1097   -5.6338    1.8444    1.2674   22.0644  -14.3890    2.8180    0.2298    4.1120 
  22.5166 4278.2661   32.6345  -14.4404   23.7635   -1.0049    8.0536   -5.5728    1.8444    1.2674   22.0644  -14.3890    2.8180    0.2298    4.1120 
  22.5591 4278.2236   33.3706  -12.8288   24.5195   -2.7139    4.0253   -2.8873    1.8444    1.2674   22.0644  -14.3890    2.8180    0.2298    4.1120 
  22.6016 4278.1807   32.1787  -15.5138   22.6859   -2.9581    2.9877   -0.8731    1.8444    1.2674   22.0644  -14.3890    2.8180    0.2298    4.1120 
  22.6441 4278.1382   31.4864  -16.6016   21.9149   -0.4556    1.8280   -2.5211    1.8444    1.2674   22.0644  -14.3890    2.8180    0.2298    4.1120 
  22.6866 4278.0957   31.3562  -16.8672   21.6320    2.0468    0.4242   -2.5821    1.8444    1.2674   22.0644  -14.3890    2.8180    0.2298    4.1120 
  22.7291 4278.0532   30.8839  -16.7158   21.6122    2.5351   -0.3082   -2.7652    1.8444    1.2674   22.0644  -14.3890    2.8180    0.2298    4.1120 
  22.7716 4278.0107   30.4750  -16.5953   21.5526    0.3378    0.3021   -4.4131    1.8444    1.2674   22.0644  -14.3890    2.8180    0.2298    4.1120 
  22.8141 4277.9683   31.5337  -14.3876   22.7601    1.3754    1.7059   -2.4600    1.8444    1.2674   22.0644  -14.3890    2.8180    0.2298    4.1120 
  22.8566 4277.9258   31.3189  -14.3851   22.6431    0.9482    0.6073   -1.6055    1.8444    1.2674   22.0644  -14.3890    2.8180    0.2298    4.1120 
  22.8991 4277.8833   30.2785  -16.1226   21.5124   -2.3477    0.4852   -2.8873    1.8444    1.2674   22.0644  -14.3890    2.8180    0.2298    4.1120 
  22.9416 4277.8408   30.3434  -15.9999   21.5154   -3.1412    2.3163   -1.4835    1.8444    1.2674   22.0644  -14.3890    2.8180    0.2298    4.1120 
  22.9841 4277.7983   30.6456  -15.0160   21.9823   -2.6529    3.6591   -3.9249    1.8444    1.2674   22.0644  -14.3890    2.8180    0.2298    4.1200 
  23.0266 4277.7559   31.0120  -15.1505   21.7403   -0.9439    1.9501   -2.7042    1.8444    1.2674   22.0644  -14.3890    2.8180    0.2298    4.1120 
  23.0691 4277.7134   31.0282  -14.7954   21.8539   -0.2115    2.1332   -1.9717    1.8444    1.2674   22.0644  -14.3890    2.8180    0.2298    4.1120 
  23.1116 4277.6709   30.0703  -15.7502   21.1658   -2.2256    0.4852   -3.4366    1.8444    1.2674   22.0644  -14.3890    2.8180    0.2298    4.1120 
  23.1541 4277.6284   29.6080  -16.2758   20.7413   -0.8829    0.2411   -4.5352    1.8444    1.2674   22.0644  -14.3890    2.8180    0.2298    4.1120 
  23.1966 4277.5859   29.9030  -15.8429   20.7965    1.3144    2.0721   -5.6949    1.8444    1.2674   22.0644  -14.3890    2.8180    0.2298    4.1120 
  23.2391 4277.5435   30.5094  -14.5998   21.2529    4.4272    3.6591   -4.3521    1.8444    1.2674   22.0644  -14.3890    2.8180    0.2298    4.1120 
  23.2816 4277.5010   31.4555  -14.0614   21.3827    0.8261    3.2928   -2.8873    1.8444    1.2674   22.0644  -14.3890    2.8180    0.2298    4.1120 
  23.3241 4277.4585   31.0204  -16.0986   19.9360   -0.2725    2.9266   -2.5211    1.8444    1.2674   22.0644  -14.3890    2.8180    0.2298    4.1120 
  23.3666 4277.4160   30.8454  -15.8184   19.9859    2.6572    2.4994   -0.4459    1.8444    1.2674   22.0644  -14.3890    2.8180    0.2298    4.1120 
  23.4091 4277.3735   30.7679  -15.8883   19.8807    3.6948    1.4618    0.2255    1.8444    1.2674   22.0644  -14.3890    2.8180    0.2298    4.1120 
  23.4516 4277.3311   31.0333  -15.0217   20.3480    3.3286   -0.6134    0.3476    1.8444    1.2674   22.0644  -14.3890    2.8180    0.2298    4.1120 
  23.4941 4277.2886   30.4129  -15.6020   19.9961    2.5961   -1.5289    0.9579    1.8444    1.2674   22.0644  -14.3890    2.8180    0.2298    4.1120 
  23.5366 4277.2461   30.7611  -15.5926   20.0405    3.5727   -1.2848    0.5917    1.8444    1.2674   22.0644  -14.3890    2.8180    0.2298    4.1120 
  23.5791 4277.2036   30.3998  -15.8829  