   0.0016 4291.0156   -0.1430   -0.0070  180.0004    0.0293   -0.3073    0.1478    0.0000    0.0000    0.0000    0.0000    0.0000    0.0000    3.6960   -0.0005    0.0112    1.0664  -15.8081 
   0.0441 4290.9731   -0.6179   -0.2399  179.9967    0.3345   -0.1852   -0.3405    0.0000    0.0000    0.0000    0.0000    0.0000    0.0000    3.6960   -0.0027    0.0117    1.0771  -15.5029 
   0.0866 4290.9307   -0.1760   -0.5644  179.9996   -0.9473   -0.3684    0.1478    0.0000    0.0000    0.0000    0.0000    0.0000    0.0000    3.6880   -0.0115    0.0027    1.0725    0.0000 
   0.1291 4290.8882   -0.5249   -0.4627  179.9928    0.9448   -0.0021   -0.0353    0.0000    0.0000    0.0000    0.0000    0.0000    0.0000    3.6960   -0.0088    0.0090    1.0747  -14.8926 
   0.1716 4290.8457   -0.5568   -0.2498  179.9874   -0.1538    0.2420   -0.1574    0.0000    0.0000    0.0000    0.0000    0.0000    0.0000    3.6960   -0.0098    0.0063    1.0759    0.0000 
   0.2141 4290.8032   -0.5161   -0.2403  179.9899    0.8227    0.1810   -0.0353    0.0000    0.0000    0.0000    0.0000    0.0000    0.0000    3.6960   -0.0042    0.0095    1.0867  -15.0146 
   0.2566 4290.7607   -0.6330   -0.0542  179.9902    0.7007   -0.1242   -0.1574    0.0000    0.0000    0.0000    0.0000    0.0000    0.0000    3.6960    0.0015    0.0139    1.0815    0.0000 
   0.2991 4290.7183   -0.5981   -0.6823  179.9948   -0.0928   -0.0021   -0.0964    0.0000    0.0000    0.0000    0.0000    0.0000    0.0000    3.6880   -0.0168    0.0090    1.0798  -15.9302 
   0.3416 4290.6758   -0.7156   -0.2726  179.9900    0.5176    0.3030   -0.2184    0.0000    0.0000    0.0000    0.0000    0.0000    0.0000    3.6960   -0.0056    0.0127    1.0740    0.0000 
   0.3841 4290.6333   -0.5293   -0.3281  179.9955   -0.1538    0.2420    0.1478    0.0000    0.0000    0.0000    0.0000    0.0000    0.0000    3.6880   -0.0071    0.0095    1.0691  -15.9912 
   0.4266 4290.5908   -0.6923   -0.2970  179.9946   -0.5811   -0.0021    0.0868    0.0000    0.0000    0.0000    0.0000    0.0000    0.0000    3.6960   -0.0056    0.0132    1.0762    0.0000 
   0.4691 4290.5483   -0.1721   -0.6261  179.9909    0.3345   -0.1852   -0.1574    0.0000    0.0000    0.0000    0.0000    0.0000    0.0000    3.6960   -0.0129    0.0039    1.0806  -15.5029 
   0.5116 4290.5059   -0.3694   -0.6161  179.9842   -0.0317    0.0589   -0.4015    0.0000    0.0000    0.0000    0.0000    0.0000    0.0000    3.6960   -0.0115   -0.0024    1.0769    0.0000 
   0.5541 4290.4634   -0.3756   -0.3359  179.9791    0.4565    0.0589    0.0257    0.0000    0.0000    0.0000    0.0000    0.0000    0.0000    3.6960   -0.0024    0.0056    1.0859  -15.3809 
   0.5966 4290.4209   -0.7869   -0.1512  179.9793    0.0903   -0.0021    0.0257    0.0000    0.0000    0.0000    0.0000    0.0000    0.0000    3.6960   -0.0132    0.0132    1.0720    0.0000 
   0.6391 4290.3779   -0.1556   -0.5830  179.9757   -0.6421   -0.3684    0.0868    0.0000    0.0000    0.0000    0.0000    0.0000    0.0000    3.6960   -0.0183    0.0071    1.0776  -16.4795 
   0.6816 4290.3354   -0.9256   -0.0499  179.9696    0.0903   -0.1852   -0.2795    0.0000    0.0000    0.0000    0.0000    0.0000    0.0000    3.7040    0.0002    0.0190    1.0774    0.0000 
   0.7241 4290.2930   -0.5588   -0.7033  179.9789    0.4565   -0.0632   -0.0353    0.0000    0.0000    0.0000    0.0000    0.0000    0.0000    3.6960   -0.0215    0.0059    1.0771  -15.3809 
   0.7666 4290.2505   -0.3986   -0.0313  179.9782   -0.7642   -0.0021   -0.0353    0.0000    0.0000    0.0000    0.0000    0.0000    0.0000    3.6960    0.0056    0.0085    1.0696    0.0000 
   0.8091 4290.2080   -0.7110   -0.4520  179.9762    0.3345   -0.1852    0.1478    0.0000    0.0000    0.0000    0.0000    0.0000    0.0000    3.6960   -0.0088    0.0139    1.0828  -15.5029 
   0.8516 4290.1655   -0.3498   -0.0642  179.9757   -0.5200   -0.0021    0.0868    0.0000    0.0000    0.0000    0.0000    0.0000    0.0000    3.6960    0.0066    0.0095    1.0776    0.0000 
   0.8941 4290.1230   -0.4303   -0.2572  179.9777   -0.5811   -0.2463   -0.0964    0.0000    0.0000    0.0000    0.0000    0.0000    0.0000    3.6960    0.0042    0.0137    1.0613  -16.4185 
   0.9366 4290.0806   -0.5086   -0.3454  179.9897   -0.3980    0.0589    0.6361    0.0000    0.0000    0.0000    0.0000    0.0000    0.0000    3.6960   -0.0090    0.0076    1.0750  -16.2354 
   0.9791 4290.0381   -0.5632   -0.5171  179.9953    0.4565    0.3641   -0.2795    0.0000    0.0000    0.0000    0.0000    0.0000    0.0000    3.6960   -0.0144    0.0105    1.0808  -15.3809 
   1.0216 4289.9956   -0.6405   -0.2565  179.9894   -0.1538    0.3641   -0.2795    0.0000    0.0000    0.0000    0.0000    0.0000    0.0000    3.6960   -0.0029    0.0112    1.0757    0.0000 
   1.0641 4289.9531   -0.3391   -0.2475  179.9848   -0.0317   -0.0021   -0.1574    0.0000    0.0000    0.0000    0.0000    0.0000    0.0000    3.6960   -0.0100    0.0103    1.0723  -15.8691 
   1.1066 4289.9106   -0.1872   -0.2293  179.9873    0.5176    0.0589   -0.0353    0.0000    0.0000    0.0000    0.0000    0.0000    0.0000    3.6960   -0.0032    0.0034    1.0857    0.0000 
   1.1491 4289.8682   -0.1894   -0.3377  179.9777   -0.0928   -0.3073   -0.4015    0.0000    0.0000    0.0000    0.0000    0.0000    0.0000    3.6960   -0.0071    0.0044    1.0793  -15.9302 
   1.1916 4289.8257   -0.4903   -0.2535  179.9789   -0.1538    0.1199    0.2088    0.0000    0.0000    0.0000    0.0000    0.0000    0.0000    3.6960   -0.0173    0.0166    1.0833    0.0000 
   1.2341 4289.7832   -0.2884   -0.4506  179.9837   -0.3980   -0.0021    0.2699    0.0000    0.0000    0.0000    0.0000    0.0000    0.0000    3.6960   -0.0059   -0.0037    1.0786  -16.2354 
   1.2766 4289.7407   -0.8942   -0.1700  179.9882    0.9448   -0.0021   -0.1574    0.0000    0.0000    0.0000    0.0000    0.0000    0.0000    3.6960   -0.0210    0.0093    1.0786    0.0000 
   1.3191 4289.6982   -0.4811   -0.6533  180.0032   -0.2149   -0.0632    0.3309    0.0000    0.0000    0.0000    0.0000    0.0000    0.0000    3.6960   -0.0164    0.0085    1.0835  -16.0522 
   1.3616 4289.6558   -0.0092   -0.2834  179.9979    0.1514   -0.0632   -0.0964    0.0000    0.0000    0.0000    0.0000    0.0000    0.0000    3.6960   -0.0042   -0.0017    1.0730  -15.6860 
   1.4041 4289.6133   -0.3954   -0.2819  179.9991   -0.0317   -0.0021    0.0257    0.0000    0.0000    0.0000    0.0000    0.0000    0.0000    3.6960   -0.0066    0.0005    1.0808  -15.8691 
   1.4466 4289.5708   -0.7649   -0.1516  179.9929   -0.0317   -0.0632    0.0257    0.0000    0.0000    0.0000    0.0000    0.0000    0.0000    3.6880   -0.0012    0.0127    1.0769  -15.8691 
   1.4891 4289.5283   -0.3733   -0.4199  179.9931   -0.3369    0.0589    0.4530    0.0000    0.0000    0.0000    0.0000    0.0000    0.0000    3.6960   -0.0088    0.0073    1.0793  -16.1743 
   1.5316 4289.4858   -0.3727   -0.4144  179.9916    0.0293   -0.0632    0.1478    0.0000    0.0000    0.0000    0.0000    0.0000    0.0000    3.6960    0.0037    0.0142    1.0789    0.0000 
   1.5741 4289.4434   -0.5189   -0.3653  179.9846    0.9448    0.1199   -0.6457    0.0000    0.0000    0.0000    0.0000    0.0000    0.0000    3.6960   -0.0193    0.0066    1.0842  -14.8926 
   1.6166 4289.4009   -0.4075   -0.3018  179.9817    0.0903    0.0589   -0.1574    0.0000    0.0000    0.0000    0.0000    0.0000    0.0000    3.6960   -0.0142    0.0034    1.0769    0.0000 
   1.6591 4289.3584   -0.5642   -0.3401  179.9795   -0.2149   -0.3073    0.0257    0.0000    0.0000    0.0000    0.0000    0.0000    0.0000    3.6960    0.0000    0.0117    1.0923  -16.0522 
   1.7016 4289.3154   -0.4852   -0.2239  179.9803    0.0293   -0.1852    0.0257    0.0000    0.0000    0.0000    0.0000    0.0000    0.0000    3.6960    0.0034    0.0081    1.0757    0.0000 
   1.7441 4289.2729   -0.8003   -0.4349  179.9859    0.1514   -0.1852   -0.1574    0.0000    0.0000    0.0000    0.0000    0.0000    0.0000    3.6960   -0.0071    0.0164    1.0698  -15.6860 
   1.7866 4289.2305   -0.1779   -0.9749  179.9929   -0.6421    0.1199    0.0257    0.0000    0.0000    0.0000    0.0000    0.0000    0.0000    3.6960   -0.0168    0.0037    1.0864    0.0000 
   1.8291 4289.1880   -0.8094   -0.1284  179.9920   -0.5811   -0.1852    0.0868    0.0000    0.0000    0.0000    0.0000    0.0000    0.0000    3.6960    0.0000    0.0154    1.0825  -16.4185 
   1.8716 4289.1455   -0.4585   -0.3762  179.9891    0.7007   -0.0632   -0.1574    0.0000    0.0000    0.0000    0.0000    0.0000    0.0000    3.6960   -0.0017   -0.0032    1.0713    0.0000 
   1.9141 4289.1030   -0.4172   -0.3349  179.9858    0.7617    0.5472    0.0257    0.0000    0.0000    0.0000    0.0000    0.0000    0.0000    3.6960   -0.0063    0.0083    1.0786  -15.0757 
   1.9566 4289.0605   -0.8700   -0.4891  179.9918   -0.0317   -0.3073   -0.3405    0.0000    0.0000    0.0000    0.0000    0.0000    0.0000    3.6960   -0.0098    0.0063    1.0747    0.0000 
   1.9991 4289.0181   -0.2592   -0.3839  179.9870   -0.0928   -0.1852   -0.2184    0.0000    0.0000    0.0000    0.0000    0.0000    0.0000    3.6960   -0.0071    0.0061    1.0759  -15.9302 
   2.0416 4288.9756   -0.2817   -0.3500  179.9904    0.2734    0.1199   -0.0964    0.0000    0.0000    0.0000    0.0000    0.0000    0.0000    3.6960   -0.0098    0.0017    1.0815    0.0000 
   2.0841 4288.9331   -0.3179   -0.7999  179.9883    0.0293    0.1199   -0.5846    0.0000    0.0000    0.0000    0.0000    0.0000    0.0000    3.6960   -0.0115    0.0134    1.0833  -15.8081 
   2.1266 4288.8906   -0.3089   -0.2804  179.9834    0.8838    0.1810    0.0868    0.0000    0.0000    0.0000    0.0000    0.0000    0.0000    3.6960   -0.0054    0.0059    1.0771    0.0000 
   2.1691 4288.8481   -0.2732   -0.7480  179.9896   -0.3369   -0.2463    0.2699    0.0000    0.0000    0.0000    0.0000    0.0000    0.0000    3.6960   -0.0134    0.0037    1.0803  -16.1743 
   2.2116 4288.8057   -0.4517   -0.1925  179.9795   -0.2759   -0.3073    0.0868    0.0000    0.0000    0.0000    0.0000    0.0000    0.0000    3.6960   -0.0049    0.0085    1.0781    0.0000 
   2.2541 4288.7632   -0.2424   -0.6159  179.9867   -0.7031   -0.0632    0.1478    0.0000    0.0000    0.0000    0.0000    0.0000    0.0000    3.6960   -0.0146    0.0037    1.0786  -16.5405 
   2.2966 4288.7207   -0.3841   -0.0954  179.9783    0.2734   -0.1242   -0.3405    0.0000    0.0000    0.0000    0.0000    0.0000    0.0000    3.6960   -0.0139    0.0129    1.0854    0.0000 
   2.3391 4288.6782   -0.3532   -0.1645  179.9715   -0.0317    0.1199   -0.3405    0.0000    0.0000    0.0000    0.0000    0.0000    0.0000    3.6960   -0.0042    0.0061    1.0884  -15.8691 
   2.3816 4288.6357   -0.4314   -0.6223  179.9732   -0.2149    0.1810    0.3919    0.0000    0.0000    0.0000    0.0000    0.0000    0.0000    3.6960   -0.0088    0.0032    1.0789    0.0000 
   2.4741    0.0010    0.0000    0.0000  179.9695   -0.7642    0.1199    0.0868    0.0000    0.0000    0.0000    0.0000    0.0000    0.0000    3.6960    0.0000    0.0081    1.0818  -16.6016 
   2.5166    0.0013    0.0000    0.0000  179.9657    0.5786    0.0589   -0.2184    0.0000    0.0000    0.0000    0.0000    0.0000    0.0000    3.6960   -0.0029    0.0034    1.0723    0.0000 
   2.5591    0.0009    0.0000    0.0000  179.9618    0.6396   -0.0021   -0.0353    0.0000    0.0000    0.0000    0.0000    0.0000    0.0000    3.6960   -0.0110    0.0110    1.0742  -15.1978 
   2.6016    0.0009    0.0000    0.0000  179.9581    0.0903    0.2420   -0.2184    0.0000    0.0000    0.0000    0.0000    0.0000    0.0000    3.6960   -0.0125    0.0024    1.0825    0.0000 
   2.6441    0.0009    0.0000    0.0000  179.9444    0.7617   -0.0632   -0.0964    0.0000    0.0000    0.0000    0.0000    0.0000    0.0000    3.6960   -0.0137    0.0088    1.0750  -15.0757 
   2.6866    0.0013    0.0000    0.0000  179.9445   -1.0083    0.0589    0.0257    0.0000    0.0000    0.0000    0.0000    0.0000    0.0000    3.6960   -0.0056    0.0159    1.0803    0.0000 
   2.7291    0.0009    0.0000    0.0000  179.9352    0.2734    0.3030    0.0868    0.0000    0.0000    0.0000    0.0000    0.0000    0.0000    3.6960   -0.0010    0.0020    1.0806  -15.5640 
   2.7716    0.0009    0.0000    0.0000  179.9309    0.5786    0.1199   -0.2795    0.0000    0.0000    0.0000    0.0000    0.0000    0.0000    3.6960    0.0007    0.0117    1.0820    0.0000 
   2.8141    0.0009    0.0000    0.0000  179.9266    0.1514    0.2420   -0.0964    0.0000    0.0000    0.0000    0.0000    0.0000    0.0000    3.6960   -0.0076    0.0024    1.0833  -15.6860 
   2.8566    0.0013    0.0000    0.0000  179.9210    0.3345    0.3641   -0.0353    0.0000    0.0000    0.0000    0.0000    0.0000    0.0000    3.6960   -0.0071    0.0054    1.0774    0.0000 
   2.8991    0.0009    0.0000    0.0000  179.9200    0.0903   -0.0021   -0.2795    0.0000    0.0000    0.0000    0.0000    0.0000    0.0798    3.6960   -0.0144    0.0088    1.0847  -15.7471 
   2.9416    0.0009    0.0000    0.0000  179.9209    0.7007    0.2420    0.0868    0.0000    0.0000    0.0000    0.0000    0.0000    0.0438    3.6960    0.0039    0.0029    1.0786    0.0000 
   2.9841    0.0009    0.0000    0.0000  179.9156   -0.0928   -0.0632   -0.2184    0.0000    0.0000    0.0000    0.0000    0.0000    0.0000    3.6960   -0.0112   -0.0012    1.0774  -15.9302 
   3.0266    0.0013    0.0000    0.0000  179.9164    0.4565    0.1199   -0.4015    0.0000    0.0000    0.0000    0.0000    0.0000    0.0000    3.6960   -0.0042    0.0107    1.0754  -15.3809 
   3.0691    0.0010    0.0000    0.0000  179.9155    1.0059    0.1810   -0.0353    0.0000    0.0000    0.0000    0.0000    0.0000    0.0857    3.6960   -0.0017    0.0051    1.0808  -14.8315 
   3.1116    0.0010   -0.0883    0.1697  179.9147   -0.5811    0.0589    0.0868    0.4784   -0.4517    0.6296   -0.8092    0.5636    0.1256    3.6640   -0.0088   -0.0017    1.0825    0.0083 
   3.1541    0.0010   -0.3661    0.4613  179.9044    0.8227    0.4861   -0.4015    0.0022    0.1077    0.4227   -0.7660    0.5636    0.1898    3.6320   -0.0176    0.0205    1.0815    0.0168 
   3.1966    0.0014   -0.1363    0.7990  179.8839    0.2734    0.1199   -1.9884    0.6234   -0.3278    1.2354   -1.8931    0.5636    0.2200    3.6000    0.0115   -0.0005    1.0881    0.0445 
   3.2391    0.0010   -0.4206    0.7782  179.8907    1.9824   -1.0397    0.8192    0.4244   -0.8844    1.6109   -3.0421    0.8454    0.2298    3.6000    0.0083   -0.0242    1.0759    0.0005 
   3.2816    0.0010   -0.2871    0.7322  179.9126   -0.2149   -0.1242   -0.3405   -1.3463   -1.1167   -0.5451   -3.7586    1.4090    0.2986    3.5600    0.0688    0.0103    1.0701    0.0305 
   3.3241    0.0010   -0.0727    1.0434  180.0827    0.3955   -2.1994    6.6175   -0.1872   -0.3648    0.0045   -4.1543    2.5362    0.3363    3.5280   -0.0435   -0.1394    1.0996   -0.0712 
   3.3666    0.0014   -0.5913    1.1821  180.3312   -3.8159    0.7913    4.6034    0.2122   -1.3131    1.2059   -6.0435    2.8180    0.3443    3.5200    0.1863   -0.1885    1.0569   -0.0312 
   3.4091    0.0010   -1.2055    0.8769  180.3678   -1.7407   -1.9553    6.8006   -0.4232   -1.2224    1.4076   -6.6713    2.8180    0.3561    3.5120   -0.1150    0.0928    1.3684   -0.0695 
   3.4516    0.0010   -0.1071    0.7821  181.0011   -6.6235   13.2425   15.7728   -0.7670   -1.2734   -0.0947   -7.3184    2.8180    0.3638    3.5040   -0.3809    0.1228    0.3242   -0.2261 
   3.4941    0.0010   -0.8800   -0.1243  181.6281  -18.7085   31.1868    9.0589   -1.0862   -1.4339   -0.0495   -7.0333    2.8180    0.3826    3.4800   -0.5361    0.9160    1.7886   -0.1089 
   3.5366    0.0014   -1.1340    0.0247  181.9169   13.2739  -39.4309    5.3968   -0.3740   -1.2609    1.4282   -7.6882    3.0998    0.3935    3.4800   -0.2410    0.0547    2.2151   -0.0401 
   3.5791    0.0010   -2.6374   -1.6373  182.2179   47.3926   43.3328    7.2279   -0.0783   -0.8704    4.0145   -5.5234    3.0998    0.4006    3.4560   -0.2839    0.1111    2.3279   -0.0720 
   3.6216    0.0010   -1.8357   -0.8999  182.4814    5.8276  -18.4958    3.3827   -1.2730   -1.0466    2.3184   -6.5825    3.0998    0.4178    3.4800   -0.4663    0.1123    1.2666   -0.0049 
   3.6641    0.0010   -0.2856   -1.2496  182.4836  -33.3569  -23.1955    0.6361   -1.5954   -1.1998    0.2075   -6.3557    3.3816    0.4278    3.4480   -0.3987    0.2063    1.5803    0.0479 
   3.7066    0.0015   -0.5988   -2.2519  182.5453  -25.2393   -9.0964   -0.9508   -1.5778   -1.3517    0.2726   -5.3739    3.6634    0.4343    3.4480   -0.3855   -0.5530    1.1880    0.0805 
   3.7491    0.0010   -0.6267   -2.0950  182.7110  -22.9199   21.1771    2.6502   -1.0003   -1.0103    0.5003   -4.8390    3.9452    0.4343    3.4560   -0.1646    0.0559    1.7449    0.0226 
   3.7916    0.0010   -1.1923   -1.4790  182.9235    1.2500  -16.4206    3.3827   -1.3208   -2.1255    0.8173   -6.5880    3.9452    0.4408    3.4560   -0.1216   -1.0889    1.3132    0.0098 
   3.8341    0.0010   -1.3131   -2.0449  183.1144  -25.7275    1.3406    9.6693   -1.0457   -1.2295    1.3420   -5.1316    3.9452    0.4770    3.4160    0.0994    0.3992    0.8613   -0.0999 
   3.8766    0.0014   -1.3346   -0.8855  183.2705   -8.8208   19.7122    2.7723   -1.5504   -1.1032    0.9766   -6.1177    4.2270    0.4798    3.4160    0.0452    0.7075    0.8472    0.0254 
   3.9191    0.0010   -1.4422   -1.0521  183.5432   25.4809  -31.5573    4.2982   -1.5188   -0.9676    1.1668   -5.8526    3.9452    0.4826    3.4160   -0.4778    0.3713    1.5603   -0.0062 
   3.9616    0.0010   -1.6676   -1.6869  183.8216   -1.4356   -3.2980   13.0262   -0.7997   -1.8281    2.2768   -6.0615    3.9452    0.4854    3.4160    0.1541    1.0222    1.4255   -0.1585 
   4.0041    0.0010   -1.0554   -1.4317  184.2113  -15.4736    6.6507    2.1009   -1.2777   -1.3404    1.3175   -5.9406    4.2270    0.5314    3.3600   -0.1929    0.6299    2.2212    0.0371 
   4.0466    0.0014    0.0085   -1.4337  184.4978   -7.2339   -5.0681    5.1527   -1.3808   -1.6253   -0.1900   -6.2493    4.2270    0.5360    3.3600   -0.3943   -0.5996    1.0493   -0.0162 
   4.0891    0.0011   -0.1602   -1.9318  184.7425   -3.7549  -10.6223    5.3968   -0.7011   -1.5287    0.4250   -5.5171    4.2270    0.5405    3.3680    0.2769    1.1428    0.8538   -0.0204 
   4.1316    0.0010    0.6142   -1.6750  184.9515   -0.9473    7.2000    7.1058   -1.1205   -1.1613   -1.2191   -5.1621    4.2270    0.5428    3.3680   -0.1963   -0.3428    0.3550   -0.0502 
   4.1741    0.0010    0.2587   -1.3890  185.1705    0.0903   -0.6125    3.8709   -1.3249   -1.9643   -1.7568   -6.2281    4.2270    0.5515    3.3600    0.5710   -0.5737    0.6465    0.0062 
   4.2166    0.0014    0.4838   -1.4473  185.3357   -6.3794   13.3035    3.3827   -0.4553   -1.0659   -1.5659   -5.2109    4.2270    0.5598    3.3440    0.6511    0.3276    0.2808    0.0147 
   4.2591    0.0010    1.1114   -1.1060  185.4777    0.7007   10.0076    1.5516   -1.1525   -1.2170   -3.7110   -5.6967    4.2270    0.5598    3.3440    0.2581    0.0117    1.6489    0.0467 
   4.3016    0.0010    0.4781   -1.3315  185.6478    6.6821   -5.3732    6.1903   -0.8109   -1.8212   -3.5901   -6.1612    4.2270    0.5639    3.3360   -0.1392    0.0347    1.1023   -0.0343 
   4.3441    0.0010    0.9076   -1.6974  185.8377    8.8794    2.9275    7.7772   -1.2293   -1.7753   -4.8990   -5.5000    4.2270    0.5639    3.3360   -0.3337   -1.1384    1.6521   -0.0620 
   4.3866    0.0014    0.6082   -1.3175  185.9118   22.4292   12.6321   -2.0495   -1.2436   -1.0090   -5.4921   -4.9933    4.2270    0.5639    3.3280   -0.7581   -0.0923    1.3479    0.1095 
   4.4291    0.0010    0.9409   -1.1754  186.0759    7.9028  -13.1247    7.3499   -1.2759   -0.4320   -6.9381   -4.6088    4.2270    0.5736    3.3200   -0.4619    0.2507    1.5081   -0.0545 
   4.4716    0.0010    0.3903   -2.0351  186.2579   -3.7549    8.9090    6.1903   -0.2538   -0.6104   -5.9022   -3.5096    4.2270    0.5999    3.2960   -0.4434   -0.7720    1.4866   -0.0343 
   4.5141    0.0010   -0.4840   -1.6496  186.4794  -34.0894    4.8196    6.3734    0.0582   -0.7817   -4.6267   -3.8409    4.2270    0.6030    3.2880   -0.1213   -0.6865    0.7029   -0.0375 
   4.5566    0.0014   -1.5164   -0.9900  186.6372   10.6494   -1.2839    2.7113   -1.6912    0.0888   -5.2229   -3.0851    3.3816    0.5659    3.3360    0.0569   -0.3569    0.6436    0.0117 
   4.5991    0.0010    0.0194   -1.0868  186.6692   26.0913   -2.2604    2.3451   -2.0536    0.1450   -7.7809   -2.2852    3.0998    0.5639    3.3360   -0.6125    1.3857    1.1838    0.0132 
   4.6416    0.0010   -0.3021   -0.8999  186.7489  -53.9258   15.0735   -2.1715    0.5612   -0.4582   -5.3285   -2.6542    3.0998    0.5774    3.3200   -0.1694    0.5076    1.2356    0.0920 
   4.6841    0.0010   -1.7353   -0.4938  186.8561   -0.1538    3.5989    3.4437    0.3969    0.8930   -3.1367   -1.3969    3.0998    0.5774    3.3200   -0.3557   -1.5068    1.8762   -0.0060 
   4.7266    0.0014   -1.0861   -0.6087  186.9114   20.0488  -17.5803   -1.3171   -1.1500    1.3383   -4.9764   -0.1951    3.0998    0.5774    3.3120   -0.3542    1.4158    1.6394    0.0771 
   4.7691    0.0011   -1.1743   -0.9498  187.0282  -32.3193   -3.2980    3.5658   -0.1168    1.9288   -3.7140    1.7999    3.3816    0.5774    3.3200   -0.0613   -0.3311    0.5271   -0.0032 
   4.8116    0.0010   -1.2485   -0.5680  187.1210   20.1099    3.1717    4.2371    1.8762    1.4283   -0.8207    2.0346    3.3816    0.5774    3.3120    0.2412   -0.9231    0.3958   -0.0149 
   4.8541    0.0010    0.0726    0.0873  187.2365   15.0439   28.5013    1.3075    2.5320    2.7893   -0.3107    3.8029    3.3816    0.5966    3.2960    0.2109    1.0227    1.5659    0.0362 
   4.8966    0.0014    0.1878    1.3269  187.3428   -0.9473   11.2894    3.2606    3.1162    3.3600    1.2309    3.9720    3.0998    0.6232    3.2640    0.4597   -0.6804    0.4534   -0.0028 
   4.9391    0.0010   -0.0212    0.5603  187.4437   17.1191  -15.0168    3.3216    4.8225    3.4033    5.1050    5.6479    3.0998    0.6333    3.2400    0.3491   -0.2266    0.4663   -0.0039 
   4.9816    0.0010   -0.0745    0.3900  187.5255   -6.2573    7.8104    2.2230    6.9277    4.1551    9.5923    7.9828    3.3816    0.6357    3.2480   -0.4128   -1.3862    1.3062    0.0202 
   5.0241    0.0010    0.3580    1.1359  187.7025   22.7344   24.4119    4.3592    7.2594    4.1037   12.4956    8.4451    3.9452    0.6369    3.2560   -0.5051    0.1191    0.2996   -0.0072 
   5.0666    0.0014    1.1652    1.8278  187.9148   27.1289   -8.7912    4.3592    6.7905    5.6844   14.0380   10.8782    4.5088    0.6369    3.2560   -0.1387   -1.5706    1.3958    0.0026 
   5.1091    0.0010    1.3094    1.5585  188.1800    7.1094    1.3406    8.6317    7.0459    5.5334   16.7936   12.7018    4.5088    0.6369    3.2560    0.4268   -1.3931    0.4541   -0.0720 
   5.1516    0.0010    2.4733    2.5880  188.4467   10.1001   37.9007    4.6034    9.7891    5.4405   21.2032   13.2289    4.7906    0.6369    3.2560    0.3567   -2.3816    1.0334    0.0033 
   5.1941    0.0010    2.3900    3.8684  188.7023   20.2319   26.9144    6.4344    9.2755    6.0584   24.0088   13.5976    5.6360    0.6369    3.2640   -0.0037   -0.5337    1.6882   -0.0139 
   5.2366    0.0014    3.2073    4.4384  189.0270   23.3447   10.0076    4.9696    9.6926    6.0535   26.3248   13.7332    5.6360    0.6369    3.2560   -0.9197    1.1995    0.4102    0.0116 
   5.2791    0.0010    4.0659    4.8576  189.3026   18.0957   13.3035    4.4813   10.2588    6.6717   28.9083   14.7644    5.3542    0.6369    3.2560   -0.1135    0.4827    1.9033    0.0152 
   5.3216    0.0010    5.3063    5.6990  189.5863   31.2793   19.5291    4.4202   12.1337    5.8063   32.2226   13.6018    5.3542    0.6369    3.2560   -1.4026    1.8975    2.0349    0.0163 
   5.3641    0.0010    6.3262    6.6969  189.9364   32.5610   22.8860    4.8475   11.8603    6.6661   33.5568   13.7427    5.3542    0.6369    3.2560    0.3069    0.1570    0.6150    0.0088 
   5.4066    0.0014    7.9258    6.9181  190.2288   29.8144   10.4959    4.6034   11.4965    7.1440   33.5553   14.0440    5.3542    0.6369    3.2560    0.2915   -1.1008    0.8577    0.0131 
   5.4491    0.0010    8.9459    7.5129  190.5944   30.1196   11.5945    8.2655   11.6328    7.3925   34.1530   13.7761    5.3542    0.6369    3.2560    1.3853   -0.5979    0.7087   -0.0508 
   5.4916    0.0010   10.7421    8.2352  190.9929   30.2417   20.9329    4.4202   10.6852    6.0512   31.9948   11.1919    5.3542    0.6380    3.2480    0.3672   -2.5085    1.5244    0.0163 
   5.5341    0.0010   11.3804    8.7662  191.3156   19.4385    2.6224    3.6878    9.3733    3.1077   29.4347    6.0730    4.5088    0.6380    3.2480   -0.7122    0.5713    2.1555    0.0143 
   5.5766    0.0014   11.8841    8.7288  191.6013   20.1709   -9.8898    4.4202    9.8638    0.2213   28.6872    0.0152    3.6634    0.6380    3.2560   -0.4148    1.4358    0.9441   -0.0132 
   5.6191    0.0010   12.8442    7.9314  191.7994   16.3257   -7.9977    3.3827    8.7493    0.7189   25.2968   -2.0225    3.6634    0.6380    3.2480    0.2686    0.2954    0.9873    0.0049 
   5.6616    0.0010   13.2492    7.7425  192.0067    8.8184   -9.8898    1.0023    6.5449   -1.1040   20.1750   -7.1666    3.6634    0.6380    3.2480   -0.3643    0.9758    1.3591    0.0464 
   5.7041    0.0010   13.4339    7.3652  192.2462    4.0576  -12.5754    3.1385    7.5703   -2.4017   18.3670  -12.0418    3.6634    0.6380    3.2480    0.0718    2.7236    0.8438    0.0092 
   5.7466    0.0014   13.7836    6.3316  192.4128    1.3110  -28.1393    3.9930    3.3451   -4.4913   10.2787  -17.5981    3.6634    0.6380    3.2400    0.3047    2.3044    1.3669   -0.0058 
   5.7891    0.0010   13.5434    4.8905  192.5536  -10.4688  -34.7922    1.0633    2.9803   -5.1603    5.3960  -21.2329    3.6634    0.6333    3.2480   -0.3928    0.9883    1.4712    0.0454 
   5.8316    0.0010   12.6829    3.0473  192.6074   -6.5625  -30.8249    7.4110   -0.6710   -7.4364   -2.1274  -26.3812    3.6634    0.6297    3.2560   -0.3965   -0.0308    0.8899   -0.0654 
   5.8741    0.0010   11.7436    1.4266  192.7572  -19.9902  -41.5671    3.8709   -1.7430   -8.2867   -8.2088  -29.7484    4.2270    0.6246    3.2640   -0.0718   -0.1816    1.5317    0.0062 
   5.9166    0.0014   10.4679   -0.3386  192.9622  -17.2437  -47.9147    3.0164   -1.2077   -9.4965  -11.4338  -33.3675    3.9452    0.6246    3.2560    0.2231   -2.9487    0.9351    0.0162 
   5.9591    0.0010    9.5978   -2.1842  193.1608  -26.0938  -46.3278    4.1761   -3.2716   -8.9861  -17.7677  -34.3615    3.3816    0.6232    3.2560    0.0630   -0.0867    1.0125   -0.0139 
   6.0016    0.0010    8.0453   -3.8509  193.4235  -44.0381  -43.5812    3.5658   -2.1337   -9.5634  -20.0059  -35.8549    3.3816    0.6246    3.2560    0.4180    2.4155    0.6082   -0.0032 
   6.0441    0.0010    6.1688   -5.2952  193.7262  -28.2300  -48.0368    3.5658   -4.7300   -8.7847  -25.4329  -35.5457    2.8180    0.6246    3.2640    0.3284    0.1228    0.4790   -0.0131 
   6.0866    0.0014    4.6864   -6.8687  194.0014  -42.3901  -40.8957   -0.7677   -3.4893   -9.2269  -26.8140  -35.4600    2.5362    0.6232    3.2560    0.2422    0.2102    1.2793    0.0577 
   6.1291    0.0010    3.2598   -8.4873  194.3584  -38.4229  -43.1540    2.9554   -5.3532   -9.3931  -30.6217  -34.8104    2.5362    0.6232    3.2640   -0.6238   -1.7229    1.6660   -0.0073 
   6.1716    0.0010    1.2884  -10.1374  194.7662  -41.1084  -37.4777    4.5423   -5.5269   -9.3801  -32.3659  -33.1734    2.8180    0.6246    3.2480   -0.9546    0.3547    0.8550   -0.0301 
   6.2141    0.0011   -0.4170  -11.0855  195.1939  -37.9346  -31.3742    1.4906   -6.5294   -8.8639  -34.1781  -31.2672    2.5362    0.6246    3.2560   -0.0156    0.1619    1.2974    0.0182 
   6.2566    0.0014   -2.6004  -11.7711  195.6978  -52.1558  -22.1579    3.2606   -7.1130   -7.8278  -34.8854  -28.1892    2.5362    0.6232    3.2560    0.0564    1.1814    0.6287   -0.0126 
   6.2991    0.0010   -4.0707  -11.9332  196.3233  -51.3013  -17.1530    6.5565   -5.6129   -7.5672  -33.1330  -26.1426    2.5362    0.6232    3.2560    0.3364    0.1331    1.0017   -0.0702 
   6.3416    0.0010   -5.4199  -12.2211  196.7868  -26.7041  -15.1389    2.5892   -4.6862   -6.2937  -31.0438  -22.4210    2.5362    0.6246    3.2480    0.1826   -1.2520    1.3743   -0.0009 
   6.3841    0.0010   -6.3275  -12.4710  197.2753  -36.5918  -15.3830    7.8993   -5.9164   -5.1010  -31.2638  -18.2795    2.5362    0.6232    3.2480    0.3074   -1.0503    1.1641   -0.0936 
   6.4266    0.0014   -9.0992  -12.3427  197.8719  -50.6909   -5.1901    1.1854   -1.6799   -4.2350  -22.4555  -14.1777    1.6908    0.6259    3.2480   -0.7756    0.1580    1.1052    0.0088 
   6.4691    0.0011  -10.2375  -11.4969  198.0865   -6.8677    5.4910    4.6644   -1.8914   -2.9068  -17.9928  -10.2493    0.8454    0.6271    3.2480    0.3816    0.2510    0.5891   -0.0667 
   6.5116    0.0010  -10.3533  -10.8173  198.0897  -14.8023   19.7732   -5.1012    1.0683   -2.2693  -10.8134   -6.4938    0.8454    0.6321    3.2400    0.0449   -0.9536    1.2080    0.1038 
   6.5541    0.0010  -10.6485   -9.4603  197.9906  -12.8491   19.2239   -0.7677    2.2623   -1.5732   -4.2612   -3.5659    0.8454    0.6345    3.2480   -0.2249    1.9036    0.9036    0.0282 
   6.5966    0.0014  -10.6978   -8.6912  197.9382  -10.1025    7.7493   -0.2795    3.6286    0.8536    2.9692    1.8995    0.8454    0.6357    3.2320   -0.1194   -0.0059    1.7283    0.0196 
   6.6391    0.0010   -9.6525   -7.8347  197.8248  126.3110   82.9446    6.8617    3.3492    2.4684    7.3590    7.0839    1.1272    0.6369    3.2320   -1.3669    1.5825    4.4287   -0.1001 
   6.6816    0.0010    7.1626    4.4158  198.8557  251.7993  283.7503   28.1629    7.2890    2.8861   -2.7526   -2.8752    0.8454    0.6369    3.0720    0.5100   -1.6768    0.7300   -0.4768 
   6.7241    0.0010   -6.3333    4.7847  196.4821 -419.5264 -135.5002  -35.1305    6.3107    3.5237   11.8764   -3.8166    1.1272    0.6369    3.0960   -1.1130    0.2651    3.5210    0.6328 
   6.7666    0.0014   -8.2811    1.5538  196.1520  110.8081  -58.8400   -1.3171    9.1120    4.0098   23.4936    0.2147    1.6908    0.6369    3.1760   -1.5261   -0.0432    2.2510    0.0525 
   6.8091    0.0010   -3.1369    1.0807  196.0479   70.1587   17.6370   -2.4767    9.4989    4.5910   25.1083    2.6330    1.9726    0.6369    3.2400   -1.4839    2.9138    2.0940    0.0777 
   6.8516    0.0010   -2.9396    2.5049  196.0197  -20.2344   23.1912   -4.9792    8.5747    5.1910   28.9293    3.2271    1.4090    0.6345    3.2000   -0.1846    4.5396    1.0991    0.1115 
   6.8941    0.0011   -2.7624    2.6622  196.0343   56.7920    8.4817    2.7113    9.7257    3.4440   35.0136    2.3082    3.3816    0.5536    3.3120    0.3875    0.7136    0.1938    0.0117 
   6.9366    0.0014    0.1958    2.6288  196.2154   64.7266    4.0262    1.4295    8.9001    3.0946   35.7675    1.9737    3.0998    0.4882    3.3840    0.2468    0.2375    0.0188    0.0292 
   6.9791    0.0010    2.4629    2.3550  196.3788   26.0303    8.6649    1.3685    7.8922    4.3637   35.3086    4.0855    2.8180    0.4563    3.4080   -0.2634    0.8528    1.1221    0.0253 
   7.0216    0.0010    3.3030    2.5733  196.4265   23.3447   13.4256   -1.6222    6.5676    3.7290   35.0170    3.9281    2.2544    0.3714    3.4480   -0.4722    0.5925    0.5288    0.0677 
   7.0641    0.0010    4.9932    3.1373  196.5011   45.5005   22.6419   -0.2795    6.9366    3.0147   34.6956    2.7842    1.1272    0.1367    3.5840   -0.3206    0.2490    0.9829    0.0246 
   7.1066    0.0013    0.0000    0.0000  196.6536   65.0928   31.3089   -1.3171    6.9366    3.0147    0.0000    0.0000    0.0000    0.0000    3.6320   -0.0447   -0.2454    1.2610   49.2554 
   7.1491    0.0009    0.0000    0.0000  196.6912   72.8442   51.3284   -3.5143    6.9366    3.0147    0.0000    0.0000    0.0000    0.0000    3.6400    0.0100   -0.6160    0.1086   57.0068 
   7.1916    0.0009    0.0000    0.0000  196.9112   92.3144   83.7991   -1.5612    6.9366    3.0147    0.0000    0.0000    0.0000    0.0000    3.6320   -0.1365    0.1292    0.1958    0.0000 
   7.2341    0.0009    0.0000    0.0000  194.9510 -158.3569  455.3201  -63.4508    6.9366    3.0147    0.0000    0.0000    0.0000    0.0000    3.6400   -0.2930    0.6440   -1.7480 -174.1943 
   7.2766    0.0013    0.0000    0.0000  193.5240  199.8584  177.7933  -50.0841    6.9366    3.0147    0.0000    0.0000    0.0000    0.0000    3.6400    0.3633    0.0205    1.9153  184.0210 
   7.3191    0.0010    0.0000    0.0000  192.6426   -8.8208 -393.0685  -22.3131    6.9366    3.0147    0.0000    0.0000    0.0000    0.0000    3.6400   -0.2773    0.2449    3.9211  -24.6582 
   7.3616    0.0009    0.0000    0.0000  191.0844  -48.0054  -98.6350  -61.9860    6.9366    3.0147    0.0000    0.0000    0.0000    0.0000    3.6400    0.1296    0.0405    1.4292    0.0000 
   7.4041    0.0009    0.0000    0.0000  188.7017  -51.4233  307.0657  -71.0192    6.9366    3.0147    0.0000    0.0000    0.0000    0.0000    3.6400   -0.8279    1.5139    4.1284  -67.2607 
   7.4466    0.0013    0.0000    0.0000  185.8626  105.4980 -106.6306  -35.9850    6.9366    3.0147    0.0000    0.0000    0.0000    0.0000    3.6400   -0.4453   -0.0479    1.1721   89.6606 
   7.4891    0.0009    0.0000    0.0000  184.2014   -6.3184   82.3343  -48.6193    6.9366    3.0147    0.0000    0.0000    0.0000    0.0000    3.6400   -0.5000    0.2559    0.7332  -22.1558 
   7.5316    0.0009    0.0000    0.0000  182.2851   25.9082  -22.8903  -31.2853    6.9366    3.0147    0.0000    0.0000    0.0000    0.0000    3.6480   -0.2542    0.2129    0.9600    0.0000 
   7.5741    0.0009    0.0000    0.0000  180.9055   12.6636   -8.5471  -32.5671    6.9366    3.0147    0.0000    0.0000    0.0000    0.0000    3.6480   -0.2017    0.0349    0.8242   -3.1738 
   7.6166    0.0013    0.0000    0.0000  179.4930    5.8276    1.7068  -29.0881    6.9366    3.0147    0.0000    0.0000    0.0000    0.0000    3.6480   -0.2837    0.1162    1.0955  -10.0098 
   7.6591    0.0009    0.0000    0.0000  178.3579   -4.9756   19.0408  -27.8063    6.9366    3.0147    0.0000    0.0000    0.0000    0.0000    3.6480   -0.3320    0.0220    1.0654  -20.8130 
   7.7016    0.0009    0.0000    0.0000  177.8129   -0.0928   43.0887    0.6361    6.9366    3.0147    0.0000    0.0000    0.0000    0.0000    3.6480   -0.0186   -0.0022    1.0925    0.0000 
   7.7441    0.0009    0.0000    0.0000  177.7355   17.9736  -23.6838   -1.5002    6.9366    3.0147    0.0000    0.0000    0.0000    0.0000    3.6480    0.0156   -0.0623    1.1162    2.1362 
   7.7866    0.0013    0.0000    0.0000  177.7281   -0.8252    4.3314    1.0633    6.9366    3.0147    0.0000    0.0000    0.0000    0.0000    3.6480   -0.0527    0.0012    1.0691  -16.6626 
   7.8291    0.0009    0.0000    0.0000  177.7440  -10.1636    7.3831    1.9788    6.9366    3.0147    0.0000    0.0000    0.0000    0.0000    3.6480    0.0256    0.0454    1.0691  -26.0010 
   7.8716    0.0009    0.0000    0.0000  177.7361    0.5786    2.1341   -0.0353    6.9366    3.0147    0.0000    0.0000    0.0000    0.0000    3.6480   -0.0425   -0.0134    1.0605    0.0000 
   7.9141    0.0009    0.0000    0.0000  177.7482    4.3018   -8.9743    0.8192    6.9366    3.0147    0.0000    0.0000    0.0000    0.0000    3.6480   -0.0476   -0.0146    1.0708  -11.5356 
   7.9566    0.0014    0.0000    0.0000  177.7458   -0.0928    4.3314    0.0257    6.9366    3.0147    0.0000    0.0000    0.0000    0.0000    3.6480   -0.0007   -0.0146    1.0642  -15.9302 
   7.9991    0.0009    0.0000    0.0000  177.7448    0.7617    2.9275   -0.2184    6.9366    3.0147    0.0000    0.0000    0.0000    0.0000    3.6480   -0.0022   -0.0012    1.0723  -15.0757 
   8.1316 4294.8657   -0.1349   -0.3525  177.7253   -0.2149    0.9134    0.1478    6.9366    3.0147    0.0000    0.0000    0.0000    0.0000    3.6480   -0.0063   -0.0020    1.0762    0.0000 
   8.1741 4294.8232   -0.0390    0.1771  177.7232   -0.2759   -0.0632   -0.1574    6.9366    3.0147    0.0000    0.0000    0.0000    0.0000    3.6560   -0.0122   -0.0090    1.0667  -16.1133 
   8.2166 4294.7808   -0.3906   -0.1919  177.7102   -0.2149    0.1810    0.1478    6.9366    3.0147    0.0000    0.0000    0.0000    0.0000    3.6480   -0.0137   -0.0022    1.0867  -16.0522 
   8.2591 4294.7383   -0.3489    0.2228  177.7109   -0.8252   -0.0021    0.3919    6.9366    3.0147    0.0000    0.0000    0.0000    0.0000    3.6560   -0.0078    0.0029    1.0730  -16.6626 
   8.3016 4294.6958   -0.3626    0.0674  177.7130    0.2734   -0.1852    0.0257    6.9366    3.0147    0.0000    0.0000    0.0000    0.0000    3.6560   -0.0078    0.0005    1.0759    0.0000 
   8.3441 4294.6533   -0.0903   -0.1056  177.7163    1.0059   -0.1852   -0.0964    6.9366    3.0147    0.0000    0.0000    0.0000    0.0000    3.6560   -0.0195    0.0002    1.0837  -14.8315 
   8.3866 4294.6108    0.0104   -0.3524  177.7061    0.7007    0.2420   -0.2184    6.9366    3.0147    0.0000    0.0000    0.0000    0.0000    3.6560   -0.0237    0.0032    1.0720    0.0000 
   8.4291 4294.5684   -0.2063   -0.1994  177.7031   -0.2759    0.1199   -0.0964    6.9366    3.0147    0.0000    0.0000    0.0000    0.0000    3.6560   -0.0264   -0.0103    1.0801  -16.1133 
   8.4716 4294.5259   -0.1277   -0.0287  177.7049   -0.1538    0.0589   -0.0964    6.9366    3.0147    0.0000    0.0000    0.0000    0.0000    3.6560   -0.0088   -0.0127    1.0779  -15.9912 
   8.5141 4294.4834   -0.2585   -0.3495  177.7065    0.3955   -0.1242    0.2088    6.9366    3.0147    0.0000    0.0000    0.0000    0.0000    3.6560   -0.0215   -0.0034    1.0820  -15.4419 
   8.5566 4294.4409    0.0048   -0.2633  177.7072   -0.0317   -0.1852    0.0868    6.9366    3.0147    0.0000    0.0000    0.0000    0.0000    3.6560   -0.0190   -0.0088    1.0720    0.0000 
   8.5991 4294.3984   -0.3697   -0.2539  177.7005   -0.5200    0.0589   -0.1574    6.9366    3.0147    0.0000    0.0000    0.0000    0.0000    3.6560   -0.0195   -0.0020    1.0784  -16.3574 
   8.6416 4294.3560    0.3023   -0.0701  177.7059    0.1514   -0.0632   -0.3405    6.9366    3.0147    0.0000    0.0000    0.0000    0.0000    3.6560   -0.0283   -0.0208    1.0801  -15.6860 
   8.6841 4294.3135   -0.0128   -0.2840  177.7022   -0.0928    0.4861   -0.1574    6.9366    3.0147    0.0000    0.0000    0.0000    0.0000    3.6560   -0.0095   -0.0027    1.0825  -15.9302 
   8.7266 4294.2705   -0.0040   -0.5091  177.7000    0.3345   -0.0021    0.2088    6.9366    3.0147    0.0000    0.0000    0.0000    0.0000    3.6480   -0.0232   -0.0120    1.0664    0.0000 
   8.7691 4294.2280   -0.1777   -0.1562  177.6968   -0.8862   -0.1852    0.3919    6.9366    3.0147    0.0000    0.0000    0.0000    0.0000    3.6560   -0.0305   -0.0037    1.0693  -16.7236 
   8.8116 4294.1855    0.2229   -0.0724  177.7026    0.1514   -0.0021    0.0868    6.9366    3.0147    0.0000    0.0000    0.0000    0.0000    3.6480   -0.0161   -0.0134    1.0830    0.0000 
   8.8541 4294.1431   -0.2343   -0.0872  177.6966   -0.5811    0.1810   -0.2795    6.9366    3.0147    0.0000    0.0000    0.0000    0.0000    3.6560   -0.0110   -0.0034    1.0588  -16.4185 
   8.8966 4294.1006   -0.1846   -0.4551  177.6959   -0.4590   -0.1852    0.0868    6.9366    3.0147    0.0000    0.0000    0.0000    0.0000    3.6560   -0.0234   -0.0039    1.0835    0.0000 
   8.9391 4294.0581   -0.2155   -0.0771  177.6892    0.8227    0.0589   -0.3405    6.9366    3.0147    0.0000    0.0000    0.0000    0.0000    3.6560   -0.0142   -0.0049    1.0764  -15.0146 
   8.9816 4294.0156   -0.3066   -0.2957  177.6885    0.0903   -0.4294    0.0868    6.9366    3.0147    0.0000    0.0000    0.0000    0.0000    3.6560   -0.0205   -0.0010    1.0793    0.0000 
   9.0241 4293.9731   -0.3142   -0.2292  177.6797    0.2124   -0.1852   -0.2795    6.9366    3.0147    0.0000    0.0000    0.0000    0.0000    3.6560   -0.0149   -0.0105    1.0649  -15.6250 
   9.0666 4293.9307   -0.3852    0.1804  177.6790    1.4331    0.1199   -0.0353    6.9366    3.0147    0.0000    0.0000    0.0000    0.0000    3.6560   -0.0188   -0.0039    1.0728    0.0000 
   9.1091 4293.8882   -0.2378   -0.3137  177.6805    0.2734    0.1199    0.1478    6.9366    3.0147    0.0000    0.0000    0.0000    0.0000    3.6560   -0.0005    0.0017    1.0715  -15.5640 
   9.1516 4293.8457   -0.6365    0.0973  177.6763    0.6396    0.1810   -0.4015    6.9366    3.0147    0.0000    0.0000    0.0000    0.0000    3.6560   -0.0134    0.0027    1.0759    0.0000 
   9.1941 4293.8032   -0.2593   -0.0420  177.6793    0.1514    0.3030    0.2088    6.9366    3.0147    0.0000    0.0000    0.0000    0.0000    3.6560   -0.0146   -0.0027    1.0808  -15.6860 
   9.2366 4293.7607   -0.0181   -0.1710  177.6755    0.1514   -0.1852   -0.0964    6.9366    3.0147    0.0000    0.0000    0.0000    0.0000    3.6560   -0.0173   -0.0073    1.0793    0.0000 
   9.2791 4293.7183   -0.1614   -0.3711  177.6693   -0.3369    0.0589   -0.2184    6.9366    3.0147    0.0000    0.0000    0.0000    0.0000    3.6640   -0.0205   -0.0051    1.0728  -16.1743 
   9.3216 4293.6758   -0.3720   -0.2418  177.6619   -0.7031   -0.0632   -0.1574    6.9366    3.0147    0.0000    0.0000    0.0000    0.0000    3.6640   -0.0044   -0.0054    1.0710    0.0000 
   9.3641 4293.6333   -0.1912   -0.0975  177.6641    0.1514   -0.1852   -0.2184    6.9366    3.0147    0.0000    0.0000    0.0000    0.0000    3.6560   -0.0173   -0.0066    1.0762  -15.6860 
   9.4066 4293.5908   -0.2096   -0.6330  177.6562    0.5176    0.1199   -0.2184    6.9366    3.0147    0.0000    0.0000    0.0000    0.0000    3.6640   -0.0112   -0.0034    1.0869    0.0000 
   9.4491 4293.5483   -0.1804   -0.2514  177.6536   -0.0317   -0.2463    0.0257    6.9366    3.0147    0.0000    0.0000    0.0000    0.0000    3.6560   -0.0161   -0.0022    1.0784  -15.8691 
   9.4916 4293.5059   -0.1162   -0.2701  177.6494    1.0669    0.1199   -0.0353    6.9366    3.0147    0.0000    0.0000    0.0000    0.0000    3.6640   -0.0186   -0.0049    1.0771    0.0000 
   9.5341 4293.4634   -0.3497   -0.4975  177.6464    0.8838    0.3641   -0.0964    6.9366    3.0147    0.0000    0.0000    0.0000    0.0000    3.6560   -0.0247   -0.0017    1.0818  -14.9536 
   9.5766 4293.4209   -0.1728    0.0136  177.6491    0.7617    0.1199   -0.4626    6.9366    3.0147    0.0000    0.0000    0.0000    0.0000    3.6640   -0.0085    0.0044    1.0735    0.0000 
   9.6191 4293.3784   -0.4286   -0.2416  177.6463    0.3955    0.2420   -0.0353    6.9366    3.0147    0.0000    0.0000    0.0000    0.0000    3.6640   -0.0269    0.0022    1.0889  -15.4419 
   9.6616 4293.3359   -0.1011    0.0220  177.6415    1.3110   -0.0632    0.1478    6.9366    3.0147    0.0000    0.0000    0.0000    0.0000    3.6640   -0.0146   -0.0063    1.0774    0.0000 
   9.7041 4293.2935   -0.3323   -0.0122  177.6447   -0.4590    0.0589    0.1478    6.9366    3.0147    0.0000    0.0000    0.0000    0.0000    3.6640   -0.0149    0.0015    1.0796  -16.2964 
   9.7466 4293.2510   -0.1490   -0.4738  177.6454   -0.2149    0.0589   -0.0964    6.9366    3.0147    0.0000    0.0000    0.0000    0.0000    3.6640   -0.0234   -0.0056    1.0735    0.0000 
   9.7891 4293.2080   -0.1647   -0.1533  177.6452   -0.0928    0.0589    0.0257    6.9366    3.0147    0.0000    0.0000    0.0000    0.0000    3.6640   -0.0146   -0.0056    1.0754  -15.9302 
   9.8316 4293.1655   -0.3124   -0.6553  177.6372    0.3955    0.0589   -0.2184    6.9366    3.0147    0.0000    0.0000    0.0000    0.0000    3.6640   -0.0293    0.0034    1.0774    0.0000 
   9.8741 4293.1230   -0.0187   -0.0447  177.6311    0.3345    0.0589    0.2088    6.9366    3.0147    0.0000    0.0000    0.0000    0.0000    3.6640   -0.0129   -0.0151    1.0833  -15.5029 
   9.9166 4293.0806   -0.2050   -0.2278  177.6307   -0.2149    0.1199    0.1478    6.9366    3.0147    0.0000    0.0000    0.0000    0.0000    3.6640   -0.0198   -0.0063    1.0754    0.0000 
   9.9591 4293.0381   -0.3078   -0.2415  177.6461   -1.3745   -0.3684    0.2088    6.9366    3.0147    0.0000    0.0000    0.0000    0.0000    3.6640   -0.0259   -0.0015    1.0728  -17.2119 
  10.0016 4292.9956   -0.0260   -0.0839  177.6535   -0.7642   -0.3684    0.1478    6.9366    3.0147    0.0000    0.0000    0.0000    0.0000    3.6640   -0.0098   -0.0112    1.0774    0.0000 
  10.0441 4292.9531   -0.0121    0.1223  177.6535    0.0903   -0.0021   -0.1574    6.9366    3.0147    0.0000    0.0000    0.0000    0.0000    3.6640   -0.0056   -0.0059    1.0679  -15.7471 
  10.0866 4292.9106   -0.0701    0.0243  177.6437    0.4565   -0.0021   -0.1574    6.9366    3.0147    0.0000    0.0000    0.0000    0.0000    3.6640   -0.0168   -0.0078    1.0681    0.0000 
  10.1291 4292.8682   -0.3534   -0.2720  177.6353    0.3345    0.2420   -0.0964    6.9366    3.0147    0.0000    0.0000    0.0000    0.0000    3.6640   -0.0212    0.0024    1.0684  -15.5029 
  10.1716 4292.8257   -0.2076   -0.2542  177.6294    0.3345    0.1199   -0.2795    6.9366    3.0147    0.0000    0.0000    0.0000    0.0000    3.6640   -0.0273   -0.0098    1.0752    0.0000 
  10.2141 4292.7832   -0.3612   -0.2830  177.6262    0.6396   -0.0632    0.0868    6.9366    3.0147    0.0000    0.0000    0.0000    0.0000    3.6640   -0.0244   -0.0039    1.0745  -15.1978 
  10.2566 4292.7407    0.2533   -0.2236  177.6292   -0.0928    0.1810    0.0868    6.9366    3.0147    0.0000    0.0000    0.0000    0.0000    3.6640   -0.0088   -0.0071    1.0808    0.0000 
  10.2991 4292.6982   -0.2544    0.1232  177.6237    0.6396    0.0589   -0.3405    6.9366    3.0147    0.0000    0.0000    0.0000    0.0000    3.6640   -0.0083   -0.0042    1.0789  -15.1978 
  10.3416 4292.6558   -0.0678   -0.0464  177.6191    0.0903    0.1199   -0.0964    6.9366    3.0147    0.0000    0.0000    0.0000    0.0000    3.6640   -0.0159   -0.0029    1.0737    0.0000 
  10.3841 4292.6133   -0.4772   -0.0668  177.6176   -0.4590    0.3030    0.0868    6.9366    3.0147    0.0000    0.0000    0.0000    0.0000    3.6560   -0.0156   -0.0098    1.0640  -16.2964 
  10.4266 4292.5708   -0.1791   -0.0759  177.6183   -1.3745   -0.3073    0.0868    6.9366    3.0147    0.0000    0.0000    0.0000    0.0000    3.6640   -0.0203   -0.0078    1.0779    0.0000 
  10.4691 4292.5283    0.0356   -0.3137  177.6131    0.8227    0.1810   -0.5236    6.9366    3.0147    0.0000    0.0000    0.0000    0.0000    3.6640   -0.0210   -0.0142    1.0901  -15.0146 
  10.5116 4292.4858   -0.8561   -0.2431  177.6036    0.7007   -0.1852   -0.2184    6.9366    3.0147    0.0000    0.0000    0.0000    0.0000    3.6640   -0.0210    0.0093    1.0771    0.0000 
  10.5541 4292.4434   -0.5227   -0.0945  177.6157   -0.3369   -0.4294    0.1478    6.9366    3.0147    0.0000    0.0000    0.0000    0.0000    3.6640   -0.0164    0.0007    1.0630  -16.1743 
  10.5966 4292.4009    0.1097   -0.1582  177.6158   -0.5811    0.2420    0.0868    6.9366    3.0147    0.0000    0.0000    0.0000    0.0000    3.6640   -0.0146   -0.0112    1.0698    0.0000 
  10.6391 4292.3584   -0.2587   -0.1749  177.6184    0.9448    0.0589    0.0868    6.9366    3.0147    0.0000    0.0000    0.0000    0.0000    3.6640   -0.0164   -0.0022    1.0840  -14.8926 
  10.6816 4292.3159   -0.2446    0.3199  177.6154   -0.4590   -0.0021   -0.1574    6.9366    3.0147    0.0000    0.0000    0.0000    0.0000    3.6640   -0.0115   -0.0071    1.0845    0.0000 
  10.7241 4292.2734   -0.0978   -0.2608  177.6093   -0.2149   -0.0021   -0.2184    6.9366    3.0147    0.0000    0.0000    0.0000    0.0000    3.6640   -0.0208   -0.0049    1.0791  -16.0522 
  10.7666 4292.2310   -0.1951   -0.3534  177.5967    0.2734   -0.2463   -0.0964    6.9366    3.0147    0.0000    0.0000    0.0000    0.0000    3.6640   -0.0234   -0.0046    1.0784    0.0000 
  10.8091 4292.1885   -0.1675   -0.2014  177.5865    0.5786   -0.1242   -0.2795    6.9366    3.0147    0.0000    0.0000    0.0000    0.0000    3.6640   -0.0088   -0.0068    1.0891  -15.2588 
  10.8516 4292.1455   -0.3902   -0.1746  177.5834    0.8227    0.1810   -0.2795    6.9366    3.0147    0.0000    0.0000    0.0000    0.0000    3.6640   -0.0198   -0.0151    1.0791    0.0000 
  10.8941 4292.1030   -0.0692    0.0146  177.5815   -0.0317    0.0589    0.0257    6.9366    3.0147    0.0000    0.0000    0.0000    0.0000    3.6640   -0.0146   -0.0085    1.0745  -15.8691 
  10.9366 4292.0605    0.1483    0.2675  177.5810   -0.4590   -0.3073   -0.2184    6.9366    3.0147    0.0000    0.0000    0.0000    0.0000    3.6640   -0.0046   -0.0173    1.0693    0.0000 
  10.9791 4292.0181   -0.1229   -0.2487  177.5723    1.4941    0.3030   -0.2795    6.9366    3.0147    0.0000    0.0000    0.0000    0.0000    3.6640   -0.0215   -0.0073    1.0784  -14.3433 
  11.0216 4291.9756   -0.3020   -0.1831  177.5717    0.3955   -0.1852   -0.2795    6.9366    3.0147    0.0000    0.0000    0.0000    0.0000    3.6640   -0.0117   -0.0010    1.0769    0.0000 
  11.0641 4291.9331   -0.5156   -0.3933  177.5579    0.0903    0.0589   -0.2184    6.9366    3.0147    0.0000    0.0000    0.0000    0.0000    3.6720   -0.0164    0.0039    1.0657  -15.7471 
  11.1066 4291.8906   -0.0040   -0.2918  177.5569    0.1514    0.1199   -0.2795    6.9366    3.0147    0.0000    0.0000    0.0000    0.0000    3.6640   -0.0269   -0.0012    1.0881    0.0000 
  11.1491 4291.8481   -0.1524   -0.1486  177.5464    0.9448    0.1810    0.0868    6.9366    3.0147    0.0000    0.0000    0.0000    0.0000    3.6640   -0.0161   -0.0051    1.0757  -14.8926 
  11.1916 4291.8057   -0.6960   -0.4369  177.5454   -0.7031   -0.0632    0.4530    6.9366    3.0147    0.0000    0.0000    0.0000    0.0000    3.6640   -0.0229    0.0044    1.0747    0.0000 
  11.2341 4291.7632    0.0786   -0.0018  177.5389    0.8227   -0.3073   -0.4626    6.9366    3.0147    0.0000    0.0000    0.0000    0.0000    3.6720   -0.0156   -0.0073    1.0789  -15.0146 
  11.2766 4291.7207    0.0174   -0.3540  177.5332    0.5176   -0.0021   -0.2184    6.9366    3.0147    0.0000    0.0000    0.0000    0.0000    3.6640   -0.0208   -0.0081    1.0774    0.0000 
  11.3191 4291.6782   -0.5999   -0.0148  177.5362    1.2500   -0.0632   -0.1574    6.9366    3.0147    0.0000    0.0000    0.0000    0.0000    3.6720   -0.0159    0.0059    1.0735  -14.5874 
  11.3616 4291.6357   -0.1834    0.0459  177.5376    0.5176   -0.0632   -0.2795    6.9366    3.0147    0.0000    0.0000    0.0000    0.0000    3.6640   -0.0103    0.0107    1.0728    0.0000 
  11.4041 4291.5933   -0.5955   -0.1453  177.5268    0.8227    0.1199   -0.2184    6.9366    3.0147    0.0000    0.0000    0.0000    0.0000    3.6720   -0.0178    0.0029    1.0786  -15.0146 
  11.4466 4291.5508    0.0222   -0.2022  177.5186    0.8227    0.3641   -0.0353    6.9366    3.0147    0.0000    0.0000    0.0000    0.0000    3.6720   -0.0234   -0.0183    1.0720    0.0000 
  11.4891 4291.5083   -0.3238   -0.2011  177.5166   -0.3369    0.4251    0.1478    6.9366    3.0147    0.0000    0.0000    0.0000    0.0000    3.6720   -0.0205    0.0005    1.0769  -16.1743 
  11.5316 4291.4658   -0.2141    0.0676  177.5112    0.9448    0.0589   -0.0353    6.9366    3.0147    0.0000    0.0000    0.0000    0.0000    3.6720   -0.0156   -0.0042    1.0786    0.0000 
  11.5741 4291.4233   -0.3637   -0.0639  177.5078    0.5786    0.1810   -0.4015    6.9366    3.0147    0.0000    0.0000    0.0000    0.0000    3.6720   -0.0168    0.0029    1.0796  -15.2588 
  11.6166 4291.3809   -0.1408    0.3007  177.5054    0.9448    0.0589   -0.2184    6.9366    3.0147    0.0000    0.0000    0.0000    0.0000    3.6720   -0.0110   -0.0056    1.0774    0.0000 
  11.6591 4291.3384   -0.2896    0.1134  177.4942   -0.0317    0.3641    0.3309    6.9366    3.0147    0.0000    0.0000    0.0000    0.0000    3.6720   -0.0122   -0.0020    1.0691  -15.8691 
  11.7016 4291.2959   -0.3688   -0.0072  177.4854    0.0293   -0.0021   -0.1574    6.9366    3.0147    0.0000    0.0000    0.0000    0.0000    3.6720   -0.0112   -0.0083    1.0884  -15.8081 
  11.7441 4291.2534   -0.2101   -0.1695  177.4694    0.6396   -0.0021    0.1478    6.9366    3.0147    0.0000    0.0000    0.0000    0.0000    3.6720   -0.0247   -0.0105    1.0771  -15.1978 
  11.7866 4291.2109    0.0325   -0.2251  177.4694    0.0293    0.0589    0.4530    6.9366    3.0147    0.0000    0.0000    0.0000    0.0000    3.6720   -0.0239   -0.0105    1.0842    0.0000 
  11.8291 4291.1685   -0.0352   -0.4335  177.4571   -0.0928   -0.0021    0.0868    6.9366    3.0147    0.0000    0.0000    0.0000    0.0000    3.6720   -0.0259   -0.0112    1.0723  -15.9302 
  11.8716 4291.1260   -0.4707    0.2604  177.4561    1.0669    0.1810   -0.1574    6.9366    3.0147    0.0000    0.0000    0.0000    0.0000    3.6640   -0.0098    0.0000    1.0725    0.0000 
  11.9141 4291.0830   -0.2407    0.0379  177.4454    0.2734    0.1199   -0.2184    6.9366    3.0147    0.0000    0.0000    0.0000    0.0000    3.6720   -0.0146   -0.0061    1.0854  -15.5640 
  11.9566 4291.0405    0.0822   -0.1806  177.4395    0.0293   -0.0021   -0.1574    6.9366    3.0147    0.0000    0.0000    0.0000    0.0000    3.6720   -0.0146    0.0000    1.0901    0.0000 
  11.9991 4290.9980   -0.2978    0.0652  177.4394    0.8838    0.3030    0.0257    6.9366    3.0147    0.0000    0.0000    0.0000    0.0000    3.6720   -0.0149   -0.0029    1.0752  -14.9536 
  12.0416 4290.9556   -0.4173    0.1427  177.4356    0.2124    0.1810   -0.2184    6.9366    3.0147    0.0000    0.0000    0.0000    0.0000    3.6720   -0.0083    0.0027    1.0623    0.0000 
  12.0841 4290.9131   -0.0899   -0.2704  177.4284    0.2734    0.0589   -0.2795    6.9366    3.0147    0.0000    0.0000    0.0000    0.0000    3.6720   -0.0159   -0.0088    1.0913  -15.5640 
  12.1266 4290.8706   -0.0579   -0.4227  177.4280    0.8227   -0.1852    0.3919    6.9366    3.0147    0.0000    0.0000    0.0000    0.0000    3.6720   -0.0210   -0.0183    1.0803    0.0000 
  12.1691 4290.8281   -0.1315   -0.2810  177.4332   -0.5811    0.0589    0.0868    6.9366    3.0147    0.0000    0.0000    0.0000    0.0000    3.6720   -0.0320   -0.0161    1.0857  -16.4185 
  12.2116 4290.7856   -0.0083    0.0826  177.4325    0.3955    0.4861   -0.0353    6.9366    3.0147    0.0000    0.0000    0.0000    0.0000    3.6720   -0.0273   -0.0078    1.0872    0.0000 
  12.2541 4290.7432   -0.2685   -0.1360  177.4267    0.2124    0.3641   -0.2795    6.9366    3.0147    0.0000    0.0000    0.0000    0.0000    3.6720   -0.0178   -0.0042    1.0747  -15.6250 
  12.2966 4290.7007    0.0279   -0.4664  177.4195   -0.0928    0.0589   -0.2795    6.9366    3.0147    0.0000    0.0000    0.0000    0.0000    3.6720   -0.0261   -0.0090    1.0845    0.0000 
  12.3391 4290.6582   -0.3176   -0.0492  177.4114   -0.1538   -0.0021    0.0868    6.9366    3.0147    0.0000    0.0000    0.0000    0.0000    3.6720   -0.0137   -0.0012    1.0720  -15.9912 
  12.3816 4290.6157   -0.0464   -0.4186  177.3997    1.5552    0.2420   -0.2795    6.9366    3.0147    0.0000    0.0000    0.0000    0.0000    3.6720   -0.0288   -0.0046    1.0806    0.0000 
  12.4241 4290.5732   -0.4065   -0.1824  177.3937   -0.0928    0.1199   -0.1574    6.9366    3.0147    0.0000    0.0000    0.0000    0.0000    3.6720   -0.0181   -0.0010    1.0791  -15.9302 
  12.4666 4290.5308   -0.2621   -0.1951  177.3909    0.5786   -0.0632    0.0868    6.9366    3.0147    0.0000    0.0000    0.0000    0.0000    3.6720   -0.0103    0.0066    1.0789    0.0000 
  12.5091 4290.4883   -0.0800   -0.3633  177.3840    0.1514    0.1199   -0.2795    6.9366    3.0147    0.0000    0.0000    0.0000    0.0000    3.6720   -0.0220   -0.0105    1.0679  -15.6860 
  12.5516 4290.4458   -0.0744   -0.1087  177.3761    0.3955   -0.0632   -0.1574    6.9366    3.0147    0.0000    0.0000    0.0000    0.0000    3.6720   -0.0198   -0.0137    1.0820    0.0000 
  12.5941 4290.4033   -0.2864   -0.2008  176.5487   37.2607 -112.6120  -80.2965    6.9366    3.0147    0.0000    0.0000    0.0000    0.0000    3.6720    0.1414    0.0627    1.1206   21.4233 
  12.6366 4290.3608   -0.0014   -0.8669  169.0116  -69.7339   72.5687 -207.7379    6.9366    3.0147    0.0000    0.0000    0.0000    0.0000    3.6720   -0.3943    0.1794    0.8904    0.0000 
  12.6791 4290.3184   -0.8502   -0.7967  161.2038    5.2783  -19.3503 -171.6662    6.9366    3.0147    0.0000    0.0000    0.0000    0.0000    3.6720   -0.0698    0.1311    1.0005  -10.5591 
  12.7216 4290.2759   -1.5065   -0.1574  155.2326    1.7383   -1.5280 -112.5841    6.9366    3.0147    0.0000    0.0000    0.0000    0.0000    3.6720   -0.0391   -0.0154    1.0969  -14.0991 
  12.7641 4290.2334   -1.3576    0.1518  152.1154  -43.8550   50.5350  -17.5524    6.9366    3.0147    0.0000    0.0000    0.0000    0.0000    3.6720    0.1064    0.0073    0.8438  -59.6924 
  12.8066 4290.1909   -0.5566   -0.0524  151.9313  -13.8867  -48.6472    6.9227    6.9366    3.0147    0.0000    0.0000    0.0000    0.0000    3.6720   -0.0913   -0.1855    1.1252    0.0000 
  12.8491 4290.1484   -0.9881   -0.7486  151.6402  -18.8916   25.6326  -13.9513    6.9366    3.0147    0.0000    0.0000    0.0000    0.0000    3.6720    0.0986    0.4121    1.0266  -34.7290 
  12.8916 4290.1060   -2.2495   -0.2520  149.6421    2.1655  -22.5851 -104.1003    6.9366    3.0147    0.0000    0.0000    0.0000    0.0000    3.6720    0.0918    0.5044    1.1853    0.0000 
  12.9341 4290.0635   -2.6680   -0.6968  146.4084   14.6167  -11.9650   30.2381    6.9366    3.0147    0.0000    0.0000    0.0000    0.0000    3.6720   -0.2024    0.1338    1.5251   -1.2207 
  12.9766 4290.0205   -7.4525   -1.1486  153.0533 -150.7886   38.9993  193.9954    6.9366    3.0147    0.0000    0.0000    0.0000    0.0000    3.6720   -0.0686    0.4617    1.6260    0.0000 
  13.0191 4289.9780  -16.1014   -1.4584  161.9588 -156.9531   39.3045  190.2723    6.9366    3.0147    0.0000    0.0000    0.0000    0.0000    3.6720   -0.0435    0.6863    1.5759 -172.7905 
  13.0616 4289.9355  -26.7406   -4.3232  169.9775 -263.7036   14.5242  142.1766    6.9366    3.0147    0.0000    0.0000    0.0000    0.0000    3.6720   -0.4199    0.9512    1.4150    0.0000 
  13.1041 4289.8931  -37.2789  -12.2795  181.8364 -271.5771  -43.3371  211.2684    6.9366    3.0147    0.0000    0.0000    0.0000    0.0000    3.6720   -0.0933    0.5061    1.6421 -287.4146 
  13.1466 4289.8506  -42.0602  -20.8290  194.0473 -188.3252  -33.5104  149.6839    6.9366    3.0147    0.0000    0.0000    0.0000    0.0000    3.6720   -0.4409    0.8687    1.1558    0.0000 
  13.1891 4289.8081  -44.8424  -32.3066  205.8487 -190.1562 -100.8933   80.8973    6.9366    3.0147    0.0000    0.0000    0.0000    0.0000    3.6720   -0.6064    0.9324    0.9331 -205.9937 
  13.2316 4289.7656  -49.1063  -42.5484  214.3697 -203.8892 -119.0207   18.5194    6.9366    3.0147    0.0000    0.0000    0.0000    0.0000    3.6720   -0.5862    0.8120    0.8367    0.0000 
  13.2741 4289.7231  -52.4604  -53.9820  222.3133 -155.4883 -157.7780   -4.9792    6.9366    3.0147    0.0000    0.0000    0.0000    0.0000    3.6720   -0.3833    0.7107    0.7642 -171.3257 
  13.3166 4289.6807  -57.0255  -63.5194  227.7828 -130.8301 -134.2795  -64.9157    6.9366    3.0147    0.0000    0.0000    0.0000    0.0000    3.6720   -0.1853    0.5273    0.7380    0.0000 
  13.3591 4289.6382  -60.5912  -70.6322  230.6743  -84.0161 -115.9689  -38.0602    6.9366    3.0147    0.0000    0.0000    0.0000    0.0000    3.6720   -0.1245    0.5947    0.5852  -99.8535 
  13.4016 4289.5957  -62.2321  -78.0041  234.4706  -74.8608 -117.3117    9.7303    6.9366    3.0147    0.0000    0.0000    0.0000    0.0000    3.6720   -0.0374    0.6055    0.4539    0.0000 
  13.4441 4289.5532  -63.7086  -84.3937  237.6071  -50.1416  -62.5021  -40.0133    6.9366    3.0147    0.0000    0.0000    0.0000    0.0000    3.6720    0.0852    0.3989    0.4878  -65.9790 
  13.4866 4289.5107  -65.6317  -86.1685  238.3602  -19.8071  -40.5905  -18.9562    6.9366    3.0147    0.0000    0.0000    0.0000    0.0000    3.6720   -0.1064    0.5115    0.3230    0.0000 
  13.5291 4289.4683  -67.8600  -85.2376  237.1685  -16.8774   35.3983  -39.8913    6.9366    3.0147    0.0000    0.0000    0.0000    0.0000    3.6720   -0.0117    0.5251    0.3013  -32.7148 
  13.5716 4289.4258  -69.6624  -80.6539  235.5074  -40.9863   64.5731  -37.7550    6.9366    3.0147    0.0000    0.0000    0.0000    0.0000    3.6720   -0.2888    0.7129    0.2842    0.0000 
  13.6141 4289.3833  -73.0023  -79.8706  235.8468  -21.0889  -15.9934 -110.8141    6.9366    3.0147    0.0000    0.0000    0.0000    0.0000    3.6720   -0.3125    0.8669    0.2795  -36.9263 
  13.6566 4289.3408  -75.2886  -70.3823  225.6116   23.0395  -35.1584  -47.8258    6.9366    3.0147    0.0000    0.0000    0.0000    0.0000    3.6720   -0.2942    0.8250    0.3564    0.0000 
  13.6991 4289.2983  -75.5379  -62.5349  216.3190   10.6494  -14.1013  -79.0758    6.9366    3.0147    0.0000    0.0000    0.0000    0.0000    3.6720   -0.3794    1.0671    0.1973   -5.1880 
  13.7416 4289.2559  -76.0126  -44.3988  198.7989  110.3809   59.2020  -61.3146    6.9366    3.0147    0.0000    0.0000    0.0000    0.0000    3.6720   -0.2668    0.8066    0.5234    0.0000 
  13.7841 4289.2134  -74.4781  -31.8686  187.6021  -52.7051   -3.4201  -26.0973    6.9366    3.0147    0.0000    0.0000    0.0000    0.0000    3.6720    0.0027    0.7939    0.2368  -68.5425 
  13.8266 4289.1709  -76.8545  -27.7815  184.1589  -10.7739   35.9476  -47.6427    6.9366    3.0147    0.0000    0.0000    0.0000    0.0000    3.6720   -0.4150    0.8782    0.2847    0.0000 
  13.8691 4289.1284  -71.6291  -17.4967  171.7532  176.1768  -42.9099  -82.8600    6.9366    3.0147    0.0000    0.0000    0.0000    0.0000    3.6720   -0.2402    0.9177    0.4629  160.3394 
  13.9116 4289.0859  -64.9166   -9.5433  161.8217  139.1284   17.4539  -31.1632    6.9366    3.0147    0.0000    0.0000    0.0000    0.0000    3.6720   -0.1860    0.8359    0.1814    0.0000 
  13.9541 4289.0435  -62.5727  -12.7836  162.6987   45.9888  -87.6486   -8.9465    6.9366    3.0147    0.0000    0.0000    0.0000    0.0000    3.6720   -0.1970    0.8445    0.4587   30.1514 
  13.9966 4289.0010  -51.9720  -13.4799  160.7111  372.2217  -31.8625   29.9940    6.9366    3.0147    0.0000    0.0000    0.0000    0.0000    3.6720   -0.1311    0.8113    0.6477    0.0000 
  14.0391 4288.9580  -34.2960   -7.7837  152.7303  413.2373  -33.8767  -45.7506    6.9366    3.0147    0.0000    0.0000    0.0000    0.0000    3.6720   -0.0510    0.4456    0.6331  397.3999 
  14.0816 4288.9155  -15.3332   -5.3788  148.5956  425.6885  -23.2565   13.0872    6.9366    3.0147    0.0000    0.0000    0.0000    0.0000    3.6720   -0.0330    0.2817    1.0454    0.0000 
  14.1241 4288.8730    0.0406   -4.1518  148.3985  395.1709   30.0272   49.4642    6.9366    3.0147    0.0000    0.0000    0.0000    0.0000    3.6800   -0.0286    0.2085    1.0872  379.3335 
  14.1666 4288.8306   13.3534   -1.0551  148.7754  361.4795   70.9207   24.5619    6.9366    3.0147    0.0000    0.0000    0.0000    0.0000    3.6720    0.0293   -0.0669    1.0659    0.0000 
  14.2091 4288.7881   27.0764    4.0947  151.5145  363.7988   63.0472   75.0379    6.9366    3.0147    0.0000    0.0000    0.0000    0.0000    3.6720    0.1018   -0.4121    1.0242  347.9614 
  14.2516 4288.7456   36.2944   10.0215  158.4864  184.5996   34.1775  124.1102    6.9366    3.0147    0.0000    0.0000    0.0000    0.0000    3.6720    0.0979   -0.4011    0.9412    0.0000 
  14.2941 4288.7031   39.3350   16.5298  167.4213  162.6880   29.7220  154.5667    6.9366    3.0147    0.0000    0.0000    0.0000    0.0000    3.6800    0.1631   -0.0459    0.8916  146.8506 
  14.3366 4288.6606   42.7265   22.8975  176.3166  163.1152   10.4349   78.2728    6.9366    3.0147    0.0000    0.0000    0.0000    0.0000    3.6720    0.1582   -0.2781    0.8293    0.0000 
  14.3791 4288.6182   46.2389   25.7433  181.5028  108.1226   -4.3356   53.7977    6.9366    3.0147    0.0000    0.0000    0.0000    0.0000    3.6720    0.1245   -0.5845    1.0464   92.2852 
  14.4216 4288.5757   45.9979   28.6066  187.5469  109.2822  -33.2663  112.6966    6.9366    3.0147    0.0000    0.0000    0.0000    0.0000    3.6720    0.1228   -0.4111    0.8601    0.0000 
  14.4641 4288.5332   46.6892   30.6620  193.8972   54.1675  -28.2614   49.7694    6.9366    3.0147    0.0000    0.0000    0.0000    0.0000    3.6720    0.0884   -0.4885    0.9624   38.3301 
  14.5066 4288.4907   46.1811   29.1008  195.2495   -4.1821  -42.0554   54.5301    6.9366    3.0147    0.0000    0.0000    0.0000    0.0000    3.6720    0.0598   -0.4287    0.9346    0.0000 
  14.5491 4288.4482   46.8092   29.3755  196.9859  132.7197   19.1019  -21.8249    6.9366    3.0147    0.0000    0.0000    0.0000    0.0000    3.6800    0.0837   -0.4956    0.7400  116.8823 
  14.5916 4288.4058   48.7845   30.2705  201.1153  117.4609  -60.8542  109.0955    6.9366    3.0147    0.0000    0.0000    0.0000    0.0000    3.6720    0.1262   -0.7422    0.8401    0.0000 
  14.6341 4288.3633   51.1842   33.7312  208.2227  147.1240   31.7972   31.1536    6.9366    3.0147    0.0000    0.0000    0.0000    0.0000    3.6720    0.2205   -0.7549    0.7893  131.2866 
  14.6766 4288.3208   54.2812   39.1681  213.5351   80.9009   28.6844   34.7547    6.9366    3.0147    0.0000    0.0000    0.0000    0.0000    3.6720    0.2229   -0.5674    0.6731    0.0000 
  14.7191 4288.2783   52.9035   40.6334  216.1013   42.8149   13.6697   52.9432    6.9366    3.0147    0.0000    0.0000    0.0000    0.0000    3.6800    0.2002   -0.7837    0.6829   26.9775 
  14.7616 4288.2358   53.9850   40.3669  218.0536   99.0893  -21.1203  -14.5006    6.9366    3.0147    0.0000    0.0000    0.0000    0.0000    3.6800    0.2847   -0.7959    0.5737    0.0000 
  14.8041 4288.1934   55.6489   39.6907  219.5439   34.4531  -60.4880   15.0404    6.9366    3.0147    0.0000    0.0000    0.0000    0.0000    3.6720    0.5537   -0.9607    0.6787   18.6157 
  14.8466 4288.1509   53.8468   36.9737  220.3955   16.5088  -57.3752    6.1903    6.9366    3.0147    0.0000    0.0000    0.0000    0.0000    3.6720    0.3350   -0.7947    0.5151    0.0000 
  14.8891 4288.1084   52.5437   35.3769  221.3089   12.9687  -53.6520   18.2142    6.9366    3.0147    0.0000    0.0000    0.0000    0.0000    3.6800    0.3040   -0.7878    0.5171   -2.8687 
  14.9316 4288.0659   54.0147   33.3354  220.6879   11.6260  -25.5148  -26.6466    6.9366    3.0147    0.0000    0.0000    0.0000    0.0000    3.6800    0.4563   -1.0696    0.6462    0.0000 
  14.9741 4288.0234   55.1429   29.2130  217.6564   19.1943  -24.4772  -16.0876    6.9366    3.0147    0.0000    0.0000    0.0000    0.0000    3.6720    0.2524   -0.8462    0.5227    3.3569 
  15.0166 4287.9810   54.8703   26.8024  215.7898   -2.0459    9.8245   31.0316    6.9366    3.0147    0.0000    0.0000    0.0000    0.0000    3.6800    0.2778   -0.8364    0.5947    0.0000 
  15.0591 4287.9385   52.1719   30.1454  219.3648    1.6162  -21.7307   -1.5002    6.9366    3.0147    0.0000    0.0000    0.0000    0.0000    3.6720    0.2649   -0.7405    0.4656  -14.2212 
  15.1016 4287.8955   53.3435   28.0916  218.0501   -7.7222  -26.4304   -8.7023    6.9366    3.0147    0.0000    0.0000    0.0000    0.0000    3.6720    0.3125   -0.9277    0.5940    0.0000 
  15.1441 4287.8530   53.3924   28.4236  220.0265   22.7954  -19.8996   38.5389    6.9366    3.0147    0.0000    0.0000    0.0000    0.0000    3.6800    0.2041   -0.4309    0.7898    6.9580 
  15.1866 4287.8105   54.0555   25.9510  219.0746    6.6821  -29.4211    2.7113    6.9366    3.0147    0.0000    0.0000    0.0000    0.0000    3.6800    0.2705   -0.8704    0.5767    0.0000 
  15.2291 4287.7681   54.4876   23.2054  218.2803   -9.9805  -54.5065   -1.1339    6.9366    3.0147    0.0000    0.0000    0.0000    0.0000    3.6720    0.2114   -0.8442    0.5557  -25.8179 
  15.2716 4287.7256   52.6732   18.8787  216.5369  -16.0840  -37.3557   13.8807    6.9366    3.0147    0.0000    0.0000    0.0000    0.0000    3.6720    0.1907   -0.8115    0.6252    0.0000 
  15.3141 4287.6831   49.9159   18.7151  217.7688  -20.2344  -47.8537  -14.6838    6.9366    3.0147    0.0000    0.0000    0.0000    0.0000    3.6720    0.2168   -0.7285    0.5830  -36.0718 
  15.3566 4287.6406   49.8884   18.3317  218.5370   -1.4356  -37.9660    3.2606    6.9366    3.0147    0.0000    0.0000    0.0000    0.0000    3.6800    0.1797   -0.7778    0.6140    0.0000 
  15.3991 4287.5981   48.9170   16.8226  218.9363  -24.6899  -35.1584   14.4300    6.9366    3.0147    0.0000    0.0000    0.0000    0.0000    3.6800    0.2307   -0.8513    0.6743  -40.5273 
  15.4416 4287.5557   47.8047   17.5785  220.2486  -23.8965  -19.4113    4.7254    6.9366    3.0147    0.0000    0.0000    0.0000    0.0000    3.6800    0.2124   -0.8208    0.6997    0.0000 
  15.4841 4287.5132   47.8924   15.4212  219.4007  -15.8399   -4.2746   17.4207    6.9366    3.0147    0.0000    0.0000    0.0000    0.0000    3.6800    0.1462   -0.9141    0.7319  -31.6772 
  15.5266 4287.4707   48.6524   13.3420  218.1548  -25.9717  -24.8434    8.7537    6.9366    3.0147    0.0000    0.0000    0.0000    0.0000    3.6800    0.0552   -0.8171    0.7053  -41.8091 
  15.5691 4287.4282   48.0196    9.2594  216.1841  -18.5254  -14.7116   10.9510    6.9366    3.0147    0.0000    0.0000    0.0000    0.0000    3.6800    0.0703   -0.7996    0.6279  -34.3628 
  15.6116 4287.3857   49.3122    9.8105  217.2746   -7.9663  -12.8806   23.0360    6.9366    3.0147    0.0000    0.0000    0.0000    0.0000    3.6800    0.0405   -0.8232    0.6362    0.0000 
  15.6541 4287.3433   47.8801    7.1340  216.2395  -21.8823   -8.0588   16.8714    6.9366    3.0147    0.0000    0.0000    0.0000    0.0000    3.6800   -0.0029   -0.6660    0.6853  -37.7197 
  15.6966 4287.3008   46.2497    5.3408  215.7403   -2.1069  -25.6369   15.9559    6.9366    3.0147    0.0000    0.0000    0.0000    0.0000    3.6640   -0.0815   -0.7166    0.6494    0.0000 
  15.7391 4287.2583   47.1664    2.7175  215.5235  -10.7739  -34.6701   27.9798    6.9366    3.0147    0.0000    0.0000    0.0000    0.0000    3.6800    0.0288   -0.8376    0.7275  -26.6113 
  15.7816 4287.2158   46.1985    4.9420  219.1674  -11.5674  -49.5017   21.8153    6.9366    3.0147    0.0000    0.0000    0.0000    0.0000    3.6720    0.0522   -0.6799    0.6914    0.0000 
  15.8241 4287.1733   44.1539    3.0916  219.5757   -3.6328  -21.9138   33.9002    6.9366    3.0147    0.0000    0.0000    0.0000    0.0000    3.6800    0.0286   -0.6418    0.7058  -19.4702 
  15.8666 4287.1309   42.8741    5.0101  222.9911    7.2925  -36.7453   37.1961    6.9366    3.0147    0.0000    0.0000    0.0000    0.0000    3.6720    0.0605   -0.6826    0.7346    0.0000 
  15.9091 4287.0884   44.1953    6.8438  226.1620   17.8516  -22.0358   33.9002    6.9366    3.0147    0.0000    0.0000    0.0000    0.0000    3.6800    0.0959   -0.7651    0.7808    2.0142 
  15.9516 4287.0459   43.3900    6.8659  228.2506    8.3911  -42.4216   26.5150    6.9366    3.0147    0.0000    0.0000    0.0000    0.0000    3.6720    0.0071   -0.6619    0.7424    0.0000 
  15.9941 4287.0034   42.6718    8.4214  231.2031   24.7485  -29.0549   28.1019    6.9366    3.0147    0.0000    0.0000    0.0000    0.0000    3.6800    0.1704   -0.6917    0.7244    8.9111 
  16.0366 4286.9609   43.9868    6.9364  232.2612   13.7622  -39.6140   41.7127    6.9366    3.0147    0.0000    0.0000    0.0000    0.0000    3.6800    0.0625   -0.7629    0.7883    0.0000 
  16.0791 4286.9185   42.8579    7.8341  234.8093    9.2456  -21.9138   35.1209    6.9366    3.0147    0.0000    0.0000    0.0000    0.0000    3.6800    0.1667   -0.6802    0.7712   -6.5918 
  16.1216 4286.8760   42.5937    7.8314  236.7039    9.0015  -21.5476   47.0838    6.9366    3.0147    0.0000    0.0000    0.0000    0.0000    3.6720    0.0173   -0.7334    0.7578    0.0000 
  16.1641 4286.8330   42.9132    8.9387  239.6291    1.4331  -20.2048   50.5018    6.9366    3.0147    0.0000    0.0000    0.0000    0.0000    3.6800    0.1309   -0.8062    0.8298  -14.4043 
  16.2066 4286.7905   42.2636   12.9606  244.6286   -5.0366  -29.2990   51.4173    6.9366    3.0147    0.0000    0.0000    0.0000    0.0000    3.6800    0.2659   -0.8435    0.8289    0.0000 
  16.2491 4286.7480   42.5007   16.2436  250.5502  -24.9951  -34.4260  146.0828    6.9366    3.0147    0.0000    0.0000    0.0000    0.0000    3.6800    0.2190   -1.0400    0.7544  -40.8325 
  16.2916 4286.7056   43.3631   18.4340  255.6420   15.2270  -29.2990   32.2523    6.9366    3.0147    0.0000    0.0000    0.0000    0.0000    3.6800    0.0872   -0.9414    0.6340    0.0000 
  16.3341 4286.6631   45.0659   16.2530  255.6777   -7.7222  -33.3884   24.8060    6.9366    3.0147    0.0000    0.0000    0.0000    0.0000    3.6800    0.1460   -0.7053    0.5134  -23.5596 
  16.3766 4286.6206   46.4361   16.7812  257.7143    3.3252   -9.4626   48.6707    6.9366    3.0147    0.0000    0.0000    0.0000    0.0000    3.6800    0.1323   -0.8232    0.6580    0.0000 
  16.4191 4286.5781   46.6061   17.0319  259.9648    9.9780  -32.1066   22.6087    6.9366    3.0147    0.0000    0.0000    0.0000    0.0000    3.6800    0.2180   -0.7808    0.6943   -5.8594 
  16.4616 4286.5356   46.7251   12.9432  258.5033  -19.9292  -38.0881   25.8436    6.9366    3.0147    0.0000    0.0000    0.0000    0.0000    3.6800    0.0723   -0.7644    0.6819    0.0000 
  16.5041 4286.4932   44.1380   12.0106  259.2932  -12.9102  -36.3791   22.1815    6.9366    3.0147    0.0000    0.0000    0.0000    0.0000    3.6800    0.1641   -0.5593    0.7043  -28.7476 
  16.5466 4286.4507   41.6688   13.0785  261.6156   -8.4546  -21.9748   42.9945    6.9366    3.0147    0.0000    0.0000    0.0000    0.0000    3.6800    0.1936   -0.5981    0.7209    0.0000 
  16.5891 4286.4082   39.9731   15.4309  264.8333  -13.4595  -16.1154   32.5575    6.9366    3.0147    0.0000    0.0000    0.0000    0.0000    3.6800    0.2131   -0.6384    0.7544  -29.2969 
  16.6316 4286.3657   37.3557   15.4276  265.9498   -9.1260  -29.3601    7.5330    6.9366    3.0147    0.0000    0.0000    0.0000    0.0000    3.6800    0.2195   -0.5552    0.7551    0.0000 
  16.6741 4286.3232   35.4023   14.7266  266.2938    7.1704   -5.9836    7.4110    6.9366    3.0147    0.0000    0.0000    0.0000    0.0000    3.6800    0.1865   -0.5747    0.8289   -8.6670 
  16.7166 4286.2808   35.8629   13.1221  265.4929    5.6445   20.0174   11.6224    6.9366    3.0147    0.0000    0.0000    0.0000    0.0000    3.6720    0.0796   -0.7102    0.8630  -10.1929 
  16.7591 4286.2383   37.9833   11.7009  263.3330   23.2837   20.3836  -41.5392    6.9366    3.0147    0.0000    0.0000    0.0000    0.0000    3.6800    0.2461   -0.7979    0.8765    7.4463 
  16.8016 4286.1958   42.0603    9.3699  259.3732   44.0356   35.8255  -73.9489    6.9366    3.0147    0.0000    0.0000    0.0000    0.0000    3.6720    0.0093   -1.1091    0.9021    0.0000 
  16.8441 4286.1533   45.7022    5.7957  254.2528   35.2466   14.0970  -74.6203    6.9366    3.0147    0.0000    0.0000    0.0000    0.0000    3.6800   -0.0459   -0.8115    0.6230   19.4092 
  16.8866 4286.1108   48.7695    2.1874  249.3321   10.8325   17.5149  -31.7126    6.9366    3.0147    0.0000    0.0000    0.0000    0.0000    3.6720    0.0176   -0.8384    0.6343    0.0000 
  16.9291 4286.0684   50.4186    4.6457  249.9771    0.2734   38.0228   -7.6647    6.9366    3.0147    0.0000    0.0000    0.0000    0.0000    3.6800    0.1016   -0.8596    0.6353  -15.5640 
  16.9716 4286.0259   50.7335    9.2228  252.0349    3.6304   27.8909  -13.3410    6.9366    3.0147    0.0000    0.0000    0.0000    0.0000    3.6720    0.2158   -0.7458    0.6042    0.0000 
  17.0141 4285.9834   49.3462   11.0589  252.9169    0.7007   19.0408   13.4535    6.9366    3.0147    0.0000    0.0000    0.0000    0.0000    3.6800    0.0859   -0.7493    0.6799  -15.1367 
  17.0566 4285.9409   47.5589   13.2006  254.1814   12.9077   14.0970   -1.1950    6.9366    3.0147    0.0000    0.0000    0.0000    0.0000    3.6800    0.1453   -0.6711    0.7063    0.0000 
  17.0991 4285.8984   46.3241   11.9387  253.4263    2.5928    6.9559   21.8153    6.9366    3.0147    0.0000    0.0000    0.0000    0.0000    3.6800    0.0632   -0.7009    0.7949  -13.2446 
  17.1416 4285.8560   44.7614   12.0554  253.7336    2.5317   -5.6174   -1.4391    6.9366    3.0147    0.0000    0.0000    0.0000    0.0000    3.6800    0.1301   -0.6860    0.7036    0.0000 
  17.1841 4285.8135   44.1084   12.9256  254.5922    8.3911   10.9232   11.6224    6.9366    3.0147    0.0000    0.0000    0.0000    0.0000    3.6800    0.1562   -0.7139    0.6951   -7.4463 
zz