   0.0016 4291.0000   -0.1136   -0.0784  180.0158    1.2943    1.8067    6.2915    0.0000    0.0000    0.0000    0.0000    0.0000    0.0000    3.7520   -0.0054    0.0076    1.0884  -13.6108 
   0.0441 4290.9575   -0.2932   -0.3637  180.2824    0.1956    1.5626    6.5356    0.0000    0.0000    0.0000    0.0000    0.0000    0.0000    3.7520   -0.0073    0.0068    1.0854  -14.7095 
   0.0866 4290.9150   -0.3660   -0.4943  180.5543    0.1346    1.6846    6.5967    0.0000    0.0000    0.0000    0.0000    0.0000    0.0000    3.7520   -0.0122    0.0042    1.0872  -14.7705 
   0.1291 4290.8726   -0.1958   -0.0339  180.8179   -0.4147    1.8067    6.8408    0.0000    0.0000    0.0000    0.0000    0.0000    0.0000    3.7600   -0.0005    0.0037    1.0916  -15.3198 
   0.1716 4290.8301   -0.4675    0.1645  181.0807    1.3553    2.0509    5.7422    0.0000    0.0000    0.0000    0.0000    0.0000    0.0000    3.7520    0.0032    0.0093    1.0906  -13.5498 
   0.2141 4290.7876   -0.3268   -0.3366  181.3460   -0.4758    1.8678    6.8408    0.0000    0.0000    0.0000    0.0000    0.0000    0.0000    3.7520   -0.0029    0.0125    1.0923  -15.3809 
   0.2566 4290.7451   -0.6233   -0.2403  181.6044    0.6839    1.6846    5.8643    0.0000    0.0000    0.0000    0.0000    0.0000    0.0000    3.7600   -0.0046    0.0120    1.0811  -14.2212 
   0.2991 4290.7026   -0.4334   -0.2322  181.8593    0.5008    1.6236    5.9863    0.0000    0.0000    0.0000    0.0000    0.0000    0.0000    3.7600   -0.0066    0.0076    1.0913  -14.4043 
   0.3416 4290.6602   -0.2959   -0.1140  182.1164    1.1111    1.8067    6.2915    0.0000    0.0000    0.0000    0.0000    0.0000    0.0000    3.7520   -0.0022    0.0012    1.0894  -13.7939 
   0.3841 4290.6177   -0.1740   -0.3828  182.3793    0.2567    1.9898    6.4136    0.0000    0.0000    0.0000    0.0000    0.0000    0.0000    3.7600   -0.0083    0.0034    1.0869  -14.6484 
   0.4266 4290.5752   -0.2908   -0.4207  182.6465    0.6839    1.8678    6.1694    0.0000    0.0000    0.0000    0.0000    0.0000    0.0000    3.7600   -0.0068    0.0051    1.0898  -14.2212 
   0.4691 4290.5327    0.0951   -0.5946  182.9110    1.5994    1.8678    6.3525    0.0000    0.0000    0.0000    0.0000    0.0000    0.0000    3.7520   -0.0098    0.0061    1.0911    0.0000 
   0.5116 4290.4902   -0.4168   -0.5159  183.1825    0.9280    1.5015    6.2915    0.0000    0.0000    0.0000    0.0000    0.0000    0.0000    3.7600   -0.0115    0.0090    1.0867  -13.9771 
   0.5541 4290.4478   -0.2899   -0.4519  183.4484    0.9891    1.6236    6.4136    0.0000    0.0000    0.0000    0.0000    0.0000    0.0000    3.7520   -0.0085    0.0051    1.0908  -13.9160 
   0.5966 4290.4053   -0.2812   -0.1094  183.7099   -0.0485    1.6846    6.2305    0.0000    0.0000    0.0000    0.0000    0.0000    0.0000    3.7520   -0.0044    0.0044    1.0925  -14.9536 
   0.6391 4290.3628   -0.0040   -0.4246  183.9734   -0.2927    1.8067    6.1084    0.0000    0.0000    0.0000    0.0000    0.0000    0.0000    3.7520   -0.0063    0.0020    1.0952  -15.1978 
   0.6816 4290.3203   -0.2130   -0.2281  184.2370    0.3787    1.7457    6.1084    0.0000    0.0000    0.0000    0.0000    0.0000    0.0000    3.7600   -0.0081    0.0005    1.0913  -14.5264 
   0.7241 4290.2778   -0.1649   -0.4021  184.5014    0.1346    2.1119    6.4136    0.0000    0.0000    0.0000    0.0000    0.0000    0.0000    3.7520   -0.0107    0.0024    1.0894  -14.7705 
   0.7666 4290.2354   -0.2773   -0.3932  184.7773    0.6229    2.0509    6.3525    0.0000    0.0000    0.0000    0.0000    0.0000    0.0000    3.7520   -0.0083    0.0042    1.0803  -14.2822 
   0.8091 4290.1929   -0.3281   -0.1577  185.0467    0.7449    1.6846    5.9863    0.0000    0.0000    0.0000    0.0000    0.0000    0.0000    3.7520   -0.0068    0.0029    1.0845  -14.1602 
   0.8516 4290.1504   -0.3672   -0.3688  185.3139    0.8060    1.8067    6.5967    0.0000    0.0000    0.0000    0.0000    0.0000    0.0000    3.7600   -0.0103    0.0085    1.0928  -14.0991 
   0.8941 4290.1079   -0.1011   -0.3056  185.5818    0.4398    1.9288    5.9863    0.0000    0.0000    0.0000    0.0000    0.0000    0.0000    3.7520   -0.0066    0.0012    1.0850  -14.4653 
   0.9366 4290.0649   -0.1659   -0.3142  185.8377    0.2567    1.6846    6.1694    0.0000    0.0000    0.0000    0.0000    0.0000    0.0000    3.7520   -0.0063    0.0032    1.0884  -14.6484 
   0.9791 4290.0225   -0.0283   -0.3435  186.1176    0.8670    2.1729    6.5967    0.0000    0.0000    0.0000    0.0000    0.0000    0.0000    3.7520   -0.0068    0.0005    1.0879  -14.0381 
   1.0216 4289.9800   -0.1795   -0.3426  186.3873    0.8670    1.6236    5.9863    0.0000    0.0000    0.0000    0.0000    0.0000    0.0000    3.7600   -0.0056    0.0076    1.0872  -14.0381 
   1.0641 4289.9375   -0.3533   -0.4334  186.6558    0.1346    1.9898    6.1694    0.0000    0.0000    0.0000    0.0000    0.0000    0.0000    3.7520   -0.0100    0.0103    1.0930  -14.7705 
   1.1066 4289.8950   -0.1871   -0.3173  186.9133    0.9280    1.9288    6.3525    0.0000    0.0000    0.0000    0.0000    0.0000    0.0000    3.7520   -0.0061    0.0029    1.0945  -13.9771 
   1.1491 4289.8525   -0.1466   -0.3508  187.1916    0.2567    1.8678    6.5356    0.0000    0.0000    0.0000    0.0000    0.0000    0.0000    3.7520   -0.0139   -0.0024    1.0833    0.0000 
   1.1916 4289.8101   -0.2133   -0.0868  187.4554    1.1111    1.6846    5.6201    0.0000    0.0000    0.0000    0.0000    0.0000    0.0000    3.7600   -0.0020    0.0042    1.0884  -13.7939 
   1.2341 4289.7676   -0.0618   -0.6063  187.7277    0.3177    1.8678    6.1084    0.0000    0.0000    0.0000    0.0000    0.0000    0.0000    3.7600   -0.0132    0.0002    1.0872  -14.5874 
   1.2766 4289.7251   -0.1089   -0.1029  187.9882    0.5008    1.7457    5.8032    0.0000    0.0000    0.0000    0.0000    0.0000    0.0000    3.7520   -0.0017    0.0020    1.0916  -14.4043 
   1.3191 4289.6826    0.0974   -0.4342  188.2497    0.6839    1.9288    6.2305    0.0000    0.0000    0.0000    0.0000    0.0000    0.0000    3.7520   -0.0081    0.0000    1.0928  -14.2212 
   1.3616 4289.6401   -0.2622   -0.4219  188.5116   -0.3537    1.7457    6.5967    0.0000    0.0000    0.0000    0.0000    0.0000    0.0000    3.7520   -0.0100   -0.0010    1.0906  -15.2588 
   1.4041 4289.5977   -0.1207   -0.1168  188.7904    1.3553    1.9288    6.4136    0.0000    0.0000    0.0000    0.0000    0.0000    0.0000    3.7520   -0.0029   -0.0002    1.0906  -13.5498 
   1.4466 4289.5552   -0.3757   -0.4234  189.0692    0.1346    1.7457    6.2305    0.0000    0.0000    0.0000    0.0000    0.0000    0.0000    3.7520   -0.0088    0.0088    1.0876  -14.7705 
   1.4891 4289.5127   -0.0246   -0.4665  189.3429    0.6229    1.8678    6.7188    0.0000    0.0000    0.0000    0.0000    0.0000    0.0000    3.7520    0.0000    0.0049    1.0840  -14.2822 
   1.5316 4289.4702   -0.3791   -0.2611  189.6073    1.6605    1.4405    6.1084    0.0000    0.0000    0.0000    0.0000    0.0000    0.0000    3.7520   -0.0054    0.0059    1.0779  -13.2446 
   1.5741 4289.4277   -0.4093   -0.4169  189.8831    1.1722    2.0509    6.1084    0.0000    0.0000    0.0000    0.0000    0.0000    0.0000    3.7520   -0.0110    0.0103    1.0859  -13.7329 
   1.6166 4289.3853   -0.3137   -0.2395  190.1525    0.2567    1.5626    6.8408    0.0000    0.0000    0.0000    0.0000    0.0000    0.0000    3.7520   -0.0037    0.0037    1.0857  -14.6484 
   1.6591 4289.3428   -0.1200   -0.1195  190.4297    0.3177    1.8678    6.7798    0.0000    0.0000    0.0000    0.0000    0.0000    0.0000    3.7520   -0.0044    0.0034    1.0940  -14.5874 
   1.7016 4289.3003   -0.2286    0.1014  190.6990    0.6839    1.9288    5.9863    0.0000    0.0000    0.0000    0.0000    0.0000    0.0000    3.7520    0.0020    0.0044    1.0950  -14.2212 
   1.7441 4289.2578   -0.1199   -0.3367  190.9678    0.6839    1.8067    6.1694    0.0000    0.0000    0.0000    0.0000    0.0000    0.0000    3.7520   -0.0066    0.0005    1.0967  -14.2212 
   1.7866 4289.2153   -0.3196   -0.2380  191.2347    0.8060    1.8067    6.5967    0.0000    0.0000    0.0000    0.0000    0.0000    0.0000    3.7600   -0.0020    0.0090    1.0825  -14.0991 
   1.8291 4289.1729   -0.1587   -0.3384  191.4997    0.6229    1.8678    5.7422    0.0000    0.0000    0.0000    0.0000    0.0000    0.0000    3.7520   -0.0037    0.0051    1.0896  -14.2822 
   1.8716 4289.1304   -0.6111   -0.1866  191.7724    0.4398    2.2340    6.5356    0.0000    0.0000    0.0000    0.0000    0.0000    0.0000    3.7520   -0.0024    0.0134    1.0857  -14.4653 
   1.9141 4289.0879   -0.3455   -0.4961  192.0360    0.0735    2.1729    6.4136    0.0000    0.0000    0.0000    0.0000    0.0000    0.0000    3.7520   -0.0085    0.0071    1.0928  -14.8315 
   1.9566 4289.0454   -0.3990   -0.3000  192.3044    0.8670    2.2340    6.0474    0.0000    0.0000    0.0000    0.0000    0.0000    0.0000    3.7600   -0.0046    0.0056    1.0928  -14.0381 
   1.9991 4289.0024    0.1511   -0.1699  192.5764    0.9891    1.8678    6.4746    0.0000    0.0000    0.0000    0.0000    0.0000    0.0000    3.7520   -0.0042   -0.0022    1.0898  -13.9160 
   2.0416 4288.9600   -0.1900   -0.5006  192.8338   -0.1706    1.3184    6.7798    0.0000    0.0000    0.0000    0.0000    0.0000    0.0000    3.7520   -0.0078    0.0046    1.0872  -15.0757 
   2.0841 4288.9175   -0.2795   -0.3165  193.1096    0.8670    1.7457    6.4136    0.0000    0.0000    0.0000    0.0000    0.0000    0.0000    3.7520   -0.0049    0.0071    1.0872  -14.0381 
   2.1266 4288.8750   -0.0966   -0.6839  193.3734    0.2567    2.1119    6.5967    0.0000    0.0000    0.0000    0.0000    0.0000    0.0000    3.7520   -0.0134    0.0017    1.0933  -14.6484 
   2.1691 4288.8325   -0.2414   -0.6309  193.6372    0.3787    1.8678    6.4746    0.0000    0.0000    0.0000    0.0000    0.0000    0.0000    3.7520   -0.0120    0.0042    1.0862  -14.5264 
   2.2116 4288.7900   -0.2995   -0.3568  193.9108    0.4398    1.9288    6.1084    0.0000    0.0000    0.0000    0.0000    0.0000    0.0000    3.7520   -0.0068    0.0078    1.0925  -14.4653 
   2.2541 4288.7476   -0.4504   -0.7214  194.1838    0.7449    1.8067    5.9253    0.0000    0.0000    0.0000    0.0000    0.0000    0.0000    3.7440   -0.0127    0.0081    1.0845  -14.1602 
   2.2966 4288.7051   -0.4331   -0.4122  194.4562    0.4398    1.8067    6.3525    0.0000    0.0000    0.0000    0.0000    0.0000    0.0000    3.7520   -0.0063    0.0063    1.0825  -14.4653 
   2.3391 4288.6626   -0.1021   -0.1739  194.7213    0.8060    1.6846    6.1694    0.0000    0.0000    0.0000    0.0000    0.0000    0.0000    3.7520   -0.0037    0.0020    1.0913  -14.0991 
   2.3816 4288.6201   -0.4921   -0.5080  194.9805    0.8060    1.8067    6.1694    0.0000    0.0000    0.0000    0.0000    0.0000    0.0000    3.7520   -0.0098    0.0093    1.0923  -14.0991 
   2.4241 4288.5776   -0.0210   -0.3229  195.2524    0.8060    1.9288    6.1084    0.0000    0.0000    0.0000    0.0000    0.0000    0.0000    3.7520   -0.0022   -0.0027    1.0911  -14.0991 
   2.4666 4288.5352   -0.1156   -0.5101  195.5197    1.1111    1.6236    6.6577    0.0000    0.0000    0.0000    0.0000    0.0000    0.0000    3.7520   -0.0076    0.0054    1.0896  -13.7939 
   2.5091 4288.4927   -0.2163   -0.4954  195.7854    0.3787    1.7457    5.8643    0.0000    0.0000    0.0000    0.0000    0.0000    0.0000    3.7520   -0.0095    0.0042    1.0901  -14.5264 
   2.5516 4288.4502   -0.2165   -0.2720  196.0554    1.1722    1.9898    5.9863    0.0000    0.0000    0.0000    0.0000    0.0000    0.0000    3.7520   -0.0044    0.0042    1.0959  -13.7329 
   2.5941 4288.4077   -0.1200   -0.1574  196.3206    0.6839    1.9898    6.1084    0.0000    0.0000    0.0000    0.0000    0.0000    0.0000    3.7520   -0.0024   -0.0010    1.0876  -14.2212 
   2.6366 4288.3652   -0.3391   -0.1168  196.5884    0.4398    2.1119    6.2915    0.0000    0.0000    0.0000    0.0000    0.0000    0.0000    3.7520   -0.0042    0.0059    1.0923  -14.4653 
   2.6791 4288.3228   -0.2624   -0.4357  196.8626    0.1956    1.8678    6.7188    0.0000    0.0000    0.0000    0.0000    0.0000    0.0000    3.7520   -0.0100    0.0000    1.0850  -14.7095 
   2.7216 4288.2803   -0.1130   -0.4362  197.1279    1.0501    2.1119    6.7188    0.0000    0.0000    0.0000    0.0000    0.0000    0.0000    3.7520   -0.0073    0.0034    1.0862  -13.8550 
   2.8341    0.0015    0.0000    0.0000  197.8226    0.1956    1.8678    6.1694    0.0000    0.0000    0.0000    0.0000    0.0000    0.0064    3.7520   -0.0063    0.0059    1.0784  -14.7095 
   2.8766    0.0009    0.0000    0.0000  198.0999    0.9891    1.8067    6.2915    0.0000    0.0000    0.0000    0.0000    0.0000    0.0377    3.7520   -0.0090    0.0078    1.0923  -13.9160 
   2.9191    0.0010    0.4268    0.1190  198.3684    0.9891    2.0509    6.1694   -0.6896    0.5506   -5.3180    3.3199    0.0000    0.1367    3.7040   -0.0090    0.0129    1.0867   -0.1077 
   2.9616    0.0010    0.2873   -0.4761  198.6361    0.4398    2.2340    5.0708   -1.4727   -0.4582  -14.8172    5.9430    0.0000    0.1476    3.7040   -0.0178   -0.0022    1.0894   -0.0885 
   3.0041    0.0016    0.2638    0.3633  198.8955    0.6229    4.3092    4.9487   -1.1640   -0.2463  -26.8002    0.8031    0.0000    0.1476    3.7040    0.0134   -0.0232    1.0881   -0.0864 
   3.0466    0.0010   -0.2836   -0.1158  199.1670   -1.0861   -2.0385    6.7798   -0.5484   -0.3556  -29.8569    1.5359    0.0000    0.1476    3.7040   -0.0547    0.0361    1.0872   -0.1183 
   3.0891    0.0010   -0.1247    0.2486  199.4073   -2.3679   -2.2826    5.0708   -1.7038   -1.1561  -40.5858   -7.9107    0.0000    0.1476    3.6960   -0.0427    0.0271    1.0974   -0.0885 
   3.1316    0.0010   -0.2442   -0.5083  199.6077   -0.4758   -4.9682    2.3242   -0.8918   -0.7545  -47.1997  -10.5898    0.0000    0.1422    3.6960   -0.0701    0.0740    1.0869   -0.0406 
   3.1741    0.0016   -0.0132   -0.5053  199.8425    0.3177   -1.0009    6.2305   -0.1856    0.1165  -50.6503   -6.6571    0.0000    0.1422    3.6880    0.0623   -0.0156    1.0928   -0.1087 
   3.2166    0.0010    0.0568   -0.2122  200.0856    2.3318    2.0509    6.9629   -0.2808   -0.1257  -54.4749   -4.2557    0.0000    0.1476    3.6880    0.0500    0.0027    1.0911   -0.1215 
   3.2591    0.0010    0.2748    0.2171  200.3978   -1.3303    1.1353    7.1460   -1.5181    0.1887  -66.2145   -4.6662    0.0000    0.1476    3.6720    0.2014   -0.0337    1.0657   -0.1247 
   3.3016    0.0010   -0.3472    0.0669  200.7760   -4.7482    3.0885   10.2588   -0.8898    0.2872  -73.7459   -3.5573    0.0000    0.1476    3.6560   -0.2295   -0.1497    0.7920   -0.1790 
   3.3441    0.0016   -1.9271    0.1291  201.1873   -7.8000    6.0181   14.8364   -1.6495    0.4961  -76.8755    0.1359    0.0000    0.1422    3.6560   -0.3091    0.7747    1.2397   -0.2589 
   3.3866    0.0011   -3.8700    1.1882  201.5378  -54.7360   31.7139    3.1787   -1.8172    0.4083  -65.0284   -2.7059    0.0000    0.1476    3.6640   -0.1951    0.2053    2.0039   -0.0555 
   3.4291    0.0010   -8.0721    0.7439  201.5630  -15.2463    1.6846   -8.5400   -1.0058    0.5163  -17.4741   -6.3810    0.0000    0.1476    3.6800   -0.1904    0.4058    1.1011    0.1491 
   3.4716    0.0010    0.0000    0.0000  201.8227   -5.7858    8.4596   -0.3003   -1.5233    0.5166    0.0000    0.0000    0.0000    0.0915    3.6880   -0.0161    0.0364    1.0273  -20.6909 
   3.5141    0.0016    0.3217    0.3071  201.6983    8.8626    3.3936   -3.9624   -0.2523   -0.0429   -3.1971   -1.7119    0.0000    0.1144    3.7200    0.0173    0.1038    0.9749    0.0692 
   3.5566    0.0010    2.2718   -0.5884  201.5931   76.1234  -10.0341   -3.7793   -0.4149    1.8435  -15.7877   13.3778    0.0000    0.1847    3.6800   -0.0586   -0.0322    1.2424    0.0660 
   3.5991    0.0009    0.0000    0.0000  201.3956  -51.0739  -28.6498   -3.0469    0.2293    2.4497    0.0000    0.0000    0.0000    0.0000    3.7520    0.2495   -0.0293    0.2856  -65.9790 
   3.7266 4294.8706    1.6131   -0.2115  200.8005   -4.4431   11.9996    4.2163    0.2293    2.4497    0.0000    0.0000    0.0000    0.0000    3.7520   -0.0889    0.0032    1.1194  -19.3481 
   3.7691 4294.8281    2.5296   -0.9019  200.9940    0.9280    1.4405    5.0708    0.2293    2.4497    0.0000    0.0000    0.0000    0.0000    3.7520   -0.0820   -0.0215    1.0969  -13.9771 
   3.8116 4294.7856    2.3466   -0.5522  201.3122    0.5618  -12.2924    8.0615    0.2293    2.4497    0.0000    0.0000    0.0000    0.0000    3.7520   -0.0662    0.0007    1.0808  -14.3433 
   3.8541 4294.7432    2.8098    0.2114  201.5371   -1.9406   -5.6396    6.7798    0.2293    2.4497    0.0000    0.0000    0.0000    0.0000    3.7520    0.0154    0.0532    1.0776  -16.8457 
   3.8966 4294.7007    2.9514    0.5063  201.8132   -2.4289   -4.4799    6.6577    0.2293    2.4497    0.0000    0.0000    0.0000    0.0000    3.7520   -0.0278    0.0884    1.0791  -17.3340 
   3.9391 4294.6582    3.0523    0.5865  202.0916   -1.7575   -0.8788    6.1694    0.2293    2.4497    0.0000    0.0000    0.0000    0.0000    3.7520   -0.0229    0.0850    1.0757  -16.6626 
   3.9816 4294.6157    2.9125    0.5343  202.3697    0.3787   -0.2074    8.4277    0.2293    2.4497    0.0000    0.0000    0.0000    0.0000    3.7520   -0.0344   -0.0017    1.0811  -14.5264 
   4.0241 4294.5732    3.1980    0.1869  202.6504   -1.4523    1.8067    7.6343    0.2293    2.4497    0.0000    0.0000    0.0000    0.0000    3.7520   -0.0205    0.0068    1.0833  -16.3574 
   4.0666 4294.5308    2.7554    0.3417  202.9122   -0.0485   -0.0854    8.6108    0.2293    2.4497    0.0000    0.0000    0.0000    0.0000    3.7520   -0.0156    0.0125    1.0847  -14.9536 
   4.1091 4294.4883    3.0455    1.2408  203.1596    1.1111    1.3184    8.1836    0.2293    2.4497    0.0000    0.0000    0.0000    0.0000    3.7520    0.0151    0.0017    1.0833  -13.7939 
   4.1516 4294.4458    2.8147    0.6132  203.4404    0.3787    3.6988    5.1318    0.2293    2.4497    0.0000    0.0000    0.0000    0.0000    3.7440   -0.0078    0.0115    1.0835  -14.5264 
   4.1941 4294.4033    2.4855    0.9206  203.7080    0.1956    0.8912    7.0239    0.2293    2.4497    0.0000    0.0000    0.0000    0.0000    3.7520   -0.0034    0.0171    1.0874  -14.7095 
   4.2366 4294.3608    2.9511    0.4814  203.9778   -1.0251   -0.8178    6.5356    0.2293    2.4497    0.0000    0.0000    0.0000    0.0000    3.7440   -0.0239    0.0188    1.0791  -15.9302 
   4.2791 4294.3184    3.3341    0.6207  204.2516    0.4398    4.6754    5.8643    0.2293    2.4497    0.0000    0.0000    0.0000    0.0000    3.7520    0.0112   -0.0247    1.0789  -14.4653 
   4.3216 4294.2759    3.0720    1.0238  204.5278   -0.4758    0.4029    6.5356    0.2293    2.4497    0.0000    0.0000    0.0000    0.0000    3.7440    0.0139   -0.0115    1.0933  -15.3809 
   4.3641 4294.2334    3.4368    1.2763  204.7905    0.0735    0.7691    6.5356    0.2293    2.4497    0.0000    0.0000    0.0000    0.0000    3.7520   -0.0110   -0.0078    1.0757  -14.8315 
   4.4066 4294.1909    3.0918    0.8725  205.0597    0.3177    2.7222    5.9253    0.2293    2.4497    0.0000    0.0000    0.0000    0.0000    3.7520   -0.0022    0.0181    1.0859  -14.5874 
   4.4491 4294.1484    3.3597    0.7019  205.3323   -0.2316    1.3184    6.0474    0.2293    2.4497    0.0000    0.0000    0.0000    0.0000    3.7440   -0.0081    0.0000    1.0847  -15.1367 
   4.4916 4294.1060    3.2630    0.6805  205.5980    1.2943    1.8067    5.9253    0.2293    2.4497    0.0000    0.0000    0.0000    0.0000    3.7520   -0.0193    0.0115    1.0854  -13.6108 
   4.5341 4294.0630    2.7693    0.7643  205.8652   -1.0861    1.9288    6.7798    0.2293    2.4497    0.0000    0.0000    0.0000    0.0000    3.7520   -0.0059    0.0115    1.0837  -15.9912 
   4.5766 4294.0205    3.1071    1.2071  206.1482   -0.8420    1.4405    6.9629    0.2293    2.4497    0.0000    0.0000    0.0000    0.0000    3.7520    0.0020    0.0049    1.0845  -15.7471 
   4.6191 4293.9780    3.1520    0.5020  206.4242    0.3787    1.9898    5.8643    0.2293    2.4497    0.0000    0.0000    0.0000    0.0000    3.7520   -0.0146    0.0076    1.0886  -14.5264 
   4.6616 4293.9355    3.3000    0.7901  206.6825    0.6839    1.7457    6.3525    0.2293    2.4497    0.0000    0.0000    0.0000    0.0000    3.7520   -0.0125   -0.0022    1.0867  -14.2212 
   4.7041 4293.8931    3.1345    0.9546  206.9484   -0.6589    1.5015    6.5356    0.2293    2.4497    0.0000    0.0000    0.0000    0.0000    3.7520   -0.0027    0.0059    1.0784  -15.5640 
   4.7466 4293.8506    3.0038    0.5855  207.2284    1.1722    1.8067    6.4746    0.2293    2.4497    0.0000    0.0000    0.0000    0.0000    3.7520   -0.0120    0.0076    1.0818  -13.7329 
   4.7891 4293.8081    3.0572    0.4172  207.5067   -0.0485    1.7457    6.8408    0.2293    2.4497    0.0000    0.0000    0.0000    0.0000    3.7520   -0.0139    0.0059    1.0884  -14.9536 
   4.8316 4293.7656    3.0614    0.7048  207.7919   -0.4758    1.9288    6.7188    0.2293    2.4497    0.0000    0.0000    0.0000    0.0000    3.7520   -0.0081    0.0073    1.0942  -15.3809 
   4.8741 4293.7231    3.0157    0.6785  208.0669    0.0735    2.1729    6.2915    0.2293    2.4497    0.0000    0.0000    0.0000    0.0000    3.7520   -0.0090    0.0129    1.0874  -14.8315 
   4.9166 4293.6807    3.5115    0.5901  208.3241    1.2332    2.1119    6.1084    0.2293    2.4497    0.0000    0.0000    0.0000    0.0000    3.7440   -0.0090   -0.0012    1.0859  -13.6719 
   4.9591 4293.6382    3.1571    0.5410  208.5945   -0.6589    1.9288    6.2915    0.2293    2.4497    0.0000    0.0000    0.0000    0.0000    3.7520   -0.0115    0.0046    1.0918  -15.5640 
   5.0666    0.0009    0.0000    0.0000  209.2896    0.2567    2.0509    6.1084    0.2293    2.4497    0.0000    0.0000    0.0000    0.0000    3.7520   -0.0061   -0.0005    1.0872  -14.6484 
   5.1091    0.0009    0.0000    0.0000  209.5588   -0.1096    1.5015    5.7422    0.2293    2.4497    0.0000    0.0000    0.0000    0.0000    3.7440   -0.0093   -0.0002    1.0881  -15.0146 
   5.1516    0.0009    0.0000    0.0000  209.8191    0.0125    1.7457    6.4136    0.2293    2.4497    0.0000    0.0000    0.0000    0.0000    3.7520    0.0000    0.0054    1.0820  -14.8926 
   5.1941    0.0015    0.0000    0.0000  210.0847    0.1956    1.6236    6.8408    0.2293    2.4497    0.0000    0.0000    0.0000    0.0000    3.7520   -0.0071   -0.0012    1.0820  -14.7095 
   5.2366    0.0009    0.0000    0.0000  210.3677    0.3177    1.5626    6.6577    0.2293    2.4497    0.0000    0.0000    0.0000    0.0000    3.7520   -0.0142    0.0051    1.0955  -14.5874 
   5.2791    0.0009    0.0000    0.0000  210.6373   -0.4758    1.5015    5.9863    0.2293    2.4497    0.0000    0.0000    0.0000    0.0000    3.7520   -0.0098    0.0015    1.0955  -15.3809 
   5.3216    0.0009    0.0000    0.0000  210.9013    1.5994    1.7457    5.7422    0.2293    2.4497    0.0000    0.0000    0.0000    0.0000    3.7520   -0.0046    0.0051    1.0886  -13.3057 
   5.3641    0.0015    0.0000    0.0000  211.1719    0.6229    2.1119    6.7188    0.2293    2.4497    0.0000    0.0000    0.0000    0.0000    3.7520   -0.0007    0.0090    1.0837  -14.2822 
   5.4066    0.0009    0.0000    0.0000  211.4430   -0.1096    1.8067    6.4746    0.2293    2.4497    0.0000    0.0000    0.0000    0.0000    3.7520   -0.0090    0.0125    1.0803  -15.0146 
   5.4491    0.0010    0.0000    0.0000  211.7161    0.0735    1.6846    6.4746    0.2293    2.4497    0.0000    0.0000    0.0000    0.0000    3.7520    0.0029    0.0024    1.0906  -14.8315 
   5.4916    0.0010    0.0000    0.0000  211.9891    0.6229    2.0509    6.1084    0.2293    2.4497    0.0000    0.0000    0.0000    0.0000    3.7520   -0.0081   -0.0005    1.0881  -14.2822 
   5.5341    0.0015    0.0000    0.0000  212.2577   -0.1706    1.6846    6.3525    0.2293    2.4497    0.0000    0.0000    0.0000    0.0000    3.7520   -0.0127    0.0042    1.0825  -15.0757 
   5.5766    0.0009    0.0000    0.0000  212.5097   -0.4758    1.6236    6.1084    0.2293    2.4497    0.0000    0.0000    0.0000    0.0000    3.7520   -0.0059    0.0103    1.0864  -15.3809 
   5.6191    0.0009    0.0000    0.0000  212.7787    0.0735    1.6846    6.6577    0.2293    2.4497    0.0000    0.0000    0.0000    0.0190    3.7520   -0.0117    0.0056    1.0879  -14.8315 
   5.6616    0.0009    0.0000    0.0000  213.0535   -0.2316    1.8678    6.1084    0.2293    2.4497    0.0000    0.0000    0.0000    0.0253    3.7520   -0.0056    0.0017    1.0830  -15.1367 
   5.7041    0.0015    0.0000    0.0000  213.3228    1.5384    2.1119    6.2305    0.2293    2.4497    0.0000    0.0000    0.0000    0.0438    3.7520   -0.0042    0.0007    1.0884  -13.3667 
   5.7466    0.0009    0.0000    0.0000  213.6015    0.2567    1.5626    6.1694    0.2293    2.4497    0.0000    0.0000    0.0000    0.0680    3.7520   -0.0095   -0.0029    1.0894  -14.6484 
   5.7891    0.0010   -0.0392   -0.1684  213.8698    0.3177    1.8678    6.5967   -0.0657    0.2404    0.7493    1.7032    0.0000    0.1087    3.7200   -0.0100   -0.0012    1.0857   -0.1151 
   5.8316    0.0010   -0.2290   -0.1927  214.1376    0.4398    2.2950    5.9863   -0.7541   -0.1378   -0.8913    0.9877    0.0000    0.1584    3.6960   -0.0085    0.0000    1.0881   -0.1045 
   5.8741    0.0016   -0.1078   -0.1202  214.4085    0.1346    0.2198    5.1318   -0.2674    0.5412   -1.3112    3.7795    0.0000    0.1898    3.6880   -0.0117   -0.0115    1.0896   -0.0896 
   5.9166    0.0010   -0.2439   -0.1775  214.6663    0.6229    2.9664    2.0801   -0.0856    0.4139    0.2452    7.9112    0.0000    0.2101    3.6640   -0.0249    0.0232    1.0925   -0.0363 
   5.9591    0.0010   -0.1158    0.3612  214.9058    0.0735    2.6612    4.8877   -0.4534   -0.0229   -1.5394    6.0367    0.0000    0.2151    3.6560    0.0098   -0.0032    1.0962   -0.0853 
   6.0016    0.0010    0.4264    0.6472  215.0912    2.2708    3.1495   -3.6572    0.0016    0.0973   -3.6642    4.0131    0.0000    0.2151    3.6640   -0.0044   -0.0771    1.1365    0.0638 
   6.0441    0.0016    0.6442    0.1207  215.1748   -4.0768    4.5533    3.7891   -0.4354    0.0266  -10.5111    3.5828    0.0000    0.2151    3.6560    0.0183   -0.0601    1.1445   -0.0661 
   6.0866    0.0011    0.2411    0.1646  215.2711   -2.3068   -1.4281    8.1836   -0.2140   -0.1652  -14.7024    2.9750    0.0000    0.2151    3.6640    0.1338    0.0164    1.1409   -0.1428 
   6.1291    0.0010    0.2288   -0.1154  215.5500   -1.2082    3.2105    2.9956   -0.1609   -0.1348  -16.2450    4.7548    0.0000    0.2346    3.6560    0.0073    0.1218    1.0991   -0.0523 
   6.1716    0.0010   -0.0411    0.0397  215.5727   -4.3210    5.3468    1.6528   -0.1688   -0.5575  -18.4950    0.7395    0.0000    0.2394    3.6560    0.1008   -0.3108    0.9116   -0.0288 
   6.2141    0.0016   -0.1827    0.6849  215.6624    0.1346   10.0465    3.4839   -0.4059   -0.3275  -21.3908   -3.1298    0.0000    0.2720    3.6480    0.2280   -0.1389    1.2007   -0.0608 
   6.2566    0.0011   -0.1272    0.3155  215.7544   -6.1520   -5.7006    5.7422   -0.1785   -0.0540  -24.2052   -4.6731    0.0000    0.2942    3.6160   -0.0488   -0.0110    0.9885   -0.1002 
   6.2991    0.0010   -1.4694   -0.1562  215.9803    4.1019  -10.8886    8.3667   -0.0481   -0.6229  -15.0927   -9.0355    0.0000    0.3072    3.6000    0.0383   -0.4905    1.5183   -0.1460 
   6.3416    0.0010   -0.0026    1.7402  216.1919   -5.7248   30.6153   -0.4224   -0.2169   -0.3909  -13.3318  -22.6649    0.0000    0.3199    3.5920   -0.3003   -0.4993   -1.0544    0.0074 
   6.3841    0.0016    0.0357    3.0849  216.1727    8.0081   -4.4189   -5.6103   -0.2626   -0.0313  -14.2806  -42.9846    0.0000    0.3199    3.5920    0.1006    0.2502    1.5129    0.0979 
   6.4266    0.0010    0.7630    1.6238  216.0498  -36.9138  -53.2470   -2.1924   -0.2514   -0.3757  -19.1502  -59.3667    0.0000    0.3240    3.6000    0.4500   -0.8960    1.8740    0.0383 
   6.4691    0.0010    0.6342    0.3888  216.0940    5.0784   35.0098   -0.3003   -0.4922   -0.2054  -26.4488  -63.7582    0.0000    0.3240    3.5920    0.0049   -0.4751    1.7383    0.0052 
   6.5116    0.0010    1.5473   -0.3638  216.3165   20.3983  -12.1703   13.9209   -0.4137   -0.1846  -38.2292  -65.9696    0.0000    0.3281    3.5920   -0.4998    0.7278    2.3774   -0.2430 
   6.5541    0.0016    1.8437    0.0242  216.5276  -21.4719   -6.1889    2.0190   -0.2876   -0.2462  -53.7514  -68.0392    0.0000    0.3322    3.5520   -0.7161    0.5613    1.2869   -0.0352 
   6.5966    0.0010    2.1871   -0.4848  217.2086  -10.0583   -5.5785   24.7852   -0.3281   -0.3755  -71.8303  -67.4272    0.0000    0.3322    3.5200    0.7705    1.2075    1.2109   -0.4326 
   6.6391    0.0010    1.7630   -0.3548  217.7282  -18.7863    3.6378   13.5547   -0.6554   -0.5068  -91.5743  -69.1432    0.0000    0.3322    3.5040   -0.2239   -0.1443    0.8335   -0.2366 
   6.6816    0.0010    0.9493   -0.4958  218.1707  -61.2668    2.2950    7.5122   -0.4256   -0.2554 -102.0038  -68.2056    0.0000    0.3403    3.4800   -0.2825   -0.8540    1.0635   -0.1311 
   6.7241    0.0016   -2.3343   -0.6755  218.5179  -85.8639  -12.3534   10.6860   -0.5565   -0.6183  -92.7679  -69.4113    0.0000    0.3403    3.5120    0.3843   -0.7661    0.5471   -0.1865 
   6.7666    0.0010   -6.4895   -2.6922  218.0516 -113.7570  -76.3793  -18.9160   -0.2612   -0.5958  -52.3308  -56.5929    0.0000    0.3403    3.5680    0.1436   -1.1858    0.7666    0.3301 
   6.8091    0.0010  -10.5586   -6.6972  216.8871  -98.5593 -127.6488  -41.6821   -0.3346   -0.1309   18.9179  -14.6906    0.0000    0.3403    3.5600   -0.2917    1.0854    0.9451    0.7275 
   6.8516    0.0010  -12.7959  -11.5651  215.8794  -10.1804 -125.2685  -26.7895   -0.2483   -0.6627  112.7690   61.4397    0.0000    0.3443    3.5600    0.3772    1.2949    1.9355    0.4676 
   6.8941    0.0016   -9.6067  -14.6328  214.4447  133.5574  -38.7817   -8.3569   -0.1772   -0.6307  191.6371  164.0188    0.0000    0.3483    3.5600   -0.2732    0.7241    0.6394    0.1459 
   6.9366    0.0011   -0.9536  -12.6155  212.2659  248.5477  157.8736    0.2490   -0.6033   -0.3649  212.6389  264.1257    0.0000    0.3483    3.5600   -0.1033   -0.1301    0.3867   -0.0043 
   6.9791    0.0011    4.9562    0.4202  210.4836 -183.4592  502.7223  -61.4575    0.2111   -0.3327  183.7883  282.8296    0.0000    0.2628    3.0720   -1.0359   -0.1636    4.4692    1.0726 
   7.0216    0.0011    2.6303    9.6358  208.7763   42.9813  216.7726   -8.7842    0.1894   -0.7487  169.0191  219.9949    0.0000    0.1530    3.6720   -0.4221   -0.2095    0.3506    0.1533 
   7.0641    0.0016    5.7695   15.2724  210.1791  -24.5236  -33.2885   49.0161    0.0183   -0.7843  127.4819  102.2949    0.0000    0.1422    3.5440   -0.1309   -0.0405    0.0149   -0.8555 
   7.1066    0.0010    5.6612   10.4386  212.7812   21.6190 -223.4740   59.0259    0.4397   -0.4573   88.3757    4.6603    0.0000    0.3322    3.4640    0.0393    0.0469    1.0615   -1.0302 
   7.1491    0.0010    2.9089   -0.7109  215.7322  109.9368  -90.4784   46.2085    0.7710    0.2684   69.4973   -9.8683    0.0000    0.3403    3.3600    0.2812   -0.8562    2.1228   -0.8065 
   7.1916    0.0010    7.5531    3.0696  216.2692 -108.1418  155.8595   -5.4272    0.0487   -0.0795   15.4544  -26.0329    0.0000    0.3403    3.5440    0.9211   -0.3306   -0.5286    0.0947 
   7.2341    0.0016    3.4555    9.7479  215.2376   22.4734   70.2271  -20.2588   -0.1077   -0.0293  -16.2801  -91.2859    0.0000    0.3403    3.5600    1.0400   -0.1353    0.7539    0.3536 
   7.2766    0.0010    7.8021    8.0935  216.0880  131.6043 -136.4989   25.3345    0.3211    0.1920  -68.1817 -154.8941    0.0000    0.3403    3.5680    0.0063   -0.6235    0.7200   -0.4422 
   7.3191    0.0010    9.1747    0.7294  216.9591 -158.1906  -30.7861   10.4419    0.1815   -0.3441 -136.0339 -171.8727    0.0000    0.3403    3.5760    0.2383    0.3662    1.0872   -0.1822 
   7.3616    0.0010   -1.2999    2.0869  216.0120 -169.4211  -45.4345  -45.6494    0.4309   -0.3861 -136.2300 -193.6835    0.0000    0.3403    3.5040    0.4077    1.4272   -1.0061    0.7967 
   7.4041    0.0016    0.8051   -2.1668  215.0518  166.4554 -134.7289    8.1226    0.6036    0.1329 -132.9297 -181.5851    0.0000    0.3403    3.4000   -0.4731    0.3716    2.8662   -0.1418 
   7.4466    0.0010    0.9441   -3.9094  215.1193   41.1502  -77.4780  -11.8970    0.1208   -0.2049 -134.3861 -159.5471    0.0000    0.3443    3.4480   -0.1064   -0.5830    0.9263    0.2076 
   7.4891    0.0010    0.2822   -7.3564  215.2207   15.3934 -144.0063   10.8081    0.0531   -0.0153 -134.4761 -111.4025    0.0000    0.3403    3.5120    0.2888   -0.9060    1.4175   -0.1886 
   7.5316    0.0010    0.0590  -12.9851  215.8363  -53.5153 -131.7382   19.8413    0.5310   -0.5039 -132.8408  -23.9966    0.0000    0.3403    3.5360   -0.0010   -0.1533    0.9741   -0.3463 
   7.5741    0.0016   -3.3232  -15.6202  218.5202 -160.3879    5.5909   52.6172    0.2658   -0.4210 -113.2061   87.9350    0.0000    0.3522    3.5360    0.5725    0.3896    0.3113   -0.9183 
   7.6166    0.0010  -11.0306  -11.5220  222.7758 -230.2121  183.5084   31.8042    0.6183    0.0022  -38.8226  183.1521    0.0000    0.3826    3.4880   -0.6152    0.0339    1.3796   -0.5551 
   7.6591    0.0010  -17.0518   -2.7866  224.1468  -60.3513  197.8516   -2.9858   -0.0174   -0.0027   82.7980  220.8100    0.0000    0.3826    3.5360   -0.3083   -0.1567    1.6130    0.0521 
   7.7016    0.0010  -11.6137    4.1684  224.2502  339.1849   49.2310   23.1372    0.2541   -0.4845  183.5824  196.7133    0.0000    0.3826    3.5520    0.1724    0.2983   -0.0249   -0.4038 
   7.7441    0.0016    5.0481    2.8496  225.2344  204.8465    9.5582  -44.7949    0.2735    0.0386  172.9027  178.5049    0.0000    0.3714    3.4880    0.5183   -0.1113    0.1311    0.7818 
   7.7866    0.0010    3.6373    8.0489  224.1328 -146.7771  240.3321    0.9204    0.2465   -0.1814  148.1100  126.9698    0.0000    0.3676    3.4240    0.1003   -0.3015    0.5510   -0.0161 
   7.8291    0.0010    7.1670   12.5561  224.6317   69.2874  -76.9897    5.6812    0.3823    0.1252  103.9792   34.5527    0.0000    0.3676    3.5600    0.6443    0.4670    0.3062   -0.0992 
   7.8716    0.0010    7.2278    9.6228  225.0843  -59.5578  -86.2060   -3.6572    0.4022    0.0364   52.7769  -44.4551    0.0000    0.3676    3.5200    0.3396    0.1133    0.5613    0.0638 
   7.9141    0.0016    2.9684    4.1995  224.4906  -94.1647 -242.7611    8.4888    0.7343    0.0063   26.6922  -89.3118    0.0000    0.3676    3.4560    0.0527   -0.5347    0.2739   -0.1482 
   7.9566    0.0010    4.7199    1.2398  225.1580  153.9432   87.5611    4.5215    0.5481    0.4009   -1.2647  -98.9990    0.0000    0.3676    3.4800   -0.8689    0.8911    2.7358   -0.0789 
   7.9991    0.0010    6.4644    3.0257  225.2433  -10.7907   -2.3437   -7.1973    0.2873   -0.0697  -45.8552 -122.9003    0.0000    0.3714    3.5520   -0.1372   -0.3618    0.9446    0.1256 
   8.0416    0.0011    4.9361   -0.2001  224.9221 -118.0905  -72.8393    2.1411    0.9744   -1.1848  -80.2286 -136.4862    0.0000    0.4006    3.5440   -0.3914   -0.1418    1.3667   -0.0374 
   8.0841    0.0016    3.3883   -1.1369  225.0529   64.9539   14.8682    5.1929    0.5212    0.3224 -102.2576 -128.0221    0.0000    0.4624    3.3600   -0.1511    0.3784    1.4595   -0.0906 
   8.1266    0.0010    1.6022   -1.2448  224.9461   11.2430  -58.1908  -10.9814    0.3100    0.3356 -112.0843 -116.2350    0.0000    0.4624    3.3680    0.7373    0.7241    2.2009    0.1917 
   8.1691    0.0010    1.1956   -5.3583  224.7940  -26.3547 -153.8940   -4.8779    0.6921   -0.2261 -116.2806  -84.4235    0.0000    0.4624    3.4240    0.1204    0.3752    1.0562    0.0851 
   8.2116    0.0010   -0.5165  -11.7460  225.4178 -103.5641 -132.7758   10.0757    0.5181    0.3896 -113.3289   -1.8676    0.0000    0.4594    3.4720    0.7236   -0.2300    0.3074   -0.1759 
   8.2541    0.0016   -6.9542  -14.0577  228.1073 -235.7053   10.0465   30.5225    0.7561   -0.3282  -66.8176   99.8066    0.0000    0.4594    3.4480   -0.2620   -0.4253    1.6907   -0.5327 
   8.2966    0.0010  -15.6728  -11.1293  231.0603 -147.7536  108.9234    9.5874    0.7765   -0.4918   45.3943  188.4361    0.0000    0.4624    3.4400   -0.4084    1.1230    0.8167   -0.1673 
   8.3391    0.0010  -15.6237   -5.3913  231.5538  138.7454  161.2916    9.7095    0.9900   -0.1004  172.0303  241.1230    0.0000    0.4624    3.4720    0.3970    1.2590   -0.1799   -0.1695 
   8.3816    0.0011   -2.2788    4.8250  231.3697  394.9710  310.7057   -6.9531    0.5677   -0.0855  219.0258  222.8217    0.0000    0.4624    3.4400   -0.3765   -0.3181   -0.2065    0.1214 
   8.4241    0.0016    0.3300    8.6833  231.5975 -328.1735 -145.8373   10.6860    0.5645   -0.3161  214.2926  152.8184    0.0000    0.4624    3.1760   -0.7617   -0.4707    2.2466   -0.1865 
   8.4666    0.0010    2.0237    0.7399  232.6408  218.5794  -81.7504   27.7759    0.6249   -0.1546  208.6128  135.5177    0.0000    0.4624    3.2720   -0.4519   -0.4895    2.4211   -0.4848 
   8.5091    0.0010   12.7478    7.5430  232.7483  -38.1345  193.8844  -37.4707    0.6968    0.4045  130.4342   91.6851    0.0000    0.4624    3.3040   -1.2068   -0.6807    2.3479    0.6540 
   8.5516    0.0010   16.2054   21.9732  232.3557  213.1473  449.4996  -17.2070    0.5367    0.4686   21.2651  -46.3567    0.0000    0.4624    3.2160   -1.3950    1.5430    3.0227    0.3003 
   8.5941    0.0016   21.9034   34.5492  236.2917  220.1663  103.0640   17.2778    0.3921    0.0150 -130.5979 -290.2790    0.0000    0.4624    3.2800    0.6194   -0.3464    1.3035   -0.3016 
   8.6366    0.0010   27.4910   29.2224  241.7692   95.5325 -408.7768   30.2173    1.0232    0.0805 -324.8964 -526.7020    0.0000    0.4624    3.2240   -1.0364    0.3770    0.5952   -0.5274 
   8.6791    0.0010   18.5905    1.6594  241.2008 -494.3722 -807.3364    7.8784    1.1485    0.3540 -478.8478 -588.3183    0.0000    0.4624    3.4480   -0.6355   -0.9692    1.5640   -0.1375 
   8.7216    0.0010  -14.7301  -37.8884  253.3310 -1044.2990 -950.7079   27.3486    1.1117    0.0677 -416.9055 -370.6549    0.0000    0.4624    3.2080    0.3262    0.3450    0.7788   -0.4773 
   8.7641    0.0016  -22.5325  -65.5866  276.9599 -118.4567  372.5953  339.6656    1.3626    0.0475 -241.1093  103.4816    0.0000    0.4594    3.1360   -2.0925    1.0542    1.6855   -5.9283 
   8.8066    0.0011  -15.2432  -50.6465  287.9414 -156.4206  408.7892  183.2324    1.4190    0.1590 -103.2242  511.5502    0.0000    0.4624    3.2080   -0.0256   -0.6252   -1.1899   -3.1980 
   8.8491    0.0010  -17.3831  -33.8855  294.5262 -176.0129  451.6358   41.0816    1.4571    0.7747   37.1040  805.2488    0.0000    0.3483    3.2080   -0.6401   -0.4353    2.8113   -0.7170 
   8.8916    0.0009    0.0000    0.0000  300.2704 -143.0539  769.7510   76.3599    1.2231   -0.2302    0.0000    0.0000    0.0000    0.0127    3.7040    0.2124   -1.1299    1.1882 -157.9590 
   8.9341    0.0015    0.0000    0.0000  310.0202  961.3773  -11.1327  292.6074    1.2231   -0.2302    0.0000    0.0000    0.0000    0.0064    3.7120   -0.4172   -0.8877    1.2087  946.4722 
   8.9766    0.0009    0.0000    0.0000  323.9612 -491.2594 -298.0590  166.8750    1.2231   -0.2302    0.0000    0.0000    0.0000    0.0064    3.7120    0.4402    0.7380    2.9460 -506.1646 
   9.0191    0.0009    0.0000    0.0000  333.2519   12.2195  277.9297  240.6665    1.2231   -0.2302    0.0000    0.0000    0.0000    0.0127    3.7120   -0.1609    0.4851   -1.6846   -2.6855 
   9.0616    0.0009    0.0000    0.0000  343.4265   71.6067  -12.5365  220.8301    1.2231   -0.2302    0.0000    0.0000    0.0000    0.0064    3.7040    0.2109    0.2539    0.3145   56.7017 
   9.1041    0.0015    0.0000    0.0000  351.9822 -218.8596   33.7281  178.7158    1.2231   -0.2302    0.0000    0.0000    0.0000    0.0064    3.7120   -0.2463   -0.2217    0.7720 -233.7646 
   9.1466    0.0009    0.0000    0.0000  359.3689   58.8504  -52.3925  185.7959    1.2231   -0.2302    0.0000    0.0000    0.0000    0.0127    3.7040    0.1060    0.0154    0.6030   43.9453 
   9.1891    0.0009    0.0000    0.0000    7.0726  -24.4015   81.1524  187.3218    1.2231   -0.2302    0.0000    0.0000    0.0000    0.0127    3.7120   -0.3159   -0.3254    1.0396  -39.3066 
   9.2316    0.0009    0.0000    0.0000   14.5359   22.2293  -58.4350  162.1753    1.2231   -0.2302    0.0000    0.0000    0.0000    0.0064    3.7120   -0.0474   -0.2415    0.8711    7.3242 
   9.2741    0.0015    0.0000    0.0000   21.0422   -3.4665   28.5401  146.7334    1.2231   -0.2302    0.0000    0.0000    0.0000    0.0064    3.7200   -0.1321   -0.2417    1.1619  -18.3716 
   9.3166    0.0009    0.0000    0.0000   26.8435   -1.2082   -6.1889  120.9155    1.2231   -0.2302    0.0000    0.0000    0.0000    0.0127    3.7120    0.0435    0.0801    1.0715  -16.1133 
   9.3591    0.0009    0.0000    0.0000   30.8836   -1.6965    1.1353   73.3691    1.2231   -0.2302    0.0000    0.0000    0.0000    0.0127    3.7200    0.0015    0.0486    1.0686  -16.6016 
   9.4016    0.0009    0.0000    0.0000   32.8397   -0.5978    2.0509   24.3579    1.2231   -0.2302    0.0000    0.0000    0.0000    0.0064    3.7200   -0.0281    0.0210    1.0725  -15.5029 
   9.4441    0.0015    0.0000    0.0000   33.2304   -0.9030    0.5860    5.0708    1.2231   -0.2302    0.0000    0.0000    0.0000    0.0064    3.7200   -0.0359   -0.0042    1.0740  -15.8081 
   9.4866    0.0009    0.0000    0.0000   33.4847   -0.7199    2.6002    3.7891    1.2231   -0.2302    0.0000    0.0000    0.0000    0.0064    3.7200   -0.0183    0.0012    1.0737  -15.6250 
   9.5291    0.0009    0.0000    0.0000   33.7869   -0.9030    3.8209    8.8550    1.2231   -0.2302    0.0000    0.0000    0.0000    0.0064    3.7120   -0.0239    0.0281    1.0732  -15.8081 
   9.5716    0.0009    0.0000    0.0000   34.0351   -1.0861   -4.6020    5.7422    1.2231   -0.2302    0.0000    0.0000    0.0000    0.0127    3.7200   -0.0779    0.0322    1.0725  -15.9912 
   9.6141    0.0015    0.0000    0.0000   34.3193   -1.1472    3.6988    6.8408    1.2231   -0.2302    0.0000    0.0000    0.0000    0.0127    3.7200    0.0115    0.0242    1.0815  -16.0522 
   9.6566    0.0009    0.0000    0.0000   34.5952   -1.2082    5.2247    6.2915    1.2231   -0.2302    0.0000    0.0000    0.0000    0.0064    3.7200   -0.0200    0.0251    1.0664  -16.1133 
   9.6991    0.0009    0.0000    0.0000   34.8687   -0.1096   -0.0243    6.2915    1.2231   -0.2302    0.0000    0.0000    0.0000    0.0000    3.7200   -0.0049    0.0049    1.0820  -15.0146 
   9.8116 4294.8813   -0.0828   -0.5493   35.6111   -0.4147    2.2340    6.0474    1.2231   -0.2302    0.0000    0.0000    0.0000    0.0000    3.7200   -0.0264    0.0178    1.0776  -15.3198 
   9.8541 4294.8389    0.0002    0.1122   35.8779   -0.6589    1.4405    6.2915    1.2231   -0.2302    0.0000    0.0000    0.0000    0.0000    3.7200   -0.0127    0.0161    1.0845  -15.5640 
   9.8966 4294.7964   -0.1689    0.0906   36.1408   -0.2316    1.6236    6.1084    1.2231   -0.2302    0.0000    0.0000    0.0000    0.0000    3.7200   -0.0312    0.0156    1.0830  -15.1367 
   9.9391 4294.7539   -0.1967   -0.3202   36.4209   -1.1472    1.6236    6.8408    1.2231   -0.2302    0.0000    0.0000    0.0000    0.0000    3.7200   -0.0085    0.0242    1.0781  -16.0522 
   9.9816 4294.7114   -0.0763   -0.1077   36.6916   -0.5368    1.3795    6.4136    1.2231   -0.2302    0.0000    0.0000    0.0000    0.0000    3.7200   -0.0090    0.0178    1.0808  -15.4419 
  10.0241 4294.6689   -0.0433   -0.1860   36.9736   -0.2316    1.4405    6.4746    1.2231   -0.2302    0.0000    0.0000    0.0000    0.0000    3.7200   -0.0178    0.0161    1.0759  -15.1367 
  10.0666 4294.6265   -0.0905   -0.0560   37.2486   -0.5368    1.6846    6.5356    1.2231   -0.2302    0.0000    0.0000    0.0000    0.0000    3.7200   -0.0115    0.0168    1.0815  -15.4419 
  10.1091 4294.5840   -0.1312   -0.2591   37.5276   -0.4758    1.3184    6.1694    1.2231   -0.2302    0.0000    0.0000    0.0000    0.0000    3.7200   -0.0212    0.0193    1.0798  -15.3809 
  10.1516 4294.5410    0.0746   -0.0047   37.8013   -1.1472    1.6846    6.2915    1.2231   -0.2302    0.0000    0.0000    0.0000    0.0000    3.7200   -0.0156    0.0154    1.0747  -16.0522 
  10.1941 4294.4985   -0.0272    0.0172   38.0646   -0.4758    1.0743    6.1694    1.2231   -0.2302    0.0000    0.0000    0.0000    0.0000    3.7200   -0.0154    0.0205    1.0825    0.0000 
  10.2366 4294.4561   -0.1136   -0.1080   38.3433   -0.5978    1.4405    6.3525    1.2231   -0.2302    0.0000    0.0000    0.0000    0.0000    3.7280   -0.0173    0.0183    1.0847  -15.5029 
  10.2791 4294.4136   -0.0355   -0.4743   38.6101    0.6229    1.7457    6.1694    1.2231   -0.2302    0.0000    0.0000    0.0000    0.0000    3.7200   -0.0251    0.0137    1.0767  -14.2822 
  10.3216 4294.3711    0.1235   -0.2191   38.8754    0.0125    1.7457    6.1084    1.2231   -0.2302    0.0000    0.0000    0.0000    0.0000    3.7280   -0.0251    0.0215    1.0852  -14.8926 
  10.3641 4294.3286   -0.4828   -0.2174   39.1338    0.0735    1.3184    6.1694    1.2231   -0.2302    0.0000    0.0000    0.0000    0.0000    3.7200   -0.0181    0.0232    1.0845  -14.8315 
  10.4066 4294.2861    0.1841   -0.2548   39.3988   -0.5978    1.3184    5.8032    1.2231   -0.2302    0.0000    0.0000    0.0000    0.0000    3.7280   -0.0198    0.0122    1.0850  -15.5029 
  10.4491 4294.2437   -0.0252   -0.2598   39.6633    0.6839    1.6236    6.3525    1.2231   -0.2302    0.0000    0.0000    0.0000    0.0000    3.7200   -0.0203    0.0159    1.0828  -14.2212 
  10.4916 4294.2012   -0.0366   -0.0715   39.9307   -0.2927    1.3184    6.1694    1.2231   -0.2302    0.0000    0.0000    0.0000    0.0000    3.7280   -0.0125    0.0139    1.0784  -15.1978 
  10.5341 4294.1587    0.3780   -0.5301   40.2067   -1.5134    1.1353    6.5967    1.2231   -0.2302    0.0000    0.0000    0.0000    0.0000    3.7200   -0.0254    0.0088    1.0898  -16.4185 
  10.5766 4294.1162   -0.0756    0.0742   40.4786    0.3787    1.6846    6.5356    1.2231   -0.2302    0.0000    0.0000    0.0000    0.0000    3.7280   -0.0159    0.0139    1.0830  -14.5264 
  10.6191 4294.0737    0.0478   -0.1742   40.7536   -0.3537    1.8067    6.4746    1.2231   -0.2302    0.0000    0.0000    0.0000    0.0000    3.7200   -0.0200    0.0134    1.0840  -15.2588 
  10.6616 4294.0312    0.2149   -0.2586   41.0222   -0.5368    1.8067    6.4136    1.2231   -0.2302    0.0000    0.0000    0.0000    0.0000    3.7280   -0.0208    0.0120    1.0845  -15.4419 
  10.7041 4293.9888   -0.1148   -0.2749   41.2915   -1.0861    1.5626    6.2915    1.2231   -0.2302    0.0000    0.0000    0.0000    0.0000    3.7280   -0.0208    0.0190    1.0786  -15.9912 
  10.7466 4293.9463   -0.1185   -0.3389   41.5620   -0.9030    1.3184    5.9863    1.2231   -0.2302    0.0000    0.0000    0.0000    0.0000    3.7200   -0.0229    0.0173    1.0903  -15.8081 
  10.7891 4293.9038   -0.0573   -0.1452   41.8312    0.1346    1.9288    6.4136    1.2231   -0.2302    0.0000    0.0000    0.0000    0.0000    3.7280   -0.0176    0.0178    1.0815  -14.7705 
  10.8316 4293.8613   -0.0007   -0.2871   42.0939    0.5008    2.1119    5.9253    1.2231   -0.2302    0.0000    0.0000    0.0000    0.0000    3.7280   -0.0190    0.0168    1.0852  -14.4043 
  10.8741 4293.8188   -0.1127    0.0289   42.3565   -0.7809    1.6236    6.9019    1.2231   -0.2302    0.0000    0.0000    0.0000    0.0000    3.7280   -0.0129    0.0200    1.0869  -15.6860 
  10.9166 4293.7764   -0.0211    0.0550   42.6250    0.3787    1.5626    5.6201    1.2231   -0.2302    0.0000    0.0000    0.0000    0.0000    3.7280   -0.0168    0.0125    1.0811  -14.5264 
  10.9591 4293.7339   -0.1945   -0.1445   42.8906   -0.2316    1.8067    6.0474    1.2231   -0.2302    0.0000    0.0000    0.0000    0.0000    3.7280   -0.0176    0.0186    1.0840  -15.1367 
  11.0016 4293.6914   -0.0465    0.1526   43.1446    0.5618    1.5626    6.2915    1.2231   -0.2302    0.0000    0.0000    0.0000    0.0000    3.7280   -0.0056    0.0183    1.0813  -14.3433 
  11.0441 4293.6489   -0.2658   -0.2172   43.4140   -0.2316    1.9288    6.2915    1.2231   -0.2302    0.0000    0.0000    0.0000    0.0000    3.7280   -0.0217    0.0227    1.0850  -15.1367 
  11.0866 4293.6064   -0.0465   -0.0372   43.6751   -0.5368    1.9288    6.4746    1.2231   -0.2302    0.0000    0.0000    0.0000    0.0000    3.7280   -0.0168    0.0190    1.0867  -15.4419 
  11.1291 4293.5640   -0.1971    0.0322   43.9457   -0.2316    1.3795    6.2915    1.2231   -0.2302    0.0000    0.0000    0.0000    0.0000    3.7280   -0.0200    0.0227    1.0762    0.0000 
  11.1716 4293.5215   -0.1862   -0.2057   44.2215   -1.3303    1.6846    6.4136    1.2231   -0.2302    0.0000    0.0000    0.0000    0.0000    3.7280   -0.0266    0.0271    1.0881  -16.2354 
  11.2141 4293.4785    0.0781   -0.2718   44.4839    0.5008    1.5626    6.2915    1.2231   -0.2302    0.0000    0.0000    0.0000    0.0000    3.7280   -0.0190    0.0171    1.0854  -14.4043 
  11.2566 4293.4360    0.0717    0.0598   44.7418   -0.5368    2.1119    6.5356    1.2231   -0.2302    0.0000    0.0000    0.0000    0.0000    3.7200   -0.0132    0.0149    1.0884  -15.4419 
  11.2991 4293.3936    0.0103   -0.4299   45.0278   -0.4758    1.9288    6.6577    1.2231   -0.2302    0.0000    0.0000    0.0000    0.0000    3.7200   -0.0239    0.0142    1.0764  -15.3809 
  11.3416 4293.3511    0.0499    0.0497   45.3017   -0.2927    1.7457    6.7188    1.2231   -0.2302    0.0000    0.0000    0.0000    0.0000    3.7280   -0.0132    0.0164    1.0891  -15.1978 
  11.3841 4293.3086    0.0145   -0.0849   45.5613    0.1956    1.4405    5.7422    1.2231   -0.2302    0.0000    0.0000    0.0000    0.0000    3.7280   -0.0176    0.0151    1.0842  -14.7095 
  11.4266 4293.2661    0.0376   -0.0264   45.8271    0.6229    1.8678    6.0474    1.2231   -0.2302    0.0000    0.0000    0.0000    0.0000    3.7280   -0.0146    0.0117    1.0874  -14.2822 
  11.4691 4293.2236   -0.0746   -0.1354   46.0952   -0.2316    1.5626    5.6812    1.2231   -0.2302    0.0000    0.0000    0.0000    0.0000    3.7280   -0.0178    0.0159    1.0840  -15.1367 
  11.5116 4293.1812    0.0053   -0.0091   46.3443   -0.9640    1.4405    6.4746    1.2231   -0.2302    0.0000    0.0000    0.0000    0.0000    3.7280   -0.0171    0.0151    1.0879  -15.8691 
  11.5541 4293.1387    0.0459    0.0612   46.6054    1.3553    0.4029    6.3525    1.2231   -0.2302    0.0000    0.0000    0.0000    0.0000    3.7280    0.0293   -0.0286    1.0906  -13.5498 
  11.5966 4293.0962    0.1628   -0.1581   46.8685    0.1956    8.2154    5.6201    1.2231   -0.2302    0.0000    0.0000    0.0000    0.0000    3.7280   -0.0544    0.0188    1.0732  -14.7095 
  11.6391 4293.0537    0.1390   -0.3147   47.0854   -0.7199    8.5816    5.4981    1.2231   -0.2302    0.0000    0.0000    0.0000    0.0000    3.7280   -0.0400    0.0154    1.0859  -15.6250 
  11.6816 4293.0112    0.6133    0.2646   46.2784    0.0735    8.6427  -44.1846    1.2231   -0.2302    0.0000    0.0000    0.0000    0.0000    3.7280    0.0469   -0.1072    1.0879  -14.8315 
  11.7241 4292.9688    1.7631    1.2433   44.8763   30.0418   25.9766   16.9116    1.2231   -0.2302    0.0000    0.0000    0.0000    0.0000    3.7280   -0.2129    0.2927    1.4946   15.1367 
  11.7666 4292.9263    0.0517    2.0030   48.0035  -14.6359  -34.2651    6.4136    1.2231   -0.2302    0.0000    0.0000    0.0000    0.0000    3.7280    0.1416   -0.2346    1.1191  -29.5410 
  11.8091 4292.8838    2.6681    1.6971   44.7324    9.2899   -2.8320 -114.1919    1.2231   -0.2302    0.0000    0.0000    0.0000    0.0000    3.7280    0.2031   -0.2573    1.3062   -5.6152 
  11.8516 4292.8413    5.6557    1.3636   41.6037   40.7840    4.4923  -18.8550    1.2231   -0.2302    0.0000    0.0000    0.0000    0.0000    3.7280   -0.2183   -0.1809    1.4844   25.8789 
  11.8941 4292.7988    6.9824   -1.6833   42.4082   60.4984  -61.5478   28.2031    1.2231   -0.2302    0.0000    0.0000    0.0000    0.0000    3.7280   -0.0107   -0.1082    1.3179   45.5933 
  11.9366 4292.7563    8.8558   -1.8051   41.0348   60.0711  -32.0678  -91.5479    1.2231   -0.2302    0.0000    0.0000    0.0000    0.0000    3.7280    0.1313   -0.1978    1.2273   45.1660 
  11.9791 4292.7139   11.8502   -1.9313   37.5810   53.2962  -10.4003  -46.7480    1.2231   -0.2302    0.0000    0.0000    0.0000    0.0000    3.7280   -0.0791   -0.2307    1.2117    0.0000 
  12.0216 4292.6714   12.9723   -4.2628   36.3864   99.0726  -40.7348  -11.4087    1.2231   -0.2302    0.0000    0.0000    0.0000    0.0000    3.7280   -0.0938   -0.1335    1.2717   84.1675 
  12.0641 4292.6289   17.3886   -3.7778   36.1361  111.9510  -17.5414    0.4321    1.2231   -0.2302    0.0000    0.0000    0.0000    0.0000    3.7280    0.0049   -0.3743    1.0137   97.0459 
  12.1066 4292.5864   20.8057   -4.4821   35.5095   86.9266    7.1168  -20.1977    1.2231   -0.2302    0.0000    0.0000    0.0000    0.0000    3.7280   -0.2429   -0.2542    1.2297   72.0215 
  12.1491 4292.5439   22.0655   -5.4323   32.9658   84.2410    0.8302  -65.9131    1.2231   -0.2302    0.0000    0.0000    0.0000    0.0000    3.7280   -0.0762   -0.3328    1.0662   69.3359 
  12.1916 4292.5015   25.1601   -4.8666   30.6037  100.4764    1.0133  -36.9824    1.2231   -0.2302    0.0000    0.0000    0.0000    0.0000    3.7280   -0.1335   -0.4062    0.9968   85.5713 
  12.2341 4292.4590   26.2936   -6.5490   28.1369   57.6907  -10.8276  -46.2598    1.2231   -0.2302    0.0000    0.0000    0.0000    0.0000    3.7280   -0.1768   -0.2412    1.1074   42.7856 
  12.2766 4292.4160   25.4356   -9.3250   24.8402   36.3895  -13.2690  -63.1055    1.2231   -0.2302    0.0000    0.0000    0.0000    0.0000    3.7280   -0.1777   -0.3308    0.9011   21.4844 
  12.3191 4292.3735   26.4204  -11.3445   22.7151   74.9026  -37.2558   -0.5444    1.2231   -0.2302    0.0000    0.0000    0.0000    0.0000    3.7280   -0.2969   -0.3105    1.0183   59.9976 
  12.3616 4292.3311   26.9787  -13.9059   21.2938   60.2542  -55.0170  -35.3345    1.2231   -0.2302    0.0000    0.0000    0.0000    0.0000    3.7280   -0.1384   -0.3857    0.8506   45.3491 
  12.4041 4292.2886   27.8086  -15.4376   20.7239   61.9632  -31.4574   -3.0469    1.2231   -0.2302    0.0000    0.0000    0.0000    0.0000    3.7280   -0.2974   -0.4001    0.8821   47.0581 
  12.4466 4292.2461   29.6575  -19.7310   19.4085   64.5267  -70.8862   18.3765    1.2231   -0.2302    0.0000    0.0000    0.0000    0.0000    3.7280   -0.2759   -0.4417    0.7578   49.6216 
  12.4891 4292.2036   34.9138  -21.3441   19.4218   72.5223  -44.8241    5.0098    1.2231   -0.2302    0.0000    0.0000    0.0000    0.0000    3.7280   -0.2585   -0.5173    0.6702   57.6172 
  12.5316 4292.1611   37.2831  -23.6139   17.9492   48.5355  -24.0722  -19.0381    1.2231   -0.2302    0.0000    0.0000    0.0000    0.0000    3.7280   -0.3240   -0.5269    0.6689   33.6304 
  12.5741 4292.1187   38.6791  -28.5324   13.8094   41.4554  -17.1142  -51.4478    1.2231   -0.2302    0.0000    0.0000    0.0000    0.0000    3.7280   -0.3630   -0.5566    0.6238   26.5503 
  12.6166 4292.0762   37.3922  -31.3805    9.8496   46.4603   -8.9355  -70.6738    1.2231   -0.2302    0.0000    0.0000    0.0000    0.0000    3.7280   -0.4192   -0.5615    0.6619   31.5552 
  12.6591 4292.0337   37.1143  -34.8420    4.9236   43.5306   -6.0668  -82.0264    1.2231   -0.2302    0.0000    0.0000    0.0000    0.0000    3.7280   -0.4380   -0.5750    0.6335   28.6255 
  12.7016 4291.9912   35.8595  -36.3048    0.7881   51.8314   13.0982  -76.1670    1.2231   -0.2302    0.0000    0.0000    0.0000    0.0000    3.7280   -0.5237   -0.4856    0.6699   36.9263 
  12.7441 4291.9487   32.5747  -38.2640  355.8162   25.8914   24.8780 -100.5200    1.2231   -0.2302    0.0000    0.0000    0.0000    0.0000    3.7280   -0.5295   -0.4031    0.6887   10.9863 
  12.7866 4291.9062   27.9248  -38.3328  351.7083    1.9656   40.7471 -118.6475    1.2231   -0.2302    0.0000    0.0000    0.0000    0.0000    3.7280   -0.5981   -0.4377    0.7397  -12.9395 
  12.8291 4291.8638   22.2414  -38.2237  347.4213   -2.1237   29.5167 -122.9199    1.2231   -0.2302    0.0000    0.0000    0.0000    0.0000    3.7280   -0.6382   -0.3733    0.8057  -17.0288 
  12.8716 4291.8213   20.8219  -37.6908  344.0718    5.8719   17.3096  -85.1392    1.2231   -0.2302    0.0000    0.0000    0.0000    0.0000    3.7280   -0.6309   -0.4243    0.8013   -9.0332 
  12.9141 4291.7788   20.1417  -37.7674  340.7928   19.6658    7.8492  -81.0498    1.2231   -0.2302    0.0000    0.0000    0.0000    0.0000    3.7280   -0.5925   -0.3113    0.7932    4.7607 
  12.9566 4291.7363   16.9752  -37.3038  338.1315   21.2527    7.0557  -64.2651    1.2231   -0.2302    0.0000    0.0000    0.0000    0.0000    3.7280   -0.5586   -0.2078    0.7542    6.3477 
  12.9991 4291.6938   14.5735  -36.5218  335.8816   24.3655   -1.3671  -51.2646    1.2231   -0.2302    0.0000    0.0000    0.0000    0.0000    3.7280   -0.4414   -0.1597    0.7026    9.4604 
  13.0416 4291.6514   14.5764  -34.8723  334.1637    0.8670   19.0797  -49.0674    1.2231   -0.2302    0.0000    0.0000    0.0000    0.0000    3.7280   -0.4351   -0.3005    0.7764  -14.0381 
  13.0841 4291.6089   15.2436  -32.9547  332.3322   -1.5134   49.5972  -67.6831    1.2231   -0.2302    0.0000    0.0000    0.0000    0.0000    3.7280   -0.6023   -0.4001    0.8623  -16.4185 
  13.1266 4291.5664   15.7864  -32.5981  329.5930   18.7503   39.1602  -50.4712    1.2231   -0.2302    0.0000    0.0000    0.0000    0.0000    3.7360   -0.6272   -0.3872    0.8003    3.8452 
  13.1691 4291.5239   15.7708  -32.4736  328.1876   32.4832   47.4610   -6.0986    1.2231   -0.2302    0.0000    0.0000    0.0000    0.0000    3.7280   -0.5383   -0.2024    0.8093   17.5781 
  13.2116 4291.4814   14.3312  -30.7768  327.5347   25.2811   52.7711    3.6060    1.2231   -0.2302    0.0000    0.0000    0.0000    0.0000    3.7360   -0.5349   -0.1626    0.8220   10.3760 
  13.2541 4291.4390   13.0051  -29.8421  326.3842    7.6419   70.1051  -21.6626    1.2231   -0.2302    0.0000    0.0000    0.0000    0.0000    3.7280   -0.5405   -0.2073    0.8755   -7.2632 
  13.2966 4291.3965   13.1064  -28.6403  325.0021    3.0643   62.5367  -31.0010    1.2231   -0.2302    0.0000    0.0000    0.0000    0.0000    3.7360   -0.4868   -0.2332    0.8472  -11.8408 
  13.3391 4291.3535   14.7412  -26.5114  323.3417   -3.3444   62.9029  -44.7949    1.2231   -0.2302    0.0000    0.0000    0.0000    0.0000    3.7360   -0.4802   -0.2788    0.9111  -18.2495 
  13.3816 4291.3110   14.5028  -25.5249  321.1618    6.2991   52.5269  -58.0395    1.2231   -0.2302    0.0000    0.0000    0.0000    0.0000    3.7360   -0.4888   -0.2488    0.9548   -8.6060 
  13.4241 4291.2686   11.8789  -24.0995  319.4151    5.6277   52.2828  -16.7798    1.2231   -0.2302    0.0000    0.0000    0.0000    0.0000    3.7280   -0.4619   -0.2002    0.9814   -9.2773 
  13.4666 4291.2261   12.1204  -22.2971  318.2794    3.1863   43.0055  -40.8887    1.2231   -0.2302    0.0000    0.0000    0.0000    0.0000    3.7360   -0.4341   -0.2202    1.0156  -11.7188 
  13.5091 4291.1836   11.2503  -19.5683  316.2536   12.1585   38.9771  -68.8428    1.2231   -0.2302    0.0000    0.0000    0.0000    0.0000    3.7280   -0.4006   -0.2117    1.0271   -2.7466 
  13.5516 4291.1411    9.2451  -20.1893  312.5145    1.0501   29.6388  -90.0830    1.2231   -0.2302    0.0000    0.0000    0.0000    0.0000    3.7360   -0.3779   -0.1230    1.0571  -13.8550 
  13.5941 4291.0986    9.5545  -19.6128  308.6896   22.8397   26.4649  -98.5669    1.2231   -0.2302    0.0000    0.0000    0.0000    0.0000    3.7360   -0.3801   -0.2019    0.9854    7.9346 
  13.6366 4291.0562    8.3716  -18.5141  304.8815   11.3040   32.2633  -77.2046    1.2231   -0.2302    0.0000    0.0000    0.0000    0.0000    3.7360   -0.3682   -0.1338    0.9768   -3.6011 
  13.6791 4291.0137    9.0848  -18.9497  301.1449   27.2952   28.3570  -88.0688    1.2231   -0.2302    0.0000    0.0000    0.0000    0.0000    3.7360   -0.3269   -0.1538    0.9648   12.3901 
  13.7216 4290.9712    7.8691  -17.9761  297.3621   36.1453   30.0660  -79.0967    1.2231   -0.2302    0.0000    0.0000    0.0000    0.0000    3.7360   -0.3752   -0.0901    1.0024   21.2402 
  13.7641 4290.9287    5.7142  -17.4536  293.6947   25.8914   30.4932  -72.5049    1.2231   -0.2302    0.0000    0.0000    0.0000    0.0000    3.7360   -0.3511   -0.0623    1.0134   10.9863 
  13.8066 4290.8862    4.3636  -16.9852  289.1286    3.7967   22.9859 -118.0981    1.2231   -0.2302    0.0000    0.0000    0.0000    0.0000    3.7360   -0.1921    0.0686    1.0376  -11.1084 
  13.8491 4290.8438    2.9116  -15.2981  285.9590   15.5154   48.3765  -50.2881    1.2231   -0.2302    0.0000    0.0000    0.0000    0.0000    3.7360   -0.2432    0.0161    0.9268    0.6104 
  13.8916 4290.8013    2.8660  -14.6129  284.4237   17.7737   46.7896  -21.7847    1.2231   -0.2302    0.0000    0.0000    0.0000    0.0000    3.7360   -0.3003   -0.0715    0.9817    2.8687 
  13.9341 4290.7588    4.3130  -14.7297  283.2145   10.4495   24.4508  -29.7803    1.2231   -0.2302    0.0000    0.0000    0.0000    0.0000    3.7360   -0.3030   -0.0735    1.0769   -4.4556 
  13.9766 4290.7163    3.3064  -16.5176  281.5886   16.7361  -11.9872  -28.0102    1.2231   -0.2302    0.0000    0.0000    0.0000    0.0000    3.7360   -0.3447   -0.0308    1.0811    1.8311 
  14.0191 4290.6738    3.5268  -15.5684  280.1294   13.3792   30.8595  -37.2266    1.2231   -0.2302    0.0000    0.0000    0.0000    0.0000    3.7360   -0.3442   -0.0764    1.0212   -1.5259 
  14.0616 4290.6313    4.9580  -14.1535  278.3172   -7.2507   30.1881  -47.5415    1.2231   -0.2302    0.0000    0.0000    0.0000    0.0000    3.7280   -0.2625   -0.1013    1.0388  -22.1558 
  14.1041 4290.5889    5.4045  -12.9228  276.8921    8.5574   49.6583  -21.6016    1.2231   -0.2302    0.0000    0.0000    0.0000    0.0000    3.7360   -0.2996   -0.0994    1.0186   -6.3477 
  14.1466 4290.5464    4.2848  -13.1203  276.0696   -9.9973   34.1553   -6.9531    1.2231   -0.2302    0.0000    0.0000    0.0000    0.0000    3.7280   -0.3384   -0.0293    1.1387  -24.9023 
  14.1891 4290.5039    3.9204  -12.0952  275.3268   53.4183   -5.1513  -15.0708    1.2231   -0.2302    0.0000    0.0000    0.0000    0.0000    3.7360   -0.2485   -0.0112    1.0486   38.5132 
  14.2316 4290.4614    5.6588  -11.8376  274.0571   38.2205    9.4971  -20.0757    1.2231   -0.2302    0.0000    0.0000    0.0000    0.0000    3.7360   -0.1975   -0.1350    1.1184   23.3154 
  14.2741 4290.4189    8.7299   -9.4729  273.6141   34.6194    4.1261  -20.3809    1.2231   -0.2302    0.0000    0.0000    0.0000    0.0000    3.7360   -0.1570   -0.1255    0.9751   19.7144 
  14.3166 4290.3765   10.0558   -9.0434  272.3043   16.1258   13.0372  -26.9116    1.2231   -0.2302    0.0000    0.0000    0.0000    0.0000    3.7360   -0.1985   -0.1960    1.0496    1.2207 
  14.3591 4290.3340   10.7031   -9.3291  270.8104    7.2757   12.4879  -10.1269    1.2231   -0.2302    0.0000    0.0000    0.0000    0.0000    3.7360   -0.1904   -0.0798    1.0527   -7.6294 
  14.4016 4290.2910    8.5422  -10.0141  269.9472   -7.3117   14.7462  -16.6577    1.2231   -0.2302    0.0000    0.0000    0.0000    0.0000    3.7360   -0.2634   -0.1138    1.1470  -22.2168 
  14.4441 4290.2485    7.0679  -10.0290  268.9894   -0.9640    7.8492  -33.5644    1.2231   -0.2302    0.0000    0.0000    0.0000    0.0000    3.7360   -0.1240   -0.2192    0.9949  -15.8691 
  14.4866 4290.2061    7.6313   -9.2035  267.9824   10.7547   15.1734  -15.0098    1.2231   -0.2302    0.0000    0.0000    0.0000    0.0000    3.7360   -0.1895   -0.1091    1.0618   -4.1504 
  14.5291 4290.1636    7.1579   -8.5597  267.2764    8.0692   14.9903  -20.3809    1.2231   -0.2302    0.0000    0.0000    0.0000    0.0000    3.7360   -0.1577   -0.1260    1.0242   -6.8359 
  14.5716 4290.1211    9.2084   -6.9854  266.5190    6.2381  -10.3393  -17.6343    1.2231   -0.2302    0.0000    0.0000    0.0000    0.0000    3.7360   -0.1008   -0.2046    0.9348   -8.6670 
  14.6141 4290.0786    9.9938   -8.1751  265.5026   -8.8986  -13.2690  -28.9868    1.2231   -0.2302    0.0000    0.0000    0.0000    0.0000    3.7360   -0.1978   -0.1167    1.0847  -23.8037 
  14.6566 4290.0361    7.8404   -8.7611  264.7018   -9.7531  -18.9452    2.3242    1.2231   -0.2302    0.0000    0.0000    0.0000    0.0000    3.7360   -0.2427    0.0447    1.0078  -24.6582 
  14.6991 4289.9937    5.3923   -8.6287  264.6073   -0.7809   -2.4047   -8.1738    1.2231   -0.2302    0.0000    0.0000    0.0000    0.0000    3.7360   -0.1682   -0.0535    1.1780  -15.6860 
  14.7416 4289.9512    5.8520   -7.4008  265.5264   25.0980  -25.8422   38.3350    1.2231   -0.2302    0.0000    0.0000    0.0000    0.0000    3.7360   -0.1375   -0.0938    1.0613   10.1929 
  14.7841 4289.9087    7.6123   -7.3995  267.0692    4.9564  -12.7807   30.4004    1.2231   -0.2302    0.0000    0.0000    0.0000    0.0000    3.7360   -0.1660   -0.1340    0.9819   -9.9487 
  14.8266 4289.8662    9.2067   -9.9015  268.0594    9.4730  -16.4428   35.8936    1.2231   -0.2302    0.0000    0.0000    0.0000    0.0000    3.7360   -0.2112   -0.1602    0.9858   -5.4321 
  14.8691 4289.8237   11.0098  -12.5849  269.2118   14.5999  -16.9921   34.5508    1.2231   -0.2302    0.0000    0.0000    0.0000    0.0000    3.7280   -0.2612   -0.1924    0.9868   -0.3052 
  14.9116 4289.7812   12.0907  -14.8895  270.0575   16.3699   -8.8744   30.4614    1.2231   -0.2302    0.0000    0.0000    0.0000    0.0000    3.7360   -0.3110   -0.2058    1.0447    1.4648 
  14.9541 4289.7388   10.9910  -16.4746  270.6747    7.4588  -10.9496   18.8037    1.2231   -0.2302    0.0000    0.0000    0.0000    0.0000    3.7360   -0.3359   -0.1973    1.0898   -7.4463 
  14.9966 4289.6963   11.7058  -15.2400  271.6219    3.3694   -7.4096   17.7051    1.2231   -0.2302    0.0000    0.0000    0.0000    0.0000    3.7360   -0.3064   -0.2290    1.0720  -11.5356 
  15.0391 4289.6538   12.4573  -15.8203  272.1860    0.0125   -1.5502   15.9351    1.2231   -0.2302    0.0000    0.0000    0.0000    0.0000    3.7360   -0.3354   -0.2205    1.0852  -14.8926 
  15.0816 4289.6113   12.3168  -15.6131  272.9509    1.4774   -8.2641   19.9023    1.2231   -0.2302    0.0000    0.0000    0.0000    0.0000    3.7280   -0.2957   -0.2197    1.0181  -13.4277 
  15.1241 4289.5688   13.6189  -15.7843  273.6755    0.8670   -5.3344   16.7285    1.2231   -0.2302    0.0000    0.0000    0.0000    0.0000    3.7360   -0.3044   -0.2246    1.0071  -14.0381 
  15.1666 4289.5264   11.4772  -15.7914  274.5839   -0.8420   -1.3671   30.2173    1.2231   -0.2302    0.0000    0.0000    0.0000    0.0000    3.7360   -0.2969   -0.1785    0.9983  -15.7471 
  15.2091 4289.4839   13.2652  -16.4039  275.9167   -5.2975   -1.9164   31.6821    1.2231   -0.2302    0.0000    0.0000    0.0000    0.0000    3.7360   -0.3154   -0.2371    0.9927  -20.2026 
  15.2516 4289.4414   14.3720  -17.9656  276.7916   -1.5134   -3.6254   28.3862    1.2231   -0.2302    0.0000    0.0000    0.0000    0.0000    3.7360   -0.3442   -0.2559    1.0120  -16.4185 
  15.2941 4289.3989   13.4470  -16.8789  278.2108    4.2850   -3.3813   30.8276    1.2231   -0.2302    0.0000    0.0000    0.0000    0.0000    3.7360   -0.3289   -0.2375    1.0242  -10.6201 
  15.3366 4289.3564   14.1640  -17.0080  279.2383   -0.1706   -1.1230   23.0151    1.2231   -0.2302    0.0000    0.0000    0.0000    0.0000    3.7360   -0.3225   -0.2493    1.0090  -15.0757 
  15.3791 4289.3140   14.9409  -16.0175  280.2796    4.3460   -0.3905   19.1089    1.2231   -0.2302    0.0000    0.0000    0.0000    0.0000    3.7360   -0.3013   -0.2605    0.9954  -10.5591 
  15.4216 4289.2715   13.3720  -16.4537  280.6919    1.1722    1.1353   11.6626    1.2231   -0.2302    0.0000    0.0000    0.0000    0.0000    3.7360   -0.3171   -0.2307    1.0234  -13.7329 
  15.4641 4289.2285   14.4392  -15.9386  281.1983    0.6229   -2.2216    9.4653    1.2231   -0.2302    0.0000    0.0000    0.0000    0.0000    3.7360   -0.2986   -0.2571    1.0103  -14.2822 
  15.5066 4289.1860   14.4121  -15.0279  281.5959    2.2098    3.8209    2.6294    1.2231   -0.2302    0.0000    0.0000    0.0000    0.0000    3.7360   -0.2896   -0.2507    1.0095  -12.6953 
  15.5491 4289.1436   14.0269  -14.7594  281.6306    7.7640    4.4923    2.3242    1.2231   -0.2302    0.0000    0.0000    0.0000    0.0000    3.7360   -0.2759   -0.2402    0.9888   -7.1411 
  15.5916 4289.1011   14.6756  -15.0660  281.4793    3.0032    6.2623   -1.5820    1.2231   -0.2302    0.0000    0.0000    0.0000    0.0000    3.7360   -0.2966   -0.2581    1.0112  -11.9019 
  15.6341 4289.0586   14.8965  -14.2991  281.4823    5.3226    2.7222    0.5542    1.2231   -0.2302    0.0000    0.0000    0.0000    0.0000    3.7360   -0.2710   -0.2671    1.0188   -9.5825 
  15.6766 4289.0161   14.8633  -14.3864  281.3754    5.2005    4.3702   -1.3989    1.2231   -0.2302    0.0000    0.0000    0.0000    0.0000    3.7280   -0.2781   -0.2627    1.0229   -9.7046 
  15.7191 4288.9736   14.5307  -13.3887  281.4848    6.5433    2.2950    2.0190    1.2231   -0.2302    0.0000    0.0000    0.0000    0.0000    3.7360   -0.2427   -0.2605    1.0205   -8.3618 
  15.7616 4288.9312   14.4297  -13.5026  281.4062    3.7967    3.0274   -0.9106    1.2231   -0.2302    0.0000    0.0000    0.0000    0.0000    3.7280   -0.2622   -0.2510    1.0349  -11.1084 
  15.8041 4288.8887   14.3677  -12.8319  281.5755    4.9564    2.0509    4.3994    1.2231   -0.2302    0.0000    0.0000    0.0000    0.0000    3.7360   -0.2471   -0.2517    1.0195   -9.9487 
  15.8466 4288.8462   13.8327  -13.2231  281.6629    2.5150    2.2340    6.0474    1.2231   -0.2302    0.0000    0.0000    0.0000    0.0000    3.7360   -0.2556   -0.2427    1.0300  -12.3901 
  15.8891 4288.8037   14.7255  -13.1085  281.9453    3.2474    2.2950    8.9160    1.2231   -0.2302    0.0000    0.0000    0.0000    0.0000    3.7360   -0.2568   -0.2488    1.0239  -11.6577 
  15.9316 4288.7612   13.5501  -14.0402  282.0425   -0.5978    0.6471    8.8550    1.2231   -0.2302    0.0000    0.0000    0.0000    0.0000    3.7360   -0.2783   -0.2375    1.0227  -15.5029 
  15.9741 4288.7188   13.4037  -14.5552  282.3128    2.1487    0.3419   12.7002    1.2231   -0.2302    0.0000    0.0000    0.0000    0.0000    3.7360   -0.2786   -0.2349    1.0215  -12.7563 
  16.0166 4288.6763   14.2452  -15.4119  282.5677   -1.6354    2.8443    9.7095    1.2231   -0.2302    0.0000    0.0000    0.0000    0.0000    3.7360   -0.3052   -0.2581    1.0247  -16.5405 
  16.0591 4288.6338   15.1034  -16.1582  282.7077   -1.7575    0.2808    7.9395    1.2231   -0.2302    0.0000    0.0000    0.0000    0.0000    3.7360   -0.3127   -0.2703    1.0188    0.0000 
  16.1016 4288.5913   14.5718  -15.9966  283.0545    1.0501    0.5250    6.9019    1.2231   -0.2302    0.0000    0.0000    0.0000    0.0000    3.7360   -0.3027   -0.2549    0.9993  -13.8550 
  16.1441 4288.5488   15.1442  -15.7738  283.3035    0.7449    0.6471    5.1318    1.2231   -0.2302    0.0000    0.0000    0.0000    0.0000    3.7360   -0.2954   -0.2642    0.9976  -14.1602 
  16.1866 4288.5063   15.2220  -15.6465  283.5245    3.9798    1.8067    5.6812    1.2231   -0.2302    0.0000    0.0000    0.0000    0.0000    3.7280   -0.2949   -0.2690    1.0007  -10.9253 
  16.2291 4288.4639   14.6411  -15.0393  283.8069    0.5008    2.6612    2.5073    1.2231   -0.2302    0.0000    0.0000    0.0000    0.0000    3.7360   -0.2874   -0.2568    1.0208  -14.4043 
