   0.0016 4290.9834    0.0077   -0.1424  180.0004    0.7373    0.2885    0.1473    0.0000    0.0000    0.0000    0.0000    0.0000    0.0000    4.0400   -0.0359   -0.0015    1.0862  -14.9536 
   0.0441 4290.9409    0.5750   -1.5455  179.9956    0.4321    0.1664    0.0862    0.0000    0.0000    0.0000    0.0000    0.0000    0.0000    4.0400   -0.0295   -0.0098    1.0828  -15.2588 
   0.0866 4290.8984    0.2898   -1.9173  179.9887    0.1880    0.4716    0.3914    0.0000    0.0000    0.0000    0.0000    0.0000    0.0000    4.0400   -0.0322    0.0027    1.0784  -15.5029 
   0.1291 4290.8560    0.3071   -1.7690  179.9910   -0.3003    0.0443    0.0862    0.0000    0.0000    0.0000    0.0000    0.0000    0.0000    4.0400   -0.0330   -0.0056    1.0867  -15.9912 
   0.1716 4290.8135    0.2441   -2.0259  179.9928    0.0049   -0.5050    0.2083    0.0000    0.0000    0.0000    0.0000    0.0000    0.0000    4.0400   -0.0449    0.0010    1.0750    0.0000 
   0.2141 4290.7710    0.2941   -1.8710  179.9966   -0.4224   -0.5050    0.0252    0.0000    0.0000    0.0000    0.0000    0.0000    0.0000    4.0400   -0.0278    0.0005    1.0811  -16.1133 
   0.2566 4290.7285   -0.1099   -1.6878  180.0002   -0.1782   -0.0167   -0.1579    0.0000    0.0000    0.0000    0.0000    0.0000    0.0000    4.0400   -0.0459   -0.0049    1.0825  -15.8691 
   0.2991 4290.6860   -0.0576   -2.0287  179.9949    0.2490   -0.0167    0.0862    0.0000    0.0000    0.0000    0.0000    0.0000    0.0000    4.0400   -0.0352   -0.0181    1.0774  -15.4419 
   0.3416 4290.6436    0.3230   -2.0691  179.9861   -0.1782    0.0443    0.0862    0.0000    0.0000    0.0000    0.0000    0.0000    0.0000    4.0400   -0.0400   -0.0073    1.0820    0.0000 
   0.3841 4290.6011    0.5442   -2.0175  179.9924   -0.6055    0.1054    0.2083    0.0000    0.0000    0.0000    0.0000    0.0000    0.0000    4.0400   -0.0396   -0.0100    1.0771  -16.2964 
   0.4266 4290.5586    0.6297   -1.9088  179.9908   -0.0562    0.2274   -0.2190    0.0000    0.0000    0.0000    0.0000    0.0000    0.0000    4.0400   -0.0396   -0.0103    1.0842  -15.7471 
   0.4691 4290.5161    0.4784   -1.8420  179.9940    0.3711    0.1664    0.1473    0.0000    0.0000    0.0000    0.0000    0.0000    0.0000    4.0400   -0.0349   -0.0112    1.0854  -15.3198 
   0.5116 4290.4736    0.3514   -1.9651  179.9868   -0.4834    0.1664    0.2083    0.0000    0.0000    0.0000    0.0000    0.0000    0.0000    4.0400   -0.0371   -0.0066    1.0793    0.0000 
   0.5541 4290.4312    0.1373   -1.7825  179.9910   -0.6055   -0.3829    0.0252    0.0000    0.0000    0.0000    0.0000    0.0000    0.0000    4.0400   -0.0325   -0.0020    1.0801  -16.2964 
   0.5966 4290.3887    0.1358   -1.9683  179.9998   -0.0562    0.0443    0.0252    0.0000    0.0000    0.0000    0.0000    0.0000    0.0000    4.0400   -0.0396   -0.0059    1.0901  -15.7471 
   0.6391 4290.3462    0.1378   -1.7724  179.9938    0.1269   -0.0777   -0.0358    0.0000    0.0000    0.0000    0.0000    0.0000    0.0000    4.0400   -0.0347   -0.0046    1.0759  -15.5640 
   0.6816 4290.3037    0.5708   -1.8686  179.9843   -0.3003    0.1054   -0.1579    0.0000    0.0000    0.0000    0.0000    0.0000    0.0000    4.0400   -0.0354   -0.0110    1.0801  -15.9912 
   0.7241 4290.2612    0.5388   -1.8363  179.9839    0.1269    0.1054    0.1473    0.0000    0.0000    0.0000    0.0000    0.0000    0.0000    4.0400   -0.0347   -0.0103    1.0818  -15.5640 
   0.7666 4290.2188    0.2951   -1.7314  179.9786   -0.1172    0.3495    0.2083    0.0000    0.0000    0.0000    0.0000    0.0000    0.0000    4.0400   -0.0332   -0.0054    1.0898  -15.8081 
   0.8091 4290.1763    0.3460   -2.2950  179.9767   -0.2393   -0.1388   -0.4631    0.0000    0.0000    0.0000    0.0000    0.0000    0.0000    4.0400   -0.0417   -0.0063    1.0762  -15.9302 
   0.8516 4290.1338    0.2133   -1.8830  179.9857    0.0659    0.3495   -0.2190    0.0000    0.0000    0.0000    0.0000    0.0000    0.0000    4.0400   -0.0337   -0.0046    1.0808    0.0000 
   0.8941 4290.0908    0.3627   -1.9009  179.9874    0.3711    0.4105    0.1473    0.0000    0.0000    0.0000    0.0000    0.0000    0.0000    4.0400   -0.0369   -0.0037    1.0903  -15.3198 
   0.9366 4290.0483    0.3682   -1.7315  179.9861   -0.7886    0.1664   -0.1579    0.0000    0.0000    0.0000    0.0000    0.0000    0.0000    4.0400   -0.0354   -0.0039    1.0813  -16.4795 
   0.9791 4290.0059    0.5328   -1.8220  179.9732    0.4321    0.1054   -0.3410    0.0000    0.0000    0.0000    0.0000    0.0000    0.0000    4.0400   -0.0452   -0.0078    1.0798  -15.2588 
   1.0216 4289.9634    0.4581   -2.1480  179.9729   -0.4224    0.2274    0.0862    0.0000    0.0000    0.0000    0.0000    0.0000    0.0000    4.0400   -0.0400   -0.0078    1.0813    0.0000 
   1.0641 4289.9209    0.2843   -1.6833  179.9712    0.4931   -0.1388    0.0252    0.0000    0.0000    0.0000    0.0000    0.0000    0.0000    4.0400   -0.0325   -0.0063    1.0840  -15.1978 
   1.1066 4289.8784    0.4488   -2.2150  179.9671    0.5542   -0.0777    0.0862    0.0000    0.0000    0.0000    0.0000    0.0000    0.0000    4.0400   -0.0422   -0.0083    1.0867  -15.1367 
   1.1491 4289.8359    0.6618   -2.2007  179.9633    0.4321    0.1664    0.2693    0.0000    0.0000    0.0000    0.0000    0.0000    0.0000    4.0400   -0.0420   -0.0129    1.0874  -15.2588 
   1.1916 4289.7935    0.0756   -2.0559  179.9563   -0.1172   -0.3829   -0.1579    0.0000    0.0000    0.0000    0.0000    0.0000    0.0000    4.0400   -0.0427    0.0037    1.0823    0.0000 
   1.2341 4289.7510    0.2582   -1.7491  179.9574    0.0049   -0.0167   -0.0358    0.0000    0.0000    0.0000    0.0000    0.0000    0.0000    4.0400   -0.0413   -0.0103    1.0784  -15.6860 
   1.2766 4289.7085    0.5198   -1.9905  179.9544   -0.6055    0.2274   -0.2190    0.0000    0.0000    0.0000    0.0000    0.0000    0.0000    4.0400   -0.0376   -0.0063    1.0762  -16.2964 
   1.3191 4289.6660    0.4151   -1.3086  179.9509   -0.4224   -0.2608    0.2693    0.0000    0.0000    0.0000    0.0000    0.0000    0.0000    4.0400   -0.0273   -0.0125    1.0823  -16.1133 
   1.3616 4289.6235    0.1438   -1.9739  179.9473    0.5542    0.2885    0.2693    0.0000    0.0000    0.0000    0.0000    0.0000    0.0000    4.0400   -0.0374   -0.0027    1.0835    0.0000 
   1.4041 4289.5811    0.5342   -1.8003  179.9569   -0.0562   -0.0777   -0.4021    0.0000    0.0000    0.0000    0.0000    0.0000    0.0000    4.0400   -0.0244   -0.0076    1.0791  -15.7471 
   1.4466 4289.5386    0.1632   -2.0860  179.9524    1.0425    0.4105   -0.0969    0.0000    0.0000    0.0000    0.0000    0.0000    0.0000    4.0400   -0.0413   -0.0032    1.0781  -14.6484 
   1.4891 4289.4961    0.2670   -1.9884  179.9540    0.7983    0.1054    0.0252    0.0000    0.0000    0.0000    0.0000    0.0000    0.0000    4.0400   -0.0393   -0.0051    1.0898  -14.8926 
   1.5316 4289.4536    0.3065   -1.7838  179.9595   -0.1172   -0.1388   -0.0358    0.0000    0.0000    0.0000    0.0000    0.0000    0.0000    4.0400   -0.0347   -0.0042    1.0793    0.0000 
   1.5741 4289.4111    0.4210   -2.0208  179.9488   -1.3990   -0.1388    0.3304    0.0000    0.0000    0.0000    0.0000    0.0000    0.0000    4.0400   -0.0371   -0.0107    1.0811  -17.0898 
   1.6166 4289.3687    0.3531   -2.0819  179.9471    0.5542    0.2274    0.2083    0.0000    0.0000    0.0000    0.0000    0.0000    0.0000    4.0400   -0.0422   -0.0071    1.0852  -15.1367 
   1.6591 4289.3262    0.4043   -2.1170  179.9424    0.1269    0.1664   -0.0358    0.0000    0.0000    0.0000    0.0000    0.0000    0.0000    4.0400   -0.0396   -0.0068    1.0801  -15.5640 
   1.7016 4289.2837    0.1385   -1.7860  179.9484   -0.3614    0.0443    0.4524    0.0000    0.0000    0.0000    0.0000    0.0000    0.0000    4.0400   -0.0342   -0.0027    1.0813    0.0000 
   1.7441 4289.2412    0.2738   -1.9101  179.9342   -0.6055    0.2885    0.0252    0.0000    0.0000    0.0000    0.0000    0.0000    0.0000    4.0320   -0.0347   -0.0022    1.0818  -16.2964 
   1.7866 4289.1987    0.2518   -1.7984  179.9306    1.0425   -0.0167   -0.1579    0.0000    0.0000    0.0000    0.0000    0.0000    0.0000    4.0400   -0.0361   -0.0039    1.0818  -14.6484 
   1.8291 4289.1562    0.4072   -1.8813  179.9336   -0.4834    0.2274   -0.2800    0.0000    0.0000    0.0000    0.0000    0.0000    0.0000    4.0400   -0.0344   -0.0068    1.0820  -16.1743 
   1.8716 4289.1138    0.5233   -1.5728  179.9347    0.2490   -0.0777    0.2693    0.0000    0.0000    0.0000    0.0000    0.0000    0.0000    4.0400   -0.0293   -0.0098    1.0820    0.0000 
   1.9141 4289.0713    0.4541   -1.7978  179.9364    0.0049    0.0443    0.2693    0.0000    0.0000    0.0000    0.0000    0.0000    0.0000    4.0400   -0.0354   -0.0071    1.0850  -15.6860 
   1.9566 4289.0283    0.3233   -2.0150  179.9399   -0.7886   -0.1998    0.3914    0.0000    0.0000    0.0000    0.0000    0.0000    0.0000    4.0400   -0.0383   -0.0066    1.0791  -16.4795 
   1.9991 4288.9858    0.2655   -1.9740  179.9379    0.0049   -0.0777   -0.2190    0.0000    0.0000    0.0000    0.0000    0.0000    0.0000    4.0400   -0.0420   -0.0090    1.0950  -15.6860 
   2.0416 4288.9434    0.2784   -1.6920  179.9330    0.9204    0.0443   -0.5241    0.0000    0.0000    0.0000    0.0000    0.0000    0.0000    4.0400   -0.0288   -0.0020    1.0867    0.0000 
   2.0841 4288.9009    0.3795   -2.0302  179.9218   -0.3614    0.1054    0.3914    0.0000    0.0000    0.0000    0.0000    0.0000    0.0000    4.0400   -0.0383   -0.0073    1.0876  -16.0522 
   2.1266 4288.8584    0.4434   -1.8769  179.9272    0.2490    0.1054    0.2693    0.0000    0.0000    0.0000    0.0000    0.0000    0.0000    4.0400   -0.0364   -0.0085    1.0820  -15.4419 
   2.2541    0.0009    0.0000    0.0000  179.9211   -0.4224    0.1664   -0.0358    0.0000    0.0000    0.0000    0.0000    0.0000    0.0000    4.0400   -0.0369   -0.0098    1.0823  -16.1133 
   2.2966    0.0009    0.0000    0.0000  179.9254    0.7983    0.2885   -0.3410    0.0000    0.0000    0.0000    0.0000    0.0000    0.0000    4.0400   -0.0378   -0.0044    1.0862  -14.8926 
   2.3391    0.0009    0.0000    0.0000  179.9262   -1.2158   -0.1998    0.0862    0.0000    0.0000    0.0000    0.0000    0.0000    0.0000    4.0400   -0.0374   -0.0034    1.0796  -16.9067 
   2.3816    0.0013    0.0000    0.0000  179.9273    0.9814   -0.0167    0.0252    0.0000    0.0000    0.0000    0.0000    0.0000    0.0000    4.0400   -0.0381   -0.0049    1.0815  -14.7095 
   2.4241    0.0009    0.0000    0.0000  179.9208    0.5542    0.1054   -0.0358    0.0000    0.0000    0.0000    0.0000    0.0000    0.0000    4.0400   -0.0444    0.0039    1.0938  -15.1367 
   2.4666    0.0009    0.0000    0.0000  179.9291   -0.6055    0.1054    0.8186    0.0000    0.0000    0.0000    0.0000    0.0000    0.0000    4.0400   -0.0337   -0.0103    1.0872  -16.2964 
   2.5091    0.0009    0.0000    0.0000  179.9436    0.1269    0.4716   -0.0358    0.0000    0.0000    0.0000    0.0000    0.0000    0.0000    4.0320   -0.0286   -0.0142    1.0828  -15.5640 
   2.5516    0.0013    0.0000    0.0000  179.9501    0.6152   -0.0167   -0.0358    0.0000    0.0000    0.0000    0.0000    0.0000    0.0000    4.0400   -0.0300   -0.0122    1.0913  -15.0757 
   2.5941    0.0009    0.0000    0.0000  179.9442    0.4321    0.2274   -0.1579    0.0000    0.0000    0.0000    0.0000    0.0000    0.0000    4.0400   -0.0347   -0.0024    1.0784  -15.2588 
   2.6366    0.0009    0.0000    0.0000  179.9386    0.1269   -0.0167   -0.5852    0.0000    0.0000    0.0000    0.0000    0.0000    0.0000    4.0400   -0.0295   -0.0093    1.0894  -15.5640 
   2.6791    0.0009    0.0000    0.0000  179.9416    0.4931    0.2885   -0.0358    0.0000    0.0000    0.0000    0.0000    0.0000    0.0000    4.0400   -0.0400   -0.0088    1.0830  -15.1978 
   2.7216    0.0013    0.0000    0.0000  179.9360    0.4931   -0.0777   -0.7683    0.0000    0.0000    0.0000    0.0000    0.0000    0.0127    4.0320   -0.0264   -0.0095    1.0820  -15.1978 
   2.7641    0.0009    0.0000    0.0000  179.9267    0.7983   -0.0777   -0.0969    0.0000    0.0000    0.0000    0.0000    0.0000    0.0915    4.0400   -0.0422   -0.0010    1.0759  -14.8926 
   2.8066    0.0010    0.1061   -0.1325  179.9321   -0.4224   -0.2608   -0.1579   -1.0534   -0.6137  -11.5949   -4.8113    0.2818    0.1087    4.0080   -0.0439   -0.0066    1.0808    0.0077 
   2.8491    0.0010    0.0262    0.5044  179.9392   -0.1782    0.2885    0.2083   -0.2543   -0.3573   -2.8057   -8.6177    0.8454    0.1312    4.0000   -0.0264   -0.0034    1.0757    0.0111 
   2.8916    0.0014    0.1027    0.0854  179.9266    2.3242    1.6312   -0.5241   -0.2511   -0.7551   -3.5379   -8.4046    0.8454    0.1367    3.9920   -0.0403   -0.0361    1.0854    0.0239 
   2.9341    0.0010   -0.2039    0.0188  179.9299    0.2490    1.6312   -0.6462   -0.8613   -0.7973   -6.5741   -8.1609    0.8454    0.1367    3.9920   -0.0278   -0.0476    1.0991    0.0260 
   2.9766    0.0010    0.1491    0.3545  179.9099    0.9814    0.3495    1.1238   -0.7120   -0.2890   -8.6111   -6.4345    0.5636    0.1367    3.9920   -0.0540    0.0361    1.1145   -0.0098 
   3.0191    0.0010   -0.1873    0.2430  179.9111    0.8593    0.2274   -1.1345   -1.7103    0.2072  -15.2292   -0.3578    0.5636    0.1476    3.9920   -0.0156   -0.0059    1.0500    0.0296 
   3.0616    0.0014    0.1643   -0.0962  179.8867   -2.8638   -0.3219   -3.3928   -1.2815   -0.4219  -14.4573   -3.2566    0.5636    0.1690    3.9760   -0.0845    0.0293    1.0894    0.0691 
   3.1041    0.0010    0.3469    0.0402  179.8799   -1.0938    2.7299   -0.6462   -0.7591   -0.6498  -11.0609   -6.9000    0.5636    0.1847    3.9680    0.0505   -0.0393    1.0862    0.0211 
   3.1466    0.0010    0.4079    0.2409  179.8972    1.3476    0.3495    2.1614   -1.3597   -0.4741  -17.6758   -7.1494    0.8454    0.2101    3.9520   -0.1418   -0.1282    0.8296   -0.0230 
   3.1891    0.0010    0.2505    0.5340  175.6827   -2.6197   -2.3971    0.3304   -1.0194   -0.9466  -12.6996  -14.8066    0.5636    0.2346    3.9360   -0.4287   -0.3367    0.7976    0.0041 
   3.2316    0.0014    0.3247    0.5493  175.6979    0.7983   -2.3360   -0.2190   -0.7855   -0.7835  -11.1016  -13.3280    0.8454    0.2489    3.9360    0.0271    0.1086    1.0891    0.0186 
   3.2741    0.0010    0.8578    0.3035  175.7269    4.7656   -1.7867    0.9407   -1.4108   -1.0273  -22.6860  -13.3084    0.8454    0.2489    3.9280    0.2627    0.1726    1.1306   -0.0017 
   3.3166    0.0010   -0.9116    0.0002  175.7426   -0.6055   -5.9982    1.1238    0.0717   -0.9335    9.8330   -9.3373    0.8454    0.2536    3.9360   -0.1987    0.0505    2.4724   -0.0049 
   3.3591    0.0010    0.3991    0.1171  175.7351   -1.4600   11.3969    0.0862    0.1699   -0.8071   -2.2921   -9.2420    0.8454    0.2536    3.9200    0.1697   -0.4519    1.0645    0.0133 
   3.4016    0.0014    2.2038    1.1381  175.8379   -0.6665   -4.4112    4.4808    0.6752   -1.8506  -15.2853  -29.8872    0.8454    0.2536    3.9280    0.2092   -0.0957    0.6067   -0.0634 
   3.4441    0.0010    2.6940    0.3719  175.8263    2.3242   -5.3878   -5.0407   -0.0275   -1.9943  -27.2150  -23.6621    0.8454    0.2674    3.9280   -0.2109   -0.2585    0.6018    0.1027 
   3.4866    0.0010    3.8078    0.5708  175.7672    5.4370    6.6972   -1.7448    0.5977   -1.2085  -32.1009  -17.7931    0.8454    0.2674    3.9040    0.1509   -0.2720    0.7441    0.0452 
   3.5291    0.0010    2.1609   -0.2047  175.7068   -2.2534   -6.1813    0.6355   -0.6053   -1.3424  -27.6618  -11.3775    0.8454    0.2854    3.9120   -0.2881    0.3826    0.4463    0.0037 
   3.5716    0.0014    2.3252   -0.0810  175.7473   -4.3286  -10.3316   -0.2190    0.0744   -1.9331  -22.5073  -18.5207    1.1272    0.3029    3.8960   -0.6528    0.4739    1.5645    0.0235 
   3.6141    0.0010    2.6866    0.3111  175.7570   -5.0000   -3.3736    2.5887    0.4739   -2.2423  -22.1263  -25.5338    0.8454    0.3157    3.8960   -0.3315   -0.0012    0.8147   -0.0304 
   3.6566    0.0010    2.3840    0.0666  175.7214   -2.3755    2.6078   -3.2707    0.1335   -2.8639  -22.5048  -29.3049    0.8454    0.3199    3.8800    0.2690   -0.7891    0.8623    0.0718 
   3.6991    0.0010    2.3433   -0.3864  175.7970    8.0615   -6.3644   -0.7683    0.1340   -2.5710  -22.0934  -21.8453    1.1272    0.3199    3.8800   -0.1802   -0.3577    1.1606    0.0331 
   3.7416    0.0014    1.2750    0.0027  175.7853   12.8222   -9.4772   10.2791   -0.0133   -2.0285  -12.8829  -20.3123    1.1272    0.3281    3.8800   -0.3491    0.8198    0.8101   -0.1597 
   3.7841    0.0010    0.3387   -0.1225  175.7165   -2.9859    2.4857   10.5232   -0.6504   -2.5355   -9.8909  -24.1300    1.1272    0.3281    3.8800   -0.5361    0.7573    1.0820   -0.1640 
   3.8266    0.0010   -0.0265   -0.5145  175.7013    0.0659   -3.4347    9.1805   -0.6258   -2.1260   -5.9938  -16.1150    1.1272    0.3522    3.8640   -0.1365    0.5610    1.1392   -0.1406 
   3.8691    0.0010   -0.1510   -0.0269  175.6661   -0.3614   -4.7164    0.3304   -0.5931   -2.1212   -4.4214  -20.9434    1.1272    0.3600    3.8480    0.0049   -0.3223    1.3589    0.0139 
   3.9116    0.0014   -0.1046   -1.1891  175.7117    4.0332   -5.6930    1.7952   -0.4139   -2.2354   -3.0929  -10.4637    1.1272    0.3676    3.8560   -0.5759    0.9521    1.0479   -0.0117 
   3.9541    0.0010   -1.5501   -0.7124  175.6939    5.4370    0.8378    4.0535   -0.9315   -2.7571    6.1849  -20.4472    1.1272    0.3714    3.8400    0.0474    1.1826    0.4988   -0.0511 
   3.9966    0.0010   -1.3521   -0.2367  175.6250   -7.9297    1.6923   -0.6462   -0.3808   -2.1671    9.7135  -19.3049    1.1272    0.3714    3.8400   -0.1284   -0.7644    0.6648    0.0310 
   4.0391    0.0010   -0.4741    0.1194  175.6547   -2.1924    5.6596    0.2083    0.3511   -3.0512    8.2517  -31.7056    1.4090    0.3789    3.8320    0.2917    0.7100    1.4238    0.0210 
   4.0816    0.0014    0.5887    0.7317  175.6628    3.0566   -7.7682    1.4900   -1.0521   -2.4807  -16.4083  -32.1245    1.4090    0.3789    3.8400    0.0352   -1.1509    1.5103   -0.0014 
   4.1241    0.0010    1.6561    1.1384  175.6433   -8.5401    1.2040   -0.2190    0.3048   -2.9265  -13.5134  -40.6486    1.4090    0.3862    3.8240   -0.0046   -0.6829    0.6323    0.0284 
   4.1666    0.0010    2.0233    1.4453  175.7135    2.5683   -1.5426    1.1849    0.0787   -2.8690  -19.4460  -43.1440    1.4090    0.3862    3.8160   -0.0393   -0.7549    1.8396    0.0039 
   4.2091    0.0010    0.7785    0.8172  172.7185    2.0801    0.1664   -4.7356    0.1516   -2.0178   -6.2695  -28.3505    1.4090    0.3935    3.8160   -0.3965   -0.7905    0.7197    0.1072 
   4.2516    0.0014    0.8645    0.2303  172.7273    0.1269   -1.8478    0.7576   -0.3455   -2.5095  -12.1007  -27.3983    1.4090    0.4006    3.8160   -0.1028   -0.0093    2.0703    0.0114 
   4.2941    0.0010    0.8294    0.4348  172.7139    0.6762    2.9740    0.3304   -0.7066   -3.7948  -15.3605  -42.2968    1.4090    0.4076    3.7920    0.1519   -1.3235    0.8950    0.0188 
   4.3366    0.0011    1.0721    0.4790  172.7601    1.8359   -6.6085   -0.5241   -0.1640   -3.1439  -12.3610  -36.2289    1.4090    0.4144    3.8000    0.1216   -1.1030    1.3931    0.0337 
   4.3791    0.0010    1.6731    0.7027  172.8003    6.4746   -3.4347    2.0393   -1.1392   -2.2630  -28.1229  -29.6578    1.4090    0.4178    3.7920    0.2070   -1.8921    1.4241   -0.0110 
   4.4216    0.0014    0.9089    1.0191  172.8320    1.4697   -2.7633    0.0252   -1.0233   -1.4615  -19.3230  -24.8062    1.4090    0.4178    3.7920    0.2905   -0.1499    1.5442    0.0242 
   4.4641    0.0010    1.0427    1.0505  173.0289   -6.9532   -1.6036    5.0911   -0.1833   -2.1290  -12.2597  -31.7951    1.4090    0.4178    3.7920    0.0044    1.5176    1.3445   -0.0643 
   4.5066    0.0010    0.9200    1.1727  173.3538   -4.0235   -8.3175   11.5608   -0.6874   -2.4101  -16.0741  -35.8278    1.6908    0.4212    3.7840    0.3306   -0.1738    1.3438   -0.1723 
   4.5491    0.0010    0.7537    0.9747  173.9008   -2.2534  -15.5196   17.6643   -0.2496   -2.0926  -10.0337  -30.6730    1.6908    0.4212    3.7760   -0.3831   -0.9514    1.7917   -0.2788 
   4.5916    0.0014    0.8744   -0.0136  174.7970  -14.1553   -5.9371   23.3406    0.2781   -1.9580   -5.9635  -19.4452    1.4090    0.4212    3.7840   -0.2524    0.6138    1.1267   -0.3828 
   4.6341    0.0010    0.7932    0.0735  175.6153   -3.2910   -8.3785   15.7112   -1.2575   -1.6120  -20.5077  -16.8552    1.6908    0.4212    3.7920    0.7253   -0.5027    0.1584   -0.2447 
   4.6766    0.0010    1.4455   -0.6587  176.5057    0.6152   -7.6461   25.9041   -1.1042   -2.2834  -25.4976  -16.2473    1.6908    0.4212    3.7840   -0.3743   -0.8503    0.8430   -0.4226 
   4.7191    0.0010    1.2774   -0.9203  177.6558   -1.4600   -1.1764   31.4583   -0.9737   -2.0199  -22.5118  -10.9961    1.6908    0.4245    3.7760   -0.2705    0.4629    2.0312   -0.5195 
   4.7616    0.0013    1.2425   -1.1052  178.9693  -15.0708    5.7816   24.1951   -0.5139   -2.2173  -17.5652  -11.1220    1.6908    0.4245    3.7680   -0.6489    1.2019    1.3181   -0.3928 
   4.8041    0.0010    0.8229   -0.9263  180.3146   -6.5869    2.7299   25.9651   -0.9828   -1.5429  -18.0577   -6.1665    1.6908    0.4245    3.7760   -0.2498   -0.3750    1.1018   -0.4237 
   4.8466    0.0010    0.4365   -1.0618  181.5017   -8.7842    0.9599   32.4349   -1.5607   -1.8251  -19.9719   -7.6335    1.6908    0.4245    3.7760    0.6887   -0.0474    0.4700   -0.5366 
   4.8891    0.0010    1.0148   -1.5271  182.7871   13.6157   -4.0450   30.4207   -0.6831   -1.4746  -16.9794    0.5243    1.6908    0.4311    3.7760   -0.5803   -0.1768    1.3271   -0.5014 
   4.9316    0.0014    0.4078   -0.6913  183.9829   -5.9156   13.7162   25.7210   -0.5705   -1.1469   -9.7833   -4.5566    1.6908    0.4311    3.7600   -0.2844   -1.1292    1.3623   -0.4194 
   4.9741    0.0010    1.5322   -1.1083  185.1099    2.5683   -8.1344   41.7732   -1.1909   -1.0532  -27.2311    0.5497    1.6908    0.4311    3.7600   -0.0928   -0.3806    1.1362   -0.6996 
   5.0166    0.0010    0.7900   -1.3214  186.8196  -20.5640   -8.1344   38.4773   -1.2555   -0.4776  -20.4556    8.4377    1.6908    0.4311    3.7600   -0.7063    1.6321    1.4568   -0.6420 
   5.0591    0.0010   -0.1927   -1.7028  188.3613  -16.8408  -17.0455   31.8855   -0.7599   -0.9765   -5.6725    7.2625    1.9726    0.4311    3.7760   -0.3179    1.5061    1.3535   -0.5221 
   5.1016    0.0014   -0.4609   -2.4016  189.6459   -9.3335   -1.3595   26.8807   -1.9691    0.0237  -15.0831   24.2527    1.9726    0.4311    3.7680   -0.1213    0.4214    1.4375   -0.4347 
   5.1441    0.0010   -1.6325   -1.0469  190.5725  -41.1939   33.7357   11.8660   -1.8089    0.5555   -1.7640   16.0235    1.9726    0.4311    3.7600   -0.2656    1.4512    1.4285   -0.1727 
   5.1866    0.0010   -0.7852    0.3702  191.6545   20.6958    4.4389   24.7444   -1.6264    1.0593   -8.4119    6.8903    1.9726    0.4311    3.7520    0.2607   -0.5308    0.8118   -0.3974 
   5.2291    0.0010    0.1484    0.1071  192.8872   24.3579   20.3080   30.1766   -1.0939    0.6064  -12.4232    4.9920    1.9726    0.4343    3.7520    0.0703    1.5889    1.3115   -0.4923 
   5.2716    0.0014   -0.0206    0.9070  193.8471  -40.7056   19.3314   12.4764   -1.6523    0.2492  -16.3166   -6.5782    2.5362    0.4502    3.7520   -0.0117   -0.2041    1.1929   -0.1735 
   5.3141    0.0010    0.2245    0.1231  194.6175   10.5029  -31.0836   13.3309   -0.7123    0.9967   -9.3684    8.7356    2.8180    0.4563    3.7520   -0.4583   -0.1777    1.3123   -0.1835 
   5.3566    0.0010    0.1479   -0.7985  195.4155  -43.3911    0.7157   18.7630   -0.0211    0.3905   -1.6903   11.8893    2.8180    0.4594    3.7360    0.3342    1.2412    1.1765   -0.2783 
   5.3991    0.0010   -1.8132   -0.5360  196.0622  -25.2637    1.6312    7.1663   -1.3339    0.3683    4.7927    9.0429    2.8180    0.4624    3.7520    0.2952   -0.3403    0.7983   -0.0759 
   5.4416    0.0014   -2.0410   -0.9026  196.0993   13.7988  -22.7218   -1.8669   -0.2127    1.3394   18.2830   22.4193    2.8180    0.4683    3.7520   -0.0474   -1.1060    0.7205    0.0818 
   5.4841    0.0010   -2.0785   -0.9576  195.7368  -14.0943   -3.9840  -16.2102    1.1503    0.3725   32.2878   13.3012    2.8180    0.4683    3.7360   -0.5903    1.9224    1.0198    0.3321 
   5.5266    0.0010   -1.1177   -1.0292  196.0473   27.0434    2.7299   14.2464   -0.2434    1.8124    8.7423   28.4161    2.5362    0.4683    3.7280   -0.2192    0.0974    1.4106   -0.2044 
   5.5691    0.0010   -1.5015    0.1608  195.8067  -44.4287    7.3685  -12.3649    1.1622    1.2632   26.6370   11.0236    2.8180    0.4683    3.7360   -0.0950   -1.3384    0.5645    0.2650 
   5.6116    0.0014   -1.5148    0.6664  196.2721   19.2920   -1.5426    4.9080    0.7417    0.6774   22.5647    0.1099    2.2544    0.4683    3.7440    0.7488   -0.3586    0.8770   -0.0463 
   5.6541    0.0010   -0.7538   -1.3745  195.7667   25.0293  -17.0455  -20.1164   -0.8142    1.8504   -0.6050   32.2486    2.2544    0.4712    3.7360   -0.3960   -0.3594    1.2942    0.3904 
   5.6966    0.0010   -0.8224   -1.2017  195.6861  -49.8609   16.9511   -6.0173    0.9301    1.3337   17.5255   25.3535    2.2544    0.4712    3.7280   -0.3091   -1.5850    1.1516    0.1444 
   5.7391    0.0010   -1.8382   -0.1920  196.2771   -2.3145    4.3778    9.9739    0.8608    1.7848   26.9895   19.7673    2.2544    0.4712    3.7280    0.0776   -0.4106    0.5591   -0.1347 
   5.7816    0.0014   -1.1258   -1.8086  196.2927   86.2475  -16.3131   26.3924    1.5135    1.1062   26.3927   29.1480    1.6908    0.4741    3.6800   -0.1760    1.0901    1.0596   -0.4311 
   5.8241    0.0010    0.4420   -0.8103  196.3929  -41.3159   31.1112  -12.7312    2.3736    1.3725   19.3160   21.8272    1.1272    0.4712    3.7360    0.3108    0.3230    1.2214    0.2419 
   5.8666    0.0010   -0.0199    1.9618  196.4581    7.6343   65.8402   -2.4162    2.7491    2.4554   27.6902    4.9358   -3.9452    0.4798    3.7120    0.7522   -1.5881    0.8518   -0.0267 
   5.9091    0.0010   -0.3982    1.9817  195.9156   70.4394  -35.1119  -14.3181    2.8516    1.6613   32.4978   -3.2039   -3.9452    0.4770    3.6880   -0.5820    1.5745    1.5125    0.1810 
   5.9516    0.0014    0.8726   -0.0974  195.3820  -72.0166  -46.5865  -26.6472    3.5534    2.8929   26.8071   29.9021   -3.9452    0.4798    3.6960   -0.0022   -1.0701    1.3049    0.3962 
   5.9941    0.0010    0.2252    0.4861  195.7547    3.8501   32.4540  -11.2053    2.9454    2.4779   27.2013   19.9182   -3.9452    0.4798    3.7280   -0.5857    0.4377    0.4880    0.1267 
   6.0366    0.0010    0.4290    0.6898  195.1375    7.9394  -20.0973  -11.1442    3.2495    3.0974   28.2042   24.0755   -3.3816    0.4798    3.7280    0.7908   -1.3218    0.0896    0.1355 
   6.0791    0.0010    0.1547   -0.6443  194.6380    4.6435  -29.9850  -14.5012    3.6633    2.7982   35.0861   34.4253   -3.0998    0.4798    3.7280   -0.5671   -0.4556    0.6187    0.1990 
   6.1216    0.0014    1.3332    0.6720  194.2013   39.1284   75.9721   -6.1394    3.9853    4.1765   26.5209   35.0449   -3.0998    0.4770    3.6960   -0.5283    1.1294    1.4275    0.0531 
   6.1641    0.0010   -0.6549    3.1258  192.8425  -54.8047   -0.0777  -24.0227    3.7728    2.5614   44.2771   -5.6450   -3.0998    0.4798    3.6960   -0.2375   -1.6018    0.9087    0.3652 
   6.2066    0.0010    0.5226    1.2549  192.2774   93.4497  -58.2442  -11.8767    4.1851    3.5162   36.6244   22.6130   -3.3816    0.4798    3.6720    0.2776   -1.2146    0.8792    0.1483 
   6.2491    0.0010    1.8951    0.0500  191.0548  -33.0762   30.3788  -40.4411    4.2368    4.4018   23.4162   43.5176   -3.3816    0.4770    3.7040    0.3958    0.2642    0.1799    0.6468 
   6.2916    0.0014   -0.2537    2.3891  190.1488  -29.5972   78.7797  -20.7878    4.1457    3.7522   43.9938   13.6312   -5.6360    0.4798    3.7120    0.3557    0.0249    1.6621    0.2644 
   6.3341    0.0010    1.8170    4.1761  189.5278   81.0595  -13.5055  -11.3274    4.5606    3.4454   27.4358   -7.3064   -5.0724    0.4826    3.7040    0.5784   -0.8252    1.3628    0.1092 
   6.3766    0.0010    2.2168   -0.2000  188.5722 -103.9380  -63.4322  -66.1369    5.1179    3.5221   29.0106   37.2201   -3.9452    0.4826    3.6720    0.4001   -0.1252    1.0623    1.0855 
   6.4191    0.0010   -0.2169    1.5747  187.1384   73.5522  146.2235    0.0862    4.7561    4.3817   49.7301   28.0697   -3.6634    0.4826    3.7040    2.0874   -0.7617    0.4202   -0.0654 
   6.4616    0.0014    5.9393    7.5298  187.6373  143.7426  111.5556   15.1619    4.4822    4.3355  -14.5714  -31.9426   -2.5362    0.4826    3.6560   -0.5005    0.4307    1.3901   -0.3089 
   6.5041    0.0010    6.1436    6.8882  187.7467  -95.8814 -134.4772  -15.1115    4.6818    5.0524  -14.6180  -18.3582   -2.2544    0.4826    3.6880    1.0696   -0.7031    1.0945    0.2244 
   6.5466    0.0010    1.0500   -0.8549  187.7818  -79.8902 -172.8683   12.8426    4.5487    5.7496   34.9875   66.0448   -0.5636    0.4826    3.6720   -0.4043   -1.8838    1.5886   -0.2340 
   6.5891    0.0010    1.8416   -1.3750  187.8222   83.6230  119.3070   -9.3132    4.2799    6.7335   24.3823   81.0840   -0.2818    0.4826    3.7040   -0.0630   -1.0994    1.3738    0.1576 
   6.6316    0.0014    4.3225    7.9111  187.8284   41.4477  240.7670    5.4573    4.1184    7.0191   -2.0408   -8.9205   -0.2818    0.4826    3.6080    0.5920    0.5652    0.7891   -0.1002 
   6.6741    0.0010    3.5568   11.0320  187.4108  -46.1988  -48.3565  -13.8908    3.5178    6.7440   -0.3894  -42.8798    0.2818    0.4826    3.6960    0.0500    1.0657    1.1223    0.2474 
   6.7166    0.0010    2.0179    1.8241  187.0784    1.9580 -231.9503    0.0252    4.3618    6.8751   23.4391   50.5098    0.8454    0.4826    3.6160   -1.0442    1.0808    0.7776    0.0143 
   6.7591    0.0010    2.3005   -3.1026  186.6837   18.9868   93.9774   -7.6042    3.8068    7.5698   15.0626  106.7243    0.5636    0.4826    3.7120    1.1782   -0.8569   -0.0344    0.1426 
   6.8016    0.0014    3.2443    6.8760  186.3461   -8.6011  292.9520   -6.1394    4.3644    6.8717   11.2013   -0.0425    0.8454    0.4826    3.5840    0.8789    0.2605    0.3201    0.1219 
   6.8441    0.0010    2.4289   13.9513  185.8747  -14.7046    1.8143   -5.3459    4.6655    6.5948   22.3666  -73.5654    0.8454    0.4826    3.7120    0.4250    1.0564    0.7952    0.1081 
   6.8866    0.0010    2.0269    5.0919  185.6086    7.8784 -299.3942   -3.2707    4.2009    7.9103   21.7400   28.1842    0.8454    0.4826    3.5440   -0.0715   -0.0444    1.6541    0.0718 
   6.9291    0.0010    3.1671   -4.2241  185.3053   40.4101  -52.4459   -8.2756    4.8559    7.3073   16.8879  115.3147    0.8454    0.4826    3.6800   -0.6265   -0.3433    1.4248    0.1592 
   6.9716    0.0014    2.7019    4.2569  184.9912  -27.5220  328.0472   -7.1770    3.7255    8.2216   10.2362   39.6469    0.8454    0.4826    3.5280   -0.3574    2.2742    1.2483    0.1400 
   7.0141    0.0010    1.5253   15.8121  184.2080  -38.5694  155.8060  -14.4401    4.3777    7.8623   28.5242  -79.4983    0.8454    0.4826    3.6800   -0.1804    0.7737    1.3098    0.2668 
   7.0566    0.0010    1.8517    9.8957  183.8616   30.4004 -306.5352   -1.9890    4.0825    7.2638   22.3079  -26.3190    0.8454    0.4826    3.6400   -0.6948   -2.1860    0.7944    0.0495 
   7.0991    0.0010    3.5489   -2.5230  183.6017   41.9360 -178.4835   -9.3132    4.1013    7.7252    5.5247  102.4818    0.8454    0.4826    3.6080   -0.8799   -0.0200    0.9358    0.1773 
   7.1416    0.0014    3.9999    0.2549  183.2423   -7.0752  258.8334   -3.0266    3.0241    6.7383   -9.7584   64.8336    0.8454    0.4798    3.6400    0.5891   -0.0029    0.8262    0.0676 
   7.1841    0.0010    2.2623   12.9926  182.7117  -46.9922  249.1898  -16.6984    3.3789    7.0337   11.1653  -59.5892    0.8454    0.4909    3.6080   -0.6658    0.7505    0.8767    0.3062 
   7.2266    0.0010    1.0215   13.4817  181.9055   -6.3428 -171.8917   -7.7873    2.3786    6.4399   13.5708  -70.4180    0.8454    0.4936    3.6720    1.1868    0.1594    1.7324    0.1507 
   7.2691    0.0010    1.5437    1.4958  181.7542   23.2593 -304.8263   -7.5432    2.6297    6.3560   10.8593   48.6023    0.8454    0.5094    3.5120   -1.1687    2.5195    1.9424    0.1464 
   7.3116    0.0014    2.6476   -3.1111  181.4708   22.0996   88.3012   -1.3176    2.6219    6.4954   -0.2568   96.0656    0.8454    0.5144    3.6880    0.8706    1.0439    0.2715    0.0378 
   7.3541    0.0010    2.1220    9.0009  181.3349  -32.8321  329.5731   -3.3928    2.5048    5.4406    3.8282  -35.6032    0.8454    0.5169    3.4560    0.1411    3.1323    1.3276    0.0740 
   7.3966    0.0010    0.9147   15.6644  180.7348  -21.8457  -95.2316   -5.1628    3.0499    4.9787   21.3522 -106.8570    0.8454    0.5119    3.6720    0.5015   -0.1609    0.7170    0.1049 
   7.4391    0.0010    1.6011    3.6409  180.6213   33.2080 -360.8566   -1.5007    1.3605    4.2299   -2.4054    5.8897    0.8454    0.5119    3.4640   -0.8547   -2.1362    1.6396    0.0409 
   7.4816    0.0014    2.8442   -6.4504  180.1624    4.8877  -18.1441   -3.0876    1.4685    2.8133  -13.7565   92.6369    0.8454    0.5042    3.6880    0.6497    1.1807    0.5305    0.0686 
   7.5241    0.0010    1.7894    2.2076  180.2256  -57.6734  301.1307   -7.5432   -0.3687    3.0061  -21.5806    7.9846    0.8454    0.5068    3.5200   -0.8667   -0.5881    1.4709    0.1464 
   7.5666    0.0010    0.2132   11.8995  179.8294  -38.0811   66.0233   -3.3317   -0.3099    2.0128   -5.2307  -98.8666    0.2818    0.5042    3.6720    0.8037    0.2336    1.0999    0.0631 
   7.6091    0.0010   -0.1844    4.9558  179.6076    9.2212 -297.4410    1.9173   -1.0380    3.1492   -8.5362  -18.0658    0.8454    0.5068    3.5760    0.6025   -0.8843    0.9241   -0.0187 
   7.6516    0.0014    0.5359   -6.1649  179.4024    7.6953 -149.5528   -7.4211   -0.9506    3.2196  -14.8650   93.8458    0.8454    0.5068    3.6480   -0.9773   -0.8125    1.6509    0.1443 
   7.6941    0.0010   -0.6640   -1.5503  179.5129  -37.2266  254.7440   -0.4021   -0.0457    3.0438    6.1827   45.9410    0.8454    0.5042    3.6080   -0.5205    0.6123    0.2170    0.0218 
   7.7366    0.0010   -1.0193    9.0625  179.4286   10.2588  142.4393    3.1990   -0.7586    3.0505    2.6075  -60.1199    0.5636    0.5068    3.5760   -0.3704    1.1328    1.7095   -0.0460 
   7.7791    0.0010   -1.1236    6.8333  179.5845   -0.8496 -229.3868    1.4900   -1.5482    2.1355   -4.2468  -46.9779    0.5636    0.5042    3.6080    0.1606    2.7222    0.3171   -0.0162 
   7.8216    0.0014   -1.1282   -4.4522  179.6703   -1.3990 -192.5826    5.8846   -0.5270    2.3262    6.0129   67.7840    0.8454    0.5042    3.5600    0.2971    1.0217    0.1848   -0.0879 
   7.8641    0.0010   -2.0060   -3.8695  179.9275   -5.3662  178.0228    1.3069   -1.1054    1.6118    9.0066   54.8126    0.8454    0.4826    3.6400    0.4434   -1.7903    0.7310   -0.0081 
   7.9066    0.0010   -2.2030    6.6356  179.9228   18.0713  217.5736   -0.0358   -2.2979    0.3127   -0.9489  -63.2292    0.5636    0.4408    3.6400    1.2588    0.5974    1.4065    0.0105 
   7.9491    0.0010   -1.3790    8.4254  180.1694    2.7514 -115.7394    6.2508   -3.9611   -0.4788  -25.8209  -89.0429    0.0000    0.3899    3.7760    1.5254   -2.0684    0.5242   -0.1091 
   7.9916    0.0014   -2.6109   -2.4728  180.2117  -38.3252 -304.5211    3.4432   -3.4354   -1.4768   -8.2447    9.9604    0.0000    0.3322    3.6880   -0.1072    0.2808    0.8245   -0.0601 
   8.0341    0.0010   -3.0574  -11.2402  180.9801  -33.9917 -120.1949   14.0022   -3.1182   -0.4027   -0.6078  108.3748    0.0000    0.3322    3.7600    0.0269   -0.7952    1.2793   -0.2444 
   8.0766    0.0010   -5.0201   -6.2426  181.5565  -13.3618  251.6923    1.2459   -3.6846   -0.7572   13.3549   54.8537    0.0000    0.3199    3.7680    0.0791    0.5916    0.4731   -0.0217 
   8.1191    0.0010   -5.1390    5.9718  181.5845   62.1997  264.2045    4.7249   -3.9869   -1.3268   11.5213  -72.9867    0.0000    0.2854    3.7040    0.0369    0.1389    0.8486   -0.0825 
   8.1616    0.0014   -0.9217   10.4654  182.4998   70.2563  -28.8863   13.6971   -3.4211   -1.2365  -24.9944 -117.0187    0.0000    0.2810    3.8240   -0.1309   -0.6372    0.5312   -0.2391 
   8.2041    0.0010    1.2990    2.7784  182.9093   -8.2349 -292.1310   -4.4304   -3.2623   -1.7567  -45.6131  -45.3515    0.0000    0.2720    3.7760   -0.4829   -0.0364    1.5039    0.0773 
   8.2466    0.0010   -0.5670   -9.7531  183.2645  -86.4820 -255.9371   11.5608   -2.7166   -2.8629  -21.4967   68.9024    0.2818    0.2249    3.7360   -0.1287   -0.8215    0.9600   -0.1969 
   8.2891    0.0010   -1.8710   19.7691  189.4424  -66.5235  744.7953  121.9734   -3.0675   -1.1245  -11.9656 -208.9358   -0.2818    0.1898    3.5360   -0.5767   -0.5032    0.8657   -2.1338 
   8.3316    0.0013    0.0000    0.0000  195.7677  254.5825  348.3720   96.7049   -3.8138   -1.1366    0.0000    0.0000    0.0000    0.0915    3.9520    0.6816   -1.4392    1.0361  238.8916 
   8.3741    0.0009    0.0000    0.0000  209.0946  415.5932 -131.8526   98.1697   -3.8138   -1.1366    0.0000    0.0000    0.0000    0.0127    3.9520   -0.6460   -1.2327    0.4214  399.9023 
   8.4166    0.0010    0.0000    0.0000  224.7409  476.3843 -409.0743   98.6580   -3.8138   -1.1366    0.0000    0.0000    0.0000    0.0000    3.9600    0.7234    0.4199    0.4448  460.6934 
   8.4591    0.0009    0.0000    0.0000  238.6338  490.1172 -574.0523   97.4983   -3.8138   -1.1366    0.0000    0.0000    0.0000    0.0000    3.9600    0.1931    0.1731    0.8071  474.4263 
   8.5016    0.0013    0.0000    0.0000  263.5658 -988.3985 -472.7339  521.9368   -3.8138   -1.1366    0.0000    0.0000    0.0000    0.0000    3.9600    0.3394    0.9609   -0.4133    0.0000 
   8.5441    0.0009    0.0000    0.0000  281.8900 -632.8687  578.2304  313.5017   -3.8138   -1.1366    0.0000    0.0000    0.0000    0.0000    3.9600   -0.6340    0.8662    0.2585 -648.5596 
   8.5866    0.0009    0.0000    0.0000  296.3251   58.4155  105.5741  242.3958   -3.8138   -1.1366    0.0000    0.0000    0.0000    0.0000    3.9600    0.2249    0.3125   -0.9575   42.7246 
   8.6291    0.0010    0.0000    0.0000  309.4207  301.8847   11.6410  232.0198   -3.8138   -1.1366    0.0000    0.0000    0.0000    0.0000    3.9600   -0.3369    1.1951    2.7788  286.1938 
   8.6716    0.0013    0.0000    0.0000  321.3884  292.9125 -123.6129  297.0833   -3.8138   -1.1366    0.0000    0.0000    0.0000    0.0000    3.9600   -0.2554    0.3792    1.4116  277.2217 
   8.7141    0.0009    0.0000    0.0000  330.0602  104.9243 -153.7032  217.7986   -3.8138   -1.1366    0.0000    0.0000    0.0000    0.0000    3.9680   -0.3940   -0.1042    0.7830   89.2334 
   8.7566    0.0010    0.0000    0.0000  336.0950  -39.3628   25.2518   99.3294   -3.8138   -1.1366    0.0000    0.0000    0.0000    0.0000    3.9680   -0.2944   -0.0872    0.5796  -55.0537 
   8.7991    0.0009    0.0000    0.0000  339.3387  -98.2617   99.6537   19.0682   -3.8138   -1.1366    0.0000    0.0000    0.0000    0.0000    3.9680   -0.2800   -0.0161    0.9583 -113.9526 
   8.8416    0.0013    0.0000    0.0000  340.3480 -110.2857   91.2309  -12.9143   -3.8138   -1.1366    0.0000    0.0000    0.0000    0.0000    3.9680   -0.1611    0.1809    1.0229 -125.9766 
   8.8841    0.0009    0.0000    0.0000  340.4146   -0.3003    2.6078    2.2225   -3.8138   -1.1366    0.0000    0.0000    0.0000    0.0000    3.9600   -0.1123    0.1626    0.9832  -15.9912 
   8.9266    0.0009    0.0000    0.0000  340.2833   53.4716  -44.6944    6.6780   -3.8138   -1.1366    0.0000    0.0000    0.0000    0.0000    3.9680   -0.1909    0.0671    1.0566   37.7808 
   8.9691    0.0009    0.0000    0.0000  340.3106    8.7939   -7.9513    2.1614   -3.8138   -1.1366    0.0000    0.0000    0.0000    0.0000    3.9600   -0.2209    0.0522    1.0347   -6.8970 
   9.0116    0.0013    0.0000    0.0000  340.2762  -17.3291   15.6693   -3.5759   -3.8138   -1.1366    0.0000    0.0000    0.0000    0.0000    3.9600   -0.1763    0.0747    1.0913  -33.0200 
   9.0541    0.0009    0.0000    0.0000  340.2620    1.6528   -1.7257   -0.7683   -3.8138   -1.1366    0.0000    0.0000    0.0000    0.0000    3.9600   -0.1909    0.0811    1.0598  -14.0381 
   9.0966    0.0009    0.0000    0.0000  340.2180    1.6528   -1.6647    0.4524   -3.8138   -1.1366    0.0000    0.0000    0.0000    0.0000    3.9680   -0.1855    0.0667    1.0503  -14.0381 
   9.2141 4294.8833   -0.2459    0.3376  340.1687    0.3100    0.4105    0.0862   -3.8138   -1.1366    0.0000    0.0000    0.0000    0.0000    3.9680   -0.1816    0.0764    1.0620  -15.3809 
   9.2566 4294.8408   -0.4249   -0.0225  340.1880   -1.1548    0.5326    0.2693   -3.8138   -1.1366    0.0000    0.0000    0.0000    0.0000    3.9680   -0.1843    0.0806    1.0593  -16.8457 
   9.2991 4294.7983   -0.1434    0.1390  340.1702   -1.8872    0.6547   -0.2800   -3.8138   -1.1366    0.0000    0.0000    0.0000    0.0000    3.9680   -0.1821    0.0725    1.0552  -17.5781 
   9.3416 4294.7559   -0.4242    0.1359  340.1636   -0.1782   -0.3219    0.2693   -3.8138   -1.1366    0.0000    0.0000    0.0000    0.0000    3.9680   -0.1733    0.0754    1.0471    0.0000 
   9.3841 4294.7134   -0.3272    0.5027  340.1292    0.4931   -0.0777   -0.4631   -3.8138   -1.1366    0.0000    0.0000    0.0000    0.0000    3.9760   -0.1765    0.0813    1.0486  -15.1978 
   9.4266 4294.6709   -0.5191    0.3152  340.1436   -1.3379    0.1664    0.0252   -3.8138   -1.1366    0.0000    0.0000    0.0000    0.0000    3.9680   -0.1895    0.0764    1.0593  -17.0288 
   9.4691 4294.6284   -0.2773    0.1573  338.6913    0.6762   -0.3829   -0.0969   -3.8138   -1.1366    0.0000    0.0000    0.0000    0.0000    3.9760   -0.1848    0.0779    1.0637  -15.0146 
   9.5116 4294.5859   -0.2407    0.2055  338.6823    0.1269    0.0443    0.2693   -3.8138   -1.1366    0.0000    0.0000    0.0000    0.0000    3.9760   -0.1799    0.0747    1.0559    0.0000 
   9.5541 4294.5435   -0.2448    0.3483  338.6680   -1.3379    0.2274   -0.0969   -3.8138   -1.1366    0.0000    0.0000    0.0000    0.0000    3.9760   -0.1792    0.0759    1.0632  -17.0288 
   9.5966 4294.5005   -0.4671    0.4601  338.6400    0.3711   -0.3829   -0.3410   -3.8138   -1.1366    0.0000    0.0000    0.0000    0.0000    3.9760   -0.1821    0.0830    1.0527  -15.3198 
   9.6391 4294.4580   -0.0609    0.2869  338.6551   -0.3003   -0.1998    0.0862   -3.8138   -1.1366    0.0000    0.0000    0.0000    0.0000    3.9760   -0.1809    0.0752    1.0654  -15.9912 
   9.6816 4294.4155   -0.3367    0.3953  338.6412   -0.8496   -0.1388   -0.0358   -3.8138   -1.1366    0.0000    0.0000    0.0000    0.0000    3.9760   -0.1814    0.0745    1.0632    0.0000 
   9.7241 4294.3730   -0.2946    0.2540  338.6526   -0.6055   -0.0167   -0.5241   -3.8138   -1.1366    0.0000    0.0000    0.0000    0.0000    3.9760   -0.1770    0.0786    1.0671  -16.2964 
   9.7666 4294.3306   -0.0266    0.4250  338.6283   -0.3003   -0.3829   -0.0358   -3.8138   -1.1366    0.0000    0.0000    0.0000    0.0000    3.9760   -0.1780    0.0789    1.0569  -15.9912 
   9.8091 4294.2881   -0.5620    0.3196  338.6313   -0.3614   -0.3219    0.1473   -3.8138   -1.1366    0.0000    0.0000    0.0000    0.0000    3.9760   -0.1858    0.0771    1.0671  -16.0522 
   9.8516 4294.2456   -0.5181    0.3408  338.6237   -0.3614   -0.1998   -0.5852   -3.8138   -1.1366    0.0000    0.0000    0.0000    0.0000    3.9760   -0.1799    0.0818    1.0640    0.0000 
   9.8941 4294.2031   -0.0727    0.2438  338.6174   -0.1172   -0.3829   -0.1579   -3.8138   -1.1366    0.0000    0.0000    0.0000    0.0000    3.9760   -0.1812    0.0757    1.0601  -15.8081 
   9.9366 4294.1606   -0.4516    0.8313  338.5646   -0.4224   -0.4440   -0.0358   -3.8138   -1.1366    0.0000    0.0000    0.0000    0.0000    3.9760   -0.1711    0.0813    1.0620  -16.1133 
   9.9791 4294.1182   -0.5000    0.1851  338.6043    0.4321   -0.8102   -0.9514   -3.8138   -1.1366    0.0000    0.0000    0.0000    0.0000    3.9680   -0.1807    0.0815    1.0576  -15.2588 
  10.0216 4294.0757   -0.5112    0.1982  338.5915   -0.6665   -0.5050   -0.2190   -3.8138   -1.1366    0.0000    0.0000    0.0000    0.0000    3.9760   -0.1812    0.0703    1.0581    0.0000 
  10.0641 4294.0332   -0.3574    0.3027  338.5667    0.4321   -0.0777   -1.0734   -3.8138   -1.1366    0.0000    0.0000    0.0000    0.0000    3.9680   -0.1785    0.0793    1.0581  -15.2588 
  10.1066 4293.9907   -0.1801    0.3713  338.5423   -0.4834   -0.3829   -0.4631   -3.8138   -1.1366    0.0000    0.0000    0.0000    0.0000    3.9760   -0.1729    0.0840    1.0635  -16.1743 
  10.1491 4293.9482   -0.2167    0.1313  338.5416   -0.4834   -0.0777   -0.4631   -3.8138   -1.1366    0.0000    0.0000    0.0000    0.0000    3.9760   -0.1775    0.0796    1.0642  -16.1743 
  10.1916 4293.9058   -0.3481    0.3567  338.5179   -0.3003   -0.1388   -0.3410   -3.8138   -1.1366    0.0000    0.0000    0.0000    0.0000    3.9760   -0.1772    0.0789    1.0598    0.0000 
  10.2341 4293.8633   -0.3080   -0.0932  338.5443    0.1880   -0.1998   -0.5852   -3.8138   -1.1366    0.0000    0.0000    0.0000    0.0000    3.9760   -0.1917    0.0820    1.0591  -15.5029 
  10.2766 4293.8208   -0.6849    0.0654  338.5211    0.3100   -0.0167   -0.0969   -3.8138   -1.1366    0.0000    0.0000    0.0000    0.0000    3.9760   -0.1853    0.0854    1.0649  -15.3809 
  10.3191 4293.7783   -0.3405    0.0249  338.5160   -0.4834   -0.1388   -0.0969   -3.8138   -1.1366    0.0000    0.0000    0.0000    0.0000    3.9760   -0.1926    0.0764    1.0659  -16.1743 
  10.3616 4293.7358   -0.0212   -0.1563  338.5266    0.0659   -0.4440   -0.1579   -3.8138   -1.1366    0.0000    0.0000    0.0000    0.0000    3.9760   -0.1885    0.0723    1.0603    0.0000 
  10.4041 4293.6934   -0.4325    0.1157  338.5024   -0.1172   -0.4440   -0.5241   -3.8138   -1.1366    0.0000    0.0000    0.0000    0.0000    3.9840   -0.1838    0.0769    1.0571  -15.8081 
  10.4466 4293.6509   -0.4417    0.3263  338.4635    0.2490   -0.3829   -0.7683   -3.8138   -1.1366    0.0000    0.0000    0.0000    0.0000    3.9760   -0.1902    0.0850    1.0566  -15.4419 
  10.4891 4293.6084   -0.4107    0.4423  338.4281    0.1269   -0.0777   -0.4631   -3.8138   -1.1366    0.0000    0.0000    0.0000    0.0000    3.9760   -0.1804    0.0769    1.0637  -15.5640 
  10.5316 4293.5659   -0.6595    0.0569  338.4377   -0.6665   -0.0777   -0.4631   -3.8138   -1.1366    0.0000    0.0000    0.0000    0.0000    3.9760   -0.1824    0.0825    1.0503    0.0000 
  10.5741 4293.5234   -0.5984    0.4158  338.4066    0.3100   -0.1388   -0.4631   -3.8138   -1.1366    0.0000    0.0000    0.0000    0.0000    3.9840   -0.1760    0.0835    1.0603  -15.3809 
  10.6166 4293.4810   -0.1201    0.1301  338.4058    0.6152    0.1054   -0.1579   -3.8138   -1.1366    0.0000    0.0000    0.0000    0.0000    3.9760   -0.1741    0.0740    1.0618  -15.0757 
  10.6591 4293.4380   -0.1233    0.1685  338.3923    0.3711    0.1664    0.0862   -3.8138   -1.1366    0.0000    0.0000    0.0000    0.0000    3.9840   -0.1841    0.0750    1.0710  -15.3198 
  10.7016 4293.3955   -0.0434    0.4127  338.3491    0.6762    0.2274   -0.1579   -3.8138   -1.1366    0.0000    0.0000    0.0000    0.0000    3.9760   -0.1780    0.0752    1.0627    0.0000 
  10.7441 4293.3530   -0.2722    0.2900  338.3348   -0.1172   -0.3219   -0.0969   -3.8138   -1.1366    0.0000    0.0000    0.0000    0.0000    3.9840   -0.1973    0.0747    1.0667  -15.8081 
  10.7866 4293.3105   -0.0771    0.4851  338.3041    0.6762    0.3495   -0.1579   -3.8138   -1.1366    0.0000    0.0000    0.0000    0.0000    3.9760   -0.1829    0.0781    1.0742  -15.0146 
  10.8291 4293.2681   -0.3125    0.1327  338.3110    0.0659    0.2885   -0.8293   -3.8138   -1.1366    0.0000    0.0000    0.0000    0.0000    3.9840   -0.1826    0.0750    1.0588  -15.6250 
  10.8716 4293.2256   -0.3996    0.3123  338.2773    0.1269    0.0443   -0.1579   -3.8138   -1.1366    0.0000    0.0000    0.0000    0.0000    3.9840   -0.1753    0.0811    1.0588  -15.5640 
  10.9141 4293.1831   -0.5157    0.4519  338.2582   -0.5445   -0.2608   -0.2800   -3.8138   -1.1366    0.0000    0.0000    0.0000    0.0000    3.9840   -0.1772    0.0791    1.0525  -16.2354 
  10.9566 4293.1406   -0.4361    0.3573  338.2545    0.2490   -0.2608   -0.7683   -3.8138   -1.1366    0.0000    0.0000    0.0000    0.0000    3.9840   -0.1814    0.0803    1.0679  -15.4419 
  10.9991 4293.0981    0.1296    0.0362  338.2536   -0.2393   -0.1998   -0.4631   -3.8138   -1.1366    0.0000    0.0000    0.0000    0.0000    3.9840   -0.1851    0.0701    1.0627  -15.9302 
  11.0416 4293.0557   -0.2287    0.1853  338.2284   -0.3003   -0.2608   -0.7072   -3.8138   -1.1366    0.0000    0.0000    0.0000    0.0000    3.9840   -0.1819    0.0784    1.0627  -15.9912 
  11.0841 4293.0132   -0.3478    0.2451  338.2071    0.3100   -0.1998   -0.0969   -3.8138   -1.1366    0.0000    0.0000    0.0000    0.0000    3.9840   -0.1838    0.0825    1.0652  -15.3809 
  11.1266 4292.9707   -0.5633    0.1894  338.2071   -0.6665    0.1664   -0.4021   -3.8138   -1.1366    0.0000    0.0000    0.0000    0.0000    3.9840   -0.1775    0.0825    1.0708  -16.3574 
  11.1691 4292.9282   -0.0705    0.4276  338.1829   -0.2393   -0.1388   -0.1579   -3.8138   -1.1366    0.0000    0.0000    0.0000    0.0000    3.9840   -0.1780    0.0740    1.0613  -15.9302 
  11.2116 4292.8857   -0.6035    0.3464  338.1637   -0.0562    0.2885   -0.2190   -3.8138   -1.1366    0.0000    0.0000    0.0000    0.0000    3.9840   -0.1799    0.0876    1.0603    0.0000 
  11.2541 4292.8433   -0.2208    0.2630  338.1518    0.3711    0.0443   -0.2800   -3.8138   -1.1366    0.0000    0.0000    0.0000    0.0000    3.9840   -0.1846    0.0750    1.0603  -15.3198 
  11.2966 4292.8008   -0.5339    0.2801  338.1328   -0.6055   -0.1998   -0.2800   -3.8138   -1.1366    0.0000    0.0000    0.0000    0.0000    3.9840   -0.1775    0.0837    1.0547  -16.2964 
  11.3391 4292.7583    0.0563    0.3441  338.1205   -1.3379   -0.3219   -0.0969   -3.8138   -1.1366    0.0000    0.0000    0.0000    0.0000    3.9840   -0.1812    0.0696    1.0723  -17.0288 
  11.3816 4292.7158   -0.1846    0.6981  338.0744    0.4931    0.1054   -0.5852   -3.8138   -1.1366    0.0000    0.0000    0.0000    0.0000    3.9840   -0.1758    0.0759    1.0708    0.0000 
  11.4241 4292.6733   -0.3993    0.3900  338.0793    0.4321   -0.1388   -0.5241   -3.8138   -1.1366    0.0000    0.0000    0.0000    0.0000    3.9840   -0.1709    0.0840    1.0549  -15.2588 
  11.4666 4292.6309   -0.9281    0.5089  338.0435    8.3056   -2.0309   -0.7072   -3.8138   -1.1366    0.0000    0.0000    0.0000    0.0000    3.9840   -0.1702    0.1526    1.0388   -7.3853 
  11.5091 4292.5884    0.3675   -1.0750  338.2284   29.1186   -8.4396   28.8948   -3.8138   -1.1366    0.0000    0.0000    0.0000    0.0000    3.9840   -0.2507    0.0725    1.0928   13.4277 
  11.5516 4292.5459    2.5581    0.1456  339.5171   29.1186    5.2933   19.2513   -3.8138   -1.1366    0.0000    0.0000    0.0000    0.0000    3.9840   -0.1240    0.0051    1.0623    0.0000 
  11.5941 4292.5034    3.2854   -0.7452  339.4632  -26.5454   -5.1437    3.1380   -3.8138   -1.1366    0.0000    0.0000    0.0000    0.0000    3.9840   -0.1902    0.0198    1.0554  -42.2363 
  11.6366 4292.4609    1.6149   -0.4258  339.3712  153.9966   33.1864   -3.0266   -3.8138   -1.1366    0.0000    0.0000    0.0000    0.0000    3.9840   -0.2168    0.2666    1.3538  138.3057 
  11.6791 4292.4185   11.7106    2.7660  336.3982  194.7070  118.6967  -57.2258   -3.8138   -1.1366    0.0000    0.0000    0.0000    0.0000    3.9760   -0.1948   -0.0518    1.1724  179.0161 
  11.7216 4292.3755   13.2872   10.3919  333.8291  -84.4068  130.5375  -34.0324   -3.8138   -1.1366    0.0000    0.0000    0.0000    0.0000    3.9840   -0.0190    0.2307    1.3000    0.0000 
  11.7641 4292.3330    6.7907   11.9281  332.6379  -59.2603  -20.3414   17.9085   -3.8138   -1.1366    0.0000    0.0000    0.0000    0.0000    3.9840    0.2808    0.3333    0.9937  -74.9512 
  11.8066 4292.2905    3.1213   13.2784  337.3666  -55.9033   58.2719  139.2464   -3.8138   -1.1366    0.0000    0.0000    0.0000    0.0000    3.9840    0.1016    0.3394    1.0720  -71.5942 
  11.8491 4292.2480   -4.4010   14.9141  339.1902 -156.1841   -1.4205  -24.9992   -3.8138   -1.1366    0.0000    0.0000    0.0000    0.0000    3.9840    0.1025    0.3574    1.0737 -171.8750 
  11.8916 4292.2056  -10.5408   15.3818  337.4215  -72.2608   37.2758   13.2698   -3.8138   -1.1366    0.0000    0.0000    0.0000    0.0000    3.9840    0.0693    0.2119    0.9636    0.0000 
  11.9341 4292.1631  -11.5390   15.5334  343.0849  -13.9112   15.9745  215.2962   -3.8138   -1.1366    0.0000    0.0000    0.0000    0.0000    3.9840    0.0774    0.3010    0.9121  -29.6021 
  11.9766 4292.1206  -12.9542   13.1254  352.0613  -80.5005    6.9413  161.0359   -3.8138   -1.1366    0.0000    0.0000    0.0000    0.0000    3.9840    0.0127    0.1172    1.0627  -96.1914 
  12.0191 4292.0781  -13.8594   11.1792  356.2359  -34.6021   -6.4254   60.5110   -3.8138   -1.1366    0.0000    0.0000    0.0000    0.0000    3.9840   -0.0269    0.1147    1.0461  -50.2930 
  12.0616 4292.0356  -12.0580   10.1127  359.7389  -26.5454    4.3778   98.0476   -3.8138   -1.1366    0.0000    0.0000    0.0000    0.0000    3.9840    0.0156    0.1084    1.0115    0.0000 
  12.1041 4291.9932  -12.1513    9.7863    2.9678  -55.1709   -3.4347   36.2190   -3.8138   -1.1366    0.0000    0.0000    0.0000    0.0000    3.9840    0.0120    0.0105    1.1199  -70.8618 
  12.1466 4291.9507  -10.6212    9.9726    3.0648   34.6728   -9.4772  -16.4543   -3.8138   -1.1366    0.0000    0.0000    0.0000    0.0000    3.9840    0.2014   -0.0181    1.0991   18.9819 
  12.1891 4291.9082   -8.2339   11.8759    2.8488  -18.2447   11.7020   26.7586   -3.8138   -1.1366    0.0000    0.0000    0.0000    0.0000    3.9840    0.3181    0.0417    0.8987  -33.9355 
  12.2316 4291.8657   -7.7799   14.0474    3.5263    3.5449   39.7172   17.1761   -3.8138   -1.1366    0.0000    0.0000    0.0000    0.0000    3.9840    0.1255   -0.0752    1.1711    0.0000 
  12.2741 4291.8232   -3.4126   15.3519    4.4246   78.1299    2.7299   21.0823   -3.8138   -1.1366    0.0000    0.0000    0.0000    0.0000    3.9840    0.1917   -0.0352    1.0713   62.4390 
  12.3166 4291.7808    1.2402   17.2585    5.5198   56.5234   12.9838   26.6975   -3.8138   -1.1366    0.0000    0.0000    0.0000    0.0000    3.9840    0.3701   -0.0696    0.9729   40.8325 
  12.3591 4291.7383    5.3923   18.7931    7.6230   90.3979   36.8485   43.9095   -3.8138   -1.1366    0.0000    0.0000    0.0000    0.0000    3.9840    0.0916   -0.1946    1.1541   74.7070 
  12.4016 4291.6958   12.0638   19.9184    9.5760  186.4673   30.7450    3.5652   -3.8138   -1.1366    0.0000    0.0000    0.0000    0.0000    3.9840    0.2324   -0.1179    1.0774    0.0000 
  12.4441 4291.6533   17.0088   23.0624   10.5993  138.7378   56.2577  -15.0505   -3.8138   -1.1366    0.0000    0.0000    0.0000    0.0000    3.9840    0.1636   -0.2249    1.0085  123.0469 
  12.4866 4291.6108   13.2375   17.7832    9.4966 -164.9121 -287.6144  -21.4592   -3.8138   -1.1366    0.0000    0.0000    0.0000    0.0000    3.9920    1.0317   -0.2024    2.8245 -180.6030 
  12.5291 4291.5684   11.5507    8.1693    8.0807    4.4604  103.0106  -31.0417   -3.8138   -1.1366    0.0000    0.0000    0.0000    0.0000    3.9840   -0.6536   -0.2092    1.1506  -11.2305 
  12.5716 4291.5259    7.6776   10.3769    6.9106  -14.1553   21.2235   -2.8435   -3.8138   -1.1366    0.0000    0.0000    0.0000    0.0000    3.9920    0.0464    0.0627    1.0820    0.0000 
  12.6141 4291.4834    6.4864    8.9079    6.9731   23.6255  -43.1686    2.7107   -3.8138   -1.1366    0.0000    0.0000    0.0000    0.0000    3.9840   -0.1064   -0.0017    1.0945    7.9346 
  12.6566 4291.4409    5.8083    7.2272    6.9340  -12.3242   13.2279   -1.3786   -3.8138   -1.1366    0.0000    0.0000    0.0000    0.0000    3.9920   -0.0718    0.0063    1.1023  -28.0151 
  12.6991 4291.3984    3.9533    8.3205    6.9221    2.2632   -3.1905   -0.2800   -3.8138   -1.1366    0.0000    0.0000    0.0000    0.0000    3.9920   -0.0476    0.0085    1.0945  -13.4277 
  12.7416 4291.3560    4.1723    7.0895    6.8921    1.9580   -1.3595   -0.3410   -3.8138   -1.1366    0.0000    0.0000    0.0000    0.0000    3.9920   -0.0540   -0.0090    1.0884    0.0000 
  12.7841 4291.3130    3.9777    7.4881    6.8630    0.1269    0.2885   -0.4021   -3.8138   -1.1366    0.0000    0.0000    0.0000    0.0000    3.9840   -0.0408   -0.0044    1.0818  -15.5640 
  12.8266 4291.2705    4.1790    7.4917    6.8480    0.9204   -0.9322   -0.5241   -3.8138   -1.1366    0.0000    0.0000    0.0000    0.0000    3.9920   -0.0439   -0.0073    1.0837  -14.7705 
  12.8691 4291.2280    4.5084    7.6072    6.8372    0.1880    0.3495   -0.2800   -3.8138   -1.1366    0.0000    0.0000    0.0000    0.0000    3.9920   -0.0439   -0.0125    1.0747  -15.5029 
  12.9116 4291.1855    4.1069    7.4493    6.8227    0.7373   -0.3219   -0.3410   -3.8138   -1.1366    0.0000    0.0000    0.0000    0.0000    3.9920   -0.0542   -0.0066    1.0789    0.0000 
  12.9541 4291.1431    4.4060    7.2966    6.8058    0.8593   -0.1998   -0.4631   -3.8138   -1.1366    0.0000    0.0000    0.0000    0.0000    3.9920   -0.0508   -0.0115    1.0867  -14.8315 
  12.9966 4291.1006    4.1768    7.3190    6.7897   -0.0562   -0.3829   -0.8903   -3.8138   -1.1366    0.0000    0.0000    0.0000    0.0000    3.9920   -0.0491   -0.0088    1.0764  -15.7471 
  13.0391 4291.0581    4.0104    7.5826    6.7759    0.9814   -0.1998   -0.4631   -3.8138   -1.1366    0.0000    0.0000    0.0000    0.0000    3.9920   -0.0442   -0.0032    1.0786  -14.7095 
  13.0816 4291.0156    4.0531    7.4395    6.7659   -0.0562   -0.3829   -0.1579   -3.8138   -1.1366    0.0000    0.0000    0.0000    0.0000    3.9920   -0.0466   -0.0066    1.0906    0.0000 
  13.1241 4290.9731    4.2058    7.3154    6.7483    0.5542    0.0443   -0.0969   -3.8138   -1.1366    0.0000    0.0000    0.0000    0.0000    3.9920   -0.0461   -0.0093    1.0845  -15.1367 
  13.1666 4290.9307    4.2369    7.2862    6.7283   -0.5445   -0.3219   -0.6462   -3.8138   -1.1366    0.0000    0.0000    0.0000    0.0000    3.9920   -0.0491   -0.0059    1.0925  -16.2354 
  13.2091 4290.8882    4.4364    7.4182    6.7021    0.1880   -0.1388   -0.3410   -3.8138   -1.1366    0.0000    0.0000    0.0000    0.0000    3.9840   -0.0454   -0.0129    1.0830  -15.5029 
  13.2516 4290.8457    4.3455    7.3381    6.6898    0.3100   -0.3219   -0.1579   -3.8138   -1.1366    0.0000    0.0000    0.0000    0.0000    3.9920   -0.0508   -0.0164    1.0840    0.0000 
  13.2941 4290.8032    4.4218    7.6637    6.6701    0.1269    0.0443   -0.0969   -3.8138   -1.1366    0.0000    0.0000    0.0000    0.0000    3.9920   -0.0334   -0.0156    1.0742  -15.5640 
  13.3366 4290.7607    4.5741    7.4742    6.6516   -0.3614    0.0443   -0.2190   -3.8138   -1.1366    0.0000    0.0000    0.0000    0.0000    3.9840   -0.0469   -0.0129    1.0793  -16.0522 
  13.3791 4290.7183    4.3078    7.3728    6.6396    0.0659   -0.5050   -0.2190   -3.8138   -1.1366    0.0000    0.0000    0.0000    0.0000    3.9920   -0.0432   -0.0032    1.0837  -15.6250 
  13.4216 4290.6758    4.3884    7.4509    6.6249   -0.8496   -0.4440   -0.0358   -3.8138   -1.1366    0.0000    0.0000    0.0000    0.0000    3.9920   -0.0493   -0.0110    1.0835    0.0000 
  13.4641 4290.6333    4.3748    7.4249    6.6145   -0.1782   -0.1388   -0.6462   -3.8138   -1.1366    0.0000    0.0000    0.0000    0.0000    3.9840   -0.0444   -0.0132    1.0818  -15.8691 
  13.5066 4290.5908    4.4595    7.5853    6.5929   -0.6055    0.0443   -0.4021   -3.8138   -1.1366    0.0000    0.0000    0.0000    0.0000    3.9920   -0.0435   -0.0103    1.0889  -16.2964 
  13.5491 4290.5483    4.2749    7.4797    6.5727   -0.7276   -0.1388   -0.3410   -3.8138   -1.1366    0.0000    0.0000    0.0000    0.0000    3.9920   -0.0491   -0.0015    1.0857  -16.4185 
  13.5916 4290.5059    4.2176    7.5662    6.5592    0.0659   -0.0167   -0.4021   -3.8138   -1.1366    0.0000    0.0000    0.0000    0.0000    3.9920   -0.0452   -0.0068    1.0742    0.0000 
  13.6341 4290.4634    4.2419    7.2231    6.5341   -0.4224   -0.3219   -0.4631   -3.8138   -1.1366    0.0000    0.0000    0.0000    0.0000    3.9840   -0.0540   -0.0098    1.0815  -16.1133 
  13.6766 4290.4209    4.3369    7.4229    6.5225   -0.6665    0.1664   -0.0969   -3.8138   -1.1366    0.0000    0.0000    0.0000    0.0000    3.9920   -0.0476   -0.0081    1.0886  -16.3574 
  13.7191 4290.3784    4.2777    7.9018    6.5086    0.4321   -0.0777   -0.7072   -3.8138   -1.1366    0.0000    0.0000    0.0000    0.0000    3.9920   -0.0459   -0.0168    1.0894  -15.2588 
  13.7616 4290.3359    4.3402    7.5085    6.4864    0.1880    0.1664   -0.5241   -3.8138   -1.1366    0.0000    0.0000    0.0000    0.0000    3.9920   -0.0457   -0.0100    1.0786    0.0000 
  13.8041 4290.2935    4.1955    7.3989    6.4624    0.0049   -0.0167   -0.9514   -3.8138   -1.1366    0.0000    0.0000    0.0000    0.0000    3.9840   -0.0552   -0.0042    1.0867  -15.6860 
  13.8466 4290.2505    4.1319    7.5408    6.4383   -0.0562   -0.0167   -0.4021   -3.8138   -1.1366    0.0000    0.0000    0.0000    0.0000    3.9920   -0.0449   -0.0042    1.0818  -15.7471 
  13.8891 4290.2080    4.4656    7.4191    6.4276    0.1880   -0.0167   -0.6462   -3.8138   -1.1366    0.0000    0.0000    0.0000    0.0000    3.9840   -0.0488   -0.0105    1.0869  -15.5029 
  13.9316 4290.1655    4.4857    7.2926    6.4008   -0.2393   -0.1998   -0.5241   -3.8138   -1.1366    0.0000    0.0000    0.0000    0.0000    3.9920   -0.0410   -0.0056    1.0833    0.0000 
  13.9741 4290.1230    4.3756    7.3245    6.3764    0.4931    0.1664   -0.4631   -3.8138   -1.1366    0.0000    0.0000    0.0000    0.0000    3.9840   -0.0515   -0.0095    1.0818  -15.1978 
  14.0166 4290.0806    4.4402    7.8167    6.3579    0.3711    0.0443   -0.5852   -3.8138   -1.1366    0.0000    0.0000    0.0000    0.0000    3.9920   -0.0398   -0.0115    1.0815  -15.3198 
  14.0591 4290.0381    4.4163    7.6506    6.3338    0.1269   -0.1998   -0.4631   -3.8138   -1.1366    0.0000    0.0000    0.0000    0.0000    3.9840   -0.0393   -0.0168    1.0867  -15.5640 
  14.1016 4289.9956    4.2471    7.3584    6.3251   -0.3003   -0.0777   -0.3410   -3.8138   -1.1366    0.0000    0.0000    0.0000    0.0000    3.9920   -0.0503   -0.0083    1.0884    0.0000 
  14.1441 4289.9531    4.1387    7.3287    6.2999    0.3711    0.0443   -0.5852   -3.8138   -1.1366    0.0000    0.0000    0.0000    0.0000    3.9920   -0.0461   -0.0059    1.0779  -15.3198 
  14.1866 4289.9106    4.3511    7.3738    6.2890    0.4321   -0.0167   -0.3410   -3.8138   -1.1366    0.0000    0.0000    0.0000    0.0000    3.9920   -0.0532   -0.0146    1.0796  -15.2588 
  14.2291 4289.8682    4.2927    7.5447    6.2707   -0.0562   -0.1388   -0.3410   -3.8138   -1.1366    0.0000    0.0000    0.0000    0.0000    3.9920   -0.0520   -0.0090    1.0818  -15.7471 
  14.2716 4289.8257    4.4675    7.2919    6.2496    0.1880    0.1664   -0.5241   -3.8138   -1.1366    0.0000    0.0000    0.0000    0.0000    3.9920   -0.0505   -0.0186    1.0906    0.0000 
  14.3141 4289.7832    4.3610    7.4684    6.2227   -0.1172   -0.0167   -0.8903   -3.8138   -1.1366    0.0000    0.0000    0.0000    0.0000    3.9920   -0.0442   -0.0105    1.0850  -15.8081 
  14.3566 4289.7407    4.3869    7.3616    6.2081   -0.2393   -0.0167   -0.5852   -3.8138   -1.1366    0.0000    0.0000    0.0000    0.0000    3.9920   -0.0469   -0.0125    1.0789  -15.9302 
  14.3991 4289.6982    4.5922    7.4494    6.1916   -0.2393   -0.0777   -0.7683   -3.8138   -1.1366    0.0000    0.0000    0.0000    0.0000    3.9920   -0.0474   -0.0137    1.0884  -15.9302 
  14.4416 4289.6558    4.6413    7.5789    6.1769   -0.1172   -0.0777   -0.7072   -3.8138   -1.1366    0.0000    0.0000    0.0000    0.0000    3.9920   -0.0447   -0.0149    1.0798    0.0000 
  14.4841 4289.6133    4.5033    7.5078    6.1705   -0.7276   -0.2608    0.3304   -3.8138   -1.1366    0.0000    0.0000    0.0000    0.0000    3.9920   -0.0459   -0.0117    1.0869  -16.4185 
  14.5266 4289.5708    4.2518    7.3253    6.1594    0.0049   -0.1388   -0.5852   -3.8138   -1.1366    0.0000    0.0000    0.0000    0.0000    3.9920   -0.0452   -0.0056    1.0681  -15.6860 
  14.5691 4289.5283    4.2425    7.7187    6.1420   -0.7276   -0.0167   -0.0358   -3.8138   -1.1366    0.0000    0.0000    0.0000    0.0000    3.9920   -0.0415   -0.0063    1.0813  -16.4185 
  14.6116 4289.4858    4.5046    7.7813    6.1196   -0.7276   -0.8712   -0.5241   -3.8138   -1.1366    0.0000    0.0000    0.0000    0.0000    3.9920   -0.0408   -0.0129    1.0916    0.0000 
  14.6541 4289.4434    4.2699    7.6873    6.1052   -0.2393   -0.1998   -0.4021   -3.8138   -1.1366    0.0000    0.0000    0.0000    0.0000    3.9920   -0.0439   -0.0068    1.0784  -15.9302 
  14.6966 4289.4009    4.4313    7.4392    6.0850   -0.2393   -0.3829   -0.5241   -3.8138   -1.1366    0.0000    0.0000    0.0000    0.0000    3.9920   -0.0466   -0.0122    1.0879  -15.9302 
  14.7391 4289.3584    4.2652    7.4070    6.0654    0.2490   -0.4440   -0.2800   -3.8138   -1.1366    0.0000    0.0000    0.0000    0.0000    3.9920   -0.0432   -0.0088    1.0791  -15.4419 
  14.7816 4289.3159    4.3859    7.3682    6.0489    1.2866    0.2885   -0.6462   -3.8138   -1.1366    0.0000    0.0000    0.0000    0.0000    3.9920   -0.0481   -0.0103    1.0815    0.0000 
  14.8241 4289.2734    4.0054    7.8274    6.0287   -0.2393   -0.0167   -0.5852   -3.8138   -1.1366    0.0000    0.0000    0.0000    0.0000    3.9920   -0.0396   -0.0034    1.0745  -15.9302 
  14.8666 4289.2310    4.6142    7.5143    6.0111    0.1269   -0.2608   -0.3410   -3.8138   -1.1366    0.0000    0.0000    0.0000    0.0000    3.9920   -0.0466   -0.0151    1.0879  -15.5640 
  14.9091 4289.1880    4.4069    7.3176    5.9935   -0.7886   -0.4440   -0.3410   -3.8138   -1.1366    0.0000    0.0000    0.0000    0.0000    3.9920   -0.0493   -0.0105    1.0879  -16.4795 
  14.9516 4289.1455    4.4477    7.5424    5.9884   -0.2393   -0.2608   -0.2190   -3.8138   -1.1366    0.0000    0.0000    0.0000    0.0000    3.9920   -0.0442   -0.0024    1.0771    0.0000 
  14.9941 4289.1030    4.6944    7.2060    5.9704    0.3100   -0.0777   -0.4631   -3.8138   -1.1366    0.0000    0.0000    0.0000    0.0000    3.9920   -0.0510   -0.0156    1.0859  -15.3809 
  15.0366 4289.0605    4.5205    6.9931    5.9501    0.6152   -0.5050   -0.0969   -3.8138   -1.1366    0.0000    0.0000    0.0000    0.0000    3.9920   -0.0569   -0.0137    1.0781  -15.0757 
  15.0791 4289.0181    4.6805    7.2432    5.9366   -0.7886    0.1054   -0.4631   -3.8138   -1.1366    0.0000    0.0000    0.0000    0.0000    3.9920   -0.0532   -0.0161    1.0759  -16.4795 
  15.1216 4288.9756    4.0886    7.0833    5.9113    0.4321   -0.3219   -0.6462   -3.8138   -1.1366    0.0000    0.0000    0.0000    0.0000    3.9920   -0.0518   -0.0061    1.0774    0.0000 
  15.1641 4288.9331    4.4349    7.6604    5.8960   -0.2393   -0.0777   -0.6462   -3.8138   -1.1366    0.0000    0.0000    0.0000    0.0000    3.9920   -0.0400   -0.0115    1.0796  -15.9302 
  15.2066 4288.8906    4.2298    7.4342    5.8734   -0.4834    0.1054   -0.1579   -3.8138   -1.1366    0.0000    0.0000    0.0000    0.0000    3.9920   -0.0466   -0.0105    1.0842  -16.1743 
  15.2491 4288.8481    4.2787    7.4018    5.8593   -0.1172    0.0443   -0.3410   -3.8138   -1.1366    0.0000    0.0000    0.0000    0.0000    3.9920   -0.0442   -0.0066    1.0867  -15.8081 
  15.2916 4288.8057    4.2362    7.3164    5.8411    0.5542   -0.2608   -0.2800   -3.8138   -1.1366    0.0000    0.0000    0.0000    0.0000    3.9920   -0.0503   -0.0090    1.0854    0.0000 
  15.3341 4288.7632    4.3688    6.9635    5.8123    0.1269    0.0443   -0.5852   -3.8138   -1.1366    0.0000    0.0000    0.0000    0.0000    3.9920   -0.0549   -0.0100    1.0864  -15.5640 
  15.3766 4288.7207    4.4904    7.2443    5.7984    0.4321   -0.1998   -0.3410   -3.8138   -1.1366    0.0000    0.0000    0.0000    0.0000    4.0000   -0.0515   -0.0146    1.0806  -15.2588 
  15.4191 4288.6782    4.3828    7.2616    5.7827   -0.1172   -0.1998   -0.0969   -3.8138   -1.1366    0.0000    0.0000    0.0000    0.0000    3.9920   -0.0481   -0.0085    1.0845  -15.8081 
  15.4616 4288.6357    4.3051    7.5644    5.7775    0.6762    0.1664   -0.3410   -3.8138   -1.1366    0.0000    0.0000    0.0000    0.0000    3.9920   -0.0439   -0.0088    1.0776    0.0000 
  15.5041 4288.5933    4.2782    7.6997    5.7624    0.0049    0.1664   -0.7072   -3.8138   -1.1366    0.0000    0.0000    0.0000    0.0000    3.9920   -0.0417   -0.0085    1.0813  -15.6860 
  15.5466 4288.5508    4.2323    7.3170    5.7461    0.6762    0.1054   -0.0969   -3.8138   -1.1366    0.0000    0.0000    0.0000    0.0000    3.9920   -0.0532   -0.0088    1.0786  -15.0146 
  15.5891 4288.5083    4.3981    7.4333    5.7250   -0.2393    0.0443   -0.3410   -3.8138   -1.1366    0.0000    0.0000    0.0000    0.0000    3.9920   -0.0471   -0.0110    1.0820  -15.9302 
  15.6316 4288.4658    4.3883    7.5048    5.7162   -0.7276    0.3495    0.0252   -3.8138   -1.1366    0.0000    0.0000    0.0000    0.0000    3.9920   -0.0449   -0.0149    1.0857    0.0000 
  15.6741 4288.4233    4.3490    7.2136    5.6985    0.0049   -0.0167   -0.3410   -3.8138   -1.1366    0.0000    0.0000    0.0000    0.0000    3.9920   -0.0508   -0.0100    1.0767  -15.6860 
  15.7166 4288.3809    4.1441    7.8472    5.7006   -0.5445    0.2274   -0.0358   -3.8138   -1.1366    0.0000    0.0000    0.0000    0.0000    3.9920   -0.0408   -0.0063    1.0798  -16.2354 
  15.7591 4288.3384    4.4096    7.3339    5.6865    0.3711    0.0443   -0.2800   -3.8138   -1.1366    0.0000    0.0000    0.0000    0.0000    4.0000   -0.0483   -0.0095    1.0815  -15.3198 
  15.8016 4288.2959    4.3557    7.7625    5.6771    0.6152   -0.0167   -0.2800   -3.8138   -1.1366    0.0000    0.0000    0.0000    0.0000    3.9920   -0.0388   -0.0071    1.0820    0.0000 
  15.8441 4288.2534    4.4842    7.4181    5.6516    0.4321   -0.0167   -0.1579   -3.8138   -1.1366    0.0000    0.0000    0.0000    0.0000    4.0000   -0.0542   -0.0112    1.0867  -15.2588 
  15.8866 4288.2109    4.3885    7.3101    5.6355   -0.4224    0.0443   -0.5241   -3.8138   -1.1366    0.0000    0.0000    0.0000    0.0000    3.9920   -0.0496   -0.0107    1.0864  -16.1133 
  15.9291 4288.1685    4.2316    7.1847    5.6236   -0.4224   -0.0167   -0.6462   -3.8138   -1.1366    0.0000    0.0000    0.0000    0.0000    3.9920   -0.0535   -0.0063    1.0732  -16.1133 
  15.9716 4288.1255    4.2221    7.5307    5.6158   -0.4834   -0.0167   -0.4021   -3.8138   -1.1366    0.0000    0.0000    0.0000    0.0000    3.9920   -0.0491   -0.0059    1.0825    0.0000 
  16.0141 4288.0830    4.5570    7.3837    5.5959    0.4931    0.2885   -0.7683   -3.8138   -1.1366    0.0000    0.0000    0.0000    0.0000    4.0000   -0.0474   -0.0139    1.0842  -15.1978 
  16.0566 4288.0405    4.1395    7.8849    5.5873    0.1269   -0.0167   -0.8903   -3.8138   -1.1366    0.0000    0.0000    0.0000    0.0000    4.0000   -0.0378   -0.0059    1.0791  -15.5640 
  16.0991 4287.9980    4.2878    7.6586    5.5794   -0.1782   -0.1998   -0.0969   -3.8138   -1.1366    0.0000    0.0000    0.0000    0.0000    4.0000   -0.0415   -0.0063    1.0708  -15.8691 
  16.1416 4287.9556    4.2502    7.2703    5.5742   -0.7886    0.1054   -0.2800   -3.8138   -1.1366    0.0000    0.0000    0.0000    0.0000    3.9920   -0.0522   -0.0117    1.0789    0.0000 
  16.1841 4287.9131    4.2049    7.4626    5.5617   -0.3614   -0.1998   -0.3410   -3.8138   -1.1366    0.0000    0.0000    0.0000    0.0000    3.9920   -0.0452   -0.0015    1.0801  -16.0522 
  16.2266 4287.8706    3.9273    7.6749    5.5627   -0.1172   -0.0777   -0.2190   -3.8138   -1.1366    0.0000    0.0000    0.0000    0.0000    4.0000   -0.0491   -0.0142    1.0798  -15.8081 
  16.2691 4287.8281    4.2930    7.3708    5.5486   -0.3003   -0.0167   -0.5241   -3.8138   -1.1366    0.0000    0.0000    0.0000    0.0000    4.0000   -0.0469   -0.0107    1.0837  -15.9912 
  16.3116 4287.7856    4.4629    7.6311    5.5299    0.0049   -0.3829   -0.4021   -3.8138   -1.1366    0.0000    0.0000    0.0000    0.0000    4.0000   -0.0479   -0.0042    1.0767    0.0000 
  16.3541 4287.7432    4.3225    7.5977    5.5069   -0.4834   -0.0777   -0.5852   -3.8138   -1.1366    0.0000    0.0000    0.0000    0.0000    3.9920   -0.0454   -0.0059    1.0764  -16.1743 
  16.3966 4287.7007    4.3075    7.3280    5.4805    0.1880    0.0443   -0.5852   -3.8138   -1.1366    0.0000    0.0000    0.0000    0.0000    4.0000   -0.0488   -0.0139    1.0842  -15.5029 
  16.4391 4287.6582    4.5443    7.3461    5.4627   -0.7276   -0.0777   -0.0358   -3.8138   -1.1366    0.0000    0.0000    0.0000    0.0000    3.9920   -0.0488   -0.0137    1.0889  -16.4185 
  16.4816 4287.6157    4.0712    7.4918    5.4464    0.0659   -0.0777   -0.0969   -3.8138   -1.1366    0.0000    0.0000    0.0000    0.0000    4.0000   -0.0454   -0.0068    1.0774    0.0000 
  16.5241 4287.5732    4.1871    7.2658    5.4317   -0.2393   -0.1998   -0.5241   -3.8138   -1.1366    0.0000    0.0000    0.0000    0.0000    4.0000   -0.0500   -0.0071    1.0859  -15.9302 
  16.5666 4287.5308    4.1433    7.6308    5.4143   -0.2393   -0.3219   -0.8293   -3.8138   -1.1366    0.0000    0.0000    0.0000    0.0000    4.0000   -0.0452   -0.0110    1.0806  -15.9302 
  16.6091 4287.4883    4.3554    7.7128    5.4075   -0.8496   -0.1998    0.3304   -3.8138   -1.1366    0.0000    0.0000    0.0000    0.0000    3.9920   -0.0444   -0.0161    1.0872  -16.5405 
  16.6516 4287.4458    4.3498    7.4856    5.3887    0.1269   -0.5050   -0.1579   -3.8138   -1.1366    0.0000    0.0000    0.0000    0.0000    4.0000   -0.0464   -0.0081    1.0835    0.0000 
  16.6941 4287.4033    4.4993    7.4395    5.3637   -0.0562   -0.0167   -0.9514   -3.8138   -1.1366    0.0000    0.0000    0.0000    0.0000    4.0000   -0.0537   -0.0222    1.0854  -15.7471 
  16.7366 4287.3608    4.0211    7.4369    5.3472    0.2490   -0.0167   -0.4021   -3.8138   -1.1366    0.0000    0.0000    0.0000    0.0000    4.0000   -0.0469   -0.0034    1.0820  -15.4419 
  16.7791 4287.3184    4.2145    7.7439    5.3266    0.0659   -0.0777   -0.2190   -3.8138   -1.1366    0.0000    0.0000    0.0000    0.0000    4.0000   -0.0413   -0.0073    1.0806  -15.6250 
  16.8216 4287.2759    4.3390    7.4676    5.3197    0.2490   -0.0777   -0.1579   -3.8138   -1.1366    0.0000    0.0000    0.0000    0.0000    3.9920   -0.0493   -0.0117    1.0745    0.0000 
  16.8641 4287.2334    4.1964    7.1534    5.2996   -0.6665   -0.1998   -0.3410   -3.8138   -1.1366    0.0000    0.0000    0.0000    0.0000    4.0000   -0.0527   -0.0083    1.0908  -16.3574 
  16.9066 4287.1909    4.3351    7.4810    5.2785    0.3711   -0.1388   -0.5852   -3.8138   -1.1366    0.0000    0.0000    0.0000    0.0000    3.9920   -0.0437   -0.0129    1.0901  -15.3198 
  16.9491 4287.1484    4.4515    7.4679    5.2636    0.3100   -0.0167    0.2083   -3.8138   -1.1366    0.0000    0.0000    0.0000    0.0000    4.0000   -0.0508   -0.0132    1.0803  -15.3809 
  16.9916 4287.1060    4.1223    7.2068    5.2474    0.5542   -0.1388   -0.6462   -3.8138   -1.1366    0.0000    0.0000    0.0000    0.0000    3.9920   -0.0503   -0.0059    1.0847    0.0000 
  17.0341 4287.0630    3.9317    7.4975    5.2284   -0.7886   -0.0777    0.0252   -3.8138   -1.1366    0.0000    0.0000    0.0000    0.0000    4.0000   -0.0493   -0.0032    1.0779  -16.4795 
  17.0766 4287.0205    4.2430    7.6943    5.2195   -0.1782   -0.1388    0.1473   -3.8138   -1.1366    0.0000    0.0000    0.0000    0.0000    3.9920   -0.0413   -0.0078    1.0850  -15.8691 
  17.1191 4286.9780    4.2170    7.4110    5.2003   -0.0562   -0.1388   -0.3410   -3.8138   -1.1366    0.0000    0.0000    0.0000    0.0000    4.0000   -0.0474   -0.0085    1.0828  -15.7471 
  17.1616 4286.9355    4.2663    7.5056    5.1866    0.6762   -0.1388    0.0862   -3.8138   -1.1366    0.0000    0.0000    0.0000    0.0000    3.9920   -0.0542   -0.0112    1.0737    0.0000 
  17.2041 4286.8931    4.1796    7.4363    5.1698    0.0659   -0.4440   -0.5241   -3.8138   -1.1366    0.0000    0.0000    0.0000    0.0000    4.0000   -0.0476   -0.0073    1.0862  -15.6250 
  17.2466 4286.8506    4.4264    7.6685    5.1573    0.6762    0.1664   -0.0969   -3.8138   -1.1366    0.0000    0.0000    0.0000    0.0000    3.9920   -0.0461   -0.0117    1.0833  -15.0146 
  17.2891 4286.8081    4.3039    7.4790    5.1404    0.7983   -0.1998   -0.7683   -3.8138   -1.1366    0.0000    0.0000    0.0000    0.0000    4.0000   -0.0452   -0.0010    1.0762  -14.8926 
  17.3316 4286.7656    4.4888    7.4655    5.1212    0.2490   -0.1388   -0.5852   -3.8138   -1.1366    0.0000    0.0000    0.0000    0.0000    4.0000   -0.0535   -0.0132    1.0862    0.0000 
  17.3741 4286.7231    4.0412    7.4488    5.1000    0.3711   -0.2608   -0.5241   -3.8138   -1.1366    0.0000    0.0000    0.0000    0.0000    4.0000   -0.0469   -0.0029    1.0818  -15.3198 
  17.4166 4286.6807    4.3200    7.6176    5.0873   -0.7886   -0.3829   -0.7072   -3.8138   -1.1366    0.0000    0.0000    0.0000    0.0000    4.0000   -0.0405   -0.0063    1.0840  -16.4795 
  17.4591 4286.6382    4.5447    7.2465    5.0600   -0.2393    0.2274   -0.3410   -3.8138   -1.1366    0.0000    0.0000    0.0000    0.0000    4.0000   -0.0549   -0.0156    1.0869  -15.9302 
  17.5016 4286.5957    4.2279    7.7758    5.0634   -0.4834   -0.1388    0.0862   -3.8138   -1.1366    0.0000    0.0000    0.0000    0.0000    4.0000   -0.0427   -0.0068    1.0745    0.0000 
  17.5441 4286.5532    4.3889    7.1296    5.0439   -0.1172   -0.3829   -0.4021   -3.8138   -1.1366    0.0000    0.0000    0.0000    0.0000    4.0000   -0.0547   -0.0110    1.0798  -15.8081 
  17.5866 4286.5107    4.5027    7.3694    5.0334   -1.0938    0.0443   -0.0358   -3.8138   -1.1366    0.0000    0.0000    0.0000    0.0000    4.0000   -0.0479   -0.0105    1.0891  -16.7847 
  17.6291 4286.4683    4.0663    7.4286    5.0273    0.0049    0.0443   -0.4021   -3.8138   -1.1366    0.0000    0.0000    0.0000    0.0000    4.0000   -0.0471   -0.0105    1.0896  -15.6860 
  17.6716 4286.4258    4.3173    7.5304    5.0165    0.0659   -0.0167   -0.7683   -3.8138   -1.1366    0.0000    0.0000    0.0000    0.0000    4.0000   -0.0466   -0.0066    1.0791    0.0000 
  17.7141 4286.3833    4.3051    7.4129    5.0017    0.1880    0.2274   -0.3410   -3.8138   -1.1366    0.0000    0.0000    0.0000    0.0000    4.0000   -0.0530   -0.0117    1.0774  -15.5029 
  17.7566 4286.3408    4.6253    7.2103    4.9860   -0.2393   -0.0777   -0.4631   -3.8138   -1.1366    0.0000    0.0000    0.0000    0.0000    4.0000   -0.0493   -0.0144    1.0835  -15.9302 
  17.7991 4286.2983    4.0100    7.1800    4.9786   -0.3614   -0.1998   -0.2800   -3.8138   -1.1366    0.0000    0.0000    0.0000    0.0000    4.0000   -0.0547   -0.0049    1.0845  -16.0522 
  17.8416 4286.2559    4.5641    7.4014    4.9594    0.0049   -0.2608   -0.8293   -3.8138   -1.1366    0.0000    0.0000    0.0000    0.0000    4.0000   -0.0513   -0.0186    1.0847    0.0000 
  17.8841 4286.2134    4.3337    7.5841    4.9532   -0.9107   -0.3219    0.0252   -3.8138   -1.1366    0.0000    0.0000    0.0000    0.0000    4.0000   -0.0457   -0.0076    1.0818  -16.6016 
  17.9266 4286.1709    4.4934    7.4687    4.9320   -0.4834   -0.0167   -0.1579   -3.8138   -1.1366    0.0000    0.0000    0.0000    0.0000    4.0000   -0.0469   -0.0144    1.0930  -16.1743 
  17.9691 4286.1284    4.4161    7.3269    4.9151   -0.4224   -0.1998   -0.8293   -3.8138   -1.1366    0.0000    0.0000    0.0000    0.0000    4.0000   -0.0496   -0.0103    1.0833  -16.1133 
  18.0116 4286.0859    4.4345    7.3781    4.9033   -0.6055    0.0443    0.1473   -3.8138   -1.1366    0.0000    0.0000    0.0000    0.0000    4.0000   -0.0544   -0.0085    1.0862    0.0000 
  18.0541 4286.0435    4.3099    7.0821    4.8913    0.0049   -0.3829   -0.7072   -3.8138   -1.1366    0.0000    0.0000    0.0000    0.0000    4.0000   -0.0525   -0.0085    1.0825  -15.6860 
  18.0966 4286.0005    4.4292    7.3473    4.8697    0.2490   -0.2608   -0.9514   -3.8138   -1.1366    0.0000    0.0000    0.0000    0.0000    4.0000   -0.0500   -0.0129    1.0847  -15.4419 
  18.1391 4285.9580    4.3623    7.4705    4.8514   -0.7276    0.1664   -0.3410   -3.8138   -1.1366    0.0000    0.0000    0.0000    0.0000    4.0000   -0.0388   -0.0083    1.0750  -16.4185 
  18.1816 4285.9155    4.1778    7.4054    4.8415   -0.3614   -0.0167   -0.0358   -3.8138   -1.1366    0.0000    0.0000    0.0000    0.0000    3.9920   -0.0469   -0.0066    1.0791    0.0000 
  18.2241 4285.8730    4.3122    7.4664    4.8272    0.4321    0.1054   -0.4021   -3.8138   -1.1366    0.0000    0.0000    0.0000    0.0000    4.0000   -0.0459   -0.0081    1.0774  -15.2588 
  18.2666 4285.8306    4.5684    7.7771    4.8183   -0.7276    0.1054   -0.6462   -3.8138   -1.1366    0.0000    0.0000    0.0000    0.0000    4.0000   -0.0415   -0.0156    1.0818  -16.4185 
  18.3091 4285.7881    4.2637    7.5142    4.7951    0.0659   -0.0167   -0.2190   -3.8138   -1.1366    0.0000    0.0000    0.0000    0.0000    4.0000   -0.0469   -0.0068    1.0789  -15.6250 
  18.3516 4285.7456    4.2361    7.5591    4.7820   -0.4224   -0.1388   -0.0969   -3.8138   -1.1366    0.0000    0.0000    0.0000    0.0000    4.0000   -0.0476   -0.0029    1.0801    0.0000 
  18.3941 4285.7031    4.4436    7.3899    4.7614   -0.6055   -0.1998   -0.1579   -3.8138   -1.1366    0.0000    0.0000    0.0000    0.0000    4.0000   -0.0569   -0.0164    1.0837  -16.2964 
  18.4366 4285.6606    4.3465    7.6194    4.7520   -0.2393    0.9599   -0.2190   -3.8138   -1.1366    0.0000    0.0000    0.0000    0.0000    4.0000   -0.0542   -0.0176    1.0933  -15.9302 
  18.4791 4285.6182    3.9500    7.4710    4.7237    0.6762   -0.5660   -1.0124   -3.8138   -1.1366    0.0000    0.0000    0.0000    0.0000    4.0000   -0.0459   -0.0020    1.0752  -15.0146 
  18.5216 4285.5757    4.3795    8.5117    4.4858    6.1694   -6.6085  -15.2336   -3.8138   -1.1366    0.0000    0.0000    0.0000    0.0000    4.0000   -0.0466   -0.1567    1.0662    0.0000 
  18.5641 4285.5332    3.6589    8.3364    5.0261   -0.8496  -29.9239   46.9612   -3.8138   -1.1366    0.0000    0.0000    0.0000    0.0000    4.0000    0.1604    0.1182    1.3547  -16.5405 
  18.6066 4285.4907    4.0718    3.7196   12.0887  144.3530 -163.9571  265.4060   -3.8138   -1.1366    0.0000    0.0000    0.0000    0.0000    4.0000   -0.5227   -0.0732    0.6250  128.6621 
  18.6491 4285.4482   18.9392    3.3960   20.2546  397.0385  123.7626  271.4485   -3.8138   -1.1366    0.0000    0.0000    0.0000    0.0000    4.0000   -0.1719   -0.2141    0.1592  381.3477 
  18.6916 4285.4058   31.2329   11.8460   30.0315  -21.4795  -61.9064   55.8724   -3.8138   -1.1366    0.0000    0.0000    0.0000    0.0000    4.0000    0.1067   -0.1028    0.2019    0.0000 
  18.7341 4285.3633   25.0216   12.9417   32.7342 -348.5059  -16.8624   17.3592   -3.8138   -1.1366    0.0000    0.0000    0.0000    0.0000    4.0000    0.0056   -0.3738    0.5759 -364.1968 
  18.7766 4285.3208    1.0744   11.0558   31.7681 -627.3755  -86.1983   -2.1721   -3.8138   -1.1366    0.0000    0.0000    0.0000    0.0000    4.0000   -0.5898    0.5037    1.8638 -643.0664 
  18.8191 4285.2783   -8.7512   11.9802   32.8959   36.3818  -25.1022   58.3748   -3.8138   -1.1366    0.0000    0.0000    0.0000    0.0000    4.0000    0.0601    0.5815    0.4780   20.6909 
  18.8616 4285.2358    2.3991   10.1140   35.0229  399.9072 -138.6276   39.5149   -3.8138   -1.1366    0.0000    0.0000    0.0000    0.0000    4.0000   -0.0742   -0.1555    0.6387    0.0000 
  18.9041 4285.1934    7.3201   11.5008   35.8527  -62.9834   51.9852   12.0491   -3.8138   -1.1366    0.0000    0.0000    0.0000    0.0000    3.9920    0.0872   -0.1309    0.3591  -78.6743 
  18.9466 4285.1509    1.7672    9.6259   35.8554 -114.8633  -99.6871   -0.7683   -3.8138   -1.1366    0.0000    0.0000    0.0000    0.0000    4.0000   -0.1770    0.2068    1.3445 -130.5542 
  18.9891 4285.1084    3.6375    8.3467   35.7592  -12.5684  -17.1676    0.2693   -3.8138   -1.1366    0.0000    0.0000    0.0000    0.0000    3.9920   -0.1262    0.0579    1.1423  -28.2593 
  19.0316 4285.0659    3.6007    7.8454   35.7560   -2.4976    2.6078   -0.3410   -3.8138   -1.1366    0.0000    0.0000    0.0000    0.0000    4.0000   -0.0369    0.0029    1.0891    0.0000 
  19.0741 4285.0234    4.0933    7.9891   35.7414    1.8969   -1.8478   -0.0358   -3.8138   -1.1366    0.0000    0.0000    0.0000    0.0000    4.0000   -0.0479   -0.0088    1.0786  -13.7939 
  19.1166 4284.9810    4.4112    6.6511   35.6450    6.1084   -8.1344   -1.3176   -3.8138   -1.1366    0.0000    0.0000    0.0000    0.0000    4.0000   -0.0803    0.0112    1.0806   -9.5825 
  19.1591 4284.9380    4.3675    7.2805   35.4050   -1.3990  -10.7589  -15.9660   -3.8138   -1.1366    0.0000    0.0000    0.0000    0.0000    4.0000   -0.0393   -0.0242    1.0808  -17.0898 
  19.2016 4284.8955    4.5204    6.4582   34.5305    2.9345   -5.3268  -18.2854   -3.8138   -1.1366    0.0000    0.0000    0.0000    0.0000    4.0000   -0.0891   -0.0186    1.0754    0.0000 
  19.2441 4284.8530    3.9669    6.1121   34.1048    7.6343    2.8519   -1.1955   -3.8138   -1.1366    0.0000    0.0000    0.0000    0.0000    4.0000   -0.0151    0.0054    1.1128   -8.0566 
  19.2866 4284.8105    5.0068    5.6574   34.0503   -3.4131   -8.7447   -0.0358   -3.8138   -1.1366    0.0000    0.0000    0.0000    0.0000    4.0000   -0.1021   -0.0171    1.1028  -19.1040 
  19.3291 4284.7681    3.2500    5.9536   34.1331    1.4697   -0.2608    0.5745   -3.8138   -1.1366    0.0000    0.0000    0.0000    0.0000    4.0000   -0.0933   -0.0032    1.0969  -14.2212 
  19.3716 4284.7256    4.5678    6.6899   34.1539   21.1230   41.4872    3.6873   -3.8138   -1.1366    0.0000    0.0000    0.0000    0.0000    4.0000    0.0488   -0.0134    1.0520    0.0000 
  19.4141 4284.6831    4.3251    6.3634   35.1352   39.6777   54.4877   78.7605   -3.8138   -1.1366    0.0000    0.0000    0.0000    0.0000    4.0000   -0.1577    0.0378    1.1465   23.9868 
  19.4566 4284.6406    6.6674   10.2560   42.6467  -11.7749   92.5126  204.3099   -3.8138   -1.1366    0.0000    0.0000    0.0000    0.0000    4.0000    0.3086    0.0942    1.6467  -27.4658 
  19.4991 4284.5981    2.5570   16.3378   43.9755  -60.5420  117.4760   13.8802   -3.8138   -1.1366    0.0000    0.0000    0.0000    0.0000    4.0000   -0.0254    0.4407    1.3696  -76.2329 
  19.5416 4284.5557   -6.1749   15.3894   47.3494 -178.4619  -61.1739  102.2591   -3.8138   -1.1366    0.0000    0.0000    0.0000    0.0000    3.9920    0.3794    0.3604    1.4985    0.0000 
  19.5841 4284.5132  -13.2611   12.8666   55.0754  -98.3838  -45.9151  248.1941   -3.8138   -1.1366    0.0000    0.0000    0.0000    0.0000    4.0000    0.1316    0.7253    1.5623 -114.0747 
  19.6266 4284.4707  -22.5341    8.9970   62.9443 -217.8907  -66.1178  157.7400   -3.8138   -1.1366    0.0000    0.0000    0.0000    0.0000    4.0000    0.4514    0.7891    1.4338 -233.5815 
  19.6691 4284.4282  -32.9575    2.7945   73.5281 -305.1709  -42.6803  259.4246   -3.8138   -1.1366    0.0000    0.0000    0.0000    0.0000    4.0000    0.5271    1.0835    1.4824 -320.8618 
  19.7116 4284.3857  -41.5471   -6.5816   88.2865 -261.8970  -14.7262  249.0486   -3.8138   -1.1366    0.0000    0.0000    0.0000    0.0000    4.0000    0.1677    0.9448    1.4368    0.0000 
  19.7541 4284.3433  -46.2890  -21.2359  108.6169 -280.2076  -40.3609  260.8894   -3.8138   -1.1366    0.0000    0.0000    0.0000    0.0000    4.0000   -0.0774    0.9553    1.1692 -295.8984 
  19.7966 4284.3008  -47.2891  -42.1589  133.2042 -279.4752  -45.1827  263.2698   -3.8138   -1.1366    0.0000    0.0000    0.0000    0.0000    4.0000   -0.3208    0.8491    0.9868 -295.1660 
  19.8391 4284.2583  -45.1782  -56.2125  152.6849 -248.1031   -7.4630  167.6888   -3.8138   -1.1366    0.0000    0.0000    0.0000    0.0000    4.0000   -0.2925    0.4062    0.8293 -263.7939 
  19.8816 4284.2158  -40.9346  -67.1729  169.1385 -218.3789   17.8666  175.8065   -3.8138   -1.1366    0.0000    0.0000    0.0000    0.0000    4.0000   -0.5723    0.3704    0.7817 -234.0698 
  19.9241 4284.1733  -33.8437  -73.7757  180.9264 -188.5938    4.8051  189.4173   -3.8138   -1.1366    0.0000    0.0000    0.0000    0.0000    4.0000   -0.4792    0.1145    0.6550 -204.2847 
  19.9666 4284.1309  -29.0557  -78.0766  189.5304 -154.7193  -32.9757   78.5164   -3.8138   -1.1366    0.0000    0.0000    0.0000    0.0000    4.0000   -0.3083    0.1091    0.5156 -170.4102 
  20.0091 4284.0884  -21.5411  -78.8150  195.0235 -114.1919   50.6425  235.6209   -3.8138   -1.1366    0.0000    0.0000    0.0000    0.0000    4.0000   -0.5010   -0.0322    0.5134 -129.8828 
  20.0516 4284.0459  -13.6735  -78.6269  199.7231  -92.9517   -0.0167   90.0520   -3.8138   -1.1366    0.0000    0.0000    0.0000    0.0000    4.0000   -0.5374    0.0627    0.3958    0.0000 
  20.0941 4284.0034   -9.3417  -77.0235  202.5355  -33.5645   44.7831  131.8611   -3.8138   -1.1366    0.0000    0.0000    0.0000    0.0000    4.0000   -0.7524    0.1169    0.3496  -49.2554 
  20.1366 4283.9609   -3.6512  -74.1544  204.7688  -55.2930   36.1161  112.2078   -3.8138   -1.1366    0.0000    0.0000    0.0000    0.0000    4.0000   -0.7266    0.0295    0.3884  -70.9839 
  20.1791 4283.9185    0.7200  -70.8542  206.4032  -27.5220   73.3475  126.1849   -3.8138   -1.1366    0.0000    0.0000    0.0000    0.0000    4.0000   -0.9211    0.2644    0.3271  -43.2129 
  20.2216 4283.8755    6.0662  -69.7537  210.6417 -117.4268  -38.2247  214.8079   -3.8138   -1.1366    0.0000    0.0000    0.0000    0.0000    4.0000   -0.9707    0.1538    0.2737    0.0000 
  20.2641 4283.8330   10.5959  -71.3315  219.1620 -187.4951  -60.7467  156.0311   -3.8138   -1.1366    0.0000    0.0000    0.0000    0.0000    4.0000   -0.7959   -0.0317    0.1213 -203.1860 
  20.3066 4283.7905   14.8867  -68.7220  228.1460 -160.7617   55.6474  206.0799   -3.8138   -1.1366    0.0000    0.0000    0.0000    0.0000    4.0000   -0.8191    0.0083    0.1890 -176.4526 
  20.3491 4283.7480   22.1384  -62.9553  236.9898 -140.9253   86.6532  252.1004   -3.8138   -1.1366    0.0000    0.0000    0.0000    0.0000    4.0000   -0.9565   -0.3677    0.3193 -156.6162 
  20.3916 4283.7056   30.0183  -57.6548  242.6787   62.0166  -11.6134   85.6575   -3.8138   -1.1366    0.0000    0.0000    0.0000    0.0000    4.0000   -0.6365   -0.6453    0.5693    0.0000 
  20.4341 4283.6631   29.9379  -62.5671  241.8465 -251.0938 -144.9752    6.3728   -3.8138   -1.1366    0.0000    0.0000    0.0000    0.0000    4.0000   -0.8740   -0.3022   -0.1201 -266.7847 
  20.4766 4283.6206   27.4632  -61.5297  261.7901 -466.6700 -153.2760  178.4920   -3.8138   -1.1366    0.0000    0.0000    0.0000    0.0000    4.0000   -0.8088   -0.3862    0.2327 -482.3608 
  20.5191 4283.5781   30.8241  -59.3155  282.5131 -330.8057 -132.4020  196.6805   -3.8138   -1.1366    0.0000    0.0000    0.0000    0.0000    4.0000   -0.7161   -0.5779    0.1970 -346.4966 
  20.5616 4283.5356   33.1100  -59.1221  298.0262 -315.6079 -175.1266   75.4036   -3.8138   -1.1366    0.0000    0.0000    0.0000    0.0000    4.0000   -0.6360   -0.5200    0.1680    0.0000 
  20.6041 4283.4932   33.2095  -60.4566  310.6014 -220.5152 -117.3873  114.7713   -3.8138   -1.1366    0.0000    0.0000    0.0000    0.0000    4.0000   -1.0288   -0.3916   -0.0972 -236.2061 
  20.6466 4283.4507   34.5186  -59.3659  322.2670 -230.5249  -44.5113  102.8694   -3.8138   -1.1366    0.0000    0.0000    0.0000    0.0000    4.0000   -0.9021   -0.6030    0.1826 -246.2158 
  20.6891 4283.4082   36.7724  -55.3594  329.8748  -57.5513   21.4066   29.1390   -3.8138   -1.1366    0.0000    0.0000    0.0000    0.0000    4.0000   -0.7200   -0.6135    0.2346  -73.2422 
  20.7316 4283.3657   37.5519  -53.9067  333.1437 -117.3047   58.7601   94.7518   -3.8138   -1.1366    0.0000    0.0000    0.0000    0.0000    4.0000   -0.8950   -0.5613    0.1621    0.0000 
  20.7741 4283.3232   39.7950  -47.8813  340.6514 -119.5630   40.5106   66.8587   -3.8138   -1.1366    0.0000    0.0000    0.0000    0.0000    4.0000   -0.6753   -0.6650    0.3711 -135.2539 
  20.8166 4283.2808   40.0151  -45.5961  344.7830  -81.0498   35.7499   50.9895   -3.8138   -1.1366    0.0000    0.0000    0.0000    0.0000    4.0000   -0.7151   -0.5984    0.3528  -96.7407 
  20.8591 4283.2383   40.9512  -41.0104  350.2375  -85.3223   88.4232  145.5330   -3.8138   -1.1366    0.0000    0.0000    0.0000    0.0000    4.0000   -0.7168   -0.6077    0.4841 -101.0132 
  20.9016 4283.1958   42.5176  -33.2686  357.5838  -68.7818   88.3012   93.6531   -3.8138   -1.1366    0.0000    0.0000    0.0000    0.0000    4.0000   -0.6650   -0.5811    0.4365    0.0000 
  20.9441 4283.1533   43.0701  -27.1481    3.3475  -83.9795   87.9350  154.5052   -3.8138   -1.1366    0.0000    0.0000    0.0000    0.0000    4.0000   -0.5408   -0.6433    0.5847  -99.6704 
  20.9866 4283.1108   44.4418  -20.2996   11.8465  -61.8238   35.6278  127.5276   -3.8138   -1.1366    0.0000    0.0000    0.0000    0.0000    3.9920   -0.3782   -0.6455    0.6240  -77.5146 
  21.0291 4283.0684   44.5110  -17.2173   16.6838  -59.6265   24.2753  147.5472   -3.8138   -1.1366    0.0000    0.0000    0.0000    0.0000    4.0000   -0.5051   -0.5813    0.6753  -75.3174 
  21.0716 4283.0259   43.1920  -10.8830   26.6463  -72.3218   21.4066  155.9090   -3.8138   -1.1366    0.0000    0.0000    0.0000    0.0000    4.0000   -0.2571   -0.6047    0.7666    0.0000 
  21.1141 4282.9834   41.7697   -3.5886   34.5826   -7.0752   32.6371   97.7425   -3.8138   -1.1366    0.0000    0.0000    0.0000    0.0000    4.0000   -0.1169   -0.5474    0.6938  -22.7661 
  21.1566 4282.9409   40.8593   -1.2205   38.3145  -47.6026   20.0639   69.5442   -3.8138   -1.1366    0.0000    0.0000    0.0000    0.0000    4.0000   -0.2751   -0.6418    0.8115  -63.2935 
  21.1991 4282.8984   41.3679    1.3641   41.8023   16.4233  -16.3131   58.4969   -3.8138   -1.1366    0.0000    0.0000    0.0000    0.0000    4.0000   -0.1362   -0.5903    0.7051    0.7324 
  21.2416 4282.8560   42.0405    1.1646   44.3411    2.7514  -32.0602   52.8206   -3.8138   -1.1366    0.0000    0.0000    0.0000    0.0000    4.0000   -0.1208   -0.6467    0.7910  -12.9395 
  21.2841 4282.8130   43.5012    2.9833   48.1673   20.9399  -18.7545   68.2625   -3.8138   -1.1366    0.0000    0.0000    0.0000    0.0000    4.0000   -0.1128   -0.6406    0.8042    5.2490 
  21.3266 4282.7705   44.8905    4.5337   51.6381   54.9975  -24.2477   65.8821   -3.8138   -1.1366    0.0000    0.0000    0.0000    0.0000    4.0000   -0.0425   -0.7083    0.7974   39.3066 
  21.3691 4282.7280   45.4180    4.7804   54.0382  -62.3120  -15.1534   53.3089   -3.8138   -1.1366    0.0000    0.0000    0.0000    0.0000    4.0000   -0.1772   -0.7585    0.8862  -78.0029 
  21.4116 4282.6855   41.9585    5.4024   56.9873    6.7187   -9.1720   70.0935   -3.8138   -1.1366    0.0000    0.0000    0.0000    0.0000    4.0000   -0.1167   -0.6123    0.9495    0.0000 
  21.4541 4282.6431   43.0599    7.7722   60.5555    7.7563   -9.7823   44.0926   -3.8138   -1.1366    0.0000    0.0000    0.0000    0.0000    4.0000   -0.0291   -0.7239    0.8840   -7.9346 
  21.4966 4282.6006   41.9448    8.3366   63.0801  -18.9771  -19.9752   75.0984   -3.8138   -1.1366    0.0000    0.0000    0.0000    0.0000    4.0000   -0.0859   -0.7322    0.8188  -34.6680 
  21.5391 4282.5581   43.4829   11.2695   67.8362    0.3711    3.2182   74.8543   -3.8138   -1.1366    0.0000    0.0000    0.0000    0.0000    4.0000    0.0574   -0.7944    0.7593  -15.3198 
  21.5816 4282.5156   44.2991   15.9072   73.1724  -42.4756   26.7777   78.1502   -3.8138   -1.1366    0.0000    0.0000    0.0000    0.0000    4.0000    0.1333   -0.7996    0.6917    0.0000 
  21.6241 4282.4731   45.5676   19.6709   76.8590   21.6723    4.3168   34.3880   -3.8138   -1.1366    0.0000    0.0000    0.0000    0.0000    4.0000    0.1357   -0.7952    0.7471    5.9814 
  21.6666 4282.4307   46.3463   23.2481   80.8379  -32.1607   10.1151   58.0696   -3.8138   -1.1366    0.0000    0.0000    0.0000    0.0000    4.0000    0.1377   -0.5996    0.5908  -47.8516 
  21.7091 4282.3882   46.2956   25.7885   83.7001  -41.9263  -44.8776   42.9329   -3.8138   -1.1366    0.0000    0.0000    0.0000    0.0000    4.0000    0.1792   -0.7629    0.5151  -57.6172 
  21.7516 4282.3457   45.5831   22.9735   83.7630  114.1406  -40.9103   -4.0642   -3.8138   -1.1366    0.0000    0.0000    0.0000    0.0000    4.0000    0.1311   -0.7146    0.7090    0.0000 
  21.7941 4282.3032   48.2187   24.7915   87.5189  -14.7657  -13.5665   84.0706   -3.8138   -1.1366    0.0000    0.0000    0.0000    0.0000    4.0000    0.2522   -0.8303    0.8098  -30.4565 
  21.8366 4282.2607   46.1442   29.1878   93.3277    8.4277  -12.1017   89.1365   -3.8138   -1.1366    0.0000    0.0000    0.0000    0.0000    4.0000    0.2854   -0.5999    0.7686   -7.2632 
  21.8791 4282.2183   46.8365   31.3157   97.9327  161.9311  -27.2384   -3.5149   -3.8138   -1.1366    0.0000    0.0000    0.0000    0.0000    4.0000    0.3171   -0.5500    0.6355  146.2402 
  21.9216 4282.1758   49.9415   31.2105  100.5849   76.9702  -48.1124   17.6643   -3.8138   -1.1366    0.0000    0.0000    0.0000    0.0000    4.0000    0.1633   -0.6638    0.6687    0.0000 
  21.9641 4282.1333   50.9192   27.6679  100.8069   29.5459  -44.6944   37.0735   -3.8138   -1.1366    0.0000    0.0000    0.0000    0.0000    4.0000    0.1829   -0.7183    0.6665   13.8550 
  22.0066 4282.0908   51.1283   26.3451  101.7670   29.1186  -39.7506   17.0540   -3.8138   -1.1366    0.0000    0.0000    0.0000    0.0000    4.0000    0.1130   -0.7773    0.7058   13.4277 
  22.0491 4282.0483   49.7292   25.6834  103.2893   -6.8311  -33.7081   28.8338   -3.8138   -1.1366    0.0000    0.0000    0.0000    0.0000    4.0000    0.2339   -0.7605    0.7852  -22.5220 
  22.0916 4282.0059   47.1455   25.4881  104.8039   -5.6714  -20.9518   18.9461   -3.8138   -1.1366    0.0000    0.0000    0.0000    0.0000    4.0000    0.2712   -0.7314    0.8018    0.0000 
  22.1341 4281.9634   46.1345   27.3303  106.7451   11.6626  -10.9420    1.3680   -3.8138   -1.1366    0.0000    0.0000    0.0000    0.0000    4.0000    0.2610   -0.7520    0.7727   -4.0283 
  22.1766 4281.9209   46.0550   27.0427  106.9091  -19.6485  -13.8107   -1.7448   -3.8138   -1.1366    0.0000    0.0000    0.0000    0.0000    4.0000    0.2107   -0.6907    0.7070  -35.3394 
  22.2191 4281.8784   46.5781   28.0111  107.2483    4.3994   11.5189  -10.4729   -3.8138   -1.1366    0.0000    0.0000    0.0000    0.0000    4.0000    0.2363   -0.7861    0.7322  -11.2915 
  22.2616 4281.8359   49.9563   27.4286  106.4220   33.5132   14.5097   -7.9704   -3.8138   -1.1366    0.0000    0.0000    0.0000    0.0000    4.0080    0.1458   -0.9692    0.7485    0.0000 
  22.3041 4281.7935   51.5230   28.6005  107.0740  -17.7564   28.8529   31.3973   -3.8138   -1.1366    0.0000    0.0000    0.0000    0.0000    4.0000    0.2698   -0.8250    0.6511  -33.4473 
