   0.0866 4290.9023   -0.4582   -2.2675  185.7411  -14.5230   20.2728   69.4318    0.0000    0.0000    0.0000    0.0000    0.0000    0.0000    3.6000   -0.6780   -0.4333    0.7981  -39.9780 
   0.1291 4290.8599    0.3714   -3.6003  188.1690  -28.8663    8.3099   33.9093    0.0000    0.0000    0.0000    0.0000    0.0000    0.0000    3.6000   -0.4976   -0.5288    0.7935  -54.3213 
   0.1716 4290.8174    0.4399   -4.7139  189.5640  -27.7676   10.2020   47.9474    0.0000    0.0000    0.0000    0.0000    0.0000    0.0000    3.6000   -0.5562   -0.4846    0.8101  -53.2227 
   0.2141 4290.7749    1.9316   -5.8779  191.8232  -18.9175   17.5262   50.1447    0.0000    0.0000    0.0000    0.0000    0.0000    0.0000    3.6000   -0.4253   -0.4939    0.7729  -44.3726 
   0.2566 4290.7324    2.9795   -6.4632  193.8233  -28.9883   29.8553   35.3131    0.0000    0.0000    0.0000    0.0000    0.0000    0.0000    3.6000   -0.5686   -0.4185    0.7852  -54.4434 
   0.2991 4290.6899    3.4246   -7.3758  194.9788  -32.8336    7.6385   19.1998    0.0000    0.0000    0.0000    0.0000    0.0000    0.0000    3.6000   -0.3579   -0.5425    0.7720  -58.2886 
   0.3416 4290.6475    4.1465   -7.0722  196.3918  -36.8619   55.0018   31.3458    0.0000    0.0000    0.0000    0.0000    0.0000    0.0000    3.6000   -0.5562   -0.4773    0.8225  -62.3169 
   0.3841 4290.6050    4.0879   -7.7795  196.8070  -40.3409  -14.5783   -5.3363    0.0000    0.0000    0.0000    0.0000    0.0000    0.0000    3.6000   -0.2861   -0.5198    0.7278  -65.7959 
   0.4266 4290.5625    5.0041   -7.5262  197.3232  -28.8052   63.7908   21.5192    0.0000    0.0000    0.0000    0.0000    0.0000    0.0000    3.6000   -0.4072   -0.5405    0.8120  -54.2603 
   0.4691 4290.5200    4.3806   -6.4700  197.4040  -61.5201   25.8270  -20.5340    0.0000    0.0000    0.0000    0.0000    0.0000    0.0000    3.6000   -0.5002   -0.3650    0.7993  -86.9751 
   0.5116 4290.4775    5.0087   -8.0322  199.5982  -91.1832  -34.4758   91.6486    0.0000    0.0000    0.0000    0.0000    0.0000    0.0000    3.6000   -0.4204   -0.5305    0.7896 -116.6382 
   0.5541 4290.4351    0.2550  -12.7611  205.2487 -276.7300  -83.7922  105.0153    0.0000    0.0000    0.0000    0.0000    0.0000    0.0000    3.6000   -0.4661   -0.4941    0.8057 -302.1851 
   0.5966 4290.3926   -6.4283  -16.1244  211.7294 -187.4356  -21.2311   98.7286    0.0000    0.0000    0.0000    0.0000    0.0000    0.0000    3.6000   -0.3782   -0.4436    0.9214 -212.8906 
   0.6391 4290.3501  -10.7989  -17.3078  220.3079 -195.2481   27.5970  175.7550    0.0000    0.0000    0.0000    0.0000    0.0000    0.0000    3.6000   -0.3718   -0.4380    0.8887 -220.7031 
   0.6816 4290.3076  -12.3631  -19.0166  227.5075 -117.3672  -14.6393   92.7472    0.0000    0.0000    0.0000    0.0000    0.0000    0.0000    3.6000   -0.3960   -0.2717    0.9001 -142.8223 
   0.7241 4290.2651  -12.4195  -20.5907  234.0943  -67.1353   45.7855  158.6652    0.0000    0.0000    0.0000    0.0000    0.0000    0.0000    3.6000   -0.4819   -0.3477    1.0403  -92.5903 
   0.7666 4290.2227   -9.1682  -20.1433  243.7620  -65.7315   59.2742  244.9079    0.0000    0.0000    0.0000    0.0000    0.0000    0.0000    3.6000   -0.4629   -0.2524    0.9863  -91.1865 
   0.8091 4290.1802   -5.3955  -19.7255  253.8419  -39.3033   45.1751  221.7755    0.0000    0.0000    0.0000    0.0000    0.0000    0.0000    3.6000   -0.4138   -0.2422    1.0093  -64.7583 
   0.8516 4290.1372   -0.9162  -17.3347  265.1971  -29.4766   97.7874  307.1637    0.0000    0.0000    0.0000    0.0000    0.0000    0.0000    3.6000   -0.2642   -0.2439    0.9509  -54.9316 
   0.8941 4290.0947    5.0320  -13.0498  276.6712   11.1118   72.2747  233.3722    0.0000    0.0000    0.0000    0.0000    0.0000    0.0000    3.6000   -0.2390   -0.3357    1.0562  -14.3433 
   0.9366 4290.0522    7.0206   -9.8199  285.8130  -88.0704   12.5213  177.0978    0.0000    0.0000    0.0000    0.0000    0.0000    0.0000    3.6000   -0.1284   -0.3640    1.0386 -113.5254 
   0.9791 4290.0098    7.8499   -7.5193  291.3303  -23.4952   41.0247   69.8590    0.0000    0.0000    0.0000    0.0000    0.0000    0.0000    3.6080   -0.0632   -0.3313    1.0139  -48.9502 
   1.0216 4289.9673    8.0882   -4.4257  292.3358  -81.9669   50.9124  -35.6708    0.0000    0.0000    0.0000    0.0000    0.0000    0.0000    3.6000   -0.2700   -0.2473    1.0256 -107.4219 
   1.0641 4289.9248    6.2897   -1.9658  292.0322  -19.5279   57.5653   20.6647    0.0000    0.0000    0.0000    0.0000    0.0000    0.0000    3.6080   -0.0210   -0.1804    0.9785  -44.9829 
   1.1066 4289.8823    7.9292    0.9915  292.9810  -16.2320   66.8426   15.2936    0.0000    0.0000    0.0000    0.0000    0.0000    0.0000    3.6000    0.0642   -0.2253    1.0254  -41.6870 
   1.1491 4289.8398    8.8638    3.7524  292.3057   -5.6119   32.1136  -34.0838    0.0000    0.0000    0.0000    0.0000    0.0000    0.0000    3.6000    0.0325   -0.1797    1.0454  -31.0669 
   1.1916 4289.7974    8.8396    2.8837  291.4201  -23.0679   68.6126   12.8522    0.0000    0.0000    0.0000    0.0000    0.0000    0.0000    3.6080    0.0237   -0.1672    1.0513  -48.5229 
   1.2341 4289.7549    7.6130    8.7280  291.3906  -16.0489  106.6375   -0.5755    0.0000    0.0000    0.0000    0.0000    0.0000    0.0000    3.6080    0.1702   -0.1116    1.0371  -41.5039 
   1.2766 4289.7124    7.3491   12.3097  291.9619    9.2197   62.9364   -6.3739    0.0000    0.0000    0.0000    0.0000    0.0000    0.0000    3.6080    0.1348   -0.1289    1.0488  -16.2354 
   1.3191 4289.6699    7.1526   12.2853  291.8576   -0.2408   54.4525    9.9225    0.0000    0.0000    0.0000    0.0000    0.0000    0.0000    3.6080    0.1516   -0.1172    1.0479  -25.6958 
   1.3616 4289.6274    6.4970   12.4542  291.3913   13.9804   38.8275  -14.6136    0.0000    0.0000    0.0000    0.0000    0.0000    0.0000    3.6080    0.2009   -0.1257    1.0515  -11.4746 
   1.4041 4289.5850    7.1143   12.1944  290.4283   11.2338   36.2640  -27.7972    0.0000    0.0000    0.0000    0.0000    0.0000    0.0000    3.6080    0.2319   -0.0967    1.0398  -14.2212 
   1.4466 4289.5425    6.6080   12.8600  289.2371   -2.6822   53.5369  -29.4452    0.0000    0.0000    0.0000    0.0000    0.0000    0.0000    3.6000    0.2378   -0.0872    1.0000  -28.1372 
   1.4891 4289.5000    6.4408   13.3666  287.5856   26.3095    3.4881  -54.5917    0.0000    0.0000    0.0000    0.0000    0.0000    0.0000    3.6080    0.2258   -0.1177    1.0215    0.8545 
   1.5316 4289.4575    9.7690   10.3175  285.6142   38.5776   15.2679  -26.0882    0.0000    0.0000    0.0000    0.0000    0.0000    0.0000    3.6080    0.1309   -0.2402    1.1150   13.1226 
   1.5741 4289.4150   10.0705   11.3374  285.2285   76.4804    8.9813  -28.0414    0.0000    0.0000    0.0000    0.0000    0.0000    0.0000    3.6080    0.2458   -0.1396    1.0029   51.0254 
   1.6166 4289.3726   12.7739    9.9902  284.2057   52.0053   -8.0475  -26.3324    0.0000    0.0000    0.0000    0.0000    0.0000    0.0000    3.6080    0.2058   -0.2456    1.0693    0.0000 
   1.6591 4289.3301   13.6443   11.5680  284.2161   24.2954   32.3577  -10.1581    0.0000    0.0000    0.0000    0.0000    0.0000    0.0000    3.6080    0.1409   -0.1865    0.8811   -1.1597 
   1.7016 4289.2876   15.3310    8.7761  281.8422   80.8139    6.2957  -74.2450    0.0000    0.0000    0.0000    0.0000    0.0000    0.0000    3.6080    0.1736   -0.4275    1.6531   55.3589 
   1.7441 4289.2451   15.6033   11.8435  280.2753   10.4404   80.3314  -55.5682    0.0000    0.0000    0.0000    0.0000    0.0000    0.0000    3.6080    0.1738   -0.2031    1.0027  -15.0146 
   1.7866 4289.2026   15.3382   11.6810  277.2254   18.6801   30.4657  -67.2259    0.0000    0.0000    0.0000    0.0000    0.0000    0.0000    3.6080    0.1340   -0.2532    1.0615   -6.7749 
   1.8291 4289.1602   14.8679   10.2353  274.3024  -19.6500   41.8182  -43.3612    0.0000    0.0000    0.0000    0.0000    0.0000    0.0000    3.6080    0.1069   -0.1951    0.9890  -45.1050 
   1.8716 4289.1177   13.5076    9.6788  271.4977    0.3085   42.9779  -51.7230    0.0000    0.0000    0.0000    0.0000    0.0000    0.0000    3.6080    0.1729   -0.2498    1.0183  -25.1465 
   1.9141 4289.0747   13.8909    9.0390  269.1167   23.1967    1.8402  -47.7557    0.0000    0.0000    0.0000    0.0000    0.0000    0.0000    3.6080    0.0908   -0.2883    1.0403   -2.2583 
   1.9566 4289.0322   13.4450    7.1429  266.8733  -20.0162   28.0242  -40.1874    0.0000    0.0000    0.0000    0.0000    0.0000    0.0000    3.6080    0.0967   -0.2427    1.0498  -45.4712 
   1.9991 4288.9897   12.2869    7.2896  264.8701    3.5434   25.0335  -37.0746    0.0000    0.0000    0.0000    0.0000    0.0000    0.0000    3.6080    0.1372   -0.2102    1.0037  -21.9116 
   2.0416 4288.9473   12.2076    7.3958  263.3673    6.4121   26.3763  -32.8631    0.0000    0.0000    0.0000    0.0000    0.0000    0.0000    3.6080    0.0559   -0.2646    1.1235  -19.0430 
   2.0841 4288.9048   11.5297    6.8768  261.3065  -10.0674   40.7196  -41.8353    0.0000    0.0000    0.0000    0.0000    0.0000    0.0000    3.6080    0.1240   -0.2139    1.0403  -35.5225 
   2.1266 4288.8623   11.2940    7.7914  259.7119   14.4687   21.7376  -33.3514    0.0000    0.0000    0.0000    0.0000    0.0000    0.0000    3.6080    0.1318   -0.2041    1.0251  -10.9863 
   2.1691 4288.8198   10.9965    7.4184  258.0267   15.1401   31.6864  -38.1732    0.0000    0.0000    0.0000    0.0000    0.0000    0.0000    3.6080    0.1113   -0.2009    1.0315  -10.3149 
