   0.0016 4290.9688   -0.1160   -0.0812  179.9996    0.6245    0.2743   -0.1697    0.0000    0.0000    0.0000    0.0000    0.0000    0.0000    4.0640   -0.0056    0.0081    1.0801  -14.6484 
   0.0441 4290.9263   -0.7654   -0.4949  180.0020   -0.7183    0.3353    0.1354    0.0000    0.0000    0.0000    0.0000    0.0000    0.0000    4.0640   -0.0051    0.0171    1.0776  -15.9912 
   0.0866 4290.8838   -0.3716   -0.7140  180.0053    0.2583   -0.0309   -0.2918    0.0000    0.0000    0.0000    0.0000    0.0000    0.0000    4.0640   -0.0137    0.0034    1.0828  -15.0146 
   0.1291 4290.8413   -0.4055   -0.2354  179.9943   -0.2300   -0.0309    0.0134    0.0000    0.0000    0.0000    0.0000    0.0000    0.0000    4.0640   -0.0049    0.0061    1.0757  -15.5029 
   0.1716 4290.7983   -0.5243   -0.7241  179.9915   -0.0469   -0.0919    0.3185    0.0000    0.0000    0.0000    0.0000    0.0000    0.0000    4.0640   -0.0093    0.0117    1.0759    0.0000 
   0.2141 4290.7559   -0.1964   -0.5589  179.9941   -0.6573   -0.1530    0.1965    0.0000    0.0000    0.0000    0.0000    0.0000    0.0000    4.0640   -0.0076    0.0012    1.0828  -15.9302 
   0.2566 4290.7134   -0.3214   -0.5920  179.9907    0.3193   -0.2750    0.0134    0.0000    0.0000    0.0000    0.0000    0.0000    0.0000    4.0640   -0.0056    0.0034    1.0811  -14.9536 
   0.2991 4290.6709   -0.5565   -0.8430  179.9899    0.5024   -0.0919   -0.1087    0.0000    0.0000    0.0000    0.0000    0.0000    0.0000    4.0640   -0.0198    0.0056    1.0713  -14.7705 
   0.3416 4290.6284   -0.3361   -0.7215  179.9971   -0.7793   -0.0919    0.3185    0.0000    0.0000    0.0000    0.0000    0.0000    0.0000    4.0640   -0.0142    0.0017    1.0891    0.0000 
   0.3841 4290.5859   -0.4366   -0.8547  180.0007    0.0141   -0.2140    0.1354    0.0000    0.0000    0.0000    0.0000    0.0000    0.0000    4.0560   -0.0137   -0.0024    1.0793  -15.2588 
   0.4266 4290.5435   -0.3040   -0.5394  179.9998    0.3193    0.0912   -0.0477    0.0000    0.0000    0.0000    0.0000    0.0000    0.0000    4.0640   -0.0088    0.0049    1.0786  -14.9536 
   0.4691 4290.5010   -0.2920   -0.3654  179.9996    0.0751   -0.0309    0.0744    0.0000    0.0000    0.0000    0.0000    0.0000    0.0000    4.0560   -0.0083    0.0068    1.0806  -15.1978 
   0.5116 4290.4585   -0.4101   -0.6528  180.0009   -0.4742    0.1522   -0.0477    0.0000    0.0000    0.0000    0.0000    0.0000    0.0000    4.0640   -0.0127    0.0056    1.0837    0.0000 
   0.5541 4290.4160   -0.5609   -0.2983  179.9931   -0.1690   -0.1530    0.1965    0.0000    0.0000    0.0000    0.0000    0.0000    0.0000    4.0640   -0.0037    0.0085    1.0825  -15.4419 
   0.5966 4290.3735   -0.3648   -0.5111  179.9958    0.2583   -0.0919   -0.2308    0.0000    0.0000    0.0000    0.0000    0.0000    0.0000    4.0640   -0.0059    0.0112    1.0781  -15.0146 
   0.6391 4290.3311   -0.4936   -0.8061  180.0024   -0.2300    0.2132    0.0744    0.0000    0.0000    0.0000    0.0000    0.0000    0.0000    4.0640   -0.0212    0.0054    1.0715  -15.5029 
   0.6816 4290.2886   -0.6773   -0.5814  180.0076   -1.2676   -0.3361    0.0744    0.0000    0.0000    0.0000    0.0000    0.0000    0.0000    4.0640   -0.0125    0.0151    1.0752    0.0000 
   0.7241 4290.2461   -0.3911   -0.6517  180.0067    0.6245    0.0301   -0.0477    0.0000    0.0000    0.0000    0.0000    0.0000    0.0000    4.0640   -0.0134    0.0039    1.0830  -14.6484 
   0.7666 4290.2036   -0.4311   -0.5550  180.0051   -0.3521    0.0912   -0.1087    0.0000    0.0000    0.0000    0.0000    0.0000    0.0000    4.0560   -0.0105    0.0078    1.0835  -15.6250 
   0.8091 4290.1611   -0.4168   -0.4596  180.0129   -0.6573   -0.0309    0.1965    0.0000    0.0000    0.0000    0.0000    0.0000    0.0000    4.0640   -0.0083    0.0085    1.0789  -15.9302 
   0.8516 4290.1187   -0.4340   -0.7192  180.0190   -0.5962   -0.1530    0.3185    0.0000    0.0000    0.0000    0.0000    0.0000    0.0000    4.0640   -0.0098    0.0027    1.0784    0.0000 
   0.8941 4290.0762   -0.5583   -0.9364  180.0296    0.5024    0.0912    0.0744    0.0000    0.0000    0.0000    0.0000    0.0000    0.0000    4.0640   -0.0232    0.0100    1.0703  -14.7705 
   0.9366 4290.0337   -0.4175   -0.4817  180.0248   -1.3897   -0.1530    0.3796    0.0000    0.0000    0.0000    0.0000    0.0000    0.0000    4.0560   -0.0144    0.0015    1.0864  -16.6626 
   0.9791 4289.9912   -0.5037   -0.4381  180.0322    0.5634   -0.2140   -0.4749    0.0000    0.0000    0.0000    0.0000    0.0000    0.0000    4.0640   -0.0085    0.0093    1.0762  -14.7095 
   1.0216 4289.9487   -0.5383   -0.3353  180.0201    0.1972   -0.0309    0.0744    0.0000    0.0000    0.0000    0.0000    0.0000    0.0000    4.0560   -0.0059    0.0078    1.0828    0.0000 
   1.0641 4289.9062   -0.4799   -0.8973  180.0240    0.0141    0.2132   -0.1087    0.0000    0.0000    0.0000    0.0000    0.0000    0.0000    4.0640   -0.0171    0.0090    1.0840  -15.2588 
   1.1066 4289.8638   -0.5496   -0.6219  180.0152   -0.2300    0.1522    0.1354    0.0000    0.0000    0.0000    0.0000    0.0000    0.0000    4.0560   -0.0154    0.0100    1.0723  -15.5029 
   1.1491 4289.8213   -0.5585   -0.2602  180.0087    0.6245    0.4574   -0.1087    0.0000    0.0000    0.0000    0.0000    0.0000    0.0000    4.0640   -0.0059    0.0093    1.0708  -14.6484 
   1.1916 4289.7788   -0.3672   -0.6099  180.0085    0.1362   -0.0919   -0.1697    0.0000    0.0000    0.0000    0.0000    0.0000    0.0000    4.0640   -0.0117    0.0095    1.0771    0.0000 
   1.2341 4289.7358   -0.5641   -0.4021  180.0035   -0.4131   -0.1530    0.2575    0.0000    0.0000    0.0000    0.0000    0.0000    0.0000    4.0640    0.0000    0.0210    1.0872  -15.6860 
   1.2766 4289.6934   -0.3255   -0.6217  180.0124   -0.2911   -0.0919   -0.1697    0.0000    0.0000    0.0000    0.0000    0.0000    0.0000    4.0560   -0.0085    0.0032    1.0784  -15.5640 
   1.3191 4289.6509   -0.3897   -0.5916  180.0214   -0.3521    0.0912    0.1965    0.0000    0.0000    0.0000    0.0000    0.0000    0.0000    4.0640   -0.0117    0.0134    1.0879  -15.6250 
   1.3616 4289.6084   -0.3132   -0.9504  180.0262    0.0141    0.1522    0.0744    0.0000    0.0000    0.0000    0.0000    0.0000    0.0000    4.0640   -0.0186    0.0037    1.0840  -15.2588 
   1.4041 4289.5659   -0.5884   -0.4722  180.0235    0.6245   -0.0309    0.1354    0.0000    0.0000    0.0000    0.0000    0.0000    0.0000    4.0560   -0.0105    0.0110    1.0823  -14.6484 
   1.4466 4289.5234   -0.6657   -0.2187  180.0258   -0.0469   -0.1530    0.1965    0.0000    0.0000    0.0000    0.0000    0.0000    0.0000    4.0640   -0.0139    0.0156    1.0791  -15.3198 
   1.4891 4289.4810   -0.6351   -0.2307  180.0280    0.1362   -0.0309    0.1354    0.0000    0.0000    0.0000    0.0000    0.0000    0.0000    4.0640   -0.0027    0.0122    1.0732  -15.1367 
   1.5316 4289.4385   -0.5125   -0.8914  180.0419   -0.6573   -0.2140    0.2575    0.0000    0.0000    0.0000    0.0000    0.0000    0.0000    4.0640   -0.0190    0.0107    1.0798    0.0000 
   1.5741 4289.3960   -0.3078   -0.7996  180.0404    0.1972   -0.0919   -0.0477    0.0000    0.0000    0.0000    0.0000    0.0000    0.0000    4.0560   -0.0149    0.0061    1.0781  -15.0757 
   1.6166 4289.3535   -0.4559   -0.5764  180.0365    0.1362   -0.2750   -0.4139    0.0000    0.0000    0.0000    0.0000    0.0000    0.0000    4.0640   -0.0112    0.0085    1.0781  -15.1367 
   1.6591 4289.3110   -0.3990   -0.6073  180.0373    0.3803    0.3353    0.1965    0.0000    0.0000    0.0000    0.0000    0.0000    0.0000    4.0640   -0.0117    0.0056    1.0854  -14.8926 
   1.7016 4289.2686   -0.5291   -0.5688  180.0456   -0.7793   -0.2140   -0.2918    0.0000    0.0000    0.0000    0.0000    0.0000    0.0000    4.0640   -0.0098    0.0125    1.0818    0.0000 
   1.7441 4289.2261   -0.8451   -0.3665  180.0379   -0.1690   -0.5192    0.0134    0.0000    0.0000    0.0000    0.0000    0.0000    0.0000    4.0560   -0.0068    0.0159    1.0745  -15.4419 
   1.7866 4289.1836   -0.2108   -0.8206  180.0504    0.1362    0.1522    0.0134    0.0000    0.0000    0.0000    0.0000    0.0000    0.0000    4.0640   -0.0156    0.0042    1.0906  -15.1367 
   1.8291 4289.1411   -0.6658   -0.4274  180.0447   -0.2300   -0.2140   -0.1697    0.0000    0.0000    0.0000    0.0000    0.0000    0.0000    4.0640   -0.0054    0.0154    1.0796  -15.5029 
   1.8716 4289.0986   -0.5558   -0.4420  180.0353    0.0751    0.2132    0.0134    0.0000    0.0000    0.0000    0.0000    0.0000    0.0000    4.0560   -0.0046    0.0168    1.0764    0.0000 
   1.9141 4289.0562   -0.1317   -0.6089  180.0428   -0.0469    0.1522    0.0134    0.0000    0.0000    0.0000    0.0000    0.0000    0.0000    4.0640   -0.0151    0.0110    1.0786  -15.3198 
   1.9566 4289.0137   -0.4445   -0.8444  180.0532   -0.4131    0.1522    0.1354    0.0000    0.0000    0.0000    0.0000    0.0000    0.0000    4.0640   -0.0122    0.0156    1.0811    0.0000 
   1.9991 4288.9712   -0.4717   -0.3830  180.0584   -0.1690    0.1522    0.1354    0.0000    0.0000    0.0000    0.0000    0.0000    0.0000    4.0640   -0.0027    0.0078    1.0852  -15.4419 
   2.0416 4288.9287   -0.1568   -0.3953  180.0545    0.2583    0.2132   -0.1087    0.0000    0.0000    0.0000    0.0000    0.0000    0.0000    4.0560   -0.0071    0.0024    1.0828    0.0000 
   2.0841 4288.8862   -0.5966   -0.3867  180.0536   -0.3521   -0.4581    0.1965    0.0000    0.0000    0.0000    0.0000    0.0000    0.0000    4.0640   -0.0063    0.0137    1.0833  -15.6250 
   2.1266 4288.8438   -0.8588   -0.6142  180.0537   -0.4742    0.0912   -0.1087    0.0000    0.0000    0.0000    0.0000    0.0000    0.0000    4.0560   -0.0139    0.0198    1.0908  -15.7471 
   2.1691 4288.8013   -0.6181   -0.4528  180.0419    0.3193    0.1522   -0.2308    0.0000    0.0000    0.0000    0.0000    0.0000    0.0000    4.0640   -0.0103    0.0110    1.0691  -14.9536 
   2.2116 4288.7588   -0.4324   -0.2602  180.0384   -0.4742   -0.1530    0.3185    0.0000    0.0000    0.0000    0.0000    0.0000    0.0000    4.0560   -0.0076    0.0083    1.0774    0.0000 
   2.2541 4288.7163   -0.4051   -0.7923  180.0506    0.1362   -0.0919   -0.1087    0.0000    0.0000    0.0000    0.0000    0.0000    0.0000    4.0640   -0.0166    0.0076    1.0840  -15.1367 
   2.2966 4288.6733   -0.7616   -0.6854  180.0556   -0.4742    0.0301    0.3796    0.0000    0.0000    0.0000    0.0000    0.0000    0.0000    4.0560   -0.0020    0.0120    1.0928    0.0000 
   2.3391 4288.6309   -0.4961   -0.6942  180.0632   -0.1080   -0.0919    0.0134    0.0000    0.0000    0.0000    0.0000    0.0000    0.0000    4.0640   -0.0134    0.0125    1.0857  -15.3809 
   2.3816 4288.5884   -0.6362   -0.6926  180.0667   -0.4131   -0.3361    0.1354    0.0000    0.0000    0.0000    0.0000    0.0000    0.0000    4.0640   -0.0112    0.0103    1.0813  -15.6860 
   2.4241 4288.5459   -0.5534   -0.5796  180.0674   -0.7183    0.0912    0.3796    0.0000    0.0000    0.0000    0.0000    0.0000    0.0000    4.0640   -0.0120    0.0146    1.0764  -15.9912 
   2.4666 4288.5034   -0.3603    0.1264  180.0541   -0.1080   -0.1530   -0.2308    0.0000    0.0000    0.0000    0.0000    0.0000    0.0000    4.0560    0.0024    0.0054    1.0947  -15.3809 
   2.5091 4288.4609   -0.2053   -0.6195  180.0632   -0.4742   -0.1530    0.1965    0.0000    0.0000    0.0000    0.0000    0.0000    0.0000    4.0640   -0.0107    0.0061    1.0764  -15.7471 
   2.5516 4288.4185   -0.2856   -0.4648  180.0569   -0.7183   -0.0919    0.0744    0.0000    0.0000    0.0000    0.0000    0.0000    0.0000    4.0560   -0.0015    0.0059    1.0830    0.0000 
   2.5941 4288.3760   -0.4029   -0.5596  180.0643   -0.2300    0.3353    0.0744    0.0000    0.0000    0.0000    0.0000    0.0000    0.0000    4.0640   -0.0005    0.0115    1.0750  -15.5029 
   2.6366 4288.3335   -0.1908   -0.7234  180.0730   -0.4742    0.2743   -0.1087    0.0000    0.0000    0.0000    0.0000    0.0000    0.0000    4.0560   -0.0120    0.0039    1.0818  -15.7471 
   2.6791 4288.2910   -0.3595   -0.6387  180.0772    0.2583   -0.2750   -0.2308    0.0000    0.0000    0.0000    0.0000    0.0000    0.0000    4.0560   -0.0044    0.0037    1.0891  -15.0146 
   2.7216 4288.2485   -0.2076   -0.6849  180.0756   -0.4131   -0.0309    0.0134    0.0000    0.0000    0.0000    0.0000    0.0000    0.0000    4.0560   -0.0132    0.0017    1.0820    0.0000 
   2.7641 4288.2061   -0.5553   -0.2806  180.0811    0.2583    0.3353   -0.0477    0.0000    0.0000    0.0000    0.0000    0.0000    0.0000    4.0560   -0.0095    0.0110    1.0789  -15.0146 
   2.8066 4288.1636   -0.6968   -0.7966  180.0950   -0.3521    0.2132    0.2575    0.0000    0.0000    0.0000    0.0000    0.0000    0.0000    4.0560   -0.0178    0.0190    1.0896  -15.6250 
   2.8491 4288.1211   -0.6517   -0.7662  180.1026   -0.7793   -0.3361   -0.0477    0.0000    0.0000    0.0000    0.0000    0.0000    0.0000    4.0560   -0.0146    0.0122    1.0952  -16.0522 
   2.8916 4288.0786   -0.9022   -0.3930  180.0977   -0.3521    0.5795    0.0744    0.0000    0.0000    0.0000    0.0000    0.0000    0.0000    4.0640   -0.0056    0.0188    1.0723    0.0000 
   2.9341 4288.0361   -0.5256   -0.4860  180.1013   -0.2911   -0.0309    0.0134    0.0000    0.0000    0.0000    0.0000    0.0000    0.0000    4.0560   -0.0042    0.0063    1.0876  -15.5640 
   2.9766 4287.9937   -0.6068   -0.6839  180.1010   -0.1690   -0.0309    0.0744    0.0000    0.0000    0.0000    0.0000    0.0000    0.0000    4.0560   -0.0073    0.0139    1.0869  -15.4419 
   3.0191 4287.9512   -0.4264   -0.5952  180.1017    0.0141    0.4574    0.0744    0.0000    0.0000    0.0000    0.0000    0.0000    0.0000    4.0560   -0.0063    0.0146    1.0781  -15.2588 
   3.0616 4287.9087   -0.5528   -0.6272  180.1026   -0.1080    0.0912    0.0134    0.0000    0.0000    0.0000    0.0000    0.0000    0.0000    4.0560   -0.0164    0.0127    1.0796  -15.3809 
   3.1041 4287.8662   -0.5528   -0.4522  180.1035   -0.1690    0.0912   -0.1087    0.0000    0.0000    0.0000    0.0000    0.0000    0.0000    4.0560   -0.0164    0.0090    1.0857  -15.4419 
   3.1466 4287.8237   -0.4796   -0.3726  180.0933    0.0751    0.0912   -0.4139    0.0000    0.0000    0.0000    0.0000    0.0000    0.0000    4.0560   -0.0088    0.0088    1.0906  -15.1978 
   3.1891 4287.7812   -0.4575   -0.3424  180.0937   -0.7183    0.2743    0.1965    0.0000    0.0000    0.0000    0.0000    0.0000    0.0000    4.0560   -0.0073    0.0132    1.0813  -15.9912 
   3.2316 4287.7388   -0.3908   -0.4561  180.0915   -0.5962   -0.2140    0.0134    0.0000    0.0000    0.0000    0.0000    0.0000    0.0000    4.0640   -0.0100    0.0117    1.0710  -15.8691 
   3.2741 4287.6963   -0.7447   -0.7656  180.0957   -0.1690   -0.1530   -0.0477    0.0000    0.0000    0.0000    0.0000    0.0000    0.0000    4.0640   -0.0161    0.0166    1.0776  -15.4419 
   3.3166 4287.6538   -0.4868   -0.3493  180.0920   -0.5352    0.0301    0.1965    0.0000    0.0000    0.0000    0.0000    0.0000    0.0000    4.0560   -0.0002    0.0098    1.0759  -15.8081 
   3.3591 4287.6108   -0.7700   -0.3335  180.0943    0.1362   -0.0309    0.2575    0.0000    0.0000    0.0000    0.0000    0.0000    0.0000    4.0560   -0.0017    0.0132    1.0801  -15.1367 
   3.4016 4287.5684   -0.6603   -0.4290  180.0978    0.0141    0.1522    0.1354    0.0000    0.0000    0.0000    0.0000    0.0000    0.0000    4.0560   -0.0027    0.0071    1.0884    0.0000 
   3.4441 4287.5259   -0.2144   -0.1613  180.0990   -0.4742    0.0301    0.2575    0.0000    0.0000    0.0000    0.0000    0.0000    0.0000    4.0640    0.0022   -0.0002    1.0771  -15.7471 
   3.4866 4287.4834   -0.6310   -0.7864  180.1083    0.0141    0.2132    0.1965    0.0000    0.0000    0.0000    0.0000    0.0000    0.0000    4.0560   -0.0203    0.0110    1.0972  -15.2588 
   3.5291 4287.4409   -0.2143   -0.7253  180.1196   -0.7793    0.2132    0.1965    0.0000    0.0000    0.0000    0.0000    0.0000    0.0000    4.0560   -0.0020    0.0117    1.0850  -16.0522 
   3.5716 4287.3984   -0.6247   -0.5400  180.1197   -0.0469   -0.2750    0.0744    0.0000    0.0000    0.0000    0.0000    0.0000    0.0000    4.0560   -0.0107    0.0117    1.0896    0.0000 
   3.6141 4287.3560   -0.3168   -0.7115  180.1241   -0.0469    0.0301   -0.1087    0.0000    0.0000    0.0000    0.0000    0.0000    0.0000    4.0640   -0.0139    0.0051    1.0803  -15.3198 
   3.6566 4287.3135   -0.2512   -0.3849  180.1287   -0.2300   -0.0919   -0.1087    0.0000    0.0000    0.0000    0.0000    0.0000    0.0000    4.0560   -0.0103    0.0090    1.0789  -15.5029 
   3.6991 4287.2710    0.0257   -0.8023  180.1304   -1.2676   -0.1530    0.2575    0.0000    0.0000    0.0000    0.0000    0.0000    0.0000    4.0560   -0.0027    0.0144    1.0781  -16.5405 
   3.7416 4287.2285   -0.4832   -0.8022  180.1244    0.5024    0.5795   -0.3529    0.0000    0.0000    0.0000    0.0000    0.0000    0.0000    4.0560   -0.0022    0.0054    1.0830    0.0000 
   3.7841 4287.1860   -0.7517   -0.5859  180.1238   -0.4742    0.1522    0.2575    0.0000    0.0000    0.0000    0.0000    0.0000    0.0000    4.0560   -0.0107    0.0122    1.0728  -15.7471 
   3.9016    0.0009    0.0000    0.0000  180.1301    0.6855    0.0301   -0.2918    0.0000    0.0000    0.0000    0.0000    0.0000    0.0064    4.0560   -0.0090    0.0068    1.0830  -14.5874 
   3.9441    0.0009    0.0000    0.0000  180.1358   -0.1080   -0.1530   -0.2918    0.0000    0.0000    0.0000    0.0000    0.0000    0.0127    4.0560   -0.0103    0.0073    1.0793  -15.3809 
   3.9866    0.0013    0.0000    0.0000  180.1277   -0.2911   -0.0919    0.0134    0.0000    0.0000    0.0000    0.0000    0.0000    0.0064    4.0560   -0.0190    0.0073    1.0869  -15.5640 
   4.0291    0.0009    0.0000    0.0000  180.1259   -0.1690   -0.0919    0.1354    0.0000    0.0000    0.0000    0.0000    0.0000    0.0000    4.0560   -0.0095   -0.0046    1.0818  -15.4419 
   4.0716    0.0009    0.0000    0.0000  180.1370    0.1972    0.1522    0.3185    0.0000    0.0000    0.0000    0.0000    0.0000    0.0000    4.0560   -0.0122    0.0132    1.0789  -15.0757 
   4.1141    0.0009    0.0000    0.0000  180.1333    0.4414   -0.0919    0.0744    0.0000    0.0000    0.0000    0.0000    0.0000    0.0000    4.0560   -0.0115    0.0115    1.0698  -14.8315 
   4.1566    0.0013    0.0000    0.0000  180.1250   -0.5962   -0.5192    0.0744    0.0000    0.0000    0.0000    0.0000    0.0000    0.0000    4.0560   -0.0142    0.0093    1.0754  -15.8691 
   4.1991    0.0009    0.0000    0.0000  180.1175   -0.1080    0.0301   -0.4139    0.0000    0.0000    0.0000    0.0000    0.0000    0.0000    4.0560   -0.0098    0.0129    1.0818  -15.3809 
   4.2416    0.0009    0.0000    0.0000  180.1191   -0.4742    0.0301   -0.1087    0.0000    0.0000    0.0000    0.0000    0.0000    0.0000    4.0560   -0.0068    0.0100    1.0774  -15.7471 
   4.2841    0.0009    0.0000    0.0000  180.1236    0.3193   -0.0309    0.0744    0.0000    0.0000    0.0000    0.0000    0.0000    0.0000    4.0560   -0.0110    0.0083    1.0835  -14.9536 
   4.3266    0.0013    0.0000    0.0000  180.1261   -0.6573    0.2132   -0.3529    0.0000    0.0000    0.0000    0.0000    0.0000    0.0560    4.0560   -0.0171    0.0093    1.0835  -15.9302 
   4.3691    0.0009    0.0000    0.0000  180.1199   -0.2911   -0.0309    0.1965    0.0000    0.0000    0.0000    0.0000    0.0000    0.0915    4.0560   -0.0081    0.0032    1.0825  -15.5640 
   4.4116    0.0010    0.1324    0.4119  179.5073    0.8076   -3.6320  -56.6883    1.4110    1.2307    0.0000    0.0000    0.0000    0.1898    3.5920   -0.1450    0.1340    1.0959    0.9894 
   4.4541    0.0010    0.1389   -0.3021  177.8923   23.8789  -30.9147   29.1271    1.4487    2.1664    0.0000    0.0000    0.0000    0.2200    3.6480    0.0857    0.8625   -0.7278   -0.5084 
   4.4966    0.0014    5.9810    2.2242  182.3801  141.6767   -7.0499  125.0744    1.4791    1.6688   -0.0000    0.0000    0.8454    0.2200    4.0400    0.4192    1.4841   -0.8508   -2.1682 
   4.5391    0.0010   12.9103    1.3416  187.4128   67.1528   -8.5758   68.5558    0.6688    0.9052   -0.0000    0.0000    0.8454    0.2249    4.0480   -0.4417   -0.4067    0.5181   -1.1818 
   4.5816    0.0010   11.0384    1.0718  188.7834 -191.7583    1.7391  -42.1619    0.6728    1.7042   -0.0000    0.0000    1.1272    0.2249    3.5600   -0.0869   -0.2485    0.8145    0.7555 
   4.6241    0.0010   -3.3473    2.2160  182.8019 -325.1812  -55.7560 -229.2347    0.3135    2.0412   -0.0000    0.0000    1.4090    0.2200    3.3120   -0.0750   -0.3711    0.8579    4.0255 
   4.6666    0.0014  -11.9564    3.5538  169.1709 -127.1832   24.0170 -367.1741    1.7767    0.4518    0.0000   -0.0000    1.4090    0.2249    3.6880    0.2161    0.4021    0.3413    6.4330 
   4.7091    0.0010   -5.5828    5.9752  151.1469  333.8154 -135.5900 -475.5115    0.8946    0.7908    0.0000   -0.0000    1.6908    0.2151    3.7280   -0.0398   -0.8354    0.2031    8.3288 
   4.7516    0.0009    0.0000    0.0000  130.4776  405.7758  123.8705 -411.0584    0.1892    1.6810    0.0000    0.0000    0.0000    0.0000    4.0400    1.0688    0.1528    1.3630  390.5029 
   4.7941    0.0009    0.0000    0.0000  109.1820  613.5395  366.3631 -300.0355    0.1892    1.6810    0.0000    0.0000    0.0000    0.0000    4.0400   -0.0547   -0.4705    0.4990  598.2666 
   4.8366    0.0013    0.0000    0.0000   83.1381  367.9951  263.2137 -197.0692    0.1892    1.6810    0.0000    0.0000    0.0000    0.0000    4.0480    3.0281    1.7073    2.3694  352.7222 
   4.8791    0.0009    0.0000    0.0000   70.5068 -211.1675  235.9310 -205.4310    0.1892    1.6810    0.0000    0.0000    0.0000    0.0000    4.0400    0.0256   -1.5166   -0.0806 -226.4404 
   4.9216    0.0009    0.0000    0.0000   61.7863 -341.4165   75.8358 -243.8221    0.1892    1.6810    0.0000    0.0000    0.0000    0.0000    4.0480   -0.3574   -0.3501   -0.3708 -356.6895 
   4.9641    0.0009    0.0000    0.0000   58.6482 -653.0620   58.4408 -197.1302    0.1892    1.6810    0.0000    0.0000    0.0000    0.0000    4.0480   -0.1643   -0.0378    0.9297 -668.3350 
   5.0066    0.0013    0.0000    0.0000   56.9096 -520.0665  -23.8346 -186.2049    0.1892    1.6810    0.0000    0.0000    0.0000    0.0000    4.0480    0.3755   -0.6375   -2.1973 -535.3394 
   5.0491    0.0009    0.0000    0.0000   51.5520  135.1460  -22.6749 -114.6717    0.1892    1.6810    0.0000    0.0000    0.0000    0.0000    4.0480   -0.1877    0.0103    0.7988  119.8730 
   5.0916    0.0009    0.0000    0.0000   45.1646  424.9409  -30.2433  -52.9651    0.1892    1.6810    0.0000    0.0000    0.0000    0.0000    4.0480    0.3860    0.1079    1.2573  409.6680 
   5.1341    0.0009    0.0000    0.0000   42.8645 -253.4039   10.8944  -56.8714    0.1892    1.6810    0.0000    0.0000    0.0000    0.0000    4.0480   -0.2842    0.0635    0.7178 -268.6768 
   5.1766    0.0013    0.0000    0.0000   41.1790   82.4116    7.6595  -51.5613    0.1892    1.6810    0.0000    0.0000    0.0000    0.0000    4.0480   -0.0828    0.2034    0.9812   67.1387 
   5.2191    0.0009    0.0000    0.0000   38.5342   -4.0142   30.4256  -46.4344    0.1892    1.6810    0.0000    0.0000    0.0000    0.0000    4.0480   -0.0469   -0.0391    1.0015  -19.2871 
   5.2616    0.0009    0.0000    0.0000   37.0289   13.9912  -69.6110  -31.2977    0.1892    1.6810    0.0000    0.0000    0.0000    0.0000    4.0480   -0.1235    0.1362    1.1860   -1.2817 
   5.3041    0.0010    0.0000    0.0000   35.8713    3.9204   51.2997  -20.3113    0.1892    1.6810    0.0000    0.0000    0.0000    0.0000    4.0480   -0.0859   -0.0762    1.0920  -11.3525 
   5.3466    0.0013    0.0000    0.0000   35.2746  -17.8692  -24.0788   -5.2357    0.1892    1.6810    0.0000    0.0000    0.0000    0.0000    4.0400   -0.0005    0.1289    0.9578  -33.1421 
   5.3891    0.0009    0.0000    0.0000   35.1188    4.5307   -3.1437   -1.2073    0.1892    1.6810    0.0000    0.0000    0.0000    0.0000    4.0480   -0.1143    0.0112    1.1536  -10.7422 
   5.4316    0.0009    0.0000    0.0000   35.0733    5.6293  -10.1017    0.5627    0.1892    1.6810    0.0000    0.0000    0.0000    0.0000    4.0480   -0.0479   -0.0042    1.1614   -9.6436 
   5.4741    0.0009    0.0000    0.0000   35.0159    4.2866   -4.8527   -1.3904    0.1892    1.6810    0.0000    0.0000    0.0000    0.0000    4.0480   -0.0181   -0.0420    1.0796  -10.9863 
   5.5166    0.0013    0.0000    0.0000   35.0005   -1.0235    0.0912   -0.2918    0.1892    1.6810    0.0000    0.0000    0.0000    0.0000    4.0480   -0.0200   -0.0337    1.0752  -16.2964 
   5.5591    0.0009    0.0000    0.0000   34.9949   -1.0235   -0.2140   -0.0477    0.1892    1.6810    0.0000    0.0000    0.0000    0.0000    4.0480   -0.0181   -0.0068    1.0852  -16.2964 
   5.6016    0.0009    0.0000    0.0000   34.9828   -0.0469    1.4950   -0.1697    0.1892    1.6810    0.0000    0.0000    0.0000    0.0000    4.0480   -0.0076    0.0181    1.0781  -15.3198 
   5.6441    0.0009    0.0000    0.0000   34.9808   -0.9625    0.8236   -0.1697    0.1892    1.6810    0.0000    0.0000    0.0000    0.0000    4.0480   -0.0137   -0.0115    1.0845  -16.2354 
   5.6866    0.0013    0.0000    0.0000   34.9729   -0.3521   -0.5802   -0.1087    0.1892    1.6810    0.0000    0.0000    0.0000    0.0000    4.0480   -0.0205    0.0015    1.0776  -15.6250 
   5.7291    0.0009    0.0000    0.0000   34.9594   -0.5352    0.1522   -0.4749    0.1892    1.6810    0.0000    0.0000    0.0000    0.0000    4.0480   -0.0073    0.0017    1.0713  -15.8081 
   5.7716    0.0009    0.0000    0.0000   34.9512   -0.4742   -0.2750   -0.4139    0.1892    1.6810    0.0000    0.0000    0.0000    0.0000    4.0480   -0.0110    0.0061    1.0813  -15.7471 
   5.8141    0.0009    0.0000    0.0000   34.9450    0.0751   -0.3971   -0.1697    0.1892    1.6810    0.0000    0.0000    0.0000    0.0000    4.0480   -0.0068    0.0000    1.0876  -15.1978 
   5.8566    0.0013    0.0000    0.0000   34.9386   -0.6573   -0.3971    0.0744    0.1892    1.6810    0.0000    0.0000    0.0000    0.0000    4.0480   -0.0039   -0.0027    1.0745  -15.9302 
   5.8991    0.0009    0.0000    0.0000   34.9343   -0.5962   -0.3971    0.1965    0.1892    1.6810    0.0000    0.0000    0.0000    0.0000    4.0480   -0.0212   -0.0002    1.0845  -15.8691 
   5.9416    0.0009    0.0000    0.0000   34.9203    0.1362   -0.0919   -0.3529    0.1892    1.6810    0.0000    0.0000    0.0000    0.0000    4.0480   -0.0127   -0.0061    1.0815  -15.1367 
   5.9841    0.0009    0.0000    0.0000   34.9094    0.0751   -0.2140    0.0134    0.1892    1.6810    0.0000    0.0000    0.0000    0.0000    4.0480   -0.0232   -0.0042    1.0806  -15.1978 
   6.0266    0.0013    0.0000    0.0000   34.9061   -0.5352   -0.5192    0.1354    0.1892    1.6810    0.0000    0.0000    0.0000    0.0000    4.0480   -0.0178    0.0012    1.0759  -15.8081 
   6.0691    0.0009    0.0000    0.0000   34.9015   -0.7183    0.0912    0.4406    0.1892    1.6810    0.0000    0.0000    0.0000    0.0000    4.0480   -0.0144   -0.0032    1.0945  -15.9912 
   6.1116    0.0009    0.0000    0.0000   34.8946    0.7465    0.2132   -0.2918    0.1892    1.6810    0.0000    0.0000    0.0000    0.0000    4.0480   -0.0125    0.0046    1.0649  -14.5264 
   6.1541    0.0009    0.0000    0.0000   34.8895    0.1972   -0.5802   -0.1697    0.1892    1.6810    0.0000    0.0000    0.0000    0.0000    4.0480   -0.0093   -0.0022    1.0762  -15.0757 
   6.1966    0.0013    0.0000    0.0000   34.8730    0.9907    0.2743   -0.3529    0.1892    1.6810    0.0000    0.0000    0.0000    0.0000    4.0480   -0.0181    0.0015    1.0718    0.0000 
   6.2391    0.0009    0.0000    0.0000   34.8693    0.2583   -0.2140   -0.4139    0.1892    1.6810    0.0000    0.0000    0.0000    0.0000    4.0480   -0.0166    0.0005    1.0754  -15.0146 
   6.2816    0.0009    0.0000    0.0000   34.8587   -0.5352    0.3353   -0.1697    0.1892    1.6810    0.0000    0.0000    0.0000    0.0000    4.0480   -0.0161    0.0095    1.0757  -15.8081 
   6.3241    0.0009    0.0000    0.0000   34.8489   -0.4131   -0.1530   -0.2308    0.1892    1.6810    0.0000    0.0000    0.0000    0.0000    4.0480   -0.0083    0.0063    1.0754  -15.6860 
   6.3666    0.0013    0.0000    0.0000   34.8414    0.3803   -0.1530   -0.1697    0.1892    1.6810    0.0000    0.0000    0.0000    0.0000    4.0480   -0.0129   -0.0015    1.0803  -14.8926 
   6.4091    0.0009    0.0000    0.0000   34.8274    1.5400   -0.3361   -0.4139    0.1892    1.6810    0.0000    0.0000    0.0000    0.0000    4.0480   -0.0156    0.0100    1.0713  -13.7329 
   6.4516    0.0009    0.0000    0.0000   34.8139    0.6245    0.0912   -0.1697    0.1892    1.6810    0.0000    0.0000    0.0000    0.0000    4.0480   -0.0164    0.0039    1.0723  -14.6484 
   6.4941    0.0009    0.0000    0.0000   34.8037   -0.7793   -0.4581    0.0744    0.1892    1.6810    0.0000    0.0000    0.0000    0.0000    4.0480   -0.0137   -0.0078    1.0730  -16.0522 
   6.5366    0.0013    0.0000    0.0000   34.7972    0.4414   -0.0919   -0.0477    0.1892    1.6810    0.0000    0.0000    0.0000    0.0000    4.0480   -0.0051    0.0110    1.0771  -14.8315 
   6.5791    0.0009    0.0000    0.0000   34.7947   -0.4742   -0.3971   -0.1087    0.1892    1.6810    0.0000    0.0000    0.0000    0.0000    4.0480   -0.0049    0.0051    1.0813  -15.7471 
   6.6216    0.0009    0.0000    0.0000   34.7822    1.1738    0.0301   -0.5970    0.1892    1.6810    0.0000    0.0000    0.0000    0.0000    4.0480   -0.0146    0.0017    1.0850  -14.0991 
   6.6641    0.0009    0.0000    0.0000   34.7779    0.0751    0.0912   -0.0477    0.1892    1.6810    0.0000    0.0000    0.0000    0.0000    4.0480   -0.0105   -0.0002    1.0732  -15.1978 
   6.7066    0.0013    0.0000    0.0000   34.7705   -1.0235   -0.2140   -0.2918    0.1892    1.6810    0.0000    0.0000    0.0000    0.0000    4.0480   -0.0154   -0.0005    1.0803  -16.2964 
   6.7491    0.0009    0.0000    0.0000   34.7599    0.0751   -0.2750   -0.5360    0.1892    1.6810    0.0000    0.0000    0.0000    0.0000    4.0480   -0.0220    0.0061    1.0786  -15.1978 
   6.7916    0.0009    0.0000    0.0000   34.7459   -0.1080    0.0301   -0.2308    0.1892    1.6810    0.0000    0.0000    0.0000    0.0000    4.0480   -0.0200   -0.0051    1.0759  -15.3809 
   6.8341    0.0010    0.0000    0.0000   34.7263    1.6621    0.3963   -0.4749    0.1892    1.6810    0.0000    0.0000    0.0000    0.0000    4.0480   -0.0151    0.0007    1.0759  -13.6108 
   6.8766    0.0013    0.0000    0.0000   34.7149    0.2583   -0.2140   -0.1697    0.1892    1.6810    0.0000    0.0000    0.0000    0.0000    4.0480   -0.0115    0.0020    1.0728  -15.0146 
   6.9191    0.0009    0.0000    0.0000   34.6959    0.4414   -0.2140   -0.5360    0.1892    1.6810    0.0000    0.0000    0.0000    0.0000    4.0480   -0.0178    0.0044    1.0818  -14.8315 
   6.9616    0.0009    0.0000    0.0000   34.6852   -0.4742   -0.2140   -0.1087    0.1892    1.6810    0.0000    0.0000    0.0000    0.0000    4.0480   -0.0071    0.0063    1.0940  -15.7471 
   7.0041    0.0009    0.0000    0.0000   34.6768   -0.0469   -0.2750   -0.0477    0.1892    1.6810    0.0000    0.0000    0.0000    0.0000    4.0480   -0.0161    0.0017    1.0759  -15.3198 
   7.0466    0.0013    0.0000    0.0000   34.6683   -0.1080   -0.0919   -0.1697    0.1892    1.6810    0.0000    0.0000    0.0000    0.0000    4.0480   -0.0127   -0.0085    1.0842  -15.3809 
   7.0891    0.0009    0.0000    0.0000   34.6552   -0.1080    0.0912   -0.4749    0.1892    1.6810    0.0000    0.0000    0.0000    0.0000    4.0480   -0.0068   -0.0007    1.0833  -15.3809 
   7.1316    0.0009    0.0000    0.0000   34.6481   -0.1080    0.0912   -0.2308    0.1892    1.6810    0.0000    0.0000    0.0000    0.0000    4.0480   -0.0173    0.0024    1.0864  -15.3809 
   7.1741    0.0009    0.0000    0.0000   34.6325    0.3803   -0.0309   -0.4749    0.1892    1.6810    0.0000    0.0000    0.0000    0.0000    4.0480   -0.0103   -0.0010    1.0774  -14.8926 
   7.2166    0.0014    0.0000    0.0000   34.6155   -0.1690   -0.0919   -0.2918    0.1892    1.6810    0.0000    0.0000    0.0000    0.0000    4.0560   -0.0122    0.0015    1.0625  -15.4419 
   7.2591    0.0009    0.0000    0.0000   34.6034   -1.0235   -0.5802   -0.2918    0.1892    1.6810    0.0000    0.0000    0.0000    0.0000    4.0480   -0.0081    0.0046    1.0879  -16.2964 
   7.3016    0.0009    0.0000    0.0000   34.5915    0.1362   -0.2140    0.0134    0.1892    1.6810    0.0000    0.0000    0.0000    0.0000    4.0560   -0.0181    0.0015    1.0654  -15.1367 
   7.3441    0.0009    0.0000    0.0000   34.5705   -0.0469   -0.0919   -0.2918    0.1892    1.6810    0.0000    0.0000    0.0000    0.0000    4.0560   -0.0078   -0.0015    1.0796  -15.3198 
   7.3866    0.0013    0.0000    0.0000   34.5612    0.1362    0.2132   -0.3529    0.1892    1.6810    0.0000    0.0000    0.0000    0.0000    4.0480   -0.0239   -0.0046    1.0764  -15.1367 
   7.4291    0.0009    0.0000    0.0000   34.5493   -0.4131    0.4574   -0.2918    0.1892    1.6810    0.0000    0.0000    0.0000    0.0000    4.0480   -0.0112    0.0054    1.0791  -15.6860 
   7.4716    0.0009    0.0000    0.0000   34.5405    0.3803   -0.1530    0.0134    0.1892    1.6810    0.0000    0.0000    0.0000    0.0000    4.0480   -0.0125   -0.0061    1.0862  -14.8926 
   7.5141    0.0009    0.0000    0.0000   34.5324   -0.0469   -0.2750   -0.2918    0.1892    1.6810    0.0000    0.0000    0.0000    0.0000    4.0480   -0.0181    0.0012    1.0825  -15.3198 
   7.5566    0.0013    0.0000    0.0000   34.5209   -1.0235   -0.0919    0.0744    0.1892    1.6810    0.0000    0.0000    0.0000    0.0000    4.0480    0.0005    0.0017    1.0759  -16.2964 
   7.5991    0.0009    0.0000    0.0000   34.5114    1.1127   -0.0309   -0.5970    0.1892    1.6810    0.0000    0.0000    0.0000    0.0000    4.0480   -0.0071    0.0054    1.0764  -14.1602 
   7.6416    0.0009    0.0000    0.0000   34.5071    0.0751   -0.0309   -0.1697    0.1892    1.6810    0.0000    0.0000    0.0000    0.0000    4.0480   -0.0115   -0.0039    1.0774  -15.1978 
   7.6841    0.0009    0.0000    0.0000   34.4933    0.3803   -0.2140   -0.6580    0.1892    1.6810    0.0000    0.0000    0.0000    0.0000    4.0480   -0.0081    0.0193    1.0894  -14.8926 
   7.7266    0.0013    0.0000    0.0000   34.4867   -0.5962    0.0301   -0.1697    0.1892    1.6810    0.0000    0.0000    0.0000    0.0000    4.0480   -0.0208   -0.0022    1.0830  -15.8691 
   7.7691    0.0009    0.0000    0.0000   34.4822    0.5024    0.0912   -0.2918    0.1892    1.6810    0.0000    0.0000    0.0000    0.0000    4.0480   -0.0139    0.0042    1.0730  -14.7705 
   7.8116    0.0009    0.0000    0.0000   34.4795   -0.7183   -0.0919    0.3796    0.1892    1.6810    0.0000    0.0000    0.0000    0.0000    4.0480   -0.0164   -0.0051    1.0789  -15.9912 
   7.8541    0.0009    0.0000    0.0000   34.4697    0.6245    0.0912   -0.1087    0.1892    1.6810    0.0000    0.0000    0.0000    0.0000    4.0480   -0.0159    0.0017    1.0837  -14.6484 
   7.8966    0.0013    0.0000    0.0000   34.4523    0.5024   -0.0919   -0.0477    0.1892    1.6810    0.0000    0.0000    0.0000    0.0000    4.0480   -0.0142    0.0063    1.0808  -14.7705 
   7.9391    0.0009    0.0000    0.0000   34.4346    0.5024   -0.3361   -0.2918    0.1892    1.6810    0.0000    0.0000    0.0000    0.0000    4.0480   -0.0205    0.0151    1.0811  -14.7705 
   7.9816    0.0009    0.0000    0.0000   34.4241   -0.6573   -0.7023    0.1354    0.1892    1.6810    0.0000    0.0000    0.0000    0.0000    4.0480   -0.0168    0.0029    1.0754  -15.9302 
   8.0241    0.0009    0.0000    0.0000   34.4207    0.6245    0.0301   -0.1087    0.1892    1.6810    0.0000    0.0000    0.0000    0.0000    4.0480   -0.0154   -0.0015    1.0752  -14.6484 
   8.0666    0.0013    0.0000    0.0000   34.4224   -0.5962   -0.0309    0.1354    0.1892    1.6810    0.0000    0.0000    0.0000    0.0000    4.0480   -0.0178    0.0027    1.0957  -15.8691 
   8.1091    0.0010    0.0000    0.0000   34.4217    0.0141   -0.2140   -0.0477    0.1892    1.6810    0.0000    0.0000    0.0000    0.0000    4.0480   -0.0139    0.0002    1.0803  -15.2588 
   8.1516    0.0009    0.0000    0.0000   34.4107   -0.2911   -0.2140   -0.5360    0.1892    1.6810    0.0000    0.0000    0.0000    0.0000    4.0560   -0.0264   -0.0017    1.0898  -15.5640 
   8.1941    0.0009    0.0000    0.0000   34.4014    0.4414   -0.0309   -0.3529    0.1892    1.6810    0.0000    0.0000    0.0000    0.0000    4.0560   -0.0181   -0.0032    1.0818  -14.8315 
   8.2366    0.0013    0.0000    0.0000   34.3929   -0.9014   -0.0309    0.0134    0.1892    1.6810    0.0000    0.0000    0.0000    0.0000    4.0560   -0.0125    0.0095    1.0740  -16.1743 
   8.2791    0.0009    0.0000    0.0000   34.3855    0.8686    1.1288    0.6847    0.1892    1.6810    0.0000    0.0000    0.0000    0.0000    4.0480   -0.0349    0.0173    1.0764  -14.4043 
   8.3216    0.0009    0.0000    0.0000   34.3863    0.5024    4.4247   -0.2308    0.1892    1.6810    0.0000    0.0000    0.0000    0.0000    4.0560    0.0024    0.0022    1.0776  -14.7705 
   8.3641    0.0009    0.0000    0.0000   34.3158    8.3759   31.5243   -9.5692    0.1892    1.6810    0.0000    0.0000    0.0000    0.0000    4.0560   -0.0854    0.0759    1.1184   -6.8970 
   8.4066    0.0013    0.0000    0.0000   32.7420  128.4931   29.8153  -66.9422    0.1892    1.6810    0.0000    0.0000    0.0000    0.0000    4.0480    0.0632   -0.1475    0.9666  113.2202 
   8.4491    0.0009    0.0000    0.0000   29.4272  -16.4043   -3.7540  -83.9100    0.1892    1.6810    0.0000    0.0000    0.0000    0.0000    4.0560    0.0344   -0.0134    1.1487  -31.6772 
   8.4916    0.0009    0.0000    0.0000   28.4182 -114.1827  -28.1071   75.8190    0.1892    1.6810    0.0000    0.0000    0.0000    0.0000    4.0480   -0.1084   -0.1147    1.1340 -129.4556 
   8.5341    0.0009    0.0000    0.0000   37.0338   -4.3804   -0.9464  310.3771    0.1892    1.6810    0.0000    0.0000    0.0000    0.0000    4.0560    0.0793    0.0601    1.0962  -19.6533 
   8.5766    0.0013    0.0000    0.0000   52.5872   24.5502    0.2132  385.8776    0.1892    1.6810    0.0000    0.0000    0.0000    0.0000    4.0480   -0.0488    0.0000    0.9993    9.2773 
   8.6191    0.0009    0.0000    0.0000   71.0856  -33.7994  -42.3893  442.2131    0.1892    1.6810    0.0000    0.0000    0.0000    0.0000    4.0480    0.0977   -0.0405    1.1240  -49.0723 
   8.6616    0.0009    0.0000    0.0000   88.2979  -17.1368   20.5379  417.0055    0.1892    1.6810    0.0000    0.0000    0.0000    0.0000    4.0480   -0.1526   -0.0540    1.1121  -32.4097 
   8.7041    0.0009    0.0000    0.0000  111.5002  -23.1792   43.4261  637.9529    0.1892    1.6810    0.0000    0.0000    0.0000    0.0000    4.0480   -0.0791    0.0596    1.0308  -38.4521 
   8.7466    0.0013    0.0000    0.0000  134.9454   -7.4322   -0.8244  408.5216    0.1892    1.6810    0.0000    0.0000    0.0000    0.0000    4.0480    0.0298    0.1118    1.1267  -22.7051 
   8.7891    0.0009    0.0000    0.0000  143.6044   -1.4507   -7.4162   47.8039    0.1892    1.6810    0.0000    0.0000    0.0000    0.0000    4.0480   -0.0500    0.0381    1.0764  -16.7236 
   8.8316    0.0009    0.0000    0.0000  144.2784    0.9296  -36.4689   15.8215    0.1892    1.6810    0.0000    0.0000    0.0000    0.0000    4.0480   -0.0593   -0.0032    1.1592  -14.3433 
   8.8741    0.0009    0.0000    0.0000  143.3283    2.6997    8.0257  -29.7108    0.1892    1.6810    0.0000    0.0000    0.0000    0.0000    4.0480   -0.1309   -0.0464    1.0737  -12.5732 
   8.9166    0.0013    0.0000    0.0000  142.9238  -19.8834   18.9510    0.9899    0.1892    1.6810    0.0000    0.0000    0.0000    0.0000    4.0480    0.0308    0.0623    1.0759  -35.1562 
   8.9591    0.0009    0.0000    0.0000  142.9148    1.9062  -21.0270    1.1120    0.1892    1.6810    0.0000    0.0000    0.0000    0.0000    4.0560   -0.0513   -0.0813    1.0525  -13.3667 
   9.0016    0.0009    0.0000    0.0000  142.9111   -5.1128   23.0404    0.1965    0.1892    1.6810    0.0000    0.0000    0.0000    0.0000    4.0560    0.0620   -0.0801    1.1030  -20.3857 
   9.0441    0.0009    0.0000    0.0000  142.9111    0.1362  -13.5197   -0.0477    0.1892    1.6810    0.0000    0.0000    0.0000    0.0000    4.0560   -0.0608   -0.0325    1.0803  -15.1367 
   9.0866    0.0013    0.0000    0.0000  142.8951   -3.5870   -2.8996   -0.2308    0.1892    1.6810    0.0000    0.0000    0.0000    0.0000    4.0560   -0.0249    0.0955    1.0388  -18.8599 
   9.1291    0.0009    0.0000    0.0000  142.8866   -2.7325    2.5326   -0.3529    0.1892    1.6810    0.0000    0.0000    0.0000    0.0000    4.0560    0.0142    0.0718    1.0579  -18.0054 
   9.1716    0.0009    0.0000    0.0000  142.8644   -1.2066   -2.5333   -0.1697    0.1892    1.6810    0.0000    0.0000    0.0000    0.0000    4.0480   -0.0051    0.0308    1.0886  -16.4795 
   9.2141    0.0009    0.0000    0.0000  142.8609   -0.1080   -1.9840   -0.2308    0.1892    1.6810    0.0000    0.0000    0.0000    0.0000    4.0560   -0.0186    0.0078    1.0818  -15.3809 
   9.2566    0.0013    0.0000    0.0000  142.8547    0.1362    1.4950   -0.2308    0.1892    1.6810    0.0000    0.0000    0.0000    0.0000    4.0480   -0.0137   -0.0117    1.0820  -15.1367 
   9.2991    0.0009    0.0000    0.0000  142.8445    0.6245   -0.3971   -0.3529    0.1892    1.6810    0.0000    0.0000    0.0000    0.0000    4.0560   -0.0076    0.0024    1.0757  -14.6484 
   9.3416    0.0009    0.0000    0.0000  142.8323   -0.7183    0.0301    0.1354    0.1892    1.6810    0.0000    0.0000    0.0000    0.0000    4.0480   -0.0029   -0.0034    1.0847  -15.9912 
   9.3841    0.0009    0.0000    0.0000  142.8114    0.9296    4.8519   -1.2684    0.1892    1.6810    0.0000    0.0000    0.0000    0.0000    4.0560   -0.0090   -0.0037    1.0876  -14.3433 
   9.4266    0.0013    0.0000    0.0000  143.1788   15.6391   58.8070    3.3093    0.1892    1.6810    0.0000    0.0000    0.0000    0.0000    4.0480    0.1394    0.0256    1.0049    0.3662 
   9.4691    0.0009    0.0000    0.0000  143.0816  -45.0909   -0.2140   61.5368    0.1892    1.6810    0.0000    0.0000    0.0000    0.0000    4.0480    0.0203   -0.3438    1.3020  -60.3638 
   9.5116    0.0009    0.0000    0.0000  150.1564  -71.6412   44.4027  160.5969    0.1892    1.6810    0.0000    0.0000    0.0000    0.0000    4.0480   -0.0344    0.4617    1.3215  -86.9141 
   9.5541    0.0010    0.0000    0.0000  151.6541  -42.7715   34.6371  -21.2879    0.1892    1.6810    0.0000    0.0000    0.0000    0.0000    4.0560    0.1665    0.4229    1.6367  -58.0444 
   9.5966    0.0013    0.0000    0.0000  150.2511  -41.4898   43.2430    4.5300    0.1892    1.6810    0.0000    0.0000    0.0000    0.0000    4.0560    0.1694    0.5564    1.5906  -56.7627 
   9.6391    0.0010    0.0000    0.0000  154.2200  -89.0362  -73.0900   87.1716    0.1892    1.6810    0.0000    0.0000    0.0000    0.0000    4.0560   -0.1277    0.3860    1.6567 -104.3091 
   9.6816    0.0009    0.0000    0.0000  157.3152 -145.5547  -52.2770   13.5632    0.1892    1.6810    0.0000    0.0000    0.0000    0.0000    4.0560   -0.3176    0.1589    1.4058    0.0000 
   9.7241    0.0009    0.0000    0.0000  156.8878 -144.5782  -41.2907  -68.3460    0.1892    1.6810    0.0000    0.0000    0.0000    0.0000    4.0560   -0.0818    0.4519    1.4272 -159.8511 
   9.7666    0.0013    0.0000    0.0000  154.3026 -127.0611   14.7396  -45.1527    0.1892    1.6810    0.0000    0.0000    0.0000    0.0000    4.0480   -0.1375    0.3992    1.1809 -142.3340 
   9.8091    0.0009    0.0000    0.0000  154.6544 -137.1319   10.8334    2.8820    0.1892    1.6810    0.0000    0.0000    0.0000    0.0000    4.0480   -0.0710    0.2849    0.9670 -152.4048 
   9.8516    0.0009    0.0000    0.0000  153.6725 -109.4219   17.2421  -51.1951    0.1892    1.6810    0.0000    0.0000    0.0000    0.0000    4.0560   -0.0542    0.2031    0.8342 -124.6948 
   9.8941    0.0009    0.0000    0.0000  149.6626  -63.6456   -8.4538  -99.5960    0.1892    1.6810    0.0000    0.0000    0.0000    0.0000    4.0480   -0.0393    0.2302    0.7417  -78.9185 
   9.9366    0.0013    0.0000    0.0000  146.2867  -50.7671 -177.2160  -12.9871    0.1892    1.6810    0.0000    0.0000    0.0000    0.0000    4.0560    0.4158    0.3538    0.7881  -66.0400 
   9.9791    0.0009    0.0000    0.0000  143.5421   -1.2066  -86.8229  -76.6468    0.1892    1.6810    0.0000    0.0000    0.0000    0.0000    4.0560   -0.1555    0.3535    0.6926  -16.4795 
  10.0216    0.0009    0.0000    0.0000  138.5161   39.6259  -86.2736 -102.7698    0.1892    1.6810    0.0000    0.0000    0.0000    0.0000    4.0480    0.0652    0.3296    0.6172   24.3530 
  10.0641    0.0009    0.0000    0.0000  133.3982   55.0678 -133.3927   -2.6722    0.1892    1.6810    0.0000    0.0000    0.0000    0.0000    4.0560   -0.0774    0.2791    0.6052   39.7949 
  10.1066    0.0013    0.0000    0.0000  134.5728   68.0073   69.3050   30.4699    0.1892    1.6810    0.0000    0.0000    0.0000    0.0000    4.0480   -0.0151    0.3386    0.7314   52.7344 
  10.1491    0.0009    0.0000    0.0000  133.9431  125.6245   40.1302    0.9289    0.1892    1.6810    0.0000    0.0000    0.0000    0.0000    4.0480   -0.1233    0.3796    0.9038  110.3516 
  10.1916    0.0009    0.0000    0.0000  133.5829  128.4321   58.3797  -23.3631    0.1892    1.6810    0.0000    0.0000    0.0000    0.0000    4.0560   -0.0762    0.5728    0.9963  113.1592 
  10.2341    0.0010    0.0000    0.0000  131.7868   96.7548   54.7787  -39.5374    0.1892    1.6810    0.0000    0.0000    0.0000    0.0000    4.0480   -0.0176    0.3877    1.1357   81.4819 
  10.2766    0.0013    0.0000    0.0000  130.7628    9.1083   35.2474   -4.9305    0.1892    1.6810    0.0000    0.0000    0.0000    0.0000    4.0560   -0.0354    0.3960    0.8757   -6.1646 
  10.3191    0.0009    0.0000    0.0000  132.3914  152.6630   23.1625   78.5656    0.1892    1.6810    0.0000    0.0000    0.0000    0.0000    4.0480    0.1733    0.3389    1.0459  137.3901 
  10.3616    0.0009    0.0000    0.0000  137.1168  202.2236   -7.0499  103.4069    0.1892    1.6810    0.0000    0.0000    0.0000    0.0000    4.0480   -0.0713    0.1555    1.1262  186.9507 
  10.4041    0.0009    0.0000    0.0000  141.8503  140.5170  -17.6701  104.9328    0.1892    1.6810    0.0000    0.0000    0.0000    0.0000    4.0480   -0.0061    0.0408    1.1428  125.2441 
  10.4466    0.0013    0.0000    0.0000  145.9144   65.8710  -54.8405  122.1447    0.1892    1.6810    0.0000    0.0000    0.0000    0.0000    4.0480   -0.0408    0.0413    1.1504   50.5981 
  10.4891    0.0009    0.0000    0.0000  150.4177  188.7348   22.9183   76.5514    0.1892    1.6810    0.0000    0.0000    0.0000    0.0000    4.0560   -0.0479   -0.1389    1.1326  173.4619 
  10.5316    0.0009    0.0000    0.0000  152.9509  172.0112   31.0360   46.0339    0.1892    1.6810    0.0000    0.0000    0.0000    0.0000    4.0480    0.0405   -0.2292    1.0159  156.7383 
  10.5741    0.0009    0.0000    0.0000  152.3642   52.7485  -24.7501  -22.0814    0.1892    1.6810    0.0000    0.0000    0.0000    0.0000    4.0560   -0.0618   -0.3000    1.0950   37.4756 
  10.6166    0.0013    0.0000    0.0000  152.8372   -5.2959   48.4310   54.2126    0.1892    1.6810    0.0000    0.0000    0.0000    0.0000    4.0480   -0.0427   -0.2234    0.9963  -20.5688 
  10.6591    0.0009    0.0000    0.0000  156.9859  -14.3292   -6.3786  110.3649    0.1892    1.6810    0.0000    0.0000    0.0000    0.0000    4.0560   -0.0947   -0.0540    1.0002  -29.6021 
  10.7016    0.0009    0.0000    0.0000  161.7607  -16.7706  -89.8136   93.7023    0.1892    1.6810    0.0000    0.0000    0.0000    0.0000    4.0560    0.0051   -0.2449    0.8882    0.0000 
  10.7441    0.0009    0.0000    0.0000  162.7585   -6.7608  -93.4147  -80.4310    0.1892    1.6810    0.0000    0.0000    0.0000    0.0000    4.0480   -0.1748   -0.0630    1.0010  -22.0337 
  10.7866    0.0013    0.0000    0.0000  161.9761  -14.8785 -103.2413   83.0212    0.1892    1.6810    0.0000    0.0000    0.0000    0.0000    4.0560   -0.2410   -0.2415    1.0691    0.0000 
  10.8291    0.0009    0.0000    0.0000  163.7742  -71.4581  -71.9913  -26.6590    0.1892    1.6810    0.0000    0.0000    0.0000    0.0000    4.0480   -0.0769   -0.1411    0.7224  -86.7310 
  10.8716    0.0009    0.0000    0.0000  164.4278 -150.4986   53.9852   25.7702    0.1892    1.6810    0.0000    0.0000    0.0000    0.0000    4.0480   -0.4741    0.0566    1.2178    0.0000 
  10.9141    0.0010    0.0000    0.0000  166.9143   -3.1597   58.2577   55.9826    0.1892    1.6810    0.0000    0.0000    0.0000    0.0000    4.0480   -0.1926   -0.1272    1.1272  -18.4326 
  10.9566    0.0013    0.0000    0.0000  170.3575  -18.1744   81.5731   95.2282    0.1892    1.6810    0.0000    0.0000    0.0000    0.0000    4.0560    0.0146   -0.1606    0.8860    0.0000 
  10.9991    0.0009    0.0000    0.0000  171.8494   49.8798  132.2323  -30.0770    0.1892    1.6810    0.0000    0.0000    0.0000    0.0000    4.0560   -0.0999    0.0581    0.9431   34.6069 
  11.0416    0.0009    0.0000    0.0000  171.5103  -85.8013  -82.0621   51.4050    0.1892    1.6810    0.0000    0.0000    0.0000    0.0000    4.0480    0.2024   -0.0596    0.9563    0.0000 
  11.0841    0.0009    0.0000    0.0000  175.1301  -48.2037 -151.7643   78.9318    0.1892    1.6810    0.0000    0.0000    0.0000    0.0000    4.0560    0.0337   -0.0430    0.9697  -63.4766 
  11.1266    0.0013    0.0000    0.0000  176.7927  -59.0069 -112.3966    8.8635    0.1892    1.6810    0.0000    0.0000    0.0000    0.0000    4.0560   -0.3015    0.0181    1.2595  -74.2798 
  11.1691    0.0009    0.0000    0.0000  177.9105  -79.7588  -59.0519   11.2438    0.1892    1.6810    0.0000    0.0000    0.0000    0.0000    4.0560   -0.1458   -0.0049    1.1082  -95.0317 
  11.2116    0.0009    0.0000    0.0000  178.6154   18.0805   76.0799    2.8820    0.1892    1.6810    0.0000    0.0000    0.0000    0.0000    4.0480   -0.2908    0.0063    1.1016    0.0000 
  11.2541    0.0009    0.0000    0.0000  177.2069   65.8710   19.7445  -49.4251    0.1892    1.6810    0.0000    0.0000    0.0000    0.0000    4.0560   -0.1536    0.0815    0.8738   50.5981 
  11.2966    0.0013    0.0000    0.0000  172.8854   67.3359    6.9881  -99.5960    0.1892    1.6810    0.0000    0.0000    0.0000    0.0000    4.0560   -0.3403    0.1182    0.9629    0.0000 
  11.3391    0.0009    0.0000    0.0000  171.1059   24.4892   61.7977   -5.6629    0.1892    1.6810    0.0000    0.0000    0.0000    0.0000    4.0560   -0.2925    0.0833    1.0667    9.2163 
  11.3816    0.0009    0.0000    0.0000  169.2350   44.4477   28.8998  -75.3651    0.1892    1.6810    0.0000    0.0000    0.0000    0.0000    4.0560   -0.1497    0.0232    1.0068    0.0000 
  11.4241    0.0009    0.0000    0.0000  166.7041   15.1508    1.9222  -22.7528    0.1892    1.6810    0.0000    0.0000    0.0000    0.0000    4.0560   -0.2466    0.1145    1.0840   -0.1221 
  11.4666    0.0013    0.0000    0.0000  166.1237    3.4321   -4.5475  -12.4988    0.1892    1.6810    0.0000    0.0000    0.0000    0.0000    4.0480   -0.1055    0.0200    1.0750    0.0000 
  11.5091    0.0009    0.0000    0.0000  166.3190   14.9067   28.2284   18.0798    0.1892    1.6810    0.0000    0.0000    0.0000    0.0857    4.0480   -0.0886   -0.0649    1.1287   -0.3662 
  11.5516 4294.9458    0.3456    1.3349  166.2846  -21.2872   -6.8668  -17.4427    0.1126    0.6756    0.0000    0.0000    1.1272    0.1584    4.0480   -0.0503   -0.0476    1.0139    0.0000 
  11.5941 4294.9033   -0.5085    0.5635  165.2616   13.9912   16.2655  -27.5135    0.1126    0.6756    0.0000    0.0000    1.1272    0.1584    4.0560   -0.0789    0.0320    1.0112   -1.2817 
  11.7041    0.0009    0.0000    0.0000  166.0756    5.1411   -9.6134   12.5866    0.1126    0.6756    0.0000    0.0000    0.0000    0.0680    4.0560   -0.1497   -0.0188    1.0503  -10.1318 
  11.7466    0.0013    0.0000    0.0000  167.0186   -0.0469    4.7298   23.3288    0.1126    0.6756    0.0000    0.0000    0.0000    0.0000    4.0560   -0.0679   -0.0068    1.0217    0.0000 
  11.7891    0.0009    0.0000    0.0000  167.9599   11.2446   -9.6134   18.7512    0.1126    0.6756    0.0000    0.0000    0.0000    0.0000    4.0560   -0.1155   -0.0122    1.0315   -4.0283 
  11.8316    0.0009    0.0000    0.0000  168.0229    4.8359   20.7821   -2.8553    0.1126    0.6756    0.0000    0.0000    0.0000    0.0000    4.0560   -0.1399   -0.0134    1.0605    0.0000 
  11.8741    0.0009    0.0000    0.0000  168.8708    2.3334   -6.0123   34.4982    0.1126    0.6756    0.0000    0.0000    0.0000    0.0000    4.0480   -0.0586   -0.0696    1.0898  -12.9395 
  11.9166    0.0013    0.0000    0.0000  169.5014   -2.6104  -20.3556   -2.8553    0.1126    0.6756    0.0000    0.0000    0.0000    0.0000    4.0480   -0.1980   -0.0588    1.1926  -17.8833 
  11.9591    0.0009    0.0000    0.0000  169.0811  -12.6202    4.3636   -5.2967    0.1126    0.6756    0.0000    0.0000    0.0000    0.0000    4.0480   -0.1680    0.0171    1.1470  -27.8931 
  12.0016    0.0009    0.0000    0.0000  169.0428   -5.1128   18.4017   -2.5501    0.1126    0.6756    0.0000    0.0000    0.0000    0.0000    4.0560   -0.0962   -0.0205    1.0767    0.0000 
  12.0441    0.0009    0.0000    0.0000  169.1508  -10.7891    5.6454   -2.8553    0.1126    0.6756    0.0000    0.0000    0.0000    0.0000    4.0480   -0.0542   -0.0168    1.0437  -26.0620 
  12.1216 4294.9209    1.4032    0.5237  168.8496   -0.5962   -1.3126    6.1169    0.1126    0.6756    0.0000    0.0000    0.0000    0.0000    4.0560   -0.0784   -0.0337    1.0872    0.0000 
  12.1641 4294.8784   -0.3569   -0.7161  169.2490  -10.4839   24.6883   15.6994    0.1126    0.6756    0.0000    0.0000    0.0000    0.0000    4.0480   -0.0781    0.0022    1.0925  -25.7568 
  12.2066 4294.8359   -0.5983    0.2731  169.8132    1.7841    4.4247    1.4172    0.1126    0.6756    0.0000    0.0000    0.0000    0.0000    4.0480   -0.0647   -0.0054    1.0686  -13.4888 
  12.2491 4294.7930    0.3553   -0.8214  169.6989   -1.2066   -1.7399    1.4172    0.1126    0.6756    0.0000    0.0000    0.0000    0.0000    4.0560   -0.0984   -0.0061    1.0938  -16.4795 
  12.2916 4294.7505   -1.1403   -1.5053  169.8081   -1.1456   18.2796    5.3234    0.1126    0.6756    0.0000    0.0000    0.0000    0.0000    4.0560   -0.0901    0.0129    1.0659  -16.4185 
  12.3341 4294.7080    0.7589    0.5578  170.0399    6.6059    4.6688   -0.4749    0.1126    0.6756    0.0000    0.0000    0.0000    0.0000    4.0560   -0.0242   -0.0481    1.0740   -8.6670 
  12.3766 4294.6655    1.3327    0.8285  169.8753   -0.5962   -4.9137   -4.9305    0.1126    0.6756    0.0000    0.0000    0.0000    0.0000    4.0480   -0.0547   -0.0330    1.0891  -15.8691 
  12.4191 4294.6230    0.5982    1.0604  169.7706    4.5917    7.1102    1.7834    0.1126    0.6756    0.0000    0.0000    0.0000    0.0000    4.0560   -0.0427   -0.0193    1.0706  -10.6812 
  12.4616 4294.5806    1.8205    1.9634  169.8553  -15.4278    4.0585   -3.8929    0.1126    0.6756    0.0000    0.0000    0.0000    0.0000    4.0560   -0.0374   -0.0388    1.0862    0.0000 
  12.5041 4294.5381    0.0729    1.1359  169.5039   -1.5728    1.2508   -4.1370    0.1126    0.6756    0.0000    0.0000    0.0000    0.0000    4.0560   -0.0396   -0.0100    1.0759  -16.8457 
  12.5466 4294.4956    0.5945    1.8508  169.6473    8.4980    5.9505    8.4362    0.1126    0.6756    0.0000    0.0000    0.0000    0.0000    4.0560   -0.0266   -0.0195    1.0657   -6.7749 
  12.5891 4294.4531    0.8877    0.2056  169.7634    4.7138   -3.5709   -4.1981    0.1126    0.6756    0.0000    0.0000    0.0000    0.0000    4.0560   -0.0657   -0.0154    1.0945  -10.5591 
  12.6316 4294.4106    1.0993    1.2321  169.5667    5.0190   13.9462   -1.6346    0.1126    0.6756    0.0000    0.0000    0.0000    0.0000    4.0560   -0.0107   -0.0371    1.0906  -10.2539 
  12.6741 4294.3682    1.7985    1.8339  169.5208   -1.0845   -4.6696   -3.5267    0.1126    0.6756    0.0000    0.0000    0.0000    0.0000    4.0560   -0.0349   -0.0369    1.0718  -16.3574 
  12.7566    0.0013    0.0000    0.0000  169.3430   -4.1363    1.0067    5.2013    0.1126    0.6756    0.0000    0.0000    0.0000    0.0000    4.0480   -0.0200   -0.0254    1.0989    0.0000 
  12.7991    0.0009    0.0000    0.0000  169.2009  -32.0293   10.7723  -12.6820    0.1126    0.6756    0.0000    0.0000    0.0000    0.0000    4.0480   -0.0288   -0.0291    1.0862  -47.3022 
  12.8416    0.0009    0.0000    0.0000  168.9405    0.0141    4.7298    4.7741    0.1126    0.6756    0.0000    0.0000    0.0000    0.0000    4.0560   -0.0178   -0.0142    1.0669    0.0000 
  12.8841    0.0009    0.0000    0.0000  169.1440   -1.1456   -0.9464   -0.1087    0.1126    0.6756    0.0000    0.0000    0.0000    0.0000    4.0480   -0.0259    0.0125    1.0696  -16.4185 
  12.9266    0.0013    0.0000    0.0000  169.2878   -0.3521   -2.7164    3.2482    0.1126    0.6756    0.0000    0.0000    0.0000    0.0000    4.0560   -0.0137   -0.0334    1.0906    0.0000 
  12.9691    0.0009    0.0000    0.0000  169.0790    1.7841   -3.8151   -5.9681    0.1126    0.6756    0.0000    0.0000    0.0000    0.0000    4.0560   -0.0518   -0.0061    1.0938  -13.4888 
  13.0116    0.0009    0.0000    0.0000  169.1292    0.9296   -0.8244    0.4406    0.1126    0.6756    0.0000    0.0000    0.0000    0.0000    4.0560   -0.0137   -0.0120    1.0833    0.0000 
  13.0541    0.0009    0.0000    0.0000  169.0602    6.5449    0.1522    5.3845    0.1126    0.6756    0.0000    0.0000    0.0000    0.0000    4.0480   -0.0454   -0.0112    1.0820   -8.7280 
  13.0966    0.0013    0.0000    0.0000  169.2625    4.2866   -3.3878   -4.0150    0.1126    0.6756    0.0000    0.0000    0.0000    0.0000    4.0560   -0.0215   -0.0237    1.0698  -10.9863 
  13.1391    0.0011   -0.0244    0.1303  169.1170   11.4277   -1.1295    3.8586    0.3751   -0.5862    0.0000   -0.0000    0.2818    0.1030    4.0560   -0.0083   -0.0093    1.0779   -0.0624 
  13.1816    0.0010   -0.8859    0.7400  168.6984  -21.9585    4.6688    6.4831    0.1173   -0.9583    0.0000   -0.0000    0.2818    0.1898    3.5600    0.0491    0.1743    1.2986   -0.1082 
  13.2241    0.0010   -1.6721   -0.0559  168.6940   -9.2022  -10.6510  -73.7171   -0.4864   -1.1567    0.0000   -0.0000    0.2818    0.1898    3.2000    0.3979    0.1448    0.9011    1.2915 
  13.2666    0.0014   -1.1379   -0.2524  168.7966   85.1581   -9.2472   28.2726   -0.2602   -0.3382    0.0000   -0.0000    0.2818    0.1950    3.3600   -0.1165   -0.4053    1.4233   -0.4885 
  13.3091    0.0010   -2.0494    1.4211  173.8166   32.9121   65.1546   -2.4280   -0.6120   -0.9091    0.0000   -0.0000    0.2818    0.1847    3.4160    0.1096    0.2480    1.3274    0.0473 
  13.3516    0.0010   -0.3804    1.5123  173.1810   41.8232  -14.8624    4.1638   -0.2056   -1.4821    0.0000   -0.0000    0.5636    0.1637    3.7040   -0.7996   -0.6594    1.6140   -0.0628 
  13.3941    0.0010   -0.2494    0.0249  173.6928  -43.8091  -38.1168   14.2956    0.9918   -1.3930    0.0000   -0.0000    0.2818    0.1312    3.7360   -0.5654    0.2559    0.6218   -0.2446 
  13.4366    0.0013    0.0000    0.0000  174.0768  -65.4766  -28.1071  -13.1702    0.9918   -1.3930    0.0000    0.0000    0.0000    0.0000    4.0320   -0.1628    0.9414    1.1023    0.0000 
  13.4791    0.0009    0.0000    0.0000  173.6040    2.7607    1.0067   13.7463    0.9918   -1.3930    0.0000    0.0000    0.0000    0.0000    4.0400   -0.0232   -0.5513    1.1565  -12.5122 
  13.5216    0.0009    0.0000    0.0000  174.5484  -15.1836   -1.2516    0.7458    0.9918   -1.3930    0.0000    0.0000    0.0000    0.0000    4.0400    0.0564   -0.1655    1.5566    0.0000 
  13.5641    0.0009    0.0000    0.0000  174.4173   -2.5494  -12.9093   -8.8367    0.9918   -1.3930    0.0000    0.0000    0.0000    0.0000    4.0400    0.1375    0.4871    0.6846  -17.8223 
  13.6066    0.0013    0.0000    0.0000  174.6490   -8.8360   25.7259   12.8918    0.9918   -1.3930    0.0000    0.0000    0.0000    0.0000    4.0400   -0.2202    0.1838    0.7517    0.0000 
  13.6491    0.0009    0.0000    0.0000  174.4133  -34.4708   -7.3551  -16.3441    0.9918   -1.3930    0.0000    0.0000    0.0000    0.0000    4.0400   -0.0398    0.0908    1.1135  -49.7437 
  13.6916    0.0009    0.0000    0.0000  174.1332   -1.2676   -0.1530    5.8117    0.9918   -1.3930    0.0000    0.0000    0.0000    0.0000    4.0400   -0.0942   -0.1033    0.9680    0.0000 
  13.7341    0.0009    0.0000    0.0000  174.6407   -3.5870   13.8241   19.2394    0.9918   -1.3930    0.0000    0.0000    0.0000    0.0000    4.0400   -0.0256    0.0144    0.9333  -18.8599 
  13.7766    0.0013    0.0000    0.0000  174.5504   -9.7515   15.4110  -13.4144    0.9918   -1.3930    0.0000    0.0000    0.0000    0.0000    4.0400    0.0513    0.0239    1.1536    0.0000 
  13.8191    0.0009    0.0000    0.0000  174.3791   20.7050    7.1712    3.3093    0.9918   -1.3930    0.0000    0.0000    0.0000    0.0000    4.0400   -0.0002    0.0010    1.0156    5.4321 
  13.8616    0.0009    0.0000    0.0000  174.4788   12.7705   28.2894    5.0182    0.9918   -1.3930    0.0000    0.0000    0.0000    0.0000    4.0400   -0.0276   -0.0398    1.1155    0.0000 
  13.9041    0.0009    0.0000    0.0000  174.6684    3.5541   22.0638    3.7365    0.9918   -1.3930    0.0000    0.0000    0.0000    0.0000    4.0400    0.0566   -0.0320    1.0835  -11.7188 
  13.9466    0.0013    0.0000    0.0000  174.6159    3.4321   13.1527    0.6847    0.9918   -1.3930    0.0000    0.0000    0.0000    0.0000    4.0400   -0.0935    0.0142    1.1001    0.0000 
  13.9891    0.0009    0.0000    0.0000  174.8692    6.3618   13.8241    0.5016    0.9918   -1.3930    0.0000    0.0000    0.0000    0.0000    4.0400    0.0901   -0.0500    1.0437   -8.9111 
  14.0316    0.0009    0.0000    0.0000  174.1920  -12.2540    7.7816  -23.6683    0.9918   -1.3930    0.0000    0.0000    0.0000    0.0000    4.0400   -0.0105   -0.0051    1.0659    0.0000 
  14.0741    0.0009    0.0000    0.0000  174.0583    3.0659   -1.1906    2.2717    0.9918   -1.3930    0.0000    0.0000    0.0000    0.0000    4.0400    0.0679   -0.0452    1.0811  -12.2070 
  14.1166    0.0013    0.0000    0.0000  174.0105    6.0566   16.2655   -3.3436    0.9918   -1.3930    0.0000    0.0000    0.0000    0.0000    4.0400    0.0342   -0.0286    1.0945    0.0000 
  14.1591    0.0009    0.0000    0.0000  173.9734   -6.7608    0.3963   -3.0384    0.9918   -1.3930    0.0000    0.0000    0.0000    0.0000    4.0480    0.0701   -0.0291    1.0742  -22.0337 
  14.2016    0.0009    0.0000    0.0000  173.9300    1.1127    0.2743    0.5016    0.9918   -1.3930    0.0000    0.0000    0.0000    0.0000    4.0400    0.0535   -0.0186    1.0508  -14.1602 
  14.2441    0.0009    0.0000    0.0000  173.9013    1.1738    0.8236   -0.0477    0.9918   -1.3930    0.0000    0.0000    0.0000    0.0000    4.0480    0.0315   -0.0349    1.1016  -14.0991 
  14.2866    0.0013    0.0000    0.0000  174.0276    1.2348    7.7816    5.5065    0.9918   -1.3930    0.0000    0.0000    0.0000    0.0000    4.0400    0.0701   -0.0271    1.1052    0.0000 
  14.3291    0.0009    0.0000    0.0000  174.0513   -9.5684    8.7582   -1.1463    0.9918   -1.3930    0.0000    0.0000    0.0000    0.0000    4.0400    0.0640   -0.0076    1.0720  -24.8413 
  14.3716    0.0009    0.0000    0.0000  174.0422   -1.5118    3.1429   -3.2215    0.9918   -1.3930    0.0000    0.0000    0.0000    0.0000    4.0400    0.0557   -0.0037    1.0437  -16.7847 
  14.4141    0.0009    0.0000    0.0000  173.9566   10.8173    1.0067   -1.3294    0.9918   -1.3930    0.0000    0.0000    0.0000    0.0000    4.0400    0.0679   -0.0073    1.0581   -4.4556 
  14.4566    0.0013    0.0000    0.0000  174.1632    5.7514    4.9740    4.2248    0.9918   -1.3930    0.0000    0.0000    0.0000    0.0000    4.0400    0.0896   -0.0344    1.0991   -9.5215 
  14.4991    0.0009    0.0000    0.0000  174.0434   -0.6573    2.1053   -5.7239    0.9918   -1.3930    0.0000    0.0000    0.0000    0.0000    4.0480    0.0640   -0.0073    1.0928  -15.9302 
  14.5416    0.0009    0.0000    0.0000  173.9584   -5.6011   -3.8761   -1.6346    0.9918   -1.3930    0.0000    0.0000    0.0000    0.0000    4.0400    0.0786   -0.0203    1.0620  -20.8740 
  14.5841    0.0009    0.0000    0.0000  173.8214    7.3383    0.5795   -2.5501    0.9918   -1.3930    0.0000    0.0000    0.0000    0.0000    4.0400    0.0781   -0.0171    1.0691   -7.9346 
  14.6266    0.0013    0.0000    0.0000  173.7483   -4.1363   -7.7824   -1.5125    0.9918   -1.3930    0.0000    0.0000    0.0000    0.0000    4.0400    0.0610   -0.0129    1.0896  -19.4092 
  14.6691    0.0009    0.0000    0.0000  173.7421    9.4135    2.2884    1.2341    0.9918   -1.3930    0.0000    0.0000    0.0000    0.0000    4.0480    0.0652   -0.0364    1.0752   -5.8594 
  14.7116    0.0009    0.0000    0.0000  173.7706    4.7138   -2.9606   -0.8411    0.9918   -1.3930    0.0000    0.0000    0.0000    0.0000    4.0480    0.0369   -0.0144    1.0776    0.0000 
  14.7541    0.0009    0.0000    0.0000  173.7061   -0.8404    3.1429   -4.5032    0.9918   -1.3930    0.0000    0.0000    0.0000    0.0000    4.0400    0.0903   -0.0549    1.0745  -16.1133 
  14.7966    0.0013    0.0000    0.0000  173.5405    1.8452   -3.2047   -2.9774    0.9918   -1.3930    0.0000    0.0000    0.0000    0.0377    4.0480    0.0605   -0.0295    1.0735    0.0000 
  14.8391    0.0009    0.0000    0.0000  173.5243   -2.4273   -4.3644   -1.8177    0.9918   -1.3930    0.0000    0.0000    0.0000    0.0680    4.0480    0.0720   -0.0413    1.0874  -17.7002 
  14.8816    0.0009    0.0000    0.0000  173.5012    3.5541    1.6171    1.2341    0.9918   -1.3930    0.0000    0.0000    0.0000    0.0739    4.0400    0.0522   -0.0305    1.0898    0.0000 
  14.9241    0.0010   -0.2714    0.1440  173.6670   -3.1597  -10.6510   -4.8084   -0.3524    1.9571   -0.0000    0.0000    0.0000    0.2051    3.5280    0.2075   -0.0051    1.2878    0.0839 
  14.9666    0.0014   -0.9055    0.3588  173.6630   38.5273    9.3685   47.0104    0.5860    1.2513    0.0000    0.0000    0.2818    0.2151    3.3520    0.1230    0.4519    0.9714   -0.8156 
  15.0091    0.0010   -0.3816    0.5545  172.7480  -13.2916  -42.9386   32.9723   -0.1023    0.3700    0.0000    0.0000    0.0000    0.2151    3.2800   -0.1411    0.8096    1.2544   -0.5755 
  15.0516    0.0010   -0.3477   -0.9236  173.6221  -45.4571  -15.5338  -27.9407    0.2667    0.8406    0.0000    0.0000    0.2818    0.2151    3.3520    0.9041   -0.3506    0.5840    0.4926 
  15.0941    0.0010   -1.5134   -0.3527  172.7293   25.5268   45.2572   27.5402   -0.5164    1.2461    0.0000    0.0000    0.0000    0.2151    3.4160    0.5625    0.2678    0.1323   -0.4807 
  15.1366    0.0014    0.6701    1.1877  172.9081   28.8837   32.3788    6.5441    0.1530    0.8154    0.0000    0.0000    0.2818    0.2151    3.7120    0.0264   -1.1592    2.0571   -0.1093 
  15.1791    0.0010    3.0506    1.9763  177.2905    9.5966  -29.0226  -32.5184   -0.0388    0.8412   -0.0000    0.0000    0.2818    0.2151    3.6400    0.3379   -2.2498   -0.0012    0.5725 
  15.2216    0.0010    3.3497   -0.9934  180.2835   35.9028  -35.4923  -16.1610    0.6102    0.4291   -0.0000    0.0000    0.2818    0.2151    3.3840    0.0696   -0.1418    2.1406    0.2870 
  15.2641    0.0010    2.0848   -1.2877  179.5374  -12.5591   -3.6320    3.3093    0.3210    0.7642   -0.0000    0.0000    0.2818    0.2101    3.4800    0.2119    0.4612    1.3196   -0.0528 
  15.3066    0.0014    1.8634   -1.9275  179.5937  -12.4371    1.2508   -1.5125    0.1608   -0.1746   -0.0000    0.0000    0.5636    0.1898    3.4960   -0.2686   -0.6670    1.0286    0.0362 
  15.3491    0.0010    2.2051   -1.4955  179.6383   -8.4087    0.0912   -0.6580   -0.6059    1.5051   -0.0000    0.0000    0.2818    0.1847    3.5120    0.5000    0.2048    1.4514    0.0164 
  15.3916    0.0010    2.0912   -1.3455  179.6674  -14.3292   -7.7213    4.5910    0.0473    0.4521   -0.0000    0.0000    0.2818    0.1847    3.5120   -0.2800    0.0388    1.2527   -0.0752 
  15.4341    0.0010    2.0273   -1.9419  179.6955   -2.6714   -0.2140   -0.4749   -0.3716    0.2460   -0.0000    0.0000    0.5636    0.1795    3.5120    0.0190   -0.3926    1.7729    0.0181 
  15.4766    0.0014    1.5694   -1.8629  179.5744   -5.2959    0.0301   -0.2308   -0.3908    1.2002   -0.0000    0.0000    0.2818    0.1795    3.5040   -0.0293   -0.1399    2.6453    0.0089 
  15.5191    0.0010    1.5469   -1.6016  179.5047    0.0751   -1.2516   -9.5692    0.1100    1.1478   -0.0000    0.0000    0.2818    0.1743    3.5040    0.0083   -0.4456    0.7368    0.1719 
  15.5616    0.0010    1.3607   -0.9514  179.7785    9.2915   -0.1530   12.4035    0.1425    0.8743   -0.0000    0.0000    0.2818    0.1476    3.5040    0.2935   -0.2271    1.3838   -0.2116 
  15.6041    0.0009    0.0000    0.0000  179.8254   -2.4883   -0.7633   -1.1463    0.1863    0.2376    0.0000    0.0000    0.0000    0.0739    4.0080    0.3916    0.1396    1.0793  -17.7612 
  15.6466    0.0013    0.0000    0.0000  180.2523   -1.2066    1.7391   -2.4280    0.1863    0.2376    0.0000    0.0000    0.0000    0.0499    4.0080   -0.1724   -1.0183    0.8237  -16.4795 
  15.6891    0.0009    0.0000    0.0000  180.3500    5.9345    3.8754    1.4172    0.1863    0.2376    0.0000    0.0000    0.0000    0.0438    4.0160    0.6833   -0.6458    1.0430   -9.3384 
  15.7316    0.0009    0.0000    0.0000  180.4061   -1.0845    3.6312    4.7741    0.1863    0.2376    0.0000    0.0000    0.0000    0.0253    4.0080    0.0139   -0.4844    1.1191    0.0000 
  15.7741    0.0009    0.0000    0.0000  180.4424    0.6855    1.3119   -0.4139    0.1863    0.2376    0.0000    0.0000    0.0000    0.0127    4.0160   -0.2224   -0.1714    0.7322  -14.5874 
  15.8166    0.0013    0.0000    0.0000  180.2602   -2.5494    4.3026   -4.6253    0.1863    0.2376    0.0000    0.0000    0.0000    0.0127    4.0160   -0.0610   -0.1816    0.6580    0.0000 
  15.8591    0.0009    0.0000    0.0000  180.1607    8.9252    4.4247    0.0134    0.1863    0.2376    0.0000    0.0000    0.0000    0.0127    4.0160   -0.0342   -0.1353    0.4875   -6.3477 
  15.9016    0.0009    0.0000    0.0000  180.3103   -0.4742    1.8612    0.4406    0.1863    0.2376    0.0000    0.0000    0.0000    0.0127    4.0160    0.0967    0.0522    1.3579    0.0000 
  15.9441    0.0009    0.0000    0.0000  180.2074   -1.5118    1.8002   -0.9632    0.1863    0.2376    0.0000    0.0000    0.0000    0.0315    4.0160    0.0828    0.0420    1.1790  -16.7847 
  15.9866    0.0013    0.0000    0.0000  180.1032    4.8969    3.6312    0.3185    0.1863    0.2376    0.0000    0.0000    0.0000    0.0315    4.0240    0.0085   -0.0679    1.0391    0.0000 
  16.0291    0.0009    0.0000    0.0000  180.2074   -7.0660   -5.2189   -5.1746    0.1863    0.2376    0.0000    0.0000    0.0000    0.0377    4.0240    0.0796   -0.0605    1.0967  -22.3389 
  16.0716    0.0010   -0.2216    0.0359  180.1277    5.8735    4.7298   14.4787    0.4582    1.2854    0.0000    0.0000    0.0000    0.1637    3.5120   -0.0029   -0.0623    1.1011   -0.2527 
  16.1141    0.0010    0.0468   -0.5309  180.1616   16.1274  -24.9332   47.1325   -0.9836    1.6364   -0.0000    0.0000    0.0000    0.1847    3.2720   -0.1809    0.2192    1.0332   -0.8226 
  16.1566    0.0014   -0.1122   -0.5985  180.2285  -43.6260   14.0072  -21.7762    0.9076    1.5443    0.0000    0.0000    0.0000    0.1950    3.3600    0.2656   -1.3340    1.1074    0.3801 
  16.1991    0.0010   -1.7672    0.2908  179.8794    1.6010   34.6371   18.3239   -0.2807    1.4397    0.0000    0.0000    0.0000    0.2000    3.5680   -0.2334    0.8079    0.8765   -0.3198 
  16.2416    0.0010    0.7079    0.8956  180.0489   43.7153    4.1195   -8.5926   -0.3022    2.1048   -0.0000    0.0000    0.0000    0.1950    3.6400   -0.2507    0.7361    1.1255    0.1500 
  16.2841    0.0010    0.6899   -1.0427  180.5526  -10.8501  -51.5446   -0.9632   -0.5699    2.2095   -0.0000    0.0000    0.2818    0.1898    3.1840   -0.2822    1.4824    0.4695    0.0217 
  16.3266    0.0014    0.4492   -1.0374  179.6836  -34.8980    9.1244   29.4933   -0.2115    1.4603   -0.0000    0.0000    0.2818    0.1898    3.2000   -0.1741   -0.5496    0.8621   -0.5098 
  16.3691    0.0010    0.8323    1.0742  180.1510    8.4980   71.2582  -33.5560    0.1066    1.3417   -0.0000    0.0000    0.2818    0.1898    3.2160   -0.0503    1.1045    0.2021    0.5906 
  16.4116    0.0010    2.6286    3.1010  180.3422   61.0493  -27.0084   41.1511   -0.5409    0.5539   -0.0000    0.0000    0.2818    0.1898    3.2320    0.1409   -1.2485    1.9375   -0.7133 
  16.4541    0.0010    3.3391    2.5843  180.7171  -54.1851  -58.5636  -21.7152    0.3535    1.2598   -0.0000    0.0000    0.2818    0.1847    3.2160   -0.0320   -1.0103    1.4211    0.3839 
  16.4966    0.0014    0.8829    2.2602  180.1802  -18.4795   32.6839   20.5822    0.3184    1.1344   -0.0000    0.0000    0.2818    0.1743    3.2240    1.6843    0.2593    1.2593   -0.3543 
  16.5391    0.0010    1.0974    4.5361  180.1873   18.2636   35.6136  -34.3494   -0.4178    1.7813   -0.0000    0.0000    0.2818    0.1690    3.4000    0.3989   -0.6785    1.2412    0.6044 
  16.5816    0.0010    2.4685    4.2090  180.8352   44.0205  -17.9142   39.4421   -0.2955    1.9701   -0.0000    0.0000    0.2818    0.1637    3.2560   -0.7102    0.8662    1.7388   -0.6835 
  16.6241    0.0010    3.2566    1.6049  180.5286  -42.4053  -54.3522  -25.3773    0.0310    0.5989   -0.0000    0.0000    0.2818    0.1637    3.3040   -0.4863    0.9114    1.7390    0.4478 
  16.6666    0.0014    0.4357    1.5515  180.0930  -33.0669   16.1434    2.2106   -0.1565    2.3496   -0.0000    0.0000    0.2818    0.1637    3.2240   -0.2053    0.2385    1.1597   -0.0337 
  16.7091    0.0011    0.5114    2.3219  180.3917    1.9062   36.5292   -2.0618   -0.3015    0.5098   -0.0000   -0.0000    0.2818    0.1637    3.2720    0.6511   -0.2415    1.4307    0.0409 
  16.7516    0.0010   -0.0013    1.7128  180.7411   18.9960  -20.7218   -5.1746   -0.9274    2.1592   -0.0000    0.0000    0.2818    0.1637    3.2160   -0.2375    0.2627    1.4470    0.0952 
  16.7941    0.0010    0.3516    0.3691  180.8107   31.2641  -17.9752   42.4938   -0.2420    2.0186   -0.0000    0.0000    0.2818    0.1637    3.4640   -0.1899    0.4900    0.5725   -0.7367 
  16.8366    0.0014    0.4306    1.3541  180.5737  -24.7051   27.2518  -30.4432   -0.2282    1.7457   -0.0000    0.0000    0.2818    0.1367    3.2640   -0.1841   -0.3916    1.3613    0.5363 
  16.8791    0.0009    0.0000    0.0000  180.0492    5.0190   -8.5148   -1.3294   -0.7532    1.5720    0.0000    0.0000    0.0000    0.0739    3.9840   -0.9629    1.2598    1.4578  -10.2539 
  16.9216    0.0009    0.0000    0.0000  180.1924   -1.6949   -0.5192    0.3796   -0.7532    1.5720    0.0000    0.0000    0.0000    0.0680    3.9840    0.2339    1.2908    1.0320    0.0000 
  16.9641    0.0009    0.0000    0.0000  180.3171    6.6669   -7.1110    6.3610   -0.7532    1.5720    0.0000    0.0000    0.0000    0.0560    3.9840   -0.3130   -0.0994    2.1399   -8.6060 
  17.0066    0.0013    0.0000    0.0000  180.5070    3.5541   -7.3551    0.9899   -0.7532    1.5720    0.0000    0.0000    0.0000    0.0680    3.9920    0.1516    0.2366    1.4409    0.0000 
  17.0491    0.0009    0.0000    0.0000  180.4082   -2.1221   -5.7072    7.7038   -0.5959   -0.4509    0.0000    0.0000    0.0000    0.0000    3.9920   -0.1851   -0.3662    0.4197  -17.3950 
  17.1591 4294.8760   -0.4311   -0.9483  180.3756    2.9438   -6.1955   11.3049   -0.5959   -0.4509    0.0000    0.0000    0.0000    0.0000    3.9920   -0.0090    0.0881    0.8374  -12.3291 
  17.2016 4294.8335   -0.4953   -1.3069  181.0252  -12.8033  -12.4210   20.0329   -0.5959   -0.4509    0.0000    0.0000    0.0000    0.0000    3.9920    0.0352   -0.1089    0.9832    0.0000 
  17.2441 4294.7910   -1.3819   -2.1791  182.4535    8.5590   -4.9747   42.8600   -0.5959   -0.4509    0.0000    0.0000    0.0000    0.0000    3.9920   -0.1208   -0.0193    1.0918   -6.7139 
  17.2866 4294.7485   -0.9272   -3.3140  183.6939    0.8076  -12.5431   13.5021   -0.5959   -0.4509    0.0000    0.0000    0.0000    0.0000    3.9920   -0.0400   -0.1104    1.0637  -14.4653 
  17.3291 4294.7061   -1.2672   -3.9582  184.2555  -12.6202   -8.6369   17.5915   -0.5959   -0.4509    0.0000    0.0000    0.0000    0.0000    4.0000    0.0354    0.0300    1.0264  -27.8931 
  17.3716 4294.6636   -3.6440   -5.1200  184.9381  -26.7193  -11.5665   12.4645   -0.5959   -0.4509    0.0000    0.0000    0.0000    0.0000    4.0000   -0.0129    0.0657    1.0901    0.0000 
  17.4141 4294.6211   -2.6782   -4.9360  185.9318   14.2353    3.3260   36.2072   -0.5959   -0.4509    0.0000    0.0000    0.0000    0.0000    4.0000   -0.0149   -0.0862    1.0466   -1.0376 
  17.4566 4294.5786   -2.3216   -4.8457  186.8965  -13.7798   11.2606   -3.5877   -0.5959   -0.4509    0.0000    0.0000    0.0000    0.0000    4.0000   -0.0056    0.0281    1.0410  -29.0527 
  17.4991 4294.5361   -1.4049   -5.5772  186.1797   32.5458   11.3827   -4.5032   -0.5959   -0.4509    0.0000    0.0000    0.0000    0.0000    4.0000    0.0166   -0.0403    1.1631   17.2729 
  17.5416 4294.4937   -0.4301   -4.8345  187.1186   32.7900    7.5985   19.6056   -0.5959   -0.4509    0.0000    0.0000    0.0000    0.0000    4.0000    0.0308   -0.0400    1.1606   17.5171 
  17.5841 4294.4512   -1.1350   -4.8325  187.6295    9.9018   11.6878   20.5822   -0.5959   -0.4509    0.0000    0.0000    0.0000    0.0000    4.0000    0.0007   -0.0168    1.1094   -5.3711 
  17.6266 4294.4087    0.9726   -2.8130  189.9391   68.0683   39.0926   78.4435   -0.5959   -0.4509    0.0000    0.0000    0.0000    0.0000    4.0000    0.0327   -0.0647    1.0881   52.7954 
  17.6691 4294.3662    2.5910   -2.9656  193.9991   26.0151  -38.8493   92.5427   -0.5959   -0.4509    0.0000    0.0000    0.0000    0.0000    4.0000   -0.0811   -0.0317    1.1292   10.7422 
  17.7116 4294.3237    1.8084   -6.1929  197.3033  -13.2305  -56.9767   50.8556   -0.5959   -0.4509    0.0000    0.0000    0.0000    0.0000    4.0000   -0.0857   -0.0847    0.9868    0.0000 
  17.7541 4294.2812    1.5475   -8.9173  197.8230   29.6772   41.0458    8.0090   -0.5959   -0.4509    0.0000    0.0000    0.0000    0.0000    4.0000   -0.1880   -0.0386    1.0876   14.4043 
  17.7966 4294.2388    3.3322   -5.8597  199.3293   17.7143   69.9154   59.2785   -0.5959   -0.4509    0.0000    0.0000    0.0000    0.0000    4.0080    0.2212   -0.2170    1.0813    2.4414 
  17.8391 4294.1963    3.7736   -2.0700  200.2690  -22.5079   -9.6134  -36.3636   -0.5959   -0.4509    0.0000    0.0000    0.0000    0.0000    4.0000    0.2683   -0.2253    1.0547  -37.7808 
  17.8816 4294.1538    4.3351   -1.3446  197.6308  -15.5499  -18.8297  -70.6654   -0.5959   -0.4509    0.0000    0.0000    0.0000    0.0000    4.0000    0.2065   -0.2305    1.0466    0.0000 
  17.9241 4294.1113    5.3842    0.3539  195.7428    4.7138   -4.0592  -32.3353   -0.5959   -0.4509    0.0000    0.0000    0.0000    0.0000    4.0080    0.1731   -0.1560    1.0413  -10.5591 
  17.9666 4294.0688    4.1442    1.6841  195.4194  -10.2398  -23.8956   -7.1278   -0.5959   -0.4509    0.0000    0.0000    0.0000    0.0000    4.0080    0.1221   -0.0979    0.9614  -25.5127 
  18.0091 4294.0264    2.5812   -0.9828  194.9179   11.0615  -27.3746   -8.1043   -0.5959   -0.4509    0.0000    0.0000    0.0000    0.0000    4.0080    0.0017   -0.0569    1.0483   -4.2114 
  18.0516 4293.9834    2.0161   -4.1086  194.4147   13.5029  -20.7218  -14.9403   -0.5959   -0.4509    0.0000    0.0000    0.0000    0.0000    4.0080   -0.0725   -0.0593    1.0747    0.0000 
  18.0941 4293.9409    2.4127   -6.9348  193.3887   19.3012   -7.4772  -17.6258   -0.5959   -0.4509    0.0000    0.0000    0.0000    0.0000    4.0080   -0.0486   -0.1243    1.1064    4.0283 
  18.1366 4293.8984    5.1812   -8.7466  192.6361   18.9960  -12.6041   -8.3485   -0.5959   -0.4509    0.0000    0.0000    0.0000    0.0000    4.0080   -0.0925   -0.1821    1.1602    3.7231 
  18.1791 4293.8560    4.8208   -8.2999  192.1946   -0.3521    1.9833  -20.4334   -0.5959   -0.4509    0.0000    0.0000    0.0000    0.0000    4.0080   -0.0466   -0.1353    1.0698  -15.6250 
  18.2216 4293.8135    4.0777   -5.9475  191.4084    5.3852    6.0726  -20.9217   -0.5959   -0.4509    0.0000    0.0000    0.0000    0.0000    4.0080   -0.0024   -0.1028    1.0486    0.0000 
  18.2641 4293.7710    3.6794   -4.0293  191.1792    6.1787    6.7440   -4.4422   -0.5959   -0.4509    0.0000    0.0000    0.0000    0.0000    4.0080    0.0181   -0.1174    1.0808   -9.0942 
  18.3066 4293.7285    4.2715   -6.1405  190.5551    5.9956    2.3495  -14.3909   -0.5959   -0.4509    0.0000    0.0000    0.0000    0.0000    4.0080   -0.0308   -0.1348    1.1135   -9.2773 
  18.3491 4293.6860    6.8407   -6.5746  189.7997    7.8266   12.4203  -11.0340   -0.5959   -0.4509    0.0000    0.0000    0.0000    0.0000    4.0080   -0.0403   -0.1965    1.1169   -7.4463 
  18.3916 4293.6436    7.5756   -6.0555  189.3753    3.8593   15.0448  -13.4144   -0.5959   -0.4509    0.0000    0.0000    0.0000    0.0000    4.0000   -0.0229   -0.2065    1.0903    0.0000 
  18.4341 4293.6011    8.6130   -4.3397  188.8041    6.1787   14.6786  -18.9075   -0.5959   -0.4509    0.0000    0.0000    0.0000    0.0000    4.0080    0.0144   -0.2109    1.0891   -9.0942 
  18.4766 4293.5586   10.0096   -2.3126  188.5274    8.9863   21.3314   -9.0809   -0.5959   -0.4509    0.0000    0.0000    0.0000    0.0000    4.0000    0.0540   -0.2393    1.0457   -6.2866 
  18.5191 4293.5161    9.6136    0.3003  188.3908   -1.0235   12.6034  -18.9686   -0.5959   -0.4509    0.0000    0.0000    0.0000    0.0000    4.0080    0.1018   -0.1887    0.9812  -16.2964 
  18.5616 4293.4736    7.7135    0.0642  187.5249    5.0190   -5.4020  -17.3206   -0.5959   -0.4509    0.0000    0.0000    0.0000    0.0000    4.0080    0.0488   -0.1436    0.9707    0.0000 
  18.6041 4293.4312    7.4828   -1.0517  186.7553   21.2543   11.8710   -9.5081   -0.5959   -0.4509    0.0000    0.0000    0.0000    0.0000    4.0080    0.0659   -0.1926    1.0127    5.9814 
  18.6466 4293.3887    7.5908    0.6682  187.1452   13.5639   -2.7164    4.6520   -0.5959   -0.4509    0.0000    0.0000    0.0000    0.0000    4.0080    0.0994   -0.1829    1.0344   -1.7090 
  18.6891 4293.3462    6.3701   -0.1884  186.9272    3.6152   -7.7824   -5.7239   -0.5959   -0.4509    0.0000    0.0000    0.0000    0.0000    4.0080    0.0820   -0.1646    1.0325  -11.6577 
  18.7316 4293.3037    5.8578   -2.8072  186.4506   11.8549   -8.7589   -0.7191   -0.5959   -0.4509    0.0000    0.0000    0.0000    0.0000    4.0080    0.0188   -0.1616    1.0603    0.0000 
  18.7741 4293.2612    6.9914   -4.5838  186.4444    0.9907  -10.5289    2.0275   -0.5959   -0.4509    0.0000    0.0000    0.0000    0.0000    4.0080    0.0000   -0.2009    1.1072  -14.2822 
  18.8166 4293.2188    8.3172   -3.9873  186.2714   -4.8687   -6.4396  -12.0716   -0.5959   -0.4509    0.0000    0.0000    0.0000    0.0000    4.0160    0.0371   -0.2034    1.0537  -20.1416 
  18.8591 4293.1763    7.4479   -5.6287  185.7386   -7.2491  -16.9376   -9.0809   -0.5959   -0.4509    0.0000    0.0000    0.0000    0.0000    4.0080   -0.0188   -0.1902    1.0696  -22.5220 
  18.9016 4293.1338    7.2604   -5.1201  185.1348  -11.7046   -7.8434  -22.5086   -0.5959   -0.4509    0.0000    0.0000    0.0000    0.0000    4.0160    0.0000   -0.1907    1.0964    0.0000 
  18.9441 4293.0913    8.2487   -3.7837  184.7632   -8.5918   -8.5758  -16.8934   -0.5959   -0.4509    0.0000    0.0000    0.0000    0.0000    4.0160    0.0381   -0.2358    1.0767  -23.8647 
  18.9866 4293.0488    8.7061   -4.8452  183.4387  -14.6954   -3.9982  -32.0911   -0.5959   -0.4509    0.0000    0.0000    0.0000    0.0000    4.0160   -0.0244   -0.2065    1.0537  -29.9683 
  19.0291 4293.0063    7.3877   -7.3282  182.0570  -11.3995   -7.9655  -12.0716   -0.5959   -0.4509    0.0000    0.0000    0.0000    0.0000    4.0160   -0.0540   -0.1753    1.0449  -26.6724 
  19.0716 4292.9639    5.6173   -6.4187  181.8595   -2.3052   -2.7775   -9.7523   -0.5959   -0.4509    0.0000    0.0000    0.0000    0.0000    4.0160   -0.0374   -0.1450    1.0498    0.0000 
  19.1141 4292.9209    5.2438   -7.1516  181.4207    0.6855   -0.5192   -3.8929   -0.5959   -0.4509    0.0000    0.0000    0.0000    0.0000    4.0160   -0.0515   -0.1438    1.1438  -14.5874 
  19.1566 4292.8784    4.0209   -8.0108  181.2721  -11.8267   -3.0827   -3.2825   -0.5959   -0.4509    0.0000    0.0000    0.0000    0.0000    4.0160   -0.0522   -0.1448    1.0996  -27.0996 
  19.1991 4292.8359    4.1675   -5.7919  181.1827   -6.8829   -0.3361   -9.3250   -0.5959   -0.4509    0.0000    0.0000    0.0000    0.0000    4.0160   -0.0066   -0.1348    1.0745  -22.1558 
  19.2416 4292.7935    3.6079   -7.2945  180.8774  -11.5215  -12.5431   -0.9022   -0.5959   -0.4509    0.0000    0.0000    0.0000    0.0000    4.0160   -0.0769   -0.1196    1.1157    0.0000 
  19.2841 4292.7510    3.3458   -8.1280  180.6319   -9.3853    1.7391  -11.0950   -0.5959   -0.4509    0.0000    0.0000    0.0000    0.0000    4.0080   -0.0625   -0.1128    1.0742  -24.6582 
  19.3266 4292.7085    2.7399   -8.3462  180.0398   -6.6998   -5.8903  -12.6820   -0.5959   -0.4509    0.0000    0.0000    0.0000    0.0000    4.0160   -0.0747   -0.0974    1.0630  -21.9727 
  19.3691 4292.6660    2.9547   -9.6606  179.3885   -1.6949   -3.7540  -18.1751   -0.5959   -0.4509    0.0000    0.0000    0.0000    0.0000    4.0160   -0.0830   -0.1038    1.0732  -16.9678 
  19.4116 4292.6235    2.8446   -8.9733  178.3779    1.9062   -2.7164  -34.0443   -0.5959   -0.4509    0.0000    0.0000    0.0000    0.0000    4.0160   -0.0762   -0.1006    1.0342    0.0000 
  19.4541 4292.5811    3.2825   -8.4905  177.1085    4.1645    0.4574  -26.2928   -0.5959   -0.4509    0.0000    0.0000    0.0000    0.0000    4.0160   -0.0652   -0.1184    1.0579  -11.1084 
  19.4966 4292.5386    3.8856   -8.6545  175.8865    8.0097   -0.8854  -33.9222   -0.5959   -0.4509    0.0000    0.0000    0.0000    0.0000    4.0080   -0.0688   -0.1189    1.0459   -7.2632 
  19.5391 4292.4961    4.2313   -8.7364  174.1494   17.6533   11.8099  -39.4764   -0.5959   -0.4509    0.0000    0.0000    0.0000    0.0000    4.0080   -0.0667   -0.1323    1.0679    2.3804 
  19.5816 4292.4536    4.8861   -9.1509  172.9891    8.8032   -5.0968  -15.9779   -0.5959   -0.4509    0.0000    0.0000    0.0000    0.0000    4.0160   -0.1287   -0.1179    1.1116    0.0000 
  19.6241 4292.4111    3.4955  -10.0769  171.9704    6.6669    8.5140  -25.5604   -0.5959   -0.4509    0.0000    0.0000    0.0000    0.0000    4.0160   -0.0884   -0.1101    1.0754   -8.6060 
  19.6666 4292.3687    2.9642  -10.7172  170.7469   11.5498    8.8802  -18.0530   -0.5959   -0.4509    0.0000    0.0000    0.0000    0.0000    4.0160   -0.1660   -0.1035    1.1338    0.0000 
  19.7091 4292.3262    3.5608  -10.2804  170.9572    6.1787   27.5570   15.7604   -0.5959   -0.4509    0.0000    0.0000    0.0000    0.0000    4.0160   -0.1042   -0.1206    1.1079   -9.0942 
  19.7516 4292.2837    4.0994   -7.2991  171.8967   -3.8311   18.4628   29.1882   -0.5959   -0.4509    0.0000    0.0000    0.0000    0.0000    4.0160   -0.0420   -0.1440    1.1089    0.0000 
  19.7941 4292.2412    4.7067   -7.1485  173.9734    1.4790   34.6981   65.2599   -0.5959   -0.4509    0.0000    0.0000    0.0000    0.0000    4.0160   -0.0308   -0.1443    1.1331  -13.7939 
  19.8366 4292.1987    5.0864   -3.9520  175.5255  -23.1182   17.7303   -4.8084   -0.5959   -0.4509    0.0000    0.0000    0.0000    0.0000    4.0160    0.0520   -0.2202    1.1377  -38.3911 
  19.8791 4292.1562    6.4927   -3.8475  175.9403  -15.1226   17.1200   37.3669   -0.5959   -0.4509    0.0000    0.0000    0.0000    0.0000    4.0160   -0.0242   -0.2373    1.0959  -30.3955 
  19.9216 4292.1138    7.3415   -2.2846  176.8023  -29.6490   27.5570  -10.7899   -0.5959   -0.4509    0.0000    0.0000    0.0000    0.0000    4.0160    0.1394   -0.2524    1.0269    0.0000 
  19.9641 4292.0713    8.4346   -0.1705  176.2623  -16.3433   10.0399   -7.2498   -0.5959   -0.4509    0.0000    0.0000    0.0000    0.0000    4.0160    0.0996   -0.2490    1.0132  -31.6162 
  20.0066 4292.0288    8.6557    2.4181  176.6639  -29.5269   12.1151    3.0041   -0.5959   -0.4509    0.0000    0.0000    0.0000    0.0000    4.0160    0.1555   -0.1968    0.9822  -44.7998 
  20.0491 4291.9863    6.1766    3.8113  177.0390  -18.8458  -17.3649   11.4269   -0.5959   -0.4509    0.0000    0.0000    0.0000    0.0000    4.0160    0.1458   -0.1499    1.0029  -34.1187 
  20.0916 4291.9438    5.1580    1.0518  177.2632  -12.3760   12.9086   20.7653   -0.5959   -0.4509    0.0000    0.0000    0.0000    0.0000    4.0160    0.0554   -0.1292    1.0325  -27.6489 
  20.1341 4291.9014    2.7476    2.3448  178.1378  -27.3907    4.3636   19.6667   -0.5959   -0.4509    0.0000    0.0000    0.0000    0.0000    4.0160    0.1936   -0.0562    0.9470  -42.6636 
  20.1766 4291.8584    1.0340    1.9526  179.3409   15.3339   11.1385   50.3674   -0.5959   -0.4509    0.0000    0.0000    0.0000    0.0000    4.0160    0.1106   -0.1045    1.0166    0.0610 
  20.2191 4291.8159    1.1906    3.9478  181.6875   -8.8360    6.1947   50.1843   -0.5959   -0.4509    0.0000    0.0000    0.0000    0.0000    4.0160    0.2427   -0.0522    1.0698  -24.1089 
  20.2616 4291.7734   -0.5593    1.8953  183.9922   -4.2584  -31.0368   54.3957   -0.5959   -0.4509    0.0000    0.0000    0.0000    0.0000    4.0160    0.0532   -0.0393    1.0588  -19.5312 
  20.3041 4291.7310   -0.3203   -0.8431  185.5561    4.1035    9.2464   42.5549   -0.5959   -0.4509    0.0000    0.0000    0.0000    0.0000    4.0160   -0.0554   -0.0342    1.0808  -11.1694 
  20.3466 4291.6885   -0.3311   -2.2371  187.4442   -6.4556   -2.2892   35.1696   -0.5959   -0.4509    0.0000    0.0000    0.0000    0.0000    4.0160    0.0618   -0.0415    0.9888  -21.7285 
  20.3891 4291.6460   -0.4594   -0.8618  189.2368   33.0952   18.8290   75.1476   -0.5959   -0.4509    0.0000    0.0000    0.0000    0.0000    4.0160    0.2842   -0.0491    1.1741   17.8223 
  20.4316 4291.6035    0.0067   -1.0797  190.5380    3.6762  -12.2990   24.2443   -0.5959   -0.4509    0.0000    0.0000    0.0000    0.0000    4.0240    0.0039   -0.0334    1.0718    0.0000 
  20.4741 4291.5610    0.5841   -1.6009  191.6304    7.2773   41.5340   16.5539   -0.5959   -0.4509    0.0000    0.0000    0.0000    0.0000    4.0160    0.1282   -0.1331    1.0972   -7.9956 
  20.5166 4291.5186    0.8332    1.5563  192.1451   12.7094   -8.0875    7.7038   -0.5959   -0.4509    0.0000    0.0000    0.0000    0.0000    4.0160    0.1514   -0.0601    1.0400   -2.5635 
  20.5591 4291.4761    0.1336    0.2944  192.2551   -6.8218  -23.2243    5.3234   -0.5959   -0.4509    0.0000    0.0000    0.0000    0.0000    4.0160    0.0747   -0.0464    1.0820  -22.0947 
  20.6016 4291.4336    0.6677   -1.6422  193.2165   14.7846  -18.6466   35.9020   -0.5959   -0.4509    0.0000    0.0000    0.0000    0.0000    4.0240    0.0500   -0.0691    1.0708    0.0000 
  20.6441 4291.3911    0.8462   -2.6020  195.0864   12.4042  -27.6188   46.7053   -0.5959   -0.4509    0.0000    0.0000    0.0000    0.0000    4.0160   -0.0227   -0.0586    1.0540   -2.8687 
  20.6866 4291.3486    1.7203   -2.4725  197.0056    9.1083  -23.3463   24.9767   -0.5959   -0.4509    0.0000    0.0000    0.0000    0.0000    4.0160    0.0757   -0.1047    1.0876   -6.1646 
  20.7291 4291.3062    2.5357   -0.9867  196.8434   10.7563   27.0687  -21.1658   -0.5959   -0.4509    0.0000    0.0000    0.0000    0.0000    4.0240    0.0630   -0.1313    1.0835   -4.5166 
  20.7716 4291.2637    1.8979   -1.7480  196.4478   14.2353  -11.2614   -1.0242   -0.5959   -0.4509    0.0000    0.0000    0.0000    0.0000    4.0160    0.0105   -0.0569    1.0864    0.0000 
  20.8141 4291.2212    1.0707   -1.9533  196.8909   13.0146    7.1102    8.6193   -0.5959   -0.4509    0.0000    0.0000    0.0000    0.0000    4.0160    0.0864   -0.1008    1.0671   -2.2583 
  20.8566 4291.1787    2.1079   -1.2209  197.0034   22.7192  -23.1022   -3.7098   -0.5959   -0.4509    0.0000    0.0000    0.0000    0.0000    4.0240    0.0818   -0.1099    1.0906    7.4463 
  20.8991 4291.1362    1.1049   -2.6819  196.9086    0.7465   -2.8996    2.5158   -0.5959   -0.4509    0.0000    0.0000    0.0000    0.0000    4.0240    0.0281   -0.0576    1.1191  -14.5264 
  20.9416 4291.0938    1.1447   -1.9260  197.7896   10.5122   14.9837   26.0143   -0.5959   -0.4509    0.0000    0.0000    0.0000    0.0000    4.0160    0.0398   -0.0723    1.0432    0.0000 
  20.9841 4291.0513    1.5928   -2.5505  198.8256   20.2778   19.5614   31.5075   -0.5959   -0.4509    0.0000    0.0000    0.0000    0.0000    4.0240    0.0532   -0.0935    0.9778    5.0049 
  21.0266 4291.0088    3.5549   -2.4569  199.0857   15.5781    6.8050  -13.4144   -0.5959   -0.4509    0.0000    0.0000    0.0000    0.0000    4.0160    0.0286   -0.1250    1.0979    0.3052 
  21.0691 4290.9663    2.1986   -1.6643  198.2060   -8.8970   39.5809   -0.8411   -0.5959   -0.4509    0.0000    0.0000    0.0000    0.0000    4.0240    0.1204   -0.0745    1.0459  -24.1699 
  21.1116 4290.9238    1.8693    1.3216  198.7746    0.6855    7.4154    6.3000   -0.5959   -0.4509    0.0000    0.0000    0.0000    0.0000    4.0240    0.1067   -0.0847    1.0786    0.0000 
  21.1541 4290.8813    2.0227    0.1613  198.5658    4.0424   -8.3927  -10.3626   -0.5959   -0.4509    0.0000    0.0000    0.0000    0.0000    4.0240    0.0994   -0.0933    1.0730  -11.2305 
  21.1966 4290.8389    1.4836    0.1877  198.4581   -9.8736    4.4857    3.8586   -0.5959   -0.4509    0.0000    0.0000    0.0000    0.0000    4.0240    0.0979   -0.0691    1.0334  -25.1465 
  21.2391 4290.7959    2.4308    0.4654  198.3872   10.0239   -9.0031  -11.0340   -0.5959   -0.4509    0.0000    0.0000    0.0000    0.0000    4.0240    0.1025   -0.1128    1.0972   -5.2490 
  21.2816 4290.7534    2.6686   -1.6470  197.8648   14.4184   -7.9655   -2.4280   -0.5959   -0.4509    0.0000    0.0000    0.0000    0.0000    4.0240    0.0544   -0.0996    1.1101    0.0000 
  21.3241 4290.7109    2.3719   -1.0225  198.0622    4.4086    2.9598    0.1965   -0.5959   -0.4509    0.0000    0.0000    0.0000    0.0000    4.0160    0.0869   -0.0981    1.0852  -10.8643 
  21.3666 4290.6685    3.0387   -0.7152  197.8665   18.3857   -1.8009   -7.2498   -0.5959   -0.4509    0.0000    0.0000    0.0000    0.0000    4.0240    0.0637   -0.1194    1.0593    3.1128 
  21.4091 4290.6260    3.2889   -1.8323  197.2522   15.2729  -20.1725  -19.7620   -0.5959   -0.4509    0.0000    0.0000    0.0000    0.0000    4.0240    0.0496   -0.1072    1.0740    0.0000 
  21.4516 4290.5835    3.9931   -1.6922  196.8454   20.7661  -12.7872   -8.0433   -0.5959   -0.4509    0.0000    0.0000    0.0000    0.0000    4.0240    0.0471   -0.1370    1.0664    0.0000 
  21.4941 4290.5410    5.2465   -3.2503  196.1862   16.6767  -14.0690  -18.0530   -0.5959   -0.4509    0.0000    0.0000    0.0000    0.0000    4.0240    0.0176   -0.1685    1.1272    1.4038 
  21.5366 4290.4985    5.8848   -2.4032  195.8860   24.5502  -16.8156   -5.2357   -0.5959   -0.4509    0.0000    0.0000    0.0000    0.0000    4.0240    0.0623   -0.1462    1.0183    9.2773 
  21.5791 4290.4561    6.5472   -2.4343  195.8080    7.8876  -12.9093   -6.3343   -0.5959   -0.4509    0.0000    0.0000    0.0000    0.0000    4.0240   -0.0525   -0.1436    1.1118   -7.3853 
  21.6216 4290.4136    6.2833   -3.8204  195.4434   10.9394   -3.3268   -2.1839   -0.5959   -0.4509    0.0000    0.0000    0.0000    0.0000    4.0240   -0.0234   -0.1670    1.0510    0.0000 
  21.6641 4290.3711    5.1079   -3.3189  195.8867    0.7465  -13.8859   11.6711   -0.5959   -0.4509    0.0000    0.0000    0.0000    0.0000    4.0240    0.0371   -0.1199    1.0281  -14.5264 
  21.7066 4290.3286    6.2052   -4.9964  195.6656   -7.4932   -0.0309   -5.5408   -0.5959   -0.4509    0.0000    0.0000    0.0000    0.0000    4.0240   -0.0505   -0.1960    1.1348  -22.7661 
  21.7491 4290.2861    5.8133   -3.9786  195.8832   18.7519   -0.2140    5.5676   -0.5959   -0.4509    0.0000    0.0000    0.0000    0.0000    4.0240    0.0168   -0.1499    1.0217    3.4790 
  21.7916 4290.2437    6.5736   -4.8752  195.8705    5.8735  -10.9562   -5.4798   -0.5959   -0.4509    0.0000    0.0000    0.0000    0.0000    4.0240   -0.0391   -0.2195    1.1665   -9.3994 
  21.8341 4290.2012    6.9091   -5.1989  195.7472   -9.2632    7.8426    3.2482   -0.5959   -0.4509    0.0000    0.0000    0.0000    0.0000    4.0240    0.0188   -0.1785    1.0601  -24.5361 
  21.8766 4290.1587    6.3974   -5.1257  196.0022   15.0898   -4.7306    9.0466   -0.5959   -0.4509    0.0000    0.0000    0.0000    0.0000    4.0240    0.0317   -0.1858    1.0994   -0.1831 
  21.9191 4290.1162    7.1093   -4.2915  196.2563  -20.3106  -17.1207   -8.8978   -0.5959   -0.4509    0.0000    0.0000    0.0000    0.0000    4.0240   -0.0432   -0.1765    1.1223  -35.5835 
  21.9616 4290.0737    5.4223   -5.7217  195.7742    0.7465    4.8519    2.3327   -0.5959   -0.4509    0.0000    0.0000    0.0000    0.0000    4.0240    0.0034   -0.1589    1.0916    0.0000 
  22.0041 4290.0312    6.1141   -4.3305  195.8625   -4.1363   -3.6320   -9.6302   -0.5959   -0.4509    0.0000    0.0000    0.0000    0.0000    4.0240   -0.0718   -0.1614    1.0225  -19.4092 
  22.0466 4289.9888    6.3774   -6.2152  195.4066    7.0332   -2.5944    4.0417   -0.5959   -0.4509    0.0000    0.0000    0.0000    0.0000    4.0240   -0.0562   -0.1772    1.0803   -8.2397 
  22.0891 4289.9463    6.2636   -6.1464  195.8552    8.1318    0.8846    8.8635   -0.5959   -0.4509    0.0000    0.0000    0.0000    0.0000    4.0240   -0.0249   -0.1606    1.0264   -7.1411 
  22.1316 4289.9038    6.4383   -5.3241  196.0127   10.6953   -9.7355   -3.8319   -0.5959   -0.4509    0.0000    0.0000    0.0000    0.0000    4.0160    0.0359   -0.1931    1.0872    0.0000 
  22.1741 4289.8613    6.8979   -6.2798  195.6583    1.9672    1.9222   -1.2684   -0.5959   -0.4509    0.0000    0.0000    0.0000    0.0000    4.0240   -0.0913   -0.1697    1.1619  -13.3057 
  22.2166 4289.8188    6.6985   -5.8109  195.6415    1.7841   10.8944   -8.6536   -0.5959   -0.4509    0.0000    0.0000    0.0000    0.0000    4.0160    0.0359   -0.1880    1.0203  -13.4888 
  22.2591 4289.7764    6.6055   -5.5490  195.0483    1.1738  -12.9093  -16.9544   -0.5959   -0.4509    0.0000    0.0000    0.0000    0.0000    4.0240   -0.0430   -0.1365    1.0376  -14.0991 
