   0.0016 4290.9888   -0.0744   -0.1223  179.9995    0.1937   -0.0675   -0.2417    0.0000    0.0000    0.0000    0.0000    0.0000    0.0000    4.0720   -0.0215    0.0132    1.0789  -15.5640 
   0.0441 4290.9463   -0.3890   -0.3548  180.0017    0.3768   -0.0675   -0.3027    0.0000    0.0000    0.0000    0.0000    0.0000    0.0000    4.0720   -0.0156    0.0142    1.0784  -15.3809 
   0.0866 4290.9038   -0.6023   -0.4708  179.9972    0.0106   -0.0065    0.4297    0.0000    0.0000    0.0000    0.0000    0.0000    0.0000    4.0720   -0.0107    0.0110    1.0872    0.0000 
   0.1291 4290.8613   -0.4753   -0.7953  179.9962    0.0106   -0.1286   -0.1807    0.0000    0.0000    0.0000    0.0000    0.0000    0.0000    4.0640   -0.0154    0.0105    1.0710  -15.7471 
   0.1716 4290.8188   -0.2515   -0.7512  179.9900    0.2547   -0.0675   -0.3638    0.0000    0.0000    0.0000    0.0000    0.0000    0.0000    4.0720   -0.0159    0.0002    1.0916    0.0000 
   0.2141 4290.7764   -0.4412   -0.9995  179.9799    0.3158   -0.0065   -0.1807    0.0000    0.0000    0.0000    0.0000    0.0000    0.0000    4.0720   -0.0190    0.0073    1.0713  -15.4419 
   0.2566 4290.7339   -0.3942   -0.3542  179.9715   -0.5998    0.1156   -0.1807    0.0000    0.0000    0.0000    0.0000    0.0000    0.0000    4.0720   -0.0059    0.0076    1.0718    0.0000 
   0.2991 4290.6914   -0.1823   -0.4724  179.9740   -0.2336    0.4818    0.1245    0.0000    0.0000    0.0000    0.0000    0.0000    0.0000    4.0720    0.0002    0.0132    1.0750  -15.9912 
   0.3416 4290.6484   -0.7217   -0.8240  179.9771    0.4378   -0.1896    0.1245    0.0000    0.0000    0.0000    0.0000    0.0000    0.0000    4.0720   -0.0181    0.0122    1.0732    0.0000 
   0.3841 4290.6060   -0.2275   -0.8522  179.9786    0.4989   -0.0065    0.1245    0.0000    0.0000    0.0000    0.0000    0.0000    0.0000    4.0720   -0.0164    0.0034    1.0776  -15.2588 
   0.4266 4290.5635   -0.1774   -0.4439  179.9735    0.3768    0.1766   -0.3027    0.0000    0.0000    0.0000    0.0000    0.0000    0.0000    4.0720   -0.0083    0.0020    1.0718    0.0000 
   0.4691 4290.5210   -0.3735   -0.9977  179.9668   -0.2336   -0.2506   -0.0586    0.0000    0.0000    0.0000    0.0000    0.0000    0.0000    4.0720   -0.0190    0.0076    1.0903  -15.9912 
   0.5116 4290.4785   -0.3447   -0.5912  179.9554   -0.2336   -0.0065   -0.3027    0.0000    0.0000    0.0000    0.0000    0.0000    0.0000    4.0720   -0.0134    0.0056    1.0879    0.0000 
   0.5541 4290.4360   -0.4520   -0.8389  179.9469   -0.5998   -0.1896    0.2466    0.0000    0.0000    0.0000    0.0000    0.0000    0.0000    4.0720   -0.0115    0.0090    1.0769  -16.3574 
   0.5966 4290.3936   -0.7462   -0.7069  179.9476   -1.2712   -0.1896   -0.1807    0.0000    0.0000    0.0000    0.0000    0.0000    0.0000    4.0720   -0.0168    0.0186    1.0715    0.0000 
   0.6391 4290.3511   -0.4881   -0.5790  179.9415    0.9261    0.3597   -0.1807    0.0000    0.0000    0.0000    0.0000    0.0000    0.0000    4.0720   -0.0037    0.0081    1.0864  -14.8315 
   0.6816 4290.3086   -0.6948   -0.5606  179.9315    0.3768    0.3597    0.0025    0.0000    0.0000    0.0000    0.0000    0.0000    0.0000    4.0640    0.0005    0.0186    1.0879    0.0000 
   0.7241 4290.2661   -0.3453   -0.9794  179.9254    0.3768    0.2377   -0.3027    0.0000    0.0000    0.0000    0.0000    0.0000    0.0000    4.0720   -0.0200    0.0059    1.0845  -15.3809 
   0.7666 4290.2236   -0.7565   -1.0333  179.9218    0.9872    0.1766   -0.0586    0.0000    0.0000    0.0000    0.0000    0.0000    0.0000    4.0720   -0.0178    0.0154    1.0710    0.0000 
   0.8091 4290.1812   -0.0531   -0.6746  179.9086    0.0716    0.0545   -0.3638    0.0000    0.0000    0.0000    0.0000    0.0000    0.0000    4.0720   -0.0129    0.0037    1.0784  -15.6860 
   0.8516 4290.1387   -0.4331   -0.8013  179.9021   -0.1115   -0.1286   -0.1807    0.0000    0.0000    0.0000    0.0000    0.0000    0.0000    4.0720   -0.0176    0.0110    1.0906    0.0000 
   0.8941 4290.0962   -0.6727   -0.5601  179.8991    0.9261   -0.0065    0.1245    0.0000    0.0000    0.0000    0.0000    0.0000    0.0000    4.0720   -0.0103    0.0134    1.0767  -14.8315 
   0.9366 4290.0537   -0.5986   -0.5094  179.8887    0.8040    0.1766    0.0635    0.0000    0.0000    0.0000    0.0000    0.0000    0.0000    4.0720   -0.0051    0.0151    1.0789    0.0000 
   0.9791 4290.0112   -0.5979   -1.0510  179.8842    0.3768    0.3597   -0.1196    0.0000    0.0000    0.0000    0.0000    0.0000    0.0000    4.0720   -0.0095    0.0134    1.0803  -15.3809 
   1.0216 4289.9688   -0.6804   -0.9242  179.8865    0.6820   -0.1286    0.1245    0.0000    0.0000    0.0000    0.0000    0.0000    0.0000    4.0640   -0.0217    0.0166    1.0952    0.0000 
   1.0641 4289.9263   -0.4549   -0.5054  179.8767   -0.4777   -0.3117   -0.3027    0.0000    0.0000    0.0000    0.0000    0.0000    0.0000    4.0720   -0.0071    0.0098    1.0918  -16.2354 
   1.1066 4289.8838   -0.5460   -0.9713  179.8707    0.5599    0.1766   -0.1807    0.0000    0.0000    0.0000    0.0000    0.0000    0.0000    4.0640   -0.0105    0.0188    1.0779    0.0000 
   1.1491 4289.8413   -0.7804   -0.3949  179.8630    0.7430   -0.0065   -0.7910    0.0000    0.0000    0.0000    0.0000    0.0000    0.0000    4.0720   -0.0073    0.0142    1.0757  -15.0146 
   1.1916 4289.7988   -0.5355   -0.9264  179.8599   -0.1115    0.2987    0.0025    0.0000    0.0000    0.0000    0.0000    0.0000    0.0000    4.0720   -0.0188    0.0071    1.0903    0.0000 
   1.2341 4289.7563   -0.4575   -0.7410  179.8615   -0.5387   -0.0065   -0.1807    0.0000    0.0000    0.0000    0.0000    0.0000    0.0000    4.0720   -0.0105    0.0061    1.0745  -16.2964 
   1.2766 4289.7139   -0.3423   -0.7795  179.8510   -0.4167   -0.1286   -0.2417    0.0000    0.0000    0.0000    0.0000    0.0000    0.0000    4.0720   -0.0146    0.0085    1.0767    0.0000 
   1.3191 4289.6714   -0.4474   -1.2032  179.8526    0.5599    0.1156    0.0025    0.0000    0.0000    0.0000    0.0000    0.0000    0.0000    4.0720   -0.0098    0.0056    1.0737  -15.1978 
   1.3616 4289.6289   -0.3772   -0.6130  179.8446   -0.2946   -0.0675   -0.0586    0.0000    0.0000    0.0000    0.0000    0.0000    0.0000    4.0720   -0.0010    0.0051    1.0835    0.0000 
   1.4041 4289.5859   -0.3706   -0.9897  179.8434   -1.1491   -0.3117    0.3687    0.0000    0.0000    0.0000    0.0000    0.0000    0.0000    4.0720   -0.0212    0.0056    1.0842  -16.9067 
   1.4466 4289.5435   -0.5157   -0.4092  179.8343   -0.2946    0.3597    0.0025    0.0000    0.0000    0.0000    0.0000    0.0000    0.0000    4.0720   -0.0095    0.0061    1.0862    0.0000 
   1.4891 4289.5010   -0.4361   -0.6273  179.8445   -0.1115    0.1766    0.4907    0.0000    0.0000    0.0000    0.0000    0.0000    0.0000    4.0720   -0.0115    0.0093    1.0906  -15.8691 
   1.5316 4289.4585   -0.5087   -0.4736  179.8385   -0.8439    0.4208    0.0025    0.0000    0.0000    0.0000    0.0000    0.0000    0.0000    4.0720   -0.0068    0.0054    1.0894    0.0000 
   1.5741 4289.4160   -0.8222   -0.6135  179.8336    0.6820    0.6039   -0.3638    0.0000    0.0000    0.0000    0.0000    0.0000    0.0000    4.0720   -0.0137    0.0271    1.0811  -15.0757 
   1.6166 4289.3735   -0.6207   -0.7503  179.8261    0.4989    0.2377    0.0025    0.0000    0.0000    0.0000    0.0000    0.0000    0.0000    4.0720   -0.0186    0.0103    1.0706    0.0000 
   1.6591 4289.3311   -0.3331   -0.2306  179.8264    0.0716    0.1766   -0.1196    0.0000    0.0000    0.0000    0.0000    0.0000    0.0000    4.0720   -0.0229    0.0107    1.0757  -15.6860 
   1.7016 4289.2886   -0.8164   -0.4326  179.8219    0.1327    0.1156   -0.2417    0.0000    0.0000    0.0000    0.0000    0.0000    0.0000    4.0720   -0.0103    0.0173    1.0627    0.0000 
   1.7441 4289.2461   -0.8629   -0.8804  179.8243    0.0716   -0.0065   -0.0586    0.0000    0.0000    0.0000    0.0000    0.0000    0.0000    4.0720   -0.0093    0.0200    1.0642  -15.6860 
   1.7866 4289.2036   -0.0190   -1.3834  179.8227    0.4378    0.2377   -0.0586    0.0000    0.0000    0.0000    0.0000    0.0000    0.0000    4.0720   -0.0249    0.0007    1.0825    0.0000 
   1.8291 4289.1611   -0.7265   -0.5407  179.8169   -0.5998    0.1156    0.0635    0.0000    0.0000    0.0000    0.0000    0.0000    0.0000    4.0720   -0.0117    0.0188    1.0784  -16.3574 
   1.8716 4289.1187   -0.0741   -0.9423  179.8157    0.6820    0.1156   -0.1196    0.0000    0.0000    0.0000    0.0000    0.0000    0.0000    4.0720   -0.0225    0.0149    1.0808    0.0000 
   1.9141 4289.0762   -0.5184   -0.8863  179.8134    0.1937    0.1156   -0.0586    0.0000    0.0000    0.0000    0.0000    0.0000    0.0000    4.0720   -0.0188    0.0129    1.0706  -15.5640 
   1.9566 4289.0337   -0.6093   -1.0673  179.8006    0.4989    0.1156   -0.2417    0.0000    0.0000    0.0000    0.0000    0.0000    0.0000    4.0720   -0.0176    0.0098    1.0925    0.0000 
   1.9991 4288.9912   -0.2010   -0.4680  179.7901    0.3158    0.2377   -0.3027    0.0000    0.0000    0.0000    0.0000    0.0000    0.0000    4.0720    0.0022    0.0186    1.0803  -15.4419 
   2.0416 4288.9487   -0.6834   -1.0952  179.7827    0.3768    0.1156   -0.3638    0.0000    0.0000    0.0000    0.0000    0.0000    0.0000    4.0640   -0.0229    0.0132    1.0850    0.0000 
   2.0841 4288.9062   -0.6842   -0.5890  179.7801    0.5599    0.2377   -0.1196    0.0000    0.0000    0.0000    0.0000    0.0000    0.0000    4.0720   -0.0112    0.0156    1.0796  -15.1978 
   2.1266 4288.8638   -0.3537   -0.6877  179.7718    0.4378   -0.0675   -0.1807    0.0000    0.0000    0.0000    0.0000    0.0000    0.0000    4.0640   -0.0122    0.0085    1.0735    0.0000 
   2.1691 4288.8213   -0.5871   -0.5435  179.7619    0.6820    0.4818   -0.0586    0.0000    0.0000    0.0000    0.0000    0.0000    0.0000    4.0720   -0.0095    0.0107    1.0815  -15.0757 
   2.2116 4288.7788   -0.4040   -0.6950  179.7616    0.1937    0.2987   -0.1196    0.0000    0.0000    0.0000    0.0000    0.0000    0.0000    4.0720   -0.0146    0.0042    1.0723    0.0000 
   2.2541 4288.7363   -0.4016   -0.6710  179.7617    1.0482    0.1766    0.0635    0.0000    0.0000    0.0000    0.0000    0.0000    0.0000    4.0720   -0.0115    0.0073    1.0732  -14.7095 
   2.2966 4288.6938   -0.3301   -0.5773  179.7547    0.7430    0.2377   -0.6689    0.0000    0.0000    0.0000    0.0000    0.0000    0.0000    4.0640   -0.0127    0.0105    1.0801    0.0000 
   2.3391 4288.6514   -0.5553   -0.8940  179.7477    2.7572    0.4818   -0.5469    0.0000    0.0000    0.0000    0.0000    0.0000    0.0000    4.0720   -0.0171    0.0112    1.0793  -13.0005 
   2.3816 4288.6089   -0.5127   -0.5985  179.7372   -0.6608   -0.3727   -0.2417    0.0000    0.0000    0.0000    0.0000    0.0000    0.0000    4.0720   -0.0112    0.0095    1.0674    0.0000 
   2.4241 4288.5664   -0.3681   -0.7926  179.7407   -0.7829    0.2377    0.2466    0.0000    0.0000    0.0000    0.0000    0.0000    0.0000    4.0720   -0.0090    0.0093    1.0754  -16.5405 
   2.4666 4288.5234   -0.1101   -1.1486  179.7331   -0.4167    0.1156    0.1856    0.0000    0.0000    0.0000    0.0000    0.0000    0.0000    4.0720   -0.0300    0.0117    1.0796  -16.1743 
   2.5091 4288.4810   -0.8220   -0.4721  179.7196    0.3768    0.2377   -0.0586    0.0000    0.0000    0.0000    0.0000    0.0000    0.0000    4.0720   -0.0068    0.0156    1.0813  -15.3809 
   2.5516 4288.4385   -0.4814   -0.9590  179.7236   -1.0270   -0.1896    0.1245    0.0000    0.0000    0.0000    0.0000    0.0000    0.0000    4.0720   -0.0164    0.0095    1.0747    0.0000 
   2.5941 4288.3960   -0.4916   -0.6527  179.7161    0.7430    0.4208   -0.4858    0.0000    0.0000    0.0000    0.0000    0.0000    0.0000    4.0640   -0.0046    0.0103    1.0759  -15.0146 
   2.6366 4288.3535   -0.1638   -0.8508  179.6997    0.6820    0.2987   -0.1807    0.0000    0.0000    0.0000    0.0000    0.0000    0.0000    4.0720   -0.0081   -0.0024    1.0725    0.0000 
   2.6791 4288.3110   -0.5908   -0.5770  179.6938   -0.5998    0.1156   -0.2417    0.0000    0.0000    0.0000    0.0000    0.0000    0.0000    4.0640   -0.0103    0.0063    1.0742  -16.3574 
   2.7216 4288.2686   -0.6836   -0.4652  179.6883   -1.2101   -0.4337    0.3076    0.0000    0.0000    0.0000    0.0000    0.0000    0.0000    4.0640   -0.0044    0.0125    1.0710    0.0000 
   2.7641 4288.2261   -0.5601   -0.5470  179.6821   -0.1725    0.0545   -0.4248    0.0000    0.0000    0.0000    0.0000    0.0000    0.0000    4.0560   -0.0105    0.0095    1.0764  -15.9302 
   2.8066 4288.1836   -0.5112   -1.0799  179.6903   -0.1725   -0.2506   -0.1807    0.0000    0.0000    0.0000    0.0000    0.0000    0.0000    4.0720   -0.0198    0.0098    1.0740    0.0000 
   2.8491 4288.1411   -0.7762   -0.8338  179.6878    0.4378   -0.0065   -0.0586    0.0000    0.0000    0.0000    0.0000    0.0000    0.0000    4.0640   -0.0142    0.0129    1.0818  -15.3198 
   2.8916 4288.0986   -0.2514   -1.0198  179.6809   -0.1725    0.0545    0.1856    0.0000    0.0000    0.0000    0.0000    0.0000    0.0000    4.0720   -0.0178    0.0044    1.0757    0.0000 
   2.9341 4288.0562   -0.1290   -0.2102  179.6666   -0.3556    0.2377   -0.2417    0.0000    0.0000    0.0000    0.0000    0.0000    0.0000    4.0720   -0.0056   -0.0029    1.0876  -16.1133 
   2.9766 4288.0137   -0.3616   -0.6969  179.6530    1.1703    0.2987    0.0025    0.0000    0.0000    0.0000    0.0000    0.0000    0.0000    4.0720   -0.0122   -0.0002    1.0762    0.0000 
   3.0191 4287.9712   -0.3175   -0.8142  179.6528    1.3534   -0.0065   -0.6689    0.0000    0.0000    0.0000    0.0000    0.0000    0.0000    4.0720   -0.0205    0.0042    1.0735  -14.4043 
   3.0616 4287.9287   -0.4705   -0.4709  179.6454   -0.1725    0.0545   -0.3027    0.0000    0.0000    0.0000    0.0000    0.0000    0.0000    4.0640   -0.0073    0.0117    1.0940    0.0000 
   3.1041 4287.8862   -0.3593   -0.7310  179.6467   -0.0504   -0.0065    0.1245    0.0000    0.0000    0.0000    0.0000    0.0000    0.0000    4.0720   -0.0220    0.0215    1.0774  -15.8081 
   3.1466 4287.8438   -0.6781   -0.3309  179.6398    0.4378    0.2377   -0.1196    0.0000    0.0000    0.0000    0.0000    0.0000    0.0000    4.0720   -0.0049    0.0181    1.0850    0.0000 
   3.1891 4287.8013   -0.5786   -0.2638  179.6328    1.0482    0.1156   -0.2417    0.0000    0.0000    0.0000    0.0000    0.0000    0.0000    4.0640   -0.0037    0.0115    1.0813  -14.7095 
   3.2316 4287.7588   -0.1225   -0.1590  179.6264    0.0716   -0.3117    0.0635    0.0000    0.0000    0.0000    0.0000    0.0000    0.0000    4.0720   -0.0042    0.0037    1.0762    0.0000 
   3.2741 4287.7163   -0.3467   -0.6107  179.6222   -1.2712   -0.1286    0.1856    0.0000    0.0000    0.0000    0.0000    0.0000    0.0000    4.0640   -0.0098   -0.0007    1.0876  -17.0288 
   3.3166 4287.6738   -0.6205   -0.4724  179.6153    0.0716   -0.0675    0.0025    0.0000    0.0000    0.0000    0.0000    0.0000    0.0000    4.0640   -0.0044    0.0186    1.0759    0.0000 
   3.3591 4287.6313   -0.5206   -0.3810  179.6112   -0.5387   -0.0065    0.1856    0.0000    0.0000    0.0000    0.0000    0.0000    0.0000    4.0640   -0.0217    0.0002    1.0681  -16.2964 
   3.4016 4287.5889   -0.8207   -0.8046  179.6002   -0.3556   -0.1286   -0.1807    0.0000    0.0000    0.0000    0.0000    0.0000    0.0000    4.0640   -0.0042    0.0222    1.0796    0.0000 
   3.4441 4287.5464   -0.1810   -0.5152  179.5842   -0.1725   -0.1286   -0.3638    0.0000    0.0000    0.0000    0.0000    0.0000    0.0000    4.0720   -0.0095    0.0046    1.0779  -15.9302 
   3.4866 4287.5039   -0.3444   -0.7003  179.5734   -0.1115    0.2377   -0.1807    0.0000    0.0000    0.0000    0.0000    0.0000    0.0000    4.0640   -0.0161    0.0103    1.0825  -15.8691 
   3.5291 4287.4609   -0.3816   -0.5283  179.5602    1.0482    0.2377    0.0635    0.0000    0.0000    0.0000    0.0000    0.0000    0.0000    4.0720   -0.0112    0.0054    1.0830  -14.7095 
   3.5716 4287.4185   -0.1846   -0.7300  179.5607    1.2313    0.0545   -0.3638    0.0000    0.0000    0.0000    0.0000    0.0000    0.0000    4.0720   -0.0134   -0.0005    1.0828    0.0000 
   3.6141 4287.3760   -0.2835   -0.6299  179.5540    0.3768    0.1766    0.1245    0.0000    0.0000    0.0000    0.0000    0.0000    0.0000    4.0720   -0.0154   -0.0002    1.0945  -15.3809 
   3.6566 4287.3335   -0.3780   -0.6457  179.5450   -0.1115   -0.0675   -0.1196    0.0000    0.0000    0.0000    0.0000    0.0000    0.0000    4.0640   -0.0132    0.0063    1.0818    0.0000 
   3.6991 4287.2910   -0.2512   -0.8344  179.5487    0.8651    0.4208   -0.4248    0.0000    0.0000    0.0000    0.0000    0.0000    0.0000    4.0640   -0.0144    0.0002    1.0889  -14.8926 
   3.7416 4287.2485   -0.4647   -0.6264  179.5436    1.0482    0.4208   -0.4248    0.0000    0.0000    0.0000    0.0000    0.0000    0.0000    4.0640   -0.0242    0.0142    1.0730    0.0000 
   3.7841 4287.2061   -0.5356   -0.6986  179.5346    1.1703    0.4818    0.0635    0.0000    0.0000    0.0000    0.0000    0.0000    0.0000    4.0640   -0.0222    0.0046    1.0825  -14.5874 
   3.8266 4287.1636   -0.1468   -0.8926  179.5196    1.6585    0.1766   -0.3638    0.0000    0.0000    0.0000    0.0000    0.0000    0.0000    4.0640   -0.0168    0.0017    1.0828    0.0000 
   3.8691 4287.1211   -0.4217   -0.8567  179.5140   -0.3556   -0.2506    0.0025    0.0000    0.0000    0.0000    0.0000    0.0000    0.0000    4.0640   -0.0186    0.0068    1.0854  -16.1133 
   3.9116 4287.0786   -0.7600   -0.9483  179.5092   -1.5153   -0.1286    0.2466    0.0000    0.0000    0.0000    0.0000    0.0000    0.0000    4.0640   -0.0176    0.0142    1.0696    0.0000 
   3.9541 4287.0361   -0.6543   -0.5219  179.5028    0.5599    0.4208   -0.1196    0.0000    0.0000    0.0000    0.0000    0.0000    0.0000    4.0640   -0.0083    0.0142    1.0779  -15.1978 
   3.9966 4286.9937   -0.7207   -0.4372  179.4927    0.3768    0.0545   -0.3638    0.0000    0.0000    0.0000    0.0000    0.0000    0.0000    4.0640   -0.0151    0.0042    1.0869  -15.3809 
   4.0391 4286.9512   -0.5874   -0.8192  179.4950   -0.2336   -0.1286   -0.2417    0.0000    0.0000    0.0000    0.0000    0.0000    0.0000    4.0640   -0.0120    0.0129    1.0737  -15.9912 
   4.0816 4286.9087   -0.5657   -0.8673  179.4958    0.3768    0.3597    0.1245    0.0000    0.0000    0.0000    0.0000    0.0000    0.0000    4.0640   -0.0164    0.0059    1.0786    0.0000 
   4.1241 4286.8662   -0.7934   -0.7505  179.4913    0.3768    0.2987   -0.1807    0.0000    0.0000    0.0000    0.0000    0.0000    0.0000    4.0640   -0.0071    0.0159    1.0752  -15.3809 
   4.1666 4286.8237   -0.5392   -0.7037  179.4991   -1.1491    0.4208    0.3687    0.0000    0.0000    0.0000    0.0000    0.0000    0.0000    4.0640   -0.0125    0.0015    1.0808    0.0000 
   4.2091 4286.7812   -0.6891   -0.9325  179.4921    1.1703    0.3597   -0.4248    0.0000    0.0000    0.0000    0.0000    0.0000    0.0000    4.0640   -0.0217    0.0151    1.0872  -14.5874 
   4.2516 4286.7388   -0.5641   -0.8315  179.4890    0.3158   -0.0065    0.0635    0.0000    0.0000    0.0000    0.0000    0.0000    0.0000    4.0720   -0.0164    0.0110    1.0779    0.0000 
   4.2941 4286.6963   -0.5622   -0.5031  179.4838    0.3158    0.1766   -0.3027    0.0000    0.0000    0.0000    0.0000    0.0000    0.0000    4.0640   -0.0146    0.0146    1.0823  -15.4419 
   4.3366 4286.6538   -0.4495   -0.8397  179.4792   -0.7829    0.0545    0.0025    0.0000    0.0000    0.0000    0.0000    0.0000    0.0000    4.0640   -0.0220    0.0107    1.0789    0.0000 
   4.3791 4286.6113   -0.3008   -0.7514  179.4805    0.2547    0.2377   -0.0586    0.0000    0.0000    0.0000    0.0000    0.0000    0.0000    4.0640   -0.0249    0.0054    1.0732  -15.5029 
   4.4216 4286.5688   -0.9068   -0.3861  179.4692    0.9872    0.5428   -0.3027    0.0000    0.0000    0.0000    0.0000    0.0000    0.0000    4.0640   -0.0078    0.0166    1.0774    0.0000 
   4.4641 4286.5264   -0.7196   -0.6406  179.4636    0.3768    0.2377   -0.4248    0.0000    0.0000    0.0000    0.0000    0.0000    0.0000    4.0640   -0.0098    0.0215    1.0764  -15.3809 
   4.5066 4286.4839   -0.5371   -0.7459  179.4526    1.1703    0.3597   -0.3638    0.0000    0.0000    0.0000    0.0000    0.0000    0.0000    4.0640   -0.0190    0.0100    1.0823    0.0000 
   4.5491 4286.4414   -0.7301   -0.7227  179.4426    0.1327    0.0545   -0.0586    0.0000    0.0000    0.0000    0.0000    0.0000    0.0000    4.0640   -0.0144    0.0188    1.0762  -15.6250 
   4.5916 4286.3984   -0.6583   -0.1806  179.4372   -0.9049    0.1766    0.4297    0.0000    0.0000    0.0000    0.0000    0.0000    0.0000    4.0640    0.0017    0.0107    1.0845    0.0000 
   4.6341 4286.3560   -0.4441   -0.7140  179.4363    0.3158    0.0545    0.3076    0.0000    0.0000    0.0000    0.0000    0.0000    0.0000    4.0640   -0.0127    0.0098    1.0674  -15.4419 
   4.6766 4286.3135   -0.6500   -0.6247  179.4348   -0.8439   -0.0675    0.0635    0.0000    0.0000    0.0000    0.0000    0.0000    0.0000    4.0640   -0.0120    0.0134    1.0676    0.0000 
   4.7191 4286.2710   -0.7304   -0.7812  179.4296   -0.1725    0.6039   -0.3638    0.0000    0.0000    0.0000    0.0000    0.0000    0.0000    4.0640   -0.0132    0.0142    1.0688  -15.9302 
   4.7616 4286.2285   -0.5627   -0.4634  179.4171    0.3158    0.2987   -0.4248    0.0000    0.0000    0.0000    0.0000    0.0000    0.0000    4.0640   -0.0059    0.0149    1.0767    0.0000 
   4.8041 4286.1860   -0.3914   -0.7887  179.4171   -0.3556    0.4208    0.2466    0.0000    0.0000    0.0000    0.0000    0.0000    0.0000    4.0640   -0.0161    0.0103    1.0896  -16.1133 
   4.8466 4286.1436   -0.3339   -0.3570  179.4119   -0.9049   -0.1286    0.1245    0.0000    0.0000    0.0000    0.0000    0.0000    0.0000    4.0640   -0.0056    0.0054    1.0854    0.0000 
   4.8891 4286.1011   -0.3484   -0.7392  179.4144   -0.8439   -0.3727   -0.0586    0.0000    0.0000    0.0000    0.0000    0.0000    0.0000    4.0640   -0.0139    0.0059    1.0796  -16.6016 
   4.9316 4286.0586   -0.4205   -0.8487  179.4100    0.1937    0.2377   -0.3027    0.0000    0.0000    0.0000    0.0000    0.0000    0.0000    4.0640   -0.0115    0.0129    1.0757    0.0000 
   4.9741 4286.0161   -0.6103   -0.8830  179.4050    0.5599   -0.2506   -0.3027    0.0000    0.0000    0.0000    0.0000    0.0000    0.0000    4.0640   -0.0200    0.0051    1.0718  -15.1978 
   5.0166 4285.9736   -0.6575   -0.3698  179.3965    0.2547    0.2377    0.2466    0.0000    0.0000    0.0000    0.0000    0.0000    0.0000    4.0640   -0.0178   -0.0017    1.0874    0.0000 
   5.0591 4285.9312   -0.3112   -0.7327  179.3958    0.6209   -0.0065   -0.0586    0.0000    0.0000    0.0000    0.0000    0.0000    0.0000    4.0640   -0.0149    0.0061    1.0735  -15.1367 
   5.1016 4285.8887   -0.5884   -0.8076  179.4023    0.8651    0.2377    0.1245    0.0000    0.0000    0.0000    0.0000    0.0000    0.0000    4.0640   -0.0144    0.0146    1.0859    0.0000 
   5.1441 4285.8462   -0.6153   -1.2034  179.4038    0.3158    0.1766   -0.0586    0.0000    0.0000    0.0000    0.0000    0.0000    0.0000    4.0640   -0.0215    0.0115    1.0801  -15.4419 
   5.1866 4285.8037   -0.7979   -0.8235  179.3934    0.5599    0.0545   -0.1196    0.0000    0.0000    0.0000    0.0000    0.0000    0.0000    4.0640   -0.0151    0.0129    1.0801    0.0000 
   5.2291 4285.7612   -0.3331   -0.7986  179.3852    0.6209    0.3597   -0.1807    0.0000    0.0000    0.0000    0.0000    0.0000    0.0000    4.0640   -0.0242    0.0044    1.0754  -15.1367 
   5.2716 4285.7188   -0.3989   -0.9679  179.3772   -0.1115    0.1156   -0.6079    0.0000    0.0000    0.0000    0.0000    0.0000    0.0000    4.0640   -0.0188    0.0078    1.0842    0.0000 
   5.3141 4285.6763   -0.3194   -1.0281  179.3707    1.3534    0.4208   -0.1807    0.0000    0.0000    0.0000    0.0000    0.0000    0.0000    4.0720   -0.0146    0.0066    1.0823  -14.4043 
   5.3566 4285.6338   -0.3683   -0.6719  179.3657    1.0482   -0.0065    0.0025    0.0000    0.0000    0.0000    0.0000    0.0000    0.0000    4.0640   -0.0088    0.0164    1.0723    0.0000 
   5.3991 4285.5913   -0.7702   -0.7842  179.3643    0.6209    0.1156    0.1245    0.0000    0.0000    0.0000    0.0000    0.0000    0.0000    4.0640   -0.0144    0.0159    1.0784  -15.1367 
   5.4416 4285.5488   -0.3731   -0.6103  179.3604    0.3158    0.1766   -0.4248    0.0000    0.0000    0.0000    0.0000    0.0000    0.0000    4.0640   -0.0117    0.0076    1.0774    0.0000 
   5.4841 4285.5063   -0.2958   -1.0231  179.3612    0.3158   -0.1896   -0.5469    0.0000    0.0000    0.0000    0.0000    0.0000    0.0000    4.0640   -0.0217    0.0046    1.0769  -15.4419 
   5.5266 4285.4639   -0.3478   -0.7056  179.3609   -0.4777    0.0545   -0.0586    0.0000    0.0000    0.0000    0.0000    0.0000    0.0000    4.0640   -0.0154    0.0056    1.0820    0.0000 
   5.5691 4285.4214   -0.6527   -0.6283  179.3603   -0.3556   -0.1896    0.0025    0.0000    0.0000    0.0000    0.0000    0.0000    0.0000    4.0640   -0.0110    0.0100    1.0823  -16.1133 
   5.6116 4285.3789   -0.5216   -0.4991  179.3554    0.3768    0.2987   -0.0586    0.0000    0.0000    0.0000    0.0000    0.0000    0.0000    4.0640   -0.0107    0.0061    1.0779    0.0000 
   5.6541 4285.3359   -0.4505   -0.7345  179.3557    0.9872    0.1156   -0.0586    0.0000    0.0000    0.0000    0.0000    0.0000    0.0000    4.0640   -0.0120    0.0042    1.0798  -14.7705 
   5.6966 4285.2935   -0.7050   -0.6997  179.3488   -0.3556   -0.0065   -0.0586    0.0000    0.0000    0.0000    0.0000    0.0000    0.0000    4.0640   -0.0151    0.0088    1.0793    0.0000 
   5.7391 4285.2510   -0.3409   -1.2370  179.3442   -0.4777    0.1766    0.2466    0.0000    0.0000    0.0000    0.0000    0.0000    0.0000    4.0640   -0.0090    0.0022    1.0815  -16.2354 
   5.7816 4285.2085   -0.2954   -0.6737  179.3375    0.4378    0.5428   -0.3638    0.0000    0.0000    0.0000    0.0000    0.0000    0.0000    4.0640   -0.0095    0.0054    1.0842    0.0000 
   5.8241 4285.1660   -0.7724   -0.6937  179.3319   -0.5387    0.2377   -0.4248    0.0000    0.0000    0.0000    0.0000    0.0000    0.0000    4.0640   -0.0071    0.0071    1.0767  -16.2964 
   5.8666 4285.1235   -0.7048   -0.6335  179.3342   -0.2336   -0.0065   -0.3638    0.0000    0.0000    0.0000    0.0000    0.0000    0.0000    4.0640   -0.0115    0.0115    1.0776    0.0000 
   5.9091 4285.0811   -0.1871   -0.6950  179.3378    0.2547    0.0545   -0.4858    0.0000    0.0000    0.0000    0.0000    0.0000    0.0000    4.0640   -0.0186    0.0032    1.0784  -15.5029 
   6.0416    0.0009    0.0000    0.0000  179.3260    0.7430    0.2377    0.3076    0.0000    0.0000    0.0000    0.0000    0.0000    0.0438    4.0640   -0.0146    0.0168    1.0679  -15.0146 
   6.0841    0.0010   -0.0539   -0.2635  179.3279    1.5975    0.4208   -0.7910    1.8999    4.5568    0.0000    0.0000   -7.6086    0.1743    3.9920   -0.0205    0.0046    1.0833   -0.1190 
   6.1266    0.0014    0.0000    0.0000  179.3315    0.3158   -2.7531   -0.6079    0.9405    5.9631    0.0000    0.0000    0.0000    0.0499    4.0640   -0.0244    0.0171    1.0881  -15.4419 
   6.1691    0.0009    0.0000    0.0000  179.3369   -0.0504    0.2987    0.4297    0.9405    5.9631    0.0000    0.0000    0.0000    0.0000    4.0640   -0.0046    0.0134    1.0857  -15.8081 
   6.2116    0.0009    0.0000    0.0000  179.3203    0.3158   -3.7296   -0.6689    0.9405    5.9631    0.0000    0.0000    0.0000    0.0000    4.0640   -0.0557    0.0081    1.0676  -15.4419 
   6.2541    0.0009    0.0000    0.0000  179.3157    0.0716    3.8998    0.4907    0.9405    5.9631    0.0000    0.0000    0.0000    0.0000    4.0640    0.0156    0.0176    1.0688  -15.6860 
   6.2966    0.0014    0.0000    0.0000  179.3213   -0.6608   -1.8375    0.0025    0.9405    5.9631    0.0000    0.0000    0.0000    0.0000    4.0640   -0.0127    0.0269    1.0764  -16.4185 
   6.3391    0.0009    0.0000    0.0000  179.3215    0.4378   -4.4621   -0.6079    0.9405    5.9631    0.0000    0.0000    0.0000    0.0000    4.0640   -0.0505    0.0027    1.0813  -15.3198 
   6.3816    0.0009    0.0000    0.0000  179.3138   -0.2336    1.5194    0.0025    0.9405    5.9631    0.0000    0.0000    0.0000    0.0000    4.0640    0.0049    0.0178    1.0776  -15.9912 
   6.4241    0.0009    0.0000    0.0000  179.3064   -0.2336   -1.4103    0.0025    0.9405    5.9631    0.0000    0.0000    0.0000    0.0000    4.0640   -0.0061    0.0103    1.0825  -15.9912 
   6.4666    0.0014    0.0000    0.0000  179.3029    0.3158    0.1156   -0.1196    0.9405    5.9631    0.0000    0.0000    0.0000    0.0000    4.0640   -0.0337    0.0078    1.0881  -15.4419 
   6.5091    0.0009    0.0000    0.0000  179.3004    0.1937    0.6039   -0.2417    0.9405    5.9631    0.0000    0.0000    0.0000    0.0000    4.0640   -0.0100    0.0039    1.0635  -15.5640 
   6.5516    0.0009    0.0000    0.0000  179.2863    0.6820   -0.3727   -0.1807    0.9405    5.9631    0.0000    0.0000    0.0000    0.0000    4.0640   -0.0112    0.0139    1.0737  -15.0757 
   6.5941    0.0009    0.0000    0.0000  179.2750   -0.5387    0.3597   -0.3638    0.9405    5.9631    0.0000    0.0000    0.0000    0.0000    4.0640   -0.0190    0.0068    1.0847  -16.2964 
   6.6366    0.0014    0.0000    0.0000  179.2710   -0.6608   -0.0675   -0.0586    0.9405    5.9631    0.0000    0.0000    0.0000    0.0000    4.0640   -0.0146    0.0168    1.0874  -16.4185 
   6.6791    0.0009    0.0000    0.0000  179.2606   -0.0504    0.0545   -0.0586    0.9405    5.9631    0.0000    0.0000    0.0000    0.0000    4.0640   -0.0078    0.0073    1.0735  -15.8081 
   6.7216    0.0009    0.0000    0.0000  179.2635   -0.1115   -0.0675    0.0025    0.9405    5.9631    0.0000    0.0000    0.0000    0.0000    4.0640   -0.0051    0.0166    1.0781  -15.8691 
   6.7641    0.0009    0.0000    0.0000  179.2639   -0.5998   -0.0675    0.2466    0.9405    5.9631    0.0000    0.0000    0.0000    0.0000    4.0640   -0.0034    0.0100    1.0693  -16.3574 
   6.8066    0.0014    0.0000    0.0000  179.2638   -0.7829    0.0545    0.2466    0.9405    5.9631    0.0000    0.0000    0.0000    0.0000    4.0640   -0.0188    0.0144    1.0823  -16.5405 
   6.8491    0.0009    0.0000    0.0000  179.2470   -0.2336   -0.0065   -0.4858    0.9405    5.9631    0.0000    0.0000    0.0000    0.0000    4.0640   -0.0222    0.0132    1.0786  -15.9912 
   6.8916    0.0009    0.0000    0.0000  179.2438   -0.4777   -0.0675   -0.2417    0.9405    5.9631    0.0000    0.0000    0.0000    0.0000    4.0640   -0.0134    0.0083    1.0867  -16.2354 
   6.9341    0.0009    0.0000    0.0000  179.2353   -0.1115    0.3597    0.0025    0.9405    5.9631    0.0000    0.0000    0.0000    0.0000    4.0640   -0.0073    0.0059    1.0818  -15.8691 
   6.9766    0.0014    0.0000    0.0000  179.2326    0.7430    0.1766   -0.1807    0.9405    5.9631    0.0000    0.0000    0.0000    0.0000    4.0640   -0.0151    0.0037    1.0828  -15.0146 
   7.0191    0.0009    0.0000    0.0000  179.2335   -0.8439   -0.2506   -0.0586    0.9405    5.9631    0.0000    0.0000    0.0000    0.0000    4.0640   -0.0139    0.0112    1.0730  -16.6016 
   7.0616    0.0009    0.0000    0.0000  179.2290    0.8651    0.3597   -0.2417    0.9405    5.9631    0.0000    0.0000    0.0000    0.0000    4.0640   -0.0125    0.0195    1.0854  -14.8926 
   7.1041    0.0009    0.0000    0.0000  179.2314   -0.7829   -0.0675   -0.0586    0.9405    5.9631    0.0000    0.0000    0.0000    0.0000    4.0640   -0.0210    0.0066    1.0852  -16.5405 
   7.1466    0.0014    0.0000    0.0000  179.2204    0.2547    0.1156   -0.3027    0.9405    5.9631    0.0000    0.0000    0.0000    0.0000    4.0640   -0.0146    0.0154    1.0735  -15.5029 
   7.1891    0.0009    0.0000    0.0000  179.2205   -1.5153   -0.1896    0.3076    0.9405    5.9631    0.0000    0.0000    0.0000    0.0064    4.0640   -0.0093    0.0066    1.0850  -17.2729 
   7.2316    0.0009    0.0000    0.0000  179.2149   -0.1115    0.0545   -0.2417    0.9405    5.9631    0.0000    0.0000    0.0000    0.0315    4.0640   -0.0120    0.0164    1.0789  -15.8691 
   7.2741    0.0009    0.0000    0.0000  179.2110    0.1937    0.1766    0.0025    0.9405    5.9631    0.0000    0.0000    0.0000    0.0680    4.0640   -0.0178    0.0139    1.0793  -15.5640 
   7.3166    0.0014    0.0000    0.0000  179.2113    0.8651    0.4818   -0.1807    0.9405    5.9631    0.0000    0.0000    0.0000    0.0915    4.0640   -0.0063    0.0132    1.0840  -14.8926 
   7.3591    0.0010   -0.0714    0.2873  179.2004    0.0106    0.0545   -0.1807   -0.6859    0.0880   -0.0000   -0.0000    0.0000    0.1087    4.0320   -0.0085    0.0127    1.0808    0.0032 
   7.4016    0.0010    0.1694    0.0679  179.1960    0.6209    0.2377   -0.2417   -0.0310   -0.1305   -0.0000   -0.0000    0.0000    0.1256    4.0240   -0.0081    0.0085    1.0806    0.0042 
   7.4441    0.0010    0.1058    0.1171  179.1883   -0.0504   -0.1896   -0.3638    0.9307   -1.2897    0.0000   -0.0000    0.0000    0.1743    4.0000   -0.0103    0.0125    1.0718    0.0063 
   7.4866    0.0015   -0.0361    0.1896  179.1958    0.0716    0.7259    1.5283    0.7499   -0.8740    0.0000   -0.0000    0.2818    0.1950    3.9840    0.0010    0.0103    1.0959   -0.0218 
   7.5291    0.0010   -0.0649    0.1877  179.1849   -2.4308    0.3597    1.0401    0.1734   -0.6432    0.0000   -0.0000    0.0000    0.1950    3.9840    0.0237    0.1169    1.0334   -0.0182 
   7.5716    0.0010    0.4865    0.2343  179.2073    1.5975   -1.7155    2.2608   -0.8455   -0.9944   -0.0000   -0.0000    0.0000    0.1950    3.9840   -0.0586   -0.0295    1.0745   -0.0395 
   7.6141    0.0010    0.3726    0.8343  179.1374    0.4989   -1.1662   -0.9131    0.0369   -0.9767   -0.0000   -0.0000    0.0000    0.1950    3.9840   -0.0051    0.0215    0.9697    0.0159 
   7.6566    0.0015    1.2151    0.5412  179.2346    0.3768   -3.2414    2.1387    0.1609   -0.7363   -0.0000   -0.0000    0.0000    0.2000    3.9920   -0.1353    0.0654    1.0969   -0.0373 
   7.6991    0.0010    0.7996    1.3213  179.4019   -0.9660    0.7870    2.5049    0.3375   -1.1986   -0.0000   -0.0000    0.0000    0.2000    3.9840    0.1836    0.0505    1.0989   -0.0437 
   7.7416    0.0010    0.0851    0.1704  179.3936   -1.2101   -3.3024   -1.8896    0.0235   -1.4786   -0.0000   -0.0000    0.0000    0.2000    3.9840   -0.1560    0.0281    1.0720    0.0330 
   7.7841    0.0010   -0.2349   -0.3225  179.5141    1.5975    2.2518    7.5708    0.1659   -1.1396   -0.0000   -0.0000    0.0000    0.2000    3.9920    0.2363    0.0295    1.0732   -0.1321 
   7.8266    0.0015    0.2144    0.2007  179.8297   -0.8439    2.6180    4.5191   -0.8107   -1.4405   -0.0000   -0.0000    0.0000    0.2101    3.9840    0.1431    0.0042    1.0588   -0.0789 
   7.8691    0.0010    0.0202    0.3218  179.8195    1.0482   -2.8141   -3.1714   -0.5002   -1.3303   -0.0000   -0.0000    0.0000    0.2394    3.9600    0.0369    0.1506    1.0229    0.0554 
   7.9116    0.0010    0.3378    0.3739  179.8932    1.4754   -0.7999    4.4580    0.9000   -2.1707   -0.0000   -0.0000    0.0000    0.2536    3.9600   -0.3611   -0.2112    1.2168   -0.0778 
   7.9541    0.0010   -0.0558    0.8805  180.0376   -4.5060    1.4584    1.5283    0.3539   -1.6966   -0.0000   -0.0000    0.0000    0.2582    3.9520   -0.0105    0.2893    1.1392   -0.0267 
   7.9966    0.0015    0.3685    0.6848  180.1328    1.6585    4.3880    4.1528    0.0439   -1.2985   -0.0000   -0.0000    0.0000    0.2720    3.9520   -0.0579   -0.0542    1.1484   -0.0725 
   8.0391    0.0010    0.9802    0.2933  180.4153    6.4193  -18.9884    7.8150   -0.3130   -1.3468   -0.0000   -0.0000    0.0000    0.2810    3.9360   -0.5398   -0.3633    1.3137   -0.1364 
   8.0816    0.0010    1.1100   -0.1384  180.9181   -2.6750   20.0741    7.2656    0.0337   -1.4943   -0.0000   -0.0000    0.0000    0.2810    3.9280   -0.3269   -0.4241    0.3547   -0.1268 
   8.1241    0.0010    1.6708    0.9839  181.1119   45.1156  -31.1344    4.8242    0.4188   -1.2049   -0.0000   -0.0000    0.0000    0.3114    3.9120    0.4631   -0.0730    2.1443   -0.0842 
   8.1666    0.0015    1.2656    1.8983  181.2713   42.0028    7.0736    4.3360    0.3607   -1.9511   -0.0000   -0.0000    0.0000    0.3157    3.9120   -0.0774   -0.6567    2.4377   -0.0757 
   8.2091    0.0010    1.9042    1.9507  181.3781   20.8236   26.8490    2.6880    0.0522   -1.1191   -0.0000   -0.0000    0.0000    0.3443    3.8880   -0.7642    0.1670    0.3589   -0.0469 
   8.2516    0.0010    1.1514    0.2710  181.5702  -32.0329  -21.5519   -2.4390   -0.0457   -1.2004   -0.0000   -0.0000    0.0000    0.3561    3.8800    0.3787   -0.0007    2.9465    0.0426 
   8.2941    0.0010   -0.1744   -0.3452  181.4721  -21.1686   23.4920   -4.6973   -0.1425   -1.9845   -0.0000   -0.0000    0.0000    0.3600    3.8800    0.3057    0.3652    2.1011    0.0820 
   8.3366    0.0015    0.3662   -0.8294  181.4232  -22.8776  -18.0119   -0.9131   -0.9964   -1.1081   -0.0000   -0.0000    0.0000    0.3561    3.8880    0.1619   -0.1208    0.8113    0.0159 
   8.3791    0.0010    1.1603   -0.9050  181.2887  -25.9294   -0.6779   -6.2231   -0.6343   -0.9619   -0.0000   -0.0000    0.0000    0.3600    3.8720   -0.0903    0.7944    0.4771    0.1086 
   8.4216    0.0010    1.1292   -0.0372  181.1603  -49.2448   -0.0065    0.8569    0.0514   -1.1790   -0.0000   -0.0000    0.0000    0.3676    3.8720   -0.7114    0.1155    1.9001   -0.0150 
   8.4641    0.0010    0.5061    0.3859  181.1592   52.0125  -13.6173    1.6504   -0.0675   -1.3305   -0.0000   -0.0000    0.0000    0.3676    3.8720   -0.6636    0.8997    1.2598   -0.0288 
   8.5066    0.0015    1.3016   -0.8062  181.0201  -44.7892  -13.3122   -6.7724   -0.9676   -1.8050   -0.0000   -0.0000    0.0000    0.3714    3.8800   -0.0527    0.5632    0.7532    0.1182 
   8.5491    0.0010   -0.3567    0.9772  180.9158   34.8617   61.8221   -2.1338   -0.1114   -1.2675   -0.0000   -0.0000    0.0000    0.3714    3.8560   -0.5393    0.7732   -0.4282    0.0372 
   8.5916    0.0010    1.0416    1.6548  181.1653   -3.9567  -39.7404    3.1152   -0.3864   -0.6867   -0.0000   -0.0000    0.0000    0.3714    3.8720    0.7273   -0.3325   -0.2537   -0.0544 
   8.6341    0.0010    0.1996    1.0616  181.1568   36.7538   28.0086   -1.6455   -0.7726   -0.6442   -0.0000   -0.0000    0.0000    0.3752    3.8720    0.1731    0.0032    1.1079    0.0287 
   8.6766    0.0015    0.8124    1.4845  181.1458  -38.1364   12.2616   -4.6973   -0.0343   -1.9296   -0.0000   -0.0000    0.0000    0.3970    3.8480    0.0466    0.9646    0.2263    0.0820 
   8.7191    0.0010   -1.4114    1.9589  180.9026    3.1844    7.9281   -2.7441    0.1079   -1.2048   -0.0000   -0.0000    0.0000    0.4041    3.8480   -0.5242    1.1890    1.1377    0.0479 
   8.7616    0.0010    1.0647    0.5598  180.9629   -2.3698  -27.8385   -1.7676    0.2660   -2.3802   -0.0000   -0.0000    0.0000    0.4110    3.8320   -0.0198   -0.8699    1.1040    0.0308 
   8.8041    0.0010    0.3185    1.5454  180.9404   23.0819   36.2484    2.6880    0.0394   -1.8761   -0.0000   -0.0000    0.0000    0.4343    3.8000   -0.4194   -0.7346    1.5447   -0.0469 
   8.8466    0.0015    1.2523    1.6821  181.0524  -21.6569  -44.0128    0.7349    0.4033   -0.4174   -0.0000   -0.0000   -0.2818    0.4712    3.7600    0.2190   -0.7380    1.8015   -0.0177 
   8.8891    0.0010    0.9308    0.3327  180.9593   12.4007   10.0033    0.6738    1.0672   -2.1201   -0.0000   -0.0000   -0.5636    0.4770    3.7760   -0.1521    0.0730    1.0828   -0.0216 
   8.9316    0.0010    0.8469    1.1553  180.8669  -20.4972   23.3700   -5.1855   -0.4402   -0.7985   -0.0000   -0.0000   -0.5636    0.4826    3.7600    0.3044    0.2761    0.1421    0.0807 
   8.9741    0.0010   -0.0384    1.4748  180.7730   18.9315   -6.9645   -3.2324   -0.2066   -1.1369   -0.0000   -0.0000   -0.2818    0.4854    3.7600    0.0906    0.0562    1.0591    0.0515 
   9.0166    0.0015    1.2789    1.2510  180.6061   12.1566  -23.0778   -4.2700   -0.3375   -1.4457   -0.0000   -0.0000   -0.2818    0.4854    3.7680   -0.6492    1.5381    2.3096    0.0696 
   9.0591    0.0010    0.4030    1.1385  180.6080  -11.1588    5.1815    2.5659   -0.3135   -1.5722   -0.0000   -0.0000   -0.5636    0.4882    3.7600   -0.0022    0.1548    1.2178   -0.0546 
   9.1016    0.0010    1.0594    1.4914  180.5809   41.9417   19.5858    0.0025    0.6470   -1.1815   -0.0000   -0.0000   -0.5636    0.4882    3.7600    0.4346   -1.3926    0.8306   -0.0099 
   9.1441    0.0010    0.9262    1.0476  180.4794  -51.3810   -9.4059   -0.7910    0.1288   -0.7915   -0.0000   -0.0000   -0.5636    0.4936    3.7520   -0.5657    0.5547    2.2776    0.0040 
   9.1866    0.0015   -0.5292    1.3542  180.4056    6.1751   11.4681   -3.8428    0.5948   -1.5122   -0.0000   -0.0000   -0.5636    0.4990    3.7600   -0.5903    0.6145    1.3867    0.0572 
   9.2291    0.0010    0.4818    0.6527  180.4591   -4.3229  -37.7873   -3.4765   -0.3766   -1.6867   -0.0000   -0.0000   -0.5636    0.5042    3.7360   -0.5046    1.0024    1.4648    0.0508 
   9.2716    0.0010   -0.0779    0.2646  180.3792   -3.2243   23.1869    0.6128    0.3915   -1.4909   -0.0000   -0.0000   -0.5636    0.5119    3.7360   -0.1174    0.5647    1.1040   -0.0205 
   9.3141    0.0010    0.4506    2.0892  180.3577   14.2928   41.5585   -4.0259    0.7764   -2.0525   -0.0000   -0.0000   -0.5636    0.5119    3.7280    0.5779    0.5857    1.4734    0.0604 
   9.3566    0.0015    1.1071    1.0180  180.3559    8.6165  -47.1867   -1.3403    1.1523   -0.8620   -0.0000   -0.0000   -0.2818    0.5698    3.6640   -0.3564   -1.4465    0.3364    0.0185 
   9.3991    0.0010    0.6998    0.3274  180.3477  -25.6852    3.4725   -4.6973    0.1850   -0.8751   -0.0000   -0.0000   -0.5636    0.5736    3.6560    0.2446    0.0784    1.4143    0.0721 
   9.4416    0.0010   -0.1020    1.8569  180.2879  -10.4264   42.1688   -5.1245    0.2080   -1.3639   -0.0000   -0.0000   -0.5636    0.5755    3.6480   -0.7085   -1.5737    1.0273    0.0796 
   9.4841    0.0010    0.6775    2.7026  180.2607   46.8856  -21.7960   -1.5845    0.0047   -0.6262   -0.0000   -0.0000   -0.5636    0.5736    3.6560    0.1047   -0.7241    0.8311    0.0178 
   9.5266    0.0015    1.3821    1.1385  180.1805  -44.7892  -40.7169   -2.5610    0.8414   -1.3921   -0.0000   -0.0000   -0.5636    0.5755    3.6480   -1.0669    1.1377    1.4214    0.0349 
   9.5691    0.0010   -0.8297    1.3017  180.2009  -32.5822   24.8959   -2.7441    0.1047   -1.3890   -0.0000   -0.0000   -0.5636    0.5755    3.6720    0.0193   -0.4932    1.6853    0.0381 
   9.6116    0.0010    0.7689    2.9640  180.1902   88.0233   43.0233    2.1997    0.7969   -1.5949   -0.0000   -0.0000   -0.5636    0.5755    3.6400    0.8975   -1.1011    0.9319   -0.0482 
   9.6541    0.0010    2.9301    3.1047  180.2262    2.5130  -18.3781   -2.0727    0.3570   -1.2857   -0.0000   -0.0000   -0.5636    0.5755    3.6720   -0.7168    0.2087    1.5293    0.0263 
   9.6966    0.0015   -0.3145    1.5199  180.1388 -101.3078  -28.8761    2.4439    0.4537   -1.3218   -0.0000   -0.0000   -0.5636    0.5736    3.6320   -0.9285    1.4658    0.9858   -0.0525 
   9.7391    0.0011   -0.9276    1.1863  180.2458   34.8617   14.3368    2.6880    0.2363   -1.2069   -0.0000   -0.0000   -0.5636    0.5755    3.6560    1.8054   -0.7773    0.4558   -0.0568 
   9.7816    0.0010    3.6704    2.3077  180.3552  100.5355   40.9481    2.1387    0.4904   -0.9554   -0.0000   -0.0000   -0.5636    0.5755    3.6400   -0.0193   -1.9055    0.3879   -0.0472 
   9.8241    0.0011    2.9945    3.7471  180.2846 -129.4450   -6.1100    0.9790    0.1863   -1.4521   -0.0000   -0.0000   -0.5636    0.5755    3.6400    0.4783    0.8667    1.5928   -0.0269 
   9.8666    0.0015   -2.0405    2.5886  180.1932  -21.4738  -38.3976    9.5239    0.8074   -2.1821   -0.0000   -0.0000   -0.8454    0.5736    3.6480    1.1257    1.1218    0.5266   -0.1810 
   9.9091    0.0010    1.7657    2.0672  180.3151  142.8939    0.8480   -6.7724    0.5223   -1.5433   -0.0000   -0.0000   -0.8454    0.5755    3.6240   -0.7263    0.5615    1.5251    0.1034 
   9.9516    0.0010    4.9763    3.5832  180.3167  -60.5363   50.8968    2.7490    1.4835   -2.1769   -0.0000   -0.0000   -0.5636    0.5755    3.6480   -0.0889   -0.4580    0.9116   -0.0578 
   9.9941    0.0011   -0.3506    4.8776  179.8017 -111.1344    0.9701   -4.9414    1.1539   -1.6495   -0.0000   -0.0000   -0.5636    0.5755    3.6320    0.9609    1.2856    1.4373    0.0764 
  10.0366    0.0015    0.5809    2.9215  179.9367  116.0384  -41.9376    1.1011    1.2923   -1.5649   -0.0000   -0.0000   -0.5636    0.5736    3.6240   -0.8967   -0.9617    1.3081   -0.0291 
  10.0791    0.0010    5.1441    2.6703  179.9021   66.9051   15.1302   -4.7583    1.6110   -2.0648   -0.0000   -0.0000   -0.5636    0.5755    3.6640   -0.7490    0.0110    1.6084    0.0732 
  10.1216    0.0010    2.0912    4.4559  179.6081 -161.4274   37.1029   -4.3921    1.5727   -1.5869   -0.0000   -0.0000   -0.5636    0.5755    3.5920    1.4097   -2.2617    1.4775    0.0668 
  10.1641    0.0010   -1.0322    4.1725  179.1933   52.0736  -15.5094    4.8242    1.0526   -2.1150   -0.0000   -0.0000   -0.8454    0.5755    3.6640    1.2717   -0.2148    1.0923   -0.0990 
  10.2066    0.0015    5.0582    3.0678  179.5171  152.6595   -9.7111   -7.2607    0.7023   -1.8883   -0.0000   -0.0000   -0.8454    0.5736    3.6000   -0.1653    3.6870    0.4653    0.1120 
  10.2491    0.0010    5.9177    3.5827  179.3513 -125.5998   24.2855    1.1011    1.2942   -2.5317   -0.0000   -0.0000   -0.8454    0.5755    3.6320   -0.4229    1.0969    1.6345   -0.0340 
  10.2916    0.0010   -1.2677    3.8990  178.8306 -109.3644   -8.0021   -4.5141    2.2989   -2.5268   -0.0000   -0.0000   -0.8454    0.5755    3.6240   -0.4390   -1.3406    0.8396    0.0640 
  10.3341    0.0010    1.7041    2.8362  179.0675  195.2621  -31.4396    1.7725    0.7767   -2.1506   -0.0000   -0.0000   -0.8454    0.5717    3.5840   -0.5654   -0.9834    2.1338   -0.0457 
  10.3766    0.0015    9.1264    2.6463  179.0876   59.7640   16.9003   -6.1011    0.3476   -1.9603   -0.0000   -0.0000   -0.8454    0.5598    3.6720    0.4939   -0.1992    0.9026    0.0917 
  10.4191    0.0010    2.9066    3.5487  178.6835 -225.3312   13.1161   -5.4907    0.6171   -1.6239   -0.0000   -0.0000   -0.8454    0.5578    3.5680   -1.5405   -0.0952    1.9312    0.0811 
  10.4616    0.0010   -1.9656    3.1437  178.3992    7.1517  -17.6456    2.0776    1.3673   -2.5879   -0.0000   -0.0000   -0.8454    0.5557    3.6800   -0.7542    0.4185    1.1519   -0.0510 
  10.5041    0.0010    6.9007    2.2458  178.6988  230.7235   -5.1945   -4.8193    1.4898   -2.2182   -0.0000   -0.0000   -0.8454    0.5557    3.5600    0.1655   -0.3918    2.0156    0.0694 
  10.5466    0.0015    9.8578    3.2145  178.6369 -142.0793   22.6986   -0.6079    0.9106   -2.5385   -0.0000   -0.0000   -0.8454    0.5450    3.6640    0.2783   -1.2634    1.5208   -0.0041 
  10.5891    0.0010    0.4438    3.6866  177.9426 -197.2551   -3.3634   -5.5517    1.0059   -1.0884   -0.0000   -0.0000   -0.8454    0.5405    3.6000   -1.4014   -1.0823    1.6323    0.0821 
  10.6316    0.0010    0.9016    2.6797  177.9804  211.4364  -33.0875   -1.7676    1.6584   -0.6181   -0.0000   -0.0000   -0.8454    0.5094    3.6320   -0.2524    0.3721    1.5139    0.0161 
  10.6741    0.0010   10.7405    1.7655  177.9993  153.1478    6.8905   -5.4297    0.9914   -3.4785   -0.0000   -0.0000   -0.8454    0.4594    3.7280   -0.9670    1.8552    1.2153    0.0800 
  10.7166    0.0015    8.1622    2.2009  177.7225 -202.6261   22.6376   -5.8569   -1.0116   -2.5804   -0.0000   -0.0000   -0.8454    0.4563    3.7200    0.2585    2.1267    0.7712    0.0875 
  10.7591    0.0010   -0.9210    1.8736  177.2499 -164.6623   -3.6076   -1.2182    0.4795   -1.5909   -0.0000   -0.0000   -0.5636    0.4502    3.7120   -0.4412   -0.2927    0.3240    0.0114 
  10.8016    0.0010    0.8584    1.4451  177.3513  186.9002  -16.9743    0.4907    1.1272   -2.5051   -0.0000   -0.0000    0.0000    0.3862    3.7680   -0.4382    0.6255    0.5476   -0.0086 
  10.8441    0.0010   11.2084    1.0912  177.3825  182.3836    6.6463   -5.6738    0.2279   -3.2709   -0.0000   -0.0000    0.2818    0.3862    3.7520    0.3284    0.8860    0.6667    0.1039 
  10.8866    0.0015   11.9616    1.8567  177.3480 -153.1877   20.1351   -2.8662    0.6962   -3.1709   -0.0000   -0.0000    0.2818    0.3862    3.8160    0.7617    0.0212    0.3884    0.0549 
  10.9291    0.0010    2.3725    2.0090  177.0452 -232.6554   -6.7204    0.7959    0.1870   -2.6467   -0.0000   -0.0000    0.2818    0.3862    3.7280    0.4119   -1.0112    0.7412   -0.0090 
  10.9716    0.0010   -1.4804    1.4289  177.0807   66.2337  -21.7350    2.7490    0.1603   -1.7758   -0.0000   -0.0000    0.2818    0.3899    3.8160   -0.3259    1.4209    0.5469   -0.0431 
  11.0141    0.0010    6.6502    0.2282  177.0730  259.1659   -6.9035   -2.4390    1.2117   -2.3335   -0.0000   -0.0000    0.2818    0.3970    3.7040    0.3503   -1.0137    0.6145    0.0475 
  11.0566    0.0015   12.1799    0.5087  176.9322    3.5506   11.4681   -3.4155    1.9522   -3.0045   -0.0000   -0.0000    0.0000    0.3970    3.8160    0.5913    0.5779    0.6653    0.0596 
  11.0991    0.0010    4.6399    1.0799  176.8083 -262.4406    2.0077   -4.5752    0.8566   -1.7240   -0.0000   -0.0000    0.2818    0.4006    3.7120   -0.8376    0.5173    1.1763    0.0848 
  11.1416    0.0010   -3.7216    0.7552  176.8215  -75.4899  -20.6364    2.4439    0.9465   -2.2850   -0.0000   -0.0000    0.0000    0.4006    3.8080   -0.3665    0.4805    0.5964   -0.0427 
  11.1841    0.0010    1.9794   -0.0718  176.9946  271.5560  -14.5329    0.4907    0.7355   -1.5058   -0.0000   -0.0000    0.2818    0.4041    3.6880   -0.0540    0.3323    1.0967   -0.0036 
  11.2266    0.0015   11.2604    0.0045  176.8982   82.1029   13.9706    2.6270    1.1199   -2.4494   -0.0000   -0.0000    0.0000    0.4076    3.7600   -0.0925   -0.2844    1.0137   -0.0458 
  11.2691    0.0010    6.2590    0.4245  176.8914 -270.3141   23.6141   -1.1572    1.7160   -2.1958   -0.0000   -0.0000    0.0000    0.4041    3.7200    0.8894   -1.2507    0.7012    0.0202 
  11.3116    0.0010   -4.9559    0.5848  176.9219 -161.1833  -19.3546    1.5894    0.2985   -1.0840   -0.0000   -0.0000    0.0000    0.4076    3.7600   -1.1331    0.2446    1.1665   -0.0277 
  11.3541 4294.9482   -4.8789    0.5354  175.8394  146.1898  -26.8620 -101.3769    1.1015   -1.5502   -0.0000   -0.0000    0.0000    0.4076    4.0080    0.0525    3.5237    7.9373  130.4321 
  11.3966 4294.9058    7.0672    1.1237  171.6999  373.6068    5.5477  -94.8462    1.1015   -1.5502   -0.0000   -0.0000    0.0000    0.4076    4.0080   -0.1653   -0.9866   -2.3054    0.0000 
  11.4391 4294.8633   25.0762    1.8734  167.9980  489.0243   35.5770  -92.6489    1.1015   -1.5502   -0.0000   -0.0000    0.0000    0.4076    4.0080   -0.0266   -0.0808    2.0381  473.2666 
  11.4816 4294.8208   47.2086    2.2199  164.1442  546.6415   67.2542  -88.0102    1.1015   -1.5502   -0.0000   -0.0000    0.0000    0.4076    4.0080   -0.2566    0.5178   -0.9114    0.0000 
  11.5241 4294.7783   47.8573    6.5697  161.5639 -129.7502  126.5194  -61.0327    1.1015   -1.5502   -0.0000   -0.0000    0.0000    0.4076    4.0080    0.0896    0.3591   -0.3398 -145.5078 
  11.5666 4294.7358   37.6111    4.2872  154.4834 -452.5651   79.8885  -79.6484    1.1015   -1.5502   -0.0000   -0.0000    0.0000    0.4076    4.0080   -0.2710    0.0342    0.1128    0.0000 
  11.6091 4294.6934   12.4573    2.3224  148.0829 -764.6989    9.9422 -105.8325    1.1015   -1.5502   -0.0000   -0.0000    0.0000    0.4076    4.0080   -0.2183   -0.3352    0.4177 -780.4565 
  11.6516 4294.6509  -20.2731    2.9108  142.8968 -379.5060   -1.3493  -92.6489    1.1015   -1.5502   -0.0000   -0.0000    0.0000    0.4076    4.0080    0.1396    0.0505   -0.8193    0.0000 
  11.6941 4294.6084  -21.7769    3.1968  139.0773  204.7835    2.4349  -62.1924    1.1015   -1.5502   -0.0000   -0.0000    0.0000    0.4076    4.0080   -0.1187    0.0576    0.5776  189.0259 
  11.7366 4294.5659   -1.3047    2.7750  138.1592  407.1151   27.2152  -34.2993    1.1015   -1.5502   -0.0000   -0.0000    0.0000    0.4076    4.0080   -0.0432   -0.2849    0.9377    0.0000 
  11.7791 4294.5234    0.4103    2.4538  136.6045 -259.5109   -7.5748  -38.9990    1.1015   -1.5502   -0.0000   -0.0000    0.0000    0.4076    4.0080   -0.2292   -0.7410    1.0403 -275.2686 
  11.8216 4294.4810   -7.6233    2.0801  134.7050   22.1053   54.4979  -32.1020    1.1015   -1.5502   -0.0000   -0.0000    0.0000    0.4076    4.0160   -0.2432   -0.1479    0.9939    0.0000 
  11.8641 4294.4385   -2.1860    1.1340  134.1208   23.3871  -86.0661  -10.9228    1.1015   -1.5502   -0.0000   -0.0000    0.0000    0.4076    4.0160   -0.0393   -0.1792    1.0222    7.6294 
  11.9066 4294.3960   -2.2772   -0.5622  133.4081  -47.7189   66.6439  -25.6323    1.1015   -1.5502   -0.0000   -0.0000    0.0000    0.4076    4.0160   -0.0100    0.1860    1.0125    0.0000 
  11.9491 4294.3535   -0.9370    2.4983  132.4098   -7.0695  -28.6320  -18.7964    1.1015   -1.5502   -0.0000   -0.0000    0.0000    0.4076    4.0160    0.1018   -0.1128    1.1177  -22.8271 
  11.9916 4294.3110   -0.5738   -0.3600  131.7004   -4.4450  -26.1295  -16.3550    1.1015   -1.5502   -0.0000   -0.0000    0.0000    0.4076    4.0160   -0.1892   -0.0164    1.0364    0.0000 
  12.0341 4294.2686    0.0844   -0.0395  131.5394   -5.6657   54.1317   -1.5234    1.1015   -1.5502   -0.0000   -0.0000    0.0000    0.4076    4.0160    0.0613   -0.0374    1.0308  -21.4233 
  12.0766 4294.2256   -0.3617    1.2400  131.4828   20.1522  -34.4913   -0.1196    1.1015   -1.5502   -0.0000   -0.0000    0.0000    0.4076    4.0160   -0.0149    0.0659    1.0554    0.0000 
  12.1191 4294.1831    0.3793   -1.2824  131.5389    1.4144    0.6039    0.7959    1.1015   -1.5502   -0.0000   -0.0000    0.0000    0.4076    4.0160   -0.0784   -0.0127    1.0725  -14.3433 
  12.1616 4294.1406    0.5631   -0.3086  131.5527  -14.2106   17.6937    2.3828    1.1015   -1.5502   -0.0000   -0.0000    0.0000    0.4076    4.0160    0.0237    0.0754    1.0872    0.0000 
  12.2041 4294.0981    0.8120   -0.8753  131.5331    0.3158   -8.3073    0.0635    1.1015   -1.5502   -0.0000   -0.0000    0.0000    0.4076    4.0160   -0.0603   -0.0068    1.0808  -15.4419 
  12.2466 4294.0557    0.5832   -0.3945  131.5198   -7.4357    7.6839    0.0025    1.1015   -1.5502   -0.0000   -0.0000    0.0000    0.4076    4.0160    0.0276    0.0315    1.0605    0.0000 
  12.2891 4294.0132    0.8659   -0.9903  131.5067   -0.4167   -0.1896   -0.3027    1.1015   -1.5502   -0.0000   -0.0000    0.0000    0.4076    4.0160   -0.0632    0.0171    1.0774  -16.1743 
  12.4116    0.0009    0.0000    0.0000  131.4749    1.2923    8.2333   -0.6689    1.1015   -1.5502    0.0000    0.0000    0.0000    0.0560    4.0240   -0.0012   -0.0120    1.0718    0.0000 
  12.4541    0.0010   -0.2949   -0.2752  131.4562    0.4989    4.3880   -0.4248    2.5575    2.8349    0.0000    0.0000   -3.0998    0.1200    3.9840    0.0002   -0.0085    1.0789   -0.0467 
  12.4966    0.0014    0.0000    0.0000  131.4440   -0.1115   -2.4479   -0.2417    2.7808    4.2509    0.0000    0.0000    0.0000    0.0620    4.0160   -0.0259    0.0061    1.0706    0.0000 
  12.5391    0.0010    0.0000    0.0000  131.4327    0.4989   -2.3869   -0.3638    2.7808    4.2509    0.0000    0.0000    0.0000    0.0000    4.0240   -0.0266   -0.0107    1.0815  -15.2588 
  12.5816    0.0009    0.0000    0.0000  131.4270    0.2547   -0.4948   -0.4858    2.7808    4.2509    0.0000    0.0000    0.0000    0.0000    4.0160   -0.0332   -0.0046    1.0686    0.0000 
  12.6241    0.0009    0.0000    0.0000  131.4085    0.6209    0.5428   -0.4858    2.7808    4.2509    0.0000    0.0000    0.0000    0.0000    4.0240   -0.0298    0.0002    1.0713  -15.1367 
  12.6666    0.0014    0.0000    0.0000  131.3902   -0.1115    0.4818    0.0635    2.7808    4.2509    0.0000    0.0000    0.0000    0.0000    4.0240   -0.0393   -0.0002    1.0803    0.0000 
  12.7091    0.0009    0.0000    0.0000  131.3784   -1.3932   -0.1896    0.0025    2.7808    4.2509    0.0000    0.0000    0.0000    0.0000    4.0240   -0.0115   -0.0051    1.0762  -17.1509 
  12.7516    0.0009    0.0000    0.0000  131.3478   -0.0504   -0.1896   -0.7300    2.7808    4.2509    0.0000    0.0000    0.0000    0.0000    4.0240   -0.0278   -0.0063    1.0693    0.0000 
  12.7941    0.0009    0.0000    0.0000  131.3321    0.6820    0.4208   -0.3638    2.7808    4.2509    0.0000    0.0000    0.0000    0.0000    4.0240   -0.0154   -0.0017    1.0791  -15.0757 
  12.8366    0.0014    0.0000    0.0000  131.3186   -1.0270   -0.0675   -0.0586    2.7808    4.2509    0.0000    0.0000    0.0000    0.0000    4.0240   -0.0242   -0.0032    1.0762    0.0000 
  12.8791    0.0009    0.0000    0.0000  131.3103   -0.2336    0.2377    0.0635    2.7808    4.2509    0.0000    0.0000    0.0000    0.0000    4.0240   -0.0330   -0.0039    1.0703  -15.9912 
  12.9216    0.0009    0.0000    0.0000  131.2861   -0.4167    0.3597   -0.3027    2.7808    4.2509    0.0000    0.0000    0.0000    0.0000    4.0240   -0.0330   -0.0037    1.0781    0.0000 
  12.9641    0.0009    0.0000    0.0000  131.2712   -0.5998    0.1766   -0.4858    2.7808    4.2509    0.0000    0.0000    0.0000    0.0000    4.0240   -0.0239   -0.0107    1.0635  -16.3574 
  13.0066    0.0014    0.0000    0.0000  131.2556    0.0106   -0.1286   -0.4248    2.7808    4.2509    0.0000    0.0000    0.0000    0.0000    4.0240   -0.0210   -0.0164    1.0781    0.0000 
  13.0491    0.0009    0.0000    0.0000  131.2477   -0.1115    0.4818   -0.1807    2.7808    4.2509    0.0000    0.0000    0.0000    0.0000    4.0240   -0.0281   -0.0100    1.0813  -15.8691 
  13.0916    0.0009    0.0000    0.0000  131.2366   -0.1725    0.1156   -0.4858    2.7808    4.2509    0.0000    0.0000    0.0000    0.0000    4.0240   -0.0168   -0.0010    1.0898    0.0000 
  13.1341    0.0009    0.0000    0.0000  131.2186    0.4378   -0.1286   -0.1807    2.7808    4.2509    0.0000    0.0000    0.0000    0.0000    4.0240   -0.0264   -0.0010    1.0820  -15.3198 
  13.1766    0.0014    0.0000    0.0000  131.2055   -0.1725    0.2987   -0.3027    2.7808    4.2509    0.0000    0.0000    0.0000    0.0000    4.0240   -0.0229   -0.0010    1.0806    0.0000 
  13.2191    0.0009    0.0000    0.0000  131.1928    0.1937   -0.1896   -0.1807    2.7808    4.2509    0.0000    0.0000    0.0000    0.0000    4.0240   -0.0276   -0.0093    1.0869  -15.5640 
  13.2616    0.0010    0.0000    0.0000  131.1886    0.3158    0.1766   -0.5469    2.7808    4.2509    0.0000    0.0000    0.0000    0.0000    4.0240   -0.0283   -0.0002    1.0764  -15.4419 
  13.3041    0.0009    0.0000    0.0000  131.1749    0.6209    0.3597   -0.6689    2.7808    4.2509    0.0000    0.0000    0.0000    0.0000    4.0240   -0.0271   -0.0042    1.0745  -15.1367 
  13.3466    0.0014    0.0000    0.0000  131.1543   -0.5998    0.1156    0.0025    2.7808    4.2509    0.0000    0.0000    0.0000    0.0000    4.0240   -0.0195   -0.0032    1.0771    0.0000 
  13.3891    0.0009    0.0000    0.0000  131.1379    0.1937    0.0545   -0.4858    2.7808    4.2509    0.0000    0.0000    0.0000    0.0000    4.0240   -0.0273   -0.0002    1.0801  -15.5640 
  13.4316    0.0009    0.0000    0.0000  131.1194    0.8651    0.3597   -0.2417    2.7808    4.2509    0.0000    0.0000    0.0000    0.0000    4.0240   -0.0190   -0.0044    1.0857    0.0000 
  13.4741    0.0009    0.0000    0.0000  131.1021    0.4989    0.1766   -0.6079    2.7808    4.2509    0.0000    0.0000    0.0000    0.0000    4.0240   -0.0264   -0.0051    1.0859  -15.2588 
  13.5166    0.0014    0.0000    0.0000  131.0857   -0.4777    0.1156   -0.4858    2.7808    4.2509    0.0000    0.0000    0.0000    0.0000    4.0240   -0.0269   -0.0078    1.0847    0.0000 
  13.5591    0.0009    0.0000    0.0000  131.0786   -0.3556   -0.0675   -0.1196    2.7808    4.2509    0.0000    0.0000    0.0000    0.0000    4.0240   -0.0149   -0.0046    1.0818  -16.1133 
  13.6016    0.0009    0.0000    0.0000  131.0578   -0.1725    0.2987   -0.2417    2.7808    4.2509    0.0000    0.0000    0.0000    0.0000    4.0240   -0.0225   -0.0151    1.0728    0.0000 
  13.6441    0.0009    0.0000    0.0000  131.0526    0.8040    0.1156   -0.3638    2.7808    4.2509    0.0000    0.0000    0.0000    0.0000    4.0240   -0.0183   -0.0037    1.0906  -14.9536 
  13.6866    0.0014    0.0000    0.0000  131.0454    0.5599    0.1156   -0.2417    2.7808    4.2509    0.0000    0.0000    0.0000    0.0000    4.0240   -0.0249   -0.0015    1.0779    0.0000 
  13.7291    0.0009    0.0000    0.0000  131.0320    0.0716   -0.1286   -0.4248    2.7808    4.2509    0.0000    0.0000    0.0000    0.0000    4.0240   -0.0173    0.0010    1.0872  -15.6860 
  13.7716    0.0009    0.0000    0.0000  131.0188    0.8651    0.1766   -0.1807    2.7808    4.2509    0.0000    0.0000    0.0000    0.0000    4.0240   -0.0110   -0.0061    1.0759    0.0000 
  13.8141    0.0009    0.0000    0.0000  131.0019    0.2547   -0.2506   -0.1196    2.7808    4.2509    0.0000    0.0000    0.0000    0.0000    4.0240   -0.0278   -0.0012    1.0769  -15.5029 
  13.8566    0.0014    0.0000    0.0000  130.9875    0.6820    1.5194   -0.1196    2.7808    4.2509    0.0000    0.0000    0.0000    0.0000    4.0240   -0.0227   -0.0164    1.0723  -15.0757 
  13.8991    0.0009    0.0000    0.0000  131.0069    2.0247   -1.8375   -0.6079    2.7808    4.2509    0.0000    0.0000    0.0000    0.0000    4.0240   -0.0427   -0.0095    1.0823  -13.7329 
  13.9416    0.0009    0.0000    0.0000  130.9935    0.4378    0.6039   -0.6689    2.7808    4.2509    0.0000    0.0000    0.0000    0.0000    4.0320   -0.0278    0.0703    1.0825    0.0000 
  13.9841    0.0009    0.0000    0.0000  131.1246    0.5599   -1.8375   22.1582    2.7808    4.2509    0.0000    0.0000    0.0000    0.0000    4.0320    0.0642   -0.9253    1.0496  -15.1978 
  14.0266    0.0014    0.0000    0.0000  133.9507   41.2704   -5.8659   81.7896    2.7808    4.2509    0.0000    0.0000    0.0000    0.0000    4.0240    0.0498    0.4500    1.2966    0.0000 
  14.0691    0.0009    0.0000    0.0000  137.3519  -18.4831   35.2108   65.8594    2.7808    4.2509    0.0000    0.0000    0.0000    0.0000    4.0320   -0.1023    0.3479    1.2522  -34.2407 
  14.1116    0.0009    0.0000    0.0000  138.3979  -25.4411  -20.3312  -12.2656    2.7808    4.2509    0.0000    0.0000    0.0000    0.0000    4.0240    0.2478    0.3496    1.3896    0.0000 
  14.1541    0.0009    0.0000    0.0000  137.8438   20.1522   30.7552   22.0972    2.7808    4.2509    0.0000    0.0000    0.0000    0.0000    4.0320   -0.0088    0.1936    1.3728    4.3945 
  14.1966    0.0014    0.0000    0.0000  140.9818  -71.9499    2.3128   96.5601    2.7808    4.2509    0.0000    0.0000    0.0000    0.0000    4.0320    0.0562    0.3020    1.2715    0.0000 
  14.2391    0.0009    0.0000    0.0000  144.2193 -127.8581   48.0892   58.9624    2.7808    4.2509    0.0000    0.0000    0.0000    0.0000    4.0320    0.0964    0.0215    1.5432 -143.6157 
  14.2816    0.0009    0.0000    0.0000  147.7248   25.6454   -3.1803  107.9736    2.7808    4.2509    0.0000    0.0000    0.0000    0.0000    4.0240    0.1702    0.3052    1.2725    0.0000 
  14.3241    0.0009    0.0000    0.0000  149.3647 -183.3390   51.2630  -15.3174    2.7808    4.2509    0.0000    0.0000    0.0000    0.0000    4.0320    0.2898    0.2058    1.4224 -199.0967 
  14.3666    0.0014    0.0000    0.0000  148.8114 -131.8254   57.9159   69.9487    2.7808    4.2509    0.0000    0.0000    0.0000    0.0000    4.0320    0.1509    0.0027    1.1995 -147.5830 
  14.4091    0.0009    0.0000    0.0000  151.7935  -33.9860   69.1463   24.0503    2.7808    4.2509    0.0000    0.0000    0.0000    0.0000    4.0240    0.2153    0.5645    1.0825  -49.7437 
  14.4516    0.0009    0.0000    0.0000  148.4249 -248.8297   91.9125  -35.2759    2.7808    4.2509    0.0000    0.0000    0.0000    0.0000    4.0240    0.1895    0.5454    0.9351    0.0000 
  14.4941    0.0009    0.0000    0.0000  146.6982 -125.2336   35.8212   69.8877    2.7808    4.2509    0.0000    0.0000    0.0000    0.0000    4.0320   -0.0527    0.3643    0.9712 -140.9912 
  14.5366    0.0014    0.0000    0.0000  150.6413 -156.0563    4.8153   28.8110    2.7808    4.2509    0.0000    0.0000    0.0000    0.0000    4.0320    0.1663    0.5830    0.8696 -171.8140 
  14.5791    0.0009    0.0000    0.0000  147.9870 -175.3434   50.5306  -37.0459    2.7808    4.2509    0.0000    0.0000    0.0000    0.0000    4.0320   -0.1550    0.6025    0.7590 -191.1011 
  14.6216    0.0009    0.0000    0.0000  147.0344  -58.2170  -23.4440  -26.2427    2.7808    4.2509    0.0000    0.0000    0.0000    0.0000    4.0320    0.0693    0.6003    0.7012    0.0000 
  14.6641    0.0009    0.0000    0.0000  141.0319  -97.4015   39.7274 -137.9370    2.7808    4.2509    0.0000    0.0000    0.0000    0.0000    4.0320    0.1458    0.4673    0.6667 -113.1592 
  14.7066    0.0014    0.0000    0.0000  132.6485  -99.9650   33.4408  -50.4126    2.7808    4.2509    0.0000    0.0000    0.0000    0.0000    4.0320    0.0454    0.6572    0.5632 -115.7227 
  14.7491    0.0009    0.0000    0.0000  133.2822  -44.5451  -41.1442   12.3316    2.7808    4.2509    0.0000    0.0000    0.0000    0.0000    4.0240    0.3184    0.6235    0.5916  -60.3027 
  14.7916    0.0009    0.0000    0.0000  128.7630 -169.1178   41.1922    0.2466    2.7808    4.2509    0.0000    0.0000    0.0000    0.0000    4.0320    0.0679    0.5786    0.4539    0.0000 
  14.8341    0.0009    0.0000    0.0000  128.9923  -94.7770   16.0458   50.3565    2.7808    4.2509    0.0000    0.0000    0.0000    0.0000    4.0320    0.1462    0.5886    0.4307 -110.5347 
  14.8766    0.0014    0.0000    0.0000  126.7173  -59.3156  -27.5333   -8.7866    2.7808    4.2509    0.0000    0.0000    0.0000    0.0000    4.0240    0.3982    0.6997    0.4353  -75.0732 
  14.9191    0.0009    0.0000    0.0000  121.4134  -79.0299  -39.8014   20.7544    2.7808    4.2509    0.0000    0.0000    0.0000    0.0000    4.0320    0.1018    0.7302    0.5698  -94.7876 
  14.9616    0.0009    0.0000    0.0000  128.5660  132.0907   -7.0255   59.4507    2.7808    4.2509    0.0000    0.0000    0.0000    0.0000    4.0240    0.4111    0.8433    0.5559    0.0000 
  15.0041    0.0009    0.0000    0.0000  132.2178   63.7923   11.7733  -27.5854    2.7808    4.2509    0.0000    0.0000    0.0000    0.0000    4.0320    0.3374    0.5825    0.4070   48.0347 
  15.0466    0.0014    0.0000    0.0000  129.1885   -7.5578  -47.5529    6.2280    2.7808    4.2509    0.0000    0.0000    0.0000    0.0000    4.0320    0.3337    0.8040    0.5947  -23.3154 
  15.0891    0.0009    0.0000    0.0000  132.5042  235.4232   23.7362  -12.3266    2.7808    4.2509    0.0000    0.0000    0.0000    0.0000    4.0320    0.3198    0.6494    0.6948  219.6655 
  15.1316    0.0009    0.0000    0.0000  137.9635  339.7323   27.7035  -58.1640    2.7808    4.2509    0.0000    0.0000    0.0000    0.0000    4.0320    0.4902    0.5701    0.5884    0.0000 
  15.1741    0.0009    0.0000    0.0000  139.5527  268.3822  -40.7169  -54.5019    2.7808    4.2509    0.0000    0.0000    0.0000    0.0000    4.0320    0.4946    0.5518    0.6655  252.6245 
  15.2166    0.0014    0.0000    0.0000  142.6615  -50.4655  -78.3146  118.4106    2.7808    4.2509    0.0000    0.0000    0.0000    0.0000    4.0320    0.3110    0.5166    0.9905    0.0000 
  15.2591    0.0009    0.0000    0.0000  148.6445  -30.0187  -96.3810  118.8379    2.7808    4.2509    0.0000    0.0000    0.0000    0.0000    4.0320    0.2063    0.3984    0.7534  -45.7764 
  15.3016    0.0009    0.0000    0.0000  153.6401  -77.6261  -89.1178  105.2271    2.7808    4.2509    0.0000    0.0000    0.0000    0.0000    4.0320   -0.0083    0.6294    0.9844    0.0000 
  15.3441    0.0009    0.0000    0.0000  158.1406  -22.5724   29.6566   55.9107    2.7808    4.2509    0.0000    0.0000    0.0000    0.0000    4.0320   -0.0305    0.4883    0.7395  -38.3301 
  15.3866    0.0014    0.0000    0.0000  161.7572  -63.5270  -14.4718   85.8179    2.7808    4.2509    0.0000    0.0000    0.0000    0.0000    4.0320   -0.0999    0.5249    0.9387  -79.2847 
  15.4291    0.0009    0.0000    0.0000  166.2304  -42.1037  -29.6085   40.4077    2.7808    4.2509    0.0000    0.0000    0.0000    0.0000    4.0320   -0.1384    0.4968    0.9329  -57.8613 
  15.4716    0.0009    0.0000    0.0000  165.8146   43.3455  -55.6705  -43.3325    2.7808    4.2509    0.0000    0.0000    0.0000    0.0000    4.0320   -0.0022    0.4504    0.8252    0.0000 
  15.5141    0.0009    0.0000    0.0000  162.6537   30.2230   28.0086   -8.6035    2.7808    4.2509    0.0000    0.0000    0.0000    0.0000    4.0320   -0.0332    0.4956    0.8914   14.4653 
  15.5566    0.0014    0.0000    0.0000  164.5760   91.9906  -20.6974   27.8955    2.7808    4.2509    0.0000    0.0000    0.0000    0.0000    4.0320   -0.0933    0.4175    0.8005   76.2329 
  15.5991    0.0009    0.0000    0.0000  165.0579   53.1722  -43.6466   77.1509    2.7808    4.2509    0.0000    0.0000    0.0000    0.0000    4.0320   -0.0134    0.5125    0.9001   37.4146 
  15.6416    0.0009    0.0000    0.0000  166.3170   48.7166   78.7899  -70.5542    2.7808    4.2509    0.0000    0.0000    0.0000    0.0000    4.0320   -0.1172    0.4956    0.9595   32.9590 
  15.6841    0.0009    0.0000    0.0000  162.3567   39.2562   41.0091   -9.8242    2.7808    4.2509    0.0000    0.0000    0.0000    0.0000    4.0240    0.1143    0.3684    0.9465   23.4985 
  15.7266    0.0014    0.0000    0.0000  163.4669   29.9178   13.7264  -37.8393    2.7808    4.2509    0.0000    0.0000    0.0000    0.0000    4.0320   -0.1287    0.5447    1.0225   14.1602 
  15.7691    0.0009    0.0000    0.0000  161.0519  -35.5119   -1.1051   -6.0400    2.7808    4.2509    0.0000    0.0000    0.0000    0.0000    4.0240    0.2620    0.5388    0.9519  -51.2695 
  15.8116    0.0009    0.0000    0.0000  161.5234  -10.8537   29.0462    6.7774    2.7808    4.2509    0.0000    0.0000    0.0000    0.0000    4.0320   -0.0698    0.4629    0.9919  -26.6113 
  15.8541    0.0009    0.0000    0.0000  161.9709   43.7118   30.6942    4.5191    2.7808    4.2509    0.0000    0.0000    0.0000    0.0000    4.0320    0.0676    0.5308    0.9683   27.9541 
  15.8966    0.0014    0.0000    0.0000  161.7265  -25.6852   44.9154   -3.5376    2.7808    4.2509    0.0000    0.0000    0.0000    0.0000    4.0320    0.0996    0.5017    0.9028  -41.4429 
  15.9391    0.0009    0.0000    0.0000  161.9538  -30.6291   22.9427   -9.8852    2.7808    4.2509    0.0000    0.0000    0.0000    0.0000    4.0320    0.0413    0.5574    1.0256  -46.3867 
  15.9816    0.0009    0.0000    0.0000  161.7419   -0.9660   17.7547  -26.4258    2.7808    4.2509    0.0000    0.0000    0.0000    0.0000    4.0320    0.1116    0.6599    0.8933  -16.7236 
  16.0241    0.0009    0.0000    0.0000  160.1587   46.8246  -17.5846  -42.0508    2.7808    4.2509    0.0000    0.0000    0.0000    0.0000    4.0320    0.1294    0.4531    0.9243   31.0669 
  16.0666    0.0014    0.0000    0.0000  159.3147  109.6908  -46.8205  -12.6929    2.7808    4.2509    0.0000    0.0000    0.0000    0.0000    4.0320    0.0659    0.4517    1.0063   93.9331 
  16.1091    0.0009    0.0000    0.0000  159.6956  134.0438   20.3793  -13.4863    2.7808    4.2509    0.0000    0.0000    0.0000    0.0000    4.0320    0.0181    0.5889    1.0918  118.2861 
  16.1516    0.0009    0.0000    0.0000  160.2531  212.5960   35.3939   13.9795    2.7808    4.2509    0.0000    0.0000    0.0000    0.0000    4.0320    0.1592    0.1934    0.9268  196.8384 
  16.1941    0.0009    0.0000    0.0000  161.9911  154.8568   51.0799   16.4819    2.7808    4.2509    0.0000    0.0000    0.0000    0.0000    4.0320    0.1724    0.2214    0.9829  139.0991 
  16.2366    0.0014    0.0000    0.0000  163.6030  172.4349   46.0751    5.9229    2.7808    4.2509    0.0000    0.0000    0.0000    0.0000    4.0320    0.2068   -0.0278    1.1145  156.6772 
  16.2791    0.0009    0.0000    0.0000  165.7918  149.0584   45.8919   33.1445    2.7808    4.2509    0.0000    0.0000    0.0000    0.0000    4.0320    0.3076   -0.1238    1.0166  133.3008 
  16.3216    0.0009    0.0000    0.0000  169.5440  108.0428   75.3719   44.8633    2.7808    4.2509    0.0000    0.0000    0.0000    0.0000    4.0320    0.3257   -0.0205    0.8826   92.2852 
  16.3641    0.0009    0.0000    0.0000  170.9324   43.3455   -9.5890   -6.1011    2.7808    4.2509    0.0000    0.0000    0.0000    0.0000    4.0320    0.3350   -0.1416    0.8801   27.5879 
  16.4066    0.0014    0.0000    0.0000  171.8409  110.9725  -90.3996  -35.5810    2.7808    4.2509    0.0000    0.0000    0.0000    0.0000    4.0320    0.0686    0.0049    0.9746   95.2148 
  16.4491    0.0009    0.0000    0.0000  171.7023   86.9857 -139.8991  -23.0078    2.7808    4.2509    0.0000    0.0000    0.0000    0.0000    4.0320    0.2666   -0.1448    1.0002   71.2280 
  16.4916    0.0009    0.0000    0.0000  172.2906   46.7025 -175.2995    3.3594    2.7808    4.2509    0.0000    0.0000    0.0000    0.0000    4.0320    0.0769   -0.2527    1.1716   30.9448 
  16.5341    0.0009    0.0000    0.0000  171.5668   48.2894   79.2171   31.6797    2.7808    4.2509    0.0000    0.0000    0.0000    0.0000    4.0320    0.0232   -0.3560    1.0098   32.5317 
  16.5766    0.0014    0.0000    0.0000  173.9351   59.5809   23.6141   39.8584    2.7808    4.2509    0.0000    0.0000    0.0000    0.0000    4.0320    0.0969   -0.2788    1.0239   43.8232 
  16.6191    0.0009    0.0000    0.0000  174.0684   20.0301  -23.2609  -15.5615    2.7808    4.2509    0.0000    0.0000    0.0000    0.0000    4.0320    0.2117   -0.2703    1.0095    4.2725 
  16.6616    0.0009    0.0000    0.0000  174.4321  -19.6427  -15.8146    5.4346    2.7808    4.2509    0.0000    0.0000    0.0000    0.0000    4.0320    0.2000   -0.2341    1.0051  -35.4004 
  16.7041    0.0009    0.0000    0.0000  175.1675  -65.4801  -31.1344   26.1865    2.7808    4.2509    0.0000    0.0000    0.0000    0.0000    4.0320    0.2109   -0.1995    1.0391  -81.2378 
  16.7466    0.0014    0.0000    0.0000  175.8633  -29.6525  -50.4826   25.3931    2.7808    4.2509    0.0000    0.0000    0.0000    0.0000    4.0320    0.0105   -0.3083    1.0967  -45.4102 
  16.7891    0.0009    0.0000    0.0000  177.4147  -11.3420   29.4125   59.1455    2.7808    4.2509    0.0000    0.0000    0.0000    0.0000    4.0320    0.0435   -0.2886    1.1870  -27.0996 
  16.8316    0.0009    0.0000    0.0000  178.0835   51.7074  -31.6837  -17.4536    2.7808    4.2509    0.0000    0.0000    0.0000    0.0000    4.0320   -0.0637   -0.3286    1.0554   35.9497 
  16.8741    0.0009    0.0000    0.0000  175.4616   57.2616   26.0555  -49.5581    2.7808    4.2509    0.0000    0.0000    0.0000    0.0000    4.0320   -0.1130   -0.4038    1.0039   41.5039 
  16.9166    0.0014    0.0000    0.0000  173.7017   19.6029   25.8114   -0.4248    2.7808    4.2509    0.0000    0.0000    0.0000    0.0000    4.0320   -0.1057   -0.3247    0.8730    3.8452 
  16.9591    0.0009    0.0000    0.0000  173.1002  -30.2628  -10.1994    1.5894    2.7808    4.2509    0.0000    0.0000    0.0000    0.0000    4.0400   -0.1257   -0.3875    0.9673  -46.0205 
  17.0016    0.0009    0.0000    0.0000  172.8617   16.6732  -19.2326  -40.2807    2.7808    4.2509    0.0000    0.0000    0.0000    0.0000    4.0320   -0.0134   -0.2808    0.9126    0.9155 
  17.0441    0.0009    0.0000    0.0000  170.8548   40.1107  -29.9137  -50.9009    2.7808    4.2509    0.0000    0.0000    0.0000    0.0000    4.0320   -0.0757   -0.3088    0.9214   24.3530 
  17.0866    0.0014    0.0000    0.0000  168.4214   30.6502  -18.5001  -11.2890    2.7808    4.2509    0.0000    0.0000    0.0000    0.0000    4.0400   -0.1667   -0.3726    0.9937   14.8926 
  17.1291    0.0009    0.0000    0.0000  168.4179   31.9320  -11.1149  -17.1484    2.7808    4.2509    0.0000    0.0000    0.0000    0.0000    4.0320   -0.0916   -0.3801    1.0486   16.1743 
  17.1716    0.0009    0.0000    0.0000  168.4588   16.7953   -1.4713   -1.7065    2.7808    4.2509    0.0000    0.0000    0.0000    0.0000    4.0320   -0.1023   -0.4043    1.0242    0.0000 
  17.2141    0.0009    0.0000    0.0000  169.2522    7.0296   -1.6544   -1.7676    2.7808    4.2509    0.0000    0.0000    0.0000    0.0000    4.0320   -0.0662   -0.4121    1.0510   -8.7280 
  17.2566    0.0014    0.0000    0.0000  168.8634   24.7298   -6.3541  -17.9419    2.7808    4.2509    0.0000    0.0000    0.0000    0.0000    4.0400   -0.0745   -0.4006    1.0466    8.9722 
  17.2991    0.0009    0.0000    0.0000  167.9177    9.8372   -9.2838  -17.6367    2.7808    4.2509    0.0000    0.0000    0.0000    0.0000    4.0400   -0.0894   -0.3962    1.0549   -5.9204 
  17.3416    0.0009    0.0000    0.0000  167.5480    2.6351   -9.1618   -2.9883    2.7808    4.2509    0.0000    0.0000    0.0000    0.0000    4.0320   -0.0925   -0.3589    1.0508  -13.1226 
  17.3841    0.0009    0.0000    0.0000  167.3150   -4.8112    0.0545   10.1953    2.7808    4.2509    0.0000    0.0000    0.0000    0.0000    4.0320   -0.1218   -0.3987    1.0471  -20.5688 
  17.4266    0.0014    0.0000    0.0000  168.2677   -5.5436   -3.7296   12.5147    2.7808    4.2509    0.0000    0.0000    0.0000    0.0000    4.0400   -0.0847   -0.3555    1.0078  -21.3013 
  17.4691    0.0009    0.0000    0.0000  168.0334   13.6214   -3.0582   -6.8945    2.7808    4.2509    0.0000    0.0000    0.0000    0.0000    4.0400   -0.1292   -0.4172    1.0293   -2.1362 
  17.5116    0.0009    0.0000    0.0000  167.8294    0.9261    2.2518   -0.5469    2.7808    4.2509    0.0000    0.0000    0.0000    0.0000    4.0400   -0.1057   -0.4060    1.0122  -14.8315 
  17.5541    0.0009    0.0000    0.0000  167.9118   12.1566   -3.0582  -17.8808    2.7808    4.2509    0.0000    0.0000    0.0000    0.0000    4.0400   -0.0820   -0.3799    0.9971   -3.6011 
  17.5966    0.0014    0.0000    0.0000  166.8979    1.8416   -1.9596   -1.5234    2.7808    4.2509    0.0000    0.0000    0.0000    0.0000    4.0400   -0.1167   -0.4360    0.9961  -13.9160 
  17.6391    0.0009    0.0000    0.0000  166.9190    0.4989   -0.3117   -2.5000    2.7808    4.2509    0.0000    0.0000    0.0000    0.0000    4.0320   -0.1013   -0.4136    0.9790  -15.2588 
  17.6816    0.0009    0.0000    0.0000  167.2213    8.9828   -2.0206   -4.7583    2.7808    4.2509    0.0000    0.0000    0.0000    0.0000    4.0400   -0.0850   -0.4224    0.9556   -6.7749 
  17.7241    0.0009    0.0000    0.0000  166.8714    5.3206   -0.1896    4.5191    2.7808    4.2509    0.0000    0.0000    0.0000    0.0000    4.0400   -0.1089   -0.4470    0.9766  -10.4370 
  17.7666    0.0014    0.0000    0.0000  167.4048    1.7806   -5.3165   -0.2417    2.7808    4.2509    0.0000    0.0000    0.0000    0.0000    4.0400   -0.0886   -0.4368    0.9768  -13.9771 
  17.8091    0.0009    0.0000    0.0000  167.5920    9.6541   -5.6828   -4.9414    2.7808    4.2509    0.0000    0.0000    0.0000    0.0000    4.0400   -0.0828   -0.4385    0.9810   -6.1035 
  17.8516    0.0009    0.0000    0.0000  167.0826    0.4378   -4.9503    7.0825    2.7808    4.2509    0.0000    0.0000    0.0000    0.0000    4.0400   -0.1072   -0.4216    0.9709  -15.3198 
  17.8941    0.0009    0.0000    0.0000  167.3732   -4.0788   -5.8659    5.8618    2.7808    4.2509    0.0000    0.0000    0.0000    0.0000    4.0320   -0.1104   -0.4175    0.9768  -19.8364 
  17.9366    0.0014    0.0000    0.0000  167.2338    3.7337   -3.6076    1.7114    2.7808    4.2509    0.0000    0.0000    0.0000    0.0000    4.0400   -0.1230   -0.4070    0.9790  -12.0239 
  17.9791    0.0009    0.0000    0.0000  167.2421    0.7430   -4.2789    3.7256    2.7808    4.2509    0.0000    0.0000    0.0000    0.0000    4.0320   -0.1350   -0.4089    0.9839  -15.0146 
  18.0216    0.0009    0.0000    0.0000  167.4299    5.0155   -4.0958    2.5659    2.7808    4.2509    0.0000    0.0000    0.0000    0.0000    4.0400   -0.1301   -0.4202    0.9797  -10.7422 
  18.0641    0.0009    0.0000    0.0000  167.3559  -10.7316   -7.7580    1.5894    2.7808    4.2509    0.0000    0.0000    0.0000    0.0000    4.0400   -0.1362   -0.4246    0.9854  -26.4893 
  18.1066    0.0014    0.0000    0.0000  167.6271   -1.0270   -2.0206   -3.5986    2.7808    4.2509    0.0000    0.0000    0.0000    0.0000    4.0400   -0.1353   -0.4268    0.9841  -16.7847 
  18.1491    0.0009    0.0000    0.0000  167.7017    1.0482   -0.6779    0.1856    2.7808    4.2509    0.0000    0.0000    0.0000    0.0000    4.0400   -0.1257   -0.3931    0.9785  -14.7095 
  18.1916    0.0009    0.0000    0.0000  168.1887   12.2176   -5.7438   -4.7583    2.7808    4.2509    0.0000    0.0000    0.0000    0.0000    4.0400   -0.1025   -0.4006    0.9802   -3.5400 
  18.2341    0.0009    0.0000    0.0000  167.4174   -4.2619   -2.9362    4.9463    2.7808    4.2509    0.0000    0.0000    0.0000    0.0000    4.0400   -0.1587   -0.4663    1.0242  -20.0195 
  18.2766    0.0014    0.0000    0.0000  167.8376   -2.3698   -3.2414    1.1621    2.7808    4.2509    0.0000    0.0000    0.0000    0.0000    4.0400   -0.1262   -0.4414    1.0032  -18.1274 
  18.3191    0.0009    0.0000    0.0000  167.7265   -2.3087   -2.0817   -1.0962    2.7808    4.2509    0.0000    0.0000    0.0000    0.0000    4.0400   -0.1382   -0.4414    1.0042  -18.0664 
  18.3616    0.0009    0.0000    0.0000  167.8717   -1.5153   -0.1896   -0.1196    2.7808    4.2509    0.0000    0.0000    0.0000    0.0000    4.0400   -0.1235   -0.4109    0.9646  -17.2729 
  18.4041    0.0009    0.0000    0.0000  167.8501    2.0858   -0.2506    3.0542    2.7808    4.2509    0.0000    0.0000    0.0000    0.0000    4.0320   -0.1318   -0.4016    0.9509  -13.6719 
  18.4466    0.0014    0.0000    0.0000  167.7037   -0.9049   -3.4245    5.2515    2.7808    4.2509    0.0000    0.0000    0.0000    0.0000    4.0400   -0.1487   -0.4143    0.9670  -16.6626 
  18.4891    0.0009    0.0000    0.0000  167.8592   -0.5998   -4.5841    2.8101    2.7808    4.2509    0.0000    0.0000    0.0000    0.0000    4.0400   -0.1384   -0.4238    0.9866  -16.3574 
  18.5316    0.0009    0.0000    0.0000  167.7769    3.9779    1.2142    2.2608    2.7808    4.2509    0.0000    0.0000    0.0000    0.0000    4.0400   -0.1606   -0.4282    1.0010  -11.7798 
  18.5741    0.0009    0.0000    0.0000  168.6569   -5.5436    0.6649   12.4536    2.7808    4.2509    0.0000    0.0000    0.0000    0.0000    4.0400   -0.1345   -0.4238    1.0046  -21.3013 
  18.6166    0.0014    0.0000    0.0000  168.7355   -0.3556    2.2518   -3.5376    2.7808    4.2509    0.0000    0.0000    0.0000    0.0000    4.0400   -0.1360   -0.3840    0.9707  -16.1133 
  18.6591    0.0009    0.0000    0.0000  168.7026    3.5506   -0.0675    1.4673    2.7808    4.2509    0.0000    0.0000    0.0000    0.0000    4.0400   -0.1445   -0.3928    0.9617  -12.2070 
  18.7016    0.0009    0.0000    0.0000  167.9983    4.8934    0.4818   -4.2700    2.7808    4.2509    0.0000    0.0000    0.0000    0.0000    4.0400   -0.1914   -0.4597    1.0010  -10.8643 
  18.7441    0.0009    0.0000    0.0000  167.8353   -3.2853    7.8060   -3.1714    2.7808    4.2509    0.0000    0.0000    0.0000    0.0000    4.0400   -0.1475   -0.4939    1.0164  -19.0430 
  18.7866    0.0014    0.0000    0.0000  168.6040   -8.3512    1.3973   -5.8569    2.7808    4.2509    0.0000    0.0000    0.0000    0.0000    4.0400   -0.1128   -0.4780    0.9966  -24.1089 
  18.8291    0.0009    0.0000    0.0000  169.4669   -7.5578    1.3973   -3.5986    2.7808    4.2509    0.0000    0.0000    0.0000    0.0000    4.0400   -0.0520   -0.4277    0.9727  -23.3154 
  18.8716    0.0009    0.0000    0.0000  169.6805   -6.9474   -3.7296    3.9697    2.7808    4.2509    0.0000    0.0000    0.0000    0.0000    4.0400   -0.0774   -0.3857    0.9458  -22.7051 
  18.9141    0.0009    0.0000    0.0000  169.2824   -4.0788   -4.4010    8.7305    2.7808    4.2509    0.0000    0.0000    0.0000    0.0000    4.0400   -0.1108   -0.3669    0.9363  -19.8364 
  18.9566    0.0014    0.0000    0.0000  168.9392    5.5038   -7.0255    7.8760    2.7808    4.2509    0.0000    0.0000    0.0000    0.0000    4.0400   -0.1472   -0.4053    0.9861  -10.2539 
  18.9991    0.0009    0.0000    0.0000  168.6755    0.4378  -11.1759    1.2232    2.7808    4.2509    0.0000    0.0000    0.0000    0.0000    4.0400   -0.1794   -0.3967    0.9902  -15.3198 
  19.0416    0.0009    0.0000    0.0000  168.5821    5.0765   -1.8375   -0.8520    2.7808    4.2509    0.0000    0.0000    0.0000    0.0000    4.0400   -0.1846   -0.4006    1.0125  -10.6812 
  19.0841    0.0009    0.0000    0.0000  169.3716   -1.3322   -4.2789    1.0401    2.7808    4.2509    0.0000    0.0000    0.0000    0.0000    4.04