   0.0016 4290.9946   -0.0158   -0.1423  179.9996    0.7676   -0.0706   -0.1858    0.0000    0.0000    0.0000    0.0000    0.0000    0.0000    3.9360   -0.0176    0.0022    1.0886  -14.5264 
   0.0441 4290.9521   -0.1860   -1.2860  179.9988   -0.5141   -0.0706    0.0583    0.0000    0.0000    0.0000    0.0000    0.0000    0.0000    3.9360   -0.0259    0.0073    1.0786  -15.8081 
   0.0866 4290.9097   -0.3720   -0.9526  180.0111   -0.6362    0.1736    0.0583    0.0000    0.0000    0.0000    0.0000    0.0000    0.0000    3.9360   -0.0171    0.0046    1.0903    0.0000 
   0.1291 4290.8672   -0.2613   -0.9085  180.0164    0.0352   -0.0095    0.1804    0.0000    0.0000    0.0000    0.0000    0.0000    0.0000    3.9360   -0.0142    0.0107    1.0806  -15.2588 
   0.1716 4290.8247   -0.2707   -0.8817  180.0127    0.4624    0.1125    0.0583    0.0000    0.0000    0.0000    0.0000    0.0000    0.0000    3.9360   -0.0110    0.0088    1.0811    0.0000 
   0.2141 4290.7822   -0.0223   -1.0240  180.0186   -0.0259   -0.0706    0.0583    0.0000    0.0000    0.0000    0.0000    0.0000    0.0000    3.9360   -0.0251    0.0022    1.0933  -15.3198 
   0.2566 4290.7397   -0.3927   -0.8508  180.0205    0.7676    0.2346   -0.1858    0.0000    0.0000    0.0000    0.0000    0.0000    0.0000    3.9360   -0.0237    0.0015    1.0784    0.0000 
   0.2991 4290.6973    0.0357   -0.4129  180.0308   -0.6972   -0.0706    0.1193    0.0000    0.0000    0.0000    0.0000    0.0000    0.0000    3.9360   -0.0076    0.0020    1.0864  -15.9912 
   0.3416 4290.6548   -0.0358   -1.1179  180.0211    0.2793    0.2956   -0.3689    0.0000    0.0000    0.0000    0.0000    0.0000    0.0000    3.9360   -0.0247    0.0000    1.0854    0.0000 
   0.3841 4290.6123   -0.0926   -0.5133  180.0257    0.5845    0.0515    0.3024    0.0000    0.0000    0.0000    0.0000    0.0000    0.0000    3.9360   -0.0088    0.0015    1.0835  -14.7095 
   0.4266 4290.5698    0.1409   -0.5769  180.0362    0.0962   -0.1316    0.3024    0.0000    0.0000    0.0000    0.0000    0.0000    0.0000    3.9360   -0.0059   -0.0020    1.0833    0.0000 
   0.4691 4290.5273   -0.2973   -0.8032  180.0331   -0.1479    0.5398   -0.1248    0.0000    0.0000    0.0000    0.0000    0.0000    0.0000    3.9360   -0.0146    0.0054    1.0845  -15.4419 
   0.5116 4290.4849   -0.1552   -0.9571  180.0379   -0.2090    0.1736    0.3635    0.0000    0.0000    0.0000    0.0000    0.0000    0.0000    3.9360   -0.0176    0.0015    1.0952  -15.5029 
   0.5541 4290.4424    0.1245   -0.7483  180.0445    0.1572   -0.0706    0.1193    0.0000    0.0000    0.0000    0.0000    0.0000    0.0000    3.9280   -0.0190    0.0012    1.0876  -15.1367 
   0.5966 4290.3999   -0.3525   -0.6967  180.0469   -0.4531   -0.0095    0.1804    0.0000    0.0000    0.0000    0.0000    0.0000    0.0000    3.9360   -0.0122    0.0046    1.0767    0.0000 
   0.6391 4290.3574   -0.3472   -1.0586  180.0460   -0.5752   -0.0706    0.4855    0.0000    0.0000    0.0000    0.0000    0.0000    0.0000    3.9360   -0.0198    0.0078    1.0896  -15.8691 
   0.6816 4290.3145   -0.1810   -0.8113  180.0491   -0.3310    0.1125    0.4855    0.0000    0.0000    0.0000    0.0000    0.0000    0.0000    3.9280   -0.0159    0.0034    1.0776    0.0000 
   0.7241 4290.2720   -0.0916   -0.8444  180.0429    0.2183   -0.1926   -0.2469    0.0000    0.0000    0.0000    0.0000    0.0000    0.0000    3.9360   -0.0161    0.0042    1.0735  -15.0757 
   0.7666 4290.2295   -0.2775   -0.7227  180.0376   -0.6362   -0.3147   -0.2469    0.0000    0.0000    0.0000    0.0000    0.0000    0.0000    3.9280   -0.0132    0.0068    1.0857    0.0000 
   0.8091 4290.1870   -0.0737   -0.8204  180.0448   -0.0869    0.1125    0.2414    0.0000    0.0000    0.0000    0.0000    0.0000    0.0000    3.9360   -0.0146    0.0024    1.0769  -15.3809 
   0.9291    0.0010    0.0000    0.0000  180.0682    0.3403    0.2346   -0.1858    0.0000    0.0000    0.0000    0.0000    0.0000    0.0499    3.9360   -0.0217    0.0107    1.0833  -14.9536 
   0.9716    0.0009    0.0000    0.0000  180.0611   -0.0869    0.0515   -0.1248    0.0000    0.0000    0.0000    0.0000    0.0000    0.0857    3.9360   -0.0161    0.0103    1.0874  -15.3809 
   1.0141    0.0009    0.0000    0.0000  180.0643   -0.0869   -0.0706   -0.3689    0.0000    0.0000    0.0000    0.0000    0.0000    0.0739    3.9360   -0.0129   -0.0044    1.0825  -15.3809 
   1.0566    0.0014    0.0000    0.0000  180.0659    0.3403    0.1125    0.1804    0.0000    0.0000    0.0000    0.0000    0.0000    0.0127    3.9360   -0.0215    0.0046    1.0938  -14.9536 
   1.0991    0.0009    0.0000    0.0000  180.0709    0.7676    0.0515    0.1193    0.0000    0.0000    0.0000    0.0000    0.0000    0.0000    3.9360   -0.0071    0.0068    1.0784  -14.5264 
   1.1416    0.0009    0.0000    0.0000  180.0819   -0.0869   -0.0095    0.2414    0.0000    0.0000    0.0000    0.0000    0.0000    0.0000    3.9360   -0.0229    0.0063    1.0815  -15.3809 
   1.1841    0.0009    0.0000    0.0000  180.0832   -0.2090   -0.0706   -0.3079    0.0000    0.0000    0.0000    0.0000    0.0000    0.0000    3.9360   -0.0132    0.0002    1.0925  -15.5029 
   1.2266    0.0013    0.0000    0.0000  180.0859    0.2793    0.3567    0.1193    0.0000    0.0000    0.0000    0.0000    0.0000    0.0000    3.9360   -0.0125    0.0103    1.0835  -15.0146 
   1.2691    0.0009    0.0000    0.0000  180.0759    0.2793    0.1736    0.1804    0.0000    0.0000    0.0000    0.0000    0.0000    0.0000    3.9360   -0.0222   -0.0027    1.0806  -15.0146 
   1.3116    0.0009    0.0000    0.0000  180.0787   -0.5141    0.1736    0.0583    0.0000    0.0000    0.0000    0.0000    0.0000    0.0000    3.9360   -0.0203   -0.0015    1.0850  -15.8081 
   1.3541    0.0009    0.0000    0.0000  180.0801    0.0352    0.4177    0.0583    0.0000    0.0000    0.0000    0.0000    0.0000    0.0000    3.9360   -0.0229   -0.0032    1.0723  -15.2588 
   1.3966    0.0013    0.0000    0.0000  180.0884    0.4624    0.1736    0.6687    0.0000    0.0000    0.0000    0.0000    0.0000    0.0000    3.9360   -0.0183    0.0034    1.0823  -14.8315 
   1.4391    0.0009    0.0000    0.0000  180.0944    0.5235    0.6008   -0.2469    0.0000    0.0000    0.0000    0.0000    0.0000    0.0000    3.9360   -0.0193    0.0002    1.0842  -14.7705 
   1.4816    0.0009    0.0000    0.0000  180.0993    0.7676    0.4177    0.3024    0.0000    0.0000    0.0000    0.0000    0.0000    0.0438    3.9360   -0.0205    0.0039    1.0923  -14.5264 
   1.5241    0.0010   -0.0299   -0.0120  180.1097   -0.0259    0.2956    0.1804    1.1853    0.5182    0.0000    0.0000    0.2818    0.1256    3.9040   -0.0129    0.0017    1.0796    0.0018 
   1.5666    0.0015   -0.2675    0.0803  180.1033    0.4624    0.7839   -0.3079    0.7541    0.4582    0.0000    0.0000    0.2818    0.1847    3.8640   -0.0081    0.0010    1.0793    0.0103 
   1.6091    0.0010   -0.6740   -0.1028  180.1104    1.3169   -0.5589   -1.0403    1.6429    0.1736    0.0000    0.0000    0.2818    0.2200    3.8320    0.0139    0.0508    1.0842    0.0231 
   1.6516    0.0010   -0.6757   -0.0492  180.1100   -1.5517   -2.3289   -0.1248    1.3765   -0.2822    0.0000   -0.0000    0.2818    0.2200    3.8480    0.0132    0.0649    1.0518    0.0071 
   1.6941    0.0011   -1.0457   -0.3211  180.1391    0.7676   -5.3196   -1.2234    0.7184    0.1087    0.0000    0.0000    0.5636    0.2249    3.8400   -0.1174   -0.0015    1.0476    0.0312 
   1.7366    0.0014   -1.0234    0.0558  180.1807   -6.3125   -4.0989    1.6452    1.2182   -0.5314    0.0000   -0.0000    0.5636    0.2346    3.8400   -0.1436   -0.0830    0.9058   -0.0189 
   1.7791    0.0010   -0.0588    0.2497  180.3569    0.0962    1.5163    6.9553    1.6506   -1.0629    0.0000   -0.0000    0.8454    0.2674    3.8240    0.2568    0.1194    1.1433   -0.1066 
   1.8216    0.0010    0.3143    0.2689  180.7097    2.5376    2.6760    9.2746    1.3874   -0.6624    0.0000   -0.0000    1.1272    0.3114    3.7920    0.3572    0.0908    1.0957   -0.1422 
   1.8641    0.0010    0.5771   -0.2179  181.0249    3.7583   -0.9861    2.7438    1.6810    0.2698    0.0000    0.0000    0.8454    0.3281    3.7840   -0.1992    0.3398    1.3762   -0.0331 
   1.9066    0.0015    0.4203   -0.0625  181.2566    4.4297    3.4695   10.6784    2.0564   -0.2826    0.0000   -0.0000    0.8454    0.3322    3.7840   -0.0015    0.4124    1.5437   -0.1716 
   1.9491    0.0010    1.3800   -0.5943  181.6186    2.4155   25.1980    7.8708    1.4545   -0.8774    0.0000   -0.0000    1.1272    0.3403    3.7680   -0.1667    0.4312    2.2620   -0.1177 
   1.9916    0.0010    0.5003   -2.1454  181.9493  -41.5908   -1.5354    5.4294    1.6576   -1.0733    0.0000    0.0000    1.1272    0.3522    3.7680   -0.1865    0.0251    0.2561   -0.0751 
   2.0341    0.0010    1.9549   -0.3661  182.1751    7.2373   -4.7703    3.1101    2.4708    0.2417    0.0000    0.0000    1.1272    0.3826    3.7520   -0.0566   -1.4707    0.4849   -0.0346 
   2.0766    0.0014    2.4045    0.3972  182.3444   23.6558   22.9397    5.6125    1.8251   -0.2736   -0.0000   -0.0000    1.1272    0.3826    3.7440    0.6282   -0.2900   -0.6790   -0.0783 
   2.1191    0.0010    2.5506   -0.2298  182.3732  -36.6470  -25.4002   -1.3455    2.0542   -0.3362   -0.0000   -0.0000    1.1272    0.3935    3.7360    0.4065   -0.3228    1.8801    0.0432 
   2.1616    0.0010    3.0204   -0.2549  182.4916  -11.7446   35.5129    0.1193    1.9607   -0.4265   -0.0000   -0.0000    1.1272    0.3935    3.7360    0.7271   -0.3447    0.2275    0.0176 
   2.2041    0.0010    2.7192    0.3415  182.4162   15.5381  -16.7942    0.1804    1.2257   -0.5335   -0.0000   -0.0000    1.1272    0.3970    3.7360    0.5410   -1.0972    0.9219    0.0165 
   2.2466    0.0015    3.2117   -0.2994  182.4030   -3.6880   -2.6340    0.6687    1.6728   -0.3136   -0.0000   -0.0000    1.1272    0.4110    3.7280   -0.0884   -0.3413    0.1604    0.0080 
   2.2891    0.0010    3.5565    0.0052  182.4333  -14.9184    8.6575   -0.4910    2.0074   -1.2725   -0.0000   -0.0000    1.1272    0.4408    3.7040   -0.0630   -1.0305    1.9297    0.0282 
   2.3316    0.0011    3.3826   -0.3217  182.4972    1.0117  -14.5969    2.6828    1.0341   -0.7515   -0.0000   -0.0000    1.1272    0.4712    3.6720   -0.5496    0.0723    1.4114   -0.0272 
   2.3741    0.0010    3.2291    0.1635  182.6515    1.2559   17.1413    1.2790    0.8352   -0.6761   -0.0000   -0.0000    1.1272    0.4712    3.6720    0.1804   -0.0444    0.6584   -0.0026 
   2.4166    0.0015    3.9056   -0.8014  182.7294   24.3882  -33.3347    0.7907    1.2550   -1.0682   -0.0000   -0.0000    1.4090    0.4741    3.6640   -0.3093   -0.5671    1.2803    0.0108 
   2.4591    0.0010    3.9078   -0.8732  182.7575  -14.6743   35.5740   -0.0027    2.1559   -0.2105   -0.0000    0.0000    1.6908    0.5068    3.6560   -0.0532   -1.0303    1.3396    0.0296 
   2.5016    0.0010    3.8193   -0.9287  182.7682    5.5894  -22.6536    2.9880    1.6245   -0.1190   -0.0000    0.0000    1.6908    0.5194    3.6320   -0.0806   -0.0186    0.8372   -0.0226 
   2.5441    0.0010    3.5024   -1.9255  182.7874   10.4111   -6.2962   -1.6507    1.9953   -0.1885   -0.0000    0.0000    1.4090    0.5194    3.6320   -0.1870    0.8020    1.0132    0.0534 
   2.5866    0.0015    3.1581   -0.5486  182.7362  -25.7827   40.3957   -2.9324    0.8246   -0.6940   -0.0000   -0.0000    1.4090    0.5194    3.6240   -0.0703    1.3550    0.6187    0.0758 
   2.6291    0.0010    3.1791   -0.1923  182.7840   14.8057  -20.8836    4.2087    1.7649   -1.0211   -0.0000   -0.0000    1.6908    0.5218    3.6240    0.5820    0.8892    0.0200   -0.0439 
   2.6716    0.0010    3.4509   -1.4416  182.8041    2.2935   12.3806   -3.2376    0.8416   -0.6286   -0.0000    0.0000    1.6908    0.5218    3.6320    0.9216   -0.3784    1.0291    0.0860 
   2.7141    0.0010    2.6255    0.1728  182.7460  -23.2192   39.4802   -3.4817    1.3918   -0.7430   -0.0000   -0.0000    1.6908    0.5243    3.6160    1.1296    0.1338    0.0923    0.0903 
   2.7566    0.0015    2.5688    0.4206  182.7114   17.6133   -6.3572    2.8049    1.5085   -0.4850   -0.0000   -0.0000    1.9726    0.5360    3.6160    0.1892    0.6299    1.2761   -0.0145 
   2.7991    0.0010    3.5189   -0.9158  182.7133   10.5332  -26.2547   -2.1390    1.3685   -0.9951   -0.0000   -0.0000    1.9726    0.5383    3.6080   -0.1726    0.9380    1.0046    0.0718 
   2.8416    0.0010    3.2908   -0.0178  182.7473   -4.7256   46.7434    1.0349    1.9680   -0.6840   -0.0000   -0.0000    1.9726    0.5472    3.5920   -0.0125    0.3284    2.3274    0.0164 
   2.8841    0.0010    2.8602    0.4248  182.6583    5.0401    6.5823    2.5607    1.5592   -1.1617   -0.0000   -0.0000    1.9726    0.5536    3.6160   -0.2761    0.4807    0.4441   -0.0103 
   2.9266    0.0015    3.9569    0.6878  182.7062   28.9658    3.7136   -0.8572    1.8938   -0.5448   -0.0000   -0.0000    1.9726    0.5578    3.6000    0.1643   -0.6230    1.4272    0.0494 
   2.9691    0.0010    3.9356    1.3924  182.7427  -16.5664   16.2258    1.5842    1.7674   -0.4072   -0.0000   -0.0000    1.6908    0.5639    3.5920    0.4624   -0.2358    0.7490    0.0019 
   3.0116    0.0010    3.4725    1.4140  182.6944   11.3877    3.2253   -0.5520    1.9301   -0.4950   -0.0000   -0.0000    1.6908    0.5698    3.5920   -0.3560    1.4146    0.9778    0.0391 
   3.0541    0.0010    4.4741    1.5435  182.7173   32.3228    9.8782    0.0583    1.6861   -0.7516   -0.0000   -0.0000    1.6908    0.5736    3.5760    1.3318   -1.5957    0.2288    0.0285 
   3.0966    0.0015    4.5139    2.0551  182.7120  -17.2378   16.8362   -0.2469    1.6993   -1.2205   -0.0000   -0.0000    1.9726    0.5774    3.5760   -0.8479   -0.3728    1.9622    0.0387 
   3.1391    0.0010    3.7332    2.4347  182.6665    2.9038    6.5823    2.5607    1.5312   -1.2889   -0.0000   -0.0000    1.9726    0.5792    3.5760   -0.6414    0.4167    1.4026   -0.0103 
   3.1816    0.0010    4.5926    2.5317  182.7517   28.3555    6.4602    1.2790    2.1109   -1.5619   -0.0000   -0.0000    1.9726    0.5792    3.5680    0.8550    0.2974    0.2800    0.0121 
   3.2241    0.0010    5.6534    2.8037  182.7918    7.5425   20.0100    1.5842    1.4389   -1.7873   -0.0000   -0.0000    1.9726    0.5829    3.5680    0.8481   -0.6157    0.7700    0.0068 
   3.2666    0.0015    5.1728    3.0777  182.7735    1.5611   -2.4509    0.7907    1.8626   -1.8192   -0.0000   -0.0000    1.6908    0.5882    3.5600    0.0161   -2.8394    1.8303    0.0157 
   3.3091    0.0010    5.8353    2.4874  182.8044   33.9097  -10.3855    1.5231    2.5057   -2.4365   -0.0000   -0.0000    1.9726    0.5982    3.5520   -0.4580   -2.1938    1.4221    0.0078 
   3.3516    0.0010    6.1392    2.9375  182.7859    5.2232   37.8323    0.1193    1.0297   -2.1558   -0.0000   -0.0000    1.9726    0.5982    3.5520   -0.3989    0.9321    0.6357    0.0323 
   3.3941    0.0011    5.3054    3.7662  182.7325   -0.6972   -4.2210    2.1945    1.2263   -2.7168   -0.0000   -0.0000    1.9726    0.5999    3.5520    0.4651   -1.8635    0.9646   -0.0039 
   3.4366    0.0015    4.9602    2.7208  182.7513   20.2378   -6.7234    2.8659    1.3149   -3.0561   -0.0000   -0.0000    1.9726    0.5999    3.5440    1.8086   -2.3113    0.1091   -0.0156 
   3.4791    0.0010    5.4090    3.4608  182.7418   -4.7866   36.8557   -1.5286    1.3691   -2.9688   -0.0000   -0.0000    1.9726    0.6014    3.5440   -0.9158    1.0950    0.8921    0.0611 
   3.5216    0.0010    5.2188    4.6425  182.6085   -2.5283    5.2395   -3.2986    1.0095   -3.1379   -0.0000   -0.0000    1.9726    0.6136    3.5440    0.2419   -0.0771    0.6240    0.0920 
   3.5641    0.0010    5.5701    4.1703  182.6396   11.2046  -21.2498   -1.9559    0.7638   -3.2632   -0.0000   -0.0000    1.6908    0.6150    3.5280    0.0364   -0.7876    1.4902    0.0636 
   3.6066    0.0015    5.1975    3.6692  182.5182  -17.4209   28.0056   -1.4065    0.2277   -4.2275   -0.0000   -0.0000    1.9726    0.6164    3.5280   -1.1353    3.4619    1.0735    0.0590 
   3.6491    0.0010    4.9776    5.2742  182.3656  -18.7637   15.3713   -1.2234    0.4194   -3.5888   -0.0000   -0.0000    1.6908    0.6164    3.5280    1.2502   -3.6729    1.7327    0.0509 
   3.6916    0.0010    5.5430    4.5936  182.2975   24.0220  -23.8743    0.6687    1.0653   -3.9305   -0.0000   -0.0000    1.9726    0.6192    3.5200    1.9905   -2.1377    0.1069    0.0228 
   3.7341    0.0010    5.9030    4.5193  182.2535   -4.7256   18.5452   -3.1155   -0.3925   -4.1833   -0.0000   -0.0000    1.9726    0.6192    3.5280   -0.0852   -2.2224    1.2368    0.0888 
   3.7766    0.0015    4.8125    5.6729  182.0387  -30.4214   21.7800   -2.1390   -0.1241   -4.3581   -0.0000   -0.0000    1.9726    0.6192    3.5200   -0.1880    2.6592    0.9814    0.0718 
   3.8191    0.0010    4.6654    5.3613  181.9688    8.8853  -38.7058   -1.4676    0.8437   -4.4587   -0.0000   -0.0000    1.9726    0.6219    3.5120    0.0918   -0.3611    0.7061    0.0600 
   3.8616    0.0010    5.1524    4.7328  181.9243    6.3218   11.9534   -0.6131   -0.2098   -4.4430   -0.0000   -0.0000    1.9726    0.6219    3.5200    0.1960    0.6963    1.2485    0.0451 
   3.9041    0.0010    3.9619    6.2222  181.8289  -40.1870   20.1931   -4.0311    0.1344   -4.3067   -0.0000   -0.0000    1.9726    0.6219    3.5200   -0.1929   -1.3965    1.0679    0.1048 
   3.9466    0.0015    2.1478    4.9670  181.6789    0.1572  -44.0769    3.4152    0.7118   -4.9000   -0.0000   -0.0000    1.9726    0.6219    3.5040    0.0239   -0.4590    0.0627   -0.0252 
   3.9891    0.0010    2.8445    3.5496  181.7640   16.7588   12.0144   -0.9793   -0.4170   -4.7374   -0.0000   -0.0000    1.9726    0.6219    3.5200   -0.9211   -1.1897    0.7544    0.0515 
   4.0316    0.0010    2.7314    5.3736  181.7214  -29.0786   27.3342   -2.4441    0.0490   -5.8504   -0.0000   -0.0000    1.9726    0.6219    3.5200   -0.9182   -1.9011    1.6812    0.0771 
   4.0741    0.0010    2.1592    4.8690  181.6219   -3.8100  -61.5940    4.5139   -0.6607   -5.8379   -0.0000   -0.0000    1.9726    0.6219    3.4960    1.6187   -1.9233   -0.1675   -0.0444 
   4.1166    0.0015    1.8945    2.9752  181.6958   15.1109    5.8498    3.7814   -1.6033   -4.5959   -0.0000   -0.0000    1.9726    0.6219    3.5120    0.3047    1.2302    0.8206   -0.0316 
   4.1591    0.0010    1.4274    5.2629  181.7312  -32.3745   54.3118    1.7063   -1.0492   -5.2926   -0.0000   -0.0000    1.9726    0.6219    3.5120   -0.0457    1.6477    0.8440    0.0046 
   4.2016    0.0010    0.3628    4.5297  181.6003  -23.8906  -79.9046    3.9646   -0.7798   -5.8236   -0.0000   -0.0000    1.9726    0.6219    3.4960    0.2693   -1.3167    1.9817   -0.0348 
   4.2441    0.0010   -0.1600    2.2225  181.7369   -2.4062  -21.3108    2.1335   -0.8845   -6.1103   -0.0000   -0.0000    1.9726    0.6219    3.5120    0.5891   -2.0566    1.2239   -0.0028 
   4.2866    0.0015   -0.3104    3.5785  181.7513  -13.5146   64.6877    1.7063    0.0248   -6.4828    0.0000   -0.0000    1.9726    0.6219    3.5040    1.1233   -0.2749    0.1187    0.0046 
   4.3291    0.0010   -1.0414    3.2797  181.6726    0.9507  -54.1477   -2.7493   -1.6956   -5.9973   -0.0000   -0.0000    1.9726    0.6219    3.5120   -2.0374    3.1814    2.0903    0.0824 
   4.3716    0.0010   -1.4084    0.9140  181.7948   -2.1011  -34.4944    5.4294   -3.1658   -6.4237   -0.0000   -0.0000    1.9726    0.6219    3.5040    0.0300    0.1265    1.3176   -0.0603 
   4.4141    0.0010   -2.4467    2.2735  181.8261  -28.9565   62.0632    1.4011   -5.2144   -5.5065   -0.0000   -0.0000    1.9726    0.6219    3.4960   -0.8752    0.5769    1.8738    0.0100 
   4.4566    0.0015   -3.1308    2.9393  181.7479   -3.8100  -52.5608    4.0866   -6.3116   -5.9419   -0.0000   -0.0000    1.9726    0.6232    3.5120    1.1902    0.6206    0.9026   -0.0369 
   4.4991    0.0010   -3.1991   -0.6806  181.8774    9.6787  -70.5662    3.1101   -6.4805   -6.2297   -0.0000   -0.0000    1.9726    0.6219    3.4880    0.3896   -2.3606    1.8147   -0.0199 
   4.5416    0.0010   -3.5438   -0.9213  182.0183  -26.3931   63.3449    2.1335   -4.9512   -7.5237   -0.0000   -0.0000    1.9726    0.6219    3.4960    0.6982    2.7847    0.4167   -0.0028 
   4.5841    0.0010   -4.1866    0.7498  181.9980    0.4014  -14.1697   -1.8338   -4.7144   -8.1296   -0.0000   -0.0000    1.9726    0.6219    3.5040    0.6694   -2.9534    1.4199    0.0664 
   4.6266    0.0015   -4.3377   -2.7230  182.0660   13.6460 -100.4124    0.2414   -4.5082   -7.9769   -0.0000   -0.0000    1.9726    0.6136    3.4560   -0.9766    3.4939    1.2476    0.0302 
   4.6691    0.0010   -3.2526   -3.2811  182.0804   -2.2231   45.8889    1.8894   -4.1897   -8.6425   -0.0000   -0.0000    2.2544    0.6030    3.5120   -0.4326   -2.3684    1.6812    0.0064 
   4.7116    0.0010   -3.6053   -0.0454  182.1130   -4.9697   26.1745   -2.0169   -2.3175   -8.7054    0.0000   -0.0000    3.3816    0.5999    3.5360    0.7529   -0.3625    1.5151    0.0942 
   4.7541    0.0010   -3.0478   -2.3720  182.1833   16.5147 -130.3196    2.7438   -2.5081   -9.0631    0.0000   -0.0000    3.3816    0.5755    3.4880   -0.1956    0.0017    1.2698    0.0111 
   4.7966    0.0015   -2.6107   -6.0499  182.2229    4.6738   -4.8313    2.1945   -1.9543   -8.2273    0.0000   -0.0000    3.3816    0.5736    3.5600    0.1338   -1.8364    0.6262    0.0207 
   4.8391    0.0010   -2.4503   -2.9423  182.2612   -2.4062  104.9099   -3.4817   -2.9919   -7.2444   -0.0000   -0.0000    3.3816    0.5736    3.5120    0.7585   -3.4309    0.9236    0.1198 
   4.8816    0.0010   -2.1135   -2.0349  182.2563    3.4531  -72.1531    3.0490   -2.3963   -6.6792   -0.0000   -0.0000    3.3816    0.5736    3.5360   -0.4341    4.4321    0.5208    0.0058 
   4.9241    0.0010   -1.9796   -6.5473  182.2933   10.8384 -100.8396    0.7907   -2.5991   -5.8977   -0.0000    0.0000    3.3816    0.5243    3.5840   -0.2136    1.0813    1.3333    0.0452 
   4.9666    0.0015   -2.8484   -6.6396  182.3379   -0.5141   77.4441    3.2932   -5.1031   -6.4799   -0.0000    0.0000    1.4090    0.3714    3.6960    0.2646    1.2795    0.6030   -0.0329 
   5.0091    0.0011   -3.0124   -0.9441  182.2159   -3.6880  113.4548   -4.9466   -6.6747   -7.4581   -0.0000   -0.0000    1.1272    0.2720    3.7600    0.1375    0.1033    0.4897    0.1060 
   5.0516    0.0010   -2.6901    1.1280  182.1087   10.7774  -16.7942    0.6076   -6.8877   -5.8235   -0.0000   -0.0000    1.1272    0.2249    3.8000   -0.0183    0.2336    1.1484    0.0091 
   5.0941    0.0010   -2.4902   -1.8466  182.0905   17.9795 -106.2718    0.1804   -8.9693   -3.3270   -0.0000   -0.0000    1.1272    0.2051    3.8000    0.2271   -0.5112    0.5059    0.0165 
   5.1366    0.0015   -1.1784   -5.5452  181.9467   14.7446 -112.9856   -2.9935   -7.3059   -4.7064   -0.0000    0.0000    1.1272    0.2051    3.7920   -0.2380    0.6580   -0.3650    0.0719 
   5.1791    0.0010   -1.2741   -8.6198  181.9821    8.5801  -46.3963    6.6501   -7.9922   -5.0713   -0.0000    0.0000    0.8454    0.2051    3.8080    0.2375    0.2417    0.4285   -0.1013 
   5.2216    0.0010   -2.6690   -8.8748  182.0521   -6.2514   31.3625    1.3400   -7.0325   -4.3771   -0.0000    0.0000    1.1272    0.2051    3.8000   -0.1274   -0.2131    0.3525   -0.0037 
   5.2641    0.0010   -2.9012   -7.2549  182.0520   -4.0542   61.2087   -0.5520   -4.8167   -5.3216   -0.0000    0.0000    1.1272    0.2051    3.8000   -0.2302    0.0222   -0.3157    0.0293 
   5.3066    0.0015   -3.5722   -5.1569  182.0287   -7.6553   19.2165    0.7297   -4.8414   -6.1471   -0.0000   -0.0000    1.1272    0.2051    3.8000   -0.1448    0.2546   -0.1770    0.0069 
   5.3491    0.0010   -4.5057   -5.4040  182.1210    4.3076  -43.4055    5.1853   -3.8943   -6.2211    0.0000   -0.0000    1.1272    0.2051    3.8000   -0.1482    0.5315   -0.4199   -0.0708 
   5.3916 4294.9639   -4.8408   -4.7021  182.0211 -122.5845  215.2004   -6.4114   -4.1601   -5.4868    0.0000    0.0000    1.1272    0.2051    3.8800   -2.5066    0.2632   -5.9995    0.0000 
   5.4341 4294.9214  -26.7899   14.5122  177.2586 -618.7393  425.1614  -77.0291   -4.1601   -5.4868    0.0000    0.0000    1.1272    0.2051    3.8800   -0.4233    0.1257    0.0864 -634.0332 
   5.4766 4294.8789  -48.8198   45.1920  157.3298 -614.4668  393.9114  -82.2781   -4.1601   -5.4868    0.0000    0.0000    1.1272    0.2051    3.8800    2.3037    1.9255   -2.5046    0.0000 
   5.5191 4294.8364  -50.6296   61.4695  140.5235   43.7974 -125.1316 -193.5452   -4.1601   -5.4868    0.0000    0.0000    1.1272    0.2051    3.8800    1.5708    0.7671   -0.7107   28.5034 
   5.5616 4294.7939  -33.6613   51.3093  142.2862  448.5215 -262.6438 -420.4739   -4.1601   -5.4868    0.0000    0.0000    1.1272    0.2051    3.8800    0.0461    0.0798    2.5405    0.0000 
   5.6041 4294.7515   -8.2331   39.3855  143.4960 -200.6484 -514.7190  -95.4617   -4.1601   -5.4868    0.0000    0.0000    1.1272    0.2051    3.8800    0.7720   -0.0884   -3.1423 -215.9424 
   5.6466 4294.7090  -12.9401    6.4791  136.9930  -77.1743 -825.7542 -103.5183   -4.1601   -5.4868    0.0000    0.0000    1.1272    0.2051    3.8800   -0.1577   -0.0176    1.3782    0.0000 
   5.6891 4294.6660   -9.3197   10.2810  132.8481 -470.3628  249.3191  -43.5818   -4.1601   -5.4868    0.0000    0.0000    1.1272    0.2051    3.8880    0.1799    0.2766   -3.5654 -485.6567 
   5.7316 4294.6235   -9.8858    7.7830  127.2659   20.7261 -107.0042 -134.7073   -4.1601   -5.4868    0.0000    0.0000    1.1272    0.2051    3.8880    0.1140   -0.1045    2.1106    0.0000 
   5.7741 4294.5811    0.7784    5.1725  121.6349  144.2612   98.0129 -123.9651   -4.1601   -5.4868    0.0000    0.0000    1.1272    0.2051    3.8880    0.1482    0.0173    0.6040  128.9673 
   5.8166 4294.5386   -4.3412    7.1655  116.4899 -355.9828   -5.0755  -92.9593   -4.1601   -5.4868    0.0000    0.0000    1.1272    0.2051    3.8880   -0.1504   -0.0513    1.0176    0.0000 
   5.8591 4294.4961   -2.8420    6.6552  111.7992  264.6836  -17.3435 -121.9510   -4.1601   -5.4868    0.0000    0.0000    1.1272    0.2051    3.8800    0.2075   -0.2458    2.2307  249.3896 
   5.9016 4294.4536    6.0354    7.2942  107.7670  -68.9346    2.7981  -96.4383   -4.1601   -5.4868    0.0000    0.0000    1.1272    0.2051    3.8880    0.2244   -0.0952    0.8357    0.0000 
   5.9441 4294.4111    0.5078    5.6422  103.0070  -98.1094 -100.7786 -108.6453   -4.1601   -5.4868    0.0000    0.0000    1.1272    0.2051    3.8800   -0.0715    0.0432    0.9578 -113.4033 
   5.9866 4294.3687    4.8689    5.1468   98.8639  -12.9653   54.9221  -93.8748   -4.1601   -5.4868    0.0000    0.0000    1.1272    0.2051    3.8880   -0.1160   -0.2126    1.1345    0.0000 
   6.0291 4294.3262    2.6128    3.1963   94.8730   46.5440  -48.9597  -84.2312   -4.1601   -5.4868    0.0000    0.0000    1.1272    0.2051    3.8880   -0.0239    0.0554    1.2554   31.2500 
   6.0716 4294.2837    3.0671    1.8439   91.8276   -2.6504   22.0852  -55.3006   -4.1601   -5.4868    0.0000    0.0000    1.1272    0.2051    3.8880   -0.1382   -0.0708    1.1240    0.0000 
   6.1141 4294.2412    1.8447    1.0106   90.1283    0.5845   -0.8030  -20.1443   -4.1601   -5.4868    0.0000    0.0000    1.1272    0.2051    3.8880   -0.0586    0.0020    1.0781  -14.7095 
   6.1566 4294.1987    0.6325    0.0407   89.8938   -0.3310   -1.2913   -0.0027   -4.1601   -5.4868    0.0000    0.0000    1.1272    0.2051    3.8880   -0.0088   -0.0076    1.0830    0.0000 
   6.1991 4294.1562    0.2735   -0.1176   89.8829   -0.3921   -0.6809   -0.3079   -4.1601   -5.4868    0.0000    0.0000    1.1272    0.2051    3.8880   -0.0317   -0.0247    1.0742  -15.6860 
   6.2416 4294.1138    0.4610   -0.1940   89.8663   -0.4531   -0.6199   -0.2469   -4.1601   -5.4868    0.0000    0.0000    1.1272    0.2051    3.8880   -0.0222   -0.0029    1.0730    0.0000 
   6.2841 4294.0713    0.3144   -0.3911   89.8609    0.4014    0.0515   -0.1858   -4.1601   -5.4868    0.0000    0.0000    1.1272    0.2051    3.8880   -0.0044   -0.0178    1.0950  -14.8926 
   6.3266 4294.0288    0.5094   -0.2549   89.8564   -0.0259   -0.3147   -0.2469   -4.1601   -5.4868    0.0000    0.0000    1.1272    0.2051    3.8880   -0.0227   -0.0051    1.0886    0.0000 
   6.3691 4293.9863    0.2410   -0.4008   89.8524    0.4624   -0.0095    0.3635   -4.1601   -5.4868    0.0000    0.0000    1.1272    0.2051    3.8880   -0.0127    0.0049    1.0867  -14.8315 
   6.4116 4293.9438    0.4877   -0.4451   89.8421   -0.1479    0.2346   -0.0027   -4.1601   -5.4868    0.0000    0.0000    1.1272    0.2051    3.8880   -0.0247   -0.0100    1.0803    0.0000 
   6.4541 4293.9014    0.5235   -0.0004   89.8339    0.0352    0.1736   -0.3689   -4.1601   -5.4868    0.0000    0.0000    1.1272    0.2051    3.8880   -0.0151   -0.0103    1.0730  -15.2588 
   6.4966 4293.8589    0.8745   -0.1362   89.8212    0.0352    0.0515   -0.4300   -4.1601   -5.4868    0.0000    0.0000    1.1272    0.2051    3.8880   -0.0154   -0.0190    1.0864    0.0000 
   6.5391 4293.8164    0.4545   -0.2077   89.8158    0.3403    0.2346   -0.3689   -4.1601   -5.4868    0.0000    0.0000    1.1272    0.2051    3.8880   -0.0134   -0.0068    1.0884  -14.9536 
   6.5816 4293.7739    0.3521    0.1646   89.8108    0.8897   -0.3757   -0.4300   -4.1601   -5.4868    0.0000    0.0000    1.1272    0.2051    3.8960   -0.0127   -0.0071    1.0833    0.0000 
   6.6241 4293.7314    0.3778   -0.3883   89.7959   -0.2700   -0.2537   -0.3689   -4.1601   -5.4868    0.0000    0.0000    1.1272    0.2051    3.8880   -0.0166   -0.0063    1.0742  -15.5640 
   6.6666 4293.6890    0.3879   -0.0336   89.7871   -0.5141   -0.1316   -0.7962   -4.1601   -5.4868    0.0000    0.0000    1.1272    0.2051    3.8880   -0.0149   -0.0088    1.0742    0.0000 
   6.7091 4293.6465    0.3107   -0.1454   89.7740   -0.0869   -0.0706   -0.8572   -4.1601   -5.4868    0.0000    0.0000    1.1272    0.2051    3.8880   -0.0273   -0.0044    1.0864  -15.3809 
   6.7516 4293.6035    0.0931    0.0369   89.7723   -0.0869   -0.2537   -0.3079   -4.1601   -5.4868    0.0000    0.0000    1.1272    0.2051    3.8960   -0.0159   -0.0010    1.0854    0.0000 
   6.7941 4293.5610    0.2487   -0.2966   89.7588    0.4014    0.1125   -0.4910   -4.1601   -5.4868    0.0000    0.0000    1.1272    0.2051    3.8880   -0.0225   -0.0120    1.0791  -14.8926 
   6.9191    0.0009    0.0000    0.0000   89.7427   -0.3310    0.0515   -0.3079   -4.1601   -5.4868    0.0000    0.0000    0.0000    0.0857    3.8960   -0.0220   -0.0154    1.0847  -15.6250 
   6.9616    0.0010   -0.2753   -0.1226   89.7240    0.7066    0.4787   -0.2469    1.1305    3.6920    0.0000    0.0000    4.2270    0.1200    3.8560   -0.0317   -0.0046    1.0779    0.0781 
   7.0041    0.0010    0.0000    0.0000   89.7191    0.0962   -1.1082   -0.5520    4.4825    5.0808    0.0000    0.0000    0.0000    0.0915    3.8640   -0.0220    0.0037    1.0813  -15.1978 
   7.0466    0.0014    0.0000    0.0000   89.7174    0.1572   -2.1458   -0.4910    4.4825    5.0808    0.0000    0.0000    0.0000    0.0798    3.8960   -0.0142   -0.0393    1.0793    0.0000 
   7.0891    0.0009    0.0000    0.0000   89.7047    0.0962   -2.3289   -0.3689    4.4825    5.0808    0.0000    0.0000    0.0000    0.0739    3.8960   -0.0647   -0.0024    1.0862  -15.1978 
   7.1316    0.0009    0.0000    0.0000   89.6923    0.5235   -2.0847   -0.2469    4.4825    5.0808    0.0000    0.0000    0.0000    0.0798    3.8960   -0.0244    0.0076    1.0908  -14.7705 
   7.1741    0.0009    0.0000    0.0000   89.6790    1.0117   -0.9251   -0.1858    4.4825    5.0808    0.0000    0.0000    0.0000    0.0798    3.8960   -0.0093   -0.0312    1.0796  -14.2822 
   7.2166    0.0014    0.0000    0.0000   89.6614    0.7676    0.2346   -0.5520    4.4825    5.0808    0.0000    0.0000    0.0000    0.0798    3.8960   -0.0271   -0.0005    1.0833    0.0000 
   7.2591    0.0009    0.0000    0.0000   89.6502   -0.1479    0.2346   -0.1248    4.4825    5.0808    0.0000    0.0000    0.0000    0.0798    3.8960   -0.0222   -0.0056    1.0757  -15.4419 
   7.3016    0.0009    0.0000    0.0000   89.6380    0.2793    0.2346   -0.2469    4.4825    5.0808    0.0000    0.0000    0.0000    0.0739    3.8960    0.0007   -0.0051    1.0852  -15.0146 
   7.3441    0.0009    0.0000    0.0000   89.6309    0.0352   -0.1926   -0.1858    4.4825    5.0808    0.0000    0.0000    0.0000    0.0798    3.8960   -0.0183   -0.0151    1.0693  -15.2588 
   7.3866    0.0014    0.0000    0.0000   89.6255   -1.1245    0.1125    0.1804    4.4825    5.0808    0.0000    0.0000    0.0000    0.0798    3.8960   -0.0146   -0.0125    1.0811    0.0000 
   7.4291    0.0010    0.0000    0.0000   89.6378   -0.2090    0.3567   -0.0638    4.4825    5.0808    0.0000    0.0000    0.0000    0.0739    3.8960   -0.0144   -0.0198    1.0840  -15.5029 
   7.4716    0.0010    0.0000    0.0000   89.6250    0.0352   -0.0095   -0.0027    4.4825    5.0808    0.0000    0.0000    0.0000    0.0739    3.8960   -0.0215   -0.0083    1.0845  -15.2588 
   7.5141    0.0009    0.0000    0.0000   89.6198   -1.1855   -0.1926   -0.0027    4.4825    5.0808    0.0000    0.0000    0.0000    0.0798    3.8960   -0.0134   -0.0142    1.0847  -16.4795 
   7.5566    0.0014    0.0000    0.0000   89.6194   -0.2700   -0.1926    0.1804    4.4825    5.0808    0.0000    0.0000    0.0000    0.0739    3.8960   -0.0137   -0.0046    1.0845    0.0000 
   7.5991    0.0010    0.0000    0.0000   89.6026    0.9507    0.1125   -0.3689    4.4825    5.0808    0.0000    0.0000    0.0000    0.0739    3.8880   -0.0203   -0.0012    1.0774  -14.3433 
   7.6416    0.0009    0.0000    0.0000   89.5985   -0.0869   -0.1316    0.1804    4.4825    5.0808    0.0000    0.0000    0.0000    0.0620    3.8960   -0.0200   -0.0068    1.0771  -15.3809 
   7.6841    0.0009    0.0000    0.0000   89.6064   -0.2700   -0.0706    0.3024    4.4825    5.0808    0.0000    0.0000    0.0000    0.0560    3.8960   -0.0205   -0.0125    1.0913  -15.5640 
   7.7266    0.0014    0.0000    0.0000   89.6009    0.2793   -0.0095   -0.2469    4.4825    5.0808    0.0000    0.0000    0.0000    0.0560    3.8960   -0.0205   -0.0151    1.0850    0.0000 
   7.7691    0.0009    0.0000    0.0000   89.5862    0.5845   -0.1926   -0.4300    4.4825    5.0808    0.0000    0.0000    0.0000    0.0560    3.8960   -0.0178   -0.0071    1.0857  -14.7095 
   7.8116    0.0009    0.0000    0.0000   89.5785    0.6455    0.1125   -0.3079    4.4825    5.0808    0.0000    0.0000    0.0000    0.0560    3.8960   -0.0188   -0.0105    1.0745  -14.6484 
   7.8541    0.0009    0.0000    0.0000   89.5661   -0.0259    0.2956   -0.3079    4.4825    5.0808    0.0000    0.0000    0.0000    0.0560    3.8960   -0.0129   -0.0042    1.0793  -15.3198 
   7.8966    0.0014    0.0000    0.0000   89.5647   -0.2700   -0.1926    0.1193    4.4825    5.0808    0.0000    0.0000    0.0000    0.0560    3.8960   -0.0176   -0.0127    1.0791    0.0000 
   7.9391    0.0009    0.0000    0.0000   89.5488    0.2183   -0.4978   -0.6741    4.4825    5.0808    0.0000    0.0000    0.0000    0.0560    3.8960   -0.0198   -0.0022    1.0774  -15.0757 
   7.9816    0.0009    0.0000    0.0000   89.5323    0.7066   -0.3147   -0.1248    4.4825    5.0808    0.0000    0.0000    0.0000    0.0560    3.8960   -0.0168   -0.0029    1.0864  -14.5874 
   8.0241    0.0009    0.0000    0.0000   89.5207    0.0352   -0.3147   -0.4910    4.4825    5.0808    0.0000    0.0000    0.0000    0.0560    3.8880   -0.0115   -0.0051    1.0847  -15.2588 
   8.0666    0.0014    0.0000    0.0000   89.5127    0.2183   -0.3757   -0.0027    4.4825    5.0808    0.0000    0.0000    0.0000    0.0560    3.8960   -0.0308   -0.0076    1.0920  -15.0757 
   8.1091    0.0009    0.0000    0.0000   89.5155    0.0962   -0.1316    0.0583    4.4825    5.0808    0.0000    0.0000    0.0000    0.0560    3.8960   -0.0178   -0.0034    1.0728  -15.1978 
   8.1516    0.0009    0.0000    0.0000   89.5208   -1.0635   -0.0706   -0.5520    4.4825    5.0808    0.0000    0.0000    0.0000    0.0560    3.8960   -0.0142   -0.0103    1.0847  -16.3574 
   8.1941    0.0009    0.0000    0.0000   89.5108   -0.5752   -0.0706    0.1193    4.4825    5.0808    0.0000    0.0000    0.0000    0.0620    3.8960   -0.0193   -0.0029    1.0811  -15.8691 
   8.2366    0.0014    0.0000    0.0000   89.5122   -0.4531    0.1125    0.2414    4.4825    5.0808    0.0000    0.0000    0.0000    0.0560    3.8960   -0.0210   -0.0107    1.0876    0.0000 
   8.2791    0.0009    0.0000    0.0000   89.5096   -0.2700    0.1736   -0.2469    4.4825    5.0808    0.0000    0.0000    0.0000    0.0560    3.8960   -0.0168   -0.0032    1.0742  -15.5640 
   8.3216    0.0010    0.0000    0.0000   89.5058   -0.0869   -0.0706   -0.0027    4.4825    5.0808    0.0000    0.0000    0.0000    0.0560    3.8960   -0.0117   -0.0061    1.0762  -15.3809 
   8.3641    0.0010    0.0000    0.0000   89.5123   -0.3921   -0.0095    0.1804    4.4825    5.0808    0.0000    0.0000    0.0000    0.0620    3.8960   -0.0186   -0.0076    1.0779  -15.6860 
   8.4066    0.0014    0.0000    0.0000   89.5024   -0.2090   -0.1926   -0.1858    4.4825    5.0808    0.0000    0.0000    0.0000    0.0560    3.8960   -0.0188   -0.0081    1.0889    0.0000 
   8.4491    0.0009    0.0000    0.0000   89.4962   -1.1245   -0.0095   -0.0027    4.4825    5.0808    0.0000    0.0000    0.0000    0.0560    3.8960   -0.0210   -0.0059    1.0828  -16.4185 
   8.4916    0.0009    0.0000    0.0000   89.4973   -0.8193    0.0515   -0.1248    4.4825    5.0808    0.0000    0.0000    0.0000    0.0560    3.8960   -0.0183    0.0002    1.0879  -16.1133 
   8.5341    0.0009    0.0000    0.0000   89.5047    0.6455   -0.1316   -0.2469    4.4825    5.0808    0.0000    0.0000    0.0000    0.0620    3.8960   -0.0137   -0.0046    1.0781  -14.6484 
   8.5766    0.0014    0.0000    0.0000   89.4956    0.2183    0.0515   -0.1858    4.4825    5.0808    0.0000    0.0000    0.0000    0.0560    3.8960   -0.0100   -0.0005    1.0798  -15.0757 
   8.6191    0.0009    0.0000    0.0000   89.5032    0.0962   -0.0706   -0.6741    4.4825    5.0808    0.0000    0.0000    0.0000    0.0620    3.8960   -0.0142   -0.0044    1.0950  -15.1978 
   8.6616    0.0009    0.0000    0.0000   89.4897   -0.0869    0.1736    0.0583    4.4825    5.0808    0.0000    0.0000    0.0000    0.0560    3.8960   -0.0271   -0.0125    1.0842  -15.3809 
   8.7041    0.0009    0.0000    0.0000   89.4915   -0.2090   -0.1316    0.4245    4.4825    5.0808    0.0000    0.0000    0.0000    0.0560    3.9040   -0.0105   -0.0132    1.0823  -15.5029 
   8.7466    0.0014    0.0000    0.0000   89.4939   -0.2090   -0.2537   -0.3689    4.4825    5.0808    0.0000    0.0000    0.0000    0.0560    3.9040   -0.0264   -0.0005    1.0837    0.0000 
   8.7891    0.0009    0.0000    0.0000   89.4812   -0.5752    0.1736    0.0583    4.4825    5.0808    0.0000    0.0000    0.0000    0.0560    3.9040   -0.0176   -0.0149    1.0737  -15.8691 
   8.8316    0.0009    0.0000    0.0000   89.4933    0.2183   -0.0095    0.0583    4.4825    5.0808    0.0000    0.0000    0.0000    0.0560    3.8960   -0.0161    0.0005    1.0793  -15.0757 
   8.8741    0.0009    0.0000    0.0000   89.4915    0.3403    0.1125   -0.6131    4.4825    5.0808    0.0000    0.0000    0.0000    0.0560    3.9040   -0.0120   -0.0100    1.0789  -14.9536 
   8.9166    0.0014    0.0000    0.0000   89.4868   -0.3310    0.0515    0.1804    4.4825    5.0808    0.0000    0.0000    0.0000    0.0620    3.8960   -0.0193   -0.0063    1.0974    0.0000 
   8.9591    0.0009    0.0000    0.0000   89.4862   -0.3310   -0.3147   -0.0027    4.4825    5.0808    0.0000    0.0000    0.0000    0.0560    3.9040   -0.0181   -0.0166    1.0793  -15.6250 
   9.0016    0.0010    0.0000    0.0000   89.4785    0.5235   -0.0095   -0.0638    4.4825    5.0808    0.0000    0.0000    0.0000    0.0560    3.9040   -0.0234   -0.0083    1.0842  -14.7705 
   9.0441    0.0009    0.0000    0.0000   89.4824    0.1572   -0.0095   -0.1858    4.4825    5.0808    0.0000    0.0000    0.0000    0.0560    3.9040   -0.0183    0.0027    1.0825  -15.1367 
   9.0866    0.0014    0.0000    0.0000   89.4729   -0.4531   -0.1316    0.1193    4.4825    5.0808    0.0000    0.0000    0.0000    0.0560    3.8960   -0.0188   -0.0042    1.0793    0.0000 
   9.1291    0.0009    0.0000    0.0000   89.4777   -0.2090    0.0515   -0.0638    4.4825    5.0808    0.0000    0.0000    0.0000    0.0560    3.9040   -0.0195   -0.0063    1.0820  -15.5029 
   9.1716    0.0009    0.0000    0.0000   89.4747    0.8897   -0.1926    0.2414    4.4825    5.0808    0.0000    0.0000    0.0000    0.0560    3.9040   -0.0144   -0.0002    1.0916  -14.4043 
   9.2141    0.0009    0.0000    0.0000   89.4744   -0.1479    0.0515    0.1193    4.4825    5.0808    0.0000    0.0000    0.0000    0.0560    3.9040   -0.0227   -0.0088    1.0820  -15.4419 
   9.2566    0.0014    0.0000    0.0000   89.4846   -0.6362   -0.0095    0.3024    4.4825    5.0808    0.0000    0.0000    0.0000    0.0560    3.9040   -0.0303   -0.0151    1.0872    0.0000 
   9.2991    0.0009    0.0000    0.0000   89.4773    0.1572   -0.0706   -0.0027    4.4825    5.0808    0.0000    0.0000    0.0000    0.0560    3.9040   -0.0190   -0.0112    1.0916  -15.1367 
   9.3416    0.0009    0.0000    0.0000   89.4743    0.2183    0.1736   -0.6741    4.4825    5.0808    0.0000    0.0000    0.0000    0.0560    3.9040   -0.0295   -0.0144    1.0791  -15.0757 
   9.3841    0.0009    0.0000    0.0000   89.4696    0.0352   -0.1926   -0.4910    4.4825    5.0808    0.0000    0.0000    0.0000    0.0560    3.9040   -0.0195   -0.0137    1.0803  -15.2588 
   9.4266    0.0014    0.0000    0.0000   89.4586   -0.8804    0.1736   -0.3079    4.4825    5.0808    0.0000    0.0000    0.0000    0.0560    3.9040   -0.0186   -0.0024    1.0947  -16.1743 
   9.4691    0.0009    0.0000    0.0000   89.4655   -0.3310   -0.2537    0.3024    4.4825    5.0808    0.0000    0.0000    0.0000    0.0560    3.9040   -0.0173   -0.0020    1.0845  -15.6250 
   9.5116    0.0009    0.0000    0.0000   89.4607   -0.5752   -0.1926   -0.0027    4.4825    5.0808    0.0000    0.0000    0.0000    0.0560    3.9040   -0.0232   -0.0090    1.0891  -15.8691 
   9.5541    0.0009    0.0000    0.0000   89.4584    0.2793   -0.1316   -0.2469    4.4825    5.0808    0.0000    0.0000    0.0000    0.0560    3.9040   -0.0198   -0.0029    1.0823  -15.0146 
   9.5966    0.0014    0.0000    0.0000   89.4586    0.2793   -0.2537    0.1193    4.4825    5.0808    0.0000    0.0000    0.0000    0.0560    3.9040   -0.0137   -0.0051    1.0745    0.0000 
   9.6391    0.0009    0.0000    0.0000   89.4669   -0.8804   -0.4978    0.5466    4.4825    5.0808    0.0000    0.0000    0.0000    0.0560    3.8960   -0.0132   -0.0088    1.0784  -16.1743 
   9.6816    0.0009    0.0000    0.0000   89.4656   -0.5141    0.2956    0.1193    4.4825    5.0808    0.0000    0.0000    0.0000    0.0560    3.9040   -0.0171   -0.0061    1.0803  -15.8081 
   9.7241    0.0010    0.0000    0.0000   89.4653   -0.3310   -0.1316    0.2414    4.4825    5.0808    0.0000    0.0000    0.0000    0.0560    3.9040   -0.0161   -0.0024    1.0791  -15.6250 
   9.7666    0.0014    0.0000    0.0000   89.4567   -0.5141   -0.0706   -0.1858    4.4825    5.0808    0.0000    0.0000    0.0000    0.0560    3.9040   -0.0222   -0.0029    1.0757    0.0000 
   9.8091    0.0009    0.0000    0.0000   89.4477    0.3403   -0.0706   -0.3079    4.4825    5.0808    0.0000    0.0000    0.0000    0.0560    3.9040   -0.0256   -0.0059    1.0837  -14.9536 
   9.8516    0.0010    0.0000    0.0000   89.4402   -0.8804   -0.3147   -0.3689    4.4825    5.0808    0.0000    0.0000    0.0000    0.0560    3.9040   -0.0173   -0.0137    1.0842  -16.1743 
   9.8941    0.0010    0.0000    0.0000   89.4372   -1.4907   -0.3757   -0.3079    4.4825    5.0808    0.0000    0.0000    0.0000    0.0560    3.9040   -0.0239   -0.0061    1.0886  -16.7847 
   9.9366    0.0014    0.0000    0.0000   89.4263    0.4624   -0.0095    0.0583    4.4825    5.0808    0.0000    0.0000    0.0000    0.0560    3.9040   -0.0222   -0.0132    1.0886    0.0000 
   9.9791    0.0009    0.0000    0.0000   89.4272   -0.6972    0.1125    0.3024    4.4825    5.0808    0.0000    0.0000    0.0000    0.0560    3.9040   -0.0159   -0.0046    1.0840  -15.9912 
  10.0216    0.0010    0.0000    0.0000   89.4196    0.1572   -0.1316   -0.0027    4.4825    5.0808    0.0000    0.0000    0.0000    0.0560    3.9040   -0.0249   -0.0122    1.0830    0.0000 
  10.0641    0.0009    0.0000    0.0000   89.4226   -0.0869   -0.1926   -0.0027    4.4825    5.0808    0.0000    0.0000    0.0000    0.0560    3.9040   -0.0117   -0.0078    1.0803  -15.3809 
  10.1066    0.0014    0.0000    0.0000   89.4167    0.5845   -0.1926   -0.1248    4.4825    5.0808    0.0000    0.0000    0.0000    0.0560    3.9040   -0.0122   -0.0112    1.0928    0.0000 
  10.1491    0.0009    0.0000    0.0000   89.3985    0.4014   -0.3757   -0.5520    4.4825    5.0808    0.0000    0.0000    0.0000    0.0560    3.9040   -0.0178   -0.0029    1.0837  -14.8926 
  10.1916    0.0009    0.0000    0.0000   89.3953   -0.0259    0.0515   -0.0027    4.4825    5.0808    0.0000    0.0000    0.0000    0.0620    3.9040   -0.0164   -0.0076    1.0842  -15.3198 
  10.2341    0.0009    0.0000    0.0000   89.3841    0.3403    0.4177    0.1193    4.4825    5.0808    0.0000    0.0000    0.0000    0.0560    3.9040   -0.0254   -0.0088    1.0945  -14.9536 
  10.2766    0.0014    0.0000    0.0000   89.3782   -0.5141    0.1125    0.0583    4.4825    5.0808    0.0000    0.0000    0.0000    0.0438    3.8960   -0.0088   -0.0076    1.0923    0.0000 
  10.3191    0.0009    0.0000    0.0000   89.3702   -0.1479   -0.0095   -0.4300    4.4825    5.0808    0.0000    0.0000    0.0000    0.0064    3.9040   -0.0237   -0.0166    1.0767  -15.4419 
  10.3616    0.0009    0.0000    0.0000   89.3640   -0.6972   -0.3757   -0.0638    4.4825    5.0808    0.0000    0.0000    0.0000    0.0000    3.8960   -0.0134   -0.0098    1.0837  -15.9912 
  10.4041    0.0009    0.0000    0.0000   89.3696   -1.0024   -0.1316    0.0583    4.4825    5.0808    0.0000    0.0000    0.0000    0.0000    3.9040   -0.0122   -0.0066    1.0964  -16.2964 
  10.4466    0.0014    0.0000    0.0000   89.3668   -0.8804   -0.1926   -0.3079    4.4825    5.0808    0.0000    0.0000    0.0000    0.0000    3.9040   -0.0085   -0.0054    1.0798    0.0000 
  10.4891    0.0009    0.0000    0.0000   89.3589   -0.9414   -0.0706   -0.1858    4.4825    5.0808    0.0000    0.0000    0.0000    0.0000    3.9040   -0.0142   -0.0085    1.0901  -16.2354 
  10.5316    0.0009    0.0000    0.0000   89.3553   -1.0635   -0.1316    0.3024    4.4825    5.0808    0.0000    0.0000    0.0000    0.0000    3.9040   -0.0244   -0.0139    1.0776  -16.3574 
  10.5741    0.0009    0.0000    0.0000   89.3515   -0.3921   -0.0095    0.0583    4.4825    5.0808    0.0000    0.0000    0.0000    0.0000    3.8960   -0.0173   -0.0095    1.0857  -15.6860 
  10.6166    0.0014    0.0000    0.0000   89.3514   -0.5752   -0.0095   -0.0638    4.4825    5.0808    0.0000    0.0000    0.0000    0.0000    3.9040   -0.0212   -0.0051    1.0884    0.0000 
  10.6591    0.0009    0.0000    0.0000   89.3577   -0.0869   -0.0095   -0.0027    4.4825    5.0808    0.0000    0.0000    0.0000    0.0000    3.9040   -0.0181   -0.0103    1.0811  -15.3809 
  10.7016    0.0010    0.0000    0.0000   89.3684   -0.8804    0.0515    0.0583    4.4825    5.0808    0.0000    0.0000    0.0000    0.0064    3.9040   -0.0110   -0.0054    1.0781  -16.1743 
  10.7441    0.0009    0.0000    0.0000   89.3676   -0.3310   -0.0706   -0.1248    4.4825    5.0808    0.0000    0.0000    0.0000    0.0253    3.9040   -0.0173   -0.0081    1.0850  -15.6250 
  10.7866    0.0014    0.0000    0.0000   89.3647   -0.3921    0.1125   -0.2469    4.4825    5.0808    0.0000    0.0000    0.0000    0.0315    3.9040   -0.0232   -0.0183    1.0886    0.0000 
  10.8291    0.0009    0.0000    0.0000   89.3748   -0.2090   -0.0706    0.0583    4.4825    5.0808    0.0000    0.0000    0.0000    0.0000    3.9040   -0.0205   -0.0012    1.0864  -15.5029 
  10.8716    0.0009    0.0000    0.0000   89.3729   -0.8804   -0.1316    0.4245    4.4825    5.0808    0.0000    0.0000    0.0000    0.0000    3.9040   -0.0183   -0.0134    1.0889  -16.1743 
  10.9141    0.0009    0.0000    0.0000   89.3730    0.0352   -0.0706   -0.3689    4.4825    5.0808    0.0000    0.0000    0.0000    0.0000    3.9040   -0.0105   -0.0127    1.0752  -15.2588 
  10.9566    0.0014    0.0000    0.0000   89.3765   -0.2700   -0.0706    0.1804    4.4825    5.0808    0.0000    0.0000    0.0000    0.0000    3.9040   -0.0083   -0.0044    1.0830    0.0000 
  11.0691 4294.8560   -0.1494    0.1249   89.3793   -0.2700    0.0515    0.1193    4.4825    5.0808    0.0000    0.0000    0.0000    0.0000    3.9040   -0.0137   -0.0073    1.0886  -15.5640 
  11.1116 4294.8135   -0.0788   -0.2818   89.3758    0.2183   -0.0706   -0.2469    4.4825    5.0808    0.0000    0.0000    0.0000    0.0000    3.8960   -0.0205   -0.0083    1.0874    0.0000 
  11.1541 4294.7710   -0.0521    0.1115   89.3752    0.4014    0.1125    0.0583    4.4825    5.0808    0.0000    0.0000    0.0000    0.0000    3.9040   -0.0156   -0.0073    1.0869  -14.8926 
  11.1966 4294.7285   -0.4550    0.1249   89.3767   -0.1479   -0.0706    0.3024    4.4825    5.0808    0.0000    0.0000    0.0000    0.0000    3.9040   -0.0139    0.0034    1.0903    0.0000 
  11.2391 4294.6860   -0.1701   -0.0880   89.3680    0.4014    0.1736   -0.1248    4.4825    5.0808    0.0000    0.0000    0.0000    0.0000    3.9040   -0.0183   -0.0061    1.0857  -14.8926 
  11.2816 4294.6436   -0.2635    0.2401   89.3670    0.4014    0.3567   -0.3689    4.4825    5.0808    0.0000    0.0000    0.0000    0.0000    3.9040   -0.0125   -0.0042    1.0850    0.0000 
  11.3241 4294.6011   -0.4111    0.1075   89.3523   -0.5141   -0.0095   -0.3079    4.4825    5.0808    0.0000    0.0000    0.0000    0.0000    3.9040   -0.0134   -0.0024    1.0872  -15.8081 
  11.3666 4294.5586   -0.1946    0.0254   89.3333    0.5235    0.2956   -0.6131    4.4825    5.0808    0.0000    0.0000    0.0000    0.0000    3.9040   -0.0156   -0.0044    1.0884    0.0000 
  11.4091 4294.5161   -0.0338   -0.0122   89.3203    0.4624   -0.2537   -0.3079    4.4825    5.0808    0.0000    0.0000    0.0000    0.0000    3.9040   -0.0146   -0.0083    1.0886  -14.8315 
  11.4516 4294.4736   -0.0632    0.2434   89.3106    0.4014    0.0515    0.0583    4.4825    5.0808    0.0000    0.0000    0.0000    0.0000    3.9040   -0.0200   -0.0034    1.0830    0.0000 
  11.4941 4294.4312    0.0498    0.0143   89.3119   -0.6362    0.1736   -0.2469    4.4825    5.0808    0.0000    0.0000    0.0000    0.0000    3.9040   -0.0164   -0.0105    1.0879  -15.9302 
  11.5366 4294.3887    0.0642   -0.5788   88.8348   17.2471  -40.3538  -29.1165    4.4825    5.0808    0.0000    0.0000    0.0000    0.0000    3.9040   -0.1738    0.0842    1.1772    0.0000 
  11.5791 4294.3462    0.0895   -0.4795   87.8187    7.9697   58.5842  -13.0643    4.4825    5.0808    0.0000    0.0000    0.0000    0.0000    3.9040    0.0247    0.0537    1.0618   -7.3242 
  11.6216 4294.3037    0.4451    0.4268   87.6173  -15.4678  -46.4573    6.8942    4.4825    5.0808    0.0000    0.0000    0.0000    0.0000    3.9040   -0.0398    0.0322    1.0557    0.0000 
  11.6641 4294.2612   -0.0600   -1.4325   87.7060    1.1338  -13.1321   -7.8763    4.4825    5.0808    0.0000    0.0000    0.0000    0.0000    3.9040   -0.0273   -0.0146    1.0625  -14.1602 
  11.7066 4294.2188   -0.2711   -2.2772   87.7082   -0.2700   18.7893   22.9465    4.4825    5.0808    0.0000    0.0000    0.0000    0.0000    3.9040   -0.1965    0.0498    1.0808    0.0000 
  11.7491 4294.1763    1.2129   -1.3274   91.0207  -30.1772  -37.8513   70.2487    4.4825    5.0808    0.0000    0.0000    0.0000    0.0000    3.9040    0.1023   -0.1650    1.3997  -45.4712 
  11.7916 4294.1338    1.0382   -4.9028   87.5334  -33.2900  -28.2078 -165.5301    4.4825    5.0808    0.0000    0.0000    0.0000    0.0000    3.9040   -0.1228   -0.0366    1.3899    0.0000 
  11.8341 4294.0913   -1.0216   -3.6648   81.9907   39.0366   -9.2258 -111.0257    4.4825    5.0808    0.0000    0.0000    0.0000    0.0000    3.9040   -0.0369   -0.1589    1.5857   23.7427 
  11.8766 4294.0488    3.2928   -2.5471   74.0536   68.7608   59.6218 -233.8284    4.4825    5.0808    0.0000    0.0000    0.0000    0.0000    3.9040   -0.1216   -0.3250    1.5068    0.0000 
  11.9191 4294.0063    7.4440   -2.2522   66.3274   62.5962   54.9831 -113.8943    4.4825    5.0808    0.0000    0.0000    0.0000    0.0000    3.9040   -0.2720   -0.2607    1.4326   47.3022 
  11.9616 4293.9639   10.6554   -2.7538   61.7114   60.3989   61.6360  -98.3304    4.4825    5.0808    0.0000    0.0000    0.0000    0.0000    3.9040   -0.1538   -0.3586    1.3945    0.0000 
  12.0041 4293.9214   14.1738   -3.2726   55.2998   85.3013   65.0539 -147.1585    4.4825    5.0808    0.0000    0.0000    0.0000    0.0000    3.9040   -0.1953   -0.1909    1.3337   70.0073 
  12.0466 4293.8784   14.0710   -3.1463   50.3889   41.5391   32.5222  -48.3426    4.4825    5.0808    0.0000    0.0000    0.0000    0.0000    3.9040   -0.0803   -0.2192    1.3018    0.0000 
  12.0891 4293.8359   15.8477   -0.4710   48.3049   58.7510   33.3157  -95.4617    4.4825    5.0808    0.0000    0.0000    0.0000    0.0000    3.9040    0.1782   -0.2903    1.2629   43.4570 
  12.1316 4293.7935   15.1582    1.2630   44.0046   -3.5049   48.6965  -78.6160    4.4825    5.0808    0.0000    0.0000    0.0000    0.0000    3.9040    0.0366   -0.1733    1.2224    0.0000 
  12.1741 4293.7510   14.7251    3.6054   41.0997   19.3223   38.6257  -96.3162    4.4825    5.0808    0.0000    0.0000    0.0000    0.0000    3.9040    0.1208   -0.2969    1.0178    4.0283 
  12.2166 4293.7085   14.6098    6.4207   36.9198   17.7964   61.6970  -98.5135    4.4825    5.0808    0.0000    0.0000    0.0000    0.0000    3.9040    0.1355   -0.1912    0.9448    0.0000 
  12.2591 4293.6660   16.4204    8.2281   32.8303   27.3789   78.7258  -90.1516    4.4825    5.0808    0.0000    0.0000    0.0000    0.0000    3.9040    0.0444   -0.2903    0.7922   12.0850 
  12.3016 4293.6235   17.6942    7.8661   28.2966    6.9932   60.3542 -103.3963    4.4825    5.0808    0.0000    0.0000    0.0000    0.0000    3.9040    0.0081   -0.2014    0.9038    0.0000 
  12.3441 4293.5811   15.6098    7.3657   23.5345  -24.5620   50.8327  -71.1087    4.4825    5.0808    0.0000    0.0000    0.0000    0.0000    3.9040    0.0291   -0.1770    0.8645  -39.8560 
  12.3866 4293.5386   14.0238    9.1368   21.0759   -7.5942   26.9680  -69.9490    4.4825    5.0808    0.0000    0.0000    0.0000    0.0000    3.9040    0.1794   -0.1663    0.8088    0.0000 
  12.4291 4293.4961   13.5044   11.7768   16.5965  -23.0361   45.4006 -139.8343    4.4825    5.0808    0.0000    0.0000    0.0000    0.0000    3.9040    0.3076   -0.2412    0.8472  -38.3301 
  12.4716 4293.4536   13.9574   14.5356   10.9940  -19.9233   47.7200 -127.5662    4.4825    5.0808    0.0000    0.0000    0.0000    0.0000    3.9040    0.4187   -0.2083    0.8779    0.0000 
  12.5141 4293.4111   14.9229   18.4579    7.8256    9.1294   68.5940  -91.0672    4.4825    5.0808    0.0000    0.0000    0.0000    0.0000    3.9040    0.4634   -0.1885    0.8643   -6.1646 
  12.5566 4293.3687   15.0777   22.3972    2.3917  -21.7544   93.7405 -166.6287    4.4825    5.0808    0.0000    0.0000    0.0000    0.0000    3.9040    0.4507   -0.0967    0.8479    0.0000 
  12.5991 4293.3262   13.6439   24.9095  354.6750  -50.9902  109.1213 -145.5716    4.4825    5.0808    0.0000    0.0000    0.0000    0.0000    3.9040    0.3228   -0.1223    0.8271  -66.2842 
  12.6416 4293.2837   12.4032   26.8895  348.5857  -46.9009  109.7317 -118.1058    4.4825    5.0808    0.0000    0.0000    0.0000    0.0000    3.9040    0.3035   -0.0891    0.9097    0.0000 
  12.6841 4293.2412   11.3394   28.6111  342.9677  -59.8403  114.4924  -96.6824    4.4825    5.0808    0.0000    0.0000    0.0000    0.0000    3.9040    0.2861   -0.1616    0.9421  -75.1343 
  12.7266 4293.1987   11.1042   30.2759  337.0742  -48.7930  115.1028 -120.3641    4.4825    5.0808    0.0000    0.0000    0.0000    0.0000    3.9120    0.2664   -0.1804    0.8638    0.0000 
  12.7691 4293.1562   11.6166   31.8569  331.3249  -58.1313  106.1916  -92.1658    4.4825    5.0808    0.0000    0.0000    0.0000    0.0000    3.9040    0.2053   -0.1667    0.8252  -73.4253 
  12.8116 4293.1138   11.9425   32.6611  326.9928  -53.6758   79.0310  -64.0896    4.4825    5.0808    0.0000    0.0000    0.0000    0.0000    3.9120    0.3386   -0.2969    0.7715    0.0000 
  12.8541 4293.0713   14.0106   34.1647  323.2792  -34.1445   84.4021  -76.5408    4.4825    5.0808    0.0000    0.0000    0.0000    0.0000    3.9040    0.3914   -0.2888    0.7737  -49.4385 
  12.8966 4293.0288   14.1640   34.3305  319.7155  -78.9443   39.7854   -3.3597    4.4825    5.0808    0.0000    0.0000    0.0000    0.0000    3.9040    0.3516   -0.4246    0.8647    0.0000 
  12.9391 4292.9863   12.2280   33.7947  318.1579 -101.7104   -1.9016   19.1623    4.4825    5.0808    0.0000    0.0000    0.0000    0.0000    3.9040    0.7439   -0.5850    1.0732 -117.0044 
  12.9816 4292.9438   11.6237   34.1550  315.4413  -93.2265   22.1462  -54.3240    4.4825    5.0808    0.0000    0.0000    0.0000    0.0000    3.9120    0.6709   -0.5037    0.8113    0.0000 
  13.0241 4292.9014   12.5274   35.0971  310.7926  -76.4419   31.7287  -96.6214    4.4825    5.0808    0.0000    0.0000    0.0000    0.0000    3.9040    0.4993   -0.3796    0.5847  -91.7358 
  13.0666 4292.8589   14.8105   35.6356  305.0380  -74.0005   36.7336 -101.7483    4.4825    5.0808    0.0000    0.0000    0.0000    0.0000    3.9040    0.3613   -0.2795    0.5479    0.0000 
  13.1091 4292.8159   15.6257   35.3410  300.6976  -97.2549   20.2541  -28.9944    4.4825    5.0808    0.0000    0.0000    0.0000    0.0000    3.9040    0.3843   -0.3723    0.5938 -112.5488 
  13.1516 4292.7734   15.4269   34.8346  296.8531  -99.1469    8.9016  -55.6058    4.4825    5.0808    0.0000    0.0000    0.0000    0.0000    3.9120    0.5076   -0.4092    0.7246    0.0000 
  13.1941 4292.7310   16.1881   34.1429  291.7419  -93.7148   11.0378  -85.4520    4.4825    5.0808    0.0000    0.0000    0.0000    0.0000    3.9040    0.6187   -0.4651    0.8467 -109.0088 
  13.2366 4292.6885   17.0439   33.8244  286.5194  -88.6489   11.7092  -95.6448    4.4825    5.0808    0.0000    0.0000    0.0000    0.0000    3.9040    0.6287   -0.5569    0.8362    0.0000 
  13.2791 4292.6460   19.0547   33.1298  280.6578  -69.7890    0.9670 -111.2088    4.4825    5.0808    0.0000    0.0000    0.0000    0.0000    3.9040    0.6558   -0.4910    0.8044  -85.0830 
  13.3216 4292.6035   20.2560   33.0746  276.1961  -61.6103    3.7746  -70.7425    4.4825    5.0808    0.0000    0.0000    0.0000    0.0000    3.9120    0.6497   -0.4819    0.8013    0.0000 
  13.3641 4292.5610   20.0052   33.6601  273.2633  -53.9199  -10.9959  -41.0794    4.4825    5.0808    0.0000    0.0000    0.0000    0.0000    3.9040    0.8064   -0.3877    0.9424  -69.2139 
  13.4066 4292.5186   16.3566   34.4217  271.8696  -65.0893    6.0329   10.9836    4.4825    5.0808    0.0000    0.0000    0.0000    0.0000    3.9040    0.7717   -0.2915    1.1301    0.0000 
  13.4491 4292.4761   12.2844   35.0214  270.2159  -66.3711   13.1741  -37.6004    4.4825    5.0808    0.0000    0.0000    0.0000    0.0000    3.9040    0.8020   -0.3147    1.0457  -81.6650 
  13.4916 4292.4336   15.2109   36.5273  265.4149  -28.3462   65.7864 -150.2713    4.4825    5.0808    0.0000    0.0000    0.0000    0.0000    3.9040    0.5269   -0.3242    0.7949    0.0000 
  13.5341 4292.3911   16.8362   35.2316  260.5231  -36.0366   27.9446  -36.0745    4.4825    5.0808    0.0000    0.0000    0.0000    0.0000    3.9040    0.4871   -0.2551    0.8000  -51.3306 
  13.5766 4292.3486   14.0950   36.7525  259.9851  -28.5293   18.4231  -15.8108    4.4825    5.0808    0.0000    0.0000    0.0000    0.0000    3.9040    0.7146   -0.2634    0.8486    0.0000 
  13.6191 4292.3062   14.1157   39.7559  257.7413  -20.8389   51.6872  -67.0193    4.4825    5.0808    0.0000    0.0000    0.0000    0.0000    3.9120    0.6238   -0.2136    0.7029  -36.1328 
  13.6616 4292.2637   15.3408   43.0669  256.2983  -13.3315   44.2410  -24.9661    4.4825    5.0808    0.0000    0.0000    0.0000    0.0000    3.9120    0.5662   -0.2781    0.5908    0.0000 
  13.7041 4292.2212   17.4017   45.6439  255.6421   -8.2656   36.4285   -8.9749    4.4825    5.0808    0.0000    0.0000    0.0000    0.0000    3.9040    0.6091   -0.3135    0.5718  -23.5596 
  13.7466 4292.1787   18.0147   48.6589  256.1162   -2.1011   22.0242   14.8288    4.4825    5.0808    0.0000    0.0000    0.0000    0.0000    3.9120    0.6382   -0.2937    0.5459    0.0000 
  13.7891 4292.1362   18.1980   51.1627  257.9817   11.1436    5.8498   67.3190    4.4825    5.0808    0.0000    0.0000    0.0000    0.0000    3.9040    0.7625   -0.4216    0.5344   -4.1504 
  13.8316 4292.0938   18.6229   52.7722  260.9324   28.8438    5.3005   58.5910    4.4825    5.0808    0.0000    0.0000    0.0000    0.0000    3.9040    0.7344   -0.3354    0.5828   13.5498 
  13.8741 4292.0513   18.1298   52.7114  263.7732   39.2197  -12.0945   81.1130    4.4825    5.0808    0.0000    0.0000    0.0000    0.0000    3.9040    0.7798   -0.3816    0.6455   23.9258 
  13.9166 4292.0088   17.0354   51.4916  267.5938   44.5298  -36.2644  123.4714    4.4825    5.0808    0.0000    0.0000    0.0000    0.0000    3.9120    0.6736   -0.5601    0.9768    0.0000 
  13.9591 4291.9663   15.0445   48.3731  272.5685   58.1406  -51.6453  115.7199    4.4825    5.0808    0.0000    0.0000    0.0000    0.0000    3.9120    1.0994   -0.7148    1.0842   42.8467 
  14.0016 4291.9238   16.4708   48.2584  277.9247  105.2598  -16.6111  104.6115    4.4825    5.0808    0.0000    0.0000    0.0000    0.0000    3.9120    0.6140   -0.5542    0.8918    0.0000 
  14.0441 4291.8813   17.2674   47.3247  284.8443  113.9878  -36.3255  132.8098    4.4825    5.0808    0.0000    0.0000    0.0000    0.0000    3.9040    0.5139   -0.4585    0.7380   98.6938 
  14.0866 4291.8389   18.6519   46.7048  292.1395  134.3125  -26.0716  118.7106    4.4825    5.0808    0.0000    0.0000    0.0000    0.0000    3.9040    0.4250   -0.3640    0.7061    0.0000 
  14.1291 4291.7964   18.7812   46.4503  299.9011  125.2793  -25.7053  149.0451    4.4825    5.0808    0.0000    0.0000    0.0000    0.0000    3.9040    0.2590   -0.2715    0.6614  109.9854 
  14.1716 4291.7534   17.8134   45.9763  308.0275  116.7344  -32.1751  158.6887    4.4825    5.0808    0.0000    0.0000    0.0000    0.0000    3.9040    0.3406   -0.2349    0.7598    0.0000 
  14.2141 4291.7109   15.9089   45.1725  315.0568   81.7612  -21.5549  127.4387    4.4825    5.0808    0.0000    0.0000    0.0000    0.0000    3.9120    0.4939   -0.1885    0.8745   66.4673 
  14.2566 4291.6685   14.8422   44.3218  319.4618   61.0703   -0.4368   62.9245    4.4825    5.0808    0.0000    0.0000    0.0000    0.0000    3.9120    0.5532   -0.2617    0.8606    0.0000 
  14.2991 4291.6260   15.5336   43.2821  322.1926   38.9146    6.0940   57.3703    4.4825    5.0808    0.0000    0.0000    0.0000    0.0000    3.9120    0.7034   -0.3442    0.9841   23.6206 
  14.3416 4291.5835   14.1553   42.7122  324.5417   13.8291   23.9162   69.5773    4.4825    5.0808    0.0000    0.0000    0.0000    0.0000    3.9040    0.6082   -0.2571    1.0964    0.0000 
  14.3841 4291.5410   13.2358   42.1648  326.1309   24.6934   22.0242    5.9787    4.4825    5.0808    0.0000    0.0000    0.0000    0.0000    3.9120    0.8469   -0.4114    1.0051    9.3994 
  14.4266 4291.4985   19.5760   43.6729  325.8651  109.3491   75.7961 -103.5183    4.4825    5.0808    0.0000    0.0000    0.0000    0.0000    3.9040    0.5566   -0.4685    0.9038    0.0000 
  14.4691 4291.4561   22.8397   44.2212  327.2486   68.3945   -0.4978   76.2302    4.4825    5.0808    0.0000    0.0000    0.0000    0.0000    3.9120    0.5168   -0.2981    0.8860   53.1006 
  14.5116 4291.4136   20.2971   45.0223  332.7105   92.3814   -1.9627   64.6945    4.4825    5.0808    0.0000    0.0000    0.0000    0.0000    3.9040    0.8127   -0.2422    0.8132    0.0000 
  14.5541 4291.3711   21.2706   47.5291  336.2566  108.9829   35.2077  -15.8108    4.4825    5.0808    0.0000    0.0000    0.0000    0.0000    3.9120    0.6914   -0.1108    0.6797   93.6890 
  14.5966 4291.3286   20.3871   49.2911  339.8494   68.6997    8.5354   67.7463    4.4825    5.0808    0.0000    0.0000    0.0000    0.0000    3.9040    0.6453   -0.1401    0.6147    0.0000 
  14.6391 4291.2861   17.7208   50.7357  344.0976   62.7183   13.7844   66.4646    4.4825    5.0808    0.0000    0.0000    0.0000    0.0000    3.9120    0.7102   -0.2395    0.6335   47.4243 
  14.6816 4291.2437   16.3664   51.0272  347.5705   59.4224   17.6907   52.8537    4.4825    5.0808    0.0000    0.0000    0.0000    0.0000    3.9040    0.6008   -0.2227    0.6509    0.0000 
  14.7241 4291.2012   15.0634   50.3367  350.6399   52.2202  -10.0803   67.9294    4.4825    5.0808    0.0000    0.0000    0.0000    0.0000    3.9120    0.6758   -0.2275    0.6096   36.9263 
  14.7666 4291.1587   12.9169   52.1749  354.4387   57.0420    5.5447   47.8488    4.4825    5.0808    0.0000    0.0000    0.0000    0.0000    3.9040    0.7329   -0.2163    0.5576    0.0000 
  14.8091 4291.1162   13.8441   54.8182  357.6631   61.1924    6.5823   24.3503    4.4825    5.0808    0.0000    0.0000    0.0000    0.0000    3.9120    0.7036   -0.2048    0.5125   45.8984 
  14.8516 4291.0737   12.1638   54.3701    0.4290   51.1216   -1.0471   49.2526    4.4825    5.0808    0.0000    0.0000    0.0000    0.0000    3.9120    0.6257   -0.1772    0.6470    0.0000 
  14.8941 4291.0312   12.3148   52.2132    2.6786   36.5342  -49.4480   32.4069    4.4825    5.0808    0.0000    0.0000    0.0000    0.0000    3.9120    1.1541   -0.3630    1.0991   21.2402 
  14.9366 4290.9888   14.8946   50.1782    4.1644   49.5957   -2.8172    3.9646    4.4825    5.0808    0.0000    0.0000    0.0000    0.0000    3.9120    0.9524   -0.6008    0.9380    0.0000 
  14.9791 4290.9463   17.5095   48.5389    6.3218   65.0376  -42.8562   51.9992    4.4825    5.0808    0.0000    0.0000    0.0000    0.0000    3.9120    0.7334   -0.4341    0.7900   49.7437 
  15.0216 4290.9038   16.7590   46.8340    9.9943   76.5122  -33.8840   44.6140    4.4825    5.0808    0.0000    0.0000    0.0000    0.0000    3.9120    0.7112   -0.2051    0.6843    0.0000 
  15.0641 4290.8613   15.9378   46.9433   13.3872   75.9629  -13.4983   21.0544    4.4825    5.0808    0.0000    0.0000    0.0000    0.0000    3.9120    0.5837   -0.0627    0.5835   60.6689 
  15.1066 4290.8188   14.3222   46.7169   16.1653   42.0274  -16.6721   42.5388    4.4825    5.0808    0.0000    0.0000    0.0000    0.0000    3.9120    0.5566   -0.0701    0.5654    0.0000 
  15.1491 4290.7764   11.6131   46.5179   18.3958   22.0078  -10.8128   35.8859    4.4825    5.0808    0.0000    0.0000    0.0000    0.0000    3.9120    0.7244   -0.1128    0.6709    6.7139 
  15.1916 4290.7339   10.2200   46.1924   19.0788    3.0259   23.3669   -6.8387    4.4825    5.0808    0.0000    0.0000    0.0000    0.0000    3.9120    0.5906   -0.1704    0.6450    0.0000 
  15.2341 4290.6909   11.2972   44.8204   18.3434  -12.7212    9.6340    0.0583    4.4825    5.0808    0.0000    0.0000    0.0000    0.0000    3.9120    0.6060   -0.2305    0.7253  -28.0151 
  15.2766 4290.6484   12.1619   43.4428   17.1521  -29.0786   12.6247  -14.8343    4.4825    5.0808    0.0000    0.0000    0.0000    0.0000    3.9040    0.6965   -0.2920    0.8716    0.0000 
  15.3191 4290.6060   11.3727   41.6718   14.7568  -61.5493    0.5398  -16.2991    4.4825    5.0808    0.0000    0.0000    0.0000    0.0000    3.9120    0.7576   -0.2393    1.0759  -76.8433 
  15.3616 4290.5635   12.6833   40.7938   12.0286  -20.1675   23.9162  -94.3020    4.4825    5.0808    0.0000    0.0000    0.0000    0.0000    3.9120    0.8806   -0.5244    1.0295    0.0000 
  15.4041 4290.5210   17.4289   40.1004    7.8116   17.5523   24.8928 -103.7015    4.4825    5.0808    0.0000    0.0000    0.0000    0.0000    3.9120    0.5701   -0.2559    0.8940    2.2583 
  15.4466 4290.4785   15.5931   39.0493    6.8859  -32.4355  -23.5691   66.8308    4.4825    5.0808    0.0000    0.0000    0.0000    0.0000    3.9120    0.7346   -0.0371    0.8962    0.0000 
  15.4891 4290.4360   11.8542   39.9772    7.3109  -22.3037   21.3528  -54.5071    4.4825    5.0808    0.0000    0.0000    0.0000    0.0000    3.9120    0.7520   -0.0518    0.6580  -37.5977 
  15.5316 4290.3936   12.2923   42.5234    3.3223  -27.9800   51.0159 -112.6736    4.4825    5.0808    0.0000    0.0000    0.0000    0.0000    3.9120    0.4553   -0.0674    0.4875    0.0000 
  15.5741 4290.3511   11.8770   44.8201    0.7208  -54.1640   16.3479  -16.7264    4.4825    5.0808    0.0000    0.0000    0.0000    0.0000    3.9120    0.5859   -0.2283    0.4768  -69.4580 
  15.6166 4290.3086   12.5362   46.8470  358.8188  -41.4687   23.1838  -41.1404    4.4825    5.0808    0.0000    0.0000    0.0000    0.0000    3.9040    0.6562   -0.2698    0.5100    0.0000 
  15.6591 4290.2661   14.6756   48.4527  356.4336  -22.6699    9.2678  -52.3709    4.4825    5.0808    0.0000    0.0000    0.0000    0.0000    3.9120    0.6523   -0.3303    0.4321  -37.9639 
  15.7016 4290.2236   16.1881   49.6757  355.6880   -7.1059  -12.8269    8.6032    4.4825    5.0808    0.0000    0.0000    0.0000    0.0000    3.9040    0.7939   -0.4309    0.4758    0.0000 
  15.7441 4290.1812   17.7099   50.5357  356.2311    6.8711  -21.3108  -20.6326    4.4825    5.0808    0.0000    0.0000    0.0000    0.0000    3.9040    0.8962   -0.4548    0.6501   -8.4229 
  15.7866 4290.1387   19.8874   50.0302  356.7084    8.5801  -47.5559   32.2238    4.4825    5.0808    0.0000    0.0000    0.0000    0.0000    3.9120    1.0852   -0.5859    0.8750    0.0000 
  15.8291 4290.0962   20.8687   49.9720  358.7454   24.6934  -30.8323   31.9187    4.4825    5.0808    0.0000    0.0000    0.0000    0.0000    3.9120    1.0193   -0.6824    0.7888    9.3994 
  15.8716 4290.0537   23.5220   49.8315    0.9865   50.8775  -29.1233   33.3225    4.4825    5.0808    0.0000    0.0000    0.0000    0.0000    3.9120    0.8164   -0.6516    0.7710    0.0000 
  15.9141 4290.0112   23.1062   48.2728    4.2627   48.1309  -48.6546   93.8693    4.4825    5.0808    0.0000    0.0000    0.0000    0.0000    3.9120    0.8611   -0.4827    0.7874   32.8369 
  15.9566 4289.9688   19.9283   48.8528    8.6304   61.0093  -14.6580   57.1262    4.4825    5.0808    0.0000    0.0000    0.0000    0.0000    3.9120    0.7209   -0.3538    0.6543    0.0000 
  15.9991 4289.9263   19.6434   47.8829   11.6668   61.0093   -9.5310   49.4968    4.4825    5.0808    0.0000    0.0000    0.0000    0.0000    3.9120    0.4888   -0.2480    0.5525   45.7153 
  16.0416 4289.8838   18.4317   46.7314   14.5888   42.5156  -18.3811   70.4318    4.4825    5.0808    0.0000    0.0000    0.0000    0.0000    3.9120    0.5833   -0.2002    0.6477    0.0000 
  16.0841 4289.8413   16.8173   46.0381   17.4058   30.6748   12.9299   54.3796    4.4825    5.0808    0.0000    0.0000    0.0000    0.0000    3.9040    0.4790   -0.2773    0.6194   15.3809 
  16.1266 4289.7988   17.3569   44.6649   18.7381   29.0879   -3.7327    6.7722    4.4825    5.0808    0.0000    0.0000    0.0000    0.0000    3.9120    0.3860   -0.2480    0.6255    0.0000 
  16.1691 4289.7563   17.6210   42.0468   18.6585    0.2793  -26.7429   20.7492    4.4825    5.0808    0.0000    0.0000    0.0000    0.0000    3.9120    0.6443   -0.3364    0.8218  -15.0146 
  16.2116 4289.7139   17.9716   39.6791   18.3215   12.4863    8.8406  -31.6800    4.4825    5.0808    0.0000    0.0000    0.0000    0.0000    3.9120    0.5400   -0.3430    0.8276    0.0000 
  16.2541 4289.6714   20.4129   37.4716   16.6125   -6.0683  -43.0393  -28.3230    4.4825    5.0808    0.0000    0.0000    0.0000    0.0000    3.9120    0.8574   -0.6060    1.0244  -21.3623 
  16.2966 4289.6284   22.5905   38.2984   16.3192   45.2012   19.1555  -62.9910    4.4825    5.0808    0.0000    0.0000    0.0000    0.0000    3.9040    0.6958   -0.4495    0.8230    0.0000 
  16.3391 4289.5859   22.3073   37.7118   15.9370    1.0728  -32.4192   29.7824    4.4825    5.0808    0.0000    0.0000    0.0000    0.0000    3.9120    0.5845   -0.3655    0.7971  -14.2212 
  16.3816 4289.5435   20.1042   38.4099   18.7874   21.7027  -42.4290   22.0920    4.4825    5.0808    0.0000    0.0000    0.0000    0.0000    3.9040    0.7717   -0.4038    0.8257    0.0000 
  16.4241 4289.5010   21.2838   39.0644   19.6178   44.9570  -28.8792  -53.7747    4.4825    5.0808    0.0000    0.0000    0.0000    0.0000    3.9120    0.7505   -0.2258    0.6853   29.6631 
  16.4666 4289.4585   21.1631   40.0007   20.2864    9.4956  -16.9773   12.7536    4.4825    5.0808    0.0000    0.0000    0.0000    0.0000    3.9040    0.5168   -0.2236    0.4917    0.0000 
  16.5091 4289.4160   20.2183   41.4447   22.8295   19.6275  -42.0017   41.4401    4.4825    5.0808    0.0000    0.0000    0.0000    0.0000    3.9120    0.6558   -0.3362    0.5691    4.3335 
  16.5516 4289.3735   20.1218   42.9201   25.4424   27.2569  -16.1839   35.7028    4.4825    5.0808    0.0000    0.0000    0.0000    0.0000    3.9120    0.6553   -0.3533    0.6165    0.0000 
  16.5941 4289.3311   21.1216   43.3509   28.2340   26.2803  -52.8049   82.5168    4.4825    5.0808    0.0000    0.0000    0.0000    0.0000    3.9120    0.6553   -0.5203    0.6506   10.9863 
  16.6366 4289.2886   20.9733   44.1110   33.3383   51.6099  -46.1521   94.1745    4.4825    5.0808    0.0000    0.0000    0.0000    0.0000    3.9120    0.8513   -0.4602    0.8496    0.0000 
  16.6791 4289.2461   19.9716   43.7865   36.8770   29.1489  -26.3767   76.5354    4.4825    5.0808    0.0000    0.0000    0.0000    0.0000    3.9120    0.6814   -0.4216    0.7617   13.8550 
  16.7216 4289.2036   19.6141   42.2238   40.8371   29.1489  -51.5842  124.3259    4.4825    5.0808    0.0000    0.0000    0.0000    0.0000    3.9120    0.6060   -0.5449    0.8411    0.0000 
  16.7641 4289.1611   20.2604   40.3670   44.7094   41.7222  -42.8562   51.2058    4.4825    5.0808    0.0000    0.0000    0.0000    0.0000    3.9120    0.6792   -0.5349    0.8618   26.4282 
  16.8066 4289.1187   22.0995   38.6336   47.2840   34.7031  -45.2976   89.6579    4.4825    5.0808    0.0000    0.0000    0.0000    0.0000    3.9120    0.4338   -0.4500    0.7300    0.0000 
  16.8491 4289.0762   22.0109   35.9830   51.4997   41.0508  -67.3313   97.7145    4.4825    5.0808    0.0000    0.0000    0.0000    0.0000    3.9040    0.4177   -0.4553    0.8105   25.7568 
  16.8916 4289.0337   22.0894   34.4671   55.3637   24.3882  -80.3928   69.6994    4.4825    5.0808    0.0000    0.0000    0.0000    0.0000    3.9120    0.6260   -0.4502    0.8494    0.0000 
  16.9341 4288.9912   20.4166   33.0413   58.6580   43.1260  -42.9783   62.1311    4.4825    5.0808    0.0000    0.0000    0.0000    0.0000    3.9120    0.4358   -0.2341    0.7722   27.8320 
  16.9766 4288.9487   17.5848   31.0526   62.3207   15.5991  -58.5423  102.7194    4.4825    5.0808    0.0000    0.0000    0.0000    0.0000    3.9120    0.4148   -0.2239    0.7773    0.0000 
  17.0191 4288.9062   14.3561   30.2801   66.2970   -6.0073  -49.9973   95.0900    4.4825    5.0808    0.0000    0.0000    0.0000    0.0000    3.9120    0.4856   -0.2876    0.7966  -21.3013 
  17.0616 4288.8638   16.1145   28.5080   68.3905   31.4683  -27.7805   22.8854    4.4825    5.0808    0.0000    0.0000    0.0000    0.0000    3.9120    0.3335   -0.2410    0.7451    0.0000 
  17.1041 4288.8213   14.7059   25.2494   69.7203  -21.8154  -59.7019   60.9714    4.4825    5.0808    0.0000    0.0000    0.0000    0.0000    3.9040    0.3401   -0.1953    0.8965  -37.1094 
  17.1466 4288.7788   12.6798   24.4386   72.0087   14.1953  -37.6682   43.2102    4.4825    5.0808    0.0000    0.0000    0.0000    0.0000    3.9120    0.5093   -0.3398    0.9861    0.0000 
  17.1891 4288.7363   14.9395   23.2204   73.2085   28.4776  -10.2024    9.6408    4.4825    5.0808    0.0000    0.0000    0.0000    0.0000    3.9120    0.0979   -0.3274    0.9861   13.1836 
  17.2316 4288.6938   15.8588   19.5496   73.1731   14.3784  -44.3821    9.1525    4.4825    5.0808    0.0000    0.0000    0.0000    0.0000    3.9120    0.0754   -0.3093    1.0366    0.0000 
  17.2741 4288.6514   17.0098   15.4720   72.6584   19.8716  -47.4339   -5.9842    4.4825    5.0808    0.0000    0.0000    0.0000    0.0000    3.9120    0.1160   -0.3389    1.1042    4.5776 
  17.3166 4288.6089   16.0353   11.4526   72.1552   -1.2466  -50.8518   11.1667    4.4825    5.0808    0.0000    0.0000    0.0000    0.0000    3.9120    0.0491   -0.1260    1.1313    0.0000 
  17.3591 4288.5659   13.3241    7.6926   73.1733  -27.3086  -56.6502   71.4084    4.4825    5.0808    0.0000    0.0000    0.0000    0.0000    3.9120    0.0200   -0.2261    1.1431  -42.6025 
  17.4016 4288.5234   12.9567    3.9357   75.8772    2.2324  -49.2039   25.8151    4.4825    5.0808    0.0000    0.0000    0.0000    0.0000    3.9120    0.0522   -0.2380    1.1970    0.0000 
  17.4441 4288.4810   10.2814    3.1185   76.6302  -36.7080  -50.9129   33.0173    4.4825    5.0808    0.0000    0.0000    0.0000    0.0000    3.9120    0.1128   -0.1904    1.2322  -52.0020 
  17.4866 4288.4385    8.7185    3.8896   78.8215   11.0215  -21.9212   14.5236    4.4825    5.0808    0.0000    0.0000    0.0000    0.0000    3.9120    0.0906   -0.1133    1.2451    0.0000 
  17.5291 4288.3960    7.9828    2.0740   78.0133  -14.9184  -22.1653   -8.6087    4.4825    5.0808    0.0000    0.0000    0.0000    0.0000    3.9120   -0.0095   -0.1975    1.1116  -30.2124 
  17.5716 4288.3535    8.5472    1.4839   78.3441   -9.7305  -39.8045   -7.5101    4.4825    5.0808    0.0000    0.0000    0.0000    0.0000    3.9120    0.0837   -0.1235    1.1162    0.0000 
  17.6141 4288.3110    5.3963    1.8721   77.6518  -73.3901  -26.6819  -13.0032    4.4825    5.0808    0.0000    0.0000    0.0000    0.0000    3.9120    0.0581   -0.0991    1.1306  -88.6841 
  17.6566 4288.2686    2.3204   -4.7012   77.4430  -20.3506 -234.5066  -13.3084    4.4825    5.0808    0.0000    0.0000    0.0000    0.0000    3.9120    0.0259   -0.2942    1.1746    0.0000 
  17.6991 4288.2261    0.1730   -7.4667   77.5529    6.3828    8.1081   49.3747    4.4825    5.0808    0.0000    0.0000    0.0000    0.0000    3.9120    0.1682   -0.2029    1.0085   -8.9111 
  17.7416 4288.1836    1.3890   -5.6838   80.1738  -19.1909   28.7380   37.6560    4.4825    5.0808    0.0000    0.0000    0.0000    0.0000    3.9120    0.0762   -0.0679    1.0261    0.0000 
  17.7841 4288.1411   -0.0061   -5.1763   81.3840    2.2935  -16.6721   19.7727    4.4825    5.0808    0.0000    0.0000    0.0000    0.0000    3.9120   -0.0413   -0.0298    1.0776  -13.0005 
  17.8266 4288.0986   -0.5014   -2.1236   81.4875   -0.1479   47.6589   -1.2234    4.4825    5.0808    0.0000    0.0000    0.0000    0.0000    3.9120    0.0359    0.0027    1.1255    0.0000 
  17.8691 4288.0562   -0.7270   -0.8339   81.5153    0.8897  -20.2122    0.6076    4.4825    5.0808    0.0000    0.0000    0.0000    0.0000    3.9120   -0.0564   -0.0303    1.0957  -14.4043 
  17.9116 4288.0137   -0.6539    0.2091   81.5122    0.8897   12.6247   -0.3689    4.4825    5.0808    0.0000    0.0000    0.0000    0.0000    3.9120    0.0425   -0.0037    1.0818    0.0000 
  17.9541 4287.9712   -0.3662   -0.3573   81.5231   -0.3921    4.6902    0.3635    4.4825    5.0808    0.0000    0.0000    0.0000    0.0000    3.9120   -0.0166   -0.0127    1.0818  -15.6860 
  17.9966 4287.9287   -0.4821    0.1379   81.5187   -0.3921   -2.3289    0.1193    4.4825    5.0808    0.0000    0.0000    0.0000    0.0000    3.9120   -0.0242    0.0007    1.0786    0.0000 
  18.0391 4287.8862   -0.3172    0.2624   81.5162   -0.0259   -1.4133   -0.3079    4.4825    5.0808    0.0000    0.0000    0.0000    0.0000    3.9120   -0.0129   -0.0039    1.0852  -15.3198 
  18.0816 4287.8438   -0.5593    0.3190   81.5228   -0.7583   -0.5589    0.4855    4.4825    5.0808    0.0000    0.0000    0.0000    0.0000    3.9120   -0.0103    0.0005    1.0898    0.0000 
  18.1241 4287.8013   -0.3997    0.9090   81.5252   -0.2090   -0.0706   -0.0027    4.4825    5.0808    0.0000    0.0000    0.0000    0.0000    3.9120    0.0012   -0.0017    1.0798  -15.5029 
  18.1666 4287.7588   -0.3694    0.5346   81.5259   -1.1855    0.1125    0.3024    4.4825    5.0808    0.0000    0.0000    0.0000    0.0000    3.9120   -0.0027   -0.0022    1.0874    0.0000 
  18.2091 4287.7163   -0.3224    0.4362   81.5332   -0.2700   -0.0095   -0.3079    4.4825    5.0808    0.0000    0.0000    0.0000    0.0000    3.9120   -0.0007   -0.0103    1.0916  -15.5640 
  18.2516 4287.6738   -0.5309    0.3014   81.5296   -0.6972    0.0515   -0.3689    4.4825    5.0808    0.0000    0.0000    0.0000    0.0000    3.9120   -0.0188    0.0020    1.0881    0.0000 
  18.2941 4287.6313   -0.4286    0.7464   81.5279    0.0352    0.2346   -0.0027    4.4825    5.0808    0.0000    0.0000    0.0000    0.0000    3.9120   -0.0032   -0.0032    1.0864  -15.2588 
  18.3366 4287.5889   -0.4711    0.2699   81.5252   -0.4531    0.0515    0.1193    4.4825    5.0808    0.0000    0.0000    0.0000    0.0000    3.9120   -0.0073   -0.0046    1.0808    0.0000 
  18.3791 4287.5464   -0.2902    0.8337   81.5254   -0.3310   -0.1316   -0.0638    4.4825    5.0808    0.0000    0.0000    0.0000    0.0000    3.9120   -0.0022   -0.0022    1.0940  -15.6250 
  18.4216 4287.5034   -0.5620    0.7334   81.5281   -0.3310    0.1125   -0.0027    4.4825    5.0808    0.0000    0.0000    0.0000    0.0000    3.9120   -0.0056   -0.0007    1.0818    0.0000 
  18.4641 4287.4609   -0.4128    0.6173   81.5302    0.2793   -0.0706   -0.3689    4.4825    5.0808    0.0000    0.0000    0.0000    0.0000    3.9120   -0.0049    0.0085    1.0835  -15.0146 
  18.5066 4287.4185   -0.3665    0.5065   81.5337   -0.0259   -0.0095    0.1193    4.4825    5.0808    0.0000    0.0000    0.0000    0.0000    3.9120   -0.0007    0.0081    1.0864    0.0000 
  18.5491 4287.3760   -0.7295    0.2756   81.5350   -0.3310    0.0515   -0.0638    4.4825    5.0808    0.0000    0.0000    0.0000    0.0000    3.9040   -0.0159    0.0042    1.0911  -15.6250 
  18.5916 4287.3335   -0.3683    0.4104   81.5371   -0.8804   -0.4978    0.6687    4.4825    5.0808    0.0000    0.0000    0.0000    0.0000    3.9120   -0.0085   -0.0024    1.0728    0.0000 
  18.6341 4287.2910   -0.3407    0.7258   81.5412    0.4014    0.2346   -0.0638    4.4825    5.0808    0.0000    0.0000    0.0000    0.0000    3.9120   -0.0037   -0.0024    1.0852  -14.8926 
  18.6766 4287.2485   -0.5075    0.8683   81.5442   -0.5752    0.0515   -0.1248    4.4825    5.0808    0.0000    0.0000    0.0000    0.0000    3.9120   -0.0010    0.0020    1.0781    0.0000 
  18.7191 4287.2061   -0.8712    0.1951   81.5563   -0.9414    0.0515    0.7297    4.4825    5.0808    0.0000    0.0000    0.0000    0.0000    3.9120   -0.0122    0.0051    1.0862  -16.2354 
  18.7616 4287.1636   -0.3033    0.1140   81.5583    0.1572   -0.0095   -0.5520    4.4825    5.0808    0.0000    0.0000    0.0000    0.0000    3.9040   -0.0125   -0.0032    1.0803    0.0000 
  18.8041 4287.1211   -0.4313    0.3790   81.5629   -0.5141   -0.1316    0.4245    4.4825    5.0808    0.0000    0.0000    0.0000    0.0000    3.9120   -0.0027   -0.0032    1.0925  -15.8081 
  18.8466 4287.0786   -0.3535    0.5480   81.5662    0.1572   -0.1926   -0.0027    4.4825    5.0808    0.0000    0.0000    0.0000    0.0000    3.9040   -0.0146   -0.0005    1.0903    0.0000 
  18.8891 4287.0361   -0.5107    0.6976   81.5650   -0.6972   -0.1316   -0.2469    4.4825    5.0808    0.0000    0.0000    0.0000    0.0000    3.9120   -0.0039    0.0005    1.0898  -15.9912 
  18.9316 4286.9937   -0.3736    0.5857   81.5633    0.0352    0.0515   -0.0638    4.4825    5.0808    0.0000    0.0000    0.0000    0.0000    3.9040    0.0024   -0.0037    1.0845    0.0000 
  18.9741 4286.9512   -0.3401    0.3769   81.5693   -0.5141   -0.1316   -0.0027    4.4825    5.0808    0.0000    0.0000    0.0000    0.0000    3.9120   -0.0100   -0.0034    1.0813  -15.8081 
  19.0166 4286.9087   -0.4871    0.6064   81.5682    0.5235   -0.0706   -0.1248    4.4825    5.0808    0.0000    0.0000    0.0000    0.0000    3.9040   -0.0112   -0.0049    1.0894  -14.7705 
  19.0591 4286.8662   -0.3179    0.8136   81.5584   -0.2700    0.3567   -0.4910    4.4825    5.0808    0.0000    0.0000    0.0000    0.0000    3.9120   -0.0022   -0.0032    1.0933  -15.5640 
  19.1016 4286.8237   -0.4002    0.5542   81.5534    0.0352   -0.0706    0.5466    4.4825    5.0808    0.0000    0.0000    0.0000    0.0000    3.9120   -0.0081   -0.0022    1.0879    0.0000 
  19.1441 4286.7812   -0.3845    0.6829   81.5596   -0.4531   -0.1316   -0.0638    4.4825    5.0808    0.0000    0.0000    0.0000    0.0000    3.9120   -0.0056   -0.0027    1.0811  -15.7471 
  19.1866 4286.7388   -0.4519    0.6719   81.5655   -0.0259    0.1125   -0.1248    4.4825    5.0808    0.0000    0.0000    0.0000    0.0000    3.9120   -0.0037   -0.0005    1.0842    0.0000 
  19.2291 4286.6963   -0.3277    0.6694   81.5633   -0.6362   -0.0095    0.1193    4.4825    5.0808    0.0000    0.0000    0.0000    0.0000    3.9120    0.0020   -0.0049    1.0781  -15.9302 
  19.2716 4286.6538   -0.3465    0.5072   81.5629   -0.0869    0.1125   -0.0638    4.4825    5.0808    0.0000    0.0000    0.0000    0.0000    3.9120   -0.0090   -0.0024    1.0842    0.0000 
  19.3141 4286.6113   -0.5261    0.6637   81.5619    0.0352    0.4787   -0.4910    4.4825    5.0808    0.0000    0.0000    0.0000    0.0000    3.9040   -0.0076   -0.0044    1.0796  -15.2588 
  19.3566 4286.5688   -0.3185    0.3035   81.5592   -0.4531   -0.0095    0.3635    4.4825    5.0808    0.0000    0.0000    0.0000    0.0000    3.9120   -0.0103   -0.0029    1.0874    0.0000 
  19.3991 4286.5264   -0.1699    0.5482   81.5593    0.0352   -0.2537   -0.3079    4.4825    5.0808    0.0000    0.0000    0.0000    0.0000    3.9120   -0.0063   -0.0046    1.0776  -15.2588 
  19.4416 4286.4839   -0.5896    0.6025   81.5636   -0.7583   -0.0706    0.2414    4.4825    5.0808    0.0000    0.0000    0.0000    0.0000    3.9120   -0.0051    0.0017    1.0791    0.0000 
  19.4841 4286.4409   -0.6056    0.7318   81.5612    0.2793    0.3567   -0.2469    4.4825    5.0808    0.0000    0.0000    0.0000    0.0000    3.9120    0.0007    0.0012    1.0784  -15.0146 
  19.5266 4286.3984   -0.7552    0.5013   81.5514    0.2183   -0.1316   -0.4300    4.4825    5.0808    0.0000    0.0000    0.0000    0.0000    3.9120   -0.0110    0.0061    1.0830    0.0000 
  19.5691 4286.3560   -0.1183    0.5261   81.5486   -0.5141    0.0515    0.1193    4.4825    5.0808    0.0000    0.0000    0.0000    0.0000    3.9120   -0.0105   -0.0012    1.0872  -15.8081 
  19.6116 4286.3135   -0.1141    0.5833   81.5562   -0.7583    0.0515    0.1804    4.4825    5.0808    0.0000    0.0000    0.0000    0.0000    3.9120   -0.0056   -0.0071    1.0850    0.0000 
  19.6541 4286.2710   -0.2130    0.3841   81.5468   -0.4531    0.1125    0.0583    4.4825    5.0808    0.0000    0.0000    0.0000    0.0000    3.9120   -0.0117   -0.0049    1.0872  -15.7471 
  19.6966 4286.2285   -0.4355    0.4210   81.5534   -0.6362   -0.0095    0.3024    4.4825    5.0808    0.0000    0.0000    0.0000    0.0000    3.9120   -0.0151    0.0051    1.0911  -15.9302 
  19.7391 4286.1860   -0.3155    0.9867   81.5592    0.2183   -0.1926   -0.1858    4.4825    5.0808    0.0000    0.0000    0.0000    0.0000    3.9120    0.0022   -0.0034    1.0840  -15.0757 
  19.7816 4286.1436   -0.4486    0.8746   81.5550   -0.3310   -0.0095   -0.0027    4.4825    5.0808    0.0000    0.0000    0.0000    0.0000    3.9120   -0.0022   -0.0015    1.0891    0.0000 
  19.8241 4286.1011   -0.2748    0.3356   81.5468   -0.3921   -0.0095   -0.0027    4.4825    5.0808    0.0000    0.0000    0.0000    0.0000    3.9120   -0.0139   -0.0015    1.0825  -15.6860 
  19.8666 4286.0586   -0.5461    0.6098   81.5468   -0.0869    0.1125    0.4245    4.4825    5.0808    0.0000    0.0000    0.0000    0.0000    3.9120   -0.0071   -0.0017    1.0852    0.0000 
  19.9091 4286.0161   -0.2395    0.7411   81.5577    0.0962    0.0515    0.2414    4.4825    5.0808    0.0000    0.0000    0.0000    0.0000    3.9120   -0.0088   -0.0051    1.0859  -15.1978 
  19.9516 4285.9736   -0.1453    0.5853   81.5647    0.2183    0.1736    0.0583    4.4825    5.0808    0.0000    0.0000    0.0000    0.0000    3.9040   -0.0056   -0.0063    1.0857    0.0000 
  19.9941 4285.9312   -0.6900    0.5681   81.5557   -0.0869   -0.2537   -0.4300    4.4825    5.0808    0.0000    0.0000    0.0000    0.0000    3.9120   -0.0083    0.0032    1.0889  -15.3809 
  20.0366 4285.8887   -0.5661    0.7534   81.5574    0.2183   -0.2537   -0.1248    4.4825    5.0808    0.0000    0.0000    0.0000    0.0000    3.9040    0.0010    0.0020    1.0793    0.0000 
  20.0791 4285.8462   -0.6461    0.2661   81.5644   -0.0259   -0.0095    0.1804    4.4825    5.0808    0.0000    0.0000    0.0000    0.0000    3.9120   -0.0110    0.0029    1.0874  -15.3198 
  20.1216 4285.8037   -0.7662    0.6594   81.5613   -0.8193   -0.0706    0.1804    4.4825    5.0808    0.0000    0.0000    0.0000    0.0000    3.9120   -0.0032    0.0037    1