   0.0016 4291.0156   -0.0098   -0.1428  179.9988    0.6667   -0.0192   -0.4979    0.0000    0.0000    0.0000    0.0000    0.0000    0.0000    3.8880   -0.0273    0.0022    1.0830  -13.9160 
   0.0441 4290.9731   -0.1740   -1.7346  179.9913    0.5447    0.1639   -0.3758    0.0000    0.0000    0.0000    0.0000    0.0000    0.0000    3.8960   -0.0359    0.0044    1.0779  -14.0381 
   0.0866 4290.9307   -0.1183   -1.7057  179.9755    1.0330    0.5301   -0.0706    0.0000    0.0000    0.0000    0.0000    0.0000    0.0000    3.8880   -0.0305    0.0010    1.0859  -13.5498 
   0.1291 4290.8882   -0.2383   -1.4147  179.9725   -0.0046   -0.0192   -0.0706    0.0000    0.0000    0.0000    0.0000    0.0000    0.0000    3.8960   -0.0276    0.0051    1.0779  -14.5874 
   0.1716 4290.8457    0.1676   -1.3149  179.9678   -0.0046   -0.1413   -0.0706    0.0000    0.0000    0.0000    0.0000    0.0000    0.0000    3.8880   -0.0295   -0.0029    1.0886  -14.5874 
   0.2141 4290.8032   -0.1575   -1.2419  179.9620    0.5447   -0.2634   -0.4979    0.0000    0.0000    0.0000    0.0000    0.0000    0.0000    3.8960   -0.0234    0.0029    1.0823  -14.0381 
   0.2566 4290.7607   -0.4455   -1.2551  179.9556    0.5447   -0.2023    0.1735    0.0000    0.0000    0.0000    0.0000    0.0000    0.0000    3.8960   -0.0168    0.0117    1.0789    0.0000 
   0.2991 4290.7183   -0.1768   -1.4455  179.9583   -0.5540   -0.0192    0.1735    0.0000    0.0000    0.0000    0.0000    0.0000    0.0000    3.8880   -0.0254    0.0093    1.0784  -15.1367 
   0.3416 4290.6758   -0.2478   -1.3323  179.9620   -0.1267   -0.1413   -0.1927    0.0000    0.0000    0.0000    0.0000    0.0000    0.0000    3.8960   -0.0303    0.0068    1.0891  -14.7095 
   0.3841 4290.6333   -0.1336   -1.0563  179.9644    0.4226    0.2249    0.1125    0.0000    0.0000    0.0000    0.0000    0.0000    0.0000    3.8880   -0.0186    0.0056    1.0823  -14.1602 
   0.4266 4290.5908    0.0066   -1.4428  179.9720    0.5447    0.1028   -0.0706    0.0000    0.0000    0.0000    0.0000    0.0000    0.0000    3.8960   -0.0271   -0.0010    1.0808    0.0000 
   0.4691 4290.5483   -0.4318   -0.6900  179.9702   -0.4319    0.4691    0.1735    0.0000    0.0000    0.0000    0.0000    0.0000    0.0000    3.8880   -0.0149    0.0063    1.0823  -15.0146 
   0.5116 4290.5054   -0.2406   -1.4956  179.9762    0.9109    0.2249   -0.2537    0.0000    0.0000    0.0000    0.0000    0.0000    0.0000    3.8960   -0.0254    0.0029    1.0803  -13.6719 
   0.5541 4290.4629   -0.2453   -1.2183  179.9676   -0.2488   -0.2634   -0.0096    0.0000    0.0000    0.0000    0.0000    0.0000    0.0000    3.8960   -0.0229    0.0032    1.0796  -14.8315 
   0.5966 4290.4204   -0.3161   -1.6461  179.9654   -0.3098    0.1639    0.2345    0.0000    0.0000    0.0000    0.0000    0.0000    0.0000    3.8960   -0.0312    0.0105    1.0820  -14.8926 
   0.6391 4290.3779   -0.1564   -1.2017  179.9670    0.1174    0.1028   -0.1927    0.0000    0.0000    0.0000    0.0000    0.0000    0.0000    3.8960   -0.0217   -0.0005    1.0806  -14.4653 
   0.6816 4290.3354   -0.3604   -1.5095  179.9674    0.3005   -0.0192   -0.0096    0.0000    0.0000    0.0000    0.0000    0.0000    0.0000    3.8960   -0.0322    0.0078    1.0859  -14.2822 
   0.7241 4290.2930    0.0925   -1.2796  179.9678    1.4602    0.1639   -0.2537    0.0000    0.0000    0.0000    0.0000    0.0000    0.0000    3.8960   -0.0225   -0.0042    1.0791  -13.1226 
   0.7666 4290.2505   -0.0676   -1.3195  179.9695    0.9109    0.1028   -0.0706    0.0000    0.0000    0.0000    0.0000    0.0000    0.0000    3.8960   -0.0259    0.0027    1.0884  -13.6719 
   0.8516    0.0009    0.0000    0.0000  183.0402   -0.3098   -0.1413   -0.1927    0.0000    0.0000    0.0000    0.0000    0.0000    0.0000    3.8960   -0.0247    0.0037    1.0806  -14.8926 
   0.8941    0.0009    0.0000    0.0000  183.0344    0.1785   -0.0192   -0.0706    0.0000    0.0000    0.0000    0.0000    0.0000    0.0315    3.8960   -0.0242    0.0010    1.0728  -14.4043 
   0.9366    0.0013    0.0000    0.0000  183.0362   -0.0657    0.1028    0.2956    0.7815    1.3003    0.0000    0.0000    0.0000    0.0315    3.8880   -0.0266    0.0010    1.0813  -14.6484 
   0.9791    0.0009    0.0000    0.0000  183.0468    0.0564    0.5301   -0.0706    0.7815    1.3003    0.0000    0.0000    0.0000    0.0000    3.8960   -0.0173    0.0154    1.0803  -14.5264 
   1.0216    0.0009    0.0000    0.0000  183.0451   -1.2254   -0.2634    0.3566    0.7815    1.3003    0.0000    0.0000    0.0000    0.0000    3.8880   -0.0381    0.0061    1.0842  -15.8081 
   1.0641    0.0009    0.0000    0.0000  183.0428   -0.6760    0.0418    0.1735    0.7815    1.3003    0.0000    0.0000    0.0000    0.0000    3.8960   -0.0164    0.0029    1.0771  -15.2588 
   1.1066    0.0013    0.0000    0.0000  183.0327    0.3616   -0.1413   -0.3148    0.7815    1.3003    0.0000    0.0000    0.0000    0.0000    3.8880   -0.0195    0.0024    1.0854  -14.2212 
   1.1491    0.0009    0.0000    0.0000  183.0317    0.6667    0.4691    0.2345    0.7815    1.3003    0.0000    0.0000    0.0000    0.0000    3.8960   -0.0325   -0.0044    1.0859  -13.9160 
   1.1916    0.0009    0.0000    0.0000  183.0397   -0.1267   -0.0803    0.1125    0.7815    1.3003    0.0000    0.0000    0.0000    0.0000    3.8960   -0.0266    0.0010    1.0886  -14.7095 
   1.2341    0.0009    0.0000    0.0000  183.0443    0.2395    0.0418    0.1735    0.7815    1.3003    0.0000    0.0000    0.0000    0.0000    3.8960   -0.0383    0.0107    1.0813  -14.3433 
   1.2766    0.0013    0.0000    0.0000  183.0412   -0.1267    0.3470   -0.3148    0.7815    1.3003    0.0000    0.0000    0.0000    0.0127    3.8960   -0.0159    0.0029    1.0815  -14.7095 
   1.3191    0.0010    0.1151   -0.0568  183.0418   -0.6150   -0.2634    0.0514    1.0316    0.1648    0.0000    0.0000    0.0000    0.1637    3.8240   -0.0283    0.0002    1.0754   -0.0009 
   1.3616    0.0010    0.0880   -0.1109  183.0374   -0.7981   -1.5451   -2.2679    2.2195    2.0885    0.0000    0.0000    1.4090    0.3199    3.6880   -0.0249    0.0137    1.0840    0.0642 
   1.4041    0.0010    0.2635   -0.3985  183.0337    2.9250    0.8963   -0.0706    2.1849    0.8513    0.0000    0.0000    1.4090    0.3281    3.7200   -0.0215   -0.0151    1.0117    0.0258 
   1.4466    0.0014   -0.8135    0.3874  183.0915   -3.3005    0.8963    2.1877    1.9058    0.3599    0.0000   -0.0000    1.1272    0.3281    3.7360    0.1501   -0.1904    1.0815   -0.0185 
   1.4891    0.0010   -0.9989   -0.0775  183.2755    1.0940   -5.5734    0.9059    0.9959    0.1626    0.0000    0.0000    1.4090    0.3281    3.7360   -0.2932    0.2800    0.8882    0.0088 
   1.5316    0.0010   -0.9335    0.8042  183.0175   -5.6199    0.8353   -6.1742    1.4032    0.9500    0.0000    0.0000    1.6908    0.3240    3.7440    0.1509    0.5488    1.0645    0.1373 
   1.5741    0.0011    0.4569    0.6273  182.8163  -22.1604  -35.3586  -10.4466    1.2721    1.5769    0.0000    0.0000    1.6908    0.3363    3.7200    0.4431   -0.3953    0.3345    0.2118 
   1.6166    0.0014    1.9999    1.5880  182.7720   15.6204   33.0008    2.5539    0.7477    1.1141   -0.0000   -0.0000    1.9726    0.3561    3.7280    0.1907   -0.1863    0.5894   -0.0101 
   1.6591    0.0010    3.9025    2.9858  182.7059  -14.8972   -3.5593   -2.2679    1.4589    1.4762   -0.0000   -0.0000    1.9726    0.3970    3.6960    0.0522   -0.2546    0.4597    0.0740 
   1.7016    0.0010    4.3734    1.8272  182.7529    4.8171   -1.7282   -3.4276    1.5871    0.3214   -0.0000   -0.0000    1.9726    0.4110    3.6880   -0.6399    0.4375    1.4426    0.0943 
   1.7441    0.0010    3.4476    2.2638  182.6121    7.9910  -15.4611    4.7511    1.2577    0.6672   -0.0000   -0.0000    1.9726    0.4343    3.6640   -0.6587   -0.2556    1.1008   -0.0485 
   1.7866    0.0014    4.2579    1.7082  182.8766  -30.8884    2.1780    3.0422    1.6061    1.4438   -0.0000   -0.0000    2.2544    0.4624    3.6480    0.2307   -0.1692    0.8838   -0.0137 
   1.8291    0.0010    3.5253    1.0703  182.9270   -5.3147   -5.0241    0.1125    2.0798    2.1083   -0.0000    0.0000    2.5362    0.5144    3.6000   -0.3933   -0.0251    0.5977    0.0423 
   1.8716    0.0010    3.5425    0.4676  182.9924    4.3899   28.0569    2.0046    1.4371    1.7308   -0.0000    0.0000    2.5362    0.5169    3.6000   -0.0884   -0.3276    0.5955    0.0093 
   1.9141    0.0010    2.5869    0.9237  183.0123    1.3381   -2.7658    0.9670    1.2053    0.4205   -0.0000   -0.0000    2.5362    0.5169    3.6080   -0.0754   -0.3479    0.9905    0.0274 
   1.9566    0.0014    2.5854   -0.0007  183.1117    0.3005  -14.3015    4.6901    2.2206    1.1719   -0.0000    0.0000    2.5362    0.5194    3.5920    0.2036    0.7610    1.8672   -0.0376 
   1.9991    0.0010    2.2994    0.2778  183.1890   -9.0989   30.5594    1.7604    2.5353    0.8074    0.0000    0.0000    2.5362    0.5405    3.5760    0.0750    1.0120    0.2451    0.0135 
   2.0416    0.0010    2.9907    0.9831  183.2222   16.4138   -1.7892   -1.4134    2.4015    0.7392   -0.0000   -0.0000    2.8180    0.5717    3.5440    0.0842    0.4028    0.5474    0.0739 
   2.0841    0.0010    3.6530    1.3193  183.3688    8.2351    1.6287    0.2345    2.1864    1.4798   -0.0000    0.0000    3.3816    0.5755    3.5440    0.3499    0.0828    0.9268    0.0549 
   2.1266    0.0014    3.5922    1.5920  183.4294   -1.2254   27.9959    1.6383    1.8438    0.4804   -0.0000   -0.0000    3.0998    0.5755    3.5520   -0.0579   -0.9580    1.4773    0.0255 
   2.1691    0.0010    3.8879    2.7120  183.5126   29.4753   11.6995    3.8966    2.4334    0.8121   -0.0000   -0.0000    3.3816    0.5966    3.5200    1.1001   -0.0671    0.6514   -0.0090 
   2.2116    0.0010    4.9832    2.2503  183.6179   -4.9485  -25.7761    4.3239    2.8176    0.6087   -0.0000   -0.0000    3.3816    0.6106    3.4960    0.7771   -0.2351    1.0271   -0.0164 
   2.2541    0.0011    3.9317    2.1324  183.6825  -40.2268   31.3528    2.3708    1.7722    0.8833   -0.0000   -0.0000    3.3816    0.6150    3.4880   -0.1533    0.5688    1.6277    0.0176 
   2.2966    0.0014    3.2177    3.6269  183.7428   37.2268   24.5169    3.8966    3.5012    1.3212    0.0000   -0.0000    3.6634    0.6297    3.4880    1.0039   -4.1121    1.1147   -0.0041 
   2.3391    0.0010    4.3025    3.2359  183.9289   10.1272  -41.0348   -1.1082    3.3822    0.0939   -0.0000   -0.0000    4.2270    0.6321    3.4720   -0.5305    1.8550    1.5583    0.0931 
   2.3816    0.0010    3.5137    2.3256  184.0309  -26.6160   14.3851    5.1174    2.4502    0.0755   -0.0000   -0.0000    3.9452    0.6321    3.4800   -0.1477    0.8674    0.9385   -0.0205 
   2.4241    0.0010    2.3493    4.7990  184.1835  -11.4793   55.0345    3.0422    3.3699   -0.5243    0.0000   -0.0000    4.2270    0.6321    3.4800    2.2412    2.1372    0.9868    0.0207 
   2.4666    0.0014    3.0809    4.1472  184.3309   27.2781  -38.1052    6.8874    2.4963   -0.2614   -0.0000   -0.0000    3.9452    0.6321    3.4720    1.3306    1.1152    0.7661   -0.0514 
   2.5091    0.0010    4.7387    2.9594  184.4892    1.5212  -13.2028    2.0046    1.9623    0.0359   -0.0000   -0.0000    4.2270    0.6321    3.4880    0.6626   -1.3340    1.2073    0.0388 
   2.5516    0.0010    3.6267    4.2842  184.5591  -40.3489   52.8983   -0.6810    2.2685   -1.5374   -0.0000   -0.0000    4.2270    0.6321    3.4800    0.9922   -4.3506    2.0718    0.0857 
   2.5941    0.0010    3.2884    5.0049  184.5014   12.6296  -31.8185   -0.5589    1.3689   -1.0243   -0.0000   -0.0000    4.2270    0.6321    3.4880   -0.2202    0.2288    1.3276    0.0835 
   2.6366    0.0014    3.5763    2.8217  184.6781   22.9446  -35.6638    2.3097    0.7983    0.1074   -0.0000   -0.0000    4.2270    0.6321    3.4720    0.1870   -5.0837    1.1135    0.0335 
   2.6791    0.0010    4.3017    3.4431  184.7884  -17.1555   59.6121   -0.2537    0.9221   -0.7553   -0.0000   -0.0000    4.2270    0.6321    3.4800   -0.4329    0.2427    1.6448    0.0782 
   2.7216    0.0010    3.1133    5.4088  184.7982  -15.0193    3.3987    3.7135    2.5109   -1.1634   -0.0000   -0.0000    4.2270    0.6321    3.4800    1.9111   -0.0750    0.4126    0.0090 
   2.7641    0.0010    3.1132    3.2654  184.9167    8.0520  -69.5993    2.8591    2.4180   -1.1440   -0.0000   -0.0000    4.2270    0.6321    3.4560   -1.8325   -0.6343    2.0737    0.0239 
   2.8066    0.0014    3.1416    2.3762  185.0331  -18.2542   28.4232    5.6667    1.2206   -0.9380   -0.0000   -0.0000    4.2270    0.6321    3.4800   -0.7273   -3.5188    1.5168   -0.0251 
   2.8491    0.0010    1.5677    4.8376  185.0514  -19.7800   51.4944   -2.9393    1.7753   -1.0038    0.0000   -0.0000    4.2270    0.6321    3.4720   -1.1011    1.5645    1.8135    0.1251 
   2.8916    0.0010    2.6469    4.6960  185.2602   31.7947  -76.3132    2.7370    0.9040   -1.4168   -0.0000   -0.0000    4.2270    0.6321    3.4720    0.9565   -2.0645    0.0520    0.0260 
   2.9341    0.0010    4.1351    2.6339  185.4102    2.4978    3.2767    4.3239    1.7283   -0.6282   -0.0000   -0.0000    4.2270    0.6321    3.4800   -0.3254   -2.2078    1.8958   -0.0017 
   2.9766    0.0014    3.4437    5.2585  185.5020  -60.7346   74.3826    0.4176    1.4834   -1.3162   -0.0000   -0.0000    4.2270    0.6321    3.4560   -1.8152   -0.6096    1.7366    0.0665 
   3.0191    0.0011    1.9129    5.8292  185.5061   26.7898  -55.5002    3.8966    1.8158   -1.2975   -0.0000   -0.0000    4.2270    0.6321    3.4640    1.1245   -4.5386    0.3694    0.0058 
   3.0616    0.0010    3.1344    2.4834  185.7570   33.4426  -54.4016   -1.5965    1.4051   -1.3475   -0.0000   -0.0000    4.2270    0.6321    3.4480   -0.9204    1.3237    1.5515    0.1016 
   3.1041    0.0010    3.4429    3.4282  185.9616  -13.7986   73.9554    1.6383    1.5983   -1.8056   -0.0000   -0.0000    4.2270    0.6321    3.4480   -0.9465   -0.9214    2.0107    0.0452 
   3.1466    0.0014    2.0775    5.3600  185.9014  -15.2634    6.6336    4.4460    0.8590   -1.4055   -0.0000   -0.0000    4.2270    0.6321    3.4800    0.0220    0.1768    1.2715   -0.0038 
   3.1891    0.0010    3.0090    2.2738  186.1336   13.2400  -89.1916    5.3005    0.9481   -1.4353   -0.0000   -0.0000    4.2270    0.6321    3.4480   -0.3882   -4.2458    1.6667   -0.0187 
   3.2316    0.0010    3.6842    1.9195  186.3667   15.4372   54.3021    0.6007    0.8292   -1.2477   -0.0000   -0.0000    4.2270    0.6321    3.4800    0.4854   -3.1296    1.1951    0.0633 
   3.2741    0.0010    2.3906    5.1701  186.5239  -23.9304   48.2596    6.0329    0.7891   -1.3549   -0.0000   -0.0000    4.2270    0.6321    3.4640    1.8374   -0.9053    0.8831   -0.0315 
   3.3166    0.0014    2.2198    3.9349  186.7338    1.9485  -99.7507   11.1598    1.6361   -2.0208   -0.0000   -0.0000    4.2270    0.6321    3.4320    0.5076   -2.0847    0.2417   -0.1210 
   3.3591    0.0010    2.8269    0.8744  187.0213    9.0896    8.6478    5.9108    1.0605   -2.2783   -0.0000   -0.0000    4.2270    0.6321    3.4640   -0.5645   -1.4976    0.9714   -0.0294 
   3.4016    0.0010    2.6296    4.0920  187.2145   -9.6482  108.0740    3.1642    1.1316   -2.5447   -0.0000   -0.0000    4.2270    0.6321    3.4240   -0.0747   -2.5242    0.2158    0.0185 
   3.4441    0.0010    2.2495    5.0385  187.3785   -0.0657  -63.5568    2.9201    1.1455   -2.2150   -0.0000   -0.0000    4.2270    0.6321    3.4720   -0.0471   -0.9155    1.1497    0.0228 
   3.4866    0.0014    2.6791    0.0549  187.6718   24.2873  -90.4123    6.7043    0.3629   -2.3597   -0.0000   -0.0000    4.2270    0.6321    3.4400    0.1880    0.0618    0.7515   -0.0432 
   3.5291    0.0010    2.9040    0.8853  187.8687  -11.6013  102.2757    4.0187    0.6089   -2.1967   -0.0000   -0.0000    4.2270    0.6321    3.4560   -0.3220    1.3782    1.4128    0.0036 
   3.5716    0.0010    2.2222    4.9669  188.0423   -4.3992   31.4749    4.2018    0.1159   -2.0459   -0.0000   -0.0000    4.2270    0.6321    3.4640    2.5063   -1.4407    1.3303    0.0004 
   3.6141    0.0010    2.0034    1.4302  188.3308   -6.3523 -132.1603    7.8639    0.1812   -2.4464   -0.0000   -0.0000    4.2270    0.6321    3.4000    0.4124    2.2102    1.9021   -0.0635 
   3.6566    0.0014    1.7508   -0.3093  188.6747   17.5124   60.2835    6.9484   -0.5644   -3.1478   -0.0000   -0.0000    4.2270    0.6321    3.4640    0.7222    2.4143    0.6333   -0.0475 
   3.6991    0.0010    2.5780    4.9089  188.9952   -7.7561  108.0130    8.0470   -0.6492   -3.3817   -0.0000   -0.0000    4.2270    0.6321    3.4080    0.3865   -1.2976    1.6301   -0.0667 
   3.7416    0.0010    2.5617    4.7653  189.3471   17.6955 -112.9953    6.7653   -1.6535   -4.7192   -0.0000   -0.0000    4.2270    0.6321    3.4320    0.5203   -0.1646    0.9143   -0.0443 
   3.7841    0.0011    3.8439   -0.5092  189.7022   21.8459  -64.8996    5.7887   -1.1764   -3.5283   -0.0000   -0.0000    4.2270    0.6321    3.4320    0.5781   -1.5134    0.5515   -0.0273 
   3.8266    0.0014    3.8344    2.1616  189.8988   -6.5964  151.8973    3.2863   -3.1864   -3.6907   -0.0000   -0.0000    4.2270    0.6321    3.3760    0.9097   -0.5542   -0.1758    0.0164 
   3.8691    0.0010    2.7779    6.1494  189.9576  -12.1506   16.0941    4.9342   -2.0745   -3.9352   -0.0000   -0.0000    4.2270    0.6321    3.4800   -0.1748    0.5342    0.2712   -0.0123 
   3.9116    0.0010    2.1221    1.6206  190.2633   13.6672 -144.9777    6.9484   -1.8166   -4.4992   -0.0000   -0.0000    4.2270    0.6321    3.3760   -0.7559    3.7397    0.1074   -0.0475 
   3.9541    0.0010    3.0644   -0.2270  190.4168   -1.4085   88.5428    7.9860   -1.2633   -3.2747   -0.0000   -0.0000    4.2270    0.6321    3.4560    0.1589    1.1633    1.4031   -0.0656 
   3.9966    0.0014    1.9489    5.4653  190.5453   -4.0330  106.2430    0.1735    0.2100   -1.8499   -0.0000   -0.0000    4.5088    0.6309    3.4080   -0.3909   -0.5410    1.2043    0.0757 
   4.0391    0.0010    2.7699    4.4989  190.7540   -3.8499 -128.3151   14.3337    0.1271   -2.8323   -0.0000   -0.0000    5.6360    0.6232    3.4160    0.6711   -2.3596    1.3516   -0.1518 
   4.0816    0.0010    3.2826   -0.8194  191.0958    0.9109  -54.1574    6.1549    1.4265   -2.7535   -0.0000   -0.0000    5.6360    0.6219    3.4560   -0.9241   -1.9482    1.4453   -0.0091 
   4.1241    0.0010    2.7029    2.6525  191.4728  -11.9065  139.4461    8.2912    1.6046   -4.0369   -0.0000   -0.0000    5.6360    0.6219    3.4000    1.0593   -0.6001    0.8884   -0.0463 
   4.1666    0.0014    3.2948    5.7931  191.6801    4.6951   -7.8928    9.2067    0.8426   -5.6761   -0.0000   -0.0000    5.6360    0.6192    3.4960   -1.0432   -0.0537    1.2754   -0.0623 
   4.2091    0.0010    2.9936    0.4804  191.9846   18.0007 -161.3351    6.1549    0.2528   -6.0655   -0.0000   -0.0000    7.3268    0.6030    3.4080   -0.7219    0.5703    1.9648    0.0205 
   4.2516    0.0010    3.6056   -1.6355  192.3719   15.2541   45.8792   11.0378   -1.4737   -6.1679   -0.0000   -0.0000    9.5812    0.5846    3.5040    1.5984    0.4216    0.0417   -0.0254 
   4.2941    0.0010    3.9505    3.1489  192.7290   -0.9202  103.0692    6.7043   -2.1398   -5.5196   -0.0000   -0.0000    9.5812    0.5755    3.4560   -2.5591    0.7134    1.0139    0.0502 
   4.3366    0.0014    4.0181    3.6230  193.1615   11.3479 -107.9904   11.2209   -4.0569   -7.3563   -0.0000   -0.0000   10.4266    0.5698    3.5120   -1.2395    0.6885    1.7251   -0.0139 
   4.3791    0.0010    5.1331   -1.3988  193.7241   19.4045  -88.0319   12.4416   -1.7768   -8.8358   -0.0000   -0.0000   10.4266    0.5698    3.4720    0.6108    0.4453    1.0581   -0.0352 
   4.4216    0.0010    6.1819   -0.4918  194.1892    3.0471  114.9100    8.0470   -1.1382   -7.3593   -0.0000   -0.0000   10.1448    0.5698    3.4880    0.1260   -0.6707    1.6870    0.0366 
   4.4641    0.0010    5.6545    4.4771  194.5739    6.8313   67.4246    6.7043   -0.0606   -6.7749   -0.0000   -0.0000    9.8630    0.5678    3.5280   -0.6677    1.1160    1.2036    0.0551 
   4.5066    0.0014    6.1378    1.9951  194.9940   12.0193 -121.8454   14.6388    1.7760   -7.8093   -0.0000   -0.0000   10.1448    0.5698    3.4640    0.4011   -2.6077    0.4363   -0.0784 
   4.5491    0.0010    6.8572   -2.4262  195.4498    0.6057  -44.2087    8.0470    0.7947   -7.0422   -0.0000   -0.0000   10.1448    0.5698    3.5200   -1.1455   -0.3796    1.3564    0.0366 
   4.5916    0.0010    6.2749    1.2383  195.9688   -7.7561  138.7747    7.3146    3.2660   -7.7809   -0.0000   -0.0000   10.1448    0.5698    3.4480    0.1091    1.9646    0.0598    0.0494 
   4.6341    0.0010    6.1913    5.1487  196.4102   15.5593  -10.2731   11.1598    4.7054   -9.0865   -0.0000   -0.0000   12.1174    0.5698    3.5360    0.2488    1.6440    1.4456    0.0167 
   4.6766    0.0014    6.7543    1.5297  197.0613    2.3757 -127.4606   17.0192    4.6401   -8.9028   -0.0000   -0.0000   12.6810    0.5515    3.4720    0.3000    0.2944    0.8008   -0.0757 
   4.7191    0.0010    7.0577   -0.4657  197.7522  -10.7468   34.9539   14.6999    2.7192   -9.7775   -0.0000   -0.0000   12.9628    0.5472    3.5520   -0.5134   -1.6787    1.2573   -0.0303 
   4.7616    0.0010    5.8763    4.1447  198.3438    9.0286  122.1731   11.3429    3.6220  -10.0824   -0.0000   -0.0000   13.5264    0.5428    3.4880   -0.4758   -3.0261    0.9172    0.0381 
   4.8041    0.0010    6.9720    6.0574  199.0107   32.6492  -42.1335   14.4557    2.0576  -10.9816   -0.0000   -0.0000   13.2446    0.5243    3.5440    0.9465    0.2402    0.3035   -0.0211 
   4.8466    0.0014    7.9897    1.1839  199.6162   23.0056 -119.7702   13.4792   -0.9260   -8.8343   -0.0000   -0.0000   13.2446    0.5243    3.5120   -1.0891    0.5645    1.0564   -0.0041 
   4.8891    0.0010    8.3571    0.1564  200.3310  -18.8645   44.9026   17.6906    1.1135   -7.7916   -0.0000   -0.0000   13.2446    0.5243    3.5600   -0.3770    0.8650    1.1074   -0.0776 
   4.9316    0.0010    7.3559    4.6441  200.9459  -10.3196  100.9939   11.9533    3.1062   -5.7753   -0.0000   -0.0000   13.2446    0.5267    3.5200   -0.4453    0.7451    1.7068    0.0225 
   4.9741    0.0010    7.5273    5.4247  201.5835   40.8889  -71.4914   16.8971    2.4474   -3.6100   -0.0000   -0.0000   13.2446    0.5243    3.5520    0.1086   -2.3501    1.1284   -0.0637 
   5.0166    0.0014    8.6538    1.1562  202.2415   17.8176  -92.9758   12.6857    1.4491   -1.6405   -0.0000   -0.0000   13.2446    0.5243    3.5040    0.1687   -0.9102    0.9805    0.0098 
   5.0591    0.0010    7.9832    0.8839  202.9104  -24.2966   70.1712   15.3102    1.1532    0.5769   -0.0000   -0.0000   13.2446    0.5267    3.5440    0.0154   -0.0137    1.5291   -0.0361 
   5.1016    0.0011    6.4534    4.9976  203.3681  -15.6296   86.1014   13.4792   -1.1474    2.2429   -0.0000   -0.0000   13.2446    0.5243    3.5440   -0.1123   -1.0354    1.2151   -0.0041 
   5.1441    0.0011    6.7596    5.1403  203.9225   27.1560  -75.5807   11.9533   -3.4275    1.0846   -0.0000   -0.0000   12.9628    0.5267    3.5280    0.1716   -0.0898    1.0520    0.0176 
   5.1866    0.0014    8.1474    0.7132  204.4831   26.6067  -79.3649    9.8781   -2.5042    0.0230   -0.0000   -0.0000   13.2446    0.5267    3.5280   -0.5947   -0.3811    1.4814    0.0588 
   5.2291    0.0010    7.7874    1.3787  205.0899   -6.5354   79.2044   14.8219   -1.4949    1.3224   -0.0000   -0.0000   13.2446    0.5243    3.5360   -0.6091    0.0940    1.2932   -0.0275 
   5.2716    0.0011    7.4181    5.7012  205.5649   -9.8313   74.8099   10.8547   -2.2904    1.7975   -0.0000   -0.0000   13.2446    0.5267    3.5440    0.4558   -2.2256    0.7100    0.0417 
   5.3141    0.0011    7.3881    4.5954  206.1336   -0.8591 -107.5632   12.4416    0.2928    1.9683   -0.0000   -0.0000   13.2446    0.5243    3.5200   -0.1519    1.3770    0.7502    0.0140 
   5.3566    0.0014    7.6384    0.3629  206.8277    4.1457  -48.1149   14.9440   -0.4598   -0.5029   -0.0000   -0.0000   13.2446    0.5267    3.5360    0.7888    1.2793    0.3445   -0.0297 
   5.3991    0.0010    6.5257    2.1975  207.4725  -15.5686  116.4359   15.0050    0.3094   -2.2312   -0.0000   -0.0000   13.2446    0.5267    3.5120    0.6770   -0.4995    1.0220   -0.0307 
   5.4416    0.0011    5.5523    5.8981  207.9124   -1.0422   32.3904   10.4274   -1.5756   -0.7153   -0.0000   -0.0000   13.2446    0.5267    3.5600    0.3362   -0.7761    0.7944    0.0492 
   5.4841    0.0010    5.9670    3.3135  208.5193    7.9299 -128.0710   15.1882   -1.0170   -2.4309   -0.0000   -0.0000   13.2446    0.5267    3.4960   -0.0920    1.4331    0.7549   -0.0339 
   5.5266    0.0014    6.3642   -0.3433  209.2663  -16.3010  -24.8605   17.0802   -0.9759   -5.3529   -0.0000   -0.0000   13.2446    0.5267    3.5440    0.7065    0.3835   -0.0122   -0.0669 
   5.5691    0.0010    4.8411    2.8856  209.9771  -18.6814  131.5726   15.8595   -1.2915   -5.8967   -0.0000   -0.0000   13.2446    0.5267    3.4960   -0.2712   -0.5425    1.7573   -0.0456 
   5.6116    0.0011    4.9921    6.0600  210.5266   25.9353    5.7791   14.2116   -3.0722   -5.7830   -0.0000   -0.0000   13.2446    0.5267    3.5600   -0.6685   -2.2490    0.9768   -0.0169 
   5.6541    0.0010    5.6908    1.8841  211.3206   13.8503 -142.4753   16.3478   -2.7236   -6.0602   -0.0000   -0.0000   13.2446    0.5267    3.4800    0.3184   -0.5571    0.0991   -0.0542 
   5.6966    0.0014    4.8240   -1.2069  212.2785  -52.8001   25.4935   25.7472   -2.6805   -5.3270   -0.0000   -0.0000   13.5264    0.5267    3.5440    0.3145    1.4595    0.9207   -0.2133 
   5.7391    0.0011    1.8467    3.2372  213.1459  -30.3391  134.0750   13.1130   -2.2011   -5.4553   -0.0000   -0.0000   13.5264    0.5267    3.4880   -0.5110    0.5579    0.7961    0.0072 
   5.7816    0.0011    2.6719    5.5506  213.9353   57.1853  -48.7253   19.2165   -1.3461   -5.1663   -0.0000   -0.0000   13.5264    0.5267    3.5520   -0.0256    0.3235    0.6816   -0.0993 
   5.8241    0.0010    4.5568    0.0539  214.7767   16.5359 -149.9216   15.5544   -0.4535   -5.8885   -0.0000   -0.0000   13.5264    0.5243    3.4560    0.5188    1.6807    0.3347   -0.0354 
   5.8666    0.0014    2.7176   -2.3760  215.8736  -87.8953   55.7669   24.6486   -0.7808   -5.4963   -0.0000   -0.0000   13.5264    0.5243    3.5280   -0.2007   -1.3838    1.7471   -0.1941 
   5.9091    0.0010   -0.6871    3.5881  216.6603  -39.1282  142.9251   16.4699   -1.4175   -5.4988   -0.0000   -0.0000   13.5264    0.5267    3.4880    0.2170    0.0190    1.3086   -0.0514 
   5.9516    0.0010    0.9347    3.8873  217.4695   71.5896  -75.9470   18.5451   -0.6515   -5.7713   -0.0000   -0.0000   13.5264    0.5243    3.5280   -0.2222   -1.1255    0.5068   -0.0876 
   5.9941    0.0010    3.1650   -2.7601  218.0452   -0.1878 -145.7101   15.8595    0.4107   -6.5207   -0.0000   -0.0000   13.2446    0.5267    3.4560   -0.1257   -1.3237    1.3723   -0.0456 
   6.0366    0.0014    0.4596   -3.7878  219.2209 -116.9480  114.1165   23.7331   -0.4348   -6.9585   -0.0000   -0.0000   13.2446    0.5267    3.5040    0.5308    0.5447    0.7795   -0.1831 
   6.0791    0.0010   -3.5378    2.9495  219.8662  -35.9544  127.4832    9.3288   -0.8584   -6.7775    0.0000   -0.0000   13.2446    0.5267    3.4880   -0.7827   -0.5242    1.0496    0.0683 
   6.1216    0.0010   -2.5989    2.2805  220.5813   56.9412 -127.4606   18.1789   -0.8970   -6.4124    0.0000   -0.0000   13.2446    0.5267    3.5120    0.1523   -0.0034    0.8149   -0.0861 
   6.1641    0.0010   -1.0708   -4.2681  221.1070  -23.6253 -112.9343   14.6388   -1.1021   -6.3762   -0.0000   -0.0000   13.2446    0.5243    3.4960   -0.1465   -0.3816    1.3208   -0.0243 
   6.2066    0.0014   -4.2303   -1.8775  221.9720 -110.2341  171.4896    7.6808   -0.2916   -6.7333    0.0000   -0.0000   13.2446    0.5267    3.4720   -0.4324   -1.0022    0.7593    0.0971 
   6.2491 4294.9409    5.6301    2.1748  222.0914  636.3478   -8.5031  -25.0340   -0.8126   -7.4349    0.0000   -0.0000   13.2446    0.5267    3.8160    0.0483   -1.4243   -2.2305  621.7651 
   6.2916 4294.8984   31.7588    0.3041  220.8792  640.9866  -50.8005  -29.8558   -0.8126   -7.4349    0.0000   -0.0000   13.2446    0.5267    3.8240    0.6919    0.5342    3.0264  626.4038 
   6.3341 4294.8560   57.7376   -6.7134  215.7286  660.2126  -71.4304  -29.5506   -0.8126   -7.4349    0.0000   -0.0000   13.2446    0.5267    3.8240   -0.3552    0.5393   -0.1362  645.6299 
   6.3766 4294.8135   70.9762   -5.2158  217.3156 -369.7556   37.7005  166.6164   -0.8126   -7.4349    0.0000   -0.0000   13.2446    0.5267    3.8240    0.2744   -0.3621   -0.7742    0.0000 
   6.4191 4294.7710   44.6015    3.2058  227.2788 -850.1633 -443.6227 -232.1263   -0.8126   -7.4349    0.0000   -0.0000   13.2446    0.5267    3.8240    1.0496   -3.9719    3.7947 -864.7461 
   6.4616 4294.7285    0.4947   -5.1080  228.3852 -1007.8782 -146.8088   16.8361   -0.8126   -7.4349    0.0000   -0.0000   13.2446    0.5267    3.8240   -0.0195   -0.0139    1.0715 -1022.4609 
   6.5041 4294.6860   -5.9916    0.0546  230.8858  346.5530 -291.6452  -31.8089   -0.8126   -7.4349    0.0000   -0.0000   13.2446    0.5267    3.8240    0.5610    0.1257    1.4360  331.9702 
   6.5466 4294.6436    1.3230   -4.1375  230.1345   65.8523   -6.0007    9.7560   -0.8126   -7.4349    0.0000   -0.0000   13.2446    0.5267    3.8240    0.3413    0.3875    0.6865    0.0000 
   6.5891 4294.6011   -6.9168    1.9998  231.7379 -635.0144   63.8235   29.4704   -0.8126   -7.4349    0.0000   -0.0000   13.2446    0.5267    3.8240   -0.2825   -1.2332    4.1582 -649.5972 
   6.6316 4294.5586  -13.5003    2.3064  231.3815  128.7185    4.4974   -6.5404   -0.8126   -7.4349    0.0000   -0.0000   13.2446    0.5267    3.8320    0.0610   -0.0068   -0.1868  114.1357 
   6.6741 4294.5156    0.2543    1.4152  230.9581   13.2400   11.3943  -12.8880   -0.8126   -7.4349    0.0000   -0.0000   13.2446    0.5267    3.8320    0.0793    0.1531   -0.3584   -1.3428 
   6.7166 4294.4731   -4.7617    2.1791  230.6971 -251.2253  -14.7897  -11.6063   -0.8126   -7.4349    0.0000   -0.0000   13.2446    0.5267    3.8320    0.1863   -0.0852    0.5615    0.0000 
   6.7591 4294.4307   -5.6659    1.7964  229.7312   64.9978  -18.3908  -19.2967   -0.8126   -7.4349    0.0000   -0.0000   13.2446    0.5267    3.8320    0.0776    0.0344    1.0500   50.4150 
   6.8016 4294.3882   -3.3821   -0.0042  228.9499  -22.6487   24.9442  -19.7240   -0.8126   -7.4349    0.0000   -0.0000   13.2446    0.5267    3.8320   -0.0662   -0.0266    1.1567  -37.2314 
   6.8441 4294.3457   -2.3936    0.6394  228.7319    9.4558  -19.3063    1.3332   -0.8126   -7.4349    0.0000   -0.0000   13.2446    0.5267    3.8320   -0.0498    0.0710    1.0457   -5.1270 
   6.8866 4294.3032   -1.3187   -0.1985  228.7726  -18.0711   13.7137    0.1735   -0.8126   -7.4349    0.0000   -0.0000   13.2446    0.5267    3.8320   -0.0293    0.0334    1.0840    0.0000 
   6.9291 4294.2607   -0.4637   -0.2742  228.7628    9.0896   -9.1135    0.3566   -0.8126   -7.4349    0.0000   -0.0000   13.2446    0.5267    3.8320   -0.0833   -0.0005    1.0625   -5.4932 
   6.9716 4294.2183   -0.5979   -0.1831  228.7633    2.2537   -2.7048   -0.0706   -0.8126   -7.4349    0.0000   -0.0000   13.2446    0.5267    3.8320   -0.0266    0.0151    1.0789  -12.3291 
   7.0141 4294.1758    0.2437   -0.1902  228.7702   -0.1267   -0.4465    0.2956   -0.8126   -7.4349    0.0000   -0.0000   13.2446    0.5267    3.8320   -0.0249   -0.0039    1.0674  -14.7095 
   7.0566 4294.1333   -0.2624   -0.6576  228.7710   -1.4695    1.5677   -0.0706   -0.8126   -7.4349    0.0000   -0.0000   13.2446    0.5267    3.8320   -0.0303    0.0127    1.0857    0.0000 
   7.0991 4294.0908   -0.3758   -0.6897  228.7612   -1.8357    1.4456    0.2345   -0.8126   -7.4349    0.0000   -0.0000   13.2446    0.5267    3.8320   -0.0393    0.0061    1.0762  -16.4185 
   7.1416 4294.0483    0.1783   -0.5997  228.7603   -0.6760    0.1028   -0.1317   -0.8126   -7.4349    0.0000   -0.0000   13.2446    0.5267    3.8320   -0.0305   -0.0078    1.0784  -15.2588 
   7.1841 4294.0059   -0.0180   -0.2672  228.7523    1.2771   -0.7516    0.4176   -0.8126   -7.4349    0.0000   -0.0000   13.2446    0.5267    3.8400   -0.0432    0.0022    1.0757  -13.3057 
   7.2266 4293.9634   -0.1953   -0.4264  228.7424   -1.3474   -0.3854   -0.4368   -0.8126   -7.4349    0.0000   -0.0000   13.2446    0.5267    3.8320   -0.0317    0.0085    1.0708    0.0000 
   7.2691 4293.9209   -0.4259   -0.2943  228.7420   -0.3709   -0.1413   -0.4368   -0.8126   -7.4349    0.0000   -0.0000   13.2446    0.5267    3.8400   -0.0269    0.0110    1.0781  -14.9536 
   7.3116 4293.8784   -0.1354   -0.6884  228.7461   -0.6150   -0.2023   -0.0706   -0.8126   -7.4349    0.0000   -0.0000   13.2446    0.5267    3.8320   -0.0439    0.0051    1.0894  -15.1978 
   7.3541 4293.8359   -0.0544   -0.6890  228.7481    0.1785   -0.1413    0.6007   -0.8126   -7.4349    0.0000   -0.0000   13.2446    0.5267    3.8320   -0.0347    0.0071    1.0771  -14.4043 
   7.3966 4293.7935    0.0412   -0.4182  228.7398   -0.1267    0.2859    0.0514   -0.8126   -7.4349    0.0000   -0.0000   13.2446    0.5267    3.8400   -0.0410    0.0010    1.0745    0.0000 
   7.4391 4293.7510    0.0140   -0.8651  228.7311   -0.3709   -0.0192   -0.1317   -0.8126   -7.4349    0.0000   -0.0000   13.2446    0.5267    3.8320   -0.0413    0.0034    1.0789  -14.9536 
   7.4816 4293.7085    0.0843   -0.5894  228.7222   -1.2254   -0.0192   -0.2537   -0.8126   -7.4349    0.0000   -0.0000   13.2446    0.5267    3.8400   -0.0334    0.0081    1.0791  -15.8081 
   7.5241 4293.6660   -0.4277   -0.1516  228.7214   -0.3098   -0.0192    0.1125   -0.8126   -7.4349    0.0000   -0.0000   13.2446    0.5267    3.8400   -0.0288    0.0112    1.0852  -14.8926 
   7.5666 4293.6235    0.0799   -0.2496  228.7194    0.6667    0.2249   -0.1317   -0.8126   -7.4349    0.0000   -0.0000   13.2446    0.5267    3.8400   -0.0288    0.0039    1.0811    0.0000 
   7.6091 4293.5811   -0.3513   -0.4954  228.7047   -0.6760   -0.0803   -0.2537   -0.8126   -7.4349    0.0000   -0.0000   13.2446    0.5267    3.8320   -0.0327    0.0125    1.0811  -15.2588 
   7.6516 4293.5386   -0.5531   -0.1410  228.7020   -0.2488   -0.2634    0.1125   -0.8126   -7.4349    0.0000   -0.0000   13.2446    0.5267    3.8400   -0.0266    0.0146    1.0793  -14.8315 
   7.6941 4293.4961   -0.1242   -0.2936  228.7069   -1.2864   -0.3244    0.2956   -0.8126   -7.4349    0.0000   -0.0000   13.2446    0.5267    3.8400   -0.0308    0.0081    1.0862  -15.8691 
   7.7366 4293.4531    0.1935   -0.5819  228.7157   -1.1033   -0.0192   -0.1317   -0.8126   -7.4349    0.0000   -0.0000   13.2446    0.5267    3.8400   -0.0444    0.0037    1.0791    0.0000 
   7.7791 4293.4106   -0.1625   -0.2404  228.7078   -1.1033   -0.1413   -0.1927   -0.8126   -7.4349    0.0000   -0.0000   13.2446    0.5267    3.8400   -0.0273    0.0046    1.0798  -15.6860 
   7.8216 4293.3682   -0.2508   -0.6702  228.7018   -0.5540    0.1028   -0.1317   -0.8126   -7.4349    0.0000   -0.0000   13.2446    0.5267    3.8400   -0.0420    0.0032    1.0835  -15.1367 
   7.8641 4293.3257   -0.3915   -0.2647  228.6965   -1.2864   -0.1413   -0.0706   -0.8126   -7.4349    0.0000   -0.0000   13.2446    0.5267    3.8400   -0.0269    0.0144    1.0767  -15.8691 
   7.9066 4293.2832   -0.2061   -0.1883  228.6894   -0.6760    0.1639   -0.1317   -0.8126   -7.4349    0.0000   -0.0000   13.2446    0.5267    3.8400   -0.0222    0.0115    1.0757    0.0000 
   7.9491 4293.2407   -0.2752   -0.8084  228.6979   -1.2864    0.1639    0.2956   -0.8126   -7.4349    0.0000   -0.0000   13.2446    0.5267    3.8400   -0.0432    0.0098    1.0798  -15.8691 
   7.9916 4293.1982   -0.3383   -0.6166  228.6888   -0.6150    0.1639   -0.6200   -0.8126   -7.4349    0.0000   -0.0000   13.2446    0.5267    3.8400   -0.0354    0.0134    1.0823  -15.1978 
   8.0341 4293.1558   -0.1560   -0.5213  228.6824   -0.3709    0.1028    0.1735   -0.8126   -7.4349    0.0000   -0.0000   13.2446    0.5267    3.8400   -0.0320    0.0063    1.0791  -14.9536 
   8.0766 4293.1133    0.1733   -0.6374  228.6863   -0.8591    0.0418   -0.2537   -0.8126   -7.4349    0.0000   -0.0000   13.2446    0.5267    3.8400   -0.0339    0.0034    1.0840    0.0000 
   8.1191 4293.0708   -0.0033   -0.5765  228.6930   -1.4085   -0.2023    0.1735   -0.8126   -7.4349    0.0000   -0.0000   13.2446    0.5267    3.8480   -0.0374    0.0029    1.0745  -15.9912 
   8.1616 4293.0283   -0.1495   -0.3451  228.6899   -0.7371   -0.3244    0.1125   -0.8126   -7.4349    0.0000   -0.0000   13.2446    0.5267    3.8400   -0.0337    0.0017    1.0779  -15.3198 
   8.2041 4292.9858   -0.0610   -0.6480  228.6880    0.1785    0.1028   -0.1927   -0.8126   -7.4349    0.0000   -0.0000   13.2446    0.5267    3.8480   -0.0334    0.0068    1.0779  -14.4043 
   8.2466 4292.9434   -0.3689   -1.0040  228.6878   -0.5540   -0.0803   -0.1927   -0.8126   -7.4349    0.0000   -0.0000   13.2446    0.5267    3.8480   -0.0420    0.0110    1.0813    0.0000 
   8.2891 4292.9009   -0.2566   -0.1031  228.6793   -1.9578    0.2249    0.3566   -0.8126   -7.4349    0.0000   -0.0000   13.2446    0.5267    3.8400   -0.0259    0.0095    1.0764  -16.5405 
   8.3316 4292.8584   -0.2214   -0.1207  228.6772   -0.3709    0.0418   -0.3758   -0.8126   -7.4349    0.0000   -0.0000   13.2446    0.5267    3.8480   -0.0217    0.0110    1.0793  -14.9536 
   8.3741 4292.8159   -0.3035   -0.6027  228.6884   -0.8591   -0.2023   -0.1317   -0.8126   -7.4349    0.0000   -0.0000   13.2446    0.5267    3.8480   -0.0354    0.0105    1.0801  -15.4419 
   8.4166 4292.7734   -0.0076   -0.4609  228.6906   -1.0422   -0.0803    0.4176   -0.8126   -7.4349    0.0000   -0.0000   13.2446    0.5267    3.8480   -0.0256    0.0081    1.0757    0.0000 
   8.4591 4292.7310   -0.3761   -0.1944  228.7033   -1.1643   -0.2023   -0.0706   -0.8126   -7.4349    0.0000   -0.0000   13.2446    0.5267    3.8400   -0.0261    0.0066    1.0867  -15.7471 
   8.5016 4292.6885    0.0152   -0.2201  228.7014   -0.7371   -0.0803    0.3566   -0.8126   -7.4349    0.0000   -0.0000   13.2446    0.5267    3.8480   -0.0278   -0.0024    1.0803  -15.3198 
   8.5441 4292.6460   -0.2286   -0.4921  228.7173   -0.4929    0.2249    0.3566   -0.8126   -7.4349    0.0000   -0.0000   13.2446    0.5267    3.8400   -0.0364    0.0137    1.0833  -15.0757 
   8.5866 4292.6035   -0.0554   -0.5400  228.7289   -1.2864   -0.0803    0.2956   -0.8126   -7.4349    0.0000   -0.0000   13.2446    0.5267    3.8480   -0.0342    0.0076    1.0796    0.0000 
   8.6291 4292.5610   -0.2265   -0.4981  228.7342   -0.7371   -0.0803    0.1735   -0.8126   -7.4349    0.0000   -0.0000   13.2446    0.5267    3.8480   -0.0349    0.0068    1.0850  -15.3198 
   8.6716 4292.5186   -0.3816   -0.8781  228.7404   -0.7371    0.2249   -0.0096   -0.8126   -7.4349    0.0000   -0.0000   13.2446    0.5267    3.8400   -0.0405    0.0129    1.0845  -15.3198 
   8.7141 4292.4761   -0.4463   -0.2409  228.7350   -0.3098    0.2859   -0.0706   -0.8126   -7.4349    0.0000   -0.0000   13.2446    0.5267    3.8480   -0.0244    0.0149    1.0808  -14.8926 
   8.7566 4292.4336   -0.2759   -0.3880  228.7379   -0.9202   -0.2634   -0.0706   -0.8126   -7.4349    0.0000   -0.0000   13.2446    0.5267    3.8480   -0.0291    0.0103    1.0774    0.0000 
   8.7991 4292.3906   -0.0117   -0.3002  228.7452   -1.1643    0.0418   -0.0096   -0.8126   -7.4349    0.0000   -0.0000   13.2446    0.5267    3.8480   -0.0288    0.0051    1.0835  -15.7471 
   8.8416 4292.3481   -0.1073   -0.3253  228.7389   -1.1643    0.3470    0.1735   -0.8126   -7.4349    0.0000   -0.0000   13.2446    0.5267    3.8480   -0.0320    0.0098    1.0759  -15.7471 
   8.8841 4292.3057   -0.2597   -0.4028  228.7389   -1.7136   -0.3244    0.1125   -0.8126   -7.4349    0.0000   -0.0000   13.2446    0.5267    3.8480   -0.0430    0.0085    1.0781  -16.2964 
   8.9266 4292.2632    0.0139   -0.4388  228.7392   -1.3474   -0.2023    0.3566   -0.8126   -7.4349    0.0000   -0.0000   13.2446    0.5267    3.8480   -0.0330    0.0044    1.0908    0.0000 
   8.9691 4292.2207   -0.2521   -0.2334  228.7557   -0.2488   -0.0192    0.0514   -0.8126   -7.4349    0.0000   -0.0000   13.2446    0.5267    3.8480   -0.0254    0.0139    1.0823  -14.8315 
   9.0116 4292.1782   -0.2537   -0.4434  228.7576   -1.6526   -0.0803   -0.2537   -0.8126   -7.4349    0.0000   -0.0000   13.2446    0.5267    3.8480   -0.0378    0.0085    1.0830  -16.2354 
   9.0541 4292.1357   -0.0294   -0.4357  228.7590   -1.4695   -0.1413    0.2956   -0.8126   -7.4349    0.0000   -0.0000   13.2446    0.5267    3.8480   -0.0332    0.0056    1.0879  -16.0522 
   9.0966 4292.0933   -0.0787   -0.4339  228.7557   -0.7981    0.3470   -0.1927   -0.8126   -7.4349    0.0000   -0.0000   13.2446    0.5267    3.8480   -0.0269   -0.0027    1.0884    0.0000 
   9.1391 4292.0508   -0.0689   -0.5095  228.7515   -1.2254    0.2859   -0.2537   -0.8126   -7.4349    0.0000   -0.0000   13.2446    0.5267    3.8400   -0.0403    0.0056    1.0808  -15.8081 
   9.1816 4292.0083   -0.1027   -0.1182  228.7352   -1.1033   -0.0192    0.1125   -0.8126   -7.4349    0.0000   -0.0000   13.2446    0.5267    3.8480   -0.0364    0.0083    1.0830  -15.6860 
   9.2241 4291.9658   -0.3354   -0.6907  228.7411   -1.4695   -0.0192    0.4787   -0.8126   -7.4349    0.0000   -0.0000   13.2446    0.5267    3.8480   -0.0415    0.0115    1.0833  -16.0522 
   9.2666 4291.9233   -0.2990   -0.2835  228.7426   -0.9812    0.2859    0.4176   -0.8126   -7.4349    0.0000   -0.0000   13.2446    0.5267    3.8480   -0.0264    0.0122    1.0779    0.0000 
   9.3091 4291.8809   -0.4433   -0.5681  228.7500   -1.4695    0.4080   -0.1317   -0.8126   -7.4349    0.0000   -0.0000   13.2446    0.5267    3.8480   -0.0344    0.0110    1.0847  -16.0522 
   9.3516 4291.8384   -0.1252   -0.6078  228.7507   -0.7981   -0.4465   -0.0096   -0.8126   -7.4349    0.0000   -0.0000   13.2446    0.5267    3.8480   -0.0415   -0.0134    1.0833  -15.3809 
   9.3941 4291.7959    0.6412   -1.4950  228.6675   -8.5496    7.5491   -8.1883   -0.8126   -7.4349    0.0000   -0.0000   13.2446    0.5267    3.8480   -0.2170   -0.2019    1.0959  -23.1323 
   9.4366 4291.7534    1.7632   -0.7794  224.6452  200.9841   87.5052 -155.8934   -0.8126   -7.4349    0.0000   -0.0000   13.2446    0.5267    3.8480    0.2341   -0.0557    1.2219    0.0000 
   9.4791 4291.7109    7.3734   -0.4367  218.5164   21.6628  -21.6867 -133.7987   -0.8126   -7.4349    0.0000   -0.0000   13.2446    0.5267    3.8480    0.0254   -0.2727    1.0454    7.0801 
   9.5216 4291.6685    8.6262   -2.8707  212.0247  -13.1882   -7.4045 -167.6122   -0.8126   -7.4349    0.0000   -0.0000   13.2446    0.5267    3.8480   -0.1951   -0.1299    1.1367  -27.7710 
   9.5641 4291.6260    5.0035   -3.7441  205.1546  -31.4378  -11.9821 -154.3675   -0.8126   -7.4349    0.0000   -0.0000   13.2446    0.5267    3.8480   -0.0662   -0.0044    1.0798  -46.0205 
   9.6066 4291.5835    4.0369   -3.6242  198.4293    1.5212   -2.8879 -167.7953   -0.8126   -7.4349    0.0000   -0.0000   13.2446    0.5267    3.8480   -0.0161   -0.1638    0.9463    0.0000 
   9.6491 4291.5410    3.4438   -2.7155  192.2001   41.6824   10.5399 -131.8455   -0.8126   -7.4349    0.0000   -0.0000   13.2446    0.5267    3.8560   -0.0386    0.0308    1.1226   27.0996 
   9.6916 4291.4985    3.6971   -4.7676  185.1507   42.3537   -3.6203 -179.4530   -0.8126   -7.4349    0.0000   -0.0000   13.2446    0.5267    3.8480   -0.1655   -0.0825    1.0874   27.7710 
   9.7341 4291.4561    4.1251   -3.8486  178.6111   10.2493  -15.9494 -130.6859   -0.8126   -7.4349    0.0000   -0.0000   13.2446    0.5267    3.8480    0.0613   -0.0835    1.1018   -4.3335 
   9.7766 4291.4136    3.4816   -3.5626  173.6023  -16.5452    8.6478 -108.7132   -0.8126   -7.4349    0.0000   -0.0000   13.2446    0.5267    3.8480   -0.1443   -0.1270    1.0845    0.0000 
   9.8191 4291.3711    5.3570   -4.7131  169.8804   25.8132  -67.4020  -76.1204   -0.8126   -7.4349    0.0000   -0.0000   13.2446    0.5267    3.8560    0.1567   -0.1931    0.9700   11.2305 
   9.8616 4291.3281    5.3776   -4.2136  167.3878   17.3293    0.9573  -41.5135   -0.8126   -7.4349    0.0000   -0.0000   13.2446    0.5267    3.8480   -0.0447   -0.0417    1.1077    2.7466 
   9.9041 4291.2856    5.3858   -3.4186  165.8699   42.8420  -34.5651  -29.9168   -0.8126   -7.4349    0.0000   -0.0000   13.2446    0.5267    3.8560   -0.0715   -0.0693    1.2036   28.2593 
   9.9466 4291.2432    6.4459   -6.5363  165.7727   27.2170  -41.4011   36.9167   -0.8126   -7.4349    0.0000   -0.0000   13.2446    0.5267    3.8480   -0.2644   -0.1768    1.1565    0.0000 
   9.9891 4291.2007    9.5593   -8.0696  167.6720   47.5417  -73.5666   49.4289   -0.8126   -7.4349    0.0000   -0.0000   13.2446    0.5267    3.8480   -0.0442   -0.1570    1.0532   32.9590 
  10.0316 4291.1582   12.6470   -8.4337  168.6399   49.4338  -36.0300  -13.3763   -0.8126   -7.4349    0.0000   -0.0000   13.2446    0.5267    3.8560   -0.1528   -0.2573    0.9309   34.8511 
  10.0741 4291.1157   14.1847   -8.6910  166.4738   33.5037  -16.0104  -54.3919   -0.8126   -7.4349    0.0000   -0.0000   13.2446    0.5267    3.8560   -0.1394   -0.1345    1.0686   18.9209 
  10.1166 4291.0732   12.8131  -10.6444  163.8633    4.5730  -14.1183  -64.0355   -0.8126   -7.4349    0.0000   -0.0000   13.2446    0.5267    3.8560   -0.3391   -0.3418    0.9617    0.0000 
  10.1591 4291.0308   13.9124  -13.5847  160.9619   51.8142  -36.7624  -31.1986   -0.8126   -7.4349    0.0000   -0.0000   13.2446    0.5267    3.8560   -0.2351   -0.1450    1.0439   37.2314 
  10.2016 4290.9883   12.6822  -13.6936  160.3655  -22.6487    6.8167    0.9059   -0.8126   -7.4349    0.0000   -0.0000   13.2446    0.5267    3.8560   -0.3557   -0.2441    1.0215  -37.2314 
  10.2441 4290.9458   12.5277  -13.7655  161.5515   -7.3899   23.2962  119.1310   -0.8126   -7.4349    0.0000   -0.0000   13.2446    0.5267    3.8560   -0.4229   -0.2410    1.0186  -21.9727 
  10.2866 4290.9033   12.3257  -13.3078  165.4562   -8.4275    0.6522    3.1032   -0.8126   -7.4349    0.0000   -0.0000   13.2446    0.5267    3.8560   -0.3042   -0.0774    1.1248    0.0000 
  10.3291 4290.8608   10.6680  -11.7205  165.4830   -9.5261   50.0906   -6.0521   -0.8126   -7.4349    0.0000   -0.0000   13.2446    0.5267    3.8560   -0.2063   -0.1953    1.0483  -24.1089 
  10.3716 4290.8184   12.2079  -11.3687  164.9588    1.9485    9.7464    5.1174   -0.8126   -7.4349    0.0000   -0.0000   13.2446    0.5267    3.8560   -0.2307   -0.2698    0.9844  -12.6343 
  10.4141 4290.7759   13.1841  -11.2502  165.0284   14.8269   11.6995   -8.1273   -0.8126   -7.4349    0.0000   -0.0000   13.2446    0.5267    3.8480   -0.4888   -0.1780    1.0964    0.2441 
  10.4566 4290.7334   12.5688  -10.0892  164.2715    8.0520   24.0897  -14.8411   -0.8126   -7.4349    0.0000   -0.0000   13.2446    0.5267    3.8560   -0.2334   -0.2578    1.0647    0.0000 
  10.4991 4290.6909   14.9668  -10.6272  164.5786   47.2976  -12.4704   89.2238   -0.8126   -7.4349    0.0000   -0.0000   13.2446    0.5267    3.8480   -0.1406   -0.0271    1.2229   32.7148 
  10.5416 4290.6484   13.9150   -9.6084  167.0840    1.5823   15.5447   26.7848   -0.8126   -7.4349    0.0000   -0.0000   13.2446    0.5267    3.8560   -0.1621   -0.2092    0.9727  -13.0005 
  10.5841 4290.6060   15.2130   -9.1086  168.2262   35.5788   13.8358   65.3590   -0.8126   -7.4349    0.0000   -0.0000   13.2446    0.5267    3.8480   -0.1587   -0.2742    1.0320   20.9961 
  10.6266 4290.5635   15.9577   -6.0654  170.4007   19.5876   44.1092   18.1789   -0.8126   -7.4349    0.0000   -0.0000   13.2446    0.5267    3.8480   -0.0679   -0.3013    0.9651    0.0000 
  10.6691 4290.5210   17.2051   -3.9608  170.8500   22.6394   28.1180   10.9157   -0.8126   -7.4349    0.0000   -0.0000   13.2446    0.5267    3.8560    0.0317   -0.2227    0.9929    8.0566 
