   0.0016 4291.0117   -0.0176   -0.1428  179.9998   -0.0452   -0.2412   -0.1097    0.0000    0.0000    0.0000    0.0000    0.0000    0.0000    3.9760   -0.0178    0.0022    1.0859    0.0000 
   0.0441 4290.9692   -0.1419   -1.0849  179.9976   -0.6555   -0.0581   -0.0487    0.0000    0.0000    0.0000    0.0000    0.0000    0.0000    3.9760   -0.0234    0.0022    1.0806  -15.5029 
   0.0866 4290.9268    0.2369   -0.7382  179.9940    0.1990    0.1250   -0.0487    0.0000    0.0000    0.0000    0.0000    0.0000    0.0000    3.9760   -0.0095   -0.0051    1.0801    0.0000 
   0.1291 4290.8843   -0.1949   -0.8373  179.9913   -0.4114    0.1250   -0.0487    0.0000    0.0000    0.0000    0.0000    0.0000    0.0000    3.9760   -0.0159    0.0024    1.0754  -15.2588 
   0.1716 4290.8418   -0.1446   -1.4733  179.9992    0.1379    0.0030    0.0124    0.0000    0.0000    0.0000    0.0000    0.0000    0.0000    3.9760   -0.0193    0.0120    1.0781    0.0000 
   0.2141 4290.7993    0.2274   -0.9542  179.9996    0.1990    0.1250    0.0734    0.0000    0.0000    0.0000    0.0000    0.0000    0.0000    3.9680   -0.0190   -0.0029    1.0869  -14.6484 
   0.2566 4290.7568   -0.0816   -0.6185  180.0005    0.1990    0.0030   -0.4149    0.0000    0.0000    0.0000    0.0000    0.0000    0.0000    3.9760   -0.0112    0.0002    1.0815    0.0000 
   0.2991 4290.7144   -0.0209   -1.1422  179.9947    1.1145   -0.2412   -0.0487    0.0000    0.0000    0.0000    0.0000    0.0000    0.0000    3.9760   -0.0168   -0.0051    1.0835  -13.7329 
   0.3416 4290.6719    0.2182   -1.2738  179.9957   -0.5335   -0.0581   -0.2318    0.0000    0.0000    0.0000    0.0000    0.0000    0.0000    3.9760   -0.0322   -0.0090    1.0833    0.0000 
   0.3841 4290.6294    0.0757   -1.0487  179.9968    0.6872    0.0640   -0.5369    0.0000    0.0000    0.0000    0.0000    0.0000    0.0000    3.9760   -0.0166   -0.0071    1.0718  -14.1602 
   0.4266 4290.5864    0.0097   -0.7507  179.9943    0.2600   -0.0581    0.0124    0.0000    0.0000    0.0000    0.0000    0.0000    0.0000    3.9760   -0.0068    0.0012    1.0808    0.0000 
   0.4691 4290.5439    0.3614   -0.5972  179.9990   -0.4114    0.1250   -0.2928    0.0000    0.0000    0.0000    0.0000    0.0000    0.0000    3.9760   -0.0076   -0.0066    1.0693  -15.2588 
   0.5116 4290.5015   -0.0060   -0.6187  179.9926    0.6262    0.3692    0.0124    0.0000    0.0000    0.0000    0.0000    0.0000    0.0000    3.9760   -0.0081    0.0007    1.0811    0.0000 
   0.5541 4290.4590   -0.2199   -1.1092  180.0024   -0.1062    0.3082   -0.2318    0.0000    0.0000    0.0000    0.0000    0.0000    0.0000    3.9760   -0.0210    0.0042    1.0837  -14.9536 
   0.5966 4290.4165   -0.1457   -1.0647  179.9976    0.2600   -0.1801   -0.1097    0.0000    0.0000    0.0000    0.0000    0.0000    0.0000    3.9760   -0.0190    0.0027    1.0791    0.0000 
   0.6391 4290.3740   -0.0974   -0.8189  179.9944    0.0159   -0.3022    0.1955    0.0000    0.0000    0.0000    0.0000    0.0000    0.0000    3.9760   -0.0134    0.0037    1.0833  -14.8315 
   0.6816 4290.3315   -0.0900   -0.7436  179.9934    0.5041    0.1250   -0.2318    0.0000    0.0000    0.0000    0.0000    0.0000    0.0000    3.9760   -0.0024    0.0090    1.0754    0.0000 
   0.7241 4290.2891    0.2856   -0.6516  179.9968    0.1990    0.2471   -0.2318    0.0000    0.0000    0.0000    0.0000    0.0000    0.0000    3.9760   -0.0115   -0.0012    1.0808  -14.6484 
   0.7666 4290.2466    0.4695   -0.9938  179.9958    0.6872    0.0640    0.2565    0.0000    0.0000    0.0000    0.0000    0.0000    0.0000    3.9760   -0.0171   -0.0117    1.0898    0.0000 
   0.8091 4290.2041    0.3361   -1.0967  180.0001    0.2600    0.1250   -0.1707    0.0000    0.0000    0.0000    0.0000    0.0000    0.0000    3.9760   -0.0208   -0.0063    1.0837  -14.5874 
   0.8516 4290.1616    0.0468   -0.8346  180.0075   -0.2893   -0.0581    0.0124    0.0000    0.0000    0.0000    0.0000    0.0000    0.0000    3.9760   -0.0164   -0.0002    1.0806    0.0000 
   0.8941 4290.1191   -0.1143   -0.4467  180.0012    0.0159   -0.1191    0.4396    0.0000    0.0000    0.0000    0.0000    0.0000    0.0000    3.9760   -0.0042    0.0117    1.0820  -14.8315 
   0.9366 4290.0767    0.1218   -0.8751  180.0122   -0.1672   -0.3022    0.3786    0.0000    0.0000    0.0000    0.0000    0.0000    0.0000    3.9760   -0.0139   -0.0027    1.0913    0.0000 
   0.9791 4290.0342   -0.3648   -0.4745  180.0026    0.3821   -0.3022    0.0124    0.0000    0.0000    0.0000    0.0000    0.0000    0.0000    3.9760    0.0010    0.0010    1.0784  -14.4653 
   1.0216 4289.9917    0.1129   -1.0058  180.0064   -0.0452    0.4302    0.0124    0.0000    0.0000    0.0000    0.0000    0.0000    0.0000    3.9760   -0.0254   -0.0022    1.0850    0.0000 
   1.0641 4289.9492    0.1339   -0.9117  180.0122   -0.0452    0.3082    0.1344    0.0000    0.0000    0.0000    0.0000    0.0000    0.0000    3.9760   -0.0081    0.0034    1.0769  -14.8926 
   1.1066 4289.9067   -0.1363   -1.0765  180.0184   -0.0452   -0.1801   -0.0487    0.0000    0.0000    0.0000    0.0000    0.0000    0.0000    3.9760   -0.0190    0.0042    1.0759    0.0000 
   1.1491 4289.8643    0.0152   -1.0631  180.0246    0.3210    0.1861    0.0734    0.0000    0.0000    0.0000    0.0000    0.0000    0.0000    3.9760   -0.0205   -0.0029    1.0842  -14.5264 
   1.1916 4289.8218    0.2751   -0.8453  180.0257    0.8093    0.3692    0.3175    0.0000    0.0000    0.0000    0.0000    0.0000    0.0000    3.9760   -0.0164   -0.0066    1.0813    0.0000 
   1.2341 4289.7793   -0.0285   -1.0314  180.0278    0.1379    0.0640   -0.2318    0.0000    0.0000    0.0000    0.0000    0.0000    0.0000    3.9760   -0.0168   -0.0007    1.0801  -14.7095 
   1.2766 4289.7368    0.0593   -1.0426  180.0328   -0.2283    0.3082    0.3786    0.0000    0.0000    0.0000    0.0000    0.0000    0.0000    3.9760   -0.0137    0.0029    1.0781    0.0000 
   1.3191 4289.6943    0.1719   -1.3313  180.0325    0.3821   -0.1801    0.1344    0.0000    0.0000    0.0000    0.0000    0.0000    0.0000    3.9760   -0.0193   -0.0054    1.0837  -14.4653 
   1.3616 4289.6519    0.2865   -0.7589  180.0249   -0.3504    0.0640   -0.0487    0.0000    0.0000    0.0000    0.0000    0.0000    0.0000    3.9760   -0.0283   -0.0059    1.0823    0.0000 
   1.4041 4289.6094   -0.1842   -0.8387  180.0146   -0.1062    0.0030    0.1955    0.0000    0.0000    0.0000    0.0000    0.0000    0.0000    3.9760   -0.0173    0.0027    1.0811  -14.9536 
   1.4466 4289.5669    0.4232   -0.8656  180.0314   -0.7166   -0.0581    0.1955    0.0000    0.0000    0.0000    0.0000    0.0000    0.0000    3.9760   -0.0295   -0.0083    1.0786    0.0000 
   1.4891 4289.5239    0.5908   -0.7669  180.0296   -0.2893   -0.1801   -0.2928    0.0000    0.0000    0.0000    0.0000    0.0000    0.0000    3.9760   -0.0151   -0.0100    1.0820  -15.1367 
   1.5316 4289.4814   -0.0234   -1.1146  180.0213   -0.2283   -0.0581   -0.0487    0.0000    0.0000    0.0000    0.0000    0.0000    0.0000    3.9760   -0.0217    0.0032    1.0823    0.0000 
   1.5741 4289.4390    0.0274   -0.7563  180.0243   -0.1672    0.1861   -0.0487    0.0000    0.0000    0.0000    0.0000    0.0000    0.0000    3.9760   -0.0029   -0.0039    1.0750  -15.0146 
   1.6166 4289.3965   -0.1972   -0.6264  180.0227   -0.1672    0.1861   -0.3538    0.0000    0.0000    0.0000    0.0000    0.0000    0.0000    3.9760   -0.0107    0.0000    1.0898    0.0000 
   1.6591 4289.3540    0.1767   -1.0937  180.0161    0.8704    0.1250    0.0124    0.0000    0.0000    0.0000    0.0000    0.0000    0.0000    3.9760   -0.0210   -0.0039    1.0825  -13.9771 
   1.7016 4289.3115    0.2963   -1.2949  180.0106    0.0769   -0.0581    0.1955    0.0000    0.0000    0.0000    0.0000    0.0000    0.0000    3.9760   -0.0271   -0.0049    1.0828    0.0000 
   1.7441 4289.2690   -0.0725   -1.1094  180.0046    0.1990   -0.1191   -0.1097    0.0000    0.0000    0.0000    0.0000    0.0000    0.0000    3.9760   -0.0200    0.0002    1.0862  -14.6484 
   1.7866 4289.2266   -0.0388   -1.2098  180.0074    0.5041    0.2471    0.1955    0.0000    0.0000    0.0000    0.0000    0.0000    0.0000    3.9760   -0.0178    0.0081    1.0923    0.0000 
   1.8291 4289.1841   -0.0229   -0.5504  180.0164   -0.2283   -0.0581    0.3786    0.0000    0.0000    0.0000    0.0000    0.0000    0.0000    3.9760   -0.0115    0.0000    1.0798  -15.0757 
   1.8716 4289.1416   -0.3248   -0.9464  180.0200    0.0159   -0.1191   -0.2318    0.0000    0.0000    0.0000    0.0000    0.0000    0.0000    3.9680   -0.0171    0.0039    1.0720    0.0000 
   1.9141 4289.0991   -0.0002   -1.0665  180.0175   -0.5945   -0.0581    0.0124    0.0000    0.0000    0.0000    0.0000    0.0000    0.0000    3.9760   -0.0198    0.0051    1.0793  -15.4419 
   1.9566 4289.0566   -0.0005   -0.9239  180.0206    0.4431    0.1250   -0.1097    0.0000    0.0000    0.0000    0.0000    0.0000    0.0000    3.9760   -0.0146    0.0068    1.0737    0.0000 
   1.9991 4289.0142   -0.0636   -1.1122  180.0228   -0.2893    0.1250   -0.1707    0.0000    0.0000    0.0000    0.0000    0.0000    0.0000    3.9760   -0.0120   -0.0042    1.0820  -15.1367 
   2.0416 4288.9717   -0.1284   -1.0339  180.0207   -0.7166   -0.0581    0.3175    0.0000    0.0000    0.0000    0.0000    0.0000    0.0000    3.9760   -0.0210    0.0020    1.0813    0.0000 
   2.0841 4288.9292    0.4120   -0.8195  180.0254    0.3210   -0.0581    0.2565    0.0000    0.0000    0.0000    0.0000    0.0000    0.0000    3.9760   -0.0159   -0.0076    1.0918  -14.5264 
   2.1266 4288.8867    0.1927   -0.9159  180.0136    0.0769    0.1250   -0.1097    0.0000    0.0000    0.0000    0.0000    0.0000    0.0000    3.9760   -0.0176   -0.0042    1.0857    0.0000 
   2.1691 4288.8442    0.4177   -1.4481  180.0127    0.2600   -0.3632    0.0734    0.0000    0.0000    0.0000    0.0000    0.0000    0.0000    3.9760   -0.0264   -0.0066    1.0852  -14.5874 
   2.2116 4288.8018   -0.3381   -1.0579  180.0226   -0.4114   -0.1191    0.0124    0.0000    0.0000    0.0000    0.0000    0.0000    0.0000    3.9760   -0.0210    0.0110    1.0820    0.0000 
   2.2541 4288.7593    0.0351   -0.8630  180.0215    0.2600    0.1861    0.2565    0.0000    0.0000    0.0000    0.0000    0.0000    0.0000    3.9760   -0.0247    0.0005    1.0857  -14.5874 
   2.2966 4288.7168   -0.0420   -1.0125  180.0300   -0.2893    0.0030   -0.7811    0.0000    0.0000    0.0000    0.0000    0.0000    0.0000    3.9760   -0.0195    0.0039    1.0820    0.0000 
   2.3391 4288.6743    0.2544   -1.1130  180.0325    0.5652    0.1250    0.4396    0.0000    0.0000    0.0000    0.0000    0.0000    0.0000    3.9760   -0.0164   -0.0049    1.0786  -14.2822 
   2.3816 4288.6318   -0.0731   -1.1421  180.0358   -0.2893   -0.1191   -0.0487    0.0000    0.0000    0.0000    0.0000    0.0000    0.0000    3.9760   -0.0220   -0.0005    1.0908    0.0000 
   2.4241 4288.5894    0.1580   -0.8882  180.0380   -0.2283    0.3082    0.1955    0.0000    0.0000    0.0000    0.0000    0.0000    0.0000    3.9760   -0.0117   -0.0051    1.0747  -15.0757 
   2.4666 4288.5469   -0.1508   -1.0957  180.0388   -0.8997    0.0030    0.1344    0.0000    0.0000    0.0000    0.0000    0.0000    0.0000    3.9760   -0.0183    0.0063    1.0742    0.0000 
   2.5091 4288.5044   -0.2546   -1.1427  180.0404   -1.0828   -0.3022   -0.2318    0.0000    0.0000    0.0000    0.0000    0.0000    0.0000    3.9760   -0.0198    0.0073    1.0720  -15.9302 
   2.5516 4288.4614   -0.1318   -1.1422  180.0384   -0.3504    0.0640   -0.1097    0.0000    0.0000    0.0000    0.0000    0.0000    0.0000    3.9760   -0.0217    0.0029    1.0781    0.0000 
   2.5941 4288.4189    0.0239   -0.8426  180.0435   -0.2893    0.0640    0.2565    0.0000    0.0000    0.0000    0.0000    0.0000    0.0000    3.9760   -0.0159   -0.0020    1.0835  -15.1367 
   2.6366 4288.3765   -0.1220   -0.8834  180.0436   -0.4724   -0.0581   -0.2928    0.0000    0.0000    0.0000    0.0000    0.0000    0.0000    3.9760   -0.0215   -0.0012    1.0918    0.0000 
   2.6791 4288.3340    0.0914   -1.2086  180.0369   -0.2283    0.0030    0.0124    0.0000    0.0000    0.0000    0.0000    0.0000    0.0000    3.9760   -0.0254   -0.0073    1.0850  -15.0757 
   2.7216 4288.2915   -0.0000   -1.0777  180.0318    0.8093    0.2471   -0.4759    0.0000    0.0000    0.0000    0.0000    0.0000    0.0000    3.9760   -0.0183   -0.0017    1.0874    0.0000 
   2.7641 4288.2490    0.4601   -1.0826  180.0277    0.2600    0.0640   -0.0487    0.0000    0.0000    0.0000    0.0000    0.0000    0.0000    3.9680   -0.0190   -0.0100    1.0847  -14.5874 
   2.8066 4288.2065   -0.4978   -1.2121  180.0291   -0.1672    0.0640    0.0734    0.0000    0.0000    0.0000    0.0000    0.0000    0.0000    3.9760   -0.0217    0.0100    1.0823    0.0000 
   2.8491 4288.1641   -0.1003   -1.1462  180.0246   -0.5335    0.0030    0.0124    0.0000    0.0000    0.0000    0.0000    0.0000    0.0000    3.9760   -0.0222    0.0020    1.0920  -15.3809 
   2.8916 4288.1216    0.1117   -1.2537  180.0286    0.0159   -0.0581    0.1344    0.0000    0.0000    0.0000    0.0000    0.0000    0.0000    3.9760   -0.0232   -0.0022    1.0823    0.0000 
   2.9341 4288.0791    0.3482   -0.9893  180.0243    0.3821    0.1861   -0.3538    0.0000    0.0000    0.0000    0.0000    0.0000    0.0000    3.9760   -0.0225   -0.0134    1.0896  -14.4653 
   2.9766 4288.0366    0.1704   -0.8429  180.0165   -0.2283   -0.1801    0.0734    0.0000    0.0000    0.0000    0.0000    0.0000    0.0000    3.9760   -0.0193   -0.0063    1.0837    0.0000 
   3.0191 4287.9941    0.0880   -1.1303  180.0179   -0.5945    0.0030    0.1344    0.0000    0.0000    0.0000    0.0000    0.0000    0.0000    3.9760   -0.0247   -0.0122    1.0728  -15.4419 
   3.0616 4287.9517   -0.0238   -0.8611  180.0182   -0.2283   -0.1801   -0.2318    0.0000    0.0000    0.0000    0.0000    0.0000    0.0000    3.9760   -0.0137    0.0083    1.0835    0.0000 
   3.1041 4287.9092   -0.0711   -0.9911  180.0320   -0.1672    0.0640    0.3175    0.0000    0.0000    0.0000    0.0000    0.0000    0.0000    3.9760   -0.0178    0.0010    1.0750  -15.0146 
   3.1466 4287.8667   -0.0217   -1.0186  180.0353   -0.2283   -0.1801    0.1955    0.0000    0.0000    0.0000    0.0000    0.0000    0.0000    3.9760   -0.0098   -0.0034    1.0742    0.0000 
   3.1891 4287.8242    0.0836   -0.7960  180.0261    0.0159    0.1861   -0.2318    0.0000    0.0000    0.0000    0.0000    0.0000    0.0000    3.9760   -0.0269   -0.0046    1.0793  -14.8315 
   3.2316 4287.7817    0.3199   -0.9739  180.0222   -1.2048   -0.3022    0.0124    0.0000    0.0000    0.0000    0.0000    0.0000    0.0000    3.9760   -0.0178   -0.0066    1.0828    0.0000 
   3.2741 4287.7393    0.3603   -0.9566  180.0297    0.0769    0.3082   -0.1097    0.0000    0.0000    0.0000    0.0000    0.0000    0.0000    3.9760   -0.0181   -0.0066    1.0859  -14.7705 
   3.3166 4287.6968   -0.1926   -1.1035  180.0377   -0.4724   -0.3022   -0.4149    0.0000    0.0000    0.0000    0.0000    0.0000    0.0000    3.9760   -0.0083   -0.0020    1.0750    0.0000 
   3.3591 4287.6543    0.2543   -1.1507  180.0336   -0.5335   -0.0581   -0.1097    0.0000    0.0000    0.0000    0.0000    0.0000    0.0000    3.9760   -0.0171   -0.0112    1.0833  -15.3809 
   3.4016 4287.6118   -0.1867   -1.1254  180.0321   -0.8997   -0.4243    0.1955    0.0000    0.0000    0.0000    0.0000    0.0000    0.0000    3.9760   -0.0222    0.0029    1.0793    0.0000 
   3.4441 4287.5693    0.4296   -0.9824  180.0502   -0.4114   -0.0581    0.5617    0.0000    0.0000    0.0000    0.0000    0.0000    0.0000    3.9760   -0.0105   -0.0071    1.0698  -15.2588 
   3.4866 4287.5269    0.2374   -1.2125  180.0485   -0.1672   -0.1191   -0.1097    0.0000    0.0000    0.0000    0.0000    0.0000    0.0000    3.9760   -0.0242   -0.0046    1.0828    0.0000 
   3.5291 4287.4844   -0.0349   -1.0157  180.0469   -0.1062    0.2471   -0.1097    0.0000    0.0000    0.0000    0.0000    0.0000    0.0000    3.9760   -0.0193    0.0007    1.0757  -14.9536 
   3.5716 4287.4419    0.0757   -0.6729  180.0578    0.2600    0.4913   -0.0487    0.0000    0.0000    0.0000    0.0000    0.0000    0.0000    3.9760   -0.0083   -0.0012    1.0710    0.0000 
   3.6141 4287.3989    0.2013   -1.0550  180.0593    0.5652   -0.1191   -0.2928    0.0000    0.0000    0.0000    0.0000    0.0000    0.0000    3.9760   -0.0205   -0.0044    1.0906  -14.2822 
   3.6566 4287.3564   -0.1416   -0.9093  180.0482    0.1990    0.0030   -0.2928    0.0000    0.0000    0.0000    0.0000    0.0000    0.0000    3.9760   -0.0322    0.0049    1.0862    0.0000 
   3.6991 4287.3140    0.0194   -1.1479  180.0589   -0.2893    0.1861   -0.1707    0.0000    0.0000    0.0000    0.0000    0.0000    0.0000    3.9760   -0.0234   -0.0066    1.0769  -15.1367 
   3.7416 4287.2715   -0.1074   -0.9460  180.0614    0.1379   -0.0581    0.2565    0.0000    0.0000    0.0000    0.0000    0.0000    0.0000    3.9760   -0.0166    0.0076    1.0791    0.0000 
   3.7841 4287.2290    0.1164   -1.0234  180.0719   -1.0217   -0.1191    0.1955    0.0000    0.0000    0.0000    0.0000    0.0000    0.0000    3.9760   -0.0195   -0.0032    1.0798  -15.8691 
   3.8266 4287.1865   -0.1221   -0.7140  180.0913   -0.6555   -0.0581    0.1344    0.0000    0.0000    0.0000    0.0000    0.0000    0.0000    3.9760   -0.0134    0.0027    1.0908    0.0000 
   3.8691 4287.1440   -0.2872   -1.0471  180.0834    0.0769    0.1250   -0.1097    0.0000    0.0000    0.0000    0.0000    0.0000    0.0000    3.9760   -0.0171    0.0105    1.0679  -14.7705 
   3.9116 4287.1016   -0.0414   -0.9937  180.1010   -0.8386    0.1250    0.3786    0.0000    0.0000    0.0000    0.0000    0.0000    0.0000    3.9760   -0.0171    0.0029    1.0872    0.0000 
   3.9541 4287.0591    0.2240   -0.8681  180.1008    0.1379    0.0640   -0.0487    0.0000    0.0000    0.0000    0.0000    0.0000    0.0000    3.9760   -0.0273   -0.0056    1.0764  -14.7095 
   3.9966 4287.0166    0.1756   -0.7392  180.1091    0.5041    0.0030    0.3175    0.0000    0.0000    0.0000    0.0000    0.0000    0.0000    3.9760   -0.0208   -0.0081    1.0833    0.0000 
   4.0391 4286.9741    0.1538   -1.1923  180.1080   -0.1062   -0.1191    0.0124    0.0000    0.0000    0.0000    0.0000    0.0000    0.0000    3.9760   -0.0247   -0.0024    1.0808  -14.9536 
   4.1491    0.0009    0.0000    0.0000  180.1058   -0.1062   -0.0581    0.5006    0.0000    0.0000    0.0000    0.0000    0.0000    0.0000    3.9760   -0.0232   -0.0071    1.0793  -14.9536 
   4.1916    0.0014    0.0000    0.0000  180.1107   -0.4724   -0.0581    0.5006    0.0000    0.0000    0.0000    0.0000    0.0000    0.0377    3.9760   -0.0232   -0.0027    1.0842  -15.3198 
   4.2341    0.0009    0.0000    0.0000  180.1070   -0.2283    0.1861   -0.2928    0.0000    0.0000    0.0000    0.0000    0.0000    0.0798    3.9760   -0.0232   -0.0037    1.0769  -15.0757 
   4.2766    0.0009    0.0000    0.0000  180.1150   -0.2893    0.2471   -0.1707    0.0000    0.0000    0.0000    0.0000    0.0000    0.0857    3.9680   -0.0249    0.0007    1.0884  -15.1367 
   4.3191    0.0009    0.0000    0.0000  180.1121   -0.4114   -0.1801    0.3786    0.0000    0.0000    0.0000    0.0000    0.0000    0.0857    3.9760   -0.0151    0.0076    1.0813  -15.2588 
   4.3616    0.0014    0.0000    0.0000  180.1213   -0.5335    0.3082   -0.1707    0.0000    0.0000    0.0000    0.0000    0.0000    0.0798    3.9680   -0.0171   -0.0027    1.0862  -15.3809 
   4.4041    0.0009    0.0000    0.0000  180.1155   -0.4114    0.0030    0.1955    0.0000    0.0000    0.0000    0.0000    0.0000    0.0798    3.9760   -0.0234   -0.0049    1.0842  -15.2588 
   4.4466    0.0009    0.0000    0.0000  180.1127   -0.2283   -0.0581   -0.1097    0.0000    0.0000    0.0000    0.0000    0.0000    0.0798    3.9760   -0.0247   -0.0078    1.0803  -15.0757 
   4.4891    0.0009    0.0000    0.0000  180.1108    0.4431   -0.3022   -0.5980    0.0000    0.0000    0.0000    0.0000    0.0000    0.0857    3.9760   -0.0120   -0.0015    1.0842  -14.4043 
   4.5316    0.0014    0.0000    0.0000  180.1039    0.0159    0.1250    0.1955    0.0000    0.0000    0.0000    0.0000    0.0000    0.0857    3.9760   -0.0146   -0.0063    1.0852  -14.8315 
   4.5741    0.0009    0.0000    0.0000  180.1082    0.3210    0.1861    0.0734    0.0000    0.0000    0.0000    0.0000    0.0000    0.0973    3.9680   -0.0227    0.0029    1.0879  -14.5264 
   4.6166    0.0010   -0.0482    0.1983  180.1189   -0.7166    0.0030   -0.1707    0.3135   -2.1935    0.0000   -0.0000    0.0000    0.1476    3.9280   -0.0122   -0.0037    1.0859    0.0030 
   4.6591    0.0010    0.6211    0.2230  180.1251   -0.6555    0.3692    0.5006   -1.2486   -5.3225   -0.0000   -0.0000    0.0000    0.2151    3.8960   -0.0247   -0.0059    1.0801   -0.0087 
   4.7016    0.0015    0.2692   -0.0576  180.1293    0.5041    0.0030    1.9045    1.3241   -5.4988    0.0000   -0.0000    0.0000    0.2200    3.8880    0.0264   -0.0056    1.0903   -0.0332 
   4.7441    0.0010    0.2347   -0.1688  180.1313   -1.1438    2.0171    0.1344    4.6021   -5.4267    0.0000   -0.0000    0.0000    0.2810    3.8400   -0.0256    0.0454    1.1021   -0.0023 
   4.7866    0.0010   -0.6648   -0.4412  180.2645   -2.3645    1.5289    4.7731    4.2030   -7.5033    0.0000   -0.0000    0.5636    0.2810    3.8560   -0.2124    0.0659    1.2405   -0.0735 
   4.8291    0.0010   -0.3981   -0.6439  180.5384    2.6404   -2.9877    6.4211    1.8665   -8.9316    0.0000   -0.0000    0.5636    0.2810    3.8560   -0.1133   -0.2227    1.0649   -0.1022 
   4.8716    0.0015   -0.3533   -0.4290  180.8665   -0.8386    5.6182    5.3224    1.2190   -8.3575    0.0000   -0.0000    1.1272    0.2810    3.8560    0.3767   -0.0854    1.2959   -0.0732 
   4.9141    0.0010   -0.2986   -0.9338  180.7459    0.8093    2.2613   -7.6170    1.2503   -5.5833    0.0000   -0.0000    1.4090    0.2854    3.8400    0.0505   -0.5557    1.1064    0.1575 
   4.9566    0.0010    0.1315   -1.1254  180.4189   -1.3879   -1.5229   -1.6356    1.3016   -3.0177    0.0000   -0.0000    1.6908    0.2986    3.8400    0.0742   -0.5342    2.2410    0.0581 
   4.9991    0.0010   -0.0302   -0.5408  180.5314  -33.2483   14.9566    5.1393    2.8494   -3.3601    0.0000   -0.0000    1.9726    0.3443    3.8160   -0.3853    0.2183   -1.2888   -0.0553 
   5.0416    0.0015   -0.6909   -2.1362  180.7412    9.6594  -29.5991    2.1486    2.9854   -2.9110    0.0000   -0.0000    1.9726    0.3826    3.7760   -0.0442    0.1011    1.4731   -0.0031 
   5.0841    0.0010   -2.2286   -1.7415  180.7007   27.5427    2.5054    3.4303    2.0365   -5.0297    0.0000   -0.0000    1.9726    0.3899    3.7840    0.3196    0.3059    1.5786   -0.0254 
   5.1266    0.0010   -2.0003   -1.1520  180.6378    4.7766   29.9712    0.8058    2.4256   -2.0972    0.0000   -0.0000    1.9726    0.3935    3.7600    0.0505    0.8621    0.3992    0.0204 
   5.1691    0.0010   -2.6711   -1.8829  180.6715   21.7444  -24.9604   -1.2694    0.0973   -1.3153    0.0000    0.0000    1.9726    0.3935    3.7760   -0.8855    0.6060    0.7544    0.0566 
   5.2116    0.0015   -1.9046   -1.5196  180.6676    5.2038   29.7881    3.7965    0.1816   -2.5555    0.0000   -0.0000    1.9726    0.3970    3.7760    0.3130   -0.3572   -0.3972   -0.0318 
   5.2541    0.0010   -2.9222   -0.4394  180.7211   -4.6838  -10.3120    3.0641    0.9133   -5.9905    0.0000   -0.0000    1.6908    0.3970    3.7840    0.2776    0.2510    2.1409   -0.0240 
   5.2966    0.0010   -2.6140   -0.6111  180.7732   15.8850    1.1626    0.8669    2.7381   -4.4882    0.0000   -0.0000    1.6908    0.3970    3.7760    0.1790    0.6040    0.6211    0.0144 
   5.3391    0.0010   -3.0617   -1.3073  180.8935   10.5749    4.0313    4.4679    1.9949   -3.2035    0.0000   -0.0000    1.6908    0.4006    3.7840   -0.2034    0.0503    1.2822   -0.0485 
   5.3816    0.0015   -3.0463   -0.3010  180.9654   13.0774   20.6939    0.3175    1.6809   -1.6528    0.0000   -0.0000    2.2544    0.4594    3.7120    0.2451   -0.4988    0.0383    0.0338 
   5.4241    0.0010   -1.5825   -1.0331  180.9435  -10.0549  -22.0307    0.5617    0.7681   -4.0168    0.0000   -0.0000    2.2544    0.4624    3.7120    0.2776   -0.3040    0.6382    0.0295 
   5.4666    0.0010   -2.1273   -0.5371  181.0871   -4.1956   37.0513    2.0876    1.2920   -6.7995    0.0000   -0.0000    2.2544    0.4741    3.6960   -0.3792    0.0803    1.6089    0.0029 
   5.5091    0.0010   -0.4711   -0.3189  181.1732   50.2478  -42.2334    0.8058    0.1928   -4.6578    0.0000   -0.0000    2.5362    0.4826    3.6880    0.4011   -1.0388    1.0400    0.0302 
   5.5516    0.0015   -1.8802   -1.5376  181.2562  -54.4275    3.9092    2.6979   -0.4361   -2.1099    0.0000   -0.0000    2.2544    0.4854    3.6960   -0.7209   -0.0896    1.9468   -0.0077 
   5.5941    0.0010   -1.8898    0.4817  181.4478   19.1199   25.4546    2.0265   -2.0855   -2.0871   -0.0000   -0.0000    2.5362    0.4854    3.7040    0.1521   -0.8132    1.0134    0.0089 
   5.6366    0.0010   -0.7661    0.5109  181.5666    5.9973  -23.0073   -2.4290   -1.4242   -4.6280   -0.0000   -0.0000    2.2544    0.4882    3.6880    0.3047    0.8127    0.4360    0.0817 
   5.6791    0.0010   -1.9184    0.3869  181.6176  -28.9758   13.1866    2.4538   -1.0549   -4.9353    0.0000   -0.0000    2.5362    0.4990    3.6720   -0.3613   -0.3945    1.0703    0.0014 
   5.7216    0.0015   -2.3475    1.1982  181.7287   30.9607   -3.1098    2.6979   -1.4721   -3.6736    0.0000   -0.0000    2.5362    0.5290    3.6560   -0.8389   -1.0994    0.3882   -0.0028 
   5.7641    0.0011   -0.9950    1.1688  181.8053    2.6404  -11.5327   -3.1615   -1.6718   -3.9379   -0.0000   -0.0000    2.2544    0.5314    3.6560   -0.5667    0.9546    1.3884    0.0945 
   5.8066    0.0011   -1.9537    0.8250  181.8009  -43.0750    2.5054    0.8669   -1.1190   -6.7974    0.0000   -0.0000    2.5362    0.5337    3.6480   -0.4238   -0.5142    1.3767    0.0291 
   5.8491    0.0010   -2.3731    1.3580  181.8596   16.6174    4.8248    0.5006   -2.4199   -6.3797   -0.0000   -0.0000    2.5362    0.5493    3.6320   -0.3931   -1.7361    0.6848    0.0355 
   5.8916    0.0015   -0.2386    1.5773  182.0027   48.4778   14.1021    4.8952   -2.5362   -4.7745   -0.0000   -0.0000    2.2544    0.5515    3.6240    0.0430    1.7078    1.1438   -0.0461 
   5.9341    0.0010   -0.9377    2.0114  182.0656  -60.1648    5.6792    3.1862   -1.1824   -5.4715   -0.0000   -0.0000    2.2544    0.5493    3.6160   -1.0740   -0.1587    1.2354   -0.0163 
   5.9766    0.0010   -2.9841    2.6221  182.0244    6.7297   -5.3071    2.8200    0.2608   -5.2191    0.0000   -0.0000    2.5362    0.5557    3.6320    0.4678   -0.0481    1.2439   -0.0050 
   6.0191    0.0010   -0.4154    3.1092  182.1740   65.4455   10.5010    2.8810   -0.7213   -4.7993   -0.0000   -0.0000    2.5362    0.5639    3.6160   -0.9517    0.2910    1.7146   -0.0060 
   6.0616    0.0015   -1.2353    3.9149  182.2306  -54.1223   11.2334    4.7731   -1.2920   -4.8416   -0.0000   -0.0000    2.5362    0.5639    3.6080    0.0239   -2.5969    0.8213   -0.0390 
   6.1041    0.0010   -4.1012    3.9858  182.1824  -21.5906    0.9795    3.1252   -2.0270   -4.1868    0.0000   -0.0000    2.5362    0.5639    3.6080   -0.6992   -1.0723    0.0291   -0.0103 
   6.1466    0.0010   -2.6001    4.1003  182.4149   99.1980   16.8487   -3.8939   -2.0267   -4.5376    0.0000   -0.0000    2.5362    0.5639    3.5920   -0.7708    2.9065    1.8535    0.1122 
   6.1891    0.0010   -1.4197    4.5036  182.5952  -37.9480   11.0503    3.0031   -1.2138   -5.8170    0.0000   -0.0000    2.5362    0.5698    3.6160   -0.5879   -1.0227    0.4739   -0.0081 
   6.2316    0.0015   -4.9987    4.7105  182.4398  -76.6443    0.4913    4.5290   -1.5971   -4.7877    0.0000   -0.0000    2.2544    0.5717    3.6080    0.2085   -3.1475   -0.0732   -0.0397 
   6.2741    0.0010   -4.1439    4.8869  182.6133   70.3284   12.3321    2.9421   -1.9561   -4.3194    0.0000   -0.0000    2.5362    0.5717    3.6240   -0.1550    1.2273    2.2600   -0.0071 
   6.3166    0.0010   -0.8846    5.3342  182.9632    6.8518   21.0601    2.5148   -1.9496   -4.4419   -0.0000   -0.0000    2.2544    0.5717    3.6080    0.1855    1.7397    1.7751   -0.0045 
   6.3591    0.0010   -3.8892    5.3519  182.7963 -100.3259   -7.0161    0.3786   -0.6410   -4.5628    0.0000   -0.0000    2.2544    0.5717    3.5680   -0.5427   -4.6770    1.3091    0.0327 
   6.4016    0.0015   -4.8489    4.5236  182.7741   68.0701  -10.0678    2.9421   -0.8830   -5.1001    0.0000   -0.0000    2.5362    0.5717    3.6000    1.3567    2.2458    1.1160   -0.0071 
   6.4441    0.0010   -0.5272    4.0359  183.1013   55.0085    9.2193    1.3551   -1.6309   -5.2726   -0.0000   -0.0000    2.2544    0.5717    3.6000   -0.1987    2.7446    0.6162    0.0157 
   6.4866    0.0010   -1.4559    4.5134  183.0464  -88.2410   11.4776    0.3786   -2.2129   -4.2308   -0.0000   -0.0000    2.5362    0.5736    3.5840    0.9482   -0.3948    0.9387    0.0377 
   6.5291    0.0010   -4.5269    5.0739  182.8173  -25.6799    2.2002    2.6979   -2.4279   -3.9203    0.0000   -0.0000    2.2544    0.5717    3.6000    0.2158    1.8835    0.8374   -0.0077 
   6.5716    0.0015   -1.9051    5.2702  183.0779  108.9636   -8.4809    1.5382   -1.5718   -4.6335    0.0000   -0.0000    2.5362    0.5736    3.5760   -0.8535   -2.3640    1.3284    0.0174 
   6.6141    0.0010   -0.0549    5.4954  183.1861  -36.3611    4.1534   -2.9173   -1.8371   -4.7370   -0.0000   -0.0000    2.5362    0.5736    3.5920    0.9434   -1.3662    1.0015    0.0952 
   6.6566    0.0010   -4.6158    5.1160  182.9382  -72.1887    0.7354    0.9279   -1.4513   -4.2165    0.0000   -0.0000    2.2544    0.5717    3.5680   -0.3711    0.1121    0.6890    0.0232 
   6.6991    0.0010   -3.5323    5.3414  183.0663   91.9348    2.5054    9.2287   -1.5739   -5.5632    0.0000   -0.0000    2.5362    0.5736    3.5840    0.7515    0.6519    1.0752   -0.1168 
   6.7416    0.0015   -0.3741    5.6295  183.3780   -6.0877    0.1861    0.6227   -1.4376   -3.9933   -0.0000   -0.0000    2.5362    0.5736    3.5920    1.2314   -0.1865    0.0361    0.0334 
   6.7841    0.0010   -4.2483    5.3082  183.1980  -97.6404   -4.2695    0.6227   -2.3158   -4.7126    0.0000   -0.0000    2.5362    0.5755    3.5600    0.3689    1.7961    0.8005    0.0334 
   6.8266    0.0010   -5.4762    5.1158  183.1526   59.3420   -5.4292    4.2848   -2.0067   -5.8792    0.0000   -0.0000    2.5362    0.5755    3.5920    0.7288   -2.9514    1.0581   -0.0305 
   6.8691    0.0010   -1.4417    5.4773  183.5625   55.4968    8.3648    8.9845   -1.4325   -5.5299    0.0000   -0.0000    2.5362    0.5792    3.5920   -0.4929   -1.1343    0.7891   -0.1125 
   6.9116    0.0015   -2.7422    5.1340  183.5909  -77.0715   10.8062   -0.2318   -1.2814   -5.1530    0.0000   -0.0000    2.5362    0.5792    3.5760    0.7852    1.6594    0.4590    0.0483 
   6.9541    0.0010   -5.8430    4.0013  183.5063  -63.5217  -19.7724    3.2472   -1.5919   -5.6861    0.0000   -0.0000    2.5362    0.5792    3.5680   -0.4138   -0.7397    1.2546   -0.0124 
   6.9966    0.0010   -1.8326    3.1053  183.7018  124.5886   -5.1240   -1.8797   -1.1971   -5.0239    0.0000   -0.0000    2.5362    0.5792    3.5520    0.7944   -0.9846    1.3308    0.0771 
   7.0391    0.0010    0.1680    3.0485  183.8605  -54.7937    3.2378    2.3927   -1.3517   -5.2853   -0.0000   -0.0000    2.5362    0.5792    3.5840    0.1819   -1.7686    0.5354    0.0025 
   7.0816    0.0015   -4.3896    2.7745  183.8241 -109.4812   -4.5747    2.0876   -1.3503   -6.1337    0.0000   -0.0000    2.5362    0.5792    3.5520    1.8159   -0.7610    0.8701    0.0078 
   7.1241    0.0010   -4.0325    1.9389  183.9335  120.8044  -16.5376    4.8341   -1.6220   -5.4825    0.0000   -0.0000    2.5362    0.5792    3.5520    0.2734    0.9851    0.9702   -0.0401 
   7.1666    0.0010    0.1821    1.8420  184.0812   29.6789    8.4869    1.1720   -1.3355   -6.4180   -0.0000   -0.0000    2.5362    0.5792    3.5760    0.3628    0.3594    0.0098    0.0238 
   7.2091    0.0010   -2.8371    2.0439  184.1294 -128.4021    0.6744   -0.3538   -0.8098   -6.1668    0.0000   -0.0000    2.5362    0.5811    3.5360    0.0833   -0.9385    1.4839    0.0504 
   7.2516    0.0015   -5.6949    1.6244  184.1508   24.8572  -17.6362    2.7589   -0.6642   -7.1192    0.0000   -0.0000    2.5362    0.5811    3.5840    0.7498    0.1350    1.3174   -0.0039 
   7.2941    0.0010   -0.1492    0.7727  184.3290  135.0256   -0.0581    5.0173   -0.6204   -6.1418   -0.0000   -0.0000    2.5362    0.5811    3.5600   -0.8135   -1.9399    0.8687   -0.0433 
   7.3366    0.0010   -0.2869    1.3484  184.4390 -103.0115    3.4209    0.6227   -1.3182   -6.9433   -0.0000   -0.0000    2.5362    0.5811    3.5520    0.0613    2.8091    0.6687    0.0334 
   7.3791    0.0010   -4.8717    0.6772  184.4856  -26.6565  -19.4062    1.3551   -1.1734   -6.3789    0.0000   -0.0000    2.5362    0.5811    3.5680    1.1438    1.8320    0.1584    0.0206 
   7.4216    0.0015   -1.7117   -0.3361  184.5124  141.4343  -14.9506    3.6134   -1.2971   -6.1274    0.0000   -0.0000    2.5362    0.5811    3.5520    1.0715   -2.6599    1.0203   -0.0188 
   7.4641    0.0010    1.0744   -0.1167  184.4722   -8.3460   14.3462   -1.6356   -1.1668   -7.4849   -0.0000   -0.0000    2.5362    0.5811    3.5760    0.3284    0.2854    1.3110    0.0728 
   7.5066    0.0011   -3.9684    0.1175  184.6125 -128.2800  -14.1572   -1.8797   -0.8022   -7.5383    0.0000   -0.0000    2.5362    0.5811    3.5360   -0.5723   -3.6445    0.9868    0.0771 
   7.5491    0.0010   -4.7062   -0.7460  184.6473  113.4192  -24.3500    0.3175   -0.4040   -7.3357    0.0000   -0.0000    2.5362    0.5811    3.5440   -0.0618   -0.6775    1.6965    0.0387 
   7.5916    0.0015    2.7579   -1.3165  184.3710  139.0539    2.0171   -0.5369   -0.6969   -7.2291   -0.0000   -0.0000    2.5362    0.5829    3.5440   -1.0720    2.5894    1.4988    0.0536 
   7.6341    0.0010    0.3392   -0.7932  184.4439 -155.3797    8.7920   -2.9173   -1.0156   -7.0184   -0.0000   -0.0000    2.5362    0.5811    3.5120   -0.0762    0.7195    1.2166    0.0952 
   7.6766    0.0010   -4.8153   -0.8728  184.5247   11.3684   -9.0913    0.9279   -0.9652   -7.0399    0.0000   -0.0000    2.5362    0.5829    3.5760   -0.4990   -0.7156    2.0549    0.0281 
   7.7191    0.0010    0.6840   -1.4697  184.4358  176.5906   -4.3916    2.7589   -0.2570   -7.5435   -0.0000   -0.0000    2.5362    0.5829    3.5120   -0.4121   -0.7942    1.1665   -0.0039 
   7.7616    0.0015    3.9118   -1.1362  184.3150  -81.7713   10.5010   -0.5369   -0.5266   -6.9139   -0.0000   -0.0000    2.5362    0.5846    3.5600    0.6411   -0.3474    0.2620    0.0536 
   7.8041    0.0010   -2.4943   -1.2928  184.5578 -146.7737  -12.1430    1.7824   -1.1822   -7.6131    0.0000   -0.0000    2.5362    0.5829    3.5200   -0.5317    3.5781    0.9067    0.0132 
   7.8466    0.0010   -2.3605   -1.8854  184.5835  147.4768  -15.7441    0.9279   -0.3326   -7.7896    0.0000   -0.0000    2.5362    0.5846    3.5200   -0.1206    0.2537    1.6128    0.0281 
   7.8891    0.0010    3.9156   -1.6814  184.3475   66.4831   18.3135    2.3927   -0.6729   -7.8359   -0.0000   -0.0000    2.5362    0.5846    3.5760   -0.0083    1.9873    0.7620    0.0025 
   7.9316    0.0015    0.5182   -1.2170  184.5503 -186.7517   -2.3774    1.0500   -0.6825   -7.9760   -0.0000   -0.0000    2.2544    0.5846    3.5040   -1.6177   -0.5569    2.0071    0.0210 
   7.9741    0.0010   -3.0843   -1.3737  184.7453   57.9382  -27.8901   -4.0160   -0.0400   -8.1160    0.0000   -0.0000    2.5362    0.5846    3.5600   -1.9482   -0.7380    1.5671    0.1144 
   8.0166    0.0010    3.7149   -1.3465  184.5931  162.9797   10.7452    0.1344   -0.9009   -7.1522   -0.0000   -0.0000    2.5362    0.5846    3.5040   -1.1160   -2.2002    1.9299    0.0419 
   8.0591    0.0010    3.9366   -0.5303  184.6337 -146.4075    8.8531    4.3459   -0.0710   -8.3073   -0.0000   -0.0000    2.5362    0.5846    3.5520    0.1990   -2.3943    1.7661   -0.0316 
   8.1016    0.0015   -2.9501   -0.3141  184.8683  -79.6350   -8.9692    2.6369    0.3301   -7.3953    0.0000   -0.0000    2.5362    0.5846    3.5360    2.9714    0.8608    0.1863   -0.0018 
   8.1441    0.0010   -0.1892   -1.1367  184.9164  175.3088   -8.0537    5.9938   -0.8517   -7.0549   -0.0000   -0.0000    2.2544    0.5846    3.5120   -0.0251    0.6814    0.9641   -0.0653 
   8.1866    0.0010    4.7409   -0.6931  184.8242   16.6785   26.5533   -0.8421    0.2459   -6.8841   -0.0000   -0.0000    2.5362    0.5846    3.5600    1.5210   -0.4531    0.4209    0.0590 
   8.2291    0.0010   -0.8627   -0.1230  185.0305 -194.2590    4.0923    0.0124   -0.3193   -7.5927    0.0000   -0.0000    2.5362    0.5846    3.4880    1.4653   -0.8877    0.1409    0.0440 
   8.2716    0.0015   -2.6899   -0.3617  185.1237  116.2878   -4.3916    7.0924    0.3424   -8.5152    0.0000   -0.0000    2.5362    0.5846    3.5440    1.2371    1.1782    1.3118   -0.0795 
   8.3141    0.0010    5.1152   -0.1325  185.1161  110.0622    3.3599    1.7824   -0.0994   -7.3434   -0.0000   -0.0000    2.5362    0.5846    3.5520   -1.6533   -0.1875    1.0381    0.0132 
   8.3566    0.0010    3.6421    1.9307  185.1719 -172.2253   18.5577   -2.1849   -0.1083   -8.1588   -0.0000   -0.0000    2.5362    0.5846    3.4960    0.8027   -0.1538    0.9661    0.0824 
   8.3991    0.0010   -3.0061    1.8264  184.9934   -2.8528    6.8999   -0.6590   -0.2373   -8.1798    0.0000   -0.0000    2.5362    0.5846    3.5280   -0.6685    0.2144    0.8098    0.0558 
   8.4416    0.0015    2.9036    2.0994  185.2164  209.7327   13.4917   -0.9032    0.0968   -7.7650   -0.0000   -0.0000    2.5362    0.5846    3.4880    0.0435    2.5959    0.9004    0.0600 
   8.4841    0.0010    7.5174    3.3878  185.3463  -56.8689   32.7178    1.8434   -0.3324   -8.1218   -0.0000   -0.0000    2.5362    0.5846    3.5520    0.2070   -0.9507    1.2546    0.0121 
   8.5266    0.0010    1.0314    4.3414  184.9138 -180.9534   18.3746   -3.4666   -0.4527   -7.4885   -0.0000   -0.0000    2.5362    0.5846    3.4960    0.6741   -0.6196    1.3174    0.1048 
   8.5691    0.0010    0.6581    4.5420  184.9724  146.0730    0.6133    5.1393    0.2148   -7.4937   -0.0000   -0.0000    2.5362    0.5846    3.5360    0.3000    0.7183    0.2598   -0.0454 
   8.6116    0.0015    8.1626    4.3424  185.5291  133.2556   14.1021    1.4162   -0.2394   -7.8445   -0.0000   -0.0000    2.5362    0.5846    3.5360   -0.3779    0.4768    1.0891    0.0195 
   8.6541    0.0010    4.7903    5.3320  185.5209 -180.7703   10.3179    3.9186   -1.0075   -7.4762   -0.0000   -0.0000    2.5362    0.5846    3.4800   -0.3630    0.2427    1.1619   -0.0241 
   8.6966    0.0010   -1.7249    4.8813  185.1603   -1.8762  -18.3076    2.9421   -0.7748   -7.9108    0.0000   -0.0000    2.5362    0.5846    3.5440   -1.1243    0.3296    1.6714   -0.0071 
   8.7391    0.0010    4.1849    3.8908  185.7239  212.4792  -10.8002    3.5524   -0.7839   -8.1488   -0.0000   -0.0000    2.5362    0.5846    3.4640   -0.8125   -0.6794    0.6104   -0.0177 
   8.7816    0.0015    8.1483    4.4580  186.0167  -71.3953   26.7364    2.0265   -1.6381   -8.0990   -0.0000   -0.0000    2.5362    0.5846    3.5520    1.3213   -0.6802    0.5581    0.0089 
   8.8241    0.0010    1.7053    5.1811  185.5455 -129.6228   11.5997   -2.6732   -0.9173   -8.1066   -0.0000   -0.0000    2.5362    0.5846    3.5040    1.6575   -0.5039    0.2217    0.0909 
   8.8666    0.0010    1.5869    4.8253  185.5716  144.4250  -17.3310    5.4445   -0.3789   -8.7703   -0.0000   -0.0000    2.5362    0.5811    3.5280    0.6719    0.4114    0.9072   -0.0508 
   8.9091    0.0010    8.6328    4.3878  185.9146  132.7063   -1.2788   -3.9549   -1.7600   -9.9793   -0.0000   -0.0000    2.8180    0.5383    3.5520   -1.5713   -0.8721    1.3057    0.1182 
   8.9516    0.0015    7.0690    5.2394  185.7315 -151.9617   11.2334    1.8434   -2.4537   -9.5949   -0.0000   -0.0000    2.2544    0.4653    3.6240    0.3572   -0.6794    1.1013    0.0072 
   8.9941    0.0010    0.0379    5.4836  185.0794 -106.2463   -2.8046   -3.7108   -4.1347  -11.1469   -0.0000   -0.0000    2.2544    0.4408    3.6800    0.3447    0.9785    0.7954    0.1041 
   9.0366    0.0010    1.0272    5.0748  185.1069  120.3772   -8.4809   -0.6590   -3.2184   -9.0023   -0.0000   -0.0000    2.2544    0.4683    3.6400    0.2793    1.2288    0.1021    0.0508 
   9.0791    0.0010    6.6520    4.6922  185.4634   59.8913   -6.8940   -0.1707   -1.4052   -7.7079   -0.0000   -0.0000    2.2544    0.4990    3.6240   -0.8254   -1.2358    1.5115    0.0423 
   9.1216    0.0015    4.0104    4.3788  185.2801 -165.5725   -3.7202   -1.3304   -0.5515   -8.5309   -0.0000   -0.0000    2.2544    0.5016    3.5840   -0.6572    0.7920    0.9995    0.0626 
   9.1641    0.0010   -1.6591    4.1240  184.9782  -69.5032   -4.6357   -0.4149    0.1020   -9.2811    0.0000   -0.0000    2.5362    0.5016    3.6160   -0.2017   -1.6375    1.1538    0.0515 
   9.2066    0.0010    0.6530    3.8026  185.1669  152.9089   -9.5185    2.8810    0.0746  -10.1578   -0.0000   -0.0000    2.5362    0.4990    3.5920   -0.3030   -1.5757    1.7883   -0.0060 
   9.2491    0.0010    5.6965    3.5817  185.3440   34.5618    2.1392   -2.7952   -1.4242  -10.1241   -0.0000   -0.0000    2.5362    0.5016    3.6400    1.0669   -0.1338    0.1575    0.0931 
   9.2916    0.0015    1.3363    3.1527  185.0854 -164.1687   -8.7861    0.0734   -1.6094   -9.2665   -0.0000   -0.0000    2.5362    0.5094    3.5600    0.8845   -1.8467    0.1116    0.0430 
   9.3341    0.0010   -3.5475    1.8544  184.9509  -49.4226  -13.9130    0.6838   -0.4017   -8.8597    0.0000   -0.0000    2.5362    0.5119    3.6240   -0.2622    0.0684    1.7410    0.0323 
   9.3766    0.0010   -0.3535    1.8412  185.0230  120.9875   -3.7812    2.3927   -0.3746   -9.0980   -0.0000   -0.0000    2.5362    0.5169    3.6000    1.6941    1.0740    0.1294    0.0025 
   9.4191    0.0010    2.5023    1.1498  184.9975  -62.4841    1.8340    1.2331   -1.7624   -9.3870   -0.0000   -0.0000    2.5362    0.5218    3.6160    0.4287    0.8923    0.4397    0.0227 
   9.4616    0.0015   -3.1188    0.7210  185.0266 -159.9573  -22.4580    3.6745   -0.7186   -9.9736    0.0000   -0.0000    2.5362    0.5243    3.5520    1.1619   -2.4768    0.9863   -0.0199 
   9.5041    0.0010   -6.1374   -0.3884  185.2190   69.7790  -20.9321   -0.1707   -0.8325   -9.9179    0.0000   -0.0000    2.5362    0.5290    3.6000   -0.2898   -1.3970    1.9270    0.0472 
   9.5466    0.0010   -0.4735   -0.7320  185.0779  146.0730    7.3882   -0.2928   -0.8501  -10.1900   -0.0000   -0.0000    2.5362    0.5290    3.5680    1.0344    0.2842    0.3511    0.0494 
   9.5891    0.0010   -1.4226   -0.4204  185.0771 -146.0413    5.0079   -3.6497    0.0594  -10.0948    0.0000   -0.0000    2.5362    0.5314    3.5680   -0.1746    2.6921    0.9497    0.1080 
   9.6316    0.0015   -8.6219   -0.4389  185.1666 -130.4773  -25.9980   -0.8421   -1.3003   -9.6694    0.0000   -0.0000    2.5362    0.5337    3.5760   -1.9004   -1.2166    2.1672    0.0590 
   9.6741    0.0010   -7.4119   -0.8499  185.0803  155.8996  -17.5141   -1.4525   -0.4965   -9.7924    0.0000   -0.0000    2.5362    0.5314    3.5600   -0.2617    0.7798    1.5640    0.0696 
   9.7166    0.0011   -1.2757   -1.0288  184.8509   68.1311   -1.8281   -1.3914   -0.2835  -10.2864    0.0000   -0.0000    2.5362    0.5337    3.5920    0.0295   -3.2603    1.4648    0.0686 
   9.7591    0.0010   -6.1062   -0.3526  184.8823 -181.0144    0.5523   -4.1991   -0.7275   -8.8680    0.0000   -0.0000    2.8180    0.5337    3.5280   -0.6619   -1.3396    1.6868    0.1225 
   9.8016    0.0015  -11.4563    0.1694  184.8119    6.9128    2.5665   -1.2083   -0.1319   -9.8792    0.0000   -0.0000    2.5362    0.5337    3.6000   -0.1260   -0.8542    1.9824    0.0654 
   9.8441    0.0010   -5.7264    0.2545  184.7579  173.5388   -1.2177    5.2004    0.4725   -9.6293    0.0000   -0.0000    2.5362    0.5337    3.5280    0.4053   -0.8743    0.6377   -0.0465 
   9.8866    0.0010   -3.1885    0.0018  184.6967  -57.8455   10.5621   -2.9173    0.3793  -10.2223    0.0000   -0.0000    2.5362    0.5290    3.6000   -0.3647    1.2979    1.2634    0.0952 
   9.9291 4294.9312    4.2423    7.3911  184.3293  250.0769  169.9249  -26.5990    0.2143   -9.6829    0.0000   -0.0000    2.5362    0.5290    3.8960    0.5071   -0.0261    2.7666  235.2295 
   9.9716 4294.8887   11.3277   14.6295  184.5351  139.6643  175.9673  -24.9510    0.2143   -9.6829    0.0000   -0.0000    2.5362    0.5290    3.8880   -0.2122    0.1489   -0.2869    0.0000 
  10.0141 4294.8462   15.5293   21.8472  184.4911   69.8401  190.6768  -27.7586    0.2143   -9.6829    0.0000   -0.0000    2.5362    0.5290    3.8960   -0.2864   -0.0793    0.6165   54.9927 
  10.0566 4294.8037    8.1061   21.1552  180.6030 -420.5774 -128.4760   -0.1707    0.2143   -9.6829    0.0000   -0.0000    2.5362    0.5290    3.8960    0.2676   -0.4719    0.2173    0.0000 
  10.0991 4294.7612   -5.4262    4.9002  175.4741   37.6746 -710.8735  -94.4090    0.2143   -9.6829    0.0000   -0.0000    2.5362    0.5290    3.8960    1.8640   -0.1235    5.9658   22.8271 
  10.1416 4294.7188   -4.3180   -8.1888  173.0615   22.4158 -169.2475  -42.5291    0.2143   -9.6829    0.0000   -0.0000    2.5362    0.5290    3.9040   -0.1060    0.0154    1.8276    7.5684 
  10.1841 4294.6763   -2.9755   -3.5905  172.0307  -15.3040  337.7105   -0.7201    0.2143   -9.6829    0.0000   -0.0000    2.5362    0.5290    3.9040   -0.8635   -0.9138    7.8862  -30.1514 
  10.2266 4294.6338   -3.7741    5.6033  170.8114   28.1531   45.4131  -46.8016    0.2143   -9.6829    0.0000   -0.0000    2.5362    0.5290    3.8960    0.5623    0.0779    1.3933    0.0000 
  10.2691 4294.5913   -1.0582    0.1901  169.0813  -41.9763 -221.4326  -36.3036    0.2143   -9.6829    0.0000   -0.0000    2.5362    0.5290    3.9040    0.1096   -0.3755    3.7966  -56.8237 
  10.3116 4294.5488   -1.0994    0.0583  167.8926    4.5935   91.2505  -20.8006    0.2143   -9.6829    0.0000   -0.0000    2.5362    0.5290    3.9040   -0.3167    0.2256    1.2354    0.0000 
  10.3541 4294.5063   -2.0593    1.2477  167.3676   18.8757  -25.9370   -8.5326    0.2143   -9.6829    0.0000   -0.0000    2.5362    0.5290    3.9040    0.0422    0.0994    1.0850    4.0283 
  10.3966 4294.4639   -0.6680    0.0217  167.0604    4.9597   11.7828   -4.8704    0.2143   -9.6829    0.0000   -0.0000    2.5362    0.5290    3.9040   -0.0720   -0.1299    1.0906    0.0000 
  10.4391 4294.4214   -0.6563    0.4082  167.0336   -8.5901   -3.2319   -1.1473    0.2143   -9.6829    0.0000   -0.0000    2.5362    0.5290    3.9040    0.0273    0.1389    1.0251  -23.4375 
  10.4816 4294.3789   -0.2912    0.7621  167.0295   -5.7214  -15.1337   -1.9408    0.2143   -9.6829    0.0000   -0.0000    2.5362    0.5290    3.9040   -0.0576    0.1350    1.0833    0.0000 
  10.5241 4294.3364   -0.4175    0.5664  167.0132   -2.9138    3.4820   -1.6356    0.2143   -9.6829    0.0000   -0.0000    2.5362    0.5290    3.9040    0.0520    0.0076    1.0720  -17.7612 
  10.5666 4294.2939   -0.3255    0.4015  167.0125    1.7248    0.7964   -0.9642    0.2143   -9.6829    0.0000   -0.0000    2.5362    0.5290    3.9120   -0.0254    0.0078    1.0720    0.0000 
  10.6091 4294.2515    0.0743   -0.0324  167.0164   -0.3504    0.0030    1.9655    0.2143   -9.6829    0.0000   -0.0000    2.5362    0.5290    3.9120   -0.0210   -0.0129    1.0715  -15.1978 
  10.6516 4294.2090    0.0779    0.0844  167.0076   -0.8386   -4.9409   -1.2694    0.2143   -9.6829    0.0000   -0.0000    2.5362    0.5290    3.9120   -0.0181    0.0010    1.0796    0.0000 
  10.6941 4294.1665    0.2135    0.2864  167.0051   -0.8997   -4.0253   -0.4149    0.2143   -9.6829    0.0000   -0.0000    2.5362    0.5290    3.9120   -0.0632   -0.0081    1.0793  -15.7471 
  10.7366 4294.1240    0.1531   -0.4224  167.0028   -0.8997   -2.0722    0.1344    0.2143   -9.6829    0.0000   -0.0000    2.5362    0.5290    3.9120   -0.0540   -0.0076    1.0713    0.0000 
  10.7791 4294.0811    0.5060   -0.1313  167.0085   -0.4114    0.7964    0.1955    0.2143   -9.6829    0.0000   -0.0000    2.5362    0.5290    3.9120   -0.0439    0.0000    1.0686  -15.2588 
  10.8216 4294.0386    0.1222   -0.1385  167.0004   -0.5945   -0.5463   -0.1707    0.2143   -9.6829    0.0000   -0.0000    2.5362    0.5290    3.9120   -0.0078    0.0210    1.0818    0.0000 
  10.8641 4293.9961    0.1438   -0.3425  166.9897   -0.2893   -0.5463   -0.2318    0.2143   -9.6829    0.0000   -0.0000    2.5362    0.5290    3.9120   -0.0200    0.0032    1.0828  -15.1367 
  10.9066 4293.9536    0.3230   -0.5831  166.9798   -0.5335    0.7354    0.0734    0.2143   -9.6829    0.0000   -0.0000    2.5362    0.5290    3.9120   -0.0405    0.0117    1.0859    0.0000 
  10.9491 4293.9111   -0.2801   -0.2879  166.9720   -0.5335   -0.1191    0.1344    0.2143   -9.6829    0.0000   -0.0000    2.5362    0.5290    3.9120   -0.0234    0.0098    1.0830  -15.3809 
  10.9916 4293.8687   -0.1970   -0.3392  166.9677   -0.2893    0.1250    0.2565    0.2143   -9.6829    0.0000   -0.0000    2.5362    0.5290    3.9120   -0.0291    0.0012    1.0857    0.0000 
  11.0341 4293.8262    0.2541   -0.1908  166.9719    0.0159    0.1250   -0.3538    0.2143   -9.6829    0.0000   -0.0000    2.5362    0.5290    3.9120   -0.0342   -0.0078    1.0764  -14.8315 
  11.0766 4293.7837    0.5220   -0.1771  166.9730   -0.8997   -0.1801    0.3175    0.2143   -9.6829    0.0000   -0.0000    2.5362    0.5290    3.9040   -0.0232   -0.0056    1.0867    0.0000 
  11.1191 4293.7412    0.1331    0.0141  166.9828   -1.6931   -0.1191    0.3175    0.2143   -9.6829    0.0000   -0.0000    2.5362    0.5290    3.9120   -0.0139    0.0007    1.0842  -16.5405 
  11.1616 4293.6987   -0.0827   -0.0074  166.9863   -1.3269   -0.7905   -0.0487    0.2143   -9.6829    0.0000   -0.0000    2.5362    0.5290    3.9120   -0.0259    0.0015    1.0840    0.0000 
  11.2041 4293.6562    0.1023   -0.3100  166.9881   -1.1438   -0.1801    0.3175    0.2143   -9.6829    0.0000   -0.0000    2.5362    0.5290    3.9120   -0.0295   -0.0017    1.0833  -15.9912 
  11.2466 4293.6138    0.1194   -0.2587  166.9937   -0.3504    0.0030    0.2565    0.2143   -9.6829    0.0000   -0.0000    2.5362    0.5290    3.9120   -0.0203    0.0027    1.0803  -15.1978 
  11.2891 4293.5713    0.1296   -0.4173  166.9957   -0.1672   -0.0581   -0.0487    0.2143   -9.6829    0.0000   -0.0000    2.5362    0.5290    3.9120   -0.0288   -0.0012    1.0791  -15.0146 
  11.3316 4293.5288    0.0841    0.0277  166.9875   -0.5945   -0.2412   -0.2928    0.2143   -9.6829    0.0000   -0.0000    2.5362    0.5290    3.9120   -0.0205   -0.0022    1.0720    0.0000 
  11.3741 4293.4863    0.3324   -0.2296  166.9852   -1.5711   -0.0581   -0.1097    0.2143   -9.6829    0.0000   -0.0000    2.5362    0.5290    3.9200   -0.0232   -0.0029    1.0723  -16.4185 
  11.4166 4293.4438   -0.1147   -0.6061  166.9873   -1.5711    0.0640    0.0124    0.2143   -9.6829    0.0000   -0.0000    2.5362    0.5290    3.9200   -0.0308    0.0034    1.0854    0.0000 
  11.4591 4293.4014   -0.0943    0.2333  166.9837   -0.4114    0.0030    0.3175    0.2143   -9.6829    0.0000   -0.0000    2.5362    0.5290    3.9200   -0.0146    0.0042    1.0754  -15.2588 
  11.5016 4293.3589    0.1437   -0.1141  166.9938   -0.7776   -0.2412    0.1955    0.2143   -9.6829    0.0000   -0.0000    2.5362    0.5290    3.9200   -0.0176    0.0010    1.0754    0.0000 
  11.5441 4293.3164    0.1758    0.0686  166.9859   -0.8997    0.0030   -0.2928    0.2143   -9.6829    0.0000   -0.0000    2.5362    0.5290    3.9200   -0.0183   -0.0024    1.0835  -15.7471 
  11.5866 4293.2739   -0.2032   -0.0210  166.9867    0.0159   -0.4853    0.0734    0.2143   -9.6829    0.0000   -0.0000    2.5362    0.5290    3.9200   -0.0256    0.0073    1.0811    0.0000 
  11.6291 4293.2314   -0.0826   -0.2311  166.9982   -0.7776    0.1250    0.6227    0.2143   -9.6829    0.0000   -0.0000    2.5362    0.5290    3.9200   -0.0242    0.0022    1.0925  -15.6250 
  11.6716 4293.1890   -0.1174   -0.1786  166.9930   -0.7166   -0.3632    0.0124    0.2143   -9.6829    0.0000   -0.0000    2.5362    0.5290    3.9200   -0.0234    0.0039    1.0835    0.0000 
  11.7141 4293.1465    0.1653    0.0168  166.9932   -0.7776    0.2471    0.3786    0.2143   -9.6829    0.0000   -0.0000    2.5362    0.5290    3.9120   -0.0222   -0.0029    1.0793  -15.6250 
  11.7566 4293.1040    0.1772   -0.3471  166.9868   -0.5945   -0.2412   -0.1707    0.2143   -9.6829    0.0000   -0.0000    2.5362    0.5290    3.9200   -0.0256   -0.0022    1.0823    0.0000 
  11.7991 4293.0615   -0.2421   -0.2625  166.9900   -1.3269   -0.4243   -0.2928    0.2143   -9.6829    0.0000   -0.0000    2.5362    0.5290    3.9120   -0.0259    0.0071    1.0845  -16.1743 
  11.8416 4293.0186   -0.1870   -0.0569  166.9835   -0.8997   -0.1191    0.0124    0.2143   -9.6829    0.0000   -0.0000    2.5362    0.5290    3.9200   -0.0281   -0.0105    1.0791    0.0000 
  11.8841 4292.9761    0.1870   -0.2020  166.9813   -0.4724    0.3082    0.0734    0.2143   -9.6829    0.0000   -0.0000    2.5362    0.5290    3.9200   -0.0208   -0.0029    1.0815  -15.3198 
  11.9266 4292.9336   -0.0293    0.0271  166.9794   -0.4114    0.3082   -0.0487    0.2143   -9.6829    0.0000   -0.0000    2.5362    0.5290    3.9200   -0.0208   -0.0032    1.0796    0.0000 
  11.9691 4292.8911   -0.5473    0.0518  166.9808   -1.1438   -0.3022   -0.2928    0.2143   -9.6829    0.0000   -0.0000    2.5362    0.5290    3.9200   -0.0200    0.0110    1.0803  -15.9912 
  12.0116 4292.8486    0.0845    0.0747  166.9845   -0.8386   -0.0581   -0.2928    0.2143   -9.6829    0.0000   -0.0000    2.5362    0.5290    3.9200   -0.0161   -0.0007    1.0803    0.0000 
  12.0541 4292.8062    0.5513    0.0461  166.9861   -1.0217   -0.4243    0.1344    0.2143   -9.6829    0.0000   -0.0000    2.5362    0.5290    3.9200   -0.0190   -0.0090    1.0830  -15.8691 
  12.0966 4292.7637   -0.1026    0.1790  166.9817   -0.3504   -0.3022    0.0734    0.2143   -9.6829    0.0000   -0.0000    2.5362    0.5290    3.9200   -0.0193    0.0034    1.0828  -15.1978 
  12.1391 4292.7212    0.2272   -0.1609  166.9792   -0.6555   -0.3022   -0.1097    0.2143   -9.6829    0.0000   -0.0000    2.5362    0.5290    3.9200   -0.0237   -0.0034    1.0801  -15.5029 
  12.1816 4292.6787   -0.1369    0.1649  166.9751   -0.3504    0.1250   -0.2928    0.2143   -9.6829    0.0000   -0.0000    2.5362    0.5290    3.9120   -0.0171    0.0042    1.0842    0.0000 
  12.2241 4292.6362    0.2061   -0.1772  166.9735   -1.2659   -0.3022   -0.2318    0.2143   -9.6829    0.0000   -0.0000    2.5362    0.5290    3.9200   -0.0247   -0.0029    1.0803  -16.1133 
  12.2666 4292.5938   -0.1648   -0.0258  166.9686   -1.0217    0.0030   -0.2318    0.2143   -9.6829    0.0000   -0.0000    2.5362    0.5290    3.9200   -0.0164    0.0098    1.0845    0.0000 
  12.3091 4292.5513    0.1430   -0.2449  166.9653   -0.6555   -0.0581   -0.2928    0.2143   -9.6829    0.0000   -0.0000    2.5362    0.5290    3.9280   -0.0276   -0.0020    1.0742  -15.5029 
  12.3516 4292.5088   -0.2179    0.0372  166.9601   -0.8997   -0.0581    0.0124    0.2143   -9.6829    0.0000   -0.0000    2.5362    0.5290    3.9200   -0.0188    0.0051    1.0750    0.0000 
  12.3941 4292.4663    0.1717    0.1809  166.9790   -0.5335   -0.2412    0.5006    0.2143   -9.6829    0.0000   -0.0000    2.5362    0.5290    3.9200   -0.0229   -0.0029    1.0745  -15.3809 
  12.4366 4292.4238    0.3351    0.1323  166.9790   -0.6555    0.0030    0.0124    0.2143   -9.6829    0.0000   -0.0000    2.5362    0.5290    3.9200   -0.0181   -0.0039    1.0850    0.0000 
  12.4791 4292.3813   -0.0232   -0.2653  166.9789   -0.2283    0.0030    0.0734    0.2143   -9.6829    0.0000   -0.0000    2.5362    0.5290    3.9280   -0.0251    0.0027    1.0745  -15.0757 
  12.5216 4292.3389    0.0169    0.1321  166.9754   -1.2048   -0.2412   -0.3538    0.2143   -9.6829    0.0000   -0.0000    2.5362    0.5290    3.9280   -0.0166    0.0002    1.0791    0.0000 
  12.5641 4292.2964    0.8807   -0.4965  166.9662   -1.1438    8.9751   -1.9408    0.2143   -9.6829    0.0000   -0.0000    2.5362    0.5290    3.9200   -0.0220   -0.0928    1.0835  -15.9912 
  12.6066 4292.2539    1.6269    0.1667  166.6082   -0.5335   -4.7578  -26.5379    0.2143   -9.6829    0.0000   -0.0000    2.5362    0.5290    3.9280    0.0076   -0.0464    1.0920    0.0000 
  12.6491 4292.2114    0.3002   -0.1047  164.8920   -0.1062    4.8858  -53.8206    0.2143   -9.6829    0.0000   -0.0000    2.5362    0.5290    3.9280   -0.0527   -0.0820    1.0959  -14.9536 
  12.6916 4292.1689    0.2830   -0.5010  162.4622    0.1990   -5.8564  -75.6712    0.2143   -9.6829    0.0000   -0.0000    2.5362    0.5290    3.9280   -0.1055   -0.0654    1.0957    0.0000 
  12.7341 4292.1265    1.1623    0.7709  158.5546   46.4026   35.9527  -70.4222    0.2143   -9.6829    0.0000   -0.0000    2.5362    0.5290    3.9280    0.0229   -0.0188    1.4365   31.5552 
  12.7766 4292.0840    2.0674   -1.9214  157.5128  -30.5628  -71.5302  -42.5291    0.2143   -9.6829    0.0000   -0.0000    2.5362    0.5290    3.9280   -0.1047   -0.2073    1.2820    0.0000 
  12.8191 4292.0415    5.1718   -2.4597  154.4288   54.5813  -12.0209  -75.7933    0.2143   -9.6829    0.0000   -0.0000    2.5362    0.5290    3.9280    0.3015   -0.2341    1.7239   39.7339 
  12.8616 4291.9990    8.1275    1.3455  147.8223   69.1687   96.2554 -252.1239    0.2143   -9.6829    0.0000   -0.0000    2.5362    0.5290    3.9280    0.2104   -0.3379    1.7761    0.0000 
  12.9041 4291.9561   13.9706    5.7759  138.1904  106.1560  141.4214 -216.8455    0.2143   -9.6829    0.0000   -0.0000    2.5362    0.5290    3.9280    0.1621   -0.7100    1.6360   91.3086 
  12.9466 4291.9136   23.7590    9.0424  128.9547  218.5827  170.7794 -184.1307    0.2143   -9.6829    0.0000   -0.0000    2.5362    0.5290    3.9280   -0.0132   -0.4526    1.6531    0.0000 
  12.9891 4291.8711   29.8016   11.7882  123.0945  141.9836  136.7828 -133.8988    0.2143   -9.6829    0.0000   -0.0000    2.5362    0.5290    3.9280    0.1038   -0.5769    1.4194  127.1362 
  13.0316 4291.8286   36.7810   13.7778  116.1153  214.4324  162.6006 -185.3514    0.2143   -9.6829    0.0000   -0.0000    2.5362    0.5290    3.9280    0.3066   -0.7490    1.2732    0.0000 
  13.0741 4291.7861   45.9615   14.8406  107.7089  184.9524  152.2857 -180.8348    0.2143   -9.6829    0.0000   -0.0000    2.5362    0.5290    3.9280    0.2275   -0.5815    1.0813  170.1050 
  13.1166 4291.7437   50.9521   17.3439  104.4133  148.0261  102.1758  -59.4359    0.2143   -9.6829    0.0000   -0.0000    2.5362    0.5290    3.9280    0.2493   -0.6086    0.8403    0.0000 
  13.1591 4291.7012   57.9465   19.4147  100.5110  182.5720  128.3599 -161.9139    0.2143   -9.6829    0.0000   -0.0000    2.5362    0.5290    3.9280    0.2302   -0.6106    0.6597  167.7246 
  13.2016 4291.6587   63.8044   16.6869   92.1587   84.1223   74.2828  -90.2586    0.2143   -9.6829    0.0000   -0.0000    2.5362    0.5290    3.9280    0.2205   -0.5068    0.5054    0.0000 
  13.2441 4291.6162   63.9028   21.7314   93.6442   60.9900   85.8184   31.4455    0.2143   -9.6829    0.0000   -0.0000    2.5362    0.5290    3.9280    0.2410   -0.4773    0.3760   46.1426 
  13.2866 4291.5737   65.8911   28.6490   96.3814   89.5544  111.1480  -91.4793    0.2143   -9.6829    0.0000   -0.0000    2.5362    0.5290    3.9280    0.1687   -0.4565    0.2803    0.0000 
  13.3291 4291.5312   69.7243   26.4655   89.9547   22.7820   65.9209   -3.1004    0.2143   -9.6829    0.0000   -0.0000    2.5362    0.5290    3.9280    0.0857   -0.5530    0.2771    7.9346 
  13.3716 4291.4888   67.0270   34.0572   96.4230   -6.4539   39.2486   66.3576    0.2143   -9.6829    0.0000   -0.0000    2.5362    0.5290    3.9280    0.3760   -0.3127    0.3545    0.0000 
  13.4141 4291.4463   63.2946   38.4157   96.6069  -60.8362  118.1670  -27.2703    0.2143   -9.6829    0.0000   -0.0000    2.5362    0.5290    3.9280    0.2847   -0.4568    0.3821  -75.6836 
  13.4566 4291.4038   62.4141   41.6649   94.3114  -40.7556  108.0352  -25.3172    0.2143   -9.6829    0.0000   -0.0000    2.5362    0.5290    3.9280    0.2759   -0.7532    0.2224    0.0000 
  13.4991 4291.3613   61.5438   46.0068   93.4855  -65.4138   81.9121   -3.8328    0.2143   -9.6829    0.0000   -0.0000    2.5362    0.5290    3.9280    0.2812   -0.6909    0.2495  -80.2612 
  13.5416 4291.3188   60.0190   46.7142   90.8689  -90.2551   16.9097  -15.0023    0.2143   -9.6829    0.0000   -0.0000    2.5362    0.5290    3.9280    0.3916   -0.8762    0.2639    0.0000 
  13.5841 4291.2764   56.2821   44.1961   87.4908  -75.4846   18.1915   23.5109    0.2143   -9.6829    0.0000   -0.0000    2.5362    0.5290    3.9280    0.4414   -0.7229    0.5664  -90.3320 
  13.6266 4291.2339   50.2884   43.5664   84.6187  -68.3435   82.4615   13.0739    0.2143   -9.6829    0.0000   -0.0000    2.5362    0.5290    3.9280    0.3433   -0.5166    0.5640    0.0000 
  13.6691 4291.1914   49.8051   42.4152   79.8061  -50.2771   84.2925  -28.5521    0.2143   -9.6829    0.0000   -0.0000    2.5362    0.5290    3.9280    0.3276   -0.8276    0.4736  -65.1245 
  13.7116 4291.1489   48.9106   42.9132   76.4735  -55.4041   89.7246   33.4596    0.2143   -9.6829    0.0000   -0.0000    2.5362    0.5290    3.9280    0.3562   -0.6924    0.4924    0.0000 
  13.7541 4291.1064   47.5166   42.9284   72.8406  -49.9109   96.9268   16.6750    0.2143   -9.6829    0.0000   -0.0000    2.5362    0.5290    3.9280    0.2866   -0.6975    0.4150  -64.7583 
  13.7966 4291.0640   48.5476   44.4243   69.6646  -39.0466   78.7994  -43.4447    0.2143   -9.6829    0.0000   -0.0000    2.5362    0.5290    3.9280    0.4360   -0.6716    0.3274    0.0000 
  13.8391 4291.0215   45.9744   46.6067   65.7038 -120.7117  104.0679  -28.5521    0.2143   -9.6829    0.0000   -0.0000    2.5362    0.5290    3.9280    0.4517   -0.7124    0.4487 -135.5591 
  13.8816 4290.9790   46.3244   47.5020   63.2074  -30.0745   25.2105  -36.2425    0.2143   -9.6829    0.0000   -0.0000    2.5362    0.5290    3.9280    0.4983   -0.6111    0.3704    0.0000 
  13.9241 4290.9365   47.1813   45.2903   58.7557  -43.5022   11.5386  -69.9950    0.2143   -9.6829    0.0000   -0.0000    2.5362    0.5290    3.9280    0.3906   -0.7151    0.4888  -58.3496 
  13.9666 4290.8936   49.1156   38.6077   51.1850  -44.2346   14.7124  -65.1121    0.2143   -9.6829    0.0000   -0.0000    2.5362    0.5290    3.9280    0.3660   -0.8013    0.5483    0.0000 
  14.0091 4290.8511   50.1977   34.1542   45.7558  -39.2908    8.1207  -29.4676    0.2143   -9.6829    0.0000   -0.0000    2.5362    0.5290    3.9280    0.3831   -0.8657    0.6311  -54.1382 
  14.0516 4290.8086   50.4079   32.4123   43.3828   -5.1721   41.1407   32.1779    0.2143   -9.6829    0.0000   -0.0000    2.5362    0.5290    3.9280    0.3782   -0.9314    0.6152    0.0000 
  14.0941 4290.7661   49.8755   36.2867   45.0318  -15.7922   44.9249   -2.7952    0.2143   -9.6829    0.0000   -0.0000    2.5362    0.5290    3.9360    0.4497   -0.8552    0.5957  -30.6396 
  14.1366 4290.7236   49.7760   38.0207   45.4113  -12.8015  -14.8286  -32.6414    0.2143   -9.6829    0.0000   -0.0000    2.5362    0.5290    3.9280    0.5200   -0.9285    0.5659    0.0000 
  14.1791 4290.6812   49.6407   38.7110   45.1440  -52.7185  -10.9834  -24.8900    0.2143   -9.6829    0.0000   -0.0000    2.5362    0.5290    3.9280    0.4807   -0.8462    0.5237  -67.5659 
  14.2216 4290.6387   49.1640   37.8284   42.8844  -38.1311   12.8204  -62.4876    0.2143   -9.6829    0.0000   -0.0000    2.5362    0.5290    3.9280    0.5283   -0.6567    0.3523    0.0000 
  14.2641 4290.5962   48.6915   40.5848   42.4934  -22.0789   43.1548   13.5011    0.2143   -9.6829    0.0000   -0.0000    2.5362    0.5290    3.9280    0.5781   -0.7642    0.4736  -36.9263 
  14.3066 4290.5537   47.8261   43.4682   43.9983  -20.3088    5.4351  -26.9652    0.2143   -9.6829    0.0000   -0.0000    2.5362    0.5290    3.9280    0.6001   -0.8760    0.3689    0.0000 
  14.3491 4290.5112   49.4671   44.8434   41.6675  -33.2483   56.8877  -61.7552    0.2143   -9.6829    0.0000   -0.0000    2.5362    0.5290    3.9280    0.4968   -0.7786    0.3643  -48.0957 
  14.3916 4290.4688   49.5028   49.2997   42.4086  -26.9006   76.7242   33.0934    0.2143   -9.6829    0.0000   -0.0000    2.5362    0.5290    3.9280    0.6460   -0.8091    0.3706  -41.7480 
  14.4341 4290.4263   47.5356   53.7872   44.1094  -31.4783   22.8301   28.8210    0.2143   -9.6829    0.0000   -0.0000    2.5362    0.5290    3.9360    0.5330   -0.7446    0.3652  -46.3257 
  14.4766 4290.3838   45.9123   52.8870   42.8328  -34.4690  -13.8520   18.6891    0.2143   -9.6829    0.0000   -0.0000    2.5362    0.5290    3.9360    0.5608   -0.7710    0.4900    0.0000 
  14.5191 4290.3413   45.5196   48.6574   39.9499  -25.1917  -13.6079   -8.9598    0.2143   -9.6829    0.0000   -0.0000    2.5362    0.5290    3.9360    0.5298   -0.6985    0.4668  -40.0391 
  14.5616 4290.2988   43.0786   47.6411   38.7879  -43.0139  -22.1528  -17.8709    0.2143   -9.6829    0.0000   -0.0000    2.5362    0.5290    3.9360    0.5044   -0.6531    0.5090    0.0000 
  14.6041 4290.2563   41.2167   43.4793   35.1640  -32.7600  -18.2465  -20.9837    0.2143   -9.6829    0.0000   -0.0000    2.5362    0.5290    3.9360    0.4988   -0.5708    0.5283  -47.6074 
  14.6466 4290.2139   39.0223   43.0327   34.2557  -34.4690  -22.0918  -22.3875    0.2143   -9.6829    0.0000   -0.0000    2.5362    0.5290    3.9360    0.6011   -0.5781    0.5583    0.0000 
  14.6891 4290.1714   36.7239   40.2136   31.8480  -43.0750  -37.0454  -23.6693    0.2143   -9.6829    0.0000   -0.0000    2.5362    0.5290    3.9360    0.5007   -0.5808    0.6643  -57.9224 
  14.7316 4290.1289   35.7442   35.1541   28.1078  -34.8352  -25.7539  -28.6131    0.2143   -9.6829    0.0000   -0.0000    2.5362    0.5290    3.9280    0.4714   -0.6104    0.7080    0.0000 
  14.7741 4290.0864   35.9861   30.9281   25.1217  -50.8264  -16.8427   -1.0863    0.2143   -9.6829    0.0000   -0.0000    2.5362    0.5290    3.9360    0.4109   -0.6899    0.7766  -65.6738 
  14.8166 4290.0439   35.5567   30.2121   23.1409  -38.5584  -23.6176  -64.3797    0.2143   -9.6829    0.0000   -0.0000    2.5362    0.5290    3.9280    0.5369   -0.6477    0.7012    0.0000 
  14.8591 4290.0015   38.6497   27.4359   21.0374   33.6462  -74.8872  -44.8485    0.2143   -9.6829    0.0000   -0.0000    2.5362    0.5290    3.9360    0.3503   -0.9248    0.8362   18.7988 
  14.9016 4289.9590   42.8552   22.7141   19.2125    4.1052  -44.9189  -48.4495    0.2143   -9.6829    0.0000   -0.0000    2.5362    0.5290    3.9360    0.2568   -0.9539    0.8201    0.0000 
  14.9441 4289.9165   44.2121   16.6681   14.1692  -57.3572  -37.8999  -66.8211    0.2143   -9.6829    0.0000   -0.0000    2.5362    0.5290    3.9360    0.1121   -0.8472    0.7327  -72.2046 
  14.9866 4289.8740   44.7854   12.8159   10.8527  -19.3933  -26.4863  -18.2982    0.2143   -9.6829    0.0000   -0.0000    2.5362    0.5290    3.9360    0.2659   -0.7871    0.6672    0.0000 
  15.0291 4289.8311   45.1347   13.2540   11.7321  -20.1257  -44.5527   -5.6639    0.2143   -9.6829    0.0000   -0.0000    2.5362    0.5290    3.9280    0.1785   -0.8149    0.6641  -34.9731 
  15.0716 4289.7886   45.7441    9.5866   10.6392  -39.6570  -50.0459    7.6418    0.2143   -9.6829    0.0000   -0.0000    2.5362    0.5290    3.9360    0.0396   -0.8379    0.7039    0.0000 
  15.1141 4289.7461   45.7558    8.3289   10.7785  -41.7322  -45.4682  -13.7816    0.2143   -9.6829    0.0000   -0.0000    2.5362    0.5290    3.9280    0.0913   -0.6704    0.6140  -56.5796 
  15.1566 4289.7036   45.0177    7.6455   11.2784  -21.0413  -31.4912    3.7355    0.2143   -9.6829    0.0000   -0.0000    2.5362    0.5290    3.9360    0.0918   -0.6055    0.5952  -35.8887 
  15.1991 4289.6611   44.5567    8.8280   13.4287  -11.3977  -25.5708   33.3376    0.2143   -9.6829    0.0000   -0.0000    2.5362    0.5290    3.9360    0.0840   -0.6287    0.6248  -26.2451 
  15.2416 4289.6187   43.7057    6.9689   13.8488   -4.2566  -26.1811   22.0461    0.2143   -9.6829    0.0000   -0.0000    2.5362    0.5290    3.9360    0.0483   -0.5454    0.5676    0.0000 
  15.2841 4289.5762   44.5408    5.2086   14.0911   17.0447  -32.9560    6.7873    0.2143   -9.6829    0.0000   -0.0000    2.5362    0.5290    3.9360    0.0603   -0.6997    0.7092    2.1973 
  15.3266 4289.5337   46.6440    6.2967   16.0170   33.2800  -29.4160    2.6979    0.2143   -9.6829    0.0000   -0.0000    2.5362    0.5290    3.9360    0.1125   -0.8545    0.7625    0.0000 
  15.3691 4289.4912   49.8162    8.7515   19.0719   61.3562  -24.3500   29.3092    0.2143   -9.6829    0.0000   -0.0000    2.5362    0.5290    3.9360    0.1997   -1.0347    0.6567   46.5088 
  15.4116 4289.4487   54.2266    8.5286   22.1697   62.2107  -98.6298   38.5256    0.2143   -9.6829    0.0000   -0.0000    2.5362    0.5290    3.9360    0.0005   -1.2944    0.9343    0.0000 
  15.4541 4289.4062   54.5561    2.4170   20.8558  -10.7263  -51.2666    5.4445    0.2143   -9.6829    0.0000   -0.0000    2.5362    0.5290    3.9360   -0.0642   -1.0583    0.8445  -25.5737 
  15.4966 4289.3638   53.4306    5.3623   24.8114   -6.5759  -13.1196   66.8459    0.2143   -9.6829    0.0000   -0.0000    2.5362    0.5290    3.9360    0.1150   -0.7188    0.4851    0.0000 
  15.5391 4289.3213   53.5768    9.3983   30.8010    0.8704  -35.5805   75.8791    0.2143   -9.6829    0.0000   -0.0000    2.5362    0.5290    3.9360    0.0808   -0.7649    0.5601  -13.9771 
  15.5816 4289.2788   50.9207   10.9927   35.7048  -30.1965  -79.7700   63.5500    0.2143   -9.6829    0.0000   -0.0000    2.5362    0.5290    3.9360    0.0803   -0.6465    0.5564    0.0000 
  15.6241 4289.2363   48.3279    8.0280   37.8380   -2.3645  -93.4419   55.3102    0.2143   -9.6829    0.0000   -0.0000    2.5362    0.5290    3.9280   -0.0798   -0.4797    0.6084  -17.2119 
  15.6666 4289.1938   47.1671    3.4930   38.7158   20.8899  -98.9961   25.8913    0.2143   -9.6829    0.0000   -0.0000    2.5362    0.5290    3.9360   -0.1162   -0.4824    0.7654    0.0000 
  15.7091 4289.1514   46.2690   -0.7740   39.2107   23.4534  -93.8081   11.3649    0.2143   -9.6829    0.0000   -0.0000    2.5362    0.5290    3.9360   -0.1426   -0.4658    0.8120    8.6060 
  15.7516 4289.1089   45.4378   -5.8924   38.3834   28.3362  -89.5356   -1.2083    0.2143   -9.6829    0.0000   -0.0000    2.5362    0.5290    3.9360   -0.2566   -0.5586    0.9846    0.0000 
  15.7941 4289.0664   44.9380  -11.4469   36.7492   40.2991  -89.2304  -26.6600    0.2143   -9.6829    0.0000   -0.0000    2.5362    0.5290    3.9360   -0.2874   -0.6394    1.0466   25.4517 
  15.8366 4289.0239   43.5927  -15.5829   34.3938   12.7722  -27.9511  -31.5428    0.2143   -9.6829    0.0000   -0.0000    2.5362    0.5290    3.9360   -0.2722   -0.8103    0.9988    0.0000 
  15.8791 4288.9814   45.0410  -17.5908   32.7154   41.7639  -11.1054   -5.3587    0.2143   -9.6829    0.0000   -0.0000    2.5362    0.5290    3.9360   -0.5010   -1.1987    1.0447   26.9165 
  15.9216 4288.9390   47.1328  -21.3187   29.0667   27.7869    4.7637    3.4303    0.2143   -9.6829    0.0000   -0.0000    2.5362    0.5290    3.9360   -0.5068   -1.1133    0.9180   12.9395 
  15.9641 4288.8965   48.0011  -22.3677   27.6557    1.7248   52.7374    7.9469    0.2143   -9.6829    0.0000   -0.0000    2.5362    0.5290    3.9360   -0.3047   -0.8413    0.6958  -13.1226 
  16.0066 4288.8540   47.3299  -18.7845   28.9285  -10.0549   58.5967    9.8390    0.2143   -9.6829    0.0000   -0.0000    2.5362    0.5290    3.9360   -0.2234   -0.7310    0.6260    0.0000 
  16.0491 4288.8115   48.1615  -13.7538   31.3843  -31.9055   61.2823   30.7741    0.2143   -9.6829    0.0000   -0.0000    2.5362    0.5290    3.9360   -0.0935   -0.7546    0.6013  -46.7529 
  16.0916 4288.7686   48.7762   -8.0868   35.3274  -39.4128   27.4688   34.8634    0.2143   -9.6829    0.0000   -0.0000    2.5362    0.5290    3.9360   -0.0725   -0.7141    0.5601    0.0000 
  16.1341 4288.7261   48.9508   -7.4512   35.7862  -36.0559   21.4263    8.1911    0.2143   -9.6829    0.0000   -0.0000    2.5362    0.5290    3.9360   -0.0825   -0.6248    0.4739  -50.9033 
  16.1766 4288.6836   49.7635   -5.0199   38.2820  -20.6751   -8.4199   33.0934    0.2143   -9.6829    0.0000   -0.0000    2.5362    0.5290    3.9360   -0.0593   -0.6223    0.4924    0.0000 
  16.2191 4288.6411   48.1238   -8.2630   36.6093  -32.5159  -26.1811  -10.9740    0.2143   -9.6829    0.0000   -0.0000    2.5362    0.5290    3.9360   -0.1782   -0.6340    0.6206  -47.3633 
  16.2616 4288.5986   46.0140   -9.7107   36.4618   -4.3787  -12.3261    2.5148    0.2143   -9.6829    0.0000   -0.0000    2.5362    0.5290    3.9360   -0.0613   -0.5955    0.5730    0.0000 
  16.3041 4288.5562   47.4893   -9.7968   37.3365    1.4197  -34.1767   33.8869    0.2143   -9.6829    0.0000   -0.0000    2.5362    0.5290    3.9360   -0.1404   -0.8059    0.7239  -13.4277 
  16.3466 4288.5137   49.7101  -10.4945   38.5896   46.8909  -29.9042   -2.1239    0.2143   -9.6829    0.0000   -0.0000    2.5362    0.5290    3.9360   -0.0869   -0.9656    0.6924    0.0000 
  16.3891 4288.4712   52.5886  -13.0926   37.4077   44.1443  -81.7841  -17.1385    0.2143   -9.6829    0.0000   -0.0000    2.5362    0.5290    3.9360   -0.2810   -1.1914    0.9219   29.2969 
  16.4316 4288.4287   51.2242  -17.6471   35.8846  -23.9099  -30.2094   -9.2650    0.2143   -9.6829    0.0000   -0.0000    2.5362    0.5290    3.9360   -0.2463   -0.9927    0.9126    0.0000 
  16.4741 4288.3862   48.2197  -13.9562   39.2997  -63.5217    9.1582   29.4313    0.2143   -9.6829    0.0000   -0.0000    2.5362    0.5290    3.9360    0.0762   -0.6301    0.5845  -78.3691 
  16.5166 4288.3438   47.0818   -6.2723   46.6822  -43.1360   18.6187   92.7248    0.2143   -9.6829    0.0000   -0.0000    2.5362    0.5290    3.9360    0.1462   -0.6919    0.5933    0.0000 
  16.5591 4288.3013   45.3448    1.6181   55.5009  -66.9397  -29.6601   84.1798    0.2143   -9.6829    0.0000   -0.0000    2.5362    0.5290    3.9360    0.1194   -0.7617    0.7405  -81.7871 
  16.6016 4288.2588   43.3284    0.6470   57.1447   -3.3411  -67.6850   -9.6312    0.2143   -9.6829    0.0000   -0.0000    2.5362    0.5290    3.9360   -0.0984   -0.5027    0.6179    0.0000 
  16.6441 4288.2163   42.3843   -3.2841   56.7076   12.8943  -23.4956   62.0851    0.2143   -9.6829    0.0000   -0.0000    2.5362    0.5290    3.9360   -0.1809   -0.4817    0.6870   -1.9531 
  16.6866 4288.1738   41.9313   -3.5046   57.9935   24.1247   11.9048   26.1965    0.2143   -9.6829    0.0000   -0.0000    2.5362    0.5290    3.9360   -0.1428   -0.5271    0.7488    0.0000 
  16.7291 4288.1313   40.6389   -1.4189   60.4256   13.9929    8.6700   52.9299    0.2143   -9.6829    0.0000   -0.0000    2.5362    0.5290    3.9360   -0.1035   -0.6147    0.9080   -0.8545 
  16.7716 4288.0889   39.7361   -3.9583   59.1138   18.6316  -39.7309  -55.1634    0.2143   -9.6829    0.0000   -0.0000    2.5362    0.5290    3.9360   -0.0981   -0.6016    0.8926    0.0000 
  16.8141 4288.0464   39.0385   -7.8880   55.8559   19.1809  -24.4721   -9.5702    0.2143   -9.6829    0.0000   -0.0000    2.5362    0.5290    3.9360   -0.2112   -0.8398    0.9119    4.3335 
  16.8566 4288.0039   43.7515  -11.7048   53.0708   88.0896    0.4302  -22.5706    0.2143   -9.6829    0.0000   -0.0000    2.5362    0.5290    3.9360   -0.3896   -1.1660    0.9150    0.0000 
  16.8991 4287.9614   48.4281  -12.3794   51.9427   52.2620   -7.3823   24.7316    0.2143   -9.6829    0.0000   -0.0000    2.5362    0.5290    3.9360   -0.1992   -1.1956    0.9077   37.4146 
  16.9416 4287.9189   51.4508  -15.1178   49.3647   39.4446   22.5249  -43.6888    0.2143   -9.6829    0.0000   -0.0000    2.5362    0.5290    3.9360   -0.2861   -0.9346    0.7102    0.0000 
  16.9841 4287.8765   52.3179  -12.5207   50.2138  -14.6936   35.0372   68.7380    0.2143   -9.6829    0.0000   -0.0000    2.5362    0.5290    3.9360   -0.0859   -0.7893    0.6116  -29.5410 
  17.0266 4287.8340   51.5734   -8.8831   53.8063  -13.7781  -14.4624  -13.7816    0.2143   -9.6829    0.0000   -0.0000    2.5362    0.5290    3.9360   -0.2603   -0.7317    0.5508    0.0000 
  17.0691 4287.7915   46.7183  -11.1394   50.3493 -108.8098   46.2676 -105.4564    0.2143   -9.6829    0.0000   -0.0000    2.5362    0.5290    3.9360   -0.1880   -0.7156    0.5173 -123.6572 
  17.1116 4287.7490   44.8842  -10.9287   46.8760  -58.3337   70.0103  -10.4857    0.2143   -9.6829    0.0000   -0.0000    2.5362    0.5290    3.9440   -0.0769   -0.4973    0.4839  -73.1812 
  17.1541 4287.7061   40.6700   -8.6774   48.6460 -179.4275    7.1441   11.9753    0.2143   -9.6829    0.0000   -0.0000    2.5362    0.5290    3.9360   -0.2708   -0.7500    0.6487 -194.2749 
  17.1966 4287.6636   38.2040  -11.4046   45.3216  -14.5715  -94.3574 -162.5243    0.2143   -9.6829    0.0000   -0.0000    2.5362    0.5290    3.9360   -0.0398   -0.6709    0.6270    0.0000 
  17.2391 4287.6211   35.0234  -20.5065   36.9614  -59.4324   17.2149 -140.7957    0.2143   -9.6829    0.0000   -0.0000    2.5362    0.5290    3.9360   -0.5251   -0.7192    0.6057  -74.2798 
  17.2816 4287.5786   32.5169  -18.0973   37.2436 -122.4207   53.3477   83.2033    0.2143   -9.6829    0.0000   -0.0000    2.5362    0.5290    3.9360   -0.3799   -0.8889    1.0669    0.0000 
  17.3241 4287.5361   29.6133  -13.8555   42.9810 -109.5422    7.2051   16.8581    0.2143   -9.6829    0.0000   -0.0000    2.5362    0.5290    3.9360   -0.2437   -0.8562    1.0269 -124.3896 
  17.3666 4287.4937   27.6484  -16.0591   43.3394 -106.8567 -106.6254  -55.4076    0.2143   -9.6829    0.0000   -0.0000    2.5362    0.5290    3.9440   -0.3430   -0.6294    0.9941    0.0000 
  17.4091 4287.4512   24.1085  -19.2627   42.2614 -108.8098   19.1070  -33.4959    0.2143   -9.6829    0.0000   -0.0000    2.5362    0.5290    3.9440   -0.2307   -0.3982    0.7761 -123.6572 
  17.4516 4287.4087   22.0595  -15.1817   44.5854  -39.4739   26.1871   28.6379    0.2143   -9.6829    0.0000   -0.0000    2.5362    0.5290    3.9440   -0.0671   -0.4141    0.9353    0.0000 
  17.4941 4287.3662   21.4848  -12.3862   46.2451  -68.8928   59.2681   20.2760    0.2143   -9.6829    0.0000   -0.0000    2.5362    0.5290    3.9440   -0.2495   -0.4106    0.8169  -83.7402 
  17.5366 4287.3237   17.7794   -8.5065   47.9859  -77.3767   19.8394   -4.9925    0.2143   -9.6829    0.0000   -0.0000    2.5362    0.5290    3.9360    0.0054   -0.3516    0.8643    0.0000 
  17.5791 4287.2812   13.0774   -5.4050   48.7025 -140.4871   10.9893  -14.1478    0.2143   -9.6829    0.0000   -0.0000    2.5362    0.5290    3.9360   -0.0132   -0.1389    0.8030 -155.3345 
  17.6216 4287.2388    6.1816   -5.8827   49.5138   47.3181    4.2144   45.3615    0.2143   -9.6829    0.0000   -0.0000    2.5362    0.5290    3.9360   -0.1067    0.0322    0.8828    0.0000 
  17.6641 4287.1963    5.1021   -4.2677   52.1272  -55.4651   18.1304   58.0568    0.2143   -9.6829    0.0000   -0.0000    2.5362    0.5290    3.9440   -0.0037   -0.0635    1.1165  -70.3125 
  17.7066 4287.1538    3.1381   -1.5023   55.2093  -31.7224   54.2022   66.9069    0.2143   -9.6829    0.0000   -0.0000    2.5362    0.5290    3.9440   -0.1616   -0.1069    0.9854    0.0000 
  17.7491 4287.1113    2.6883   -2.9293   56.6872  -47.8967  -67.3798    1.9655    0.2143   -9.6829    0.0000   -0.0000    2.5362    0.5290    3.9440   -0.1262   -0.0642    1.0283  -62.7441 
  17.7916 4287.0688    6.3644   -5.5060   55.5540  135.5749   11.4165  -35.6322    0.2143   -9.6829    0.0000   -0.0000    2.5362    0.5290    3.9440   -0.3149   -0.1545    1.1006    0.0000 
  17.8341 4287.0264   12.1514   -7.1581   54.0376  117.0813  -63.1074    5.4445    0.2143   -9.6829    0.0000   -0.0000    2.5362    0.5290    3.9440   -0.1655   -0.4006    1.3735  102.2339 
  17.8766 4286.9839   15.9184  -11.1013   53.7848   73.1970  -23.7397   16.8581    0.2143   -9.6829    0.0000   -0.0000    2.5362    0.5290    3.9440   -0.2734   -0.2107    0.9761    0.0000 
  17.9191 4286.9414   19.6057   -9.1359   54.1340   77.5915   17.2759    3.1252    0.2143   -9.6829    0.0000   -0.0000    2.5362    0.5290    3.9440   -0.0718   -0.3606    0.8762   62.7441 
  17.9616 4286.8989   21.9758   -7.8088   54.9859   34.5007   -7.1381   41.6383    0.2143   -9.6829    0.0000   -0.0000    2.5362    0.5290    3.9440   -0.1858   -0.3931    1.0305    0.0000 
  18.0041 4286.8564   20.9568   -4.6847   57.7814  -54.6716   77.5176   20.3371    0.2143   -9.6829    0.0000   -0.0000    2.5362    0.5290    3.9440   -0.0632   -0.4045    1.0093  -69.5190 
  18.0466 4286.8140   19.9256   -3.5162   56.0331  -10.7263   51.2725  -54.3089    0.2143   -9.6829    0.0000   -0.0000    2.5362    0.5290    3.9440   -0.3459   -0.2253    0.9170    0.0000 
  18.0891 4286.7715   19.9886   -2.7582   56.1456  -35.9949   81.2408   49.7560    0.2143   -9.6829    0.0000   -0.0000    2.5362    0.5290    3.9440   -0.1365   -0.3323    0.8154  -50.8423 
  18.1316 4286.7290   20.0760   -2.5166   57.3344  -17.3181  -22.5800   57.0802    0.2143   -9.6829    0.0000   -0.0000    2.5362    0.5290    3.9440   -0.2947   -0.4563    1.0059    0.0000 
  18.1741 4286.6865   19.4036   -4.4522   59.7599   -1.3269   17.7032   53.1740    0.2143   -9.6829    0.0000   -0.0000    2.5362    0.5290    3.9440   -0.3557   -0.3384    0.9590  -16.1743 
  18.2166 4286.6436   22.2728   -1.8000   61.0916   32.7917   88.3208   40.8449    0.2143   -9.6829    0.0000   -0.0000    2.5362    0.5290    3.9440    0.0557   -0.5422    0.9807    0.0000 
  18.2591 4286.6011   23.2952    0.3271   64.1784  -24.3372  -31.6743   86.2550    0.2143   -9.6829    0.0000   -0.0000    2.5362    0.5290    3.9440   -0.2942   -0.5459    0.7422  -39.1846 
  18.3016 4286.5586   27.4982   -0.8169   66.4625  105.5456  -24.4111   33.6427    0.2143   -9.6829    0.0000   -0.0000    2.5362    0.5290    3.9440    0.1362   -0.5239    1.0063    0.0000 
  18.3441 4286.5161   29.7809    0.2402   69.0712   12.5281  -66.4033   59.2165    0.2143   -9.6829    0.0000   -0.0000    2.5362    0.5290    3.9440    0.0239   -0.4619    1.1331   -2.3193 
  18.3866 4286.4736   29.0393   -1.3798   72.0385  -12.6795   -2.4995   70.3249    0.2143   -9.6829    0.0000   -0.0000    2.5362    0.5290    3.9440   -0.1738   -0.5764    0.7493    0.0000 
  18.4291 4286.4312   32.7029    0.7977   73.8996   96.3293   27.1026   -4.4432    0.2143   -9.6829    0.0000   -0.0000    2.5362    0.5290    3.9440    0.0186   -0.6162    1.0479   81.4819 
  18.4716 4286.3887   34.0419    2.3810   74.0772   35.4773   13.7359    8.6794    0.2143   -9.6829    0.0000   -0.0000    2.5362    0.5290    3.9440    0.0791   -0.5110    1.0630    0.0000 
  18.5141 4286.3462   31.8508    3.1405   75.4852  -24.3982   -3.2929   31.8727    0.2143   -9.6829    0.0000   -0.0000    2.5362    0.5290    3.9360   -0.0657   -0.4758    1.0225  -39.2456 
  18.5566 4286.3037   28.5211    2.8656   75.5574  -54.4885   15.4449   -2.9784    0.2143   -9.6829    0.0000   -0.0000    2.5362    0.5290    3.9440    0.0054   -0.4346    1.0840    0.0000 
  18.5991 4286.2612   25.2825    1.1828   75.1765  -55.4041    6.3506   18.8112    0.2143   -9.6829    0.0000   -0.0000    2.5362    0.5290    3.9360   -0.0520   -0.5276    1.0591  -70.2515 
  18.6416 4286.2188   24.6426    2.2258   73.9664  -22.6892   60.4278  -53.4544    0.2143   -9.6829    0.0000   -0.0000    2.5362    0.5290    3.9440    0.1802   -0.6013    1.3511    0.0000 
  18.6841 4286.1763   23.0289    4.6722   72.9806 -102.2791  -18.5517   17.5295    0.2143   -9.6829    0.0000   -0.0000    2.5362    0.5290    3.9440    0.0095   -0.5588    0.9153 -117.1265 
  18.7266 4286.1338   20.8346    1.7721   73.9688  -19.3933  -34.8481   27.4782    0.2143   -9.6829    0.0000   -0.0000    2.5362    0.5290    3.9440   -0.0125   -0.2639    0.8767    0.0000 
  18.7691 4286.0913   19.6191    3.2936   74.1003   21.8664   55.4229  -23.7303    0.2143   -9.6829    0.0000   -0.0000    2.5362    0.5290    3.9440    0.0962   -0.3098    1.0012    7.0190 
  18.8116 4286.0488   19.4769    3.8586   73.3486  -24.0930  -14.0351    1.9655    0.2143   -9.6829    0.0000   -0.0000    2.5362    0.5290    3.9440    0.1338   -0.4175    0.7024    0.0000 
  18.8541 4286.0063   21.8699    4.7407   74.4184   76.2488   21.4874   22.6564    0.2143   -9.6829    0.0000   -0.0000    2.5362    0.5290    3.9440   -0.0891   -0.3374    1.2051   61.4014 
  18.8966 4285.9639   20.8351    2.3290   74.4942  -30.8679  -80.0141   21.5578    0.2143   -9.6829    0.0000   -0.0000    2.5362    0.5290    3.9440   -0.0312   -0.3635    1.1907  -45.7153 
  18.9391 4285.9214   21.3227   -3.1176   74.7292   42.9236  -83.7373   -9.7533    0.2143   -9.6829    0.0000   -0.0000    2.5362    0.5290    3.9440   -0.2646   -0.3708    0.7712   28.0762 
  18.9816 4285.8789   25.3257   -3.4582   72.2358  145.1575  139.5293  -44.3602    0.2143   -9.6829    0.0000   -0.0000    2.5362    0.5290    3.9440   -0.0803   -0.4375    1.0618    0.0000 
  19.0241 4285.8364   30.9281    1.9976   69.2352  234.7571   96.6216  -75.7323    0.2143   -9.6829    0.0000   -0.0000    2.5362    0.5290    3.9440    0.1152   -0.3489    0.7549  219.9097 
  19.0666 4285.7939   31.5586   -3.3711   65.2193 -143.5999  -26.6694  -10.2415    0.2143   -9.6829    0.0000   -0.0000    2.5362    0.5290    3.9440    0.0913   -1.5356    1.1799    0.0000 
  19.1091 4285.7515   29.8457   -2.9322   66.9806 -109.2981  -28.6225   15.2712    0.2143   -9.6829    0.0000   -0.0000    2.5362    0.5290    3.9440    0.0767   -0.5156    0.9888 -124.1455 
  19.1516 4285.7090   23.5266   -1.8917   68.0936 -153.1824   -2.1943   -2.4290    0.2143   -9.6829    0.0000   -0.0000    2.5362    0.5290    3.9440   -0.0820   -0.3713    1.1821    0.0000 
  19.1941 4285.6665   18.4390   -0.5667   68.7449 -124.0076   -3.4760    1.9045    0.2143   -9.6829    0.0000   -0.0000    2.5362    0.5290    3.9440    0.0229   -0.3579    0.9707 -138.8550 
  19.2366 4285.6240   13.7445    0.5695   69.1493  -74.2639    0.0640   -0.2928    0.2143   -9.6829    0.0000   -0.0000    2.5362    0.5290    3.9440    0.0156   -0.3064    0.9724    0.0000 
  19.2791 4285.5811    9.6532    1.0146   69.3266 -271.2243   -2.5605    5.4445    0.2143   -9.6829    0.0000   -0.0000    2.5362    0.5290    3.9360   -0.0837   -0.2720    0.6589 -286.0718 
  19.3216 4285.5386   -9.7260    1.6551   69.6870 -312.3010  -22.8852    9.1066    0.2143   -9.6829    0.0000   -0.0000    2.5362    0.5290    3.9440    0.0940    0.0889   -0.9458    0.0000 
  19.3641 4285.4961   -9.9700    1.4838   69.9661  309.8914   -2.3774    5.9938    0.2143   -9.6829    0.0000   -0.0000    2.5362    0.5290    3.9440    0.0356    0.2849    1.3618  295.0439 
  19.4066 4285.4536    1.2980    1.0598   70.5230   53.4827   66.5313   13.6232    0.2143   -9.6829    0.0000   -0.0000    2.5362    0.5290    3.9440   -0.3052   -0.7070    0.7026    0.0000 
  19.4491 4285.4111   -0.9011    2.2221   70.9342 -191.0852  -95.5170    7.2145    0.2143   -9.6829    0.0000   -0.0000    2.5362    0.5290    3.9440    0.0979   -0.1348    1.1262 -205.9326 
  19.4916 4285.3687   -2.0958    1.2384   71.0328   80.0940   36.8072    6.3600    0.2143   -9.6829    0.0000   -0.0000    2.5362    0.5290    3.9440    0.0056   -0.1531    1.4612    0.0000 
  19.5341 4285.3262   -2.2793    2.1076   71.1343  -32.8211  -52.6093   -0.3538    0.2143   -9.6829    0.0000   -0.0000    2.5362    0.5290    3.9360   -0.0322    0.1926    0.9526  -47.6685 
  19.5766 4285.2837   -1.7073   -0.5294   71.2320   -1.2659   16.6656   -0.1707    0.2143   -9.6829    0.0000   -0.0000    2.5362    0.5290    3.9440   -0.0527    0.0334    1.0667    0.0000 
  19.6191 4285.2412   -1.1815    1.2620   71.1969  -19.2712    7.8765   -0.1707    0.2143   -9.6829    0.0000   -0.0000    2.5362    0.5290    3.9440    0.0176    0.0691    1.0554  -34.1187 
  19.6616 4285.1987    0.0291    0.1467   71.2082    0.5652  -18.1855    0.4396    0.2143   -9.6829    0.0000   -0.0000    2.5362    0.5290    3.9440   -0.0461   -0.0198    1.0918    0.0000 
  19.7041 4285.1562    0.5028    0.5801   71.2105   -9.9939    7.3272    0.3786    0.2143   -9.6829    0.0000   -0.0000    2.5362    0.5290    3.9440    0.0366   -0.0068    1.0791  -24.8413 
  19.7466 4285.1138    0.5201   -0.1628   71.1997   -0.8997    5.6182   -0.1707    0.2143   -9.6829    0.0000   -0.0000    2.5362    0.5290    3.9440   -0.0312    0.0046    1.0847    0.0000 
  19.7891 4285.0713    0.4356    0.1583   71.2048   -1.0828   -2.3774   -0.2928    0.2143   -9.6829    0.0000   -0.0000    2.5362    0.5290    3.9440   -0.0273   -0.0127    1.0874  -15.9302 
  19.8316 4285.0288    0.8365    0.2813   71.2008   -0.9607   -1.9501   -0.1097    0.2143   -9.6829    0.0000   -0.0000    2.5362    0.5290    3.9440   -0.0242   -0.0134    1.0872    0.0000 
  19.8741 4284.9863    0.4208    0.3817   71.1972   -1.0828   -1.2788    0.0734    0.2143   -9.6829    0.0000   -0.0000    2.5362    0.5290    3.9360   -0.0208   -0.0037    1.0847  -15.9302 
  19.9166 4284.9438    0.4013    0.3560   71.2007   -0.2893   -0.4243   -0.2928    0.2143   -9.6829    0.0000   -0.0000    2.5362    0.5290    3.9440   -0.0117   -0.0054    1.0879    0.0000 
  19.9591 4284.9014    0.5750    0.3943   71.2068   -0.8997   -0.4243    0.3786    0.2143   -9.6829    0.0000   -0.0000    2.5362    0.5290    3.9360   -0.0061   -0.0093    1.0762  -15.7471 
  20.0016 4284.8589    0.2651    0.7889   71.2014   -0.9607   -0.3022   -0.2318    0.2143   -9.6829    0.0000   -0.0000    2.5362    0.5290    3.9440   -0.0059   -0.0046    1.0962    0.0000 
  20.0441 4284.8164    0.8505    0.6652   71.1890   -1.1438   -0.1801   -0.0487    0.2143   -9.6829    0.0000   -0.0000    2.5362    0.5290    3.9440   -0.0076   -0.0144    1.0837  -15.9912 
  20.0866 4284.7739    0.3863    0.6026   71.1835    0.0769    0.0030    0.1955    0.2143   -9.6829    0.0000   -0.0000    2.5362    0.5290    3.9440   -0.0171   -0.0015    1.0837    0.0000 
  20.1291 4284.7314    0.4396    0.5237   71.1738   -0.6555   -0.0581   -0.3538    0.2143   -9.6829    0.0000   -0.0000    2.5362    0.5290    3.9440   -0.0115   -0.0078    1.0781  -15.5029 
  20.1716 4284.6890    0.7250    0.3732   71.1673   -0.7776    0.1861    0.3175    0.2143   -9.6829    0.0000   -0.0000    2.5362    0.5290    3.9440   -0.0154   -0.0110    1.0876    0.0000 
  20.2141 4284.6465    0.6692    0.2460   71.1678   -0.3504    0.3082   -0.4149    0.2143   -9.6829    0.0000   -0.0000    2.5362    0.5290    3.9440   -0.0195   -0.0144    1.0779  -15.1978 
  20.2566 4284.6040    0.4234    0.7360   71.1648   -1.0217   -0.1801    0.1955    0.2143   -9.6829    0.0000   -0.0000    2.5362    0.5290    3.9440   -0.0049   -0.0022    1.0784    0.0000 
  20.2991 4284.5615    0.7508    0.3173   71.1519   -1.5711   -0.1801    0.0124    0.2143   -9.6829    0.0000   -0.0000    2.5362    0.5290    3.9440   -0.0146   -0.0146    1.0752  -16.4185 
  20.3416 4284.5186    0.6033    0.3576   71.1537   -0.1672   -0.1191   -0.1097    0.2143   -9.6829    0.0000   -0.0000    2.5362    0.5290    3.9440   -0.0125   -0.0149    1.0798    0.0000 
  20.3841 4284.4761    0.3712    0.3559   71.1384   -0.7776   -0.1801   -0.5369    0.2143   -9.6829    0.0000   -0.0000    2.5362    0.5290    3.9440   -0.0137    0.0005    1.0713  -15.6250 
  20.4266 4284.4336    0.5881    0.8189   71.1320   -1.0217   -0.1801    0.0124    0.2143   -9.6829    0.0000   -0.0000    2.5362    0.5290    3.9440   -0.0186   -0.0129    1.0750    0.0000 
  20.4691 4284.3911    0.5242    0.3820   71.1237   -0.1672    0.1861    0.1344    0.2143   -9.6829    0.0000   -0.0000    2.5362    0.5290    3.9440   -0.0129   -0.0083    1.0867  -15.0146 
  20.5116 4284.3486    0.6554    0.4407   71.1256   -0.7776    0.0640    0.0124    0.2143   -9.6829    0.0000   -0.0000    2.5362    0.5290    3.9440   -0.0107   -0.0132    1.0862    0.0000 
  20.5541 4284.3062    0.6180    0.3953   71.1151   -0.8997   -0.3632   -0.1707    0.2143   -9.6829    0.0000   -0.0000    2.5362    0.5290    3.9440   -0.0127   -0.0098    1.0798  -15.7471 
  20.5966 4284.2637    0.4561    0.4649   71.1145   -0.5945   -0.3632   -0.1707    0.2143   -9.6829    0.0000   -0.0000    2.5362    0.5290    3.9440   -0.0151   -0.0076    1.0830    0.0000 
  20.6391 4284.2212    0.4740    0.5960   71.1121   -0.2893    0.3082   -0.3538    0.2143   -9.6829    0.0000   -0.0000    2.5362    0.5290    3.9440   -0.0103   -0.0083    1.0828  -15.1367 
  20.6816 4284.1787    0.8494    0.4258   71.1052   -0.8386    0.0030   -0.2928    0.2143   -9.6829    0.0000   -0.0000    2.5362    0.5290    3.9440   -0.0093   -0.0166    1.0840    0.0000 
  20.7241 4284.1362    0.2094    0.4803   71.0969   -1.8152    0.0030   -0.4149    0.2143   -9.6829    0.0000   -0.0000    2.5362    0.5290    3.9440   -0.0103   -0.0012    1.0869  -16.6626 
  20.7666 4284.0938    0.7145    0.3363   71.0870   -0.8997   -0.7294   -0.3538    0.2143   -9.6829    0.0000   -0.0000    2.5362    0.5290    3.9440   -0.0142   -0.0115    1.0884    0.0000 
  20.8091 4284.0513    0.7810    0.2790   71.0862   -0.9607    0.0640    0.3175    0.2143   -9.6829    0.0000   -0.0000    2.5362    0.5290    3.9440   -0.0183   -0.0100    1.0879  -15.8081 
  20.8516 4284.0088    0.2983    0.7165   71.0919   -1.2048    0.3082   -0.0487    0.2143   -9.6829    0.0000   -0.0000    2.5362    0.5290    3.9440   -0.0132   -0.0017    1.0854    0.0000 
  20.8941 4283.9663    0.6780    0.4567   71.0902   -0.8386    0.1861    0.0124    0.2143   -9.6829    0.0000   -0.0000    2.5362    0.5290    3.9440   -0.0100   -0.0122    1.0786  -15.6860 
  20.9366 4283.9238    0.3727    0.3691   71.0832   -0.1062   -0.0581   -0.1707    0.2143   -9.6829    0.0000   -0.0000    2.5362    0.5290    3.9440   -0.0168   -0.0054    1.0806    0.0000 
  20.9791 4283.8813    0.6454    0.5414   71.0875   -0.9607    0.0640    0.3175    0.2143   -9.6829    0.0000   -0.0000    2.5362    0.5290    3.9440   -0.0068   -0.0115    1.0896  -15.8081 
  21.0216 4283.8389    0.8816    0.5097   71.0819   -0.2893   -0.0581   -0.1707    0.2143   -9.6829    0.0000   -0.0000    2.5362    0.5290    3.9440   -0.0063   -0.0171    1.0923    0.0000 
  21.0641 4283.7964    0.6662    0.2255   71.0724   -0.8386   -0.1801    0.0124    0.2143   -9.6829    0.0000   -0.0000    2.5362    0.5290    3.9360   -0.0164   -0.0112    1.0803  -15.6860 
  21.1066 4283.7539    0.6799    0.6036   71.0739   -0.6555    0.0030    0.0124    0.2143   -9.6829    0.0000   -0.0000    2.5362    0.5290    3.9440   -0.0137   -0.0068    1.0896    0.0000 
  21.1491 4283.7114    0.7860    0.7316   71.0666   -0.5945    0.1250   -0.2318    0.2143   -9.6829    0.0000   -0.0000    2.5362    0.5290    3.9440   -0.0063   -0.0181    1.0793  -15.4419 
  21.1916 4283.6689    0.7273    0.5347   71.0613   -0.7166   -0.3632    0.4396    0.2143   -9.6829    0.0000   -0.0000    2.5362    0.5290    3.9440   -0.0120   -0.0146    1.0879    0.0000 
  21.2341 4283.6265    0.9430    0.2880   71.0519    0.1379    0.4302   -0.7811    0.2143   -9.6829    0.0000   -0.0000    2.5362    0.5290    3.9440   -0.0176   -0.0166    1.0842  -14.7095 
  21.2766 4283.5840    0.6727    0.6780   71.0405   -1.0217   -0.1191    0.1344    0.2143   -9.6829    0.0000   -0.0000    2.5362    0.5290    3.9440   -0.0071   -0.0122    1.0884    0.0000 
  21.3191 4283.5415    0.7872    0.4217   71.0318   -0.6555   -0.0581    0.0734    0.2143   -9.6829    0.0000   -0.0000    2.5362    0.5290    3.9440   -0.0098   -0.0166    1.0791  -15.5029 
  21.3616 4283.4990    0.6018    0.5354   71.0358   -1.1438   -0.2412    0.0734    0.2143   -9.6829    0.0000   -0.0000    2.5362    0.5290    3.9440   -0.0088   -0.0010    1.0842    0.0000 
  21.4041 4283.4561    0.4141    0.2251   71.0296   -0.6555    0.0030    0.3175    0.2143   -9.6829    0.0000   -0.0000    2.5362    0.5290    3.9440   -0.0176   -0.0063    1.0859  -15.5029 
  21.4466 4283.4136    0.5407    0.2314   71.0202   -0.9607    0.2471    0.2565    0.2143   -9.6829    0.0000   -0.0000    2.5362    0.5290    3.9440   -0.0198   -0.0093    1.0923    0.0000 
  21.4891 4283.3711    0.4214    0.4368   71.0216   -0.2893    0.0640   -0.1097    0.2143   -9.6829    0.0000   -0.0000    2.5362    0.5290    3.9440   -0.0120   -0.0063    1.0874  -15.1367 
  21.5316 4283.3286    0.3966    0.4562   71.0201   -0.8997   -0.3632   -0.1097    0.2143   -9.6829    0.0000   -0.0000    2.5362    0.5290    3.9440   -0.0100   -0.0066    1.0999    0.0000 
  21.5741 4283.2861    0.5275    0.2875   71.0248   -0.7776    0.2471    0.3786    0.2143   -9.6829    0.0000   -0.0000    2.5362    0.5290    3.9440   -0.0161   -0.0063    1.0823  -15.6250 
  21.6166 4283.2437    0.4763    0.3959   71.0174   -0.9607    0.0640   -0.3538    0.2143   -9.6829    0.0000   -0.0000    2.5362    0.5290    3.9440   -0.0129   -0.0076    1.0867    0.0000 
  21.6591 4283.2012    0.4