   0.0016 4290.9946   -0.0725   -0.1229  180.0005   -0.2065    0.3839    0.1788    0.0000    0.0000    0.0000    0.0000    0.0000    0.0000    3.9280   -0.0181    0.0105    1.0791    0.0000 
   0.0441 4290.9521   -0.4929   -0.9052  180.0032    0.9532    0.2008   -0.3094    0.0000    0.0000    0.0000    0.0000    0.0000    0.0000    3.9280   -0.0168    0.0093    1.0730  -14.6484 
   0.0866 4290.9097   -0.4772   -0.9350  179.9975    0.1597    0.0177   -0.0653    0.0000    0.0000    0.0000    0.0000    0.0000    0.0000    3.9280   -0.0168    0.0081    1.0671    1.9702 
   0.1291 4290.8672   -0.9441   -0.3740  179.9781   -0.5117    0.0787    0.3009    0.0000    0.0000    0.0000    0.0000    0.0000    0.0000    3.9280   -0.0044    0.0183    1.0781  -16.1133 
   0.1716 4290.8247   -0.3430   -1.0729  179.9752   -0.0844    0.0787   -0.0043    0.0000    0.0000    0.0000    0.0000    0.0000    0.0000    3.9360   -0.0146    0.0061    1.0752    0.0000 
   0.2141 4290.7822   -0.7051   -1.0898  179.9756    0.7701    0.2008   -0.0043    0.0000    0.0000    0.0000    0.0000    0.0000    0.0000    3.9280   -0.0176    0.0132    1.0715  -14.8315 
   0.2566 4290.7397   -0.4494   -1.0180  179.9698    1.5635    0.3229   -0.4315    0.0000    0.0000    0.0000    0.0000    0.0000    0.0000    3.9360   -0.0159    0.0122    1.0876    0.0000 
   0.2991 4290.6973   -0.5859   -0.8810  179.9679    0.5259   -0.1044   -0.0043    0.0000    0.0000    0.0000    0.0000    0.0000    0.0000    3.9280   -0.0115    0.0066    1.0754  -15.0757 
   0.3416 4290.6548   -0.3645   -0.8320  179.9586    0.8311   -0.2264   -0.2484    0.0000    0.0000    0.0000    0.0000    0.0000    0.0000    3.9280   -0.0129    0.0037    1.0813    0.0000 
   0.3841 4290.6123   -0.8286   -0.9601  179.9635   -0.8779    0.3839    0.4840    0.0000    0.0000    0.0000    0.0000    0.0000    0.0000    3.9280   -0.0142    0.0129    1.0874  -16.4795 
   0.4266 4290.5698   -0.9369   -1.0700  179.9647   -0.3896   -0.1654    0.2399    0.0000    0.0000    0.0000    0.0000    0.0000    0.0000    3.9280   -0.0117    0.0198    1.0776  -15.9912 
   0.4691 4290.5273   -0.6521   -0.6478  179.9488    1.0142    0.1398   -0.3705    0.0000    0.0000    0.0000    0.0000    0.0000    0.0000    3.9280   -0.0095    0.0146    1.0767  -14.5874 
   0.5116 4290.4849   -0.6393   -1.5654  179.9584    0.3428    0.0177   -0.1874    0.0000    0.0000    0.0000    0.0000    0.0000    0.0000    3.9280   -0.0288    0.0085    1.0745    0.0000 
   0.5541 4290.4419   -0.1805   -1.3513  179.9548    1.5025   -0.1654   -0.4315    0.0000    0.0000    0.0000    0.0000    0.0000    0.0000    3.9280   -0.0254    0.0037    1.0769  -14.0991 
   0.5966 4290.3994   -0.2265   -1.1844  179.9446   -0.5117    0.0787    0.7892    0.0000    0.0000    0.0000    0.0000    0.0000    0.0000    3.9280   -0.0247    0.0110    1.0884    1.9702 
   0.6391 4290.3569   -0.2706   -1.1751  179.9462   -0.0234    0.0787    0.1788    0.0000    0.0000    0.0000    0.0000    0.0000    0.0000    3.9280   -0.0271    0.0066    1.0798  -15.6250 
   0.6816 4290.3145   -0.4075   -1.1636  179.9508   -0.7558   -0.0433    0.2399    0.0000    0.0000    0.0000    0.0000    0.0000    0.0000    3.9280   -0.0215    0.0073    1.0715    0.0000 
   0.7241 4290.2720   -0.2402   -1.1092  179.9391    0.0377   -0.2875   -0.1263    0.0000    0.0000    0.0000    0.0000    0.0000    0.0000    3.9280   -0.0222    0.0066    1.0815  -15.5640 
   0.7666 4290.2295   -0.6670   -1.0302  179.9331    0.3428   -0.0433    0.1178    0.0000    0.0000    0.0000    0.0000    0.0000    0.0000    3.9280   -0.0227    0.0024    1.0793    0.0000 
   0.8091 4290.1870   -0.3286   -1.2743  179.9275    0.4649   -0.1654   -0.4925    0.0000    0.0000    0.0000    0.0000    0.0000    0.0000    3.9280   -0.0229    0.0059    1.0779  -15.1367 
   0.8516 4290.1445   -0.0049   -1.0903  179.9278    0.3428   -0.2875   -0.1263    0.0000    0.0000    0.0000    0.0000    0.0000    0.0000    3.9280   -0.0178    0.0100    1.0688    0.0000 
   0.8941 4290.1021   -0.5266   -1.3587  179.9316    0.1597    0.4449    0.2399    0.0000    0.0000    0.0000    0.0000    0.0000    0.0000    3.9280   -0.0212    0.0178    1.0850  -15.4419 
   0.9366 4290.0596   -0.6313   -1.0761  179.9192   -0.6948   -0.2264   -0.1874    0.0000    0.0000    0.0000    0.0000    0.0000    0.0000    3.9280   -0.0222    0.0181    1.0757  -16.2964 
   0.9791 4290.0171   -0.1798   -1.3838  179.9168    0.4039    0.0177    0.2399    0.0000    0.0000    0.0000    0.0000    0.0000    0.0000    3.9280   -0.0354    0.0132    1.0859  -15.1978 
   1.0216 4289.9746   -0.3254   -1.1756  179.9167    0.8922    0.2618   -0.1874    0.0000    0.0000    0.0000    0.0000    0.0000    0.0000    3.9280   -0.0198    0.0063    1.0881    0.0000 
   1.0641 4289.9321   -0.3439   -1.3765  179.9176   -0.1454   -0.0433   -0.1874    0.0000    0.0000    0.0000    0.0000    0.0000    0.0000    3.9280   -0.0276    0.0071    1.0786  -15.7471 
   1.1066 4289.8896   -0.7646   -0.7466  179.9082    0.4039    0.0787   -0.0043    0.0000    0.0000    0.0000    0.0000    0.0000    0.0000    3.9280   -0.0054    0.0166    1.0708    1.9702 
   1.1491 4289.8472   -0.5830   -1.5641  179.9196    0.7701   -0.1044    0.1178    0.0000    0.0000    0.0000    0.0000    0.0000    0.0000    3.9280   -0.0334    0.0127    1.0957  -14.8315 
   1.1916 4289.8047   -0.3980   -1.0126  179.9168    0.6480    0.0787   -0.0653    0.0000    0.0000    0.0000    0.0000    0.0000    0.0000    3.9280   -0.0222    0.0066    1.0786    0.0000 
   1.2341 4289.7622   -0.7874   -0.8689  179.9150   -0.1454   -0.1044   -0.1263    0.0000    0.0000    0.0000    0.0000    0.0000    0.0000    3.9280   -0.0183    0.0132    1.0713  -15.7471 
   1.2766 4289.7197   -0.4906   -1.4949  179.9102    0.7701    0.1398   -0.4315    0.0000    0.0000    0.0000    0.0000    0.0000    0.0000    3.9280   -0.0310    0.0171    1.0840    1.9702 
   1.3191 4289.6772   -0.8082   -1.4026  179.8989    1.0753    0.3229   -0.3705    0.0000    0.0000    0.0000    0.0000    0.0000    0.0000    3.9280   -0.0168    0.0134    1.0784  -14.5264 
   1.3616 4289.6348   -0.4273   -1.3480  179.8869    0.6480   -0.0433   -0.3705    0.0000    0.0000    0.0000    0.0000    0.0000    0.0000    3.9280   -0.0261    0.0061    1.0706    0.0000 
   1.4041 4289.5923   -0.4864   -1.1903  179.8797    0.3428    0.0787   -0.1263    0.0000    0.0000    0.0000    0.0000    0.0000    0.0000    3.9280   -0.0239    0.0068    1.0793  -15.2588 
   1.4466 4289.5498   -0.7119   -0.9093  179.8682   -0.2065    0.0177   -0.0043    0.0000    0.0000    0.0000    0.0000    0.0000    0.0000    3.9280   -0.0137    0.0139    1.0891    1.9702 
   1.4891 4289.5073   -0.3459   -1.5125  179.8624   -0.1454   -0.2264   -0.2484    0.0000    0.0000    0.0000    0.0000    0.0000    0.0000    3.9280   -0.0278    0.0068    1.0842  -15.7471 
   1.5316 4289.4648   -0.5137   -0.8914  179.8527    1.1363    0.4449   -0.2484    0.0000    0.0000    0.0000    0.0000    0.0000    0.0000    3.9280   -0.0164    0.0073    1.0884    0.0000 
   1.5741 4289.4224   -0.5049   -0.9583  179.8459   -0.2675    0.3839   -0.1874    0.0000    0.0000    0.0000    0.0000    0.0000    0.0000    3.9280   -0.0183    0.0093    1.0864  -15.8691 
   1.6166 4289.3794   -0.5044   -1.3635  179.8500   -0.0844   -0.0433   -0.0043    0.0000    0.0000    0.0000    0.0000    0.0000    0.0000    3.9280   -0.0298    0.0142    1.0820    1.9702 
   1.6591 4289.3369   -0.6791   -0.6928  179.8406   -0.6337   -0.1654    0.4230    0.0000    0.0000    0.0000    0.0000    0.0000    0.0000    3.9280   -0.0151    0.0112    1.0803  -16.2354 
   1.7016 4289.2944   -0.5326   -1.2096  179.8444    0.8311    0.2008    0.1788    0.0000    0.0000    0.0000    0.0000    0.0000    0.0000    3.9200   -0.0239    0.0115    1.0825    0.0000 
   1.7441 4289.2520   -0.6775   -0.8874  179.8416   -0.2675   -0.1654    0.3620    0.0000    0.0000    0.0000    0.0000    0.0000    0.0000    3.9280   -0.0107    0.0166    1.0688  -15.8691 
   1.7866 4289.2095   -0.4849   -0.9380  179.8428   -0.3285   -0.3485   -0.2484    0.0000    0.0000    0.0000    0.0000    0.0000    0.0000    3.9280   -0.0193    0.0110    1.0818    1.9702 
   1.8291 4289.1670   -0.0833   -0.7998  179.8487   -0.3285   -0.1654    0.2399    0.0000    0.0000    0.0000    0.0000    0.0000    0.0000    3.9280   -0.0154    0.0020    1.0994  -15.9302 
   1.8716 4289.1245   -0.5538   -1.3490  179.8532    0.4649   -0.2875   -0.5536    0.0000    0.0000    0.0000    0.0000    0.0000    0.0000    3.9280   -0.0269    0.0076    1.0715  -15.1367 
   1.9141 4289.0820   -0.3464   -1.0856  179.8429   -0.0234   -0.2264   -0.2484    0.0000    0.0000    0.0000    0.0000    0.0000    0.0000    3.9280   -0.0132    0.0002    1.0864  -15.6250 
   1.9566 4289.0396   -0.5069   -1.3981  179.8318    1.0142    0.0177   -0.0043    0.0000    0.0000    0.0000    0.0000    0.0000    0.0000    3.9280   -0.0195    0.0042    1.0874    1.9702 
   1.9991 4288.9971   -0.4799   -0.8019  179.8245    0.7701   -0.1654    0.2399    0.0000    0.0000    0.0000    0.0000    0.0000    0.0000    3.9280   -0.0281    0.0042    1.0676  -14.8315 
   2.0416 4288.9546   -0.6965   -1.3535  179.8188    0.5870   -0.2264   -0.4315    0.0000    0.0000    0.0000    0.0000    0.0000    0.0000    3.9280   -0.0225    0.0205    1.0818    0.0000 
   2.0841 4288.9121   -0.5633   -1.2142  179.8112    0.4649    0.2618    0.0568    0.0000    0.0000    0.0000    0.0000    0.0000    0.0000    3.9280   -0.0225    0.0105    1.0808  -15.1367 
   2.1266 4288.8696   -0.7087   -0.8293  179.8006    0.1597    0.0787   -0.0043    0.0000    0.0000    0.0000    0.0000    0.0000    0.0000    3.9280   -0.0122    0.0125    1.0640    0.0000 
   2.1691 4288.8271   -0.5460   -1.1629  179.8019    0.2208   -0.1044   -0.0653    0.0000    0.0000    0.0000    0.0000    0.0000    0.0000    3.9280   -0.0269    0.0051    1.0754  -15.3809 
   2.2116 4288.7847   -0.4073   -1.2293  179.8039    0.5870    0.0177   -0.1263    0.0000    0.0000    0.0000    0.0000    0.0000    0.0000    3.9280   -0.0220    0.0076    1.0808    0.0000 
   2.2541 4288.7422   -0.3652   -1.1385  179.7957    0.7701    0.2618   -0.0653    0.0000    0.0000    0.0000    0.0000    0.0000    0.0000    3.9280   -0.0215    0.0015    1.0713  -14.8315 
   2.2966 4288.6997   -0.6284   -0.8116  179.7978    1.1363   -0.1044   -0.3094    0.0000    0.0000    0.0000    0.0000    0.0000    0.0000    3.9280   -0.0193    0.0042    1.0752    1.9702 
   2.3391 4288.6572   -0.2865   -1.3161  179.8072    1.1973    0.2618    0.0568    0.0000    0.0000    0.0000    0.0000    0.0000    0.0000    3.9280   -0.0322    0.0066    1.0833  -14.4043 
   2.3816 4288.6147   -0.8035   -1.2408  179.8055    1.1363    0.0787   -0.1263    0.0000    0.0000    0.0000    0.0000    0.0000    0.0000    3.9280   -0.0234    0.0134    1.0774    0.0000 
   2.4241 4288.5723   -0.6688   -0.8501  179.7964   -0.5727    0.3229   -0.0043    0.0000    0.0000    0.0000    0.0000    0.0000    0.0000    3.9280   -0.0105    0.0151    1.0583  -16.1743 
   2.4666 4288.5298   -0.3403   -1.2985  179.7974   -0.2065    0.0787    0.1178    0.0000    0.0000    0.0000    0.0000    0.0000    0.0000    3.9280   -0.0198    0.0037    1.0732    1.9702 
   2.5091 4288.4873   -0.8397   -0.7184  179.7861   -0.5117   -0.3485   -0.1874    0.0000    0.0000    0.0000    0.0000    0.0000    0.0000    3.9280   -0.0134    0.0159    1.0789  -16.1133 
   2.5516 4288.4448   -0.1590   -1.2512  179.7835    0.2208    0.0787    0.0568    0.0000    0.0000    0.0000    0.0000    0.0000    0.0000    3.9280   -0.0232    0.0034    1.0796    0.0000 
   2.5941 4288.4023   -0.7517   -1.3333  179.7721    0.5870   -0.1044   -0.1263    0.0000    0.0000    0.0000    0.0000    0.0000    0.0000    3.9280   -0.0227   -0.0046    1.0835  -15.0146 
   2.6366 4288.3599   -0.6412   -0.8529  179.7658    0.8311    0.1398   -0.2484    0.0000    0.0000    0.0000    0.0000    0.0000    0.0000    3.9280   -0.0154    0.0117    1.0706    1.9702 
   2.6791 4288.3169   -0.0512   -1.1192  179.7630   -0.0234   -0.2264    0.1788    0.0000    0.0000    0.0000    0.0000    0.0000    0.0000    3.9280   -0.0190   -0.0005    1.0745  -15.6250 
   2.7216 4288.2744   -0.5160   -1.2038  179.7629   -0.4506    0.2618    0.1788    0.0000    0.0000    0.0000    0.0000    0.0000    0.0000    3.9200   -0.0244    0.0098    1.0830    0.0000 
   2.7641 4288.2319   -0.2532   -1.2633  179.7544    1.2584    0.3229   -0.4925    0.0000    0.0000    0.0000    0.0000    0.0000    0.0000    3.9280   -0.0232    0.0024    1.0896  -14.3433 
   2.8066 4288.1895   -0.4148   -1.3039  179.7511   -0.0844    0.2008   -0.0043    0.0000    0.0000    0.0000    0.0000    0.0000    0.0000    3.9280   -0.0273    0.0095    1.0845  -15.6860 
   2.8491 4288.1470   -0.3493   -1.3731  179.7534    0.3428   -0.2264    0.3009    0.0000    0.0000    0.0000    0.0000    0.0000    0.0000    3.9280   -0.0298    0.0037    1.0918  -15.2588 
   2.8916 4288.1045   -0.5185   -1.4501  179.7545    0.2208    0.0177    0.3620    0.0000    0.0000    0.0000    0.0000    0.0000    0.0000    3.9280   -0.0249    0.0093    1.0762    0.0000 
   3.0141    0.0009    0.0000    0.0000  179.7495    0.4649   -0.2264    0.3620    0.0000    0.0000    0.0000    0.0000    0.0000    0.0000    3.9280   -0.0288    0.0125    1.0852  -15.1367 
   3.0566    0.0009    0.0000    0.0000  179.7516    0.0377    0.1398   -0.0043    0.0000    0.0000    0.0000    0.0000    0.0000    0.0000    3.9280   -0.0200    0.0046    1.0757  -15.5640 
   3.0991    0.0009    0.0000    0.0000  179.7481    0.3428   -0.0433   -0.0043    0.0000    0.0000    0.0000    0.0000    0.0000    0.0000    3.9280   -0.0200    0.0098    1.0820  -15.2588 
   3.1416    0.0013    0.0000    0.0000  179.7435   -0.0844    0.2008   -0.1874    0.0000    0.0000    0.0000    0.0000    0.0000    0.0000    3.9280   -0.0173    0.0132    1.0823  -15.6860 
   3.1841    0.0009    0.0000    0.0000  179.7426   -0.0844    0.5060   -0.0043    0.0000    0.0000    0.0000    0.0000    0.0000    0.0000    3.9280   -0.0164    0.0132    1.0786  -15.6860 
   3.2266    0.0009    0.0000    0.0000  179.7431    0.2208    0.2618   -0.4315    0.0000    0.0000    0.0000    0.0000    0.0000    0.0000    3.9280   -0.0242    0.0071    1.0767  -15.3809 
   3.2691    0.0009    0.0000    0.0000  179.7250    1.6856    0.2618   -0.4925    0.0000    0.0000    0.0000    0.0000    0.0000    0.0000    3.9280   -0.0293    0.0049    1.0796  -13.9160 
   3.3116    0.0013    0.0000    0.0000  179.7196    1.1973   -0.0433   -0.1263    0.0000    0.0000    0.0000    0.0000    0.0000    0.0000    3.9280   -0.0168    0.0090    1.0845  -14.4043 
   3.3541    0.0009    0.0000    0.0000  179.7239   -0.0234   -0.2264   -0.0653    0.0000    0.0000    0.0000    0.0000    0.0000    0.0000    3.9200   -0.0317    0.0100    1.0847  -15.6250 
   3.3966    0.0009    0.0000    0.0000  179.7229    1.0753    0.1398   -0.4925    0.0000    0.0000    0.0000    0.0000    0.0000    0.0000    3.9280   -0.0271    0.0063    1.0911  -14.5264 
   3.4391    0.0009    0.0000    0.0000  179.7179    0.2208   -0.1044    0.2399    0.0000    0.0000    0.0000    0.0000    0.0000    0.0973    3.9200   -0.0183    0.0034    1.0774  -15.3809 
   3.4816    0.0015    0.1517   -0.3226  179.7166    1.7466    0.1398   -0.5536   -0.7845    1.0757   -0.0000    0.0000    0.0000    0.1795    3.8560   -0.0232    0.0000    1.0847    0.0097 
   3.5241    0.0010    0.0275   -0.6313  179.7133    1.5025    2.4591    1.9489    0.3475    2.1757    0.0000    0.0000    0.0000    0.1950    3.8560    0.0278    0.0159    1.0908   -0.0340 
   3.5666    0.0010    0.0519   -1.0994  179.7064    0.4039   -2.1796    3.3527    0.9448    2.7615    0.0000    0.0000    0.0000    0.2000    3.8480   -0.0605    0.0105    1.0864   -0.0585 
   3.6091    0.0010    0.3718   -0.9506  179.7135   -2.7700   -0.6537    0.6061    1.7998    0.1879    0.0000    0.0000    0.2818    0.2000    3.8560   -0.0215    0.0349    1.0876   -0.0057 
   3.6516    0.0015   -0.0589   -0.7896  179.6206   -0.3285    2.4591   -2.5677    0.7638    0.0016    0.0000    0.0000    0.2818    0.1950    3.8560    0.0083    0.0164    1.0037    0.0497 
   3.6941    0.0010    0.0755    0.1930  179.6778    0.8922    0.6280    2.9865    1.4802   -0.8124    0.0000   -0.0000    0.2818    0.2101    3.8480   -0.0242   -0.0388    1.1970   -0.0472 
   3.7366    0.0010    0.1251    0.3609  179.7959    0.9532   -1.1420   -2.0795   -0.1152    0.5560   -0.0000    0.0000    0.2818    0.2441    3.8320    0.0054    0.0098    1.0913    0.0412 
   3.7791    0.0010   -0.0818    0.1076  179.6696    1.8687    1.7267   -2.9339   -1.4303    2.3269   -0.0000    0.0000    0.2818    0.2674    3.8080   -0.1250   -0.0020    1.0559    0.0561 
   3.8216    0.0015   -0.1705    0.0920  179.7511   -2.6479    2.7032    5.6720   -0.0797    2.4092    0.0000    0.0000    0.2818    0.3114    3.7760    0.1414    0.3071    1.1411   -0.0941 
   3.8641    0.0010   -0.4733    0.4327  180.1593   -6.2490    1.1774   16.8414   -1.9639    3.1566   -0.0000    0.0000    0.2818    0.3199    3.7760    0.1328    0.1248    1.1133   -0.2890 
   3.9066    0.0010   -0.2751    0.2761  180.9061  -10.5214   -6.3300   12.2638   -0.3647    1.1401   -0.0000    0.0000    0.2818    0.3199    3.7760   -0.3069   -0.3386    1.2473   -0.2091 
   3.9491    0.0010   -0.1876   -0.1494  181.4811  -39.6352    9.9054    9.2120   -0.4795    0.3813   -0.0000    0.0000    0.2818    0.3240    3.7680   -0.0642   -0.2854    0.7993   -0.1559 
   3.9916    0.0015    1.8620    0.2026  181.7974  -13.8784    3.9850   -1.0419   -0.9538    0.5159   -0.0000    0.0000    0.2818    0.3240    3.7680   -0.3792   -0.1162    0.3831    0.0231 
   4.0341    0.0010    0.5785   -0.5875  181.8946   -1.0610   -7.9779    4.3292   -0.2585    1.2419   -0.0000    0.0000    0.2818    0.3714    3.7360    0.0386    0.6511    2.4976   -0.0706 
   4.0766    0.0010   -0.5646   -2.2418  182.3167  -21.8740    1.9708   12.5079   -0.2553    0.3053    0.0000    0.0000    0.2818    0.3752    3.7360    0.1594    0.7817    1.3743   -0.2134 
   4.1191    0.0010   -0.0109   -1.4008  182.6458  -40.4286   38.1036    4.2072   -0.7499    1.4103   -0.0000    0.0000    0.2818    0.3826    3.7280    0.5359    0.1648    1.6858   -0.0685 
   4.1616    0.0015    0.3372   -1.1257  183.1642   19.2027  -50.3363   13.3624   -0.5685    0.6335   -0.0000    0.0000    0.2818    0.3862    3.7200   -0.3054    0.2507    2.1562   -0.2283 
   4.2041    0.0010   -0.6198   -1.6321  183.2825   14.6251    8.9899    3.2306   -0.6304    0.5342   -0.0000    0.0000    0.2818    0.3899    3.7280    0.4985    0.8206    0.5100   -0.0515 
   4.2466    0.0010   -0.2906   -0.6943  183.3590    1.0142   20.7696    2.8644   -0.6560    0.5748   -0.0000    0.0000    0.2818    0.3899    3.7200    0.1450    0.6243    1.7253   -0.0451 
   4.2891    0.0010   -0.7387   -1.6863  183.5216    8.9488  -22.1381    3.3527   -1.4935    0.0212   -0.0000    0.0000    0.2818    0.4076    3.7120   -0.2666   -0.4895    1.4695   -0.0536 
   4.3316    0.0015   -0.8609   -1.5539  183.5351   10.6578   17.7789   -1.4081   -1.2234    0.4542   -0.0000    0.0000    0.2818    0.4439    3.6800   -0.5806   -0.2249    0.1653    0.0295 
   4.3741    0.0010   -0.3911   -1.8941  183.5594  -14.6108  -21.7108   -0.4315   -1.3485    0.4086   -0.0000    0.0000    0.2818    0.4594    3.6640   -0.6287   -0.2778    2.6433    0.0124 
   4.4166    0.0010    0.0544   -1.0935  183.5758    0.0987   30.2911    0.4230   -0.3349    0.8627   -0.0000    0.0000    0.2818    0.4594    3.6560    0.2842    0.0020    0.6135   -0.0025 
   4.4591    0.0010    0.5306   -1.7045  183.5052  -15.7094  -53.0829   -1.7743   -0.1037   -0.8164   -0.0000    0.0000    0.2818    0.4594    3.6640   -0.1421   -1.1155    1.3809    0.0359 
   4.5016    0.0015    1.0420   -2.5954  183.3431  -12.9018   10.6378   -5.9247   -0.3268   -0.2145   -0.0000    0.0000    0.2818    0.4624    3.6640    0.1628   -0.7898    1.1760    0.1083 
   4.5441    0.0010   -0.4690   -0.7192  183.3199  -11.8032   21.5631   -1.5301   -0.3321    0.3036    0.0000    0.0000    0.2818    0.4624    3.6640    0.1184    0.1333    0.2981    0.0316 
   4.5866    0.0010    0.0040   -0.7366  183.3527   22.4376  -39.3500    1.3995    0.3584   -0.1669    0.0000    0.0000    0.2818    0.4963    3.6240    0.1138   -0.0632    1.0808   -0.0195 
   4.6291    0.0010   -0.4874   -1.2999  183.3904  -14.5497   11.4313    3.8410   -1.0369    0.6920   -0.0000    0.0000    0.2818    0.5094    3.6320   -0.0811    0.1624    1.1699   -0.0621 
   4.6716    0.0015   -0.1364    0.5330  183.3192   13.2213   16.8634   -2.1405    0.0273    0.5830    0.0000    0.0000    0.2818    0.5119    3.6080   -1.1030    0.7620    1.5845    0.0423 
   4.7141    0.0010    0.0452   -0.6268  183.3022  -14.2446  -55.4633    1.1554   -0.4940    0.0414   -0.0000    0.0000    0.2818    0.5094    3.6080    0.1785   -0.1157    0.7944   -0.0152 
   4.7566    0.0010    1.3185   -0.4034  183.2181   -5.2114   28.5211   -2.7508   -0.1956   -0.3546   -0.0000    0.0000    0.2818    0.5094    3.6160    0.1174   -0.4575    1.3245    0.0529 
   4.7991    0.0010   -0.1999    0.5583  183.1055  -25.4750    0.5060   -3.4833   -0.5102   -0.4857   -0.0000   -0.0000    0.2818    0.5119    3.6320   -0.1460    0.6482    1.6248    0.0657 
   4.8416    0.0015   -1.1799   -0.4313  183.1191   -8.3852  -34.2230   -0.4925    0.3147   -0.4769    0.0000   -0.0000    0.2818    0.5119    3.6160   -1.2324    1.1357    1.3154    0.0135 
   4.8841    0.0010   -0.9962   -0.7686  183.0349   38.5508   20.5255    0.1788   -0.6790    0.3597    0.0000    0.0000    0.2818    0.5144    3.6160   -1.0896    1.0034    1.9749    0.0018 
   4.9266    0.0010   -0.3904    0.0725  182.9093  -53.3681    9.9054   -7.3285    0.1573   -1.1849    0.0000   -0.0000    0.2818    0.5218    3.6080   -0.0688    1.1057    1.0852    0.1328 
   4.9691    0.0010   -2.5285   -0.3042  182.8412   -9.9111  -19.6356    0.7892   -1.0552   -0.1412    0.0000    0.0000    0.5636    0.5383    3.6000   -0.1978   -1.6416    0.9136   -0.0039 
   5.0116    0.0015   -1.7765   -0.4907  182.7331   44.8375   10.2716   -1.1639   -0.4612   -0.5400    0.0000   -0.0000    0.2818    0.5472    3.5840    0.8760   -1.4797    0.5337    0.0252 
   5.0541    0.0010   -0.5339    0.6910  182.6368   -1.4882   28.4601    0.3620   -0.9097   -0.3898   -0.0000   -0.0000    0.8454    0.5493    3.5680   -0.9336    0.5554    1.4338    0.0084 
   5.0966    0.0010   -1.6067    0.7849  182.5844  -45.7997  -30.2557    0.9723   -0.5398   -0.5930    0.0000   -0.0000    0.5636    0.5678    3.5600    0.5066    0.6235    0.5752   -0.0071 
   5.1391    0.0010   -2.4744   -0.9759  182.5982   -6.8593  -14.5087    0.4840   -0.7796   -0.7673    0.0000    0.0000    0.5636    0.5717    3.5520    0.4119    0.0671    0.6587    0.0014 
   5.1816    0.0015   -1.8953    0.0680  182.5386   22.4986   54.0338   -0.8588   -0.0953   -0.5180    0.0000   -0.0000    0.5636    0.5717    3.5360    0.7053   -0.4751    0.4509    0.0248 
   5.2241    0.0010   -1.0170    1.5518  182.4458  -17.7846  -13.7762   -2.0795    0.9987   -0.1686    0.0000   -0.0000    0.5636    0.5736    3.5520    0.5264   -0.3901    0.7898    0.0461 
   5.2666    0.0010   -1.7179    0.1032  182.3825  -11.0097  -39.1669   -0.4315   -0.2620   -0.9100    0.0000   -0.0000    0.5636    0.5736    3.5520   -0.8860   -0.4028    1.7600    0.0174 
   5.3091    0.0010   -1.8413    0.3621  182.3493    1.3194   50.6158   -3.9105    0.1418   -0.6032    0.0000   -0.0000    0.5636    0.5717    3.5440    0.0508    0.7473    1.7371    0.0781 
   5.3516    0.0015   -1.4941    2.2156  182.2908  -19.8598   26.5070    1.9489    0.4312   -0.3078    0.0000   -0.0000    0.5636    0.5736    3.5440    0.0679    2.1838    0.7849   -0.0242 
   5.3941    0.0010   -1.2038    1.2959  182.2472    4.3101  -50.4584   -1.1639   -0.3094   -0.5092    0.0000   -0.0000    0.5636    0.5736    3.5520    0.6238   -2.8606    1.3223    0.0302 
   5.4366    0.0010   -0.9374   -0.3865  182.2150    0.2208   -0.8978   -1.2860    0.5838   -0.7236    0.0000   -0.0000    0.5636    0.5736    3.5600   -0.2510   -0.0125    1.1433    0.0323 
   5.4791    0.0010   -1.0428    1.6934  182.1421    7.4229   53.6676   -3.1171    0.9097   -0.6973    0.0000   -0.0000    0.5636    0.5736    3.5360   -0.7534   -0.5037    1.0588    0.0642 
   5.5216    0.0015   -1.4886    2.7555  182.0586   -5.2114  -30.2557   -3.3612    0.4034   -1.1186    0.0000   -0.0000    0.5636    0.5736    3.5520   -0.6926    1.7979    1.5330    0.0685 
   5.5641    0.0010   -2.3728    0.1409  182.0518    0.0987  -31.1102    2.3761   -0.0972   -0.4862    0.0000   -0.0000    0.5636    0.5736    3.5440   -1.1357    0.5762    1.4175   -0.0316 
   5.6066    0.0010   -2.1904    1.2106  181.9573    1.1363   55.8649   -1.7743    0.3897   -0.9493    0.0000   -0.0000    0.5636    0.5736    3.5360   -1.1038    1.0164    1.4016    0.0408 
   5.6491    0.0010   -2.2332    3.3332  181.8657    7.1788   12.7130   -2.7508    0.7396   -0.6034    0.0000   -0.0000    0.5636    0.5736    3.5440    0.0779    0.2268    0.6816    0.0578 
   5.6916    0.0015   -1.6497    1.7674  181.7965   -2.0375  -75.2387   -3.6664    0.1753   -0.4743    0.0000   -0.0000    0.5636    0.5736    3.5680   -0.7505    1.3621    1.6211    0.0738 
   5.7341    0.0010   -1.4386    0.5369  181.6944   -0.0844   23.1500   -2.5677    0.6354   -0.1562    0.0000   -0.0000    0.5636    0.5736    3.5600    0.7734   -1.0872    0.9763    0.0547 
   5.7766    0.0010   -1.4490    2.8574  181.5859   -1.1220   62.6398   -4.5819    1.2371   -0.7841    0.0000   -0.0000    0.5636    0.5736    3.5200    0.0789    1.9749    0.9351    0.0898 
   5.8191    0.0010   -1.0107    3.3025  181.4670   -5.8827  -44.3549    0.5451    0.6716   -1.4352    0.0000   -0.0000    0.5636    0.5736    3.5520    0.4788   -0.4434    0.8479    0.0003 
   5.8616    0.0015   -1.1853    0.3608  181.3876    6.2022  -47.2235   -4.7650   -0.2658   -0.8686    0.0000   -0.0000    0.5636    0.5736    3.5600   -0.1260    0.4675    0.6606    0.0930 
   5.9041    0.0010   -0.0133    1.2438  181.3279   12.4278   61.2970    0.2399    0.5959   -0.4308    0.0000   -0.0000    0.5636    0.5736    3.5200    0.6716   -1.5920    0.8904    0.0056 
   5.9466    0.0010    0.2308    3.3563  181.1567   -5.8827    5.4498   -0.6756    0.2877   -0.3797    0.0000   -0.0000    0.5636    0.5736    3.5360    0.1538   -0.5720    0.6570    0.0216 
   5.9891    0.0010    0.4893    1.5223  181.0588   -5.6996  -73.8348   -3.9105    0.3254   -0.7911   -0.0000   -0.0000    0.5636    0.5736    3.5280    0.0261    0.5559    1.3193    0.0781 
   6.0316    0.0015    1.0422   -0.3320  180.9366   27.3204   25.1031   -5.3754    0.1500   -0.8160   -0.0000   -0.0000    0.5636    0.5736    3.5440    0.0867    0.9993    0.1077    0.1037 
   6.0741    0.0010    1.6206    2.2341  180.8597    5.1646   68.3160   -3.4222    1.0611   -1.0480   -0.0000   -0.0000    0.5636    0.5755    3.5200   -0.1787   -0.5476    0.9380    0.0696 
   6.1166    0.0010    1.7507    2.5134  180.7619   -2.3427  -50.2753   -0.0043    0.3357   -1.0882   -0.0000   -0.0000    0.5636    0.5755    3.5360    0.5039   -2.3362    1.1047    0.0099 
   6.1591    0.0010    1.3948   -0.4647  180.7339   18.6534  -49.8480   -1.8353    0.8304   -0.9754   -0.0000   -0.0000    0.5636    0.5755    3.5520    1.0288   -1.7974    0.6143    0.0419 
   6.2016    0.0015    1.4039   -0.0218  180.5696   18.2872   59.7711   -0.7977    0.6576   -0.3962   -0.0000   -0.0000    0.5636    0.5755    3.5200   -0.9429    0.3140    1.2861    0.0238 
   6.2441    0.0010    1.5257    2.9987  180.4691  -20.5922   36.8219   -1.4081    0.6481   -0.6124   -0.0000   -0.0000    0.5636    0.5736    3.5360    0.2461   -0.2937    0.9526    0.0344 
   6.2866    0.0010    1.0673    0.9198  180.4003   -8.4462  -83.2953    1.7658    1.1982   -1.0996    0.0000   -0.0000    0.5636    0.5755    3.5120    0.3218    1.6875    0.1921   -0.0210 
   6.3291    0.0010    1.5380   -1.0467  180.3230   24.6348   18.1451   -4.3378    1.0022   -0.7353   -0.0000    0.0000    0.5636    0.5755    3.5440   -0.7690   -0.9058    1.6382    0.0855 
   6.3716    0.0015    2.1713    1.8546  180.3080   12.4888   69.4757   -3.2391    0.4897   -0.5983   -0.0000   -0.0000    0.5636    0.5755    3.5120   -1.3115    1.4314    1.7319    0.0664 
   6.4141    0.0010    2.2447    2.3480  180.2304   -8.0800  -50.0922   -0.2484    1.0950   -0.1010   -0.0000   -0.0000    0.5636    0.5755    3.5360    0.5400    2.7063    1.0547    0.0142 
   6.4566    0.0010    1.6250   -1.0457  180.2391   -1.3661  -63.5809    0.8502    1.7098   -0.7195    0.0000    0.0000    0.5636    0.5755    3.5440   -0.4336    2.7268    1.3235   -0.0050 
   6.4991    0.0010    2.2735    0.1175  180.1615   16.7003   73.3820   -5.5585    2.1192   -0.9122   -0.0000   -0.0000    0.5636    0.5755    3.5040   -0.3704   -0.9629    1.2808    0.1069 
   6.5416    0.0015    2.4437    3.0824  180.1217  -10.2162   26.8121   -0.3094    1.6005   -0.3369   -0.0000   -0.0000    0.5636    0.5755    3.5280   -1.2153    0.7937    1.1355    0.0152 
   6.5841    0.0010    2.0666    1.2191  180.1355   -2.8920  -87.5067   -1.1639    2.0738    0.1466    0.0000   -0.0000    0.5636    0.5774    3.5120   -0.4988    1.5320    1.5083    0.0302 
   6.6266    0.0010    2.4318   -0.4525  180.2018    4.7374   15.5817   -0.2484    1.8077   -0.6581   -0.0000   -0.0000    0.5636    0.5774    3.5360   -0.6724   -2.6255    1.4314    0.0142 
   6.6691    0.0010    2.3881    2.2201  180.2317    2.8453   81.0114    3.3527    1.7487   -0.1053   -0.0000   -0.0000    0.5636    0.5774    3.5040    0.2944   -2.4741    1.1208   -0.0487 
   6.7116    0.0015    1.8553    2.9798  180.2671   14.9302  -52.1063    0.6671    1.6046   -0.1916   -0.0000   -0.0000    0.5636    0.5755    3.5280   -0.5703    1.8452    1.2454   -0.0018 
   6.7541    0.0010    2.7750   -0.3026  180.3090   20.4844  -74.7504   -0.3094    2.6084   -0.5800   -0.0000   -0.0000    0.5636    0.6014    3.4960   -0.3323   -1.1516    2.0762    0.0152 
   6.7966    0.0010    2.8181    0.2988  180.3076  -15.3432   82.9645    0.4840    1.8058   -0.0952   -0.0000   -0.0000    0.5636    0.6106    3.4800   -0.6912    3.8459    0.9026    0.0014 
   6.8391    0.0010    1.6536    4.0479  180.1738  -38.2314   47.3199   -1.3470    2.3033   -0.1765    0.0000   -0.0000    0.5636    0.6106    3.4880    1.4751    0.6155    1.1123    0.0333 
   6.8816    0.0015    1.2166    2.1607  180.1895    7.9722  -95.7465    0.4230    1.8994    0.2668    0.0000   -0.0000    0.5636    0.6092    3.4800    1.9902   -1.1555    0.6267    0.0025 
   6.9241    0.0010    1.6082   -0.9589  180.1383   19.3858   -0.3485   -3.1781    2.8003    0.3730    0.0000    0.0000    0.5636    0.6092    3.5040   -0.4529    1.4026    1.9353    0.0653 
   6.9666    0.0010    2.0820    2.6665  180.1530  -14.9160  106.2799   -2.8729    3.3333   -0.1671    0.0000   -0.0000    0.5636    0.6106    3.4480    0.3960   -2.8015    1.0308    0.0600 
   7.0091    0.0010    0.6318    3.4838  180.0651   -9.9721  -72.0648    2.4982    2.1582   -0.1276    0.0000   -0.0000    0.5636    0.6106    3.4960   -2.4470    0.2935    1.2610   -0.0338 
   7.0516    0.0015    0.6022   -0.5107  180.1336    8.6436  -56.3788   -2.9339    2.7885   -0.7878    0.0000   -0.0000    0.5636    0.6092    3.4880    1.4778   -1.0366    0.5500    0.0610 
   7.0941    0.0010    0.3846    0.6241  180.1054    2.6011   96.2091   -0.6756    3.2060    0.0933    0.0000   -0.0000    0.5636    0.6106    3.4560   -0.2549   -2.9497    1.1294    0.0216 
   7.1366    0.0010    0.5768    3.3245  180.0795  -14.7328   22.3566    0.7892    2.0245    0.1701    0.0000   -0.0000    0.5636    0.6106    3.4880    1.1169   -1.2856    1.6077   -0.0039 
   7.1791    0.0010    0.5948    1.0752  180.1656   -1.6713 -101.4227    2.8034    3.0934   -0.5959    0.0000   -0.0000    0.5636    0.6092    3.4720    0.7451    1.1418    1.0107   -0.0391 
   7.2216    0.0015    0.1466   -0.7318  180.2430   11.3902   28.5821    1.9489    3.0760    0.0234    0.0000    0.0000    0.5636    0.6092    3.4800    0.7791    1.6453    0.4309   -0.0242 
   7.2641    0.0010   -0.7439    2.9682  180.2598  -16.0756   87.5421   -1.6522    3.4256   -0.0165    0.0000   -0.0000    0.5636    0.6092    3.4720   -1.4846    1.9990    1.5022    0.0387 
   7.3066    0.0010   -0.9204    2.8990  180.2898    4.7374  -86.8353    2.7423    2.7163   -0.1300    0.0000   -0.0000    0.5636    0.6092    3.4960   -0.6355   -3.1777    1.6895   -0.0380 
   7.3491    0.0010   -0.1134   -0.4820  180.3856    8.5826  -30.3778    1.2775    3.9452   -0.9986    0.0000   -0.0000    0.5636    0.6092    3.4960    0.3535    4.4133    0.5193   -0.0125 
   7.3916    0.0015    0.6159    1.6971  180.4373   -2.5258  105.6085    0.9113    3.0827   -0.9094    0.0000   -0.0000    0.5636    0.6092    3.4480    0.8735   -1.2900    1.4233   -0.0061 
   7.4341    0.0010    0.3746    3.9190  180.4188   -9.5449   -6.9403   -1.1639    2.7367   -0.7383    0.0000   -0.0000    0.5636    0.6092    3.5040    0.7380   -0.9050    1.5647    0.0302 
   7.4766    0.0010   -0.2215    0.3458  180.5258  -14.6108 -102.5214    1.7658    3.2706   -0.6638    0.0000   -0.0000    0.5636    0.6092    3.4720    0.4844    1.7974    1.1348   -0.0210 
   7.5191    0.0010   -0.1470   -1.4584  180.6224   -6.0048   52.5079    0.4840    3.6965   -0.7560    0.0000    0.0000    0.5636    0.6106    3.4880   -0.5168    1.0349    0.9331    0.0014 
   7.5616    0.0015   -1.0472    2.9806  180.6705    4.8594   78.2037   -1.6522    2.4977   -0.4072    0.0000   -0.0000    0.5636    0.6092    3.4640    0.5000    0.0745    1.4971    0.0387 
   7.6041    0.0010   -1.1686    2.0514  180.8027   -0.9389  -86.9574    3.8410    2.5555   -0.8932    0.0000   -0.0000    0.5636    0.6092    3.4720    0.6167    2.2644    0.8989   -0.0572 
   7.6466    0.0010   -0.9160   -1.6783  180.9353    0.1597  -15.0580    1.3385    2.2387   -0.6324    0.0000    0.0000    0.5636    0.6092    3.4880   -1.0537   -0.0027    0.9678   -0.0135 
   7.6891    0.0010   -0.7652    1.1945  181.0500   -2.7089  112.0782    1.4606    2.5773   -0.1093    0.0000   -0.0000    0.5636    0.6092    3.4240    0.0151   -1.3650    0.5137   -0.0157 
   7.7316    0.0015   -0.2014    3.6119  181.1157   15.2354  -35.3827    1.9489    2.9893   -1.5897    0.0000   -0.0000    0.5636    0.6014    3.5040   -1.1289   -0.8845    1.1584   -0.0242 
   7.7741    0.0010    0.8743   -0.5031  181.2386   13.2213  -98.7372    1.8878    2.2782   -1.1837    0.0000   -0.0000    0.8454    0.5698    3.5120   -1.4077   -0.1238    1.2532   -0.0182 
   7.8166    0.0010    1.3187   -1.5435  181.3112   -0.0234   60.8697    2.6813    2.2553   -2.7014    0.0000   -0.0000    0.5636    0.5337    3.5440    0.1699   -1.8472    0.7998   -0.0370 
   7.8591    0.0010    0.7082    2.4781  181.3626  -19.9819   81.8048    1.0333    2.4092   -1.9603    0.0000   -0.0000    0.5636    0.5243    3.5280   -1.0574    0.2346    0.9336   -0.0082 
   7.9016    0.0015    0.9384    2.7944  181.4286    7.0567  -63.9471    6.2213    1.3511   -1.9443    0.0000   -0.0000    0.5636    0.5194    3.5680    0.9473   -1.8398    0.3440   -0.0987 
   7.9441    0.0010    1.5655   -0.9906  181.5573   20.8507  -72.1259    1.3385    2.4701   -1.3147    0.0000   -0.0000    0.5636    0.5119    3.5600   -0.4414    1.6746    1.0308   -0.0135 
   7.9866    0.0010    2.7132   -0.0645  181.5576   13.5875   86.4435    4.0241    2.3561   -1.2412   -0.0000   -0.0000    0.5636    0.4624    3.6160   -0.5972    0.8489    0.5549   -0.0604 
   8.0291    0.0010    2.5139    3.7944  181.5826  -15.7094   71.0626   -0.7977    2.3160   -2.9139   -0.0000   -0.0000    0.5636    0.3403    3.6800   -0.1504    0.5610    0.6785    0.0238 
   8.0716    0.0015    1.7249    4.0924  181.5875  -21.1415  -35.1386    0.6671    2.2285   -1.3376    0.0000   -0.0000    0.2818    0.2394    3.7680    0.4087    0.0334    0.1804   -0.0067 
   8.1141    0.0009    0.0000    0.0000  181.6806   -0.9389  -95.6854    3.2306    3.1804   -0.8366    0.0000    0.0000    0.0000    0.0000    3.8560    0.0730   -0.7607    0.8860  -16.5405 
   8.1566    0.0009    0.0000    0.0000  181.8701   21.5831 -108.0756    6.0382    3.1804   -0.8366    0.0000    0.0000    0.0000    0.0000    3.8560    0.1016   -0.1213    0.3599    5.9814 
   8.1991    0.0009    0.0000    0.0000  182.0363   37.2081 -109.5404    8.6017    3.1804   -0.8366    0.0000    0.0000    0.0000    0.0000    3.8560    0.0427    0.8875   -0.0068   21.6064 
   8.2416    0.0013    0.0000    0.0000  182.1073   46.6075  -97.3334    7.6251    3.1804   -0.8366    0.0000    0.0000    0.0000    0.0000    3.8560    0.0374    0.2046    0.2166   31.0059 
   8.2841    0.0009    0.0000    0.0000  182.0666   49.2930  -63.3978    4.0851    3.1804   -0.8366    0.0000    0.0000    0.0000    0.0000    3.8640    0.0322    0.0144    0.5466   33.6914 
   8.3266    0.0009    0.0000    0.0000  181.9039   44.9595   -7.4286    8.0524    3.1804   -0.8366    0.0000    0.0000    0.0000    0.0000    3.8560    0.0229   -0.0789    0.4446   29.3579 
   8.3691    0.0009    0.0000    0.0000  180.9222  568.0919 -272.8705   22.3346    3.1804   -0.8366    0.0000    0.0000    0.0000    0.0000    3.8640   -0.8657   -1.4006    2.5056  552.4902 
   8.4116    0.0014    0.0000    0.0000  171.6272  571.9371 -432.5995   21.1139    3.1804   -0.8366    0.0000    0.0000    0.0000    0.0000    3.8560    0.3110    0.5825    0.1538  556.3354 
   8.4541    0.0009    0.0000    0.0000  153.2026  103.3702  -69.9286   30.7575    3.1804   -0.8366    0.0000    0.0000    0.0000    0.0000    3.8640   -0.1956   -0.1182    3.1360   87.7686 
   8.4966    0.0009    0.0000    0.0000  168.8722 -342.3086  189.0436   37.1661    3.1804   -0.8366    0.0000    0.0000    0.0000    0.0000    3.8640   -0.1050   -0.0327    0.1084 -357.9102 
   8.5391    0.0009    0.0000    0.0000  185.5947 -718.7734  473.5284   36.4948    3.1804   -0.8366    0.0000    0.0000    0.0000    0.0000    3.8640    0.0361    0.0950   -1.3105 -734.3750 
   8.5816    0.0013    0.0000    0.0000  189.3499 -264.9159 -197.5531  -12.4554    3.1804   -0.8366    0.0000    0.0000    0.0000    0.0000    3.8640    0.9797   -0.0012    6.1975    0.0000 
   8.6241    0.0009    0.0000    0.0000  188.3569   17.9210    9.7833  -27.4090    3.1804   -0.8366    0.0000    0.0000    0.0000    0.0000    3.8560    0.1887    0.1777   -0.6384    2.3193 
   8.6666    0.0009    0.0000    0.0000  185.8831  179.2369  -72.4921    1.4606    3.1804   -0.8366    0.0000    0.0000    0.0000    0.0000    3.8640    0.0693    0.1040   -2.2441  163.6353 
   8.7091    0.0009    0.0000    0.0000  186.1980 -251.7324  -62.8485   -5.0091    3.1804   -0.8366    0.0000    0.0000    0.0000    0.0000    3.8640    0.1301    0.3193    2.7427 -267.3340 
   8.7516    0.0013    0.0000    0.0000  185.8907  136.6954   10.7599   -0.6756    3.1804   -0.8366    0.0000    0.0000    0.0000    0.0000    3.8720    0.1223    0.1433    0.5596  121.0938 
   8.7941    0.0009    0.0000    0.0000  186.3075  -96.7031  -19.0863    9.5172    3.1804   -0.8366    0.0000    0.0000    0.0000    0.0000    3.8640   -0.0894    0.4021    0.9177 -112.3047 
   8.8366    0.0009    0.0000    0.0000  186.6149   26.2828   39.0802    5.6110    3.1804   -0.8366    0.0000    0.0000    0.0000    0.0000    3.8720   -0.0762   -0.1470    1.0427   10.6812 
   8.8791    0.0009    0.0000    0.0000  186.8502   45.1426    0.2618    2.0709    3.1804   -0.8366    0.0000    0.0000    0.0000    0.0000    3.8640    0.0413   -0.0332    1.1650   29.5410 
   8.9216    0.0013    0.0000    0.0000  186.8510   17.3106  -16.5228   -0.8588    3.1804   -0.8366    0.0000    0.0000    0.0000    0.0000    3.8720   -0.0361   -0.0134    1.2661    1.7090 
   8.9641    0.0009    0.0000    0.0000  186.7653   -6.9814   32.7936   -1.3470    3.1804   -0.8366    0.0000    0.0000    0.0000    0.0000    3.8720    0.0349   -0.0068    1.0781  -22.5830 
   9.0066    0.0009    0.0000    0.0000  186.7683   -0.0234  -23.0536    0.3620    3.1804   -0.8366    0.0000    0.0000    0.0000    0.0000    3.8720   -0.0251   -0.1057    1.0691  -15.6250 
   9.0491    0.0009    0.0000    0.0000  186.7485   -0.8779   18.6334   -0.7367    3.1804   -0.8366    0.0000    0.0000    0.0000    0.0000    3.8720    0.1016   -0.0408    1.0227  -16.4795 
   9.0916    0.0013    0.0000    0.0000  186.7442   -0.3896    0.8112   -0.2484    3.1804   -0.8366    0.0000    0.0000    0.0000    0.0000    3.8720   -0.0513    0.0586    1.0823  -15.9912 
   9.1341    0.0009    0.0000    0.0000  186.7224    0.4039   -5.4755   -0.4925    3.1804   -0.8366    0.0000    0.0000    0.0000    0.0000    3.8720   -0.0190    0.0251    1.0728  -15.1978 
   9.1766    0.0009    0.0000    0.0000  186.6997    0.4649    2.2150    0.1178    3.1804   -0.8366    0.0000    0.0000    0.0000    0.0000    3.8720   -0.0203    0.0063    1.0806  -15.1367 
   9.2191    0.0009    0.0000    0.0000  186.6799    0.2818    2.3370   -0.5536    3.1804   -0.8366    0.0000    0.0000    0.0000    0.0000    3.8720    0.0222    0.0225    1.0757  -15.3198 
   9.2616    0.0013    0.0000    0.0000  186.6624    0.3428   -1.0199   -0.5536    3.1804   -0.8366    0.0000    0.0000    0.0000    0.0000    3.8720   -0.0122    0.0164    1.0803  -15.2588 
   9.3041    0.0010    0.0000    0.0000  186.6481    0.7701   -0.2264   -0.1874    3.1804   -0.8366    0.0000    0.0000    0.0000    0.0000    3.8720   -0.0156    0.0032    1.0769  -14.8315 
   9.3466    0.0010    0.0000    0.0000  186.6253    1.0142   -0.1654   -0.4315    3.1804   -0.8366    0.0000    0.0000    0.0000    0.0000    3.8720   -0.0029    0.0154    1.0696  -14.5874 
   9.3891    0.0009    0.0000    0.0000  186.6127   -0.0844   -0.3485   -0.0653    3.1804   -0.8366    0.0000    0.0000    0.0000    0.0000    3.8720   -0.0146    0.0112    1.0732  -15.6860 
   9.4316    0.0013    0.0000    0.0000  186.5887    1.1363    0.1398   -0.6756    3.1804   -0.8366    0.0000    0.0000    0.0000    0.0000    3.8720   -0.0015    0.0137    1.0820  -14.4653 
   9.4741    0.0009    0.0000    0.0000  186.5768    1.2584   -0.1654   -0.4925    3.1804   -0.8366    0.0000    0.0000    0.0000    0.0000    3.8720   -0.0039    0.0168    1.0852  -14.3433 
   9.5166    0.0009    0.0000    0.0000  186.5566   -0.0234    0.0787   -0.3705    3.1804   -0.8366    0.0000    0.0000    0.0000    0.0000    3.8720   -0.0103    0.0154    1.0852  -15.6250 
   9.5591    0.0009    0.0000    0.0000  186.5433    0.2208   -0.1654    0.3009    3.1804   -0.8366    0.0000    0.0000    0.0000    0.0000    3.8720   -0.0125    0.0149    1.0793  -15.3809 
   9.6016    0.0013    0.0000    0.0000  186.5247    0.7701   -0.0433   -0.4925    3.1804   -0.8366    0.0000    0.0000    0.0000    0.0000    3.8720   -0.0022    0.0195    1.0750  -14.8315 
   9.6441    0.0009    0.0000    0.0000  186.5092    0.1597    0.0787   -0.4315    3.1804   -0.8366    0.0000    0.0000    0.0000    0.0000    3.8800   -0.0056    0.0112    1.0781  -15.4419 
   9.6866    0.0009    0.0000    0.0000  186.4956    0.0377   -0.1044   -0.4925    3.1804   -0.8366    0.0000    0.0000    0.0000    0.0000    3.8800   -0.0081    0.0132    1.0857  -15.5640 
   9.7291    0.0009    0.0000    0.0000  186.4860    0.1597   -0.1044   -0.2484    3.1804   -0.8366    0.0000    0.0000    0.0000    0.0000    3.8800   -0.0002    0.0071    1.0820  -15.4419 
   9.7716    0.0013    0.0000    0.0000  186.4818    0.6480    0.0177   -0.3705    3.1804   -0.8366    0.0000    0.0000    0.0000    0.0000    3.8800   -0.0073    0.0098    1.0806  -14.9536 
   9.8141    0.0009    0.0000    0.0000  186.4677    0.0987   -0.1654   -0.1874    3.1804   -0.8366    0.0000    0.0000    0.0000    0.0000    3.8720   -0.0103    0.0186    1.0728  -15.5029 
   9.8566    0.0009    0.0000    0.0000  186.4492    0.3428    0.0177   -0.6756    3.1804   -0.8366    0.0000    0.0000    0.0000    0.0000    3.8800   -0.0095    0.0144    1.0791  -15.2588 
   9.8991    0.0009    0.0000    0.0000  186.4333    0.0987   -0.1654   -0.4925    3.1804   -0.8366    0.0000    0.0000    0.0000    0.0000    3.8720   -0.0193    0.0061    1.0747  -15.5029 
   9.9416    0.0013    0.0000    0.0000  186.4153    0.2818   -0.4095   -0.2484    3.1804   -0.8366    0.0000    0.0000    0.0000    0.0000    3.8800   -0.0012    0.0208    1.0771  -15.3198 
   9.9841    0.0009    0.0000    0.0000  186.4052   -0.3285   -0.2875   -0.4315    3.1804   -0.8366    0.0000    0.0000    0.0000    0.0000    3.8800   -0.0107    0.0178    1.0725  -15.9302 
  10.0266    0.0009    0.0000    0.0000  186.3794    0.0987    0.2008   -0.1263    3.1804   -0.8366    0.0000    0.0000    0.0000    0.0000    3.8800    0.0034    0.0122    1.0752  -15.5029 
  10.0691    0.0009    0.0000    0.0000  186.3752   -0.0844   -0.2264   -0.3094    3.1804   -0.8366    0.0000    0.0000    0.0000    0.0000    3.8800   -0.0142    0.0134    1.0740  -15.6860 
  10.1116    0.0013    0.0000    0.0000  186.3578    0.7090   -0.2264   -0.1263    3.1804   -0.8366    0.0000    0.0000    0.0000    0.0000    3.8800   -0.0178    0.0222    1.0735  -14.8926 
  10.1541    0.0009    0.0000    0.0000  186.3469    0.6480   -0.2875   -0.4925    3.1804   -0.8366    0.0000    0.0000    0.0000    0.0000    3.8800   -0.0103    0.0225    1.0759  -14.9536 
  10.1966    0.0009    0.0000    0.0000  186.3264    0.8922   -0.2264   -0.0043    3.1804   -0.8366    0.0000    0.0000    0.0000    0.0000    3.8800   -0.0061    0.0212    1.0864  -14.7095 
  10.2391    0.0009    0.0000    0.0000  186.3195    0.1597   -0.1044   -0.1874    3.1804   -0.8366    0.0000    0.0000    0.0000    0.0000    3.8800   -0.0115    0.0249    1.0796  -15.4419 
  10.2816    0.0013    0.0000    0.0000  186.3008    0.7090   -0.4706   -0.6146    3.1804   -0.8366    0.0000    0.0000    0.0000    0.0000    3.8800   -0.0071    0.0129    1.0833  -14.8926 
  10.3241    0.0009    0.0000    0.0000  186.2859   -0.0844   -0.4095   -0.4925    3.1804   -0.8366    0.0000    0.0000    0.0000    0.0000    3.8800   -0.0115    0.0151    1.0859  -15.6860 
  10.3666    0.0009    0.0000    0.0000  186.2614    1.3194   -0.0433   -0.9198    3.1804   -0.8366    0.0000    0.0000    0.0000    0.0000    3.8800   -0.0027    0.0176    1.0676  -14.2822 
  10.4091    0.0009    0.0000    0.0000  186.2602    0.6480   -0.4095   -0.4315    3.1804   -0.8366    0.0000    0.0000    0.0000    0.0000    3.8800   -0.0264    0.0190    1.0867  -14.9536 
  10.4516    0.0013    0.0000    0.0000  186.2449    0.5259    0.2618   -0.1874    3.1804   -0.8366    0.0000    0.0000    0.0000    0.0000    3.8800    0.0022    0.0154    1.0818    0.0000 
  10.4941    0.0009    0.0000    0.0000  186.2370    0.2818   -0.0433   -0.1263    3.1804   -0.8366    0.0000    0.0000    0.0000    0.0000    3.8800   -0.0046    0.0188    1.0771  -15.3198 
  10.5366    0.0009    0.0000    0.0000  186.2219    0.2208   -0.2264   -0.1263    3.1804   -0.8366    0.0000    0.0000    0.0000    0.0000    3.8800   -0.0117    0.0115    1.0906  -15.3809 
  10.5791    0.0009    0.0000    0.0000  186.2051    0.7701   -0.2264   -0.6756    3.1804   -0.8366    0.0000    0.0000    0.0000    0.0000    3.8800    0.0000    0.0203    1.0818  -14.8315 
  10.6216    0.0013    0.0000    0.0000  186.1931   -0.0844   -0.7147   -0.4315    3.1804   -0.8366    0.0000    0.0000    0.0000    0.0000    3.8800   -0.0149    0.0078    1.0820  -15.6860 
  10.6641    0.0009    0.0000    0.0000  186.1784    0.4649   -0.1044   -0.3094    3.1804   -0.8366    0.0000    0.0000    0.0000    0.0000    3.8800   -0.0203    0.0054    1.0808  -15.1367 
  10.7066    0.0009    0.0000    0.0000  186.1639   -0.3285   -0.2875   -0.2484    3.1804   -0.8366    0.0000    0.0000    0.0000    0.0000    3.8800   -0.0027    0.0222    1.0762  -15.9302 
  10.7491    0.0009    0.0000    0.0000  186.1456   -0.1454   -0.1654   -0.1874    3.1804   -0.8366    0.0000    0.0000    0.0000    0.0000    3.8800    0.0027    0.0134    1.0820  -15.7471 
  10.7916    0.0013    0.0000    0.0000  186.1296   -0.0234   -0.1044   -0.7367    3.1804   -0.8366    0.0000    0.0000    0.0000    0.0000    3.8800   -0.0103    0.0234    1.0813  -15.6250 
  10.8341    0.0009    0.0000    0.0000  186.1099    0.4039    0.1398   -0.6756    3.1804   -0.8366    0.0000    0.0000    0.0000    0.0000    3.8800   -0.0146    0.0166    1.0779  -15.1978 
  10.8766    0.0009    0.0000    0.0000  186.0862   -1.2441   -0.3485    0.1178    3.1804   -0.8366    0.0000    0.0000    0.0000    0.0000    3.8800   -0.0098    0.0115    1.0876  -16.8457 
  10.9191    0.0009    0.0000    0.0000  186.0753    0.2208    0.7501   -0.4925    3.1804   -0.8366    0.0000    0.0000    0.0000    0.0000    3.8800   -0.0149    0.0251    1.0767  -15.3809 
  10.9616    0.0013    0.0000    0.0000  186.0263  -20.1039   36.5167   -1.2250    3.1804   -0.8366    0.0000    0.0000    0.0000    0.0000    3.8800   -0.0183    0.0232    1.0991  -35.7056 
  11.0041    0.0009    0.0000    0.0000  184.8556    0.4649    0.3229  -70.3778    3.1804   -0.8366    0.0000    0.0000    0.0000    0.0000    3.8800   -0.1941    0.1467    1.1174  -15.1367 
  11.0466    0.0009    0.0000    0.0000  181.4282  -83.6415    3.8019  -36.8085    3.1804   -0.8366    0.0000    0.0000    0.0000    0.0000    3.8800   -0.0195    0.0503    1.5850  -99.2432 
  11.0891    0.0009    0.0000    0.0000  181.9293   68.3970   -0.1044  -35.8929    3.1804   -0.8366    0.0000    0.0000    0.0000    0.0000    3.8800   -0.1348    0.2847    1.5947   52.7954 
  11.1316    0.0013    0.0000    0.0000  178.2704  -25.6581   22.8448 -103.4589    3.1804   -0.8366    0.0000    0.0000    0.0000    0.0000    3.8800   -0.2180    0.3606    1.4834  -41.2598 
  11.1741    0.0009    0.0000    0.0000  175.4479  -84.2519   35.1739   -6.6571    3.1804   -0.8366    0.0000    0.0000    0.0000    0.0000    3.8800   -0.0369    0.2263    1.6953  -99.8535 
  11.2166    0.0009    0.0000    0.0000  178.0051  -38.2924   33.3429   59.1388    3.1804   -0.8366    0.0000    0.0000    0.0000    0.0000    3.8800   -0.0989    0.1707    1.4629  -53.8940 
  11.2591    0.0009    0.0000    0.0000  178.3873  -65.4531   27.4225  -28.5077    3.1804   -0.8366    0.0000    0.0000    0.0000    0.0000    3.8800   -0.0645    0.0557    1.4866  -81.0547 
  11.3016    0.0013    0.0000    0.0000  178.9944  -11.7421   22.5397   50.5939    3.1804   -0.8366    0.0000    0.0000    0.0000    0.0000    3.8880    0.0012    0.1785    1.3457  -27.3438 
  11.3441    0.0009    0.0000    0.0000  181.2105  -47.0204   34.6857   44.4904    3.1804   -0.8366    0.0000    0.0000    0.0000    0.0000    3.8800   -0.1052    0.1548    1.1428  -62.6221 
  11.3866    0.0009    0.0000    0.0000  183.4587  -69.7255   21.3190   44.3683    3.1804   -0.8366    0.0000    0.0000    0.0000    0.0000    3.8880   -0.2622    0.2170    1.0522  -85.3271 
  11.4291    0.0009    0.0000    0.0000  185.9119   -1.9155   13.5675   36.6779    3.1804   -0.8366    0.0000    0.0000    0.0000    0.0000    3.8800    0.1433    0.0776    1.0393  -17.5171 
  11.4716    0.0013    0.0000    0.0000  185.7033  -54.5278   51.8365   -5.7416    3.1804   -0.8366    0.0000    0.0000    0.0000    0.0000    3.8880   -0.0417    0.1626    0.9302  -70.1294 
  11.5141    0.0009    0.0000    0.0000  188.3911   -4.0517   32.9156  107.3566    3.1804   -0.8366    0.0000    0.0000    0.0000    0.0000    3.8800    0.0261    0.1843    0.8960  -19.6533 
  11.5566    0.0009    0.0000    0.0000  192.2129  -27.9775   55.3766   72.6886    3.1804   -0.8366    0.0000    0.0000    0.0000    0.0000    3.8880    0.1794    0.1804    0.8572  -43.5791 
  11.5991    0.0009    0.0000    0.0000  195.5914   -8.9345   66.8512  116.8781    3.1804   -0.8366    0.0000    0.0000    0.0000    0.0000    3.8800   -0.2273   -0.1392    0.8198  -24.5361 
  11.6416    0.0013    0.0000    0.0000  201.5230   28.9073   21.4410  125.0568    3.1804   -0.8366    0.0000    0.0000    0.0000    0.0000    3.8880    0.1223    0.0845    0.7151   13.3057 
  11.6841    0.0009    0.0000    0.0000  206.5063   45.8140   32.3053  114.2535    3.1804   -0.8366    0.0000    0.0000    0.0000    0.0000    3.8800    0.1514    0.0046    0.7268   30.2124 
  11.7266    0.0009    0.0000    0.0000  211.9040   61.5611   31.5118  133.7848    3.1804   -0.8366    0.0000    0.0000    0.0000    0.0000    3.8880    0.1843    0.0601    0.8108   45.9595 
  11.7691    0.0009    0.0000    0.0000  218.4715   68.5191   49.5782  140.5597    3.1804   -0.8366    0.0000    0.0000    0.0000    0.0000    3.8880    0.2825    0.0984    0.9155   52.9175 
  11.8116    0.0013    0.0000    0.0000  224.8289   91.4073   73.6871  147.0294    3.1804   -0.8366    0.0000    0.0000    0.0000    0.0000    3.8880    0.0527    0.1406    0.9033    0.0000 
  11.8541    0.0009    0.0000    0.0000  232.4254   86.4024   63.1280  144.8322    3.1804   -0.8366    0.0000    0.0000    0.0000    0.0000    3.8880    0.2424    0.2131    0.9626   70.8008 
  11.8966    0.0009    0.0000    0.0000  239.6037   85.1817  102.9230  162.4713    3.1804   -0.8366    0.0000    0.0000    0.0000    0.0000    3.8800    0.0139    0.2437    0.9001   69.5801 
  11.9391    0.0009    0.0000    0.0000  247.0924   92.3839   71.4899  130.2448    3.1804   -0.8366    0.0000    0.0000    0.0000    0.0000    3.8880    0.1577    0.2183    0.9229   76.7822 
  11.9816    0.0014    0.0000    0.0000  253.1301   75.7823   76.4337  123.5919    3.1804   -0.8366    0.0000    0.0000    0.0000    0.0000    3.8880    0.2729    0.1616    0.9912   60.1807 
  12.0241    0.0009    0.0000    0.0000  260.2165   80.8482   82.4762  161.0675    3.1804   -0.8366    0.0000    0.0000    0.0000    0.0000    3.8880    0.1396    0.2666    0.9568   65.2466 
  12.0666    0.0009    0.0000    0.0000  266.8103   84.6324   49.3341   99.9103    3.1804   -0.8366    0.0000    0.0000    0.0000    0.0000    3.8800    0.3538    0.2959    1.0381   69.0308 
  12.1091    0.0009    0.0000    0.0000  271.4758   65.8336   46.4044   85.5670    3.1804   -0.8366    0.0000    0.0000    0.0000    0.0000    3.8880    0.3372    0.3928    0.9780   50.2319 
  12.1516    0.0014    0.0000    0.0000  276.2664   60.6456   17.9620  115.4743    3.1804   -0.8366    0.0000    0.0000    0.0000    0.0000    3.8800    0.3889    0.2729    0.9395    0.0000 
  12.1941    0.0009    0.0000    0.0000  282.5629   44.4713   28.9484  133.6017    3.1804   -0.8366    0.0000    0.0000    0.0000    0.0000    3.8880    0.3188    0.2495    0.8787   28.8696 
  12.2366    0.0009    0.0000    0.0000  287.3668   88.6607   10.0885   53.6456    3.1804   -0.8366    0.0000    0.0000    0.0000    0.0000    3.8800    0.5300    0.3149    0.9446   73.0591 
  12.2791    0.0009    0.0000    0.0000  290.6378   65.4063   44.2682   71.6510    3.1804   -0.8366    0.0000    0.0000    0.0000    0.0000    3.8880    0.4709    0.3020    0.9221   49.8047 
  12.3216    0.0014    0.0000    0.0000  294.5162   83.4727   38.2867   37.1051    3.1804   -0.8366    0.0000    0.0000    0.0000    0.0000    3.8800    0.4109    0.2720    0.9258    0.0000 
  12.3641    0.0009    0.0000    0.0000  297.8360   71.3267   36.3336   69.8810    3.1804   -0.8366    0.0000    0.0000    0.0000    0.0000    3.8800    0.4780    0.2642    0.9839   55.7251 
  12.4066    0.0009    0.0000    0.0000  302.8694   56.0679   44.8785  102.5348    3.1804   -0.8366    0.0000    0.0000    0.0000    0.0000    3.8880    0.4072    0.2229    0.8481   40.4663 
  12.4491    0.0009    0.0000    0.0000  307.4362   59.3028   31.6949   71.6510    3.1804   -0.8366    0.0000    0.0000    0.0000    0.0000    3.8880    0.4231    0.1187    0.8042   43.7012 
  12.4916    0.0014    0.0000    0.0000  310.6400   47.5840   20.0372   45.4669    3.1804   -0.8366    0.0000    0.0000    0.0000    0.0000    3.8880    0.5112    0.1799    0.7737    0.0000 
  12.5341    0.0009    0.0000    0.0000  313.4732   33.7291   23.3942   92.3419    3.1804   -0.8366    0.0000    0.0000    0.0000    0.0000    3.8800    0.5066    0.0645    0.8098   18.1274 
  12.5766    0.0009    0.0000    0.0000  317.3450   51.2462   12.2858   51.6925    3.1804   -0.8366    0.0000    0.0000    0.0000    0.0000    3.8880    0.5688    0.0347    0.8794   35.6445 
  12.6191    0.0009    0.0000    0.0000  319.8956   51.7344   11.9196   50.8380    3.1804   -0.8366    0.0000    0.0000    0.0000    0.0000    3.8800    0.5608    0.0640    0.8984   36.1328 
  12.6616    0.0014    0.0000    0.0000  324.2243   58.5704   24.7369  101.1310    3.1804   -0.8366    0.0000    0.0000    0.0000    0.0000    3.8880    0.4006   -0.0322    1.0276    0.0000 
  12.7041    0.0009    0.0000    0.0000  328.5038   70.1671   -5.1703   43.2086    3.1804   -0.8366    0.0000    0.0000    0.0000    0.0000    3.8880    0.5586    0.2097    1.0452   54.5654 
  12.7466    0.0009    0.0000    0.0000  331.3307   36.7808   18.3893   78.0597    3.1804   -0.8366    0.0000    0.0000    0.0000    0.0000    3.8880    0.4995    0.2124    0.9863   21.1792 
  12.7891    0.0009    0.0000    0.0000  336.1456   35.6822   -4.0106   85.5060    3.1804   -0.8366    0.0000    0.0000    0.0000    0.0000    3.8880    0.4299   -0.0027    0.8840   20.0806 
  12.8316    0.0014    0.0000    0.0000  338.8223   30.3721  -14.3866   41.2555    3.1804   -0.8366    0.0000    0.0000    0.0000    0.0000    3.8880    0.5791   -0.0635    0.8123    0.0000 
  12.8741    0.0009    0.0000    0.0000  341.9084   37.6353   17.4738   94.7833    3.1804   -0.8366    0.0000    0.0000    0.0000    0.0000    3.8880    0.5051   -0.0242    0.7622   22.0337 
  12.9166    0.0010    0.0000    0.0000  346.3262   49.2320   13.5065   76.5338    3.1804   -0.8366    0.0000    0.0000    0.0000    0.0000    3.8880    0.4395    0.1716    0.6892   33.6304 
  12.9591    0.0010    0.0000    0.0000  349.0524   22.6817   -1.7523   50.2887    3.1804   -0.8366    0.0000    0.0000    0.0000    0.0000    3.8880    0.5117    0.2375    0.8000    7.0801 
  13.0016    0.0014    0.0000    0.0000  351.9247    5.2257   -0.2264   96.0040    3.1804   -0.8366    0.0000    0.0000    0.0000    0.0000    3.8800    0.5908    0.1345    0.8645    0.0000 
  13.0441    0.0009    0.0000    0.0000  354.7382    3.2725   -5.0482   56.5753    3.1804   -0.8366    0.0000    0.0000    0.0000    0.0000    3.8880    0.6902    0.0933    0.8005  -12.3291 
  13.0866    0.0009    0.0000    0.0000  355.5124   -5.6996    0.4449   34.0534    3.1804   -0.8366    0.0000    0.0000    0.0000    0.0000    3.8880    0.6921    0.1064    0.8137  -21.3013 
  13.1291    0.0009    0.0000    0.0000  356.4153  -11.3149   -9.1986   27.7667    3.1804   -0.8366    0.0000    0.0000    0.0000    0.0000    3.8880    0.8003    0.1396    0.9475  -26.9165 
  13.1716    0.0013    0.0000    0.0000  356.2798  -23.5829    8.8068   10.1276    3.1804   -0.8366    0.0000    0.0000    0.0000    0.0000    3.8880    0.6501    0.2537    0.9880    0.0000 
  13.2141    0.0009    0.0000    0.0000  356.9086  -16.6860  -30.7440   25.4474    3.1804   -0.8366    0.0000    0.0000    0.0000    0.0000    3.8880    0.7188    0.3818    1.1340  -32.2876 
  13.2566    0.0009    0.0000    0.0000  356.7167  -14.6718   -8.7714  -38.0902    3.1804   -0.8366    0.0000    0.0000    0.0000    0.0000    3.8880    0.6108    0.2898    1.0483  -30.2734 
  13.2991    0.0009    0.0000    0.0000  354.8723   -3.2582  -22.0770  -70.6830    3.1804   -0.8366    0.0000    0.0000    0.0000    0.0000    3.8880    0.3896    0.2036    0.9236  -18.8599 
  13.3416    0.0014    0.0000    0.0000  352.1411   -6.9814  -32.2089  -84.5990    3.1804   -0.8366    0.0000    0.0000    0.0000    0.0000    3.8880    0.4907    0.2249    0.9883    0.0000 
  13.3841    0.0009    0.0000    0.0000  349.3617   -4.4789  -17.0721  -47.6727    3.1804   -0.8366    0.0000    0.0000    0.0000    0.0000    3.8880    0.5632    0.1331    0.9817  -20.0806 
  13.4266    0.0009    0.0000    0.0000  348.3756    0.4039    5.2667  -15.9955    3.1804   -0.8366    0.0000    0.0000    0.0000    0.0000    3.8880    0.4177    0.1152    0.8633  -15.1978 
  13.4691    0.0009    0.0000    0.0000  348.2739   -5.8827    2.7643    1.1554    3.1804   -0.8366    0.0000    0.0000    0.0000    0.0000    3.8880    0.4028    0.1404    0.8335  -21.4844 
  13.5116    0.0014    0.0000    0.0000  348.6963   13.9537   12.5299   26.2409    3.1804   -0.8366    0.0000    0.0000    0.0000    0.0000    3.8880    0.4055    0.1201    0.8452    0.0000 
  13.5541    0.0009    0.0000    0.0000  350.3097   15.7237    7.5250   28.2550    3.1804   -0.8366    0.0000    0.0000    0.0000    0.0000    3.8800    0.4070    0.1536    0.8264    0.1221 
  13.5966    0.0009    0.0000    0.0000  351.3271   14.8692    7.0367   26.2409    3.1804   -0.8366    0.0000    0.0000    0.0000    0.0000    3.8880    0.4998    0.1426    0.8611   -0.7324 
  13.6391    0.0009    0.0000    0.0000  353.2652   20.1793   11.1261   54.8663    3.1804   -0.8366    0.0000    0.0000    0.0000    0.0000    3.8880    0.4819    0.1555    0.9441    4.5776 
  13.6816    0.0014    0.0000    0.0000  355.5617   26.2217   -0.1044   22.8229    3.1804   -0.8366    0.0000    0.0000    0.0000    0.0000    3.8880    0.5256    0.1980    1.0562   10.6201 
  13.7241    0.0009    0.0000    0.0000  357.4919   30.1890    7.1588   63.8385    3.1804   -0.8366    0.0000    0.0000    0.0000    0.0000    3.8880    0.4458    0.1455    1.1147   14.5874 
  13.7666    0.0009    0.0000    0.0000    1.7162   40.4429   -6.3300   78.6090    3.1804   -0.8366    0.0000    0.0000    0.0000    0.0000    3.8880    0.4114    0.2756    1.1531   24.8413 
  13.8091    0.0009    0.0000    0.0000    4.5428   23.2921    2.0319   71.6510    3.1804   -0.8366    0.0000    0.0000    0.0000    0.0000    3.8880    0.7754    0.1746    1.1370    7.6904 
  13.8516    0.0014    0.0000    0.0000    8.2270   36.1094   39.5074   77.8766    3.1804   -0.8366    0.0000    0.0000    0.0000    0.0000    3.8880    0.3484    0.1819    0.8728    0.0000 
  13.8941    0.0009    0.0000    0.0000   11.1627   40.3209   10.6378   14.2780    3.1804   -0.8366    0.0000    0.0000    0.0000    0.0000    3.8880    0.4058    0.1865    0.9001   24.7192 
  13.9366    0.0009    0.0000    0.0000   12.0614   20.3013   25.8966   51.4484    3.1804   -0.8366    0.0000    0.0000    0.0000    0.0000    3.8880    0.4380    0.1726    0.8271    4.6997 
  13.9791    0.0009    0.0000    0.0000   16.1582   10.9630   40.1788  124.9957    3.1804   -0.8366    0.0000    0.0000    0.0000    0.0000    3.8880    0.3767    0.2207    0.6724   -4.6387 
  14.0216    0.0014    0.0000    0.0000   19.8204   11.5123   24.6759   67.0734    3.1804   -0.8366    0.0000    0.0000    0.0000    0.0000    3.8880    0.3997    0.2593    0.6062    0.0000 
  14.0641    0.0009    0.0000    0.0000   22.0024   18.6534   -1.2640   59.1388    3.1804   -0.8366    0.0000    0.0000    0.0000    0.0000    3.8880    0.5215    0.3540    0.6270    3.0518 
  14.1066    0.0009    0.0000    0.0000   23.6151   -2.2206    0.5670   49.1901    3.1804   -0.8366    0.0000    0.0000    0.0000    0.0000    3.8960    0.6240    0.3359    0.6865  -17.8223 
  14.1491    0.0009    0.0000    0.0000   24.1252  -10.2162  -12.1893   25.1422    3.1804   -0.8366    0.0000    0.0000    0.0000    0.0000    3.8880    0.7219    0.3726    0.7634  -25.8179 
  14.1916    0.0013    0.0000    0.0000   23.3984  -18.9443    3.9239    5.9162    3.1804   -0.8366    0.0000    0.0000    0.0000    0.0000    3.8880    0.6716    0.4553    0.8193  -34.5459 
  14.2341    0.0009    0.0000    0.0000   23.6026  -14.7939  -16.9501   -7.6337    3.1804   -0.8366    0.0000    0.0000    0.0000    0.0000    3.8880    0.4177    0.5056    1.1357  -30.3955 
  14.2766    0.0009    0.0000    0.0000   22.4552    7.1788  -55.8295  -85.1483    3.1804   -0.8366    0.0000    0.0000    0.0000    0.0000    3.8880    0.7166    0.6248    1.3398   -8.4229 
  14.3191    0.0009    0.0000    0.0000   20.5092  -12.5356  -17.9877  -36.1371    3.1804   -0.8366    0.0000    0.0000    0.0000    0.0000    3.8960    0.5693    0.4768    1.1106  -28.1372 
  14.3616    0.0014    0.0000    0.0000   19.4371  -20.0429  -16.4618  -57.5604    3.1804   -0.8366    0.0000    0.0000    0.0000    0.0000    3.8880    0.3923    0.3562    0.9351    0.0000 
  14.4041    0.0009    0.0000    0.0000   15.7527  -15.8315  -22.0770  -87.9559    3.1804   -0.8366    0.0000    0.0000    0.0000    0.0000    3.8880    0.4956    0.2046    0.8975  -31.4331 
  14.4466    0.0009    0.0000    0.0000   13.6554  -25.7192   10.8820   -8.6713    3.1804   -0.8366    0.0000    0.0000    0.0000    0.0000    3.8880    0.3965    0.1133    0.8174  -41.3208 
  14.4891    0.0009    0.0000    0.0000   12.3714    2.7232    4.7174  -70.5609    3.1804   -0.8366    0.0000    0.0000    0.0000    0.0000    3.8880    0.3518    0.1533    0.7915  -12.8784 
  14.5316    0.0014    0.0000    0.0000    9.6950   12.5499   10.7599  -73.1244    3.1804   -0.8366    0.0000    0.0000    0.0000    0.0000    3.8880    0.2922    0.2756    0.8247    0.0000 
  14.5741    0.0009    0.0000    0.0000    9.3284    7.4229   13.3844   19.7711    3.1804   -0.8366    0.0000    0.0000    0.0000    0.0000    3.8880    0.3594    0.2271    0.8501   -8.1787 
  14.6166    0.0009    0.0000    0.0000   10.5368   13.3433   23.0890    7.8693    3.1804   -0.8366    0.0000    0.0000    0.0000    0.0000    3.8880    0.3030    0.1809    0.8696   -2.2583 
  14.6591    0.0009    0.0000    0.0000   11.7610   26.2217    5.9991   24.1657    3.1804   -0.8366    0.0000    0.0000    0.0000    0.0000    3.8880    0.4287    0.2808    0.9846   10.6201 
  14.7016    0.0013    0.0000    0.0000   13.8743   12.7330   26.6901   63.6554    3.1804   -0.8366    0.0000    0.0000    0.0000    0.0000    3.8880    0.3130    0.2451    1.0691    0.0000 
  14.7441    0.0009    0.0000    0.0000   17.0749   40.9312  -20.0629   41.8659    3.1804   -0.8366    0.0000    0.0000    0.0000    0.0000    3.8960    0.5278    0.4177    1.2761   25.3296 
  14.7866    0.0009    0.0000    0.0000   18.7864   -7.4086    8.8068   79.2804    3.1804   -0.8366    0.0000    0.0000    0.0000    0.0000    3.8960    0.6794    0.3052    1.1133  -23.0103 
  14.8291    0.0009    0.0000    0.0000   22.6851   -3.5024   24.5538   88.4357    3.1804   -0.8366    0.0000    0.0000    0.0000    0.0000    3.8960    0.3667    0.0774    0.8540  -19.1040 
  14.8716    0.0014    0.0000    0.0000   24.9561   21.2169  -12.0673    8.1134    3.1804   -0.8366    0.0000    0.0000    0.0000    0.0000    3.8960    0.3984    0.0769    0.8745    0.0000 
  14.9141    0.0009    0.0000    0.0000   25.1431   12.1837   11.1871   30.4523    3.1804   -0.8366    0.0000    0.0000    0.0000    0.0000    3.8880    0.5549    0.1487    0.8574   -3.4180 
  14.9566    0.0009    0.0000    0.0000   27.5766   13.5875   33.3429   77.9987    3.1804   -0.8366    0.0000    0.0000    0.0000    0.0000    3.8960    0.3914    0.2417    0.7034   -2.0142 
  14.9991    0.0009    0.0000    0.0000   29.7063   23.5972    8.6237   28.0719    3.1804   -0.8366    0.0000    0.0000    0.0000    0.0000    3.8880    0.5034    0.2444    0.7126    7.9956 
  15.0416    0.0014    0.0000    0.0000   30.7181   20.7896   10.8820   35.4572    3.1804   -0.8366    0.0000    0.0000    0.0000    0.0000    3.8960    0.5430    0.3240    0.7637    0.0000 
  15.0841    0.0009    0.0000    0.0000   31.7541    3.4556    5.0226   30.9406    3.1804   -0.8366    0.0000    0.0000    0.0000    0.0000    3.8960    0.6865    0.2791    0.8010  -12.1460 
  15.1266    0.0009    0.0000    0.0000   32.1121    0.3428   18.6945   21.7243    3.1804   -0.8366    0.0000    0.0000    0.0000    0.0000    3.8960    0.6096    0.3108    0.8318  -15.2588 
  15.1691    0.0009    0.0000    0.0000   32.4874   -1.9155   14.2389    3.7189    3.1804   -0.8366    0.0000    0.0000    0.0000    0.0000    3.8960    0.5620    0.3198    0.9600  -17.5171 
  15.2116    0.0014    0.0000    0.0000   33.9761   35.1939  -18.2318   16.1090    3.1804   -0.8366    0.0000    0.0000    0.0000    0.0000    3.8960    0.5103    0.6279    1.1855    0.0000 
  15.2541    0.0009    0.0000    0.0000   34.3030   -6.1269  -22.4432  -18.3148    3.1804   -0.8366    0.0000    0.0000    0.0000    0.0000    3.8960    0.6682    0.4968    1.0808  -21.7285 
  15.2966    0.0009    0.0000    0.0000   34.8738    7.4840   -1.9354   21.7853    3.1804   -0.8366    0.0000    0.0000    0.0000    0.0000    3.8960    0.3574    0.2205    0.8921   -8.1177 
  15.3391    0.0009    0.0000    0.0000   35.2954   48.2554  -35.1996  -72.3309    3.1804   -0.8366    0.0000    0.0000    0.0000    0.0000    3.8960    0.5574    0.4080    1.0623   32.6538 
  15.3816    0.0014    0.0000    0.0000   31.7804    0.2818   -0.6537  -58.7811    3.1804   -0.8366    0.0000    0.0000    0.0000    0.0000    3.8960    0.5911    0.2761    1.0203    0.0000 
  15.4241    0.0009    0.0000    0.0000   32.5486   -6.3710   27.5446   43.5138    3.1804   -0.8366    0.0000    0.0000    0.0000    0.0000    3.8960    0.4031    0.1909    0.8733  -21.9727 
  15.4666    0.0009    0.0000    0.0000   33.4667   14.9302   17.4127  -16.2396    3.1804   -0.8366    0.0000    0.0000    0.0000    0.0000    3.8960    0.4456    0.1558    0.8875   -0.6714 
  15.5091    0.0009    0.0000    0.0000   33.1647   27.9307   38.2867  -17.5824    3.1804   -0.8366    0.0000    0.0000    0.0000    0.0000    3.8960    0.3110    0.2061    0.8389   12.3291 
  15.5516    0.0014    0.0000    0.0000   34.5790   13.5264   21.9904   40.4010    3.1804   -0.8366    0.0000    0.0000    0.0000    0.0000    3.8960    0.3870    0.2095    0.8086    0.0000 
  15.5941    0.0009    0.0000    0.0000   36.5089    9.6812   29.6808   35.2741    3.1804   -0.8366    0.0000    0.0000    0.0000    0.0000    3.8880    0.3240    0.1550    0.8643   -5.9204 
  15.6366    0.0009    0.0000    0.0000   38.7436   38.1236   11.1871   29.1705    3.1804   -0.8366    0.0000    0.0000    0.0000    0.0000    3.8960    0.4561    0.2593    0.9648   22.5220 
  15.6791    0.0009    0.0000    0.0000   39.6819   17.2496   18.2062   16.8414    3.1804   -0.8366    0.0000    0.0000    0.0000    0.0000    3.8960    0.4062    0.1628    1.0002    1.6479 
  15.7216    0.0014    0.0000    0.0000   42.2996   58.3262    4.4122   56.1481    3.1804   -0.8366    0.0000    0.0000    0.0000    0.0000    3.8960    0.2925    0.2080    1.1121    0.0000 
  15.7641    0.0009    0.0000    0.0000   45.1064   31.7149  -23.8470   48.9459    3.1804   -0.8366    0.0000    0.0000    0.0000    0.0000    3.8880    0.6675    0.3696    0.9917   16.1133 
  15.8066    0.0009    0.0000    0.0000   48.0160    0.8922   16.4362  106.5021    3.1804   -0.8366    0.0000    0.0000    0.0000    0.0000    3.8960    0.5029    0.0815    1.0183  -14.7095 
  15.8491    0.0009    0.0000    0.0000   52.5291   52.6500   15.8868   64.3268    3.1804   -0.8366    0.0000    0.0000    0.0000    0.0000    3.8960    0.2966    0.1816    0.8677   37.0483 
  15.8916    0.0013    0.0000    0.0000   53.3224    2.8453   -9.4428   -8.2440    3.1804   -0.8366    0.0000    0.0000    0.0000    0.0000    3.8960    0.4019    0.2097    0.8457    0.0000 
  15.9341    0.0009    0.0000    0.0000   54.5634   21.9493  -11.6400   93.1964    3.1804   -0.8366    0.0000    0.0000    0.0000    0.0000    3.8880    0.5203    0.0723    0.8433    6.3477 
  15.9766    0.0009    0.0000    0.0000   58.0666   30.0059    5.6329   48.7018    3.1804   -0.8366    0.0000    0.0000    0.0000    0.0000    3.8960    0.4592    0.1040    0.7930   14.4043 
  16.0191    0.0009    0.0000    0.0000   59.3112   30.4332    7.5250   18.8556    3.1804   -0.8366    0.0000    0.0000    0.0000    0.0000    3.8960    0.3977    0.1895    0.7764   14.8315 
  16.0616    0.0014    0.0000    0.0000   61.4655   33.6070   -4.5599   53.4015    3.1804   -0.8366    0.0000    0.0000    0.0000    0.0000    3.8960    0.4478    0.1499    0.8623    0.0000 
  16.1041    0.0009    0.0000    0.0000   64.0730   30.6163   -3.3392   48.0914    3.1804   -0.8366    0.0000    0.0000    0.0000    0.0000    3.8960    0.3613    0.1694    0.8855   15.0146 
  16.1466    0.0009    0.0000    0.0000   67.7748   33.9732  -19.7577   92.5250    3.1804   -0.8366    0.0000    0.0000    0.0000    0.0000    3.8960    0.4292    0.1748    0.9626   18.3716 
  16.1891    0.0009    0.0000    0.0000   70.8857   44.2271  -12.2504   37.7155    3.1804   -0.8366    0.0000    0.0000    0.0000    0.0000    3.8960    0.3997    0.3147    0.9780   28.6255 
  16.2316    0.0013    0.0000    0.0000   73.0620    6.8736    1.4825   48.0914    3.1804   -0.8366    0.0000    0.0000    0.0000    0.0000    3.8960    0.0806    0.1675    1.0137    0.0000 
  16.2741    0.0009    0.0000    0.0000   76.0991   28.5411  -39.4110   53.8898    3.1804   -0.8366    0.0000    0.0000    0.0000    0.0000    3.8960    0.0854    0.2900    1.1350   12.9395 
  16.3166    0.0009    0.0000    0.0000   78.9181   37.0250  -39.3500   43.8190    3.1804   -0.8366    0.0000    0.0000    0.0000    0.0000    3.8960    0.2075    0.1785    1.1331    0.0000 
  16.3591    0.0009    0.0000    0.0000   81.6966   91.0411  -26.4716   63.7775    3.1804   -0.8366    0.0000    0.0000    0.0000    0.0000    3.8960    0.0024    0.2339    1.0486   75.4395 
  16.4016    0.0013    0.0000    0.0000   85.1202   21.2779  -64.9847   47.7863    3.1804   -0.8366    0.0000    0.0000    0.0000    0.0000    3.8960    0.1511    0.4009    1.1799    0.0000 
  16.4441    0.0009    0.0000    0.0000   85.5591   42.5792  -36.9696   14.6442    3.1804   -0.8366    0.0000    0.0000    0.0000    0.0000    3.8960    0.2197    0.1016    1.1450   26.9775 
  16.4866    0.0009    0.0000    0.0000   87.7215   30.1280  -16.9501   66.2189    3.1804   -0.8366    0.0000    0.0000    0.0000    0.0000    3.8960    0.0920    0.2830    1.0669   14.5264 
  16.5291    0.0009    0.0000    0.0000   89.6573   25.1231   -9.3207   32.8937    3.1804   -0.8366    0.0000    0.0000    0.0000    0.0000    3.8960    0.1614    0.1812    1.1233    9.5215 
  16.5716    0.0014    0.0000    0.0000   90.3604   22.2545   -2.3016   25.1422    3.1804   -0.8366    0.0000    0.0000    0.0000    0.0000    3.8960    0.0754    0.0613    1.1089    0.0000 
  16.6141    0.0009    0.0000    0.0000   92.6668   27.8087   -6.2689   65.4254    3.1804   -0.8366    0.0000    0.0000    0.0000    0.0000    3.8960    0.1072    0.1292    1.1250   12.2070 
  16.6566    0.0009    0.0000    0.0000   94.5429    9.2540    5.6940    7.1979    3.1804   -0.8366    0.0000    0.0000    0.0000    0.0000    3.8880    0.0398    0.2322    1.0906   -6.3477 
  16.6991    0.0009    0.0000    0.0000   94.2348   42.7623    4.4733   11.1041    3.1804   -0.8366    0.0000    0.0000    0.0000    0.0000    3.8960    0.1772    0.0088    1.0889   27.1606 
  16.7416    0.0013    0.0000    0.0000   96.6175   43.6778   -6.5131   62.2516    3.1804   -0.8366    0.0000    0.0000    0.0000    0.0000    3.8960    0.0642    0.2124    1.0608    0.0000 
  16.7841    0.0009    0.0000    0.0000   98.1764   36.6588  -11.7621   22.5787    3.1804   -0.8366    0.0000    0.0000    0.0000    0.0000    3.8960    0.1021    0.1555    1.3147   21.0571 
  16.8266    0.0009    0.0000    0.0000   97.9796   86.7686  -66.2054  -32.1087    3.1804   -0.8366    0.0000    0.0000    0.0000    0.0000    3.8880    0.1667    0.1421    1.1321   71.1670 
  16.8691    0.0009    0.0000    0.0000   97.2113   34.7667  -74.4452   18.8556    3.1804   -0.8366    0.0000    0.0000    0.0000    0.0000    3.8960    0.1121   -0.3093    1.2297   19.1650 
  16.9116    0.0013    0.0000    0.0000  101.1004   21.0338    4.5953  132.1369    3.1804   -0.8366    0.0000    0.0000    0.0000    0.0000    3.8960   -0.0156    0.1130    1.0225    0.0000 
  16.9541    0.0009    0.0000    0.0000  104.1592   40.0767  -62.7875   16.1701    3.1804   -0.8366    0.0000    0.0000    0.0000    0.0000    3.8960    0.1929    0.0542    1.1011   24.4751 
  16.9966    0.0009    0.0000    0.0000  104.4642   -0.8779   11.1871  -26.2494    3.1804   -0.8366    0.0000    0.0000    0.0000    0.0000    3.8880   -0.0625   -0.1519    1.0916  -16.4795 
  17.0391    0.0009    0.0000    0.0000  101.5158   47.3399  -44.1107  -68.7909    3.1804   -0.8366    0.0000    0.0000    0.0000    0.0000    3.8960   -0.3982    0.0457    1.0759   31.7383 
  17.0816    0.0013    0.0000    0.0000   99.2871  -22.5453   56.7804  -40.7147    3.1804   -0.8366    0.0000    0.0000    0.0000    0.0000    3.8880    0.0469    0.2422    0.9771    0.0000 
  17.1241    0.0009    0.0000    0.0000   98.0121  -29.7475  -20.4291  -24.0521    3.1804   -0.8366    0.0000    0.0000    0.0000    0.0000    3.8960   -0.0171    0.0371    1.0554  -45.3491 
  17.1666    0.0009    0.0000    0.0000   97.5054   -8.6293  -15.5463   -5.3754    3.1804   -0.8366    0.0000    0.0000    0.0000    0.0000    3.8960   -0.0767    0.0928    1.0234    0.0000 
  17.2091    0.0009    0.0000    0.0000   97.4930   -4.7841   16.8634    0.6061    3.1804   -0.8366    0.0000    0.0000    0.0000    0.0000    3.8960    0.0249   -0.0439    1.0891  -20.3857 
  17.2516    0.0013    0.0000    0.0000   97.4767   -0.9389    8.4405   -0.3705    3.1804   -0.8366    0.0000    0.0000    0.0000    0.0000    3.8880   -0.0295    0.0007    1.0706    0.0000 
  17.2941    0.0009    0.0000    0.0000   97.4681    0.5870   -1.2030   -0.4925    3.1804   -0.8366    0.0000    0.0000    0.0000    0.0000    3.8880   -0.0308   -0.0083    1.0686  -15.0146 
  17.3366    0.0009    0.0000    0.0000   97.4564    1.3804   -1.6913   -0.1263    3.1804   -0.8366    0.0000    0.0000    0.0000    0.0000    3.8960   -0.0261   -0.0171    1.0901  -14.2212 
  17.3791    0.0009    0.0000    0.0000   97.4425    0.7090   -0.8978   -0.3705    3.1804   -0.8366    0.0000    0.0000    0.0000    0.0000    3.8960   -0.0208   -0.0134    1.0745  -14.8926 
  17.4216    0.0014    0.0000    0.0000   97.4295    1.1363   -0.2875    0.0568    3.1804   -0.8366    0.0000    0.0000    0.0000    0.0000    3.8960   -0.0100   -0.0146    1.0691  -14.4653 
  17.4641    0.0009    0.0000    0.0000   97.4223   -0.0234   -0.1654   -0.1263    3.1804   -0.8366    0.0000    0.0000    0.0000    0.0000    3.8960   -0.0103   -0.0122    1.0776  -15.6250 
  17.5066    0.0009    0.0000    0.0000   97.4075    0.9532   -0.6537   -0.0043    3.1804   -0.8366    0.0000    0.0000    0.0000    0.0000    3.8960   -0.0259   -0.0024    1.0891  -14.6484 
  17.5491    0.0009    0.0000    0.0000   97.4006    0.4039    0.2618   -0.4315    3.1804   -0.8366    0.0000    0.0000    0.0000    0.0000    3.8960   -0.0232   -0.0078    1.0867  -15.1978 
  17.5916    0.0013    0.0000    0.0000   97.3859    0.7090   -0.0433   -0.4315    3.1804   -0.8366    0.0000    0.0000    0.0000    0.0000    3.8960   -0.0161   -0.0049    1.0757    0.0000 
  17.6341    0.0009    0.0000    0.0000   97.3673   -0.0844   -0.1044    0.0568    3.1804   -0.8366    0.0000    0.0000    0.0000    0.0000    3.8960   -0.0190   -0.0076    1.0771  -15.6860 
  17.6766    0.0009    0.0000    0.0000   97.3558    0.4039   -0.4706   -0.4925    3.1804   -0.8366    0.0000    0.0000    0.0000    0.0000    3.8960   -0.0249   -0.0068    1.0781  -15.1978 
  17.7191    0.0009    0.0000    0.0000   97.3463    1.0753    0.3839   -0.5536    3.1804   -0.8366    0.0000    0.0000    0.0000    0.0000    3.8960   -0.0142   -0.0037    1.0825  -14.5264 
  17.7616    0.0013    0.0000    0.0000   97.3413    0.2818   -0.0433   -0.2484    3.1804   -0.8366    0.0000    0.0000    0.0000    0.0000    3.8880   -0.0164   -0.0151    1.0833    0.0000 
  17.8041    0.0009    0.0000    0.0000   97.3196    0.4649   -0.1654   -0.4925    3.1804   -0.8366    0.0000    0.0000    0.0000    0.0000    3.8960   -0.0083   -0.0105    1.0857  -15.1367 
  17.8466    0.0009    0.0000    0.0000   97.3064    0.5870   -0.3485   -0.0653    3.1804   -0.8366    0.0000    0.0000    0.0000    0.0000    3.8960   -0.0154   -0.0212    1.0811  -15.0146 
  17.8891    0.0009    0.0000    0.0000   97.2900    0.8311    0.0177   -0.2484    3.1804   -0.8366    0.0000    0.0000    0.0000    0.0000    3.8960   -0.0210   -0.0120    1.0881  -14.7705 
  17.9316    0.0013    0.0000    0.0000   97.2731    1.1973    0.3229   -0.4925    3.1804   -0.8366    0.0000    0.0000    0.0000    0.0000    3.8960   -0.0164   -0.0139    1.0752    0.0000 
  17.9741    0.0009    0.0000    0.0000   97.2492    0.2818   -0.1654   -0.4315    3.1804   -0.8366    0.0000    0.0000    0.0000    0.0000    3.8960   -0.0225   -0.0068    1.0911  -15.3198 
  18.0166    0.0009    0.0000    0.0000   97.2288   -0.0234   -0.2264   -0.5536    3.1804   -0.8366    0.0000    0.0000    0.0000    0.0000    3.8960   -0.0188   -0.0085    1.0747  -15.6250 
  18.0591    0.0009    0.0000    0.0000   97.2124    0.1597   -0.0433   -0.4315    3.1804   -0.8366    0.0000    0.0000    0.0000    0.0000    3.8960   -0.0151   -0.0068    1.0854  -15.4419 
  18.1016    0.0013    0.0000    0.0000   97.1888   -0.2675   -0.6537   -0.4925    3.1804   -0.8366    0.0000    0.0000    0.0000    0.0000    3.8960   -0.0278   -0.0159    1.0806  -15.8691 
  18.1441    0.0009    0.0000    0.0000   97.1679    0.4649   -0.0433   -0.4925    3.1804   -0.8366    0.0000    0.0000    0.0000    0.0000    3.8960   -0.0256   -0.0112    1.0796  -15.1367 
  18.1866    0.0009    0.0000    0.0000   97.1581    0.7701    0.0177   -0.6756    3.1804   -0.8366    0.0000    0.0000    0.0000    0.0000    3.8960   -0.0215   -0.0063    1.0962  -14.8315 
  18.2291    0.0009    0.0000    0.0000   97.1438    0.2818   -0.2264   -0.3094    3.1804   -0.8366    0.0000    0.0000    0.0000    0.0000    3.8960   -0.0190   -0.0088    1.0830  -15.3198 
  18.2716    0.0013    0.0000    0.0000   97.1297    0.1597   -0.1044   -0.2484    3.1804   -0.8366    0.0000    0.0000    0.0000    0.0000    3.8960   -0.0286   -0.0142    1.0930    0.0000 
  18.3141    0.0009    0.0000    0.0000   97.1132    0.2818   -0.0433   -0.3705    3.1804   -0.8366    0.0000    0.0000    0.0000    0.0000    3.8880   -0.0137   -0.0125    1.0879  -15.3198 
  18.3566    0.0009    0.0000    0.0000   97.0933    0.5259    0.0177   -0.0043    3.1804   -0.8366    0.0000    0.0000    0.0000    0.0000    3.8960   -0.0205   -0.0190    1.0911  -15.0757 
  18.3991    0.0009    0.0000    0.0000   97.0832    0.2208   -0.2875   -0.3705    3.1804   -0.8366    0.0000    0.0000    0.0000    0.0000    3.8960   -0.0103   -0.0066    1.0811  -15.3809 
  18.4416    0.0013    0.0000    0.0000   97.0670    0.4649   -0.4095   -0.6146    3.1804   -0.8366    0.0000    0.0000    0.0000    0.0000    3.8960   -0.0127   -0.0183    1.0835    0.0000 
  18.4841    0.0009    0.0000    0.0000   97.0480    0.9532   -0.0433   -0.4315    3.1804   -0.8366    0.0000    0.0000    0.0000    0.0000    3.8960   -0.0291   -0.0022    1.0808  -14.6484 
  18.5266    0.0009    0.0000    0.0000   97.0338    1.2584   -0.1654   -0.4925    3.1804   -0.8366    0.0000    0.0000    0.0000    0.0000    3.8960   -0.0195   -0.0076    1.0701  -14.3433 
  18.5691    0.0009    0.0000    0.0000   97.0149    0.2208   -0.2875   -0.4315    3.1804   -0.8366    0.0000    0.0000    0.0000    0.0000    3.8960   -0.0234   -0.0049    1.0767  -15.3809 
  18.6116    0.0013    0.0000    0.0000   97.0027    0.5259   -0.5927   -0.3094    3.1804   -0.8366    0.0000    0.0000    0.0000    0.0000    3.8880   -0.0283   -0.0173    1.0864    0.0000 
