   0.0016 4291.0166    0.0224   -0.1408  179.9991    0.2435    0.3263   -0.3674    0.0000    0.0000    0.0000    0.0000    0.0000    0.0000    3.9520   -0.0095   -0.0015    1.0867    0.0000 
   0.0441 4290.9741    0.2886   -0.4486  179.9973   -0.1227    0.0211    0.3651    0.0000    0.0000    0.0000    0.0000    0.0000    0.0000    3.9520   -0.0093   -0.0037    1.0908  -14.3433 
   0.0866 4290.9316    0.1645   -0.4679  180.0011   -0.4279    0.0211    0.3040    0.0000    0.0000    0.0000    0.0000    0.0000    0.0000    3.9520   -0.0088   -0.0012    1.0950    0.0000 
   0.1291 4290.8892   -0.0182   -0.6652  180.0087    0.3655   -0.1620    0.2430    0.0000    0.0000    0.0000    0.0000    0.0000    0.0000    3.9520   -0.0134   -0.0005    1.0903  -13.8550 
   0.1716 4290.8467   -0.1223   -0.9094  180.0092   -0.6110   -0.1620    0.1820    0.0000    0.0000    0.0000    0.0000    0.0000    0.0000    3.9520   -0.0171    0.0005    1.0874  -14.8315 
   0.2141 4290.8042    0.0196   -0.5917  180.0203   -0.1227   -0.4671    0.0599    0.0000    0.0000    0.0000    0.0000    0.0000    0.0000    3.9520   -0.0093    0.0010    1.0833  -14.3433 
   0.2566 4290.7617    0.1511   -0.6630  180.0142   -0.0617    0.0211   -0.1842    0.0000    0.0000    0.0000    0.0000    0.0000    0.0000    3.9520   -0.0144    0.0000    1.0842    0.0000 
   0.2991 4290.7192   -0.1228   -0.4983  180.0179    0.3045    0.2653    0.4261    0.0000    0.0000    0.0000    0.0000    0.0000    0.0000    3.9520   -0.0085    0.0024    1.0862  -13.9160 
   0.3416 4290.6768   -0.0356   -0.3947  180.0079    0.3655   -0.0399   -0.4894    0.0000    0.0000    0.0000    0.0000    0.0000    0.0000    3.9520   -0.0088    0.0015    1.0876    0.0000 
   0.3841 4290.6343    0.0131   -0.4641  180.0081    0.2435    0.3263    0.1820    0.0000    0.0000    0.0000    0.0000    0.0000    0.0000    3.9520   -0.0078    0.0000    1.0862  -13.9771 
   0.4266 4290.5918   -0.0861   -0.4908  180.0043   -0.2448   -0.0399    0.2430    0.0000    0.0000    0.0000    0.0000    0.0000    0.0000    3.9440   -0.0085   -0.0002    1.0864  -14.4653 
   0.4691 4290.5493    0.1808   -0.7692  180.0087    0.2435    0.5704   -0.0622    0.0000    0.0000    0.0000    0.0000    0.0000    0.0000    3.9520   -0.0161   -0.0049    1.0947  -13.9771 
   0.5116 4290.5068   -0.0764   -0.6741  180.0148    0.1214    0.0211    0.1209    0.0000    0.0000    0.0000    0.0000    0.0000    0.0000    3.9520   -0.0127    0.0012    1.0879    0.0000 
   0.5541 4290.4644    0.0904   -0.6264  180.0092   -0.1838    0.2042   -0.3674    0.0000    0.0000    0.0000    0.0000    0.0000    0.0000    3.9520   -0.0095   -0.0027    1.0955  -14.4043 
   0.5966 4290.4219    0.3289   -0.7890  180.0081    0.4266    0.0822    0.1820    0.0000    0.0000    0.0000    0.0000    0.0000    0.0000    3.9520   -0.0132   -0.0046    1.0840  -13.7939 
   0.6391 4290.3789    0.2350   -0.5605  180.0122    0.3655   -0.1620    0.0599    0.0000    0.0000    0.0000    0.0000    0.0000    0.0000    3.9520   -0.0107   -0.0046    1.0859  -13.8550 
   0.6816 4290.3364    0.0668   -0.7502  180.0083    0.5486    0.2653   -0.0011    0.0000    0.0000    0.0000    0.0000    0.0000    0.0000    3.9520   -0.0127   -0.0024    1.0830    0.0000 
   0.7241 4290.2939   -0.1016   -0.3220  180.0060    0.3045    0.2042   -0.3674    0.0000    0.0000    0.0000    0.0000    0.0000    0.0000    3.9520   -0.0066    0.0017    1.0872  -13.9160 
   0.7666 4290.2515    0.1402   -0.4897  180.0038    0.3045    0.3263    0.5482    0.0000    0.0000    0.0000    0.0000    0.0000    0.0000    3.9520   -0.0061    0.0034    1.0874    0.0000 
   0.8091 4290.2090    0.2628   -0.5244  180.0009   -0.1227   -0.1620    0.2430    0.0000    0.0000    0.0000    0.0000    0.0000    0.0000    3.9520   -0.0115   -0.0029    1.0886  -14.3433 
   0.8516 4290.1665    0.1501   -0.5203  179.9970   -0.2448   -0.1620   -0.0011    0.0000    0.0000    0.0000    0.0000    0.0000    0.0000    3.9520   -0.0115   -0.0015    1.0889    0.0000 
   0.9766    0.0009    0.0000    0.0000  180.0019    0.0604    0.3263    0.3040    0.0000    0.0000    0.0000    0.0000    0.0000    0.0127    3.9520   -0.0166   -0.0007    1.0872  -14.1602 
   1.0191    0.0009    0.0000    0.0000  179.9971    1.2200    0.3263   -0.0011    0.0000    0.0000    0.0000    0.0000    0.0000    0.0253    3.9520   -0.0134    0.0049    1.0864  -13.0005 
   1.0616    0.0013    0.0000    0.0000  179.9878   -0.5500   -0.1620   -0.3063    0.0000    0.0000    0.0000    0.0000    0.0000    0.0190    3.9520   -0.0107   -0.0007    1.0933    0.0000 
   1.1041    0.0009    0.0000    0.0000  179.9844    0.3655   -0.0399   -0.0011    0.0000    0.0000    0.0000    0.0000    0.0000    0.0127    3.9520   -0.0129   -0.0042    1.0889  -13.8550 
   1.1466    0.0009    0.0000    0.0000  179.9800    0.2435   -0.1620   -0.1842    0.0000    0.0000    0.0000    0.0000    0.0000    0.0000    3.9520   -0.0125   -0.0017    1.0903  -13.9771 
   1.1891    0.0009    0.0000    0.0000  179.9768    0.2435    0.1432    0.1209    0.0000    0.0000    0.0000    0.0000    0.0000    0.0000    3.9520   -0.0120    0.0005    1.0872  -13.9771 
   1.2316    0.0013    0.0000    0.0000  179.9765    0.1824    0.2653   -0.3063    0.0000    0.0000    0.0000    0.0000    0.0000    0.0000    3.9520   -0.0095    0.0015    1.0916  -14.0381 
   1.2741    0.0009    0.0000    0.0000  179.9760    0.6707    0.0822    0.3040    0.0000    0.0000    0.0000    0.0000    0.0000    0.0000    3.9520   -0.0076    0.0012    1.0923  -13.5498 
   1.3166    0.0009    0.0000    0.0000  179.9672    0.0604    0.2042   -0.1842    0.0000    0.0000    0.0000    0.0000    0.0000    0.0000    3.9520   -0.0142   -0.0005    1.0837  -14.1602 
   1.3591    0.0009    0.0000    0.0000  179.9711    0.1214    0.3873    0.2430    0.0000    0.0000    0.0000    0.0000    0.0000    0.0064    3.9520   -0.0125   -0.0039    1.0886  -14.0991 
   1.4016    0.0013    0.0000    0.0000  179.9784    0.1214    0.0822    0.1820    0.0000    0.0000    0.0000    0.0000    0.0000    0.0253    3.9520   -0.0122   -0.0054    1.0867    0.0000 
   1.4441    0.0009    0.0000    0.0000  180.0055    0.1214    0.0211   -0.1232    0.0000    0.0000    0.0000    0.0000    0.0000    0.0499    3.9520   -0.0171   -0.0029    1.0896  -14.0991 
   1.4866    0.0009    0.0000    0.0000  179.9972    0.3655    0.1432   -0.1842    0.0000    0.0000    0.0000    0.0000    0.0000    0.0857    3.9520   -0.0127    0.0029    1.0911  -13.8550 
   1.5291    0.0010    0.0396    0.0250  179.9927    0.6707    0.0822   -0.1232    0.4792   -1.1347    0.0000   -0.0000    0.0000    0.1144    3.9280   -0.0110    0.0056    1.0894    0.0022 
   1.5716    0.0014    0.0608    0.5095  179.9925   -0.6721    0.0822   -0.1232    1.3670   -1.0848    0.0000   -0.0000    0.0000    0.1476    3.8960   -0.0032    0.0037    1.0830    0.0022 
   1.6141    0.0010    0.3112    0.0614  179.9957    0.1214   -0.5282   -0.6115    1.1134   -0.5095    0.0000   -0.0000    0.0000    0.1795    3.8880   -0.0168   -0.0120    1.0879    0.0107 
   1.6566    0.0010    0.1535    0.2612  179.9924   -0.2448   -0.1009    1.6468    1.1826   -1.4987    0.0000   -0.0000   -0.2818    0.2101    3.8640    0.0044    0.0159    1.0876   -0.0337 
   1.6991    0.0010   -0.0793    0.4042  179.9743    3.9666    0.5094   -0.9167    1.6696   -1.2456    0.0000   -0.0000    0.0000    0.2051    3.8720    0.0010   -0.1355    1.0325    0.0160 
   1.7416    0.0014    0.5330    0.7120  179.9621   -0.3669   -1.1996   -0.5505    1.5918   -1.7151    0.0000   -0.0000    0.0000    0.2101    3.8720    0.0183   -0.0144    1.1245    0.0096 
   1.7841    0.0010    0.7135    0.6383  179.9879    0.5486    0.8756    4.8206    1.5100   -1.8153    0.0000   -0.0000    0.0000    0.2200    3.8720    0.1616   -0.0559    1.1399   -0.0841 
   1.8266    0.0010    0.8884   -0.0386  180.1928   -1.5266    0.0211    3.2948    0.7426   -1.5261   -0.0000   -0.0000    0.0000    0.2489    3.8480    0.0774   -0.0415    1.0664   -0.0575 
   1.8691    0.0010    1.1893    0.2871  180.3162   -0.6110    3.1950   -1.0998    1.1901   -2.5071   -0.0000   -0.0000    0.0000    0.2441    3.8560    0.0708   -0.0710    1.0530    0.0192 
   1.9116    0.0015    1.1085    0.0804  180.1610   -0.0007   -5.7772   -4.4567    0.3846   -2.2408   -0.0000   -0.0000    0.0000    0.2489    3.8560   -0.3914    0.1580    1.1133    0.0778 
   1.9541    0.0010    0.9458    1.0133  180.0169   -1.3435    1.9743   -3.7243    0.6845   -1.6350   -0.0000   -0.0000    0.0000    0.2489    3.8560    0.1973   -0.1094    1.1362    0.0650 
   1.9966    0.0010    0.9457    0.4836  179.8154   -6.1042    0.9367    1.2806    0.2520   -2.2210   -0.0000   -0.0000    0.0000    0.2810    3.8400   -0.1953   -0.0869    1.0071   -0.0224 
   2.0391    0.0010    1.0159    0.2911  180.2137    6.9573   -0.6503   13.1825    0.3091   -1.4372   -0.0000   -0.0000    0.0000    0.3281    3.8000   -0.1292   -0.6638    0.7764   -0.2301 
   2.0816    0.0014    0.2626    0.6949  180.5530    7.4456   -5.6551    8.6048    1.1914   -2.7019    0.0000   -0.0000    0.0000    0.3403    3.7920   -0.0422    0.9231    2.7698   -0.1502 
   2.1241    0.0010    0.0523    2.0779  180.7172  -13.7946    7.1012    3.4779    0.5373   -2.7357    0.0000   -0.0000    0.2818    0.3443    3.7840    0.4377   -0.1121    0.2524   -0.0558 
   2.1666    0.0010    1.2354    2.8614  180.9501   -2.9914   -3.2748    4.6375    1.1246   -2.5670   -0.0000   -0.0000    0.2818    0.3443    3.7920   -0.5117   -0.1377    0.7444   -0.0760 
   2.2091    0.0010    0.2090    0.4917  180.8960    2.4407   -8.2186   -1.7712    0.8756   -2.1471    0.0000   -0.0000    0.2818    0.3483    3.7920    0.3047    0.3115    0.4312    0.0358 
   2.2516    0.0014    1.3969    1.7297  180.9537    3.4783   22.6041   -1.4049    0.5125   -1.5245   -0.0000   -0.0000    0.2818    0.3600    3.7760   -0.2419   -0.3093   -0.2285    0.0294 
   2.2941    0.0011   -0.1000    0.9686  180.8273   32.9583    2.9508   -0.4894    0.9371   -2.9653    0.0000   -0.0000    0.2818    0.3638    3.7760   -0.0886    0.0779    2.3540    0.0135 
   2.3366    0.0011    0.3299    1.5883  180.8436   18.6150    3.0119    1.2196    0.8045   -2.5384    0.0000   -0.0000    0.2818    0.3714    3.7760    0.3516    1.0671    1.4827   -0.0164 
   2.3791    0.0010    0.4762    0.2975  180.8906  -20.0202   -5.1669    1.5858    0.0065   -2.7502   -0.0000   -0.0000    0.2818    0.3789    3.7680   -0.1973    0.2998    0.8325   -0.0228 
   2.4216    0.0014    0.6130    1.1549  180.8751    4.4549   31.0880   -0.4894    0.3946   -2.2390   -0.0000   -0.0000    0.5636    0.4006    3.7440   -0.6470    1.1069    2.0701    0.0184 
   2.4641    0.0010    0.2555    0.8680  180.7461  -11.7805  -27.0174   -2.3815    0.2703   -1.4128    0.0000   -0.0000    1.1272    0.4212    3.7280   -0.4846    1.3528    1.1987    0.0612 
   2.5066    0.0010    1.0069    0.5438  180.5871  -12.5739    3.5001   -5.8605    0.5459   -2.0786   -0.0000   -0.0000    1.6908    0.4408    3.7280    0.9834   -0.9048    0.9348    0.1318 
   2.5491    0.0010    1.3220    0.0363  180.3407   -6.7145  -34.2806   -2.5036    0.4755   -0.5540   -0.0000   -0.0000    1.6908    0.4741    3.6800   -0.1833   -0.5149    1.2734    0.0732 
   2.5916    0.0014    0.4509   -0.5195  180.4626   11.4129   16.9889   -4.1515   -0.2338   -1.8081   -0.0000   -0.0000    1.6908    0.4798    3.6880   -0.0896   -0.9880    1.6558    0.1020 
   2.6341    0.0010    1.2090    0.8453  180.4624  -23.2551    5.5143    1.0365    0.3005   -1.7952   -0.0000   -0.0000    1.9726    0.4854    3.6880    0.1182   -0.2651    2.1592    0.0163 
   2.6766    0.0010    1.6139   -0.1990  180.3090   -2.7473  -28.1771   -2.5646   -0.7884   -2.1622   -0.0000   -0.0000    1.9726    0.4882    3.6880   -0.0605   -0.0088    0.8645    0.0792 
   2.7191    0.0010    1.1917   -0.3682  180.2803   -6.8977    7.2233   -0.6725    0.3197   -1.5209   -0.0000   -0.0000    1.9726    0.4882    3.6880   -0.0024    0.0879    1.3052    0.0462 
   2.7616    0.0015    1.6027    0.3911  180.2196    4.7601   16.3175   -1.8322   -0.0556   -1.7391   -0.0000   -0.0000    2.2544    0.4909    3.6720   -0.1528   -0.3235    1.5186    0.0713 
   2.8041    0.0010    2.0401    0.1800  180.2075    3.1121   -4.9227    0.0599   -0.7607   -1.9897   -0.0000   -0.0000    1.9726    0.4909    3.6880   -0.1096    1.2244    1.5833    0.0334 
   2.8466    0.0010    1.9403    0.9457  180.1076   -7.9352   26.5104   -4.7008   -0.4429   -1.9913   -0.0000   -0.0000    1.9726    0.4963    3.6720    0.2078   -0.3613    0.5486    0.1165 
   2.8891    0.0010    2.1937    1.1572  179.9848    6.7742   -9.6835   -0.9777    0.2233   -2.4614   -0.0000   -0.0000    2.2544    0.4963    3.6800    0.4382   -0.7952    0.9670    0.0564 
   2.9316    0.0014    3.2210    0.6185  179.9329   -3.7238  -14.3221   -6.1047    0.1581   -1.7691   -0.0000   -0.0000    2.2544    0.5169    3.6560   -0.1653   -0.7053    0.1516    0.1459 
   2.9741    0.0010    3.0764    0.9735  179.8791   -4.2731   20.4069   -0.3674   -0.5369   -1.9432   -0.0000   -0.0000    2.2544    0.5314    3.6240    0.4929   -0.5862    0.8179    0.0458 
   3.0166    0.0010    2.3421    1.2436  179.7472  -14.1608    3.6222   -2.0763   -0.4500   -1.7831   -0.0000   -0.0000    2.2544    0.5428    3.6240   -0.0208    1.0635    1.1213    0.0756 
   3.0591    0.0010    2.8258    0.8219  179.6832   16.2347  -13.0404    0.4871    0.0535   -2.1893   -0.0000   -0.0000    2.2544    0.5472    3.6080   -0.1357   -1.9695    1.7710    0.0308 
   3.1016    0.0014    2.5177    0.6741  179.6378   -1.5876    5.8805   -1.0998    0.2854   -2.1121   -0.0000   -0.0000    2.2544    0.5515    3.6080   -0.3347   -0.4995    0.8547    0.0585 
   3.1441    0.0010    2.1952    1.2291  179.5536  -14.8322   13.6320    1.7689   -0.3741   -2.1636   -0.0000   -0.0000    1.9726    0.5536    3.6000    0.6553   -0.2544    1.0796    0.0036 
   3.1866    0.0010    1.6195    1.0624  179.5106   -9.3391  -13.2235   -3.7853    0.1610   -1.9335   -0.0000   -0.0000    2.2544    0.5515    3.6160   -0.9343    1.9111    1.0864    0.1054 
   3.2291    0.0010    1.6879    0.9349  179.4255    7.3235   13.3878   -0.7336    0.0621   -1.2934   -0.0000   -0.0000    1.9726    0.5557    3.6080    0.9414   -0.4016    0.7646    0.0472 
   3.2716    0.0014    2.3011    1.8032  179.3769   11.4739   17.3551   -1.8322   -0.1117   -2.1609   -0.0000   -0.0000    2.2544    0.5619    3.5920    0.0862   -1.5725    1.2021    0.0713 
   3.3141    0.0010    2.1558    1.6266  179.3013    5.6146  -13.0404   -0.5505    0.8817   -1.2979   -0.0000   -0.0000    1.9726    0.5916    3.5680    1.5547   -1.0420    0.6162    0.0440 
   3.3566    0.0010    0.9763    0.5682  179.3035  -34.6686  -12.3690   -3.6022    0.0880   -1.9294   -0.0000   -0.0000    2.2544    0.5933    3.5600   -0.2961   -0.7869    1.5173    0.1022 
   3.3991    0.0010   -0.3454    1.4421  179.3080   -1.2824   28.2194   -0.3674   -0.0619   -1.4396    0.0000   -0.0000    1.9726    0.5950    3.5600    0.7729   -1.7009    1.2261    0.0408 
   3.4416    0.0015    1.1117    2.0336  179.2974   30.6390    0.8756   -0.8556   -0.0866   -2.3277   -0.0000   -0.0000    2.2544    0.5966    3.5600    0.1362   -2.3506    1.2656    0.0543 
   3.4841    0.0010    1.3832    1.1535  179.3060  -24.5978  -24.0267    3.9661    0.6402   -1.5874   -0.0000   -0.0000    2.2544    0.5950    3.5680   -1.1694   -0.1072    1.2781   -0.0299 
   3.5266    0.0010   -0.5004    1.2348  179.2747  -51.6364    8.4440    0.4871   -0.1726   -1.4713    0.0000   -0.0000    2.2544    0.5966    3.5600    0.4619   -2.4192    1.6345    0.0308 
   3.5691    0.0010   -1.5241    1.8378  179.2569   22.7044    3.1950   -0.4894   -0.1666   -1.8273    0.0000   -0.0000    1.9726    0.5950    3.5600    0.5095   -2.7690    1.1238    0.0430 
   3.6116    0.0014   -0.1733    1.6333  179.2209   25.2679  -13.9559   -0.3063    0.9023   -1.6590    0.0000   -0.0000    2.2544    0.5950    3.5680   -0.8015    2.1997    1.7065    0.0447 
   3.6541    0.0010    0.2058    1.3579  179.1494   -5.8601    7.8947   -1.7712    0.0389   -1.7812   -0.0000   -0.0000    1.9726    0.5950    3.5680    1.5776   -2.5869    1.0168    0.0653 
   3.6966    0.0010   -2.1808    1.0426  179.0678  -24.2316   11.8620   -2.9919    0.7357   -2.1143    0.0000   -0.0000    2.2544    0.5950    3.5600   -0.2212    0.7156    0.9663    0.0916 
   3.7391    0.0010   -1.6559    0.6403  178.9929   10.0091  -17.4349   -1.4049    0.3983   -1.8281    0.0000   -0.0000    2.2544    0.5950    3.5600   -0.3354   -0.3386    0.9626    0.0639 
   3.7816    0.0014   -1.9074    0.2850  178.8687  -17.2736    1.5470   -2.3205    0.4672   -2.3852    0.0000   -0.0000    1.9726    0.5950    3.5680    0.3672   -0.2844    0.3350    0.0749 
   3.8241    0.0010   -2.6556    0.4240  178.7899  -14.1608    3.3781   -5.4943    0.7750   -2.0285    0.0000   -0.0000    2.2544    0.5966    3.5600   -1.1072    2.1785    1.4822    0.1352 
   3.8666    0.0010   -2.7725   -0.0001  178.6967    6.1639   -7.1810   -1.3439    0.4696   -1.5556    0.0000   -0.0000    2.2544    0.5966    3.5680    1.3433   -0.4407    0.0295    0.0628 
   3.9091    0.0010   -2.3986   -0.5420  178.6118   -1.4045   -8.4017   -3.3581    0.4326   -2.2561    0.0000   -0.0000    2.2544    0.5950    3.5680   -0.4604    2.2527    1.0176    0.0980 
   3.9516    0.0015   -2.7517   -0.8446  178.6074  -21.0578   -4.6175   -1.4660    0.4359   -1.0417    0.0000   -0.0000    2.2544    0.5966    3.5520   -1.5168   -0.2625    1.5398    0.0649 
   3.9941    0.0010   -2.8256   -1.0210  178.5793    9.3377  -13.5287   -0.3674    0.9075   -1.5822    0.0000   -0.0000    2.2544    0.5966    3.5600    0.9626   -2.2512    0.6873    0.0458 
   4.0366    0.0010   -3.3611   -2.1943  178.5641    8.0560  -16.6415   -0.7946    1.1003   -2.5193    0.0000   -0.0000    2.2544    0.5966    3.5600   -0.3660    2.4104    1.4966    0.0532 
   4.0791    0.0010   -3.9608   -2.7640  178.6923  -18.7995    8.0778    2.6234    0.7277   -1.8293    0.0000    0.0000    1.9726    0.5966    3.5600   -0.4988    0.7461    1.2500   -0.0114 
   4.1216    0.0014   -3.8369   -2.1231  178.6745   -4.3342   -7.0589    4.2103    1.0455   -1.9441    0.0000    0.0000    2.2544    0.5966    3.5680    0.8811    2.5547    1.1121   -0.0341 
   4.1641    0.0010   -3.5581   -2.8909  178.6974    5.5535  -14.6273    4.2713    1.3331   -2.7094    0.0000    0.0000    2.2544    0.5966    3.5520    1.6997   -0.5288    0.4021   -0.0352 
   4.2066    0.0010   -3.0862   -2.8872  178.6994   -2.3810   15.3410   -1.2829    1.7223   -2.2221    0.0000    0.0000    1.9726    0.5966    3.5600   -0.1052    0.4771    0.8184    0.0568 
   4.2491    0.0010   -2.6313   -1.9676  178.7203   -8.3625    2.7677   -0.8556    1.4163   -2.9886    0.0000   -0.0000    2.2544    0.5966    3.5520   -1.2043    3.4746    1.5447    0.0543 
   4.2916    0.0014   -1.8181   -2.0161  178.6840    0.7928  -10.4769    1.1585    1.2905   -1.8025    0.0000    0.0000    2.2544    0.5966    3.5600    0.7412   -1.7427    1.4600    0.0191 
   4.3341    0.0010   -2.1681   -2.1336  178.6693   -3.8459    8.1998   -2.0763    1.4063   -2.9904    0.0000   -0.0000    2.2544    0.5966    3.5600   -0.2468    0.5220    1.4255    0.0756 
   4.3766    0.0010   -1.6509   -1.4950  178.5906    5.6756   -4.3124   -1.9543    0.7793   -2.2646    0.0000   -0.0000    2.2544    0.5966    3.5600    0.5540   -2.9783    0.6584    0.0735 
   4.4191    0.0010   -1.9109   -1.4851  178.5486    6.7132   -3.5799   -1.1608    0.8162   -2.9404    0.0000   -0.0000    2.2544    0.5966    3.5520   -0.6843    1.3652    1.4412    0.0596 
   4.4616    0.0014   -1.2032   -1.3979  178.5118   13.4271   -8.2186    0.4261    1.0959   -2.8879    0.0000   -0.0000    2.2544    0.5966    3.5520   -1.9019    0.3916    0.8596    0.0319 
   4.5041    0.0010   -0.3883   -1.6878  178.4342   24.4134    8.2609   -0.7336    1.1109   -1.9050    0.0000   -0.0000    2.2544    0.5982    3.5440    0.5503   -0.3994    0.7156    0.0521 
   4.5466    0.0010    0.7940   -0.9758  178.3285   16.7230   13.8761   -0.3674    1.1769   -2.3255    0.0000   -0.0000    1.9726    0.5999    3.5440   -0.6685    3.6802    0.6528    0.0408 
   4.5891    0.0010    2.0886   -1.1645  178.3187   10.3753   -7.7914    1.3416    1.4726   -3.6911   -0.0000   -0.0000    2.2544    0.5966    3.5440   -0.0364    1.6528    0.4473    0.0159 
   4.6316    0.0014    2.3720   -1.2483  178.3527   16.0516   -9.4393    2.5623    1.7410   -3.6646   -0.0000   -0.0000    1.9726    0.5337    3.6320    0.1177    1.9919    0.7544   -0.0103 
   4.6741    0.0010    3.1154   -1.3831  178.3387   26.2444   14.9137   -0.0011   -0.1657   -6.0688   -0.0000   -0.0000   -0.8454    0.1367    3.8480   -0.1213    0.1750    1.0176   -0.0147 
   4.7166    0.0009    0.0000    0.0000  178.2187   51.8182   48.9103   -2.5646   -0.1657   -6.0688    0.0000    0.0000    0.0000    0.0680    3.8960   -0.5981    0.1863   -0.2185   37.5977 
   4.7591    0.0009    0.0000    0.0000  178.3656   88.0731   73.2023    0.2430   -0.1657   -6.0688    0.0000    0.0000    0.0000    0.0620    3.9040    0.1428    0.0356    1.2959   73.8525 
   4.8016    0.0013    0.0000    0.0000  178.6926  122.2527   98.2267    1.4637   -0.1657   -6.0688    0.0000    0.0000    0.0000    0.0620    3.8960   -0.0508   -0.2620    0.2976    0.0000 
   4.8441    0.0009    0.0000    0.0000  179.5465  157.4090  103.9030    1.3416   -0.1657   -6.0688    0.0000    0.0000    0.0000    0.0620    3.9040   -0.4033   -0.0444    0.5574  143.1885 
   4.8866    0.0009    0.0000    0.0000  181.4578  185.1800  124.6549    4.5765   -0.1657   -6.0688    0.0000    0.0000    0.0000    0.0620    3.9040    0.0344    0.1272    0.5796    0.0000 
   4.9291    0.0009    0.0000    0.0000  181.2036 -1109.8029 -862.4056  120.4823   -0.1657   -6.0688    0.0000    0.0000    0.0000    0.0620    3.9040   -1.9958    2.1011    6.3933 -1124.0234 
   4.9716    0.0013    0.0000    0.0000  185.1545  -27.5886   75.8268   83.4339   -0.1657   -6.0688    0.0000    0.0000    0.0000    0.0620    3.9040   -0.6235    0.4475   -0.1138    0.0000 
   5.0141    0.0009    0.0000    0.0000  189.7927  -61.0358   47.3844   90.5750   -0.1657   -6.0688    0.0000    0.0000    0.0000    0.0620    3.9040    0.0300   -0.0161    0.2100  -75.2563 
   5.0566    0.0009    0.0000    0.0000  193.7774   40.8318   10.4581  106.5052   -0.1657   -6.0688    0.0000    0.0000    0.0000    0.0620    3.9040   -0.1409    0.3687    2.3083   26.6113 
   5.0991    0.0009    0.0000    0.0000  198.4656   51.2688   45.7975  100.8900   -0.1657   -6.0688    0.0000    0.0000    0.0000    0.0620    3.9040   -0.1560    0.1775    0.8352   37.0483 
   5.1416    0.0013    0.0000    0.0000  203.0522    8.0560  -41.7269  112.7918   -0.1657   -6.0688    0.0000    0.0000    0.0000    0.0620    3.9040   -0.1428    0.3127    1.0830    0.0000 
   5.1841    0.0009    0.0000    0.0000  207.1955   -3.5407    6.2467   93.9320   -0.1657   -6.0688    0.0000    0.0000    0.0000    0.0620    3.9040   -0.1792    0.2305    1.0688  -17.7612 
   5.2266    0.0009    0.0000    0.0000  210.9411   -3.7238    5.5753   74.2176   -0.1657   -6.0688    0.0000    0.0000    0.0000    0.0620    3.9040   -0.0852    0.0127    1.0793  -17.9443 
   5.2691    0.0009    0.0000    0.0000  212.8123   -7.4470   12.0451   27.0985   -0.1657   -6.0688    0.0000    0.0000    0.0000    0.0620    3.9120    0.0667   -0.0339    1.0767  -21.6675 
   5.3116    0.0013    0.0000    0.0000  213.3125    1.5862   -0.7723    1.2806   -0.1657   -6.0688    0.0000    0.0000    0.0000    0.0620    3.9120   -0.0618   -0.0444    1.0896  -12.6343 
   5.3541    0.0009    0.0000    0.0000  213.2856    2.0135  -14.8104    0.7923   -0.1657   -6.0688    0.0000    0.0000    0.0000    0.0560    3.9040   -0.0454   -0.0032    1.0767  -12.2070 
   5.3966    0.0009    0.0000    0.0000  213.2587    1.6473   -4.4344   -0.6725   -0.1657   -6.0688    0.0000    0.0000    0.0000    0.0560    3.9120   -0.0281   -0.0095    1.0781  -12.5732 
   5.4391    0.0009    0.0000    0.0000  213.2746    0.1824   -2.1761    0.9144   -0.1657   -6.0688    0.0000    0.0000    0.0000    0.0560    3.9120   -0.0095   -0.0293    1.0806  -14.0381 
   5.4816    0.0013    0.0000    0.0000  213.2648   -0.4890   -2.8475   -0.3063   -0.1657   -6.0688    0.0000    0.0000    0.0000    0.0560    3.9120   -0.0168   -0.0134    1.0728  -14.7095 
   5.5241    0.0009    0.0000    0.0000  213.2658    0.2435   -0.8334   -0.0011   -0.1657   -6.0688    0.0000    0.0000    0.0000    0.0560    3.9120   -0.0171    0.0103    1.0774  -13.9771 
   5.5666    0.0009    0.0000    0.0000  213.2621    0.4266    0.4484    0.2430   -0.1657   -6.0688    0.0000    0.0000    0.0000    0.0560    3.9120   -0.0078   -0.0037    1.0767  -13.7939 
   5.6091    0.0009    0.0000    0.0000  213.2592    0.3655   -0.1009   -0.0622   -0.1657   -6.0688    0.0000    0.0000    0.0000    0.0499    3.9120   -0.0237   -0.0095    1.0745  -13.8550 
   5.6516    0.0013    0.0000    0.0000  213.2603   -0.2448   -0.4061   -0.0622   -0.1657   -6.0688    0.0000    0.0000    0.0000    0.0499    3.9120   -0.0330    0.0139    1.0840  -14.4653 
   5.6941    0.0009    0.0000    0.0000  213.2575   -0.6110    0.1432   -0.0011   -0.1657   -6.0688    0.0000    0.0000    0.0000    0.0499    3.9040   -0.0220    0.0002    1.0781  -14.8315 
   5.7366    0.0009    0.0000    0.0000  213.2548   -0.1227   -0.3451   -0.3063   -0.1657   -6.0688    0.0000    0.0000    0.0000    0.0499    3.9120   -0.0251    0.0071    1.0840  -14.3433 
   5.7791    0.0009    0.0000    0.0000  213.2631   -0.0007    0.0211   -0.0011   -0.1657   -6.0688    0.0000    0.0000    0.0000    0.0499    3.9120   -0.0156    0.0032    1.0840  -14.2212 
   5.8216    0.0013    0.0000    0.0000  213.2696    0.4876    0.2653    0.7923   -0.1657   -6.0688    0.0000    0.0000    0.0000    0.0499    3.9120   -0.0225   -0.0061    1.0852  -13.7329 
   5.8641    0.0009    0.0000    0.0000  213.2621    0.4266   -0.1620    0.2430   -0.1657   -6.0688    0.0000    0.0000    0.0000    0.0499    3.9120   -0.0225    0.0002    1.0825  -13.7939 
   5.9066    0.0009    0.0000    0.0000  213.2551    1.2200   -0.0399   -0.5505   -0.1657   -6.0688    0.0000    0.0000    0.0000    0.0499    3.9120   -0.0222    0.0002    1.0850  -13.0005 
   5.9491    0.0009    0.0000    0.0000  213.2514    0.3655   -0.3451   -0.1842   -0.1657   -6.0688    0.0000    0.0000    0.0000    0.0438    3.9120   -0.0193   -0.0078    1.0859  -13.8550 
   5.9916    0.0013    0.0000    0.0000  213.2565   -0.9772   -0.2840   -0.0622   -0.1657   -6.0688    0.0000    0.0000    0.0000    0.0499    3.9120   -0.0100   -0.0007    1.0825  -15.1978 
   6.0341    0.0009    0.0000    0.0000  213.2549    0.4876   -0.1009   -0.1842   -0.1657   -6.0688    0.0000    0.0000    0.0000    0.0499    3.9120   -0.0105    0.0037    1.0837  -13.7329 
   6.0766    0.0009    0.0000    0.0000  213.2558   -0.1227    0.2042    0.4871   -0.1657   -6.0688    0.0000    0.0000    0.0000    0.0499    3.9120   -0.0217    0.0034    1.0881  -14.3433 
   6.1191    0.0009    0.0000    0.0000  213.2610    0.5486    0.2042   -0.0011   -0.1657   -6.0688    0.0000    0.0000    0.0000    0.0438    3.9120   -0.0183    0.0000    1.0842  -13.6719 
   6.1616    0.0013    0.0000    0.0000  213.2547   -0.1838   -0.1009   -1.1608   -0.1657   -6.0688    0.0000    0.0000    0.0000    0.0499    3.9120   -0.0203   -0.0042    1.0835  -14.4043 
   6.2041    0.0009    0.0000    0.0000  213.2545    0.7928    0.0822   -0.5505   -0.1657   -6.0688    0.0000    0.0000    0.0000    0.0499    3.9120   -0.0247    0.0017    1.0818  -13.4277 
   6.2466    0.0009    0.0000    0.0000  213.2483    0.1824   -0.2840   -0.0011   -0.1657   -6.0688    0.0000    0.0000    0.0000    0.0438    3.9200   -0.0168    0.0027    1.0811  -14.0381 
   6.2891    0.0009    0.0000    0.0000  213.2471   -0.0617   -0.1620    0.1209   -0.1657   -6.0688    0.0000    0.0000    0.0000    0.0499    3.9120   -0.0120   -0.0020    1.0842  -14.2822 
   6.3316    0.0013    0.0000    0.0000  213.2563    0.5486    0.2042    0.3040   -0.1657   -6.0688    0.0000    0.0000    0.0000    0.0499    3.9120   -0.0176    0.0085    1.0769  -13.6719 
   6.3741    0.0009    0.0000    0.0000  213.2575   -0.2448   -0.0399   -0.0622   -0.1657   -6.0688    0.0000    0.0000    0.0000    0.0499    3.9200   -0.0208   -0.0010    1.0833  -14.4653 
   6.4166    0.0009    0.0000    0.0000  213.2585    0.0604    0.0822   -0.0622   -0.1657   -6.0688    0.0000    0.0000    0.0000    0.0499    3.9200   -0.0166   -0.0032    1.0813  -14.1602 
   6.4591    0.0010    0.0000    0.0000  213.2534    0.4266    0.1432    0.3040   -0.1657   -6.0688    0.0000    0.0000    0.0000    0.0438    3.9120   -0.0220   -0.0042    1.0884  -13.7939 
   6.5016    0.0013    0.0000    0.0000  213.2491   -0.2448   -0.1620   -0.8556   -0.1657   -6.0688    0.0000    0.0000    0.0000    0.0499    3.9200   -0.0229    0.0071    1.0820  -14.4653 
   6.5441    0.0009    0.0000    0.0000  213.2436    1.2200    0.5094   -0.1842   -0.1657   -6.0688    0.0000    0.0000    0.0000    0.0499    3.9200   -0.0195   -0.0005    1.0840  -13.0005 
   6.5866    0.0009    0.0000    0.0000  213.2424    0.9759    0.2042   -0.5505   -0.1657   -6.0688    0.0000    0.0000    0.0000    0.0499    3.9200   -0.0225    0.0020    1.0906  -13.2446 
   6.6291    0.0009    0.0000    0.0000  213.2441   -0.1838    0.0211   -0.4894   -0.1657   -6.0688    0.0000    0.0000    0.0000    0.0499    3.9120   -0.0176    0.0022    1.0781  -14.4043 
   6.6716    0.0014    0.0000    0.0000  213.2404   -0.8552   -0.2840   -0.0011   -0.1657   -6.0688    0.0000    0.0000    0.0000    0.0499    3.9200   -0.0181   -0.0049    1.0869  -15.0757 
   6.7141    0.0009    0.0000    0.0000  213.2402   -0.0007    0.2042    0.3651   -0.1657   -6.0688    0.0000    0.0000    0.0000    0.0499    3.9120   -0.0171   -0.0017    1.0872  -14.2212 
   6.7566    0.0009    0.0000    0.0000  213.2372    0.6097    0.2653   -0.5505   -0.1657   -6.0688    0.0000    0.0000    0.0000    0.0499    3.9200   -0.0151    0.0029    1.0806  -13.6108 
   6.7991    0.0009    0.0000    0.0000  213.2393   -0.0007   -0.2840   -0.3063   -0.1657   -6.0688    0.0000    0.0000    0.0000    0.0499    3.9120   -0.0188    0.0024    1.0850  -14.2212 
   6.8416    0.0013    0.0000    0.0000  213.2386   -0.4279   -0.0399    0.4871   -0.1657   -6.0688    0.0000    0.0000    0.0000    0.0499    3.9200   -0.0144   -0.0044    1.0884  -14.6484 
   6.8841    0.0009    0.0000    0.0000  213.2399   -0.5500   -0.1009   -0.1842   -0.1657   -6.0688    0.0000    0.0000    0.0000    0.0499    3.9200   -0.0173   -0.0024    1.0837  -14.7705 
   6.9266    0.0009    0.0000    0.0000  213.2381    0.1824    0.0822   -0.1232   -0.1657   -6.0688    0.0000    0.0000    0.0000    0.0499    3.9200   -0.0161   -0.0005    1.0823  -14.0381 
   6.9691    0.0009    0.0000    0.0000  213.2256   -1.1603   -0.1620    0.1209   -0.1657   -6.0688    0.0000    0.0000    0.0000    0.0499    3.9200   -0.0205   -0.0068    1.0891  -15.3809 
   7.0116    0.0013    0.0000    0.0000  213.2333   -0.4890   -0.2840    0.2430   -0.1657   -6.0688    0.0000    0.0000    0.0000    0.0499    3.9200   -0.0168    0.0066    1.0815  -14.7095 
   7.0541    0.0009    0.0000    0.0000  213.2323   -1.0993   -0.1009    0.1820   -0.1657   -6.0688    0.0000    0.0000    0.0000    0.0499    3.9200   -0.0173    0.0034    1.0857  -15.3198 
   7.0966    0.0009    0.0000    0.0000  213.2278    0.2435   -0.1009   -0.2453   -0.1657   -6.0688    0.0000    0.0000    0.0000    0.0499    3.9200   -0.0176    0.0000    1.0833  -13.9771 
   7.1391    0.0009    0.0000    0.0000  213.2264    0.2435   -0.1620    0.0599   -0.1657   -6.0688    0.0000    0.0000    0.0000    0.0499    3.9200   -0.0183   -0.0002    1.0925  -13.9771 
   7.1816    0.0013    0.0000    0.0000  213.2283    0.0604    0.0822   -0.4284   -0.1657   -6.0688    0.0000    0.0000    0.0000    0.0499    3.9200   -0.0242   -0.0002    1.0889  -14.1602 
   7.2241    0.0009    0.0000    0.0000  213.2227   -0.0007   -0.1620   -0.2453   -0.1657   -6.0688    0.0000    0.0000    0.0000    0.0499    3.9200   -0.0247   -0.0061    1.0891  -14.2212 
   7.2666    0.0009    0.0000    0.0000  213.2220   -0.2448    0.1432   -0.3063   -0.1657   -6.0688    0.0000    0.0000    0.0000    0.0499    3.9200   -0.0186   -0.0049    1.0898  -14.4653 
   7.3091    0.0009    0.0000    0.0000  213.2171   -0.3059    0.2042    0.1820   -0.1657   -6.0688    0.0000    0.0000    0.0000    0.0499    3.9200   -0.0234    0.0000    1.0872  -14.5264 
   7.3516    0.0013    0.0000    0.0000  213.2173   -0.1227   -0.0399   -0.5505   -0.1657   -6.0688    0.0000    0.0000    0.0000    0.0499    3.9200   -0.0190    0.0032    1.0957  -14.3433 
   7.3941    0.0009    0.0000    0.0000  213.2200    0.2435    0.3873    0.4261   -0.1657   -6.0688    0.0000    0.0000    0.0000    0.0438    3.9200   -0.0215    0.0020    1.0867  -13.9771 
   7.4366    0.0009    0.0000    0.0000  213.2223    0.1824    0.1432    0.1820   -0.1657   -6.0688    0.0000    0.0000    0.0000    0.0438    3.9200   -0.0127   -0.0012    1.0811  -14.0381 
   7.4791    0.0009    0.0000    0.0000  213.2233   -1.2214   -0.2840    0.3651   -0.1657   -6.0688    0.0000    0.0000    0.0000    0.0499    3.9120   -0.0190    0.0051    1.0847  -15.4419 
   7.5216    0.0014    0.0000    0.0000  213.2304   -0.6721   -0.1009    0.3040   -0.1657   -6.0688    0.0000    0.0000    0.0000    0.0499    3.9200   -0.0200   -0.0056    1.0916  -14.8926 
   7.5641    0.0010    0.0000    0.0000  213.2415   -0.4279    0.0211    0.1209   -0.1657   -6.0688    0.0000    0.0000    0.0000    0.0499    3.9200   -0.0176    0.0015    1.0850  -14.6484 
   7.6066    0.0009    0.0000    0.0000  213.2391   -0.3669   -0.2230   -0.4284   -0.1657   -6.0688    0.0000    0.0000    0.0000    0.0499    3.9200   -0.0222    0.0078    1.0874  -14.5874 
   7.6491    0.0009    0.0000    0.0000  213.2450   -0.6110   -0.1009    0.3651   -0.1657   -6.0688    0.0000    0.0000    0.0000    0.0499    3.9200   -0.0166    0.0007    1.0854  -14.8315 
   7.6916    0.0013    0.0000    0.0000  213.2494    0.1824    0.0822    0.3040   -0.1657   -6.0688    0.0000    0.0000    0.0000    0.0499    3.9200   -0.0176    0.0051    1.0930  -14.0381 
   7.7341    0.0009    0.0000    0.0000  213.2573    0.1214   -0.0399    0.3040   -0.1657   -6.0688    0.0000    0.0000    0.0000    0.0438    3.9200   -0.0210   -0.0007    1.0847  -14.0991 
   7.7766    0.0009    0.0000    0.0000  213.2601   -0.3059   -0.1620    0.7313   -0.1657   -6.0688    0.0000    0.0000    0.0000    0.0499    3.9200   -0.0166    0.0002    1.0869  -14.5264 
   7.8191    0.0009    0.0000    0.0000  213.2723   -0.1838   -0.1009    0.1209   -0.1657   -6.0688    0.0000    0.0000    0.0000    0.0499    3.9200   -0.0146   -0.0068    1.0872  -14.4043 
   7.8616    0.0014    0.0000    0.0000  213.2692    0.3655   -0.2840   -0.0011   -0.1657   -6.0688    0.0000    0.0000    0.0000    0.0499    3.9200   -0.0254   -0.0022    1.0874    0.0000 
   7.9041    0.0009    0.0000    0.0000  213.2811    0.2435   -0.7113   -0.2453   -0.1657   -6.0688    0.0000    0.0000    0.0000    0.0438    3.9200   -0.0203    0.0017    1.0876  -13.9771 
   7.9466    0.0009    0.0000    0.0000  213.2815   -0.4890    0.3873    0.1209   -0.1657   -6.0688    0.0000    0.0000    0.0000    0.0499    3.9200   -0.0125    0.0005    1.0889  -14.7095 
   7.9891    0.0009    0.0000    0.0000  213.2734    0.1214   -0.1009   -2.0763   -0.1657   -6.0688    0.0000    0.0000    0.0000    0.0499    3.9200   -0.0142   -0.0022    1.0920  -14.0991 
   8.0316    0.0013    0.0000    0.0000  213.2458   -0.7331    0.9367   -0.6725   -0.1657   -6.0688    0.0000    0.0000    0.0000    0.0499    3.9200   -0.0193   -0.0015    1.0854  -14.9536 
   8.0741    0.0009    0.0000    0.0000  213.1739   -0.0617    0.5094   -3.2970   -0.1657   -6.0688    0.0000    0.0000    0.0000    0.0499    3.9200    0.0029    0.0071    1.0806  -14.2822 
   8.1166    0.0009    0.0000    0.0000  212.3177    0.3655  -16.3363  -30.5798   -0.1657   -6.0688    0.0000    0.0000    0.0000    0.0499    3.9200   -0.0090    0.0554    1.0881  -13.8550 
   8.1591    0.0009    0.0000    0.0000  211.9219   22.3992   25.6559   20.8118   -0.1657   -6.0688    0.0000    0.0000    0.0000    0.0499    3.9200   -0.2441    0.0298    1.4338    8.1787 
   8.2016    0.0013    0.0000    0.0000  216.1289   42.4798   63.7418  135.4969   -0.1657   -6.0688    0.0000    0.0000    0.0000    0.0499    3.9200   -0.1062   -0.0305    1.2629    0.0000 
   8.2441    0.0009    0.0000    0.0000  217.7321   16.9671  -10.1107  -57.0690   -0.1657   -6.0688    0.0000    0.0000    0.0000    0.0499    3.9200    0.0190    0.0708    1.3962    2.7466 
   8.2866    0.0009    0.0000    0.0000  215.7544    4.3328    4.9650    6.8348   -0.1657   -6.0688    0.0000    0.0000    0.0000    0.0499    3.9200   -0.2366   -0.0381    1.4233    0.0000 
   8.3291    0.0009    0.0000    0.0000  218.1035  -11.5363  -17.9842   76.4149   -0.1657   -6.0688    0.0000    0.0000    0.0000    0.0499    3.9200   -0.1797    0.0676    1.4189  -25.7568 
   8.3716    0.0013    0.0000    0.0000  219.0440  -20.9357  -65.5917  -44.5568   -0.1657   -6.0688    0.0000    0.0000    0.0000    0.0499    3.9200   -0.2131   -0.0132    1.3857    0.0000 
   8.4141    0.0009    0.0000    0.0000  217.2995  -13.3063  -46.0604    7.4451   -0.1657   -6.0688    0.0000    0.0000    0.0000    0.0438    3.9200   -0.2300   -0.1406    1.4229  -27.5269 
   8.4566    0.0009    0.0000    0.0000  219.0847  -15.4426  -44.4735    2.5013   -0.1657   -6.0688    0.0000    0.0000    0.0000    0.0438    3.9200   -0.1521   -0.0759    1.3347    0.0000 
   8.4991    0.0009    0.0000    0.0000  215.3913   32.5311  -51.0043 -123.8415   -0.1657   -6.0688    0.0000    0.0000    0.0000    0.0499    3.9200   -0.3025   -0.0874    1.2502   18.3105 
   8.5416    0.0013    0.0000    0.0000  211.9908   27.4651  -26.2850  -33.8757   -0.1657   -6.0688    0.0000    0.0000    0.0000    0.0499    3.9200   -0.2773    0.0471    1.2136   13.2446 
   8.5841    0.0009    0.0000    0.0000  210.4335   -6.0432  -57.0467  -66.5295   -0.1657   -6.0688    0.0000    0.0000    0.0000    0.0499    3.9200   -0.1194    0.0847    1.1602  -20.2637 
   8.6266    0.0010    0.0000    0.0000  206.5633    1.8914  -53.3846 -107.0568   -0.1657   -6.0688    0.0000    0.0000    0.0000    0.0499    3.9200   -0.1721   -0.1069    0.9561  -12.3291 
   8.6691    0.0009    0.0000    0.0000  202.7504    6.2249  -39.5907  -79.4079   -0.1657   -6.0688    0.0000    0.0000    0.0000    0.0499    3.9200   -0.0256   -0.0183    0.9458   -7.9956 
   8.7116 4294.9312   -1.2914    0.9250  197.9038  -10.1935  -22.0736 -153.9318   -5.6077  -13.9324   -0.0000   -0.0000  150.4814    1.0000    3.9200   -0.0896   -0.0374    0.8542    0.0000 
   8.7541 4294.8887   -2.8681    2.5513  192.9280  -13.5505   -9.4393  -77.8820   -5.6077  -13.9324   -0.0000   -0.0000  150.4814    1.0000    3.9280   -0.0933    0.0725    0.8135  -27.7710 
   8.7966 4294.8457   -3.1914    3.1664  189.9039  -28.6872   15.2189  -90.0890   -5.6077  -13.9324   -0.0000   -0.0000  150.4814    1.0000    3.9200   -0.1348   -0.0586    0.8174    0.0000 
   8.8391 4294.8032   -2.9437    5.3742  184.8805    2.3797   16.8058 -140.8703   -5.6077  -13.9324   -0.0000   -0.0000  150.4814    1.0000    3.9200   -0.1082    0.0959    0.8945  -11.8408 
   8.8816 4294.7607   -4.4974    5.8350  179.4633  -19.2268   29.9284 -104.3713   -5.6077  -13.9324   -0.0000   -0.0000  150.4814    1.0000    3.9200   -0.2371    0.0708    1.0156    0.0000 
   8.9241 4294.7183   -5.9807    4.5276  175.8233  -23.1940   14.9137 -109.4372   -5.6077  -13.9324   -0.0000   -0.0000  150.4814    1.0000    3.9200   -0.2031    0.0906    1.0381  -37.4146 
   8.9666 4294.6758   -6.4421    4.0167  172.1944    6.7132   23.8248  -49.3786   -5.6077  -13.9324   -0.0000   -0.0000  150.4814    1.0000    3.9280   -0.3062    0.1663    0.9648    0.0000 
   9.0091 4294.6333   -7.2629    2.3327  171.4600  -39.7346   13.5099  -33.3874   -5.6077  -13.9324   -0.0000   -0.0000  150.4814    1.0000    3.9200   -0.2334    0.1255    0.9348  -53.9551 
   9.0516 4294.5908   -7.3400    1.8250  168.7433  -11.9636    7.9557 -101.6857   -5.6077  -13.9324   -0.0000   -0.0000  150.4814    1.0000    3.9280   -0.2610    0.0610    0.8945    0.0000 
   9.0941 4294.5483   -7.1764    0.7256  165.6459   10.9246    5.3922  -47.1203   -5.6077  -13.9324   -0.0000   -0.0000  150.4814    1.0000    3.9280   -0.2183    0.1396    0.8977   -3.2959 
   9.1366 4294.5059   -8.4358    2.6222  163.8952   -9.1560    1.1808  -38.8195   -5.6077  -13.9324   -0.0000   -0.0000  150.4814    1.0000    3.9200   -0.1426    0.1707    0.9661    0.0000 
   9.1791 4294.4634  -10.4332    3.6001  160.2036   -0.7941   15.4630 -127.8088   -5.6077  -13.9324   -0.0000   -0.0000  150.4814    1.0000    3.9200   -0.2537    0.1453    0.9727  -15.0146 
   9.2216 4294.4209  -10.2204    2.6690  156.6998   24.1082    9.0543  -43.6413   -5.6077  -13.9324   -0.0000   -0.0000  150.4814    1.0000    3.9200   -0.2659    0.2192    0.9497    0.0000 
   9.2641 4294.3784  -11.7109    3.3148  155.4701  -25.2692    2.8898  -45.5334   -5.6077  -13.9324   -0.0000   -0.0000  150.4814    1.0000    3.9280   -0.1917    0.1836    0.9844  -39.4897 
   9.3066 4294.3359  -12.3922    2.7668  152.2873   23.9861    9.4816  -91.9811   -5.6077  -13.9324   -0.0000   -0.0000  150.4814    1.0000    3.9280   -0.3245    0.3164    0.9902    0.0000 
   9.3491 4294.2935  -13.7989    1.1091  150.1099  -16.2360  -11.8807  -30.5798   -5.6077  -13.9324   -0.0000   -0.0000  150.4814    1.0000    3.9280   -0.2185    0.2520    0.9814  -30.4565 
   9.3916 4294.2510  -14.4225    3.2428  147.9450    4.0276   17.9655  -75.6847   -5.6077  -13.9324   -0.0000   -0.0000  150.4814    1.0000    3.9200   -0.1838    0.3171    1.0261    0.0000 
   9.4341 4294.2085  -16.8282    4.4409  143.8748    3.2952   24.0079  -93.9953   -5.6077  -13.9324   -0.0000   -0.0000  150.4814    1.0000    3.9280   -0.2605    0.4434    1.0691  -10.9253 
   9.4766 4294.1660  -19.3025    4.2225  141.3681  -28.1989   11.3126  -54.0783   -5.6077  -13.9324   -0.0000   -0.0000  150.4814    1.0000    3.9280   -0.2529    0.4314    1.1003    0.0000 
   9.5191 4294.1235  -22.4866    2.9234  140.6012  -44.9836  -11.8197  -29.0539   -5.6077  -13.9324   -0.0000   -0.0000  150.4814    1.0000    3.9280   -0.2063    0.4211    0.9868  -59.2041 
   9.5616 4294.0811  -23.0389    1.9654  139.8445  -59.8151  -29.0316  -35.3405   -5.6077  -13.9324   -0.0000   -0.0000  150.4814    1.0000    3.9280   -0.1511    0.1968    0.9431    0.0000 
   9.6041 4294.0386  -22.7244    2.0562  138.0376   -8.2404  -26.3461  -45.6554   -5.6077  -13.9324   -0.0000   -0.0000  150.4814    1.0000    3.9200   -0.1096    0.2458    0.9380  -22.4609 
   9.6466 4293.9961  -22.0315    3.6373  133.8814  -19.4099  -35.0130 -111.6955   -5.6077  -13.9324   -0.0000   -0.0000  150.4814    1.0000    3.9280   -0.1152    0.3438    1.0042    0.0000 
   9.6891 4293.9536  -21.5193    4.9043  129.0528  -10.8039  -39.2855  -76.2951   -5.6077  -13.9324   -0.0000   -0.0000  150.4814    1.0000    3.9200   -0.0833    0.2646    1.0010  -25.0244 
   9.7316 4293.9111  -20.8499    5.8687  124.6143   -5.5549  -57.4129 -107.8503   -5.6077  -13.9324   -0.0000   -0.0000  150.4814    1.0000    3.9280   -0.0085    0.3508    1.0256  -19.7754 
   9.7741 4293.8687  -21.3760    8.3511  117.8717  -18.6164  -44.5345 -134.9499   -5.6077  -13.9324   -0.0000   -0.0000  150.4814    1.0000    3.9280    0.0198    0.3508    1.0374  -32.8369 
   9.8166 4293.8262  -21.0644    9.2469  111.9884  -29.6027  -41.7269 -126.6491   -5.6077  -13.9324   -0.0000   -0.0000  150.4814    1.0000    3.9280   -0.0989    0.1921    0.9648    0.0000 
   9.8591 4293.7832  -20.2048    8.0924  105.9787   -8.4235  -60.0375 -151.0631   -5.6077  -13.9324   -0.0000   -0.0000  150.4814    1.0000    3.9280   -0.1692    0.3042    1.0012  -22.6440 
   9.9016 4293.7407  -19.1965    6.5525  100.8364  -17.7619  -61.5633  -98.5119   -5.6077  -13.9324   -0.0000   -0.0000  150.4814    1.0000    3.9280   -0.1116    0.2378    0.9565    0.0000 
   9.9441 4293.6982  -18.8229    4.2923   95.8908    5.3094  -51.8587 -151.1242   -5.6077  -13.9324   -0.0000   -0.0000  150.4814    1.0000    3.9280   -0.1785    0.3413    0.9739   -8.9111 
   9.9866 4293.6558  -20.9657    2.6001   89.2991   -2.1979  -67.6669 -143.6169   -5.6077  -13.9324   -0.0000   -0.0000  150.4814    1.0000    3.9200   -0.1558    0.4224    0.9695  -16.4185 
  10.0291 4293.6133  -22.8290    3.8282   83.4714  -23.8654  -68.2772  -85.1452   -5.6077  -13.9324   -0.0000   -0.0000  150.4814    1.0000    3.9280   -0.0566    0.3928    0.9309  -38.0859 
  10.0716 4293.5708  -24.5169    5.6362   77.4488   -6.8366  -66.3241 -146.1803   -5.6077  -13.9324   -0.0000   -0.0000  150.4814    1.0000    3.9200   -0.0842    0.4397    0.9258    0.0000 
  10.1141 4293.5283  -27.0551    4.9997   71.0931  -17.3347  -61.8075 -125.9166   -5.6077  -13.9324   -0.0000   -0.0000  150.4814    1.0000    3.9280   -0.2051    0.4917    0.9824  -31.5552 
  10.1566 4293.4858  -26.9436    2.5022   67.6054  -22.7058  -84.3905  -83.3752   -5.6077  -13.9324   -0.0000   -0.0000  150.4814    1.0000    3.9200   -0.1970    0.4045    1.0701    0.0000 
  10.1991 4293.4434  -26.3250    1.6865   62.1619    2.0745  -65.7137 -146.6076   -5.6077  -13.9324   -0.0000   -0.0000  150.4814    1.0000    3.9280   -0.3291    0.3167    1.1846  -12.1460 
  10.2416 4293.4009  -25.7944    0.3508   55.7917   43.8226  -83.5970 -118.9587   -5.6077  -13.9324   -0.0000   -0.0000  150.4814    1.0000    3.9280   -0.2671    0.6055    1.1562    0.0000 
  10.2841 4293.3584  -25.1508    0.2692   50.6574  -18.3723  -63.6996 -120.5456   -5.6077  -13.9324   -0.0000   -0.0000  150.4814    1.0000    3.9200   -0.1963    0.3701    1.0100  -32.5928 
  10.3266 4293.3159  -24.4456    3.0816   41.4697   34.4231  -44.3514 -209.7790   -5.6077  -13.9324   -0.0000   -0.0000  150.4814    1.0000    3.9280   -0.1838    0.4758    0.9834    0.0000 
  10.3691 4293.2734  -25.2359    4.6324   33.5754  -14.1608  -58.8778 -105.2868   -5.6077  -13.9324   -0.0000   -0.0000  150.4814    1.0000    3.9200   -0.1477    0.5056    1.0698  -28.3813 
  10.4116 4293.2310  -27.2141    7.1754   27.7864  -11.5974  -33.8534 -131.6540   -5.6077  -13.9324   -0.0000   -0.0000  150.4814    1.0000    3.9280   -0.0801    0.5171    0.9375    0.0000 
  10.4541 4293.1885  -28.4983    9.9667   20.3911  -13.1843  -32.2665 -126.8322   -5.6077  -13.9324   -0.0000   -0.0000  150.4814    1.0000    3.9280   -0.0413    0.5220    0.9158  -27.4048 
  10.4966 4293.1460  -30.1206   12.6150   15.8525  -46.8757  -33.3041  -23.0114   -5.6077  -13.9324   -0.0000   -0.0000  150.4814    1.0000    3.9280    0.0264    0.4124    0.8035  -61.0962 
  10.5391 4293.1035  -29.8611   11.7893   15.3132  -28.6262  -26.1019  -19.4103   -5.6077  -13.9324   -0.0000   -0.0000  150.4814    1.0000    3.9280   -0.0347    0.3396    0.7834  -42.8467 
  10.5816 4293.0610  -30.6701   13.8870   12.2630  -28.2600   -1.5047  -45.2892   -5.6077  -13.9324   -0.0000   -0.0000  150.4814    1.0000    3.9280    0.0554    0.4187    0.8638    0.0000 
  10.6241 4293.0186  -30.6628   13.1108   13.0748  -35.0959    5.1481   28.2581   -5.6077  -13.9324   -0.0000   -0.0000  150.4814    1.0000    3.9280   -0.1187    0.4277    1.0129  -49.3164 
  10.6666 4292.9761  -29.6841   12.5043   13.0570  -46.0822    0.1432   -4.4567   -5.6077  -13.9324   -0.0000   -0.0000  150.4814    1.0000    3.9200   -0.0122    0.5125    1.0969    0.0000 
  10.7091 4292.9336  -30.1834   11.2456   15.4530  -34.7907   13.2658   64.5741   -5.6077  -13.9324   -0.0000   -0.0000  150.4814    1.0000    3.9280   -0.2585    0.1558    1.1418  -49.0112 
  10.7516 4292.8911  -27.4965   10.8142   17.1965   50.9637   -0.6503   26.1219   -5.6077  -13.9324   -0.0000   -0.0000  150.4814    1.0000    3.9200    0.0574    0.7163    1.2334    0.0000 
  10.7941 4292.8486  -27.8521   11.8419   19.0323  -62.4396   11.3126   83.7391   -5.6077  -13.9324   -0.0000   -0.0000  150.4814    1.0000    3.9280    0.0693    0.3938    0.9360  -76.6602 
  10.8366 4292.8062  -27.0389   12.6348   20.7842   12.3284   27.6701   10.2528   -5.6077  -13.9324   -0.0000   -0.0000  150.4814    1.0000    3.9280    0.0347    0.3389    0.8550    0.0000 
  10.8791 4292.7637  -26.8746   15.5528   20.3833   -2.3200   17.9044   39.9159   -5.6077  -13.9324   -0.0000   -0.0000  150.4814    1.0000    3.9200    0.1292    0.5000    0.8501  -16.5405 
  10.9216 4292.7207  -29.6428   14.7497   23.8392  -30.4572   27.8532   72.3255   -5.6077  -13.9324   -0.0000   -0.0000  150.4814    1.0000    3.9280   -0.0474    0.4731    0.7900    0.0000 
  10.9641 4292.6782  -31.3783   11.8755   28.3839  -25.5744   35.0553   60.9119   -5.6077  -13.9324   -0.0000   -0.0000  150.4814    1.0000    3.9200   -0.1196    0.4880    0.7524  -39.7949 
  11.0066 4292.6357  -32.2241    8.6758   33.0182  -18.3112   26.7545   61.2782   -5.6077  -13.9324   -0.0000   -0.0000  150.4814    1.0000    3.9280   -0.1855    0.4695    0.7393    0.0000 
  11.0491 4292.5933  -33.5021    5.7209   37.2632   -5.8601   14.1813   59.1419   -5.6077  -13.9324   -0.0000   -0.0000  150.4814    1.0000    3.9280   -0.1011    0.5183    0.7285  -20.0806 
  11.0916 4292.5508  -34.9875    5.1170   39.6154   17.9437   17.1720   30.3944   -5.6077  -13.9324   -0.0000   -0.0000  150.4814    1.0000    3.9280   -0.1416    0.7791    0.7776    0.0000 
  11.1341 4292.5083  -36.4977    3.8685   41.1647  -11.5363    8.4440   16.9056   -5.6077  -13.9324   -0.0000   -0.0000  150.4814    1.0000    3.9280   -0.2502    0.6868    0.7756  -25.7568 
  11.1766 4292.4658  -37.6325    1.5311   43.0858   14.3426   -6.4486   -5.4333   -5.6077  -13.9324   -0.0000   -0.0000  150.4814    1.0000    3.9280   -0.2371    0.8281    0.8921    0.1221 
  11.2191 4292.4233  -36.7146    1.0477   42.4858    3.2342   -3.6410  -19.7155   -5.6077  -13.9324   -0.0000   -0.0000  150.4814    1.0000    3.9280   -0.2234    0.4912    0.9941  -10.9863 
  11.2616 4292.3809  -32.8195    1.6455   41.3621   72.4481   -2.9086  -13.9782   -5.6077  -13.9324   -0.0000   -0.0000  150.4814    1.0000    3.9280   -0.2285    0.7019    1.1519    0.0000 
  11.3041 4292.3384  -31.0261    2.4295   39.5600   40.4046   18.6369  -46.8151   -5.6077  -13.9324   -0.0000   -0.0000  150.4814    1.0000    3.9200   -0.2529    0.7151    1.1438   26.1841 
  11.3466 4292.2959  -30.0100    1.6146   38.6180   26.3665    5.5753  -26.0632   -5.6077  -13.9324   -0.0000   -0.0000  150.4814    1.0000    3.9280   -0.2231    0.5942    0.9712    0.0000 
  11.3891 4292.2534  -30.2147    3.4679   37.1360    5.0042   -7.8524    6.8348   -5.6077  -13.9324   -0.0000   -0.0000  150.4814    1.0000    3.9280   -0.0505    0.5237    0.8391   -9.2163 
  11.4316 4292.2109  -30.5085    6.1445   35.7763  -18.4333    6.8571  -14.7106   -5.6077  -13.9324   -0.0000   -0.0000  150.4814    1.0000    3.9200    0.0103    0.3992    0.7991  -32.6538 
  11.4741 4292.1685  -29.2633    8.3324   34.2996    2.0135   21.5055  -22.2179   -5.6077  -13.9324   -0.0000   -0.0000  150.4814    1.0000    3.9280   -0.0881    0.3677    0.8105  -12.2070 
  11.5166 4292.1260  -29.0676    7.6007   34.7621   -1.5876   13.2047    8.4217   -5.6077  -13.9324   -0.0000   -0.0000  150.4814    1.0000    3.9200   -0.1042    0.5701    0.8923    0.0000 
  11.5591 4292.0835  -30.2274    9.1076   35.4584  -30.8845   10.3971   55.7240   -5.6077  -13.9324   -0.0000   -0.0000  150.4814    1.0000    3.9280   -0.0071    0.4509    0.8162  -45.1050 
  11.6016 4292.0410  -29.8766    9.3310   37.3129   -6.2263   39.8771    6.3465   -5.6077  -13.9324   -0.0000   -0.0000  150.4814    1.0000    3.9200   -0.1155    0.5532    0.9419    0.0000 
  11.6441 4291.9985  -29.8028    8.2412   38.7134   -9.8884   33.7736   18.7977   -5.6077  -13.9324   -0.0000   -0.0000  150.4814    1.0000    3.9280   -0.1392    0.5503    0.9895  -24.1089 
  11.6866 4291.9561  -28.6856    8.5813   41.3556  -26.2458   40.4264   73.4241   -5.6077  -13.9324   -0.0000   -0.0000  150.4814    1.0000    3.9280   -0.0598    0.4434    1.0637    0.0000 
  11.7291 4291.9136  -26.9546    7.6569   44.8897   29.8455   27.7921   42.4183   -5.6077  -13.9324   -0.0000   -0.0000  150.4814    1.0000    3.9200   -0.2051    0.6096    1.1611   15.6250 
  11.7716 4291.8711  -27.1478    7.4518   47.3118  -11.9025   10.8854   87.0960   -5.6077  -13.9324   -0.0000   -0.0000  150.4814    1.0000    3.9280   -0.0686    0.5586    1.0376    0.0000 
  11.8141 4291.8286  -26.1714    6.9625   51.1196   -7.6911   21.0783   54.5033   -5.6077  -13.9324   -0.0000   -0.0000  150.4814    1.0000    3.9280   -0.1094    0.3105    0.9380  -21.9116 
  11.8566 4291.7861  -25.1751    9.0404   51.1352   23.3758   15.4630    2.0130   -5.6077  -13.9324   -0.0000   -0.0000  150.4814    1.0000    3.9280   -0.0061    0.5024    0.8782    0.0000 
  11.8991 4291.7437  -26.8861   10.0509   52.9504  -21.1188   11.8009   93.9930   -5.6077  -13.9324   -0.0000   -0.0000  150.4814    1.0000    3.9200    0.0315    0.4670    0.7114  -35.3394 
  11.9416 4291.7012  -29.6005   10.5561   56.2948  -27.3444   21.9938   59.8743   -5.6077  -13.9324   -0.0000   -0.0000  150.4814    1.0000    3.9280   -0.0059    0.3950    0.6428    0.0000 
  11.9841 4291.6582  -30.2783    9.8080   58.1714   19.1644   41.0368   -0.9777   -5.6077  -13.9324   -0.0000   -0.0000  150.4814    1.0000    3.9200   -0.1831    0.4712    0.6460    4.9438 
  12.0266 4291.6157  -30.8641    9.1765   59.3389   15.3191   10.0309   27.7699   -5.6077  -13.9324   -0.0000   -0.0000  150.4814    1.0000    3.9280   -0.1340    0.7371    0.8247    0.0000 
  12.0691 4291.5732  -33.0049    6.1714   63.0488   -2.6252    2.4015   50.2918   -5.6077  -13.9324   -0.0000   -0.0000  150.4814    1.0000    3.9200   -0.1741    0.6626    0.7971  -16.8457 
  12.1116 4291.5308  -34.1404    4.9130   63.9658   18.7371   -1.5658  -14.2223   -5.6077  -13.9324   -0.0000   -0.0000  150.4814    1.0000    3.9280   -0.1443    0.8054    0.9275    0.0000 
  12.1541 4291.4883  -35.7967    5.0009   63.7628  -22.1564  -11.5145   10.9852   -5.6077  -13.9324   -0.0000   -0.0000  150.4814    1.0000    3.9280   -0.1226    0.6223    0.9270  -36.3770 
  12.1966 4291.4458  -33.9152    5.0311   63.5020   22.9485    1.3029  -18.2507   -5.6077  -13.9324   -0.0000   -0.0000  150.4814    1.0000    3.9280   -0.1689    0.4385    1.1382    0.0000 
  12.2391 4291.4033  -31.2317    5.6203   61.5937   66.9549    6.6129  -54.6276   -5.6077  -13.9324   -0.0000   -0.0000  150.4814    1.0000    3.9280   -0.1687    0.7546    1.1814   52.7344 
  12.2816 4291.3608  -28.9409    5.2866   60.4407   10.9856   -2.6034  -12.9406   -5.6077  -13.9324   -0.0000   -0.0000  150.4814    1.0000    3.9280   -0.2004    0.4214    1.0088    0.0000 
  12.3241 4291.3184  -26.5484    5.8970   58.8701   57.3724   -0.4671  -52.3083   -5.6077  -13.9324   -0.0000   -0.0000  150.4814    1.0000    3.9280   -0.1206    0.6040    1.0557   43.1519 
  12.3666 4291.2759  -27.4030    8.1461   55.8679    4.5770   -5.2889  -20.6921   -5.6077  -13.9324   -0.0000   -0.0000  150.4814    1.0000    3.9280   -0.0574    0.5430    0.9341    0.0000 
  12.4091 4291.2334  -26.8297    9.2424   55.6133   -9.2170   -0.3451   -1.4049   -5.6077  -13.9324   -0.0000   -0.0000  150.4814    1.0000    3.9280   -0.0679    0.4031    0.8496  -23.4375 
  12.4516 4291.1909  -26.0017   10.5547   54.0571  -14.2219   17.7213  -46.8151   -5.6077  -13.9324   -0.0000   -0.0000  150.4814    1.0000    3.9280   -0.0562    0.4124    0.9126    0.0000 
  12.4941 4291.1484  -25.0678   10.5917   53.4342  -15.9309   18.2096   -2.1374   -5.6077  -13.9324   -0.0000   -0.0000  150.4814    1.0000    3.9280   -0.1089    0.3323    0.8655  -30.1514 
  12.5366 4291.1060  -26.0729   10.0384   54.3525  -16.6022   14.7306   13.0604   -5.6077  -13.9324   -0.0000   -0.0000  150.4814    1.0000    3.9280   -0.0408    0.4897    0.9365    0.0000 
  12.5791 4291.0635  -25.5358   10.1655   55.0491  -23.0109   28.8297    2.0741   -5.6077  -13.9324   -0.0000   -0.0000  150.4814    1.0000    3.9280   -0.1343    0.3250    0.9719  -37.2314 
  12.6216 4291.0210  -25.4591   10.6792   55.3541    2.1356   21.2003   12.2669   -5.6077  -13.9324   -0.0000   -0.0000  150.4814    1.0000    3.9280   -0.0090    0.4954    1.0610    0.0000 
  12.6641 4290.9785  -24.2702   10.8049   57.2492  -15.9309   21.8717   47.5452   -5.6077  -13.9324   -0.0000   -0.0000  150.4814    1.0000    3.9280   -0.1333    0.2454    1.1296  -30.1514 
  12.7066 4290.9360  -23.0978    9.7210   59.1684   54.6258   -1.0775   39.6717   -5.6077  -13.9324   -0.0000   -0.0000  150.4814    1.0000    3.9280   -0.0205    0.6792    1.0889    0.0000 
  12.7491 4290.8936  -23.8730   10.0906   61.7178  -31.3117    5.9415   63.7196   -5.6077  -13.9324   -0.0000   -0.0000  150.4814    1.0000    3.9280    0.0017    0.3164    0.9749  -45.5322 
  12.7916 4290.8511  -22.9018   11.8718   61.8280   35.1556   20.1017  -28.6877   -5.6077  -13.9324   -0.0000   -0.0000  150.4814    1.0000    3.9280   -0.0125    0.4880    1.0576    0.0000 
  12.8341 4290.8086  -24.5865   13.1463   61.5310  -15.2595    0.3873   51.8177   -5.6077  -13.9324   -0.0000   -0.0000  150.4814    1.0000    3.9280    0.0481    0.4995    0.9412  -29.4800 
  12.8766 4290.7661  -26.4647   14.3506   63.3416  -19.9592    5.6974   44.1273   -5.6077  -13.9324   -0.0000   -0.0000  150.4814    1.0000    3.9280    0.1108    0.3828    0.7576    0.0000 
  12.9191 4290.7236  -27.6368   16.7236   63.1872    4.6990   23.6417   -2.7477   -5.6077  -13.9324   -0.0000   -0.0000  150.4814    1.0000    3.9280    0.0557    0.4871    0.7710   -9.5215 
  12.9616 4290.6812  -29.4048   16.0279   63.9699  -10.0104   14.3034   15.5628   -5.6077  -13.9324   -0.0000   -0.0000  150.4814    1.0000    3.9280   -0.0244    0.4866    0.8213    0.0000 
  13.0041 4290.6387  -30.7480   13.5471   66.4797   -0.8552    7.3454   28.4412   -5.6077  -13.9324   -0.0000   -0.0000  150.4814    1.0000    3.9280   -0.0217    0.5952    0.9001  -15.0757 
  13.0466 4290.5957  -33.3018   13.1525   67.4555  -22.0344    7.3454   12.9993   -5.6077  -13.9324   -0.0000   -0.0000  150.4814    1.0000    3.9280   -0.0117    0.6152    0.9075  -36.2549 
  13.0891 4290.5532  -32.8270   10.7846   69.6758  -11.6584    0.9977   17.9432   -5.6077  -13.9324   -0.0000   -0.0000  150.4814    1.0000    3.9280   -0.0537    0.5674    0.8884  -25.8789 
  13.1316 4290.5107  -33.4755   12.1330   68.9894  -17.7619   -1.9320   -9.4616   -5.6077  -13.9324   -0.0000   -0.0000  150.4814    1.0000    3.9280    0.0508    0.5813    1.0100    0.0000 
  13.1741 4290.4683  -32.4772   12.6370   68.6413    2.9290    9.7257    3.1117   -5.6077  -13.9324   -0.0000   -0.0000  150.4814    1.0000    3.9280   -0.1301    0.4565    1.0994  -11.2915 
  13.2166 4290.4258  -30.6450   10.7240   69.6059   32.4700   -1.9930   -5.1281   -5.6077  -13.9324   -0.0000   -0.0000  150.4814    1.0000    3.9280   -0.0847    0.6987    1.0979    0.0000 
  13.2591 4290.3833  -28.8695    9.8874   70.0935    2.6238    9.4816   -5.4943   -5.6077  -13.9324   -0.0000   -0.0000  150.4814    1.0000    3.9280   -0.0859    0.4250    1.0217  -11.5967 
  13.3016 4290.3408  -27.2795   10.5102   68.8289   42.1746   15.4020  -44.1906   -5.6077  -13.9324   -0.0000   -0.0000  150.4814    1.0000    3.9280   -0.0754    0.6182    1.0442    0.0000 
  13.3441 4290.2983  -28.7970   11.3508   68.0614  -14.5270    0.4484   14.7083   -5.6077  -13.9324   -0.0000   -0.0000  150.4814    1.0000    3.9280    0.0015    0.5425    0.9546  -28.7476 
  13.3866 4290.2559  -28.2644   13.4391   67.6433  -11.9025   13.5709   -0.2453   -5.6077  -13.9324   -0.0000   -0.0000  150.4814    1.0000    3.9280    0.0649    0.4097    0.8838    0.0000 
  13.4291 4290.2134  -26.5673   15.9574   66.1614   -6.7145   25.9611  -20.6310   -5.6077  -13.9324   -0.0000   -0.0000  150.4814    1.0000    3.9280    0.0146    0.3970    0.8525  -20.9351 
  13.4716 4290.1709  -25.6023   14.8442   67.1720  -12.2687   16.7448   23.9246   -5.6077  -13.9324   -0.0000   -0.0000  150.4814    1.0000    3.9280   -0.0225    0.4058    0.8918    0.0000 
  13.5141 4290.1284  -25.3056   14.3950   68.5046  -13.0012   20.4679   18.2484   -5.6077  -13.9324   -0.0000   -0.0000  150.4814    1.0000    3.9280    0.0149    0.4094    0.8872  -27.2217 
  13.5566 4290.0859  -23.8363   14.5719   69.5941   -3.9680   31.6373   14.9525   -5.6077  -13.9324   -0.0000   -0.0000  150.4814    1.0000    3.9280   -0.0583    0.3857    0.9587    0.0000 
  13.5991 4290.0435  -24.4509   13.4270   70.9024    7.5066   21.9328   14.6473   -5.6077  -13.9324   -0.0000   -0.0000  150.4814    1.0000    3.9280   -0.0669    0.5046    0.9465   -6.7139 
  13.6416 4290.0010  -25.8359   14.0907   72.0661   -6.2263   15.9513   32.8968   -5.6077  -13.9324   -0.0000   -0.0000  150.4814    1.0000    3.9280    0.0862    0.4570    0.9834    0.0000 
  13.6841 4289.9585  -24.0562   16.3056   72.2084    6.4690   42.9288    1.4027   -5.6077  -13.9324   -0.0000   -0.0000  150.4814    1.0000    3.9280    0.0476    0.3491    1.1104   -7.7515 
  13.7266 4289.9160  -22.2880   15.2659   73.9197   37.3528   15.5851   47.4232   -5.6077  -13.9324   -0.0000   -0.0000  150.4814    1.0000    3.9280   -0.1008    0.4568    0.9485    0.0000 
  13.7691 4289.8735  -23.4350   14.2775   77.0754   10.5584   -1.8710   62.6209   -5.6077  -13.9324   -0.0000   -0.0000  150.4814    1.0000    3.9280    0.1470    0.5754    0.9670   -3.6621 
  13.8116 4289.8311  -23.3277   16.0905   78.0611   -2.1369   17.8434   20.0184   -5.6077  -13.9324   -0.0000   -0.0000  150.4814    1.0000    3.9280    0.0410    0.3291    0.9556    0.0000 
  13.8541 4289.7886  -22.1008   14.9585   79.2012   23.6810   18.5148    1.5247   -5.6077  -13.9324   -0.0000   -0.0000  150.4814    1.0000    3.9280   -0.0247    0.4192    0.9680    9.4604 
  13.8966 4289.7461  -23.2508   13.9483   80.3971   11.7181   -0.8944   37.1693   -5.6077  -13.9324   -0.0000   -0.0000  150.4814    1.0000    3.9280    0.0159    0.4504    0.9209    0.0000 
  13.9391 4289.7036  -23.7207   15.0490   81.6958    5.1873   -3.6410   46.7518   -5.6077  -13.9324   -0.0000   -0.0000  150.4814    1.0000    3.9280    0.1406    0.4270    0.9224   -9.0332 
  13.9816 4289.6611  -24.1172   17.6595   81.4077   19.5306   21.6276  -11.8420   -5.6077  -13.9324   -0.0000   -0.0000  150.4814    1.0000    3.9280    0.0979    0.4331    0.8677    0.0000 
  14.0241 4289.6187  -23.7383   18.8842   81.1675   12.6336    5.9415   20.9950   -5.6077  -13.9324   -0.0000   -0.0000  150.4814    1.0000    3.9280    0.0867    0.4048    0.9138   -1.5869 
  14.0666 4289.5762  -25.3346   18.1159   82.7044   14.1595   11.5568   15.0745   -5.6077  -13.9324   -0.0000   -0.0000  150.4814    1.0000    3.9280    0.0593    0.4680    0.9307    0.0000 
  14.1091 4289.5332  -23.9220   16.3482   83.9834    3.3563   -1.5658   29.0516   -5.6077  -13.9324   -0.0000   -0.0000  150.4814    1.0000    3.9280    0.0339    0.3540    0.9304  -10.8643 
  14.1516 4289.4907  -23.8487   16.1013   85.2298   13.6102    8.8712    6.9569   -5.6077  -13.9324   -0.0000   -0.0000  150.4814    1.0000    3.9280    0.0352    0.4309    0.9531    0.0000 
  14.1941 4289.4482  -22.3390   14.4243   86.2138    4.0887   -5.8993   19.8963   -5.6077  -13.9324   -0.0000   -0.0000  150.4814    1.0000    3.9280   -0.0076    0.2920    0.9692  -10.1318 
  14.2366 4289.4058  -19.8089   13.1971   87.3125   25.5120   -0.8334    5.0037   -5.6077  -13.9324   -0.0000   -0.0000  150.4814    1.0000    3.9280   -0.0320    0.3081    1.0808    0.0000 
  14.2791 4289.3633  -16.7346   11.3408   88.5355   29.8455   -5.1669   38.1458   -5.6077  -13.9324   -0.0000   -0.0000  150.4814    1.0000    3.9280   -0.0979    0.3308    1.0867   15.6250 
  14.3216 4289.3208  -16.7379    9.2722   90.2925   46.0198   -4.6175   17.4549   -5.6077  -13.9324   -0.0000   -0.0000  150.4814    1.0000    3.9280   -0.0928    0.4038    1.0427    0.0000 
  14.3641 4289.2783  -16.2880   10.5436   90.4454   36.2542   -1.3216   24.5960   -5.6077  -13.9324   -0.0000   -0.0000  150.4814    1.0000    3.9280   -0.0181    0.3110    1.0527   22.0337 
  14.4066 4289.2358  -13.0619   10.3975   90.8460   39.0618   10.4581  -10.0109   -5.6077  -13.9324   -0.0000   -0.0000  150.4814    1.0000    3.9280   -0.1467    0.2146    1.0923    0.0000 
  14.4491 4289.1934  -11.8423    9.5533   89.9312   54.0154   -3.3968  -14.5885   -5.6077  -13.9324   -0.0000   -0.0000  150.4814    1.0000    3.9280   -0.0691    0.2778    1.1067   39.7949 
  14.4916 4289.1509  -11.5310   11.4391   89.7040   32.2259    2.5846    9.0321   -5.6077  -13.9324   -0.0000   -0.0000  150.4814    1.0000    3.9280   -0.0383    0.2446    1.0603    0.0000 
  14.5341 4289.1084  -12.1760   11.6266   89.3895   31.4935   -6.3265   -6.1657   -5.6077  -13.9324   -0.0000   -0.0000  150.4814    1.0000    3.9280    0.0105    0.2942    1.1191   17.2729 
  14.5766 4289.0659  -11.7194   13.4389   89.5551    8.7273    3.2560   26.4881   -5.6077  -13.9324   -0.0000   -0.0000  150.4814    1.0000    3.9280    0.0083    0.1948    1.0640    0.0000 
  14.6191 4289.0234   -9.2725   12.4310   90.5660   29.0521    6.8571    8.1776   -5.6077  -13.9324   -0.0000   -0.0000  150.4814    1.0000    3.9280   -0.0959    0.1917    1.0984   14.8315 
  14.6616 4288.9810   -9.8533   11.9838   90.5193   28.4417   11.3126   -6.4709   -5.6077  -13.9324   -0.0000   -0.0000  150.4814    1.0000    3.9280   -0.0442    0.2397    1.1509    0.0000 
  14.7041 4288.9385   -9.9883   10.2571   91.1000   20.4461   -0.2230   20.5067   -5.6077  -13.9324   -0.0000   -0.0000  150.4814    1.0000    3.9280   -0.0635    0.1995    1.1008    6.2256 
  14.7466 4288.8960   -9.7953   12.3590   91.8209   15.5023    9.7257   10.6190   -5.6077  -13.9324   -0.0000   -0.0000  150.4814    1.0000    3.9280   -0.0078    0.2161    1.0952    0.0000 
  14.7891 4288.8535  -10.5463   12.1746   90.7500   33.9959    6.8571  -29.5422   -5.6077  -13.9324   -0.0000   -0.0000  150.4814    1.0000    3.9280   -0.0500    0.2251    1.0479   19.7754 
  14.8316 4288.8110   -9.0541   13.9295   90.9091   14.4647    3.0119   44.8597   -5.6077  -13.9324   -0.0000   -0.0000  150.4814    1.0000    3.9280    0.0291    0.1602    1.0591    0.0000 
  14.8741 4288.7686   -9.2791   13.1741   92.4698   26.7327    5.1481   14.0369   -5.6077  -13.9324   -0.0000   -0.0000  150.4814    1.0000    3.9280   -0.0535    0.2134    1.1023   12.5122 
  14.9166 4288.7261   -9.1848   13.4670   92.7045   21.7278    4.7208    0.1209   -5.6077  -13.9324   -0.0000   -0.0000  150.4814    1.0000    3.9280   -0.0122    0.1709    1.0898    0.0000 
  14.9591 4288.6836   -6.2913   13.2017   92.6327   76.2322   -3.3358   -8.1799   -5.6077  -13.9324   -0.0000   -0.0000  150.4814    1.0000    3.9280    0.0293    0.0930    1.0347   62.0117 
  15.0016 4288.6411   -4.2921   13.6455   92.1941   41.9915  -21.0360   -8.0578   -5.6077  -13.9324   -0.0000   -0.0000  150.4814    1.0000    3.9280    0.0037    0.0879    1.0964    0.0000 
  15.0441 4288.5986   -3.1998   12.8778   91.7222   71.4105   -1.9930  -15.3210   -5.6077  -13.9324   -0.0000   -0.0000  150.4814    1.0000    3.9280   -0.0017    0.0833    1.0471   57.1899 
  15.0866 4288.5562    1.2627   14.3413   91.1255   82.2747    2.0963   -6.8981   -5.6077  -13.9324   -0.0000   -0.0000  150.4814    1.0000    3.9280    0.0186   -0.0625    1.1895    0.0000 
  15.1291 4288.5137    3.2610   12.4680   91.8277   10.0091   -5.4720    4.9427   -5.6077  -13.9324   -0.0000   -0.0000  150.4814    1.0000    3.9280   -0.0549   -0.0435    1.0811   -4.2114 
  15.1716 4288.4707    1.3680   13.1630   91.7955    0.5486   -4.1293    1.4637   -5.6077  -13.9324   -0.0000   -0.0000  150.4814    1.0000    3.9280   -0.0046   -0.0176    1.0981    0.0000 
  15.2141 4288.4282    0.9036   13.6674   91.8231   -1.4045  -24.3929    0.4261   -5.6077  -13.9324   -0.0000   -0.0000  150.4814    1.0000    3.9280    0.0088   -0.0117    1.0876  -15.6250 
  15.2566 4288.3857    1.2823   10.8603   91.7803   -2.7473    3.7443   -1.2829   -5.6077  -13.9324   -0.0000   -0.0000  150.4814    1.0000    3.9280   -0.0439   -0.0583    1.0684    0.0000 
  15.2991 4288.3433    0.4457   11.0212   91.7380   -2.2590   25.6559   -0.3674   -5.6077  -13.9324   -0.0000   -0.0000  150.4814    1.0000    3.9280   -0.0613    0.0032    1.0833  -16.4795 
  15.3416 4288.3008    0.0728   13.7679   91.7253   -3.2355    8.3829   -0.1842   -5.6077  -13.9324   -0.0000   -0.0000  150.4814    1.0000    3.9280    0.0200    0.0117    1.0972    0.0000 
  15.3841 4288.2583    0.0611   12.8665   91.7581   -2.1979  -17.9232    0.2430   -5.6077  -13.9324   -0.0000   -0.0000  150.4814    1.0000    3.9280   -0.0591    0.0144    1.0752  -16.4185 
  15.4266 4288.2158    0.6624   13.1528   91.7593   -6.0432   12.6554   -0.2453   -5.6077  -13.9324   -0.0000   -0.0000  150.4814    1.0000    3.9280    0.0308   -0.0037    1.0854    0.0000 
  15.4691 4288.1733    0.7347   12.1268   91.7455    0.8538    1.3639    0.0599   -5.6077  -13.9324   -0.0000   -0.0000  150.4814    1.0000    3.9280   -0.0349   -0.0105    1.0886  -13.3667 
  15.5116 4288.1309    0.8126   12.7003   91.7447   -0.3669   -2.1761    0.2430   -5.6077  -13.9324   -0.0000   -0.0000  150.4814    1.0000    3.9280   -0.0247   -0.0088    1.0898    0.0000 
  15.5541 4288.0884    0.7151   13.0908   91.7587   -0.6110   -1.5658    0.1820   -5.6077  -13.9324   -0.0000   -0.0000  150.4814    1.0000    3.9280   -0.0181   -0.0103    1.0896  -14.8315 
  15.5966 4288.0459    0.6935   13.2779   91.7536   -0.0007    0.0211   -0.1842   -5.6077  -13.9324   -0.0000   -0.0000  150.4814    1.0000    3.9280   -0.0115   -0.0081    1.0837    0.0000 
  15.6391 4288.0034    0.8219   12.9218   91.7485   -0.3059    0.2653    0.7313   -5.6077  -13.9324   -0.0000   -0.0000  150.4814    1.0000    3.9280   -0.0142   -0.0100    1.0894  -14.5264 
  15.6816 4287.9609    0.6151   13.2404   91.7671   -0.6721    0.2653    0.1820   -5.6077  -13.9324   -0.0000   -0.0000  150.4814    1.0000    3.9280   -0.0078   -0.0059    1.0867    0.0000 
  15.7241 4287.9185    0.3027   13.1124   91.7664   -0.0617    0.0211   -0.3063   -5.6077  -13.9324   -0.0000   -0.0000  150.4814    1.0000    3.9280   -0.0090   -0.0022    1.0891  -14.2822 
  15.7666 4287.8760    0.8650   12.8780   91.7678   -0.4279   -0.2840   -0.3674   -5.6077  -13.9324   -0.0000   -0.0000  150.4814    1.0000    3.9280   -0.0168   -0.0137    1.0881    0.0000 
  15.8091 4287.8335    0.6690   12.9136   91.7700   -0.7331   -0.2840    0.6702   -5.6077  -13.9324   -0.0000   -0.0000  150.4814    1.0000    3.9280   -0.0139   -0.0068    1.0840  -14.9536 
  15.8516 4287.7910    0.7874   12.9436   91.7707   -0.3059    0.1432    0.1820   -5.6077  -13.9324   -0.0000   -0.0000  150.4814    1.0000    3.9280   -0.0146   -0.0129    1.0906    0.0000 
  15.8941 4287.7485    0.5205   12.9710   91.7699    0.0604   -0.1620   -0.1232   -5.6077  -13.9324   -0.0000   -0.0000  150.4814    1.0000    3.9280   -0.0149   -0.0034    1.0815  -14.1602 
  15.9366 4287.7061    0.5639   13.0823   91.7722    0.2435   -0.2840   -0.1842   -5.6077  -13.9324   -0.0000   -0.0000  150.4814    1.0000    3.9360   -0.0095   -0.0032    1.0886    0.0000 
  15.9791 4287.6636    0.5469   13.1090   91.7590    0.0604   -0.1620   -0.4894   -5.6077  -13.9324   -0.0000   -0.0000  150.4814    1.0000    3.9280   -0.0142   -0.0037    1.0840  -14.1602 
  16.0216 4287.6211    0.8786   13.0075   91.7640   -0.1227    0.1432   -0.0622   -5.6077  -13.9324   -0.0000   -0.0000  150.4814    1.0000    3.9280   -0.0107   -0.0120    1.0903    0.0000 
  16.0641 4287.5786    0.9719   13.0457   91.7709   -0.0007    0.2653    0.0599   -5.6077  -13.9324   -0.0000   -0.0000  150.4814    1.0000    3.9280   -0.0127   -0.0137    1.0850  -14.2212 
  16.1066 4287.5361    0.8553   13.4161   91.7815   -0.3059   -0.1009    0.2430   -5.6077  -13.9324   -0.0000   -0.0000  150.4814    1.0000    3.9360   -0.0039   -0.0112    1.0864    0.0000 
  16.1491 4287.4937    0.5873   13.2843   91.7827    0.4266    0.2653    0.1820   -5.6077  -13.9324   -0.0000   -0.0000  150.4814    1.0000    3.9280   -0.0039   -0.0066    1.0859  -13.7939 
  16.1916 4287.4512    0.5613   13.2527   91.7803   -0.7331   -0.2230   -0.0011   -5.6077  -13.9324   -0.0000   -0.0000  150.4814    1.0000    3.9280   -0.0039   -0.0027    1.0928    0.0000 
  16.2341 4287.4082    0.8064   12.8985   91.7741    0.1214    0.0822   -0.0622   -5.6077  -13.9324   -0.0000   -0.0000  150.4814    1.0000    3.9280   -0.0142   -0.0105    1.0874  -14.0991 
  16.2766 4287.3657    0.6973   13.1642   91.7773   -0.2448    0.1432   -0.2453   -5.6077  -13.9324   -0.0000   -0.0000  150.4814    1.0000    3.9360   -0.0088   -0.0051    1.0823    0.0000 
  16.3191 4287.3232    0.5941   13.0304   91.7808   -0.6721   -0.1620    0.7313   -5.6077  -13.9324   -0.0000   -0.0000  150.4814    1.0000    3.9360   -0.0105   -0.0054    1.0867  -14.8926 
  16.3616 4287.2808    0.8543   13.3178   91.7886    0.1214   -0.1009   -0.2453   -5.6077  -13.9324   -0.0000   -0.0000  150.4814    1.0000    3.9280   -0.0056   -0.0100    1.0884    0.0000 
  16.4041 4287.2383    0.4233   13.2108   91.8010    0.4266    0.2042    0.1820   -5.6077  -13.9324   -0.0000   -0.0000  150.4814    1.0000    3.9280   -0.0073   -0.0007    1.0845  -13.7939 
  16.4466 4287.1958    0.6198   13.1669   91.8085    0.6707   -0.0399    0.1209   -5.6077  -13.9324   -0.0000   -0.0000  150.4814    1.0000    3.9280   -0.0063   -0.0068    1.0840    0.0000 
  16.4891 4287.1533    0.7071   13.1981   91.8126   -0.1227   -0.2230    0.6092   -5.6077  -13.9324   -0.0000   -0.0000  150.4814    1.0000    3.9360   -0.0071   -0.0095    1.0911  -14.3433 
  16.5316 4287.1108    0.5726   12.9765   91.8162   -0.2448   -0.1009    0.5482   -5.6077  -13.9324   -0.0000   -0.0000  150.4814    1.0000    3.9280   -0.0120   -0.0034    1.0906  -14.4653 
  16.5741 4287.0684    0.8784   13.2725   91.8124   -0.0617    0.2042    0.0599   -5.6077  -13.9324   -0.0000   -0.0000  150.4814    1.0000    3.9280   -0.0059   -0.0112    1.0913  -14.2822 
  16.6166 4287.0259    0.5729   12.9325   91.8110    0.3045    0.0211   -0.0011   -5.6077  -13.9324   -0.0000   -0.0000  150.4814    1.0000    3.9280   -0.0132   -0.0039    1.0847    0.0000 
  16.6591 4286.9834    0.7899   12.9851   91.8066   -0.1227    0.0211   -0.1232   -5.6077  -13.9324   -0.0000   -0.0000  150.4814    1.0000    3.9280   -0.0117   -0.0100    1.0918  -14.3433 
  16.7016 4286.9409    0.8932   12.8274   91.8162    0.2435   -0.2230    0.2430   -5.6077  -13.9324   -0.0000   -0.0000  150.4814    1.0000    3.9280   -0.0134   -0.0105    1.0847    0.0000 
  16.7441 4286.8984    0.5259   13.1960   91.8247    0.2435   -0.0399    0.0599   -5.6077  -13.9324   -0.0000   -0.0000  150.4814    1.0000    3.9280   -0.0059   -0.0037    1.0876  -13.9771 
  16.7866 4286.8560    0.5525   13.2491   91.8310    0.4266    0.4484   -0.1232   -5.6077  -13.9324   -0.0000   -0.0000  150.4814    1.0000    3.9360    0.0007   -0.0083    1.0852    0.0000 
  16.8291 4286.8135    0.7785   13.2736   91.8301   -0.3059    0.1432   -0.0622   -5.6077  -13.9324   -0.0000   -0.0000  150.4814    1.0000    3.9360   -0.0054   -0.0115    1.0825  -14.5264 
  16.8716 4286.7710    0.8316   12.7489   91.8263   -0.0007   -0.0399   -0.4284   -5.6077  -13.9324   -0.0000   -0.0000  150.4814    1.0000    3.9280   -0.0146   -0.0098    1.0938    0.0000 
  16.9141 4286.7285    0.5261   13.0630   91.8307    0.1214   -0.3451    0.1209   -5.6077  -13.9324   -0.0000   -0.0000  150.4814    1.0000    3.9280   -0.0100   -0.0034    1.0847  -14.0991 
  16.9566 4286.6860    0.5869   13.1027   91.8350    0.0604    0.2042   -0.0011   -5.6077  -13.9324   -0.0000   -0.0000  150.4814    1.0000    3.9360   -0.0127   -0.0012    1.0923  -14.1602 
  16.9991 4286.6436    0.5003   13.1070   91.8282    0.1214    0.5704   -0.3063   -5.6077  -13.9324   -0.0000   -0.0000  150.4814    1.0000    3.9280   -0.0054   -0.0049    1.0791  -14.0991 
  17.0416 4286.6011    0.6684   12.9183   91.8256   -0.0007    0.0822    0.0599   -5.6077  -13.9324   -0.0000   -0.0000  150.4814    1.0000    3.9280   -0.0149   -0.0088    1.0945    0.0000 
  17.0841 4286.5586    0.9603   13.0231   91.8393   -0.0007   -0.1620    0.1209   -5.6077  -13.9324   -0.0000   -0.0000  150.4814    1.0000    3.9280   -0.0105   -0.0132    1.0894  -14.2212 
  17.1266 4286.5161    0.8633   12.7907   91.8378   -0.2448   -0.4671    0.4261   -5.6077  -13.9324   -0.0000   -0.0000  150.4814    1.0000    3.9360   -0.0139   -0.0103    1.0818    0.0000 
  17.1691 4286.4736    0.4712   13.1369   91.8513   -0.5500   -0.1009    0.1209   -5.6077  -13.9324   -0.0000   -0.0000  150.4814    1.0000    3.9360   -0.0100   -0.0049    1.0857  -14.7705 
  17.2116 4286.4312    0.8183   13.0309   91.8432    0.1214    0.1432   -0.1842   -5.6077  -13.9324   -0.0000   -0.0000  150.4814    1.0000    3.9360   -0.0107   -0.0122    1.0852    0.0000 
  17.2541 4286.3887    0.4492   13.2008   91.8445    0.2435    0.3873   -0.1232   -5.6077  -13.9324   -0.0000   -0.0000  150.4814    1.0000    3.9280   -0.0063    0.0020    1.0789  -13.9771 
  17.2966 4286.3457    0.6503   12.9878   91.8426   -0.3059    0.0211   -0.0011   -5.6077  -13.9324   -0.0000   -0.0000  150.4814    1.0000    3.9280   -0.0132   -0.0100    1.0923    0.0000 
  17.3391 4286.3032    0.4921   12.9538   91.8363   -0.4890    0.2042   -0.0622   -5.6077  -13.9324   -0.0000   -0.0000  150.4814    1.0000    3.9280   -0.0107   -0.0034    1.0942  -14.7095 
  17.3816 4286.2607    0.5011   13.2220   91.8242    0.0604    0.1432    0.1209   -5.6077  -13.9324   -0.0000   -0.0000  150.4814    1.0000    3.9280   -0.0056   -0.0081    1.0864    0.0000 
  17.4241 4286.2183    0.6630   13.0788   91.8284   -0.9162    0.2042    0.4261   -5.6077  -13.9324   -0.0000   -0.0000  150.4814    1.0000    3.9360   -0.0110   -0.0061    1.0938  -15.1367 
  17.4666 4286.1758    0.5880   13.0183   91.8167   -0.1227    0.0211   -0.3063   -5.6077  -13.9324   -0.0000   -0.0000  150.4814    1.0000    3.9280   -0.0127   -0.0059    1.0857    0.0000 
  17.5091 4286.1333    0.9075   13.2575   91.8152    0.6097    0.4484   -0.3674   -5.6077  -13.9324   -0.0000   -0.0000  150.4814    1.0000    3.9280   -0.0056   -0.0129    1.0867  -13.6108 
  17.5516 4286.0908    0.5788   13.0738   91.8187   -0.2448   -0.1620   -0.3674   -5.6077  -13.9324   -0.0000   -0.0000  150.4814    1.0000    3.9360   -0.0093   -0.0059    1.0898    0.0000 
  17.5941 4286.0483    0.7565   13.0155   91.8196   -0.1227    0.3263    0.1209   -5.6077  -13.9324   -0.0000   -0.0000  150.4814    1.0000    3.9280   -0.0078   -0.0103    1.0830  -14.3433 
  17.6366 4286.0059    0.7039   12.8430   91.8200    0.3655    0.1432    0.2430   -5.6077  -13.9324   -0.0000   -0.0000  150.4814    1.0000    3.9280   -0.0142   -0.0051    1.0876    0.0000 
  17.6791 4285.9634    0.7698   12.8484   91.8270    0.5486    0.0211   -0.3063   -5.6077  -13.9324   -0.0000   -0.0000  150.4814    1.0000    3.9360   -0.0142   -0.0154    1.0884  -13.6719 
  17.7216 4285.9209    0.6525   12.8678   91.8200   -0.3059    0.3263   -0.0622   -5.6077  -13.9324   -0.0000   -0.0000  150.4814    1.0000    3.9280   -0.0200   -0.0081    1.0857    0.0000 
  17.7641 4285.8784    1.0811   13.0226   91.8164    0.1824    0.1432   -0.1842   -5.6077  -13.9324   -0.0000   -0.0000  150.4814    1.0000    3.9360   -0.0107   -0.0159    1.0925  -14.0381 
  17.8066 4285.8359    0.7357   12.9283   91.8082    0.3045    0.3873    0.1209   -5.6077  -13.9324   -0.0000   -0.0000  150.4814    1.0000    3.9360   -0.0125   -0.0088    1.0891    0.0000 
  17.8491 4285.7935    0.5183   12.9594   91.8112   -0.0617    0.3263   -0.0622   -5.6077  -13.9324   -0.0000   -0.0000  150.4814    1.0000    3.9360   -0.0105   -0.0076    1.0818  -14.2822 
  17.8916 4285.7510    0.8367   12.9831   91.8069   -0.1838   -0.4061   -0.1232   -5.6077  -13.9324   -0.0000   -0.0000  150.4814    1.0000    3.9360   -0.0117   -0.0112    1.0872    0.0000 
  17.9341 4285.7085    0.5681   13.1590   91.8058    0.3655   -0.2230    0.1209   -5.6077  -13.9324   -0.0000   -0.0000  150.4814    1.0000    3.9280   -0.0137   -0.0051    1.0930  -13.8550 
  17.9766 4285.6660    0.8711   12.9521   91.8016   -0.3669    0.0822   -0.0011   -5.6077  -13.9324   -0.0000   -0.0000  150.4814    1.0000    3.9360   -0.0088   -0.0056    1.0894    0.0000 
  18.0191 4285.6235    0.8026   13.2182   91.7996    0.0604    0.0211   -0.1232   -5.6077  -13.9324   -0.0000   -0.0000  150.4814    1.0000    3.9280   -0.0105   -0.0105    1.0906  -14.1602 
  18.0616 4285.5811    0.6844   13.0190   91.8032   -0.0007   -0.0399    0.3651   -5.6077  -13.9324   -0.0000   -0.0000  150.4814    1.0000    3.9280   -0.0051   -0.0056    1.0850    0.0000 
