   0.0016 4290.9907   -0.0325   -0.1389  180.0003    0.2725    0.1872    0.1073    0.0000    0.0000    0.0000    0.0000    0.0000    0.0000    3.9200   -0.0256    0.0061    1.0833    0.0000 
   0.0441 4290.9482   -0.6817   -1.1826  180.0009   -0.7651   -0.2400    0.2904    0.0000    0.0000    0.0000    0.0000    0.0000    0.0000    3.9200   -0.0220    0.0142    1.0764  -16.1133 
   0.0866 4290.9058   -0.4442   -1.0960  180.0059   -0.5820    0.1262    0.1073    0.0000    0.0000    0.0000    0.0000    0.0000    0.0000    3.9200   -0.0242    0.0083    1.0803  -15.9302 
   0.1291 4290.8633   -0.4419   -1.0419  180.0016    0.1505    0.0041    0.0462    0.0000    0.0000    0.0000    0.0000    0.0000    0.0000    3.9200   -0.0188    0.0071    1.0776  -15.1978 
   0.1716 4290.8208   -0.5483   -0.7144  180.0037   -0.5820    0.0652   -0.0758    0.0000    0.0000    0.0000    0.0000    0.0000    0.0000    3.9200   -0.0137    0.0103    1.0725    0.0000 
   0.2141 4290.7783   -0.5619   -1.0517  180.0003   -1.1923   -0.2400    0.1683    0.0000    0.0000    0.0000    0.0000    0.0000    0.0000    3.9200   -0.0325    0.0066    1.0713  -16.5405 
   0.2566 4290.7358   -0.5485   -0.5772  179.9974   -0.1547   -0.2400   -0.1979    0.0000    0.0000    0.0000    0.0000    0.0000    0.0000    3.9120   -0.0132    0.0168    1.0852  -15.5029 
   0.2991 4290.6934   -0.2967   -0.7609  180.0004   -0.8261   -0.3621    0.3514    0.0000    0.0000    0.0000    0.0000    0.0000    0.0000    3.9200   -0.0164    0.0042    1.0750  -16.1743 
   0.3416 4290.6509   -0.1406   -0.8795  179.9948    0.6998    0.0652   -0.2589    0.0000    0.0000    0.0000    0.0000    0.0000    0.0000    3.9120   -0.0168    0.0046    1.0796    0.0000 
   0.3841 4290.6079   -0.5837   -0.7925  179.9874    0.7608   -0.3011   -0.3200    0.0000    0.0000    0.0000    0.0000    0.0000    0.0000    3.9200   -0.0093    0.0076    1.0718  -14.5874 
   0.4266 4290.5654   -0.2676   -0.9783  179.9886    0.8829    0.3093   -0.2589    0.0000    0.0000    0.0000    0.0000    0.0000    0.0000    3.9200   -0.0190    0.0049    1.0884  -14.4653 
   0.4691 4290.5229   -0.9365   -1.1279  179.9910   -0.2158   -0.2400    0.0462    0.0000    0.0000    0.0000    0.0000    0.0000    0.0000    3.9200   -0.0242    0.0203    1.0803  -15.5640 
   0.5116 4290.4805   -0.6727   -0.8167  179.9810    0.3946    0.3703   -0.4420    0.0000    0.0000    0.0000    0.0000    0.0000    0.0000    3.9200   -0.0227    0.0063    1.0725    0.0000 
   0.5541 4290.4380   -0.7298   -0.5573  179.9799   -0.8871   -0.2400    0.1683    0.0000    0.0000    0.0000    0.0000    0.0000    0.0000    3.9200   -0.0098    0.0127    1.0815  -16.2354 
   0.5966 4290.3955   -0.4022   -1.1840  179.9809   -0.0937    0.1262    0.1683    0.0000    0.0000    0.0000    0.0000    0.0000    0.0000    3.9200   -0.0215    0.0090    1.0818  -15.4419 
   0.6391 4290.3530   -0.5859   -0.9280  179.9765   -0.3378   -0.0569    0.1683    0.0000    0.0000    0.0000    0.0000    0.0000    0.0000    3.9200   -0.0173    0.0120    1.0857  -15.6860 
   0.6816 4290.3105   -0.5037   -1.0487  179.9711    0.3946    0.1262    0.1073    0.0000    0.0000    0.0000    0.0000    0.0000    0.0000    3.9200   -0.0205    0.0095    1.0852    0.0000 
   0.7966    0.0009    0.0000    0.0000  179.9733   -0.0327    0.0041   -0.0148    0.0000    0.0000    0.0000    0.0000    0.0000    0.0739    3.9200   -0.0081    0.0063    1.0752  -15.3809 
   0.8391    0.0010    0.2478    0.0678  179.9790   -0.5820   -0.1790    0.5345    4.1668    1.9138    0.0000    0.0000    1.9726    0.2051    3.8240   -0.0117    0.0024    1.0818    0.0251 
   0.8816    0.0014    0.0000    0.0000  179.9442   -0.0327   -0.7283   -4.2873    4.0429    3.0488    0.0000    0.0000    0.0000    0.0973    3.8720   -0.0063   -0.0059    1.0730  -15.3809 
   0.9241    0.0010    0.0000    0.0000  179.9370    0.1505    0.7976   -3.1276    4.0429    3.0488    0.0000    0.0000    0.0000    0.0000    3.9200    0.0166   -0.0176    1.0835  -15.1978 
   0.9666    0.0009    0.0000    0.0000  179.9312   -0.0327    2.2624   -2.5172    4.0429    3.0488    0.0000    0.0000    0.0000    0.0000    3.9120    0.0044    0.0029    1.0825  -15.3809 
   1.0091    0.0009    0.0000    0.0000  179.9370    0.3946   -0.4231   -1.3576    4.0429    3.0488    0.0000    0.0000    0.0000    0.0000    3.9120   -0.0239    0.0142    1.0759  -14.9536 
   1.0516    0.0014    0.0000    0.0000  179.9220    0.3946   -0.7283    1.0838    4.0429    3.0488    0.0000    0.0000    0.0000    0.0000    3.9200   -0.0137    0.0127    1.0806  -14.9536 
   1.0941    0.0009    0.0000    0.0000  179.9209    0.1505    4.6428   -0.1979    4.0429    3.0488    0.0000    0.0000    0.0000    0.0000    3.9200    0.0222    0.0415    1.0740  -15.1978 
   1.1366    0.0009    0.0000    0.0000  179.9201   -0.1547   -2.5594    0.1073    4.0429    3.0488    0.0000    0.0000    0.0000    0.0000    3.9120   -0.0002    0.0225    1.0920  -15.5029 
   1.1791    0.0009    0.0000    0.0000  179.9333    0.6998   -7.8084    0.5345    4.0429    3.0488    0.0000    0.0000    0.0000    0.0000    3.9120   -0.0308    0.0168    1.0842  -14.6484 
   1.2216    0.0014    0.0000    0.0000  179.9428   -0.5209   -4.7566    0.0462    4.0429    3.0488    0.0000    0.0000    0.0000    0.0000    3.9120   -0.0378    0.0039    1.0842  -15.8691 
   1.2641    0.0009    0.0000    0.0000  179.9466   -0.3989   -0.4231    0.2293    4.0429    3.0488    0.0000    0.0000    0.0000    0.0000    3.9200   -0.0515    0.0137    1.0725  -15.7471 
   1.3066    0.0009    0.0000    0.0000  179.9576   -0.2158    2.2014    0.1683    4.0429    3.0488    0.0000    0.0000    0.0000    0.0000    3.9200   -0.0249    0.0098    1.0796  -15.5640 
   1.3491    0.0009    0.0000    0.0000  179.9565    0.3946    0.4924   -0.0758    4.0429    3.0488    0.0000    0.0000    0.0000    0.0798    3.9200   -0.0103    0.0110    1.0830  -14.9536 
   1.3916    0.0014   -0.3968    0.1378  179.9588   -0.9482   -1.1556    0.3514    0.1853   -1.0332    0.0000   -0.0000    0.2818    0.2394    3.8400   -0.0242    0.0095    1.0657   -0.0012 
   1.4341    0.0010   -0.3154   -0.3356  179.9432   -0.8871    0.6145   -2.6393    2.1091    0.6175    0.0000    0.0000    1.1272    0.3752    3.7920   -0.0273    0.0056    1.0845    0.0657 
   1.4766    0.0010   -0.4249   -0.1131  179.9882   -2.5351    2.8728    1.7552    1.3966    0.7401    0.0000    0.0000    1.6908    0.3970    3.6640   -0.2424   -0.2102    0.8140   -0.0011 
   1.5191    0.0010   -0.6860    0.0523  180.2667   -5.9531   -0.6673    5.9667    0.8936   -0.1595    0.0000   -0.0000    2.2544    0.3970    3.6960   -0.0422   -0.9656   -0.1169   -0.0648 
   1.5616    0.0015    0.5872   -1.6665  180.5514   -0.2158   -6.7708    5.8446    0.8717    0.9507    0.0000    0.0000    2.5362    0.3970    3.6960   -0.0713    0.1162    2.0010   -0.0577 
   1.6041    0.0010    1.1169   -0.8669  180.6966   23.5269   15.5070    2.3656    0.1381    0.3010   -0.0000    0.0000    3.3816    0.3970    3.7040   -0.4390   -0.0574    0.0396    0.0177 
   1.6466    0.0010    0.1888   -0.7831  180.7894  -34.2123   -5.3059   -0.1979    1.5493    0.0177    0.0000    0.0000    3.6634    0.3970    3.7040   -0.3787    0.8291    0.5386    0.0674 
   1.6891    0.0010   -0.0063   -0.1067  180.8273   -4.2441    0.1262    4.1966    1.8102    0.6821    0.0000    0.0000    3.6634    0.3970    3.7120    0.0073   -0.2957    0.5459   -0.0093 
   1.7316    0.0014    0.5356   -0.4530  180.9905   -6.9296    5.4362    1.5721    1.2156   -0.8660    0.0000   -0.0000    3.9452    0.3970    3.7120    0.9858   -0.8149    0.4729    0.0414 
   1.7741    0.0010    0.3182    0.4533  181.0279    4.1788   13.2487    3.4642    1.9026    1.1039    0.0000    0.0000    3.6634    0.4471    3.6640    0.1372    0.6807    1.7444    0.0035 
   1.8166    0.0010    0.0052   -0.0155  181.1689   17.0572  -10.9822    5.6615    0.9174   -0.0099    0.0000    0.0000    3.6634    0.4594    3.6480    0.3464   -1.0500    0.4150   -0.0349 
   1.8591    0.0010   -0.3889   -0.0270  181.2737   -0.7040   11.9670    3.1590    0.6369    0.2941    0.0000    0.0000    3.6634    0.4653    3.6560    0.0305    0.3120    0.4507    0.0088 
   1.9016    0.0014    0.0345   -0.8058  181.3660    4.9722    3.3611    3.8304    0.4967    0.5870    0.0000    0.0000    3.9452    0.4653    3.6480    0.1624   -0.7258    1.2175    0.0020 
   1.9441    0.0010   -0.9177   -0.5456  181.5326   -3.1454   10.9904    2.6097    0.8831   -0.2412    0.0000    0.0000    3.6634    0.4683    3.6560    0.0735    1.1992    0.7163    0.0184 
   1.9866    0.0010   -1.7763   -0.4122  181.7410    2.7139   -1.8880    6.6380    0.3339   -0.0354    0.0000    0.0000    4.2270    0.4798    3.6400   -0.5408   -0.2019    1.8496   -0.0421 
   2.0291    0.0010   -1.5470   -0.5880  181.9462   14.3716   -5.1228    4.1356    0.4891   -0.0046    0.0000    0.0000    4.7906    0.4854    3.6240    0.7314   -0.1206    0.2024    0.0114 
   2.0716    0.0014   -1.6664   -1.1031  182.1301  -16.9394    7.6945    4.1966    0.3365    0.4219    0.0000    0.0000    4.5088    0.5042    3.6160   -0.6199   -0.2217    2.3071    0.0054 
   2.1141    0.0010   -1.4166   -1.1894  182.3489    2.7139   -8.5408    2.8539    0.7963   -0.3242    0.0000    0.0000    4.5088    0.5094    3.6160   -0.3137   -0.0208    1.1846    0.0289 
   2.1566    0.0010   -1.4280   -1.6548  182.4847    2.3477   -4.3294    2.9149    0.1683   -0.0902    0.0000    0.0000    4.7906    0.5194    3.6000   -0.2263   -0.2061    0.9778    0.0327 
   2.1991    0.0010   -1.5229   -1.1049  182.5462    8.5123   17.2160    0.8397    1.3765   -0.5768    0.0000    0.0000    4.5088    0.5218    3.6000    0.4124   -1.3813    1.4817    0.0640 
   2.2416    0.0014   -1.4218   -0.6840  182.6332    6.7422   -7.1980    4.3187    0.5329    0.1862    0.0000    0.0000    4.5088    0.5428    3.5840   -0.2473    0.0229    0.2712    0.0033 
   2.2841    0.0010   -0.9753   -1.0358  182.7000   12.6627    2.3845    2.6097    0.2865    0.3377    0.0000    0.0000    4.5088    0.5472    3.5760    0.0364   -0.0920    1.5066    0.0331 
   2.3266    0.0010   -0.1643   -0.3225  182.8321   15.2872   29.4231    5.1122    0.8825   -0.3595    0.0000   -0.0000    4.5088    0.5698    3.5280    0.1978   -1.4146    0.3555   -0.0105 
   2.3691    0.0010   -0.4644    0.0751  182.9453   -6.2582   -6.7098    3.2811    1.0291   -1.2467    0.0000   -0.0000    4.7906    0.5717    3.5440    0.1926   -2.2893    1.5916    0.0263 
   2.4116    0.0014   -0.2922   -0.8579  183.0247   12.5406  -23.6165   -0.1979   -0.2213    0.3539    0.0000    0.0000    4.7906    0.5717    3.5360    0.2830   -0.2400    0.6030    0.0871 
   2.4541    0.0010    0.3372   -0.7540  183.0529   22.7945   21.7937    0.2904    0.5408    0.5705    0.0000    0.0000    4.5088    0.5717    3.5360   -0.9741   -1.9387    1.6316    0.0736 
   2.4966    0.0010    0.2618    0.9206  183.1859   10.6485   29.2400    2.3045    1.1800   -0.6432    0.0000   -0.0000    4.5088    0.5717    3.5360   -0.6301   -0.3635    1.4973    0.0385 
   2.5391    0.0010    1.1113    0.3603  183.3211    5.7657  -30.0862    5.9667    0.3030   -0.8398   -0.0000   -0.0000    4.5088    0.5755    3.5280    1.2610   -2.1072    0.6382   -0.0254 
   2.5816    0.0014    0.6716   -0.4690  183.3906   -1.7416    6.8401    0.4735    1.6914   -0.5437    0.0000   -0.0000    4.5088    0.5950    3.5120   -0.7949    0.2468    2.4978    0.0704 
   2.6241    0.0010    0.6840    1.3881  183.5277   12.4185   43.8274    6.3939    0.2914    0.2452   -0.0000   -0.0000    4.5088    0.6030    3.4960    1.0884   -1.6299    0.6597   -0.0329 
   2.6666    0.0010    2.3638    1.9137  183.6751   11.0757  -19.0389    2.7928    1.8249   -0.5968   -0.0000   -0.0000    4.7906    0.6030    3.5040   -1.0989    4.7683    1.3152    0.0349 
   2.7091    0.0010    2.1763    0.9003  183.7187  -17.8549  -13.7288    1.0228    1.1507    0.2399   -0.0000   -0.0000    4.5088    0.6030    3.5040   -0.1292    2.4102    0.5032    0.0608 
   2.7516    0.0014    0.6412    1.6545  183.7897  -14.7421   36.9914    0.3514    1.5691    0.4327    0.0000   -0.0000    4.5088    0.6061    3.4960   -0.5032    1.5347    1.3430    0.0726 
   2.7941    0.0010    1.2157    2.3432  183.7980   20.8414   11.8449    1.3280    0.3690   -0.1669   -0.0000   -0.0000    4.7906    0.6061    3.4960   -0.2852   -0.0920    1.2292    0.0604 
   2.8366    0.0010    1.9778    1.6264  183.8555   22.3672  -40.4622   -4.1042    1.3537    0.1339   -0.0000   -0.0000    4.7906    0.6061    3.5120   -1.3647   -2.6880    1.8633    0.1552 
   2.8791    0.0010    0.9110    2.0069  183.9262  -29.9399   30.6438    5.5394   -0.0258   -0.0222   -0.0000   -0.0000    4.7906    0.6076    3.4960    0.2546   -0.1357    0.8940   -0.0131 
   2.9216    0.0015   -0.5350    3.8888  183.9227    8.5123   24.6013   -2.4562    1.5761   -0.4242    0.0000   -0.0000    4.7906    0.6061    3.4960   -1.4915   -3.4114    1.6941    0.1265 
   2.9641    0.0010   -0.3391    3.4454  184.0734   28.6539  -31.7952    3.4032    0.2126   -0.8862    0.0000   -0.0000    4.7906    0.6076    3.4880    2.6577   -4.7761    0.4297    0.0242 
   3.0066    0.0010    0.2308    2.8669  184.1588  -21.2729   17.2771    6.3329    0.0286   -0.9046   -0.0000   -0.0000    4.7906    0.6076    3.5040   -2.2009    2.1638    1.5254   -0.0269 
   3.0491    0.0010   -0.9145    4.7971  184.1877  -27.2543   41.2639    0.5345    0.9482   -0.7857    0.0000   -0.0000    4.7906    0.6061    3.4880    0.6863   -2.8286    1.0881    0.0743 
   3.0916    0.0014   -1.0656    5.2407  184.3048    0.4556  -24.3489   11.2157   -0.1507   -0.1170    0.0000   -0.0000    4.7906    0.6106    3.4960    0.8054   -1.2305    1.0195   -0.1121 
   3.1341    0.0010   -0.2896    3.7193  184.5563   23.6490  -17.4519    0.6566    0.3994   -0.6133    0.0000   -0.0000    4.7906    0.6106    3.4880   -1.4812    3.1592    2.0190    0.0722 
   3.1766    0.0010   -0.3978    4.6511  184.7392  -32.6865   39.2497    4.9291   -0.2311   -1.3084    0.0000   -0.0000    4.7906    0.6106    3.4960    0.1558    1.4739    0.3896   -0.0024 
   3.2191    0.0010   -1.6900    4.9903  184.7365  -47.9453   -5.5501    2.2435   -0.6373   -0.9931    0.0000   -0.0000    5.0724    0.6106    3.4800   -3.1895    0.8345    1.5259    0.0494 
   3.2616    0.0015   -0.0406    4.1222  184.9886   30.6070  -25.2644    2.0604   -0.8838   -0.5083   -0.0000   -0.0000    5.0724    0.6106    3.4880    0.5579   -3.0400    0.4023    0.0526 
   3.3041    0.0010    0.7449    4.5898  185.2156  -18.5263   40.8977    7.1263   -0.7985   -1.7547   -0.0000   -0.0000    5.0724    0.6106    3.4880    0.5439    0.8777    0.6677   -0.0358 
   3.3466    0.0010   -1.5193    5.8216  185.2224  -39.2783   -9.0291   -0.3200   -0.4652   -0.8361    0.0000   -0.0000    5.0724    0.6106    3.4800   -1.8694   -2.1094    1.5344    0.0941 
   3.3891    0.0010   -3.1732    3.7258  185.3359    3.3853  -35.5183    4.7459   -0.4754   -1.4202    0.0000   -0.0000    5.0724    0.6106    3.4880    0.0764   -0.6172    0.5564    0.0057 
   3.4316    0.0015   -2.7003    3.1937  185.5512   28.7149   23.8078    6.6380   -0.1107   -2.3555    0.0000   -0.0000    5.0724    0.6106    3.4880   -0.3975    3.0276    1.1206   -0.0273 
   3.4741    0.0010   -1.7946    4.5795  185.7703  -38.7289   19.7795    4.4408   -0.7440   -2.2589    0.0000   -0.0000    5.3542    0.6121    3.4800    0.0686   -1.8354    1.0225    0.0159 
   3.5166    0.0010   -3.6762    3.2521  185.9315  -27.4374  -51.8147    6.3329   -1.4066   -2.6606    0.0000   -0.0000    5.3542    0.6106    3.4800   -0.0706   -1.4153    0.7422   -0.0171 
   3.5591    0.0010   -3.7327    1.7140  186.1770  -11.9955  -14.8885    7.6756   -1.8521   -3.1111    0.0000   -0.0000    5.0724    0.6106    3.4800    0.4756    1.4307    1.1733   -0.0454 
   3.6016    0.0014   -2.7353    3.0411  186.4329   19.9258   41.8742    5.6004   -1.9882   -3.1739    0.0000   -0.0000    5.0724    0.6106    3.4880    0.6125   -1.1653    1.1733   -0.0092 
   3.6441    0.0011   -3.1106    3.1519  186.7705  -15.9018  -39.0584    5.7835   -3.1565   -4.0787   -0.0000   -0.0000    5.0724    0.6106    3.4800    0.9438   -4.7505    1.0259   -0.0124 
   3.6866    0.0010   -4.1392    1.2319  187.0105   -7.9672  -43.7581    6.9432   -2.2612   -4.1719    0.0000   -0.0000    5.3542    0.6106    3.4800   -0.0037    2.4365    1.0715   -0.0277 
   3.7291    0.0010   -4.3035    1.5415  187.2752   24.3204   45.2312    6.5770   -2.4119   -5.1345    0.0000   -0.0000    5.0724    0.6106    3.4800    0.3357   -1.7673    0.4092   -0.0263 
   3.7716    0.0014   -4.0258    2.8458  187.6336    3.1412   -0.7283   11.7040   -2.8450   -4.2151    0.0000   -0.0000    6.4814    0.6076    3.4800   -0.0076    1.9097    0.7764   -0.0912 
   3.8141    0.0010   -4.2988    0.4550  187.9851    1.9205  -68.1721    4.6239   -4.0638   -5.6585    0.0000   -0.0000    6.4814    0.5933    3.4960   -0.8650    0.7461    1.0659    0.0324 
   3.8566    0.0010   -4.3878   -0.4157  188.3303  -13.7656   26.0051   10.3001   -3.6586   -4.2606    0.0000   -0.0000    6.4814    0.5493    3.5280    0.8660   -1.7268   -0.2288   -0.0666 
   3.8991    0.0010   -4.2262    1.7495  188.6360   13.8834   54.3254    9.0794   -4.2099   -7.6344    0.0000   -0.0000    4.7906    0.3899    3.6880   -0.4675    0.3960    1.1304   -0.0749 
   3.9416    0.0014   -2.4067    2.0548  188.9813   22.5504  -19.0389    5.9056   -3.7254   -5.3813   -0.0000   -0.0000    4.7906    0.3899    3.6880   -0.4585   -0.1946    0.8203   -0.0195 
   3.9841    0.0010   -1.8724    0.7897  189.2840   12.5406  -62.9842    8.4691   -1.6467   -4.7972    0.0000   -0.0000    5.0724    0.3935    3.6800   -0.4172   -0.4460    1.4429   -0.0593 
   4.0266    0.0010   -1.1301   -0.8783  189.5416    1.1270  -25.7527    6.5160   -1.2367   -5.4948   -0.0000   -0.0000    5.3542    0.4041    3.6720    0.0503    0.2522    1.1301   -0.0203 
   4.0691    0.0010   -1.5912   -1.2500  189.8754    0.1505   29.9724    7.9808   -2.3495   -4.4200   -0.0000   -0.0000    6.1996    0.4311    3.6400   -0.1609   -0.0269    0.4624   -0.0311 
   4.1116    0.0014   -1.0475    0.1397  190.1724   10.4654   23.1975    8.5301   -1.8975   -5.7096   -0.0000   -0.0000    6.4814    0.4311    3.6400   -0.1116    0.4592    1.4741   -0.0358 
   4.1541    0.0010   -0.5361   -0.1107  190.5487   17.9727  -38.3260    9.2625   -2.1841   -5.6278   -0.0000   -0.0000    6.1996    0.4439    3.6240   -0.3752    0.5071    1.3906   -0.0535 
   4.1966    0.0010    0.2680   -1.4748  190.8618    6.6202  -43.1477    6.6991   -3.0127   -6.3735   -0.0000   -0.0000    6.1996    0.4594    3.6240    0.0217    0.2168    1.2888   -0.0087 
   4.2391    0.0010    0.3143   -1.5003  191.2655   -8.8828   21.9768    8.4691   -3.7952   -6.6550   -0.0000   -0.0000    6.1996    0.4653    3.6160    0.2393   -0.1672    0.4224   -0.0396 
   4.2816    0.0014   -0.0242    0.6656  191.6697   16.0196   39.4939   11.7040   -0.8925   -6.7948   -0.0000   -0.0000    6.4814    0.4741    3.6000    0.2153    0.1636    0.8403   -0.0912 
   4.3241    0.0010    0.6770    1.3418  192.1581   25.1138  -33.1990   11.2157   -2.1759   -8.2292   -0.0000   -0.0000    6.1996    0.4741    3.6000    0.6970    0.1924    0.0574   -0.0875 
   4.3666    0.0010    1.0875   -0.1733  192.5670   -6.6855  -44.3684    8.5912   -2.8760   -8.7935   -0.0000   -0.0000    6.4814    0.4770    3.6080   -0.8250    0.4790    1.9128   -0.0368 
   4.4091    0.0010    0.1386    0.4951  193.0189  -20.6625   35.8928   10.1781   -2.0320   -8.3411   -0.0000   -0.0000    6.4814    0.4770    3.6000   -0.2483    0.9165    0.5659   -0.0645 
   4.4516    0.0015   -0.3613    3.0256  193.4357   -5.7700   44.3767   11.2157   -1.1911   -7.6486   -0.0000   -0.0000    6.4814    0.4770    3.6000    0.4746    0.0415    0.3992   -0.0826 
   4.4941    0.0010    0.2271    3.2044  193.9501   34.3301  -30.2083   12.9857    0.4313   -6.3435    0.0000   -0.0000    6.4814    0.4770    3.6080   -0.1096    0.3882    1.1782   -0.1135 
   4.5366    0.0011    0.8815    1.4138  194.3608   -6.6245  -27.8279    7.6756    2.4432   -8.1154    0.0000   -0.0000    6.4814    0.4770    3.6000    0.4824    0.3364    0.4180   -0.0208 
   4.5791    0.0010   -1.3417    1.7424  194.6885  -52.4619   58.6589    5.1122    3.3834   -7.6633    0.0000   -0.0000    6.4814    0.4798    3.5840    0.0591    0.7930    0.7034    0.0239 
   4.6216 4294.9287   -1.6645   12.8231  194.2004  -13.8266  353.5808   13.2298    3.3834   -7.6633    0.0000   -0.0000    6.4814    0.4798    3.8640    0.3010   -1.0271   -1.1147    0.0000 
   4.6641 4294.8862   -2.9185   26.8755  194.8758   14.4327  357.3650   15.3050    3.3834   -7.6633    0.0000   -0.0000    6.4814    0.4798    3.8640    0.0188    0.5583   -1.2278   -0.9155 
   4.7066 4294.8438   -3.0907   41.9986  195.8185   36.2833  354.0080   11.7650    3.3834   -7.6633    0.0000   -0.0000    6.4814    0.4798    3.8640    0.0352   -0.7361    1.8726    0.0000 
   4.7491 4294.8013   -0.9343   53.9951  197.6338  286.8326 -287.2884 -182.7541    3.3834   -7.6633    0.0000   -0.0000    6.4814    0.4798    3.8640    6.8975   -0.9434    5.7239  271.4844 
   4.7916 4294.7588    2.0497   17.1876  201.5206   25.5411 -892.9402   59.1893    3.3834   -7.6633    0.0000   -0.0000    6.4814    0.4798    3.8640   -0.4858   -0.3865    0.6821    0.0000 
   4.8341 4294.7163    1.3097  -14.8164  204.5423 -321.4438 -252.0711   47.2874    3.3834   -7.6633    0.0000   -0.0000    6.4814    0.4798    3.8640   -1.2886    1.1169    3.5613 -336.7920 
   4.8766 4294.6738    2.6800    1.3444  207.6484  416.5323 -115.4744   56.8700    3.3834   -7.6633    0.0000   -0.0000    6.4814    0.4798    3.8640   -0.7256    0.1384    0.7659  401.1841 
   4.9191 4294.6313   -5.2941   -0.1383  211.9972 -440.1572   92.4113   93.5521    3.3834   -7.6633    0.0000   -0.0000    6.4814    0.4798    3.8720    0.0305    0.0073    2.0791 -455.5054 
   4.9616 4294.5889   -5.9758    0.2712  214.8321  151.7007   25.3337   53.8182    3.3834   -7.6633    0.0000   -0.0000    6.4814    0.4798    3.8640   -0.1912   -0.2686    0.7036    0.0000 
   5.0041 4294.5464    0.8538    0.0542  217.4023  -35.1279   13.9812   79.6361    3.3834   -7.6633    0.0000   -0.0000    6.4814    0.4798    3.8720    0.1143    0.1855    1.1587  -50.4761 
   5.0466 4294.5039   -7.4941    2.7526  220.6739  -67.0493  -40.6453   60.1048    3.3834   -7.6633    0.0000   -0.0000    6.4814    0.4798    3.8720    0.0486    0.0938    0.5457  -82.3975 
   5.0891 4294.4614   -5.2805    1.8737  222.9741   82.2427  -91.1214   68.8939    3.3834   -7.6633    0.0000   -0.0000    6.4814    0.4798    3.8720   -0.1089   -0.0891    1.0276   66.8945 
   5.1316 4294.4189   -4.9449   -0.5458  225.5777   10.2823   44.8039   41.6112    3.3834   -7.6633    0.0000   -0.0000    6.4814    0.4798    3.8720   -0.2227   -0.0410    1.0491    0.0000 
   5.1741 4294.3765   -4.8346    1.5527  226.8524  -13.8876    4.3376   26.9627    3.3834   -7.6633    0.0000   -0.0000    6.4814    0.4798    3.8720   -0.0024    0.1316    1.0122  -29.2358 
   5.2166 4294.3340   -3.3849    0.7383  227.6549   -6.1972  -32.7718   12.6805    3.3834   -7.6633    0.0000   -0.0000    6.4814    0.4798    3.8720   -0.0105    0.1299    1.1370  -21.5454 
   5.2591 4294.2915   -2.7560   -0.4426  227.9009    2.0425   32.9021   -2.0900    3.3834   -7.6633    0.0000   -0.0000    6.4814    0.4798    3.8720   -0.0674   -0.0020    1.0867  -13.3057 
   5.3016 4294.2490   -2.8189    1.6208  227.8470    2.7139  -10.1888    0.5956    3.3834   -7.6633    0.0000   -0.0000    6.4814    0.4798    3.8720    0.0269    0.0635    1.0586    0.0000 
   5.3441 4294.2065   -1.8740    0.1451  227.8844    2.2256    8.2439   -0.6251    3.3834   -7.6633    0.0000   -0.0000    6.4814    0.4798    3.8720   -0.0398    0.0073    1.0747  -13.1226 
   5.3866 4294.1641   -2.0689    1.3305  227.8730    4.3619   -6.7708    0.1073    3.3834   -7.6633    0.0000   -0.0000    6.4814    0.4798    3.8720    0.0234    0.0527    1.0771  -10.9863 
   5.4291 4294.1216   -2.0552   -0.2113  227.9392    1.0660   14.6526    0.2293    3.3834   -7.6633    0.0000   -0.0000    6.4814    0.4798    3.8720    0.0237   -0.0322    1.0947  -14.2822 
   5.4716 4294.0791   -1.8399   -0.2000  227.9392   -0.2158    0.3093   -0.0148    3.3834   -7.6633    0.0000   -0.0000    6.4814    0.4798    3.8720   -0.0356    0.0422    1.0793    0.0000 
   5.5141 4294.0366   -1.6558   -0.0096  227.9355    0.2725    2.9338   -0.0148    3.3834   -7.6633    0.0000   -0.0000    6.4814    0.4798    3.8640   -0.0176    0.0352    1.0706  -15.0757 
   5.5566 4293.9941   -1.1191    0.5805  227.9168    0.2725    2.6286   -0.1979    3.3834   -7.6633    0.0000   -0.0000    6.4814    0.4798    3.8720    0.0076    0.0193    1.0884  -15.0757 
   5.5991 4293.9512   -1.6345    0.4676  227.9233    0.5777    0.7976   -0.1369    3.3834   -7.6633    0.0000   -0.0000    6.4814    0.4798    3.8720   -0.0076    0.0415    1.0732  -14.7705 
   5.6416 4293.9087   -1.1177   -0.0095  227.9382   -1.0703   -1.2776   -0.0758    3.3834   -7.6633    0.0000   -0.0000    6.4814    0.4798    3.8720   -0.0161    0.0261    1.0730    0.0000 
   5.6841 4293.8662   -1.4744    0.5143  227.9202   -0.3378   -0.1180   -0.1979    3.3834   -7.6633    0.0000   -0.0000    6.4814    0.4798    3.8720   -0.0073    0.0325    1.0759  -15.6860 
   5.7266 4293.8237   -1.0916    0.6085  227.9140   -0.2158    0.1872    0.0462    3.3834   -7.6633    0.0000   -0.0000    6.4814    0.4798    3.8720   -0.0049    0.0247    1.0806  -15.5640 
   5.7691 4293.7812   -1.1884    0.1268  227.9324   -0.0327    0.0652    0.2904    3.3834   -7.6633    0.0000   -0.0000    6.4814    0.4798    3.8720   -0.0156    0.0278    1.0740  -15.3809 
   5.8116 4293.7388   -1.2630    0.6898  227.9131    0.2115   -0.0569    0.0462    3.3834   -7.6633    0.0000   -0.0000    6.4814    0.4798    3.8720   -0.0034    0.0281    1.0845    0.0000 
   5.8541 4293.6963   -1.4176    0.3085  227.9252   -0.5209    0.1262   -0.1369    3.3834   -7.6633    0.0000   -0.0000    6.4814    0.4798    3.8720   -0.0134    0.0320    1.0796  -15.8691 
   5.8966 4293.6538   -1.4686    0.0608  227.9313    0.4556    0.1872   -0.2589    3.3834   -7.6633    0.0000   -0.0000    6.4814    0.4798    3.8720   -0.0188    0.0347    1.0737  -14.8926 
   5.9391 4293.6113   -1.6023    0.3354  227.9211   -0.8871    0.2483   -0.0758    3.3834   -7.6633    0.0000   -0.0000    6.4814    0.4798    3.8720   -0.0261    0.0344    1.0720  -16.2354 
   5.9816 4293.5688   -1.2689    0.2109  227.9206    0.8218    0.0041   -0.0758    3.3834   -7.6633    0.0000   -0.0000    6.4814    0.4798    3.8800   -0.0137    0.0303    1.0842    0.0000 
   6.0241 4293.5264   -1.1180    0.3255  227.9167    0.3336    0.1262   -0.3810    3.3834   -7.6633    0.0000   -0.0000    6.4814    0.4798    3.8800   -0.0042    0.0300    1.0681  -15.0146 
   6.0666 4293.4839   -1.5152    0.3873  227.9066   -0.4599    0.0041   -0.0758    3.3834   -7.6633    0.0000   -0.0000    6.4814    0.4798    3.8720   -0.0083    0.0315    1.0789  -15.8081 
   6.1091 4293.4414   -1.7073    0.4068  227.8992    0.3946    0.1262    0.2904    3.3834   -7.6633    0.0000   -0.0000    6.4814    0.4798    3.8800   -0.0029    0.0352    1.0640  -14.9536 
   6.1516 4293.3989   -1.1857    0.3127  227.8934    0.5777    0.2483   -0.0148    3.3834   -7.6633    0.0000   -0.0000    6.4814    0.4798    3.8800   -0.0168    0.0281    1.0710    0.0000 
   6.1941 4293.3564   -1.6160    0.5282  227.8855    0.4556    0.0041   -0.0758    3.3834   -7.6633    0.0000   -0.0000    6.4814    0.4798    3.8800   -0.0076    0.0342    1.0752  -14.8926 
   6.2366 4293.3140   -1.2408    0.7587  227.8745   -0.2158   -0.1180   -0.3200    3.3834   -7.6633    0.0000   -0.0000    6.4814    0.4798    3.8800   -0.0012    0.0273    1.0769  -15.5640 
   6.2791 4293.2715   -1.5459    0.2422  227.8893   -0.3989    0.0041    0.3514    3.3834   -7.6633    0.0000   -0.0000    6.4814    0.4798    3.8800   -0.0242    0.0264    1.0718  -15.7471 
   6.3216 4293.2290   -1.2687    0.5359  227.8801   -0.0937   -0.1180    0.4125    3.3834   -7.6633    0.0000   -0.0000    6.4814    0.4798    3.8800   -0.0071    0.0288    1.0813    0.0000 
   6.3641 4293.1865   -1.5355    0.4096  227.8825   -0.5209    0.1262   -0.0758    3.3834   -7.6633    0.0000   -0.0000    6.4814    0.4798    3.8800   -0.0066    0.0388    1.0718  -15.8691 
   6.4066 4293.1440   -1.4327    0.1571  227.8914   -0.4599    0.5534   -0.1979    3.3834   -7.6633    0.0000   -0.0000    6.4814    0.4798    3.8800   -0.0193    0.0327    1.0796  -15.8081 
   6.4491 4293.1016   -0.8916    0.5915  227.8900   -0.0327    0.0041    0.3514    3.3834   -7.6633    0.0000   -0.0000    6.4814    0.4798    3.8800   -0.0061    0.0215    1.0657  -15.3809 
   6.4916 4293.0591   -1.3333    0.5748  227.2379  -17.3056  -22.8841  -18.2033    3.3834   -7.6633    0.0000   -0.0000    6.4814    0.4798    3.8800    0.0083    0.1316    0.9780    0.0000 
   6.5341 4293.0166   -1.0022    0.2235  226.6280   14.0054   11.1125   -9.9025    3.3834   -7.6633    0.0000   -0.0000    6.4814    0.4798    3.8800    0.0146    0.0176    1.2549   -1.3428 
   6.5766 4292.9741   -0.8994   -0.1950  226.4708    0.9439   -1.7049   -0.0758    3.3834   -7.6633    0.0000   -0.0000    6.4814    0.4798    3.8800   -0.0007   -0.0247    1.0933  -14.4043 
   6.6191 4292.9316    0.0450    0.1232  226.5538   -0.8261  -12.6302    4.5018    3.3834   -7.6633    0.0000   -0.0000    6.4814    0.4798    3.8800   -0.0173   -0.1382    1.0867  -16.1743 
   6.6616 4292.8887    0.3929    0.3395  226.8086   -2.2910  -11.8977    8.9574    3.3834   -7.6633    0.0000   -0.0000    6.4814    0.4798    3.8800   -0.1165    0.4592    1.0813  -17.6392 
   6.7041 4292.8462   -0.7810   -0.9270  228.9051   72.9654   41.5691   93.1859    3.3834   -7.6633    0.0000   -0.0000    6.4814    0.4798    3.8800    0.1201    0.0308    1.2395   57.6172 
   6.7466 4292.8037    7.1260    1.2130  232.6040  141.0196    8.4880   66.5746    3.3834   -7.6633    0.0000   -0.0000    6.4814    0.4798    3.8800    0.0974   -0.0688    1.4617  125.6714 
   6.7891 4292.7612    7.2403    1.4690  234.4724   -9.5541   -2.8645   33.6766    3.3834   -7.6633    0.0000   -0.0000    6.4814    0.4798    3.8720    0.0095    0.1697    1.6685  -24.9023 
   6.8316 4292.7188    5.5153    1.4027  234.6657   31.3394  -12.0198  -34.2555    3.3834   -7.6633    0.0000   -0.0000    6.4814    0.4798    3.8800   -0.0042   -0.2009    1.4543    0.0000 
   6.8741 4292.6763    7.8466    0.8140  233.6405   90.9708  -10.4939   26.7796    3.3834   -7.6633    0.0000   -0.0000    6.4814    0.4798    3.8800    0.0020   -0.0364    1.5466   75.6226 
   6.9166 4292.6338    6.7445    0.1064  236.2406  -12.4838  -35.6404   35.1415    3.3834   -7.6633    0.0000   -0.0000    6.4814    0.4798    3.8800   -0.0469   -0.1133    1.4258  -27.8320 
   6.9591 4292.5913    9.2785   -1.6187  235.1161   58.1339   -7.3811  -29.8610    3.3834   -7.6633    0.0000   -0.0000    6.4814    0.4798    3.8800   -0.0632   -0.2944    1.3936   42.7856 
   7.0016 4292.5488   12.4822   -2.2339  237.0608   38.0533  -62.4959   86.4720    3.3834   -7.6633    0.0000   -0.0000    6.4814    0.4798    3.8800   -0.0671   -0.3154    1.3274    0.0000 
   7.0441 4292.5063   15.3279   -2.6730  239.0637   18.2169  -29.9031  -33.5231    3.3834   -7.6633    0.0000   -0.0000    6.4814    0.4798    3.8800    0.0999   -0.3704    1.0181    2.8687 
   7.0866 4292.4639   17.6789   -2.4914  237.5975   35.0626    2.0183   -2.8224    3.3834   -7.6633    0.0000   -0.0000    6.4814    0.4798    3.8800   -0.2322   -0.3035    1.2068    0.0000 
   7.1291 4292.4214   19.1692   -4.8645  238.5379   13.5782  -46.5657   32.3338    3.3834   -7.6633    0.0000   -0.0000    6.4814    0.4798    3.8800   -0.0911   -0.4670    0.8479   -1.7700 
   7.1716 4292.3789   22.3485   -6.1562  237.8365   29.9966  -24.7151  -50.4909    3.3834   -7.6633    0.0000   -0.0000    6.4814    0.4798    3.8800   -0.1064   -0.4441    0.7917    0.0000 
   7.2141 4292.3364   25.0350   -8.8932  234.8441   12.0523  -18.1844  -53.9699    3.3834   -7.6633    0.0000   -0.0000    6.4814    0.4798    3.8800   -0.1567   -0.4973    0.7524   -3.2959 
   7.2566 4292.2939   27.9218  -11.0573  231.1017   65.5801  -16.5974  -99.0749    3.3834   -7.6633    0.0000   -0.0000    6.4814    0.4798    3.8800    0.0103   -0.4263    0.6404   50.2319 
   7.2991 4292.2515   29.1474  -11.6805  227.6730   38.4805    5.8025  -55.9230    3.3834   -7.6633    0.0000   -0.0000    6.4814    0.4798    3.8800   -0.2109   -0.4714    0.8547   23.1323 
   7.3416 4292.2090   30.8650  -10.9878  225.2702   12.7847   13.8591  -87.7223    3.3834   -7.6633    0.0000   -0.0000    6.4814    0.4798    3.8800   -0.0557   -0.5000    0.6865    0.0000 
   7.3841 4292.1665   30.3837  -11.9274  219.5740   13.7003   56.4616 -129.5314    3.3834   -7.6633    0.0000   -0.0000    6.4814    0.4798    3.8800   -0.2969   -0.4382    0.8022   -1.6479 
   7.4266 4292.1240   27.9859  -15.2511  211.9404   18.0338   31.3762 -135.8180    3.3834   -7.6633    0.0000   -0.0000    6.4814    0.4798    3.8800   -0.2976   -0.3735    0.8528    2.6855 
   7.4691 4292.0815   27.2412  -18.0115  206.1814   32.6822   38.1511  -77.2853    3.3834   -7.6633    0.0000   -0.0000    6.4814    0.4798    3.8800   -0.3479   -0.4355    0.7773   17.3340 
   7.5116 4292.0391   26.7952  -21.1727  200.5007   40.6778   27.8361 -103.1642    3.3834   -7.6633    0.0000   -0.0000    6.4814    0.4798    3.8800   -0.4067   -0.3965    0.8054    0.0000 
   7.5541 4291.9966   25.5233  -24.0855  193.9777   51.6031   22.8923 -118.4840    3.3834   -7.6633    0.0000   -0.0000    6.4814    0.4798    3.8800   -0.3384   -0.3948    0.7190   36.2549 
   7.5966 4291.9541   26.1646  -23.9485  188.2348   54.7159   30.5827 -140.8229    3.3834   -7.6633    0.0000   -0.0000    6.4814    0.4798    3.8800   -0.3008   -0.4033    0.7339   39.3677 
   7.6391 4291.9116   27.4434  -24.2250  181.2712   65.5801   40.8366 -158.2789    3.3834   -7.6633    0.0000   -0.0000    6.4814    0.4798    3.8800   -0.2961   -0.4668    0.7659   50.2319 
   7.6816 4291.8691   26.8689  -23.9765  173.7122   57.0962   48.9543 -175.8571    3.3834   -7.6633    0.0000   -0.0000    6.4814    0.4798    3.8800   -0.1807   -0.3696    0.8328    0.0000 
   7.7241 4291.8262   24.9826  -22.4836  166.5597   32.8043   55.1799 -170.3639    3.3834   -7.6633    0.0000   -0.0000    6.4814    0.4798    3.8800   -0.2202   -0.4441    0.8384   17.4561 
   7.7666 4291.7837   24.4168  -21.1750  159.4832   41.2881   63.2365 -167.0680    3.3834   -7.6633    0.0000   -0.0000    6.4814    0.4798    3.8800   -0.2881   -0.4529    0.8789   25.9399 
   7.8091 4291.7412   23.2474  -19.9012  153.8149   44.8282   29.1179  -92.4220    3.3834   -7.6633    0.0000   -0.0000    6.4814    0.4798    3.8800   -0.2756   -0.3142    0.8809   29.4800 
   7.8516 4291.6987   22.5409  -18.5500  149.0258   33.2315   43.9494 -154.0675    3.3834   -7.6633    0.0000   -0.0000    6.4814    0.4798    3.8800   -0.2117   -0.3599    0.8127    0.0000 
   7.8941 4291.6562   20.4613  -17.5502  141.9780   26.2125   57.3772 -156.5089    3.3834   -7.6633    0.0000   -0.0000    6.4814    0.4798    3.8800   -0.2976   -0.2314    1.0171   10.8643 
   7.9366 4291.6138   17.7812  -16.6698  136.6292   -2.5961   23.5027 -116.3478    3.3834   -7.6633    0.0000   -0.0000    6.4814    0.4798    3.8800   -0.3188   -0.3689    1.0024  -17.9443 
   7.9791 4291.5713   17.5529  -17.5532  132.2034   50.8096    8.2439  -68.3131    3.3834   -7.6633    0.0000   -0.0000    6.4814    0.4798    3.8800   -0.3459   -0.2983    1.1626   35.4614 
   8.0216 4291.5288   16.9580  -17.0718  129.5200   19.4986  -14.5833  -73.3791    3.3834   -7.6633    0.0000   -0.0000    6.4814    0.4798    3.8800   -0.1040   -0.3240    1.1868    0.0000 
   8.0641 4291.4863   16.8230  -15.3597  127.3384   45.9879    9.4035  -38.8332    3.3834   -7.6633    0.0000   -0.0000    6.4814    0.4798    3.8800   -0.1382   -0.2161    1.1914   30.6396 
   8.1066 4291.4438   15.6822  -15.3684  124.9891   23.5269  -26.4241  -75.8815    3.3834   -7.6633    0.0000   -0.0000    6.4814    0.4798    3.8880   -0.0957    0.0239    1.1768    8.1787 
   8.1491 4291.4014   12.7087  -15.3372  121.4701  -36.4096    4.0935 -119.4606    3.3834   -7.6633    0.0000   -0.0000    6.4814    0.4798    3.8800   -0.0349   -0.0803    0.9783  -51.7578 
   8.1916 4291.3589    8.9899  -13.6541  117.4007  -15.2914    6.1687  -83.3888    3.3834   -7.6633    0.0000   -0.0000    6.4814    0.4798    3.8800   -0.1763   -0.0664    1.0933    0.0000 
   8.2341 4291.3164    6.4803  -12.5993  116.0719  -26.0947  -21.2972  -23.9406    3.3834   -7.6633    0.0000   -0.0000    6.4814    0.4798    3.8800   -0.1394   -0.0891    0.9995  -41.4429 
   8.2766 4291.2739    3.4629  -11.0921  114.4680  -22.8598   11.1736  -59.7072    3.3834   -7.6633    0.0000   -0.0000    6.4814    0.4798    3.8880   -0.2085   -0.0330    1.0361  -38.2080 
   8.3191 4291.2314    2.5792  -10.8509  113.8586  -12.4838  -20.8699   17.8075    3.3834   -7.6633    0.0000   -0.0000    6.4814    0.4798    3.8880   -0.1987   -0.0461    0.9556  -27.8320 
   8.3616 4291.1890    3.2297  -10.0293  115.4718  -25.8505  -18.7947   29.7093    3.3834   -7.6633    0.0000   -0.0000    6.4814    0.4798    3.8880   -0.1445   -0.0886    0.8760    0.0000 
   8.4041 4291.1465    4.7588  -11.4069  116.1567   -8.0893  -13.9119    7.7367    3.3834   -7.6633    0.0000   -0.0000    6.4814    0.4798    3.8880   -0.2810   -0.1987    0.9548  -23.4375 
   8.4466 4291.1040    5.9441  -14.0292  116.7282    1.6153  -27.0345   32.8832    3.3834   -7.6633    0.0000   -0.0000    6.4814    0.4798    3.8800   -0.3044   -0.1052    0.9097  -13.7329 
   8.4891 4291.0615    7.8663  -16.7564  118.4548   29.9966  -23.7386   50.3392    3.3834   -7.6633    0.0000   -0.0000    6.4814    0.4798    3.8880   -0.3928   -0.1467    0.9670   14.6484 
   8.5316 4291.0190    9.4807  -18.6502  118.2450   14.7379   -7.0760  -25.3444    3.3834   -7.6633    0.0000   -0.0000    6.4814    0.4798    3.8800   -0.3218   -0.2854    1.1260    0.0000 
   8.5741 4290.9766   11.2779  -16.7068  117.4995   20.8414   34.3669  -22.5368    3.3834   -7.6633    0.0000   -0.0000    6.4814    0.4798    3.8880   -0.2283   -0.3359    1.3010    5.4932 
   8.6166 4290.9341   11.0094  -14.6617  115.8203    9.5499   50.4192  -45.5470    3.3834   -7.6633    0.0000   -0.0000    6.4814    0.4798    3.8880   -0.4575   -0.2146    1.3040    0.0000 
   8.6591 4290.8916    9.3521  -13.4297  113.9147  -20.1132   19.1081  -49.6364    3.3834   -7.6633    0.0000   -0.0000    6.4814    0.4798    3.8880   -0.2419   -0.1921    1.0249  -35.4614 
   8.7016 4290.8491    8.4019  -14.0550  111.9879  -13.5214   40.2873  -33.4621    3.3834   -7.6633    0.0000   -0.0000    6.4814    0.4798    3.8880   -0.3303   -0.1509    0.9998    0.0000 
   8.7441 4290.8066    8.0364  -15.4281  111.3811  -29.5737    8.7932   -1.4186    3.3834   -7.6633    0.0000   -0.0000    6.4814    0.4798    3.8880   -0.3069   -0.1694    0.9407  -44.9219 
   8.7866 4290.7637    9.2316  -15.7078  111.7344  -14.1928    2.0183   15.6102    3.3834   -7.6633    0.0000   -0.0000    6.4814    0.4798    3.8880   -0.2251   -0.2080    0.8843  -29.5410 
   8.8291 4290.7212   10.4437  -14.7677  113.3453  -18.4042    3.5442   42.4657    3.3834   -7.6633    0.0000   -0.0000    6.4814    0.4798    3.8880   -0.3108   -0.1519    0.9905  -33.7524 
   8.8716 4290.6787    8.8942  -16.1769  114.7051  -28.1699  -10.6770   25.9251    3.3834   -7.6633    0.0000   -0.0000    6.4814    0.4798    3.8880   -0.2798   -0.1609    0.9319    0.0000 
   8.9141 4290.6362   10.2749  -15.6432  116.8139  -14.7421   -1.8880   56.6869    3.3834   -7.6633    0.0000   -0.0000    6.4814    0.4798    3.8880   -0.2539   -0.1516    0.8359  -30.0903 
   8.9566 4290.5938    8.2751  -15.0925  119.3259  -18.7704   -6.4656   48.0199    3.3834   -7.6633    0.0000   -0.0000    6.4814    0.4798    3.8880   -0.2200   -0.0979    0.9387  -34.1187 
   8.9991 4290.5513    8.7926  -12.9546  121.5297  -38.1186   24.7234   33.6766    3.3834   -7.6633    0.0000   -0.0000    6.4814    0.4798    3.8880   -0.2861   -0.2341    1.1350  -53.4668 
   9.0416 4290.5088    7.6948  -12.4305  123.0595  -33.1137    8.1828   42.4657    3.3834   -7.6633    0.0000   -0.0000    6.4814    0.4798    3.8880   -0.2375   -0.1931    1.3171    0.0000 
   9.0841 4290.4663    8.6180  -10.2660  126.5116  -26.2778   30.5827   77.1947    3.3834   -7.6633    0.0000   -0.0000    6.4814    0.4798    3.8880   -0.2097   -0.3477    1.2817  -41.6260 
   9.1266 4290.4238    8.7768  -10.3357  129.5019   -8.8828    4.1545   76.5233    3.3834   -7.6633    0.0000   -0.0000    6.4814    0.4798    3.8880   -0.5156   -0.1130    1.2690  -24.2310 
   9.1691 4290.3813    9.3222  -12.0691  132.9067  -31.8930  -38.0818   66.4525    3.3834   -7.6633    0.0000   -0.0000    6.4814    0.4798    3.8880   -0.1572   -0.2170    0.9395  -47.2412 
   9.2116 4290.3389    9.8109  -11.9364  134.7327  -35.1279   -4.1463    8.1029    3.3834   -7.6633    0.0000   -0.0000    6.4814    0.4798    3.8880   -0.2417   -0.1750    0.9941    0.0000 
   9.2541 4290.2964    6.4076  -12.9895  135.9014  -35.1279  -35.0911   49.2406    3.3834   -7.6633    0.0000   -0.0000    6.4814    0.4798    3.8880   -0.2412   -0.0432    1.0142  -50.4761 
   9.2966 4290.2539    6.1435  -13.9517  139.4398  -35.0058  -48.9461   82.1996    3.3834   -7.6633    0.0000   -0.0000    6.4814    0.4798    3.8880   -0.1689   -0.0996    0.7637  -50.3540 
   9.3391 4290.2114    7.6247  -15.5560  143.2345  -26.3388  -35.8235   86.1668    3.3834   -7.6633    0.0000   -0.0000    6.4814    0.4798    3.8880   -0.2593   -0.1272    0.7373  -41.6870 
   9.3816 4290.1689    9.0771  -18.5978  147.1034  -15.0473  -37.1663  103.7450    3.3834   -7.6633    0.0000   -0.0000    6.4814    0.4798    3.8800   -0.3640   -0.1746    0.7300    0.0000 
   9.4241 4290.1265   10.2129  -21.3011  150.5666    3.8736  -12.6912   72.8612    3.3834   -7.6633    0.0000   -0.0000    6.4814    0.4798    3.8880   -0.5012   -0.0706    0.7871  -11.4746 
   9.4666 4290.0840    9.8271  -23.3662  152.1089   -7.2958   -1.4607   21.2254    3.3834   -7.6633    0.0000   -0.0000    6.4814    0.4798    3.8880   -0.5676   -0.1021    0.8467    0.0000 
   9.5091 4290.0415    9.4981  -25.1901  152.4577    8.2071   13.1877   23.6058    3.3834   -7.6633    0.0000   -0.0000    6.4814    0.4798    3.8800   -0.6638   -0.1567    1.0054   -7.1411 
   9.5516 4289.9990   10.2363  -25.9680  152.4527   17.6065    7.5725   -8.9259    3.3834   -7.6633    0.0000   -0.0000    6.4814    0.4798    3.8800   -0.5386   -0.2649    1.1428    0.0000 
   9.5941 4289.9565   10.9378  -25.9530  151.0208   -2.5961   44.6819  -40.6642    3.3834   -7.6633    0.0000   -0.0000    6.4814    0.4798    3.8880   -0.7263   -0.2830    1.3630  -17.9443 
   9.6366 4289.9141   10.9519  -24.8041  148.9160  -14.6811   17.9485  -81.2526    3.3834   -7.6633    0.0000   -0.0000    6.4814    0.4798    3.8800   -0.4946   -0.3000    1.1685  -30.0293 
   9.6791 4289.8716   10.2445  -22.1249  146.0982   -5.5258   32.6579  -82.2292    3.3834   -7.6633    0.0000   -0.0000    6.4814    0.4798    3.8880   -0.4246   -0.2307    1.0981  -20.8740 
   9.7216 4289.8291    6.9527  -21.7334  142.6921   -2.4130    4.0324  -91.3234    3.3834   -7.6633    0.0000   -0.0000    6.4814    0.4798    3.8880   -0.4084   -0.0603    1.0715    0.0000 
   9.7641 4289.7866    4.3277  -20.7295  140.0976  -18.1601  -10.3108  -59.7072    3.3834   -7.6633    0.0000   -0.0000    6.4814    0.4798    3.8880   -0.2153   -0.0247    0.8796  -33.5083 
   9.8066 4289.7441    2.1016  -18.7490  137.8178  -32.4423   -4.5125  -83.7550    3.3834   -7.6633    0.0000   -0.0000    6.4814    0.4798    3.8880   -0.1658   -0.0081    0.8967  -47.7905 
   9.8491 4289.7012   -0.6209  -16.4796  134.9396  -38.9731    5.3142  -75.3322    3.3834   -7.6633    0.0000   -0.0000    6.4814    0.4798    3.8800   -0.1125   -0.0249    0.9080  -54.3213 
   9.8916 4289.6587   -0.6747  -14.8865  133.6170  -17.3056  -13.1795   -2.5172    3.3834   -7.6633    0.0000   -0.0000    6.4814    0.4798    3.8880   -0.2244   -0.0481    0.9375    0.0000 
   9.9341 4289.6162   -0.1656  -13.9739  134.3473  -27.4985  -21.2972   10.3612    3.3834   -7.6633    0.0000   -0.0000    6.4814    0.4798    3.8880   -0.0593   -0.0688    0.8823  -42.8467 
   9.9766 4289.5737    0.1086  -12.5711  134.5398  -35.1889   20.6340   -1.6627    3.3834   -7.6633    0.0000   -0.0000    6.4814    0.4798    3.8880   -0.2754   -0.0981    1.0664  -50.5371 
  10.0191 4289.5312    1.5904  -11.4019  136.2220  -10.1645  -19.0389   60.4710    3.3834   -7.6633    0.0000   -0.0000    6.4814    0.4798    3.8880   -0.0657   -0.1794    1.1748  -25.5127 
  10.0616 4289.4888    3.3271  -10.6290  138.4241   -3.4506   39.9211   43.6253    3.3834   -7.6633    0.0000   -0.0000    6.4814    0.4798    3.8880   -0.4912   -0.1917    1.3667    0.0000 
  10.1041 4289.4463    4.1148  -12.0895  140.8797   20.5362  -22.5789   79.2088    3.3834   -7.6633    0.0000   -0.0000    6.4814    0.4798    3.8880   -0.3826   -0.0054    1.2183    5.1880 
  10.1466 4289.4038    2.8801  -11.8884  142.7508  -20.5405    6.9011   -3.8600    3.3834   -7.6633    0.0000   -0.0000    6.4814    0.4798    3.8880   -0.0571    0.0603    1.0686  -35.8887 
  10.1891 4289.3613   -0.3875   -9.6505  141.7657  -16.9394   28.5075  -34.6828    3.3834   -7.6633    0.0000   -0.0000    6.4814    0.4798    3.8880   -0.2395    0.1638    1.0781  -32.2876 
  10.2316 4289.3188   -3.3170  -10.1686  142.0492  -21.4560  -17.4519   43.3812    3.3834   -7.6633    0.0000   -0.0000    6.4814    0.4798    3.8880   -0.2456    0.2778    0.9585    0.0000 
  10.2741 4289.2764   -6.3392  -11.4880  145.0152  -33.5410  -26.3631   65.7811    3.3834   -7.6633    0.0000   -0.0000    6.4814    0.4798    3.8880   -0.1431    0.1382    0.7551  -48.8892 
  10.3166 4289.2339   -7.9878  -13.3564  147.2928  -39.4614    8.1218   23.6668    3.3834   -7.6633    0.0000   -0.0000    6.4814    0.4798    3.8800   -0.3503    0.0857    0.8154  -54.8096 
  10.3591 4289.1914   -8.0339  -15.9142  149.1214  -11.8735  -15.7430   46.5550    3.3834   -7.6633    0.0000   -0.0000    6.4814    0.4798    3.8880   -0.3892    0.0725    0.8008  -27.2217 
  10.4016 4289.1489   -7.0500  -19.1372  151.9814   -5.7700   -0.9724   52.7806    3.3834   -7.6633    0.0000   -0.0000    6.4814    0.4798    3.8880   -0.4561    0.1443    0.8718    0.0000 
  10.4441 4289.1064   -7.7432  -21.1499  152.9731  -18.5873    3.8493   -9.3532    3.3834   -7.6633    0.0000   -0.0000    6.4814    0.4798    3.8880   -0.5051    0.1450    0.9775  -33.9355 
  10.4866 4289.0640   -6.7000  -21.9149  153.2070   -4.5493   -0.2400    7.9198    3.3834   -7.6633    0.0000   -0.0000    6.4814    0.4798    3.8880   -0.2932   -0.0525    1.1062  -19.8975 
  10.5291 4289.0215   -4.1555  -20.9081  153.6302   15.9586   37.7849   23.7889    3.3834   -7.6633    0.0000   -0.0000    6.4814    0.4798    3.8880   -0.6858   -0.1462    1.3889    0.6104 
  10.5716 4288.9790   -1.4157  -21.2843  154.2300   18.2169    6.4738    5.9667    3.3834   -7.6633    0.0000   -0.0000    6.4814    0.4798    3.8880   -0.5803   -0.0190    1.1748    0.0000 
  10.6141 4288.9365   -1.9206  -19.9355  152.8910   -9.8593   21.3664  -63.7355    3.3834   -7.6633    0.0000   -0.0000    6.4814    0.4798    3.8880   -0.1997    0.0623    1.0288  -25.2075 
  10.6566 4288.8940   -3.7057  -16.3616  149.8484  -10.7748   64.2741  -76.5529    3.3834   -7.6633    0.0000   -0.0000    6.4814    0.4798    3.8880   -0.4170    0.1089    1.1460  -26.1230 
  10.6991 4288.8516   -6.1721  -14.6043  147.6865  -11.8735   -3.6580  -34.6828    3.3834   -7.6633    0.0000   -0.0000    6.4814    0.4798    3.8800   -0.2185    0.1350    1.0642  -27.2217 
  10.7416 4288.8091   -7.5401  -11.7843  146.2442  -31.9540   22.7092  -46.4625    3.3834   -7.6633    0.0000   -0.0000    6.4814    0.4798    3.8880   -0.1458    0.1296    0.9680    0.0000 
  10.7841 4288.7666   -8.2891   -8.4326  143.9094  -29.2685   17.9485  -45.0587    3.3834   -7.6633    0.0000   -0.0000    6.4814    0.4798    3.8800   -0.1243    0.1069    0.9644  -44.6167 
  10.8266 4288.7241   -7.9991   -9.0322  143.9572  -35.8603    2.6286    9.8119    3.3834   -7.6633    0.0000   -0.0000    6.4814    0.4798    3.8880   -0.1921    0.0649    0.9333  -51.2085 
  10.8691 4288.6816   -7.0044   -8.8064  144.3732  -26.0947   -6.0384    6.1498    3.3834   -7.6633    0.0000   -0.0000    6.4814    0.4798    3.8880   -0.0969    0.0706    0.9192  -41.4429 
  10.9116 4288.6387   -6.6073   -7.0164  144.7494  -35.7382   15.0188    7.2484    3.3834   -7.6633    0.0000   -0.0000    6.4814    0.4798    3.8880   -0.1118    0.0239    0.9802    0.0000 
  10.9541 4288.5962   -5.3542   -6.4812  145.0362  -17.4887   20.4509    2.1825    3.3834   -7.6633    0.0000   -0.0000    6.4814    0.4798    3.8880   -0.1289    0.0713    1.0889  -32.8369 
  10.9966 4288.5537   -4.6199   -3.8155  145.2719  -11.5073   19.9016   14.7557    3.3834   -7.6633    0.0000   -0.0000    6.4814    0.4798    3.8880    0.0012    0.0474    1.1758  -26.8555 
  11.0391 4288.5112   -3.2778   -2.9046  146.4401   15.5923   43.7663   36.5453    3.3834   -7.6633    0.0000   -0.0000    6.4814    0.4798    3.8880   -0.2422    0.0928    1.1311    0.2441 
  11.0816 4288.4688   -3.7278   -3.2597  148.4718   23.0386   -3.5359   49.1185    3.3834   -7.6633    0.0000   -0.0000    6.4814    0.4798    3.8880   -0.0190    0.1787    1.1499    0.0000 
  11.1241 4288.4263   -4.5581   -0.5520  149.0604   -8.3945   39.1277   -8.5597    3.3834   -7.6633    0.0000   -0.0000    6.4814    0.4798    3.8880    0.0071    0.0930    1.0425  -23.7427 
  11.1666 4288.3838   -5.1265   -0.7145  148.3530   14.9820   28.6906   -4.4093    3.3834   -7.6633    0.0000   -0.0000    6.4814    0.4798    3.8880   -0.1545    0.1885    1.0469   -0.3662 
  11.2091 4288.3413   -6.3880   -1.2822  149.6971   15.4703  -12.9964   55.8324    3.3834   -7.6633    0.0000   -0.0000    6.4814    0.4798    3.8880    0.0266    0.2466    0.9741    0.1221 
  11.2516 4288.2988   -8.2939   -1.3330  151.2645   -6.3803   29.9113    4.1356    3.3834   -7.6633    0.0000   -0.0000    6.4814    0.4798    3.8880   -0.0986    0.1877    0.9539    0.0000 
  11.2941 4288.2563   -8.9920   -2.4882  151.0166   -6.7465   16.8498  -19.7902    3.3834   -7.6633    0.0000   -0.0000    6.4814    0.4798    3.8880   -0.1533    0.1257    0.9231  -22.0947 
  11.3366 4288.2139   -9.1538   -2.2260  150.7982   13.9444    6.8401   13.9623    3.3834   -7.6633    0.0000   -0.0000    6.4814    0.4798    3.8880   -0.0535    0.1650    0.9414   -1.4038 
  11.3791 4288.1714   -9.4889   -3.9169  152.3943    7.7798   19.4743   24.7655    3.3834   -7.6633    0.0000   -0.0000    6.4814    0.4798    3.8880   -0.1426    0.1958    1.0247   -7.5684 
  11.4216 4288.1289   -9.3798   -3.0676  152.2020    1.0049   -0.7283  -12.0998    3.3834   -7.6633    0.0000   -0.0000    6.4814    0.4798    3.8880   -0.0417    0.1384    0.9841    0.0000 
  11.4641 4288.0864   -8.3954   -4.5151  152.7094    1.7984   12.3332   16.2816    3.3834   -7.6633    0.0000   -0.0000    6.4814    0.4798    3.8880   -0.1487    0.1704    1.0972  -13.5498 
  11.5066 4288.0439   -6.6735   -4.5227  152.4126    5.3384  -15.1326  -31.3869    3.3834   -7.6633    0.0000   -0.0000    6.4814    0.4798    3.8880    0.0754   -0.0330    1.0750  -10.0098 
  11.5491 4288.0015   -4.4861   -2.7577  151.2591   31.9498   17.0329    6.1498    3.3834   -7.6633    0.0000   -0.0000    6.4814    0.4798    3.8880    0.1094   -0.1047    1.0562   16.6016 
  11.5916 4287.9590   -0.8074   -0.0524  152.3192   37.9922   38.3342   30.0755    3.3834   -7.6633    0.0000   -0.0000    6.4814    0.4798    3.8880    0.0017    0.0146    1.1658    0.0000 
  11.6341 4287.9165    1.6862    3.6111  151.6236   21.3296   44.0105  -58.1813    3.3834   -7.6633    0.0000   -0.0000    6.4814    0.4798    3.8880    0.1492   -0.0840    1.0811    5.9814 
  11.6766 4287.8740    4.4539    6.1668  148.9351   16.2027   68.9738  -59.2799    3.3834   -7.6633    0.0000   -0.0000    6.4814    0.4798    3.8800   -0.0178   -0.1343    1.1057    0.8545 
  11.7191 4287.8315    6.0432    6.0201  147.2565   35.3067   33.3903  -11.7946    3.3834   -7.6633    0.0000   -0.0000    6.4814    0.4798    3.8880   -0.0911   -0.0796    1.2146   19.9585 
  11.7616 4287.7891    4.9708    5.1519  147.4586   13.6392   -6.1604   -0.9914    3.3834   -7.6633    0.0000   -0.0000    6.4814    0.4798    3.8880    0.0769    0.0076    1.2217    0.0000 
  11.8041 4287.7466    3.8836    3.7849  145.6756   -7.3569   26.1272  -60.5006    3.3834   -7.6633    0.0000   -0.0000    6.4814    0.4798    3.8880    0.0022   -0.0505    1.1785  -22.7051 
  11.8466 4287.7041    3.3867    4.7888  142.8754  -43.6118    7.2673  -57.9372    3.3834   -7.6633    0.0000   -0.0000    6.4814    0.4798    3.8880    0.1072   -0.0925    1.0642    0.0000 
  11.8891 4287.6616    3.9991    6.9218  140.9431   23.0386   14.8357  -31.8141    3.3834   -7.6633    0.0000   -0.0000    6.4814    0.4798    3.8880    0.1216   -0.0354    1.1113    7.6904 
  11.9316 4287.6191    2.5930    6.6859  140.3014    4.4229   13.3098   -7.6442    3.3834   -7.6633    0.0000   -0.0000    6.4814    0.4798    3.8880    0.0513    0.0103    1.1279    0.0000 
  11.9741 4287.5762    3.9829    5.6457  139.5544   38.5416  -22.5179  -26.8703    3.3834   -7.6633    0.0000   -0.0000    6.4814    0.4798    3.8880   -0.0339   -0.0122    0.9167   23.1934 
  12.0166 4287.5337    6.8306    0.6273  138.7551  142.7896  -54.5003    5.2953    3.3834   -7.6633    0.0000   -0.0000    6.4814    0.4798    3.8880   -0.0554    0.0254    2.3750  127.4414 
  12.0591 4287.4912    7.4481    0.3130  137.7859   24.1983  -16.0481  -73.2570    3.3834   -7.6633    0.0000   -0.0000    6.4814    0.4798    3.8880   -0.0037   -0.0593    0.9690    8.8501 
  12.1016 4287.4487    6.9966    0.0289  134.7857    1.7984    1.5300  -31.2038    3.3834   -7.6633    0.0000   -0.0000    6.4814    0.4798    3.8880   -0.0544   -0.0159    1.1343    0.0000 
  12.1441 4287.4062    4.7813    0.8596  134.9022  -17.6108    1.8352   -0.8083    3.3834   -7.6633    0.0000   -0.0000    6.4814    0.4798    3.8880    0.0359   -0.0295    1.1140  -32.9590 
  12.1866 4287.3638    3.4060    1.3568  134.9289   52.8848  -31.0628    1.8773    3.3834   -7.6633    0.0000   -0.0000    6.4814    0.4798    3.8880   -0.0266   -0.0710    1.1067   37.5366 
  12.2291 4287.3213    2.6225    1.3149  134.9277   -6.3803    2.6897    0.2904    3.3834   -7.6633    0.0000   -0.0000    6.4814    0.4798    3.8880    0.0427    0.0427    1.0396  -21.7285 
  12.2716 4287.2788    2.4797    1.3363  134.9551  -21.1508    6.0466   -0.1979    3.3834   -7.6633    0.0000   -0.0000    6.4814    0.4798    3.8880    0.0449    0.0398    1.0820    0.0000 
  12.3141 4287.2363    2.0739    1.6374  134.9788  -12.4838    1.8352    0.2293    3.3834   -7.6633    0.0000   -0.0000    6.4814    0.4798    3.8880    0.0327    0.0437    1.0896  -27.8320 
  12.3566 4287.1938    1.3293    1.7088  134.9823   -1.3144    0.1262   -0.3200    3.3834   -7.6633    0.0000   -0.0000    6.4814    0.4798    3.8880    0.0146    0.0049    1.0796  -16.6626 
  12.3991 4287.1514    1.2792    1.6540  134.9760    2.8360   -0.2400   -0.1979    3.3834   -7.6633    0.0000   -0.0000    6.4814    0.4798    3.8880    0.0024   -0.0225    1.0767  -12.5122 
  12.4416 4287.1089    1.3477    1.4884  134.9733    1.3101    0.4924   -0.0148    3.3834   -7.6633    0.0000   -0.0000    6.4814    0.4798    3.8880    0.0044   -0.0217    1.0896    0.0000 
  12.4841 4287.0664    0.7145    1.7711  134.9842    0.7608    0.1262   -0.1369    3.3834   -7.6633    0.0000   -0.0000    6.4814    0.4798    3.8880    0.0168   -0.0103    1.0789  -14.5874 
  12.5266 4287.0239    1.1535    1.9449  134.9893    0.3336    0.1872   -0.1369    3.3834   -7.6633    0.0000   -0.0000    6.4814    0.4798    3.8880    0.0208   -0.0164    1.0913  -15.0146 
  12.5691 4286.9814    1.0129    1.6064  134.9801    0.8218   -0.1180    0.1073    3.3834   -7.6633    0.0000   -0.0000    6.4814    0.4798    3.8880    0.0132   -0.0122    1.0825  -14.5264 
  12.6116 4286.9390    1.1547    1.7114  134.9843    0.6998    0.2483   -0.0148    3.3834   -7.6633    0.0000   -0.0000    6.4814    0.4798    3.8880    0.0149   -0.0251    1.0747    0.0000 
  12.6541 4286.8965    1.3007    1.8963  134.9918    0.4556    0.0652   -0.1369    3.3834   -7.6633    0.0000   -0.0000    6.4814    0.4798    3.8880    0.0178   -0.0183    1.0789  -14.8926 
  12.6966 4286.8540    1.1548    1.8140  134.9914   -0.7040    0.2483    0.1073    3.3834   -7.6633    0.0000   -0.0000    6.4814    0.4798    3.8960    0.0034   -0.0234    1.0818  -16.0522 
  12.7391 4286.8115    1.3768    1.6154  134.9875   -0.2768    0.0652   -0.1979    3.3834   -7.6633    0.0000   -0.0000    6.4814    0.4798    3.8880    0.0098   -0.0273    1.0759  -15.6250 
  12.7816 4286.7690    1.1764    1.6012  134.9895   -0.4599    0.2483    0.2904    3.3834   -7.6633    0.0000   -0.0000    6.4814    0.4798    3.8880    0.0212   -0.0120    1.0815    0.0000 
  12.8241 4286.7266    1.6316    1.3490  134.9851    0.2725    0.3703   -0.0758    3.3834   -7.6633    0.0000   -0.0000    6.4814    0.4798    3.8880    0.0088   -0.0261    1.0864  -15.0757 
  12.8666 4286.6841    1.2105    1.4884  134.9938    0.3336    0.1262   -0.0148    3.3834   -7.6633    0.0000   -0.0000    6.4814    0.4798    3.8880    0.0115   -0.0173    1.0889  -15.0146 
  12.9091 4286.6416    1.0625    2.0907  135.0038    0.2725    0.0652    0.1683    3.3834   -7.6633    0.0000   -0.0000    6.4814    0.4798    3.8880    0.0081   -0.0203    1.0813  -15.0757 
  12.9516 4286.5991    1.2692    1.8983  135.0037    0.0284   -0.0569    0.0462    3.3834   -7.6633    0.0000   -0.0000    6.4814    0.4798    3.8880    0.0225   -0.0183    1.0771    0.0000 
  12.9941 4286.5566    1.1352    1.6015  135.0026    0.2725   -0.1180   -0.0758    3.3834   -7.6633    0.0000   -0.0000    6.4814    0.4798    3.8880    0.0212   -0.0166    1.0854  -15.0757 
  13.0366 4286.5137    1.4481    1.6670  135.0077    0.1505    0.0041    0.0462    3.3834   -7.6633    0.0000   -0.0000    6.4814    0.4798    3.8880    0.0183   -0.0237    1.0854  -15.1978 
  13.0791 4286.4712    1.2566    1.4140  135.0100    0.0894   -0.0569   -0.2589    3.3834   -7.6633    0.0000   -0.0000    6.4814    0.4798    3.8960    0.0088   -0.0229    1.0876  -15.2588 
  13.1216 4286.4287    0.9746    2.0424  135.0240   -1.0092   -0.1790    0.1683    3.3834   -7.6633    0.0000   -0.0000    6.4814    0.4798    3.8880    0.0149   -0.0166    1.0754    0.0000 
  13.1641 4286.3862    1.3600    1.5870  135.0239    1.5543    0.3703   -0.0148    3.3834   -7.6633    0.0000   -0.0000    6.4814    0.4798    3.8960    0.0054   -0.0266    1.0771  -13.7939 
  13.2066 4286.3438    1.2122    1.3841  135.0231   -0.6430   -0.1180    0.4735    3.3834   -7.6633    0.0000   -0.0000    6.4814    0.4798    3.8880    0.0085   -0.0190    1.0779  -15.9912 
  13.2491 4286.3013    0.9311    1.9857  135.0304    1.3101   -0.1180   -0.4420    3.3834   -7.6633    0.0000   -0.0000    6.4814    0.4798    3.8880    0.0247   -0.0215    1.0806  -14.0381 
  13.2916 4286.2588    1.3040    1.5193  135.0202    0.3946   -0.1790    0.2904    3.3834   -7.6633    0.0000   -0.0000    6.4814    0.4798    3.8880    0.0059   -0.0203    1.0808    0.0000 
  13.3341 4286.2163    0.9579    1.4253  135.0185    0.6387    0.5534    0.1683    3.3834   -7.6633    0.0000   -0.0000    6.4814    0.4798    3.8960    0.0129   -0.0103    1.0798  -14.7095 
  13.3766 4286.1738    1.2863    1.3642  135.0180    0.2115   -0.0569   -0.1979    3.3834   -7.6633    0.0000   -0.0000    6.4814    0.4798    3.8880    0.0081   -0.0210    1.0903  -15.1367 
  13.4191 4286.1313    1.0522    1.5759  135.0218    0.7608    0.2483   -0.0148    3.3834   -7.6633    0.0000   -0.0000    6.4814    0.4798    3.8880    0.0139   -0.0171    1.0959  -14.5874 
