   0.0016 4290.9927   -0.0471   -0.1369  180.0000   -0.7104   -0.4100   -0.0015    0.0000    0.0000    0.0000    0.0000    0.0000    0.0000    3.8720   -0.0022    0.0007    1.0833    0.0000 
   0.0441 4290.9502    0.3635   -0.1597  179.9982   -0.1611   -0.3490    0.0596    0.0000    0.0000    0.0000    0.0000    0.0000    0.0000    3.8720   -0.0029   -0.0068    1.0730  -15.8081 
   0.0866 4290.9077    0.1843   -0.6026  179.9985   -0.0390    0.0172   -0.0015    0.0000    0.0000    0.0000    0.0000    0.0000    0.0000    3.8720   -0.0161   -0.0015    1.0735    0.0000 
   0.1291 4290.8652    0.4872   -0.7163  180.0084   -0.2831    0.3224    0.2427    0.0000    0.0000    0.0000    0.0000    0.0000    0.0000    3.8800   -0.0125   -0.0093    1.0732  -15.9302 
   0.1716 4290.8228   -0.1487   -0.3510  180.0143    0.6934   -0.1048   -0.0015    0.0000    0.0000    0.0000    0.0000    0.0000    0.0000    3.8800   -0.0049    0.0027    1.0820    0.0000 
   0.2141 4290.7803   -0.1488   -0.3007  180.0049   -0.1611   -0.1659    0.1817    0.0000    0.0000    0.0000    0.0000    0.0000    0.0000    3.8800   -0.0051    0.0125    1.0850  -15.8081 
   0.2566 4290.7378    0.0052   -0.7559  180.0100    0.9986    0.0783   -0.1846    0.0000    0.0000    0.0000    0.0000    0.0000    0.0000    3.8800   -0.0132    0.0012    1.0867    0.0000 
   0.2991 4290.6953    0.2053   -0.4238  180.0040   -0.1000    0.1393   -0.1235    0.0000    0.0000    0.0000    0.0000    0.0000    0.0000    3.8720   -0.0083   -0.0020    1.0791  -15.7471 
   0.3416 4290.6528    0.1109   -0.7519  179.9924    0.2662   -0.0438   -0.3066    0.0000    0.0000    0.0000    0.0000    0.0000    0.0000    3.8720   -0.0107    0.0015    1.0696    0.0000 
   0.3841 4290.6104    0.3580   -0.6041  179.9990    0.0831    0.1393    0.3648    0.0000    0.0000    0.0000    0.0000    0.0000    0.0000    3.8720   -0.0034    0.0005    1.0847  -15.5640 
   0.4266 4290.5679    0.2802   -0.5891  179.9917   -0.2221    0.1393   -0.3677    0.0000    0.0000    0.0000    0.0000    0.0000    0.0000    3.8720   -0.0039   -0.0034    1.0776    0.0000 
   0.4691 4290.5254    0.1864   -0.7807  179.9928   -0.0390   -0.5931   -0.0625    0.0000    0.0000    0.0000    0.0000    0.0000    0.0000    3.8720   -0.0151   -0.0024    1.0754  -15.6860 
   0.5116 4290.4829    0.0770   -0.7706  179.9896   -0.6493    0.0783   -0.1846    0.0000    0.0000    0.0000    0.0000    0.0000    0.0000    3.8720   -0.0181   -0.0020    1.0820    0.0000 
   0.5541 4290.4404    0.2858   -0.5324  179.9932   -0.4662    0.0172    0.2427    0.0000    0.0000    0.0000    0.0000    0.0000    0.0000    3.8720   -0.0090   -0.0081    1.0784  -16.1133 
   0.5966 4290.3975    0.0396   -0.7136  179.9933   -0.2221    0.2003    0.1206    0.0000    0.0000    0.0000    0.0000    0.0000    0.0000    3.8720   -0.0037    0.0010    1.0669    0.0000 
   0.6391 4290.3550    0.1861   -0.4789  179.9890    0.5714    0.2614   -0.6118    0.0000    0.0000    0.0000    0.0000    0.0000    0.0000    3.8720    0.0039   -0.0012    1.0793  -15.0757 
   0.6816 4290.3125    0.0289   -0.4775  179.9867   -0.3442    0.0172   -0.0015    0.0000    0.0000    0.0000    0.0000    0.0000    0.0000    3.8720   -0.0117    0.0010    1.0806    0.0000 
   0.7566    0.0010    0.1097    0.0459  179.9797    0.5714   -0.1048   -0.3066    1.6534    0.3012    0.0000    0.0000    1.1272    0.1476    3.8240   -0.0129    0.0017    1.0854    0.0250 
   0.7991    0.0010    0.3940   -0.0548  179.9692    0.2052    0.1393    0.2427    3.0949    1.8471    0.0000    0.0000  -10.7084    0.1950    3.7840    0.0168   -0.0073    1.0825   -0.1911 
   0.8416    0.0014    0.0000    0.0000  179.9818   -1.0766   -0.1048   -0.0015    3.8858    1.6420    0.0000    0.0000    0.0000    0.0000    3.8720    0.0044    0.0203    1.0889  -16.7236 
   0.8841    0.0009    0.0000    0.0000  179.9672    0.2662    1.4821    0.0596    3.8858    1.6420    0.0000    0.0000    0.0000    0.0000    3.8800    0.0176   -0.0095    1.0908  -15.3809 
   0.9266    0.0009    0.0000    0.0000  179.9636   -0.1000   -4.0111   -0.1235    3.8858    1.6420    0.0000    0.0000    0.0000    0.0000    3.8720   -0.0547   -0.0229    1.0786    0.0000 
   0.9691    0.0009    0.0000    0.0000  179.9691   -0.1000    2.8859    0.4258    3.8858    1.6420    0.0000    0.0000    0.0000    0.0000    3.8720    0.0042    0.0098    1.0840  -15.7471 
   1.0116    0.0014    0.0000    0.0000  179.9665   -0.0390   -5.7201   -0.0625    3.8858    1.6420    0.0000    0.0000    0.0000    0.0000    3.8720   -0.0566   -0.0112    1.0869  -15.6860 
   1.0541    0.0009    0.0000    0.0000  179.9698   -0.1611    4.4118    0.7310    3.8858    1.6420    0.0000    0.0000    0.0000    0.0000    3.8720   -0.0093   -0.0076    1.0732  -15.8081 
   1.0966    0.0009    0.0000    0.0000  179.9729    0.1441   -0.2269    0.2427    3.8858    1.6420    0.0000    0.0000    0.0000    0.0000    3.8800   -0.0066    0.0078    1.0894    0.0000 
   1.1391    0.0010    0.0000    0.0000  179.9752   -0.3442   -0.1048    0.0596    3.8858    1.6420    0.0000    0.0000    0.0000    0.0000    3.8720   -0.0256   -0.0066    1.0801  -15.9912 
   1.1816    0.0014    0.0000    0.0000  179.9733    1.0596    0.8107   -0.1235    3.8858    1.6420    0.0000    0.0000    0.0000    0.0000    3.8720   -0.0071    0.0005    1.0806    0.0000 
   1.2241    0.0009    0.0000    0.0000  179.9701    0.0831   -0.7152   -0.1235    3.8858    1.6420    0.0000    0.0000    0.0000    0.0000    3.8720   -0.0256   -0.0042    1.0750  -15.5640 
   1.2666    0.0009    0.0000    0.0000  179.9622    0.0220    0.2003    0.4258    3.8858    1.6420    0.0000    0.0000    0.0000    0.0127    3.8720   -0.0085    0.0037    1.0852    0.0000 
   1.3091    0.0010   -0.5933    0.0387  179.9677   -0.4052   -0.1048    0.0596    1.3074    1.1040    0.0000    0.0000    0.0000    0.2101    3.7600   -0.0088    0.0051    1.0898   -0.0010 
   1.3516    0.0015   -0.6711   -0.2220  179.9644   -0.4662   -2.4852   -0.4287    1.1037    2.5347    0.0000    0.0000    0.2818    0.2582    3.7440   -0.0217    0.0090    1.0833    0.0124 
   1.3941    0.0010    0.2367   -0.0674  179.9554    1.1817    3.2521   -2.1987    0.3722    2.5476    0.0000    0.0000    0.2818    0.2582    3.7520   -0.0251   -0.1177    0.9983    0.0433 
   1.4366    0.0010    0.2410   -0.4947  179.9729    6.9190   -0.6541    3.3555    1.0699    1.0515    0.0000    0.0000    0.5636    0.2628    3.7600    0.0503    0.1033    0.8132   -0.0487 
   1.4791    0.0010   -0.1075   -0.1468  180.1267   -2.2973    3.4962    3.2334    0.2727    1.0806    0.0000    0.0000    0.2818    0.2674    3.7600    0.0696   -0.1575    1.0366   -0.0515 
   1.5216    0.0015   -0.1764   -0.1603  180.1322   -4.1283    0.1393    0.8530    0.2820    1.6828    0.0000    0.0000    0.5636    0.2942    3.7440   -0.1079   -0.2817    1.0032   -0.0051 
   1.5641    0.0010    0.0531    0.0671  180.2902    3.4400    2.7638    4.4541    1.1161    2.1871    0.0000    0.0000    0.8454    0.3029    3.7360    0.2471    0.5698    0.3445   -0.0630 
   1.6066    0.0010   -0.7999    0.4661  180.5719  -10.5981    5.2663    7.2007    0.7981    2.4455    0.0000    0.0000    0.8454    0.3752    3.6880    0.4241    0.5371    2.0125   -0.1109 
   1.6491    0.0010   -1.3009    0.4831  180.8334   -7.1801    7.4025   10.0083    0.5085    1.4310    0.0000    0.0000    0.8454    0.3826    3.6800   -0.4456    0.5090    2.7480   -0.1599 
   1.6916    0.0015   -2.8914    1.4690  181.0367    6.0035   10.1491    1.7686    1.2026    0.9481    0.0000   -0.0000    0.8454    0.3862    3.6880    0.4592   -0.1204    1.3020   -0.0161 
   1.7341    0.0010   -3.9082    0.1737  181.0981    9.1163   -9.3211    1.5855    0.7576    2.0099    0.0000    0.0000    1.4090    0.4006    3.6720    0.0942    0.7126    1.3621   -0.0031 
   1.7766    0.0010   -3.8279    0.2128  181.2165    8.8111   27.5441    2.5620    1.4325    1.9157    0.0000    0.0000    1.1272    0.4178    3.6560    0.4443    0.1360    0.2285   -0.0250 
   1.8191    0.0010   -3.6326    0.1368  181.2829   26.5113  -24.0916    3.3555    1.5119    1.9040    0.0000    0.0000    1.1272    0.4439    3.6400   -0.0781   -0.2158    1.2312   -0.0389 
   1.8616    0.0015   -3.4167   -0.2629  181.1827    6.2476   44.2677   -7.0815    1.5039    1.8277    0.0000    0.0000    1.1272    0.4563    3.6320   -0.8701    0.5364    1.1658    0.1433 
   1.9041    0.0010   -3.1654    0.5508  181.0209   -9.9877  -45.7591   -1.1001    1.3911    1.2917    0.0000    0.0000    1.1272    0.4854    3.6080    0.2590    0.5518    0.5635    0.0389 
   1.9466    0.0010   -3.0086    0.3203  180.9912   -4.6166   25.8961   -1.7104    1.0953    1.6617    0.0000    0.0000    1.4090    0.5016    3.5920   -0.0791   -0.9426    2.2441    0.0544 
   1.9891    0.0010   -2.7723    0.3878  180.8795    3.1959  -27.2044    0.6699    1.2604    2.0933    0.0000    0.0000    1.1272    0.5144    3.5760   -0.1814    0.4470    1.2400    0.0080 
   2.0316    0.0015   -1.7224   -0.1362  180.8735  -16.1523   11.9191    0.9141    1.2685    1.6698    0.0000    0.0000    1.1272    0.5194    3.5760    0.5999   -1.0615    1.1243    0.0037 
   2.0741    0.0010   -2.4639    0.6650  180.8645   30.6007    5.8766    0.4258    0.4822    2.0854    0.0000    0.0000    1.4090    0.5536    3.5520   -0.2219    1.0459    1.7551    0.0172 
   2.1166    0.0010   -0.5141    0.5118  180.8972   18.5157  -12.1288    2.9282    1.1207    2.1408    0.0000    0.0000    1.4090    0.5619    3.5360    0.7236   -1.1228    0.6101   -0.0265 
   2.1591    0.0010   -1.1803    0.8390  180.9214  -32.5707   43.9626   -0.1235    0.6786    2.8662    0.0000    0.0000    1.4090    0.5717    3.5280   -0.5564   -0.8708    0.8992    0.0267 
   2.2016    0.0015   -2.6040    2.3895  180.8795    3.1959   20.5861    2.6231    1.8861    2.7048    0.0000    0.0000    1.1272    0.5736    3.5280    0.2163   -1.0361    1.7854   -0.0261 
   2.2441    0.0010   -1.3444    1.8261  181.0001   38.5352  -22.9320    4.1489    0.9893    0.5721    0.0000   -0.0000    1.4090    0.5933    3.4960    1.1008   -1.4138    0.7871   -0.0478 
   2.2866    0.0010   -0.5974    0.9969  181.0509    1.1817    6.7921   -0.7949    1.4684    3.0146    0.0000    0.0000    1.4090    0.6150    3.4800   -1.3325    0.6997    1.9824    0.0385 
   2.3291    0.0010   -0.7132    3.1414  181.3150  -23.5986   48.8454    5.1865    1.9276    1.5874    0.0000   -0.0000    1.4090    0.6150    3.4640   -1.9287    0.7981    2.0144   -0.0659 
   2.3716    0.0015   -0.2042    3.7505  181.3408    1.1207  -20.1854    7.2617    1.8112    2.7288    0.0000   -0.0000    1.1272    0.6150    3.4720   -0.4309    1.2395    0.9451   -0.1071 
   2.4141    0.0010    1.2840    1.9322  181.4859   29.3800  -21.9554    2.1958    0.2588    2.5625   -0.0000    0.0000    1.4090    0.6136    3.4800   -0.8225   -0.0610    0.2327   -0.0137 
   2.4566    0.0010    1.0250    3.2688  181.5196  -24.8803   55.7423    0.1817    1.6963    1.9102    0.0000   -0.0000    1.1272    0.6136    3.4880    1.2083   -0.6260    0.9788    0.0165 
   2.4991    0.0010    1.0264    4.4546  181.4892    9.5435   -9.6263    0.4258    0.4492    1.8021   -0.0000   -0.0000    1.6908    0.6136    3.4880   -1.4182   -1.0483    1.3208    0.0221 
   2.5416    0.0015    2.0811    2.9321  181.7062   19.5533  -34.8949   -0.4287    0.6916    2.1055   -0.0000   -0.0000    1.6908    0.6121    3.4880   -0.7649    1.7239    1.3489    0.0370 
   2.5841    0.0010    2.4832    3.8117  181.8373  -15.4809   47.2584   -0.0625    1.1650    0.9567   -0.0000   -0.0000    1.6908    0.6121    3.4880    0.2900    1.3660    1.4116    0.0306 
   2.6266    0.0010    1.2845    5.6343  181.7765  -32.7538   23.8210   -0.5508   -1.3589    1.8934   -0.0000   -0.0000    1.9726    0.6121    3.4960   -0.2532    2.4761    1.7629    0.0440 
   2.6691    0.0010    0.7084    4.5969  181.9154   12.9615  -59.4310    3.2334   -0.4589    0.8093   -0.0000   -0.0000    2.2544    0.6106    3.4800   -0.7703    1.9646    1.2769   -0.0171 
   2.7116    0.0015    1.9308    3.4374  182.0512    7.4683    5.6935   -2.1377   -0.1701    1.5179   -0.0000   -0.0000    2.2544    0.6121    3.4880   -1.3394   -0.0964    1.6919    0.0767 
   2.7541    0.0011    1.3819    5.6300  182.1043   -1.6869   55.4982   -1.7715   -1.2406    1.5736   -0.0000   -0.0000    2.2544    0.6121    3.4800   -0.7354    2.1531    2.0676    0.0703 
   2.7966    0.0010    1.5381    5.4917  182.1417   -6.7529  -43.3788    2.7451   -0.6589    0.3139   -0.0000   -0.0000    2.2544    0.6121    3.4800    0.5562    4.3137    0.8240   -0.0086 
   2.8391    0.0010    0.8862    3.3946  182.2504   -6.9360  -21.7113    1.5855   -1.1286    0.3728   -0.0000   -0.0000    2.5362    0.6121    3.4720   -0.6355    1.6921    0.5703    0.0166 
   2.8816    0.0015    0.6058    4.7469  182.3498    5.5762   60.0148   -3.7246   -2.0848    0.8853   -0.0000   -0.0000    2.5362    0.6121    3.4640    0.6282   -1.0754    1.2114    0.1093 
   2.9241    0.0010    0.5363    6.3678  182.3399    4.2335  -14.6922    1.6465   -1.6763    1.2612   -0.0000   -0.0000    2.2544    0.6121    3.4800    0.7354   -0.8445    1.9199    0.0106 
   2.9666    0.0010    0.7234    3.5128  182.4699   20.8961  -69.2577   -1.3442   -1.1424    0.0607   -0.0000   -0.0000    2.2544    0.6121    3.4560   -1.2468    1.1152    2.2556    0.0628 
   3.0091    0.0010    0.5399    3.3035  182.5883  -23.6596   47.2584    6.8345   -1.7158   -0.6810   -0.0000   -0.0000    2.2544    0.6121    3.4880    0.4365    1.2627    0.6074   -0.0799 
   3.0516    0.0015   -0.2156    5.1142  182.4829  -13.8329   35.4176   -0.1846   -0.9498   -0.3841   -0.0000   -0.0000    2.5362    0.6106    3.4880    0.4033   -2.6111    1.1113    0.0475 
   3.0941    0.0010   -1.0538    3.4015  182.6428   15.5250  -68.0980    4.5762   -2.3821   -0.8450   -0.0000   -0.0000    2.2544    0.6121    3.4640   -1.1013    3.5620    1.5903   -0.0405 
   3.1366    0.0010   -0.0378    1.4034  182.7649   -1.4428   10.5763    2.9282   -1.6623   -1.0547   -0.0000   -0.0000    2.5362    0.6121    3.4800   -0.5217   -0.0911    1.8335   -0.0068 
   3.1791    0.0010   -0.9325    3.4807  182.8154  -33.9135   60.9914    1.3413   -2.2749   -1.1582   -0.0000   -0.0000    2.5362    0.6106    3.4560    0.7026    0.1094    2.0029    0.0209 
   3.2216    0.0015   -1.9218    3.7915  182.8674   19.6143  -59.7362    1.9517   -3.3127   -1.0230   -0.0000   -0.0000    2.5362    0.6106    3.4720    0.2371   -0.8594    0.8438    0.0102 
   3.2641    0.0010   -0.7713    0.8904  183.0132   30.4176  -50.5809    3.0503   -2.9246   -1.5835   -0.0000   -0.0000    2.5362    0.6121    3.4640    1.0500    0.1250    0.7192   -0.0090 
   3.3066    0.0010   -0.9857    1.5828  183.1137    6.1256   66.5456   -0.4897   -3.7678   -1.2629   -0.0000   -0.0000    2.5362    0.6121    3.4560   -1.9385    0.6748    2.3997    0.0528 
   3.3491    0.0010   -1.6137    3.5771  183.1525  -25.9789   -4.2552    0.5479   -3.2335   -1.4826   -0.0000   -0.0000    2.5362    0.6121    3.4880   -1.5669    4.1309    1.9604    0.0347 
   3.3916    0.0015   -0.6465    1.3205  183.3321    3.1959  -92.3290    6.9566   -2.5571   -1.3545   -0.0000   -0.0000    2.5362    0.6121    3.4400   -0.9121   -1.9612    1.1624   -0.0771 
   3.4341    0.0011   -0.6078    0.1748  183.4112   -4.9828   31.4503    5.0034   -3.0038   -1.3706   -0.0000   -0.0000    2.5362    0.6121    3.4800    1.0708    3.0066    0.7988   -0.0431 
   3.4766    0.0010   -0.8122    2.7659  183.4373  -12.9784   50.2492    2.3179   -2.6146   -1.1106   -0.0000   -0.0000    2.5362    0.6121    3.4640    0.3953   -1.8650    0.3342    0.0038 
   3.5191    0.0010   -0.3982    2.1937  183.4799   13.5108  -72.4315    2.8672   -2.2340   -1.5164   -0.0000   -0.0000    2.5362    0.6121    3.4480    0.9470   -0.2170    0.7168   -0.0058 
   3.5616    0.0015    0.4652   -0.8657  183.5124   -4.1894  -27.2655   -2.9311   -3.7378   -1.4045   -0.0000   -0.0000    2.5362    0.6121    3.4720   -0.3364    1.1548    1.3928    0.0954 
   3.6041    0.0010   -0.6291    1.0342  183.5443  -19.8754   82.0485    0.7310   -2.8352   -2.8548   -0.0000   -0.0000    2.5362    0.6121    3.4480   -0.0024   -0.8804    1.1326    0.0315 
   3.6466    0.0011   -1.5748    2.6881  183.4729   -8.4618  -27.6317   -0.3066   -3.6441   -3.8414   -0.0000   -0.0000    2.5362    0.6121    3.4800   -0.7483    2.8215    2.2742    0.0496 
   3.6891    0.0010   -1.6076   -0.4323  183.6333    3.6231  -77.8026    5.1255   -3.8188   -3.4511   -0.0000   -0.0000    2.5362    0.6121    3.4400    0.5076   -0.7334    1.5884   -0.0452 
   3.7316    0.0015   -0.9026   -0.9800  183.7484   -5.7153   53.4840    1.8906   -4.2471   -3.6089   -0.0000   -0.0000    2.5362    0.6121    3.4720   -0.3105   -2.9490    1.6042    0.0113 
   3.7741    0.0010   -2.5332    1.9360  183.7942   -7.3022   46.2209   -0.3677   -4.2065   -4.0205   -0.0000   -0.0000    2.5362    0.6121    3.4720   -0.0381    1.8577    0.4990    0.0507 
   3.8166    0.0010   -2.0885    0.5533  183.8857   13.4498  -95.1976    0.5479   -3.9956   -3.1048   -0.0000   -0.0000    2.5362    0.6121    3.4320    1.0364   -0.5520    1.2190    0.0347 
   3.8591    0.0010   -1.0344   -2.0658  183.9695  -11.6967    2.3976    2.8062   -4.3677   -3.1894   -0.0000   -0.0000    2.5362    0.6121    3.4800   -0.4448    0.9700    1.5437   -0.0047 
   3.9016    0.0015   -2.6653    0.8498  184.0384  -28.3593   89.3117    1.8296   -3.8438   -3.7068   -0.0000   -0.0000    2.5362    0.6121    3.4400    0.2166   -0.1980    0.8560    0.0123 
   3.9441    0.0010   -3.1249    1.9782  184.0063    6.3697  -56.8675    3.1113   -4.5960   -4.2529   -0.0000   -0.0000    2.5362    0.6121    3.4640    2.0894   -3.2947    0.0112   -0.0100 
   3.9866    0.0010   -2.1277   -1.8286  184.0777   42.5025  -67.6707   -1.1611   -4.5259   -4.7219   -0.0000   -0.0000    2.5362    0.6121    3.4400   -1.5078   -1.6890    1.9426    0.0645 
   4.0291    0.0010   -2.0955   -1.0442  184.1023  -22.3168   77.8981    1.0972   -3.9892   -6.9119   -0.0000   -0.0000    2.5362    0.6121    3.4400   -1.9280    1.0437    1.7188    0.0251 
   4.0716    0.0014   -2.5000    2.6875  183.9325  -26.1620   21.9289   -3.6636   -4.6249   -6.0005   -0.0000   -0.0000    2.5362    0.6121    3.4640    1.0959   -1.6313    1.8767    0.1082 
   4.1141    0.0010   -2.7924   -0.4416  184.0424   25.7789 -112.3485   -0.3677   -4.1014   -6.4190   -0.0000   -0.0000    2.5362    0.6121    3.4160   -0.5806    1.6313    1.6199    0.0507 
   4.1566    0.0010   -1.8223   -2.1353  184.0814    7.4683   36.5163    1.6465   -4.3790   -7.6488   -0.0000   -0.0000    2.5362    0.6121    3.4640   -1.2114    2.0466    1.5649    0.0155 
   4.1991    0.0010   -2.2305    1.5037  184.1402  -25.0024   80.3395   -0.1235   -4.2649   -7.8695   -0.0000   -0.0000    2.5362    0.6121    3.4400   -0.4458    1.0588    0.8386    0.0464 
   4.2416    0.0015   -2.8375    1.3415  184.1995   19.3702  -87.5682    1.6465   -4.6505   -6.9641   -0.0000   -0.0000    2.5362    0.6121    3.4320   -0.2056   -1.1677    1.4526    0.0155 
   4.2841    0.0010   -1.6891   -2.7700  184.3430   27.8541  -50.7640    0.6089   -4.6611   -6.5771   -0.0000   -0.0000    2.5362    0.6121    3.4400   -0.8071    0.9604    0.3801    0.0336 
   4.3266    0.0011   -1.6233   -0.6792  184.4727  -20.0585  105.0587    6.1631   -4.9370   -6.6124   -0.0000   -0.0000    2.5362    0.6121    3.4400    0.4277    0.8977    0.7900   -0.0633 
   4.3691    0.0010   -2.2317    2.4249  184.4981   -4.9828   -0.2269    3.0503   -2.5758   -7.5597   -0.0000   -0.0000    2.5362    0.6121    3.4720    0.7498   -0.0583    0.3259   -0.0090 
   4.4116    0.0015   -1.2215   -1.0699  184.6552   29.6851 -102.4608    3.9048   -1.8583   -7.7149   -0.0000   -0.0000    2.5362    0.6121    3.4000    0.6682   -1.1167    0.2471   -0.0239 
   4.4541    0.0010   -0.3670   -2.4347  184.7535   -3.0907   40.5446    3.9658   -2.2368   -6.9175   -0.0000   -0.0000    2.5362    0.6121    3.4640    0.3918   -1.9814    0.4363   -0.0250 
   4.4966    0.0010   -0.8982    1.3564  184.7799    5.6983   67.7663   -2.8701   -0.5316   -6.7435    0.0000   -0.0000    2.5362    0.6121    3.4400   -0.7051   -0.2539    1.3667    0.0944 
   4.5391    0.0010   -0.9143    0.2004  184.8695   21.3843  -98.2494    5.5527   -0.0650   -6.9391    0.0000   -0.0000    2.5362    0.6121    3.4160    0.1653   -4.3005    0.8772   -0.0526 
   4.5816    0.0015   -0.8096   -2.9987  184.9810   20.4078  -20.8568    6.7124   -0.5787   -7.7134    0.0000   -0.0000    2.5362    0.6121    3.4640    2.2192   -0.8022    0.4263   -0.0729 
   4.6241    0.0010   -0.4375   -0.1467  185.1421   -2.6635  110.8571   -0.9780    0.8821   -8.0202    0.0000   -0.0000    2.5362    0.6121    3.4080   -0.6416    0.7581    2.1919    0.0613 
   4.6666    0.0010   -0.2235    1.8610  185.1967   24.6192  -28.3641    3.4776    1.5142   -8.5435    0.0000   -0.0000    2.5362    0.6121    3.4560    0.2632   -4.4810    0.9810   -0.0164 
   4.7091    0.0010    0.0116   -1.8923  185.4309    4.9659  -92.2679    1.5244    1.5251   -8.3863    0.0000   -0.0000    2.5362    0.6121    3.4160   -2.3765    2.9397    1.6887    0.0177 
   4.7516    0.0015    0.4757   -1.8519  185.5114    9.4215   80.5226    5.1255    2.9270   -7.6818    0.0000   -0.0000    2.5362    0.6121    3.4480    1.3896   -0.4883    0.3618   -0.0452 
   4.7941    0.0010    0.0300    2.6021  185.5461   -6.9360   71.9777   -0.4287    2.3104   -8.7402    0.0000   -0.0000    2.5362    0.6121    3.4560    0.7983   -1.4851    0.8423    0.0517 
   4.8366    0.0010    0.0343    0.5098  185.6369   14.8536 -115.0951    2.8672    4.3307   -9.6985    0.0000   -0.0000    2.5362    0.6121    3.4080   -1.3257    2.9866    1.2456   -0.0058 
   4.8791    0.0010    1.2867   -2.5590  185.6846   10.5811   25.2248    3.7827    5.7959   -9.6684    0.0000   -0.0000    2.5362    0.6121    3.4560    0.8542    2.0464    0.3218   -0.0218 
   4.9216    0.0015    0.5839    1.6636  185.7235  -14.2602  116.2892   -0.7339    4.3134   -8.6897    0.0000   -0.0000    2.5362    0.6121    3.4000    1.6506   -0.5105    1.9009    0.0571 
   4.9641    0.0011    0.1953    2.9315  185.7049   -8.5839  -64.3748    1.3413    4.9759   -7.7587    0.0000   -0.0000    2.5362    0.6121    3.4560    1.2720    0.6340    0.3481    0.0209 
   5.0066    0.0010    0.5969   -1.8922  185.8597   -6.6308  -89.6434    0.7310    3.7360   -7.4873    0.0000   -0.0000    2.5362    0.6121    3.4240   -1.0627   -1.0435    1.6128    0.0315 
   5.0491    0.0010    0.2386   -1.1958  185.9443    1.3038   91.3869    1.8906    4.9786   -8.2116    0.0000   -0.0000    2.5362    0.6121    3.4320   -0.3899   -3.0366    1.3276    0.0113 
   5.0916    0.0015   -0.8099    2.9322  185.8905   -0.3442   52.0802   -2.4429    4.5614   -8.6893    0.0000   -0.0000    2.5362    0.6106    3.4400    0.0242    0.7231    0.2263    0.0869 
   5.1341    0.0010   -0.9561    0.3103  186.0015    5.1490 -115.8885    4.3931    2.9901  -10.3694    0.0000   -0.0000    2.5362    0.6121    3.3920    0.7112   -3.8813    1.4863   -0.0324 
   5.1766    0.0011   -1.2588   -2.6854  186.2194   -3.9452   15.8864    0.4868    1.0302  -11.2134    0.0000   -0.0000    2.5362    0.6121    3.4640   -1.1521    1.2212    1.6365    0.0358 
   5.2191    0.0010   -1.5201    1.3281  186.2042   -7.6684  121.5993   -0.1846    2.1104  -10.1984    0.0000   -0.0000    2.5362    0.6121    3.4080    0.9705   -1.3809    0.4778    0.0475 
   5.2616    0.0015   -1.9161    3.3589  186.1136  -10.9032  -48.6888    3.3555    0.7555   -8.0343    0.0000   -0.0000    2.5362    0.6106    3.4480    1.5356   -1.0483    0.2334   -0.0143 
   5.3041    0.0010   -1.9415   -0.7951  186.2513   41.4039  -79.8167   -0.6118   -1.1340   -5.9487    0.0000   -0.0000    2.5362    0.6121    3.4080    0.2864    0.9448    0.2368    0.0549 
   5.3466    0.0011   -0.5634   -0.3231  186.2460   14.7926   99.3825    3.6607   -2.6923   -4.4304   -0.0000   -0.0000    2.5362    0.6121    3.4160    0.1475    1.2654    0.1499   -0.0196 
   5.3891    0.0010   -1.2835    4.1767  186.2204   -6.0204   58.3058   -4.0908   -1.1825   -4.0585    0.0000   -0.0000    2.5362    0.6121    3.4480   -0.3027    2.6497    0.3096    0.1157 
   5.4316    0.0015   -1.4529    1.7507  186.2589   12.0460 -112.5926    4.0879   -0.6447   -2.5762    0.0000   -0.0000    2.5362    0.6121    3.4000    0.1897   -2.4146    1.2944   -0.0271 
   5.4741    0.0010   -0.4115   -1.4797  186.2854   11.7408    7.4635   -4.0908   -0.2286   -1.0345    0.0000    0.0000    2.5362    0.6121    3.4560   -0.0051   -0.4609    1.5662    0.1157 
   5.5166    0.0010   -1.1559    2.8915  186.3084   -9.0722  119.5851   -1.9546   -0.9086   -0.1410    0.0000   -0.0000    2.5362    0.6121    3.3920    0.2305   -1.6360    1.5337    0.0784 
   5.5591    0.0010   -1.4686    3.8746  186.2342    0.8155  -91.9017    2.1348    0.7400   -1.5705    0.0000   -0.0000    2.5362    0.6121    3.4400   -0.3679   -0.4648    1.5845    0.0070 
   5.6016    0.0015   -1.2557   -0.9713  186.4092   11.4967  -74.8729    2.3179    1.2584   -2.4535    0.0000   -0.0000    2.5362    0.6121    3.4160    0.3962    4.3286    0.9980    0.0038 
   5.6441    0.0010   -1.6833    0.1845  186.4868  -18.8378  122.3927    4.5152    0.8301   -4.5177    0.0000   -0.0000    2.5362    0.6121    3.4000    1.6130    0.5398    0.2249   -0.0345 
   5.6866    0.0010   -2.1799    4.0259  186.4440   -7.1801   34.6852    2.3179    0.3150   -6.3466    0.0000   -0.0000    2.5362    0.6121    3.4560   -1.8643   -0.3218   -0.1301    0.0038 
   5.7291    0.0010   -1.7837    0.7387  186.5870   13.6329 -131.6356    5.2476   -1.1611   -7.0433    0.0000   -0.0000    2.5362    0.6106    3.3680    0.0049    0.5544    1.6663   -0.0473 
   5.7716    0.0015   -1.5348   -1.9283  186.7262   -9.3163   22.6613    4.2100   -2.5132   -7.3154   -0.0000   -0.0000    2.5362    0.6106    3.4560   -0.2339   -0.4705    1.7195   -0.0292 
   5.8141    0.0010   -1.3717    2.5617  186.7829    3.3179  128.9235   -1.0390   -3.4408   -8.1301   -0.0000   -0.0000    2.5362    0.6121    3.4000    0.4402   -3.7688    1.1821    0.0624 
   5.8566    0.0010   -1.0625    3.2303  186.9314   11.9849 -104.2308    2.7451   -1.0185   -7.7999    0.0000   -0.0000    2.5362    0.6121    3.4320    1.4504   -0.3413    0.6958   -0.0036 
   5.8991    0.0010   -0.6933   -1.2753  187.1668   -4.1283  -63.2762    7.5669   -0.1101   -5.8830    0.0000   -0.0000    2.8180    0.6121    3.4160    1.2180    0.7419    0.3604   -0.0829 
   5.9416    0.0015   -1.1761    0.9668  187.3703  -11.1474  130.1442    5.1255   -1.9843   -4.1456   -0.0000   -0.0000    2.5362    0.6121    3.3920    1.0522   -0.8784    1.0830   -0.0452 
   5.9841    0.0010   -1.7687    5.0346  187.4292    9.2994   18.4499    0.7310   -0.1120   -4.1859    0.0000   -0.0000    2.5362    0.6106    3.4560    0.5920    1.6572    1.7175    0.0315 
   6.0266    0.0010   -0.9564    1.4784  187.5728   14.4874 -134.6263    0.3648    2.4797   -5.3962    0.0000   -0.0000    2.5362    0.6121    3.3680   -0.4070    1.8096    1.1646    0.0379 
   6.0691    0.0010   -1.0584   -0.8020  187.7223  -17.0678   45.4884    5.6748    4.7715   -6.5869    0.0000   -0.0000    2.5362    0.6121    3.4480    0.6555    1.1135    0.7612   -0.0548 
   6.1116    0.0015   -1.6836    4.4523  187.6607  -12.4902  120.6227   -2.3818    2.5372   -6.8335    0.0000   -0.0000    2.5362    0.6121    3.3920    0.9333    0.1492    0.5225    0.0858 
   6.1541    0.0010   -2.1418    4.5664  187.6154   12.9005  -98.8597    1.7075    2.8109   -8.5892    0.0000   -0.0000    2.5362    0.6121    3.3920    0.3218    1.3850    1.4714    0.0145 
   6.1966    0.0010   -1.8374   -0.2355  187.6915    6.9190  -65.9007    1.9517    3.0148   -8.0224    0.0000   -0.0000    2.5362    0.6121    3.3920    1.8762    0.7737    0.3494    0.0102 
   6.2391    0.0010   -2.8029    1.7639  187.7152  -16.5795  135.2101   -1.1001    2.8390   -7.0755    0.0000   -0.0000    2.5362    0.6121    3.3840    0.1885    1.1250    0.8467    0.0635 
   6.2816    0.0015   -3.7919    5.8681  187.4981  -24.4531   10.5763   -2.8701    2.4688   -6.0409    0.0000   -0.0000    2.5362    0.6121    3.4480    1.2900   -2.2759    0.4839    0.0944 
   6.3241    0.0010   -4.8107    1.9363  187.5831   -0.5273 -135.6639    5.6748    2.6275   -5.5941    0.0000   -0.0000    2.5362    0.6106    3.3920    2.0339   -0.8311    0.0071   -0.0548 
   6.3666    0.0010   -3.0957   -0.8003  187.6673    8.0177   47.2584    3.5386    2.1726   -6.6878    0.0000   -0.0000    2.8180    0.6106    3.4480   -1.1973   -1.7129    1.6704   -0.0126 
   6.4091    0.0010   -3.2891    4.3103  187.7513  -20.5468  119.2189    3.5996    2.9719   -5.8216    0.0000   -0.0000    2.8180    0.5950    3.4160   -0.0645    3.3804    0.5942   -0.0136 
   6.4516    0.0015   -4.0351    4.7230  187.6447  -24.3310  -93.2445    3.4776    1.0166   -7.4139    0.0000   -0.0000    2.8180    0.5678    3.4480   -0.4827    2.7793    1.8049   -0.0115 
   6.4941    0.0010   -4.4205   -0.5698  187.8639    6.0645  -96.0521    4.8814    2.3473   -6.3182    0.0000   -0.0000    2.5362    0.5578    3.4560    0.4761    2.0022    0.9561   -0.0409 
   6.5366    0.0010   -4.2121    0.2144  187.9068   -2.7856  111.0402    3.1724    1.7528   -5.7200    0.0000   -0.0000    2.5362    0.5619    3.4720    0.8452    0.0308    1.0168   -0.0111 
   6.5791    0.0010   -4.5226    4.5078  187.9539  -21.8285   46.7702   -2.0766    2.2810   -6.2500    0.0000   -0.0000    2.5362    0.5578    3.4880    0.9714    0.4619    0.1809    0.0805 
   6.6216    0.0015   -4.9146    2.7995  187.9748   -6.5087 -120.9544    5.0034    2.1563   -5.5108    0.0000   -0.0000    2.5362    0.5493    3.4560   -0.0310    0.1709    1.1450   -0.0431 
   6.6641    0.0010   -4.9410   -0.6313  188.1125    9.4215  -25.9837    2.9282    2.1558   -5.3655    0.0000   -0.0000    2.5362    0.5314    3.5120    0.2896   -0.9819    1.1558   -0.0068 
   6.7066    0.0010   -5.0725    1.8897  188.2598   -9.1332  121.1110    1.5244    1.6167   -5.3758    0.0000   -0.0000    2.5362    0.5194    3.4960    0.4033    1.0129    0.1262    0.0177 
   6.7491    0.0010   -5.3693    5.5723  188.2249  -12.3681   20.8913    2.1958    0.5547   -6.1268    0.0000   -0.0000    2.5362    0.4854    3.5520    0.2930   -1.4246    0.6404    0.0059 
   6.7916    0.0015   -5.8832    2.9562  188.3392   -5.5322 -110.3954    4.5762    0.7101   -6.5326    0.0000   -0.0000    2.5362    0.4653    3.5360    0.5840   -0.0920    0.7156   -0.0356 
   6.8341    0.0010   -6.1167   -0.7609  188.5571    4.5386  -40.5101    5.7359    0.1086   -6.8524    0.0000   -0.0000    2.5362    0.4624    3.5600    0.5625    0.2183    0.2666   -0.0558 
   6.8766    0.0010   -6.6425    0.9121  188.6929   -6.4477   96.8190    4.6983    0.3047   -5.9256    0.0000   -0.0000    2.5362    0.4594    3.5520   -0.4194    0.3704    0.6697   -0.0377 
   6.9191    0.0010   -7.1242    4.7437  188.7544   -9.7436   44.4508    1.6465    0.6811   -5.8771    0.0000   -0.0000    2.5362    0.4439    3.5840    0.3306    1.4368    0.4961    0.0155 
   6.9616    0.0015   -7.0335    3.6728  188.8607    1.1817  -80.7323    3.2944    0.4007   -5.2674    0.0000   -0.0000    2.8180    0.4178    3.5760    0.2395    0.2825   -0.1199   -0.0083 
   7.0041    0.0010   -7.3586   -0.2105  189.0340    8.8721  -84.5164    1.7075    0.5924   -6.3587    0.0000   -0.0000    2.5362    0.3600    3.6160   -0.3550   -1.1545    1.0085    0.0145 
   7.0466    0.0010   -6.5930   -1.0835  189.1040    8.0177   23.9430    2.4400    0.0943   -6.0885    0.0000   -0.0000    2.5362    0.2249    3.6960    0.5103   -1.5190    0.6064    0.0017 
   7.0891 4294.9614    4.6336    4.4549  188.7593  343.8941  132.3415   -9.6450    0.1051   -6.7879   -0.0000   -0.0000    2.5362    0.1476    3.7920    0.0718    0.0352    6.3093  328.2471 
   7.1316 4294.9189   14.6101    8.4971  189.9193  184.5313   75.2125    2.8062    0.1051   -6.7879   -0.0000   -0.0000    2.5362    0.1476    3.7920   -0.0781    0.4771   -2.4573    0.0000 
   7.1741 4294.8765   16.1126    7.3394  189.7550 -218.2397 -191.8163  -19.8989    0.1051   -6.7879   -0.0000   -0.0000    2.5362    0.1476    3.8000   -0.1519    0.2356    1.1699 -233.8867 
   7.2166 4294.8340   -2.4626   -0.8674  189.1361 -800.2709   47.9298   43.5777    0.1051   -6.7879   -0.0000   -0.0000    2.5362    0.1476    3.8000    0.8318    0.2795    5.2427    0.0000 
   7.2591 4294.7915  -19.1710   -1.0744  190.0436  -87.9296   -7.9173   -7.5088    0.1051   -6.7879   -0.0000   -0.0000    2.5362    0.1476    3.8000    0.1899    0.1694    1.9541 -103.5767 
   7.3016 4294.7485  -11.4224    0.0935  188.3470  405.1124   -5.7811  -50.2334    0.1051   -6.7879   -0.0000   -0.0000    2.5362    0.1476    3.8000    0.3035    0.5029    1.7114    0.0000 
   7.3441 4294.7061    3.3985    1.4761  186.1202   31.8214    6.3039  -26.4297    0.1051   -6.7879   -0.0000   -0.0000    2.5362    0.1476    3.8000    0.0388   -0.0757    0.9155   16.1743 
   7.3866 4294.6636   -4.4572    1.8456  185.0419 -265.7861  -15.6688  -20.9975    0.1051   -6.7879   -0.0000   -0.0000    2.5362    0.1476    3.8000    0.0928   -0.0544    1.1738    0.0000 
   7.4291 4294.6211   -5.2756    2.5862  184.3826  128.5621  -18.7206   -8.5464    0.1051   -6.7879   -0.0000   -0.0000    2.5362    0.1476    3.8000    0.1465    0.1265    1.0820  112.9150 
   7.4716 4294.5786   -0.8515   -0.7941  184.2709  -61.5624  -56.2572   -6.8374    0.1051   -6.7879   -0.0000   -0.0000    2.5362    0.1476    3.8000   -0.0535   -0.0439    1.3745    0.0000 
   7.5141 4294.5361   -1.4875    0.6186  184.0666   33.3472   71.1232   -4.9453    0.1051   -6.7879   -0.0000   -0.0000    2.5362    0.1476    3.8000    0.0972   -0.0715    1.0444   17.7002 
   7.5566 4294.4937   -2.0125    0.2857  183.8858    4.4166  -61.3231   -4.8232    0.1051   -6.7879   -0.0000   -0.0000    2.5362    0.1476    3.8080   -0.0793    0.1226    1.0774    0.0000 
   7.5991 4294.4512   -1.4780   -1.2922  183.7687   -2.2363   41.9484   -0.9170    0.1051   -6.7879   -0.0000   -0.0000    2.5362    0.1476    3.8000   -0.0330    0.1147    1.0518  -17.8833 
   7.6416 4294.4087   -1.8874    0.8816  183.7359   11.1304    4.5338   -1.4663    0.1051   -6.7879   -0.0000   -0.0000    2.5362    0.1476    3.8080    0.0449    0.0020    1.1272    0.0000 
   7.6841 4294.3662   -1.3884   -0.8274  183.7518    3.6231  -17.0116    0.9141    0.1051   -6.7879   -0.0000   -0.0000    2.5362    0.1476    3.8000   -0.0793   -0.0444    0.9924  -12.0239 
   7.7266 4294.3237   -0.8466   -0.4092  183.7350   -9.8656   22.4782    3.2334    0.1051   -6.7879   -0.0000   -0.0000    2.5362    0.1476    3.8080    0.0239   -0.0156    1.0757    0.0000 
   7.7691 4294.2812   -0.8634   -0.4126  183.7452    0.3883  -13.7767   -1.3442    0.1051   -6.7879   -0.0000   -0.0000    2.5362    0.1476    3.8080   -0.0435    0.0276    1.0815  -15.2588 
   7.8791    0.0011    0.0034    0.0050  183.7158   -0.5883    3.4352   -0.6728    0.4307    0.0233    0.0000    0.0000    0.8454    0.1256    3.8080   -0.0134    0.0308    1.0801    0.0265 
   7.9216    0.0015   -0.0181    0.2183  183.6901   -0.5273    4.0456   -2.6870    0.6908   -0.1308    0.0000   -0.0000   -6.7632    0.2101    3.7200    0.0144    0.0278    1.0720   -0.0711 
   7.9641    0.0010    0.1469    0.7387  183.6355    0.6934    1.0548   -5.4946    0.0471    2.0456   -0.0000    0.0000  -10.4266    0.1030    3.7840    0.0291    0.0071    1.0894   -0.0861 
   8.0066    0.0009    0.0000    0.0000  183.5834    3.9283   -3.8280    0.7920    0.0471    2.0456    0.0000    0.0000    0.0000    0.0680    3.8080   -0.0479   -0.0120    1.0779  -11.7188 
   8.0491    0.0009    0.0000    0.0000  183.5664    2.1583   -4.0111   -0.9780    0.0471    2.0456    0.0000    0.0000    0.0000    0.0620    3.8080   -0.0754   -0.0320    1.0669  -13.4888 
   8.0916    0.0014    0.0000    0.0000  183.5508    0.9376   -0.1048   -0.0015    0.0471    2.0456    0.0000    0.0000    0.0000    0.0680    3.8080   -0.0220    0.0366    1.0835  -14.7095 
   8.1341    0.0009    0.0000    0.0000  183.5268    1.4259    2.8249    2.1348    0.0471    2.0456    0.0000    0.0000    0.0000    0.0680    3.8080   -0.0071    0.0012    1.0688  -14.2212 
   8.1766    0.0009    0.0000    0.0000  183.5015    0.5714   -1.2645   -2.1987    0.0471    2.0456    0.0000    0.0000    0.0000    0.0680    3.8080   -0.0227    0.0027    1.0791  -15.0757 
   8.2191    0.0009    0.0000    0.0000  183.4904    0.9986   -0.3490   -0.2456    0.0471    2.0456    0.0000    0.0000    0.0000    0.0680    3.8080   -0.0449    0.0066    1.0671  -14.6484 
   8.2616    0.0014    0.0000    0.0000  183.4786    0.6324    7.2194   -0.4287    0.0471    2.0456    0.0000    0.0000    0.0000    0.0680    3.8160    0.0127    0.0376    1.0747  -15.0146 
   8.3041    0.0009    0.0000    0.0000  183.4716    1.1817    0.8107   -0.0625    0.0471    2.0456    0.0000    0.0000    0.0000    0.0680    3.8080    0.0090    0.0349    1.0828  -14.4653 
   8.3466    0.0009    0.0000    0.0000  183.4544    1.3648   -5.5980   -0.0015    0.0471    2.0456    0.0000    0.0000    0.0000    0.0680    3.8160   -0.0293   -0.0012    1.0823  -14.2822 
   8.3891    0.0009    0.0000    0.0000  183.4462    1.6090   -2.1800   -0.0625    0.0471    2.0456    0.0000    0.0000    0.0000    0.0680    3.8160   -0.0425    0.0164    1.0715  -14.0381 
   8.4316    0.0014    0.0000    0.0000  183.4253    1.3648    2.0924   -0.3677    0.0471    2.0456    0.0000    0.0000    0.0000    0.0680    3.8160   -0.0122   -0.0093    1.0698  -14.2822 
   8.4741    0.0009    0.0000    0.0000  183.4149    1.4259    0.9328   -0.0015    0.0471    2.0456    0.0000    0.0000    0.0000    0.0680    3.8160   -0.0427    0.0225    1.0667  -14.2212 
   8.5166    0.0009    0.0000    0.0000  183.3938    1.2427   -0.8373   -0.6118    0.0471    2.0456    0.0000    0.0000    0.0000    0.0680    3.8160   -0.0249    0.0198    1.0759  -14.4043 
   8.5591    0.0009    0.0000    0.0000  183.3690    1.3038    0.5666   -0.1846    0.0471    2.0456    0.0000    0.0000    0.0000    0.0680    3.8160   -0.0039    0.0085    1.0698  -14.3433 
   8.6016    0.0014    0.0000    0.0000  183.3567    1.7310   -0.1659   -0.1235    0.0471    2.0456    0.0000    0.0000    0.0000    0.0680    3.8160   -0.0032    0.0024    1.0811  -13.9160 
   8.6441    0.0009    0.0000    0.0000  183.3522    1.5479   -0.5931   -0.4897    0.0471    2.0456    0.0000    0.0000    0.0000    0.0680    3.8160   -0.0266    0.0168    1.0713  -14.0991 
   8.6866    0.0009    0.0000    0.0000  183.3235    1.3038    0.2003   -0.8559    0.0471    2.0456    0.0000    0.0000    0.0000    0.0680    3.8160   -0.0176    0.0061    1.0750  -14.3433 
   8.7291    0.0009    0.0000    0.0000  183.2982    0.6934    0.0783   -0.1235    0.0471    2.0456    0.0000    0.0000    0.0000    0.0680    3.8160   -0.0056    0.0056    1.0747  -14.9536 
   8.7716    0.0014    0.0000    0.0000  183.2824    1.7310    0.1393   -0.4287    0.0471    2.0456    0.0000    0.0000    0.0000    0.0680    3.8160   -0.0198    0.0156    1.0745  -13.9160 
   8.8141    0.0009    0.0000    0.0000  183.2599    1.6090   -0.1048   -0.6728    0.0471    2.0456    0.0000    0.0000    0.0000    0.0680    3.8160   -0.0171    0.0071    1.0806  -14.0381 
   8.8566    0.0009    0.0000    0.0000  183.2374    1.4259    0.2003   -0.6118    0.0471    2.0456    0.0000    0.0000    0.0000    0.0620    3.8160   -0.0139    0.0142    1.0891  -14.2212 
   8.8991    0.0009    0.0000    0.0000  183.2195    1.2427    0.1393   -0.1235    0.0471    2.0456    0.0000    0.0000    0.0000    0.0000    3.8160   -0.0208    0.0110    1.0850  -14.4043 
   8.9416    0.0014    0.0000    0.0000  183.2096    1.6090   -0.1659   -0.7339    0.0471    2.0456    0.0000    0.0000    0.0000    0.0000    3.8160   -0.0193    0.0029    1.0798  -14.0381 
   9.0341 4294.8809   -0.0140    0.1553  183.1650    1.6700   -0.2879   -0.3677    0.0471    2.0456    0.0000    0.0000    0.0000    0.0000    3.8160   -0.0144    0.0054    1.0813  -13.9771 
   9.0766 4294.8384   -0.0670   -0.2806  183.1522    2.2803    0.0783   -0.3677    0.0471    2.0456    0.0000    0.0000    0.0000    0.0000    3.8160   -0.0266    0.0042    1.0859    0.0000 
   9.1191 4294.7959   -0.3268    0.2236  183.1331    1.4259    0.1393   -0.4287    0.0471    2.0456    0.0000    0.0000    0.0000    0.0000    3.8160   -0.0117    0.0122    1.0864  -14.2212 
   9.1616 4294.7534   -0.5558   -0.0037  183.1096    1.3648    0.0783   -0.5508    0.0471    2.0456    0.0000    0.0000    0.0000    0.0000    3.8160   -0.0195    0.0120    1.0779    0.0000 
   9.2041 4294.7109   -0.3757   -0.0012  183.0878    1.4869    0.0172   -0.3066    0.0471    2.0456    0.0000    0.0000    0.0000    0.0000    3.8240   -0.0146    0.0002    1.0771  -14.1602 
   9.2466 4294.6685   -0.3622    0.0587  183.0678    1.8531   -0.0438   -0.3066    0.0471    2.0456    0.0000    0.0000    0.0000    0.0000    3.8160   -0.0198    0.0186    1.0791    0.0000 
   9.2891 4294.6260   -0.5008   -0.2165  183.0533    1.7310    0.2614   -0.6728    0.0471    2.0456    0.0000    0.0000    0.0000    0.0000    3.8240   -0.0249    0.0161    1.0820  -13.9160 
   9.3316 4294.5835   -0.1879    0.1824  183.0422    1.0596    0.0783   -0.3677    0.0471    2.0456    0.0000    0.0000    0.0000    0.0000    3.8240   -0.0146    0.0088    1.0808    0.0000 
   9.3741 4294.5405   -0.4807   -0.0911  183.0309    0.9376   -0.1048   -0.1846    0.0471    2.0456    0.0000    0.0000    0.0000    0.0000    3.8160   -0.0215    0.0173    1.0840  -14.7095 
   9.4166 4294.4980   -0.2092    0.0354  183.0139    1.2427    0.1393   -0.6118    0.0471    2.0456    0.0000    0.0000    0.0000    0.0000    3.8240   -0.0259    0.0044    1.0771    0.0000 
   9.4591 4294.4556   -0.3441    0.0031  182.9902    1.4259    0.0783   -0.4897    0.0471    2.0456    0.0000    0.0000    0.0000    0.0000    3.8160   -0.0134    0.0171    1.0808  -14.2212 
   9.5016 4294.4131   -0.4904   -0.3557  182.9829    1.3038    0.0172   -0.3066    0.0471    2.0456    0.0000    0.0000    0.0000    0.0000    3.8240   -0.0317    0.0137    1.0840    0.0000 
   9.5441 4294.3706   -0.2970   -0.0034  182.9679    2.0972    0.1393   -0.7339    0.0471    2.0456    0.0000    0.0000    0.0000    0.0000    3.8240   -0.0190    0.0210    1.0808  -13.5498 
   9.5866 4294.3281   -0.0722    0.0277  182.9445    1.6090    0.2003   -0.7339    0.0471    2.0456    0.0000    0.0000    0.0000    0.0000    3.8240   -0.0215    0.0095    1.0891    0.0000 
   9.6291 4294.2856   -0.2338    0.0440  182.9204    1.5479   -0.1659   -0.3066    0.0471    2.0456    0.0000    0.0000    0.0000    0.0000    3.8240   -0.0220    0.0046    1.0830  -14.0991 
   9.6716 4294.2432   -0.1443    0.0869  182.9106    1.0596    0.2003   -0.2456    0.0471    2.0456    0.0000    0.0000    0.0000    0.0000    3.8240   -0.0168    0.0107    1.0811    0.0000 
   9.7141 4294.2007   -0.3057   -0.0206  182.9031    1.7921    0.2614   -0.2456    0.0471    2.0456    0.0000    0.0000    0.0000    0.0000    3.8240   -0.0242    0.0071    1.0869  -13.8550 
   9.7566 4294.1582   -0.4953   -0.0130  182.8937    0.6324   -0.8373    0.3037    0.0471    2.0456    0.0000    0.0000    0.0000    0.0000    3.8160   -0.0298    0.0024    1.0835    0.0000 
   9.7991 4294.1157   -0.4563   -0.2758  182.8842    1.9141    0.9938   -0.5508    0.0471    2.0456    0.0000    0.0000    0.0000    0.0000    3.8240    0.0229    0.0271    1.0693  -13.7329 
   9.8416 4294.0732   -0.6913   -0.1282  182.9689  -14.2602   38.4694   17.4546    0.0471    2.0456    0.0000    0.0000    0.0000    0.0000    3.8240   -0.0464   -0.0039    1.1157    0.0000 
   9.8841 4294.0308    0.0232    0.7476  183.5720   -3.3349   22.3561   -1.8935    0.0471    2.0456    0.0000    0.0000    0.0000    0.0000    3.8240    0.0457    0.0107    1.0793  -18.9819 
   9.9266 4293.9883   -1.0599   -0.0643  182.7960   -4.4946   -4.1332  -52.6138    0.0471    2.0456    0.0000    0.0000    0.0000    0.0000    3.8240   -0.0696    0.0259    1.0701    0.0000 
   9.9691 4293.9458   -0.4019    0.2481  180.9696   -2.7245   -5.5370   35.3989    0.0471    2.0456    0.0000    0.0000    0.0000    0.0000    3.8160    0.4932    0.1396    1.3835  -18.3716 
  10.0116 4293.9033   -0.0928    1.3932  186.5369   59.4703   71.9167  140.0742    0.0471    2.0456    0.0000    0.0000    0.0000    0.0000    3.8240   -0.2852    0.0657    1.5703    0.0000 
  10.0541 4293.8608    3.1518   -0.0162  188.7216   92.0631  -38.4959  -15.6265    0.0471    2.0456    0.0000    0.0000    0.0000    0.0000    3.8160   -0.0500   -0.1997    1.6531   76.4160 
  10.0966 4293.8184    8.3446   -1.0375  187.7172   86.2037  -13.5326    6.2241    0.0471    2.0456    0.0000    0.0000    0.0000    0.0000    3.8240   -0.1467   -0.2900    1.6697    0.0000 
  10.1391 4293.7759   13.7865   -3.7976  189.5762  143.3936  -71.4549   81.4805    0.0471    2.0456    0.0000    0.0000    0.0000    0.0000    3.8160   -0.1245   -0.3860    1.6323  127.7466 
  10.1816 4293.7334   19.4597   -3.7167  193.0518  119.5289  -51.2523   42.6011    0.0471    2.0456    0.0000    0.0000    0.0000    0.0000    3.8240   -0.0168   -0.3748    1.4568    0.0000 
  10.2241 4293.6909   23.3284   -4.2433  190.8771  103.5377  -23.3592  -58.5342    0.0471    2.0456    0.0000    0.0000    0.0000    0.0000    3.8240   -0.0120   -0.7073    1.2351   87.8906 
  10.2666 4293.6484   28.5951   -4.5762  191.1530  150.7178  -53.9989   37.4131    0.0471    2.0456    0.0000    0.0000    0.0000    0.0000    3.8240    0.0901   -0.3215    1.1384    0.0000 
  10.3091 4293.6060   32.2828   -5.3479  188.8387   75.4005   12.8957 -142.6406    0.0471    2.0456    0.0000    0.0000    0.0000    0.0000    3.8240   -0.0564   -0.6104    0.8240   59.7534 
  10.3516 4293.5635   36.6832   -6.1945  184.0236  128.9893   -1.5697  -33.3266    0.0471    2.0456    0.0000    0.0000    0.0000    0.0000    3.8240   -0.0405   -0.4358    0.7537    0.0000 
  10.3941 4293.5210   40.5227   -6.1228  183.8952  135.7642   -7.5511   13.0601    0.0471    2.0456    0.0000    0.0000    0.0000    0.0000    3.8240    0.0693   -0.5063    0.5933  120.1172 
  10.4366 4293.4780   46.5345   -3.0031  185.1141  137.7784   39.2628  -11.3540    0.0471    2.0456    0.0000    0.0000    0.0000    0.0000    3.8240    0.1770   -0.3489    0.5918    0.0000 
  10.4791 4293.4355   47.9922   -2.1681  182.6557   26.9386   64.4704  -81.7275    0.0471    2.0456    0.0000    0.0000    0.0000    0.0000    3.8240   -0.0239   -0.4978    0.7063   11.2915 
  10.5216 4293.3931   47.5239   -4.3154  175.2550   44.9439   90.6544 -110.7803    0.0471    2.0456    0.0000    0.0000    0.0000    0.0000    3.8240   -0.0984   -0.6545    0.6279    0.0000 
  10.5641 4293.3506   47.3826   -8.1677  167.0334   34.6900   67.8273 -104.6767    0.0471    2.0456    0.0000    0.0000    0.0000    0.0000    3.8240   -0.2141   -0.6333    0.7202   19.0430 
  10.6066 4293.3081   46.3595  -13.0525  158.0472   37.7418   61.2965 -103.5781    0.0471    2.0456    0.0000    0.0000    0.0000    0.0000    3.8320   -0.2939   -0.6660    0.6880    0.0000 
  10.6491 4293.2656   45.7116  -18.4882  149.7351   40.0611   39.0797  -93.3242    0.0471    2.0456    0.0000    0.0000    0.0000    0.0000    3.8240   -0.3201   -0.6812    0.6733   24.4141 
  10.6916 4293.2231   45.3071  -21.5291  143.2243   35.0562   36.7604 -103.3340    0.0471    2.0456    0.0000    0.0000    0.0000    0.0000    3.8240   -0.1885   -0.6292    0.5437    0.0000 
  10.7341 4293.1807   46.4925  -22.2165  137.8009   37.6807   58.4279 -122.3159    0.0471    2.0456    0.0000    0.0000    0.0000    0.0000    3.8320   -0.1362   -0.6062    0.5122   22.0337 
  10.7766 4293.1382   44.1839  -24.0053  130.8315   18.1495   62.7003 -130.1894    0.0471    2.0456    0.0000    0.0000    0.0000    0.0000    3.8240   -0.3040   -0.5681    0.6509    0.0000 
  10.8191 4293.0957   41.9317  -25.8400  123.2492   -9.6825   65.7521 -184.1445    0.0471    2.0456    0.0000    0.0000    0.0000    0.0000    3.8320   -0.2310   -0.6377    0.5474  -25.3296 
  10.8616 4293.0532   40.7191  -26.3109  116.4100   25.1075   61.2965 -130.2505    0.0471    2.0456    0.0000    0.0000    0.0000    0.0000    3.8320   -0.2605   -0.5737    0.6162    0.0000 
  10.9041 4293.0107   37.9746  -25.6248  112.3212   -4.7997   47.5636  -88.3193    0.0471    2.0456    0.0000    0.0000    0.0000    0.0000    3.8320   -0.2837   -0.5151    0.7134  -20.4468 
  10.9466 4292.9683   36.5335  -23.9133  109.5738  -19.4482   46.2209  -88.1973    0.0471    2.0456    0.0000    0.0000    0.0000    0.0000    3.8240   -0.2976   -0.6475    0.7231    0.0000 
  10.9891 4292.9258   35.3885  -21.6388  107.8559  -18.8378   35.2956  -61.7690    0.0471    2.0456    0.0000    0.0000    0.0000    0.0000    3.8320   -0.3096   -0.5837    0.8013  -34.4849 
  11.0316 4292.8833   33.8438  -20.8505  105.8702  -31.9604   35.7838  -58.4121    0.0471    2.0456    0.0000    0.0000    0.0000    0.0000    3.8320   -0.3450   -0.6123    0.8196    0.0000 
  11.0741 4292.8408   31.7960  -22.9017  102.7485   -3.8232   10.5153  -42.4209    0.0471    2.0456    0.0000    0.0000    0.0000    0.0000    3.8320   -0.4070   -0.5657    0.9238  -19.4702 
  11.1166 4292.7983   29.8787  -21.7733  101.9990  -19.1430    5.3883  -50.6606    0.0471    2.0456    0.0000    0.0000    0.0000    0.0000    3.8320   -0.2939   -0.5601    0.9253    0.0000 
  11.1591 4292.7559   28.9055  -20.3976  100.0582   13.0225    1.4821  -76.4175    0.0471    2.0456    0.0000    0.0000    0.0000    0.0000    3.8240   -0.2817   -0.5034    0.9277   -2.6245 
  11.2016 4292.7134   27.8596  -20.0057   98.8236   29.4410   -7.3070  -12.6357    0.0471    2.0456    0.0000    0.0000    0.0000    0.0000    3.8320   -0.2957   -0.4358    0.8884    0.0000 
  11.2441 4292.6709   27.4590  -19.1920   97.5348   35.4224   11.9801  -62.5625    0.0471    2.0456    0.0000    0.0000    0.0000    0.0000    3.8240   -0.2590   -0.3682    0.8083   19.7754 
  11.2866 4292.6284   25.3587  -20.5600   93.3188   33.2862   13.7502  -85.2065    0.0471    2.0456    0.0000    0.0000    0.0000    0.0000    3.8320   -0.3757   -0.3806    0.8938    0.0000 
  11.3291 4292.5859   23.7741  -22.6335   89.2304   47.0802   -2.2411  -62.9287    0.0471    2.0456    0.0000    0.0000    0.0000    0.0000    3.8320   -0.3293   -0.3374    0.8694   31.4331 
  11.3716 4292.5435   22.4536  -22.7052   86.2769   29.8072   12.4684  -69.3984    0.0471    2.0456    0.0000    0.0000    0.0000    0.0000    3.8320   -0.3728   -0.3337    0.8335    0.0000 
  11.4141 4292.5010   22.3012  -25.8270   81.8284   38.1690   -0.6541  -66.1025    0.0471    2.0456    0.0000    0.0000    0.0000    0.0000    3.8320   -0.4460   -0.3745    0.7524   22.5220 
  11.4566 4292.4585   24.5845  -28.9660   78.6182   41.8311   -9.8705  -20.5703    0.0471    2.0456    0.0000    0.0000    0.0000    0.0000    3.8320   -0.4153   -0.3628    0.6309    0.0000 
  11.4991 4292.4155   26.2941  -31.3730   75.3955   30.7838   20.8302  -64.6377    0.0471    2.0456    0.0000    0.0000    0.0000    0.0000    3.8320   -0.4316   -0.4109    0.5649   15.1367 
  11.5416 4292.3730   27.1004  -34.0655   70.9762   51.8409   19.4875  -43.9468    0.0471    2.0456    0.0000    0.0000    0.0000    0.0000    3.8320   -0.6135   -0.4597    0.6794    0.0000 
  11.5841 4292.3306   28.1732  -36.7916   66.9561   62.5831    6.7311  -57.3135    0.0471    2.0456    0.0000    0.0000    0.0000    0.0000    3.8320   -0.5173   -0.4873    0.7368   46.9360 
  11.6266 4292.2881   29.1554  -35.2474   64.0192   21.0181   56.2917  -81.4223    0.0471    2.0456    0.0000    0.0000    0.0000    0.0000    3.8320   -0.6033   -0.8533    1.0537    0.0000 
  11.6691 4292.2456   29.5030  -34.5648   59.5049   45.9205   51.2257 -104.5547    0.0471    2.0456    0.0000    0.0000    0.0000    0.0000    3.8320   -0.8264   -0.9116    1.1470   30.2734 
  11.7116 4292.2031   31.3406  -34.3143   54.8939   75.1563   34.0749  -88.2583    0.0471    2.0456    0.0000    0.0000    0.0000    0.0000    3.8320   -0.4036   -0.6685    0.8845    0.0000 
  11.7541 4292.1606   30.2517  -32.9972   49.3584   35.7886   77.7760 -156.1294    0.0471    2.0456    0.0000    0.0000    0.0000    0.0000    3.8240   -0.4702   -0.4604    0.9133   20.1416 
  11.7966 4292.1182   26.0282  -32.8131   42.7815   47.2633   32.3659 -124.8183    0.0471    2.0456    0.0000    0.0000    0.0000    0.0000    3.8320   -0.4941   -0.3230    0.8723    0.0000 
  11.8391 4292.0757   24.1059  -32.4624   38.8843   36.3380   21.8068  -73.6098    0.0471    2.0456    0.0000    0.0000    0.0000    0.0000    3.8240   -0.3582   -0.2241    0.7361   20.6909 
  11.8816 4292.0332   20.5940  -31.3922   35.4534   -4.4335   30.3517 -106.3247    0.0471    2.0456    0.0000    0.0000    0.0000    0.0000    3.8320   -0.4241   -0.2563    0.7727    0.0000 
  11.9241 4291.9907   18.3740  -30.5884   32.6492   -0.7714   -4.5604  -58.9614    0.0471    2.0456    0.0000    0.0000    0.0000    0.0000    3.8320   -0.4614   -0.3713    0.7925  -16.4185 
  11.9666 4291.9482   19.7309  -31.7753   31.1931    4.1724   -9.8094  -12.6968    0.0471    2.0456    0.0000    0.0000    0.0000    0.0000    3.8320   -0.5347   -0.3433    0.8096    0.0000 
  12.0091 4291.9058   19.0711  -31.0419   31.1327  -13.4667  -23.8475  -27.5283    0.0471    2.0456    0.0000    0.0000    0.0000    0.0000    3.8320   -0.3943   -0.3521    0.8235  -29.1138 
  12.0516 4291.8633   18.8309  -29.8671   31.3298  -19.8144  -16.2791  -10.1333    0.0471    2.0456    0.0000    0.0000    0.0000    0.0000    3.8320   -0.4683   -0.3618    0.9478    0.0000 
  12.0941 4291.8208   17.5737  -28.7871   32.9152   -9.8046  -38.9842   23.5581    0.0471    2.0456    0.0000    0.0000    0.0000    0.0000    3.8320   -0.3835   -0.2988    0.9587  -25.4517 
  12.1366 4291.7783   17.6055  -27.5143   34.6334  -34.1576   -9.6873   12.8770    0.0471    2.0456    0.0000    0.0000    0.0000    0.0000    3.8320   -0.3293   -0.4331    1.0659    0.0000 
  12.1791 4291.7358   18.7208  -27.3097   36.5203   -8.0346  -10.9081   65.2451    0.0471    2.0456    0.0000    0.0000    0.0000    0.0000    3.8320   -0.6577   -0.4568    1.0181  -23.6816 
  12.2216 4291.6934   20.5539  -26.4117   39.6199   -6.0815   -7.5511   52.8550    0.0471    2.0456    0.0000    0.0000    0.0000    0.0000    3.8320   -0.3569   -0.2847    0.8921    0.0000 
  12.2641 4291.6509   17.2841  -24.3921   40.3619  -42.3974   41.1549  -25.1479    0.0471    2.0456    0.0000    0.0000    0.0000    0.0000    3.8320   -0.4949   -0.1543    0.8862  -58.0444 
  12.3066 4291.6084   14.5086  -24.8236   40.5854  -13.8940   -3.2176   34.4834    0.0471    2.0456    0.0000    0.0000    0.0000    0.0000    3.8320   -0.6616   -0.1196    0.8806    0.0000 
  12.3491 4291.5659   13.4451  -26.8333   42.4883  -12.9784  -29.4627   66.4658    0.0471    2.0456    0.0000    0.0000    0.0000    0.0000    3.8320   -0.4583   -0.0857    0.7310  -28.6255 
  12.3916 4291.5234   12.8008  -27.2957   45.2191  -22.8661  -23.1151   58.8364    0.0471    2.0456    0.0000    0.0000    0.0000    0.0000    3.8320   -0.2952   -0.2104    0.6399    0.0000 
  12.4341 4291.4810   15.6207  -27.6663   48.2281   -6.2646  -24.2137   73.1797    0.0471    2.0456    0.0000    0.0000    0.0000    0.0000    3.8320   -0.5088   -0.4180    0.7915  -21.9116 
  12.4766 4291.4385   19.8068  -27.7409   51.2292    4.0504  -20.9178   79.2832    0.0471    2.0456    0.0000    0.0000    0.0000    0.0000    3.8320   -0.4028   -0.3909    0.7698    0.0000 
  12.5191 4291.3960   21.9310  -28.4393   52.8258   -1.9311    4.1676   27.0982    0.0471    2.0456    0.0000    0.0000    0.0000    0.0000    3.8320   -0.5461   -0.3735    0.8850  -17.5781 
  12.5616 4291.3530   20.2817  -28.4985   52.7465    0.3272   -2.8514  -10.1333    0.0471    2.0456    0.0000    0.0000    0.0000    0.0000    3.8320   -0.4751   -0.3831    0.9448    0.0000 
  12.6041 4291.3105   20.6355  -26.0056   53.6462  -15.2367   17.6564    0.1817    0.0471    2.0456    0.0000    0.0000    0.0000    0.0000    3.8320   -0.4067   -0.5310    1.2126  -30.8838 
  12.6466 4291.2681   21.3298  -23.0108   54.5613  -14.6874   17.9005   10.3135    0.0471    2.0456    0.0000    0.0000    0.0000    0.0000    3.8320   -0.5273   -0.5752    1.1946    0.0000 
  12.6891 4291.2256   23.2432  -20.8785   56.4437   -9.0112    4.2897   33.9341    0.0471    2.0456    0.0000    0.0000    0.0000    0.0000    3.8320   -0.3997   -0.5215    1.1396  -24.6582 
  12.7316 4291.1831   21.7730  -20.5989   57.2651  -21.0351   10.0880    7.5669    0.0471    2.0456    0.0000    0.0000    0.0000    0.0000    3.8320   -0.5044   -0.4395    1.0815    0.0000 
  12.7741 4291.1406   19.6672  -21.2756   58.2063  -12.6733  -17.3167   35.8872    0.0471    2.0456    0.0000    0.0000    0.0000    0.0000    3.8320   -0.3584   -0.2063    0.9329  -28.3203 
  12.8166 4291.0981   17.0933  -20.9102   60.0445  -29.7021  -15.5467   25.5723    0.0471    2.0456    0.0000    0.0000    0.0000    0.0000    3.8320   -0.3135   -0.1472    0.8540    0.0000 
  12.8591 4291.0557   14.0635  -20.2161   61.9089  -40.3222  -20.5516   27.1592    0.0471    2.0456    0.0000    0.0000    0.0000    0.0000    3.8320   -0.3022   -0.1855    0.8359  -55.9692 
  12.9016 4291.0132   11.7423  -20.5463   64.0927  -41.5429  -35.7494   46.4463    0.0471    2.0456    0.0000    0.0000    0.0000    0.0000    3.8320   -0.2925   -0.1816    0.8445    0.0000 
  12.9441 4290.9707   12.4514  -19.7798   67.9226  -44.9609  -40.2660   80.6260    0.0471    2.0456    0.0000    0.0000    0.0000    0.0000    3.8320   -0.2131   -0.2739    0.7854  -60.6079 
  12.9866 4290.9282   13.7977  -19.3010   72.2883  -55.2758  -38.0077   78.7949    0.0471    2.0456    0.0000    0.0000    0.0000    0.0000    3.8320   -0.2781   -0.3862    0.9348    0.0000 
  13.0291 4290.8857   14.7560  -18.6273   76.9940  -66.0180  -33.6131   97.9600    0.0471    2.0456    0.0000    0.0000    0.0000    0.0000    3.8320   -0.2593   -0.4453    1.0088  -81.6650 
  13.0716 4290.8433   15.2585  -16.8674   82.6628  -78.5302  -17.2557   98.3872    0.0471    2.0456    0.0000    0.0000    0.0000    0.0000    3.8320   -0.1318   -0.5852    1.1416    0.0000 
  13.1141 4290.8008   15.2575  -15.4912   87.7847  -69.4360   -0.8373   99.5469    0.0471    2.0456    0.0000    0.0000    0.0000    0.0000    3.8320   -0.5322   -0.7588    1.2568  -85.0830 
  13.1566 4290.7583   16.8045  -15.8764   93.1445  -45.1440  -37.9466  122.8013    0.0471    2.0456    0.0000    0.0000    0.0000    0.0000    3.8400   -0.3987   -0.5730    1.2063  -60.7910 
  13.1991 4290.7158   17.6476  -15.4193   97.5964  -68.5204  -28.8524   51.0850    0.0471    2.0456    0.0000    0.0000    0.0000    0.0000    3.8320   -0.2454   -0.3845    0.9800  -84.1675 
  13.2416 4290.6733   18.0385  -16.0905  101.1397  -49.2944  -43.8670   94.9082    0.0471    2.0456    0.0000    0.0000    0.0000    0.0000    3.8320   -0.3428   -0.3655    0.9321    0.0000 
  13.2841 4290.6309   17.2006  -19.0078  106.0519  -55.6420  -63.0321  109.3736    0.0471    2.0456    0.0000    0.0000    0.0000    0.0000    3.8400   -0.2839   -0.2480    0.7773  -71.2891 
  13.3266 4290.5884   16.9843  -21.5193  110.9718  -73.4032  -51.8626  105.0401    0.0471    2.0456    0.0000    0.0000    0.0000    0.0000    3.8320   -0.4058   -0.3618    0.6985    0.0000 
  13.3691 4290.5459   18.1746  -23.6120  116.4950  -62.6611  -52.9613  131.5903    0.0471    2.0456    0.0000    0.0000    0.0000    0.0000    3.8320   -0.4580   -0.4355    0.6973  -78.3081 
  13.4116 4290.5034   19.3138  -25.1032  122.0382  -58.2665  -31.1107  102.2935    0.0471    2.0456    0.0000    0.0000    0.0000    0.0000    3.8320   -0.6816   -0.5012    0.7319    0.0000 
  13.4541 4290.4609   20.1317  -27.2352  125.9720  -34.0356  -42.2801   88.4385    0.0471    2.0456    0.0000    0.0000    0.0000    0.0000    3.8400   -0.6799   -0.4185    0.6155  -49.6826 
  13.4966 4290.4185   21.6195  -29.2920  129.4517  -34.2797  -18.4764   82.3960    0.0471    2.0456    0.0000    0.0000    0.0000    0.0000    3.8320   -0.7295   -0.5239    0.5798    0.0000 
  13.5391 4290.3760   22.7805  -30.8975  131.1699   -6.2646  -13.6546   22.2764    0.0471    2.0456    0.0000    0.0000    0.0000    0.0000    3.8400   -0.7031   -0.5481    0.6646  -21.9116 
  13.5816 4290.3335   24.3052  -31.7137  131.1073  -13.8940   30.5348    0.3037    0.0471    2.0456    0.0000    0.0000    0.0000    0.0000    3.8400   -0.5735   -0.5894    0.8657    0.0000 
  13.6241 4290.2905   24.3416  -31.0041  130.6145  -25.9789   41.4601  -52.1255    0.0471    2.0456    0.0000    0.0000    0.0000    0.0000    3.8400   -1.0183   -0.8772    1.1990  -41.6260 
  13.6666 4290.2480   24.5209  -31.7020  127.5681    3.8673   18.6940  -89.8452    0.0471    2.0456    0.0000    0.0000    0.0000    0.0000    3.8400   -0.6057   -0.5981    1.0059    0.0000 
  13.7091 4290.2056   22.3778  -30.6980  124.2625   16.8067   13.5060  -89.3569    0.0471    2.0456    0.0000    0.0000    0.0000    0.0000    3.8400   -0.5056   -0.3120    0.9214    1.1597 
  13.7516 4290.1631   19.4704  -31.0530  121.1423   20.1636  -19.5140  -65.2480    0.0471    2.0456    0.0000    0.0000    0.0000    0.0000    3.8320   -0.4858   -0.1963    0.9348    0.0000 
  13.7941 4290.1206   16.8912  -31.6312  118.8680   -9.1332  -30.7445  -74.2812    0.0471    2.0456    0.0000    0.0000    0.0000    0.0000    3.8400   -0.2729   -0.1538    0.7737  -24.7803 
  13.8366 4290.0781   14.8147  -31.0423  117.4038   -9.5605  -27.9369  -40.8340    0.0471    2.0456    0.0000    0.0000    0.0000    0.0000    3.8400   -0.3455   -0.2644    0.7856    0.0000 
  13.8791 4290.0356   15.3219  -30.7210  117.3442    8.0177  -41.1205   -9.8281    0.0471    2.0456    0.0000    0.0000    0.0000    0.0000    3.8400   -0.2551   -0.3069    0.7903   -7.6294 
  13.9216 4289.9932   15.8285  -29.8608  117.8077   -2.4194  -24.2137    3.9048    0.0471    2.0456    0.0000    0.0000    0.0000    0.0000    3.8400   -0.2732   -0.2476    0.7776    0.0000 
  13.9641 4289.9507   15.6080  -28.5048  119.0785   -8.0346  -29.8900   20.9336    0.0471    2.0456    0.0000    0.0000    0.0000    0.0000    3.8400   -0.2861   -0.2214    0.7622  -23.6816 
  14.0066 4289.9082   16.0475  -26.7535  120.9960  -21.3403   -1.1424   32.4082    0.0471    2.0456    0.0000    0.0000    0.0000    0.0000    3.8400   -0.3176   -0.3069    0.9460    0.0000 
  14.0491 4289.8657   14.7997  -24.7931  123.3524  -32.7538    2.9469   39.6104    0.0471    2.0456    0.0000    0.0000    0.0000    0.0000    3.8400   -0.4895   -0.3035    1.0974  -48.4009 
  14.0916 4289.8232   14.5392  -21.9796  126.3558  -49.1113   12.3463   59.2027    0.0471    2.0456    0.0000    0.0000    0.0000    0.0000    3.8400   -0.4441   -0.4104    1.1731    0.0000 
  14.1341 4289.7808   15.6035  -21.9683  129.6271  -22.7441  -11.2743   76.4146    0.0471    2.0456    0.0000    0.0000    0.0000    0.0000    3.8320   -0.6650   -0.5122    1.1729  -38.3911 
  14.1766 4289.7383   18.3905  -23.4141  132.6760   -5.2880  -22.8099   76.4756    0.0471    2.0456    0.0000    0.0000    0.0000    0.0000    3.8400   -0.4817   -0.4028    0.9680    0.0000 
  14.2191 4289.6958   17.1698  -24.0109  134.7592  -13.0395  -10.2977   37.1079    0.0471    2.0456    0.0000    0.0000    0.0000    0.0000    3.8400   -0.4170   -0.1492    0.8091  -28.6865 
  14.2616 4289.6533   15.1831  -25.3667  136.3426  -19.9364  -16.4012   48.8267    0.0471    2.0456    0.0000    0.0000    0.0000    0.0000    3.8400   -0.4771   -0.1287    0.7100    0.0000 
  14.3041 4289.6108   14.8784  -27.8933  138.5946  -22.6220  -28.9134   68.2969    0.0471    2.0456    0.0000    0.0000    0.0000    0.0000    3.8400   -0.5640   -0.2124    0.6780  -38.2690 
  14.3466 4289.5684   16.0708  -30.4105  141.4141  -34.8901  -27.9369   63.7803    0.0471    2.0456    0.0000    0.0000    0.0000    0.0000    3.8400   -0.6172   -0.3855    0.6152    0.0000 
  14.3891 4289.5259   16.9741  -32.5217  143.3161  -25.8569  -19.7581   28.8682    0.0471    2.0456    0.0000    0.0000    0.0000    0.0000    3.8400   -0.7258   -0.4302    0.6702  -41.5039 
  14.4316 4289.4834   17.9808  -34.8990  144.3840  -11.5136  -16.9505   34.9717    0.0471    2.0456    0.0000    0.0000    0.0000    0.0000    3.8400   -0.7693   -0.3794    0.6655    0.0000 
  14.4741 4289.4409   18.7660  -37.4083  144.4343    0.0831  -12.4339   -1.8325    0.0471    2.0456    0.0000    0.0000    0.0000    0.0000    3.8400   -0.7556   -0.3962    0.7075  -15.5640 
  14.5166 4289.3984   18.5507  -40.0195  143.2194    3.0128   -5.2318  -19.6548    0.0471    2.0456    0.0000    0.0000    0.0000    0.0000    3.8400   -0.7512   -0.3508    0.7991    0.0000 
  14.5591 4289.3560   18.9619  -38.8483  142.9747   -9.3163   14.1774  -21.4858    0.0471    2.0456    0.0000    0.0000    0.0000    0.0000    3.8400   -0.6089   -0.6265    0.9792  -24.9634 
  14.6016 4289.3135   20.3288  -37.3308  142.4408   10.7642   34.1969  -29.4204    0.0471    2.0456    0.0000    0.0000    0.0000    0.0000    3.8400   -0.9006   -0.6362    1.0806    0.0000 
  14.6441 4289.2710   21.2508  -35.8060  141.1661   15.2808   17.1071  -48.2192    0.0471    2.0456    0.0000    0.0000    0.0000    0.0000    3.8400   -0.5430   -0.4304    0.9143   -0.3662 
  14.6866 4289.2280   19.1143  -32.9308  138.8223  -12.5512   60.4420 -106.8130    0.0471    2.0456    0.0000    0.0000    0.0000    0.0000    3.8400   -0.5188   -0.2961    0.9058    0.0000 
  14.7291 4289.1855   13.8939  -31.9491  134.7420   -5.7153   36.2111 -109.4985    0.0471    2.0456    0.0000    0.0000    0.0000    0.0000    3.8400   -0.6575   -0.2019    0.9697  -21.3623 
  14.7716 4289.1431   10.4984  -30.7230  132.0869   -2.2363    8.1960  -58.7783    0.0471    2.0456    0.0000    0.0000    0.0000    0.0000    3.8400   -0.4336   -0.1223    0.8345    0.0000 
  14.8141 4289.1006    7.0102  -28.6938  129.9725  -32.6318   17.2292  -92.5918    0.0471    2.0456    0.0000    0.0000    0.0000    0.0000    3.8400   -0.3789   -0.1113    0.7827  -48.2788 
  14.8566 4289.0581    5.9239  -27.2355  127.8692  -30.7397    5.2663  -53.1631    0.0471    2.0456    0.0000    0.0000    0.0000    0.0000    3.8400   -0.3992   -0.1870    0.8323    0.0000 
  14.8991 4289.0156    6.4996  -25.8712  127.7672  -25.4296   -2.9735   -3.2363    0.0471    2.0456    0.0000    0.0000    0.0000    0.0000    3.8400   -0.4253   -0.1130    0.8540  -41.0767 
  14.9416 4288.9731    4.9896  -24.1671  128.0168  -52.5903  -10.6639  -33.6318    0.0471    2.0456    0.0000    0.0000    0.0000    0.0000    3.8400   -0.3213   -0.1233    0.8440    0.0000 
  14.9841 4288.9307    4.2873  -23.0544  127.9037  -50.0268   13.2008  -10.0723    0.0471    2.0456    0.0000    0.0000    0.0000    0.0000    3.8400   -0.4495   -0.2122    0.9929  -65.6738 
  15.0266 4288.8882    5.0960  -21.9453  129.3469  -26.9555  -16.0960   31.8589    0.0471    2.0456    0.0000    0.0000    0.0000    0.0000    3.8400   -0.2253   -0.1719    1.0933    0.0000 
  15.0691 4288.8457    5.6045  -19.5869  131.2663  -27.1386   33.9528   32.6524    0.0471    2.0456    0.0000    0.0000    0.0000    0.0000    3.8400   -0.3774   -0.2607    1.0576  -42.7856 
  15.1116 4288.8032    6.6617  -19.9124  132.8637    2.3414   12.5905   41.9907    0.0471    2.0456    0.0000    0.0000    0.0000    0.0000    3.8400   -0.6426   -0.1084    1.2449    0.0000 
  15.1541 4288.7607    4.7471  -19.3781  133.6135  -24.6362   14.4215  -11.4150    0.0471    2.0456    0.0000    0.0000    0.0000    0.0000    3.8400   -0.2256    0.0293    1.0110  -40.2832 
  15.1966 4288.7183    1.2161  -17.4604  133.0512  -37.2704   46.5260  -34.1811    0.0471    2.0456    0.0000    0.0000    0.0000    0.0000    3.8400   -0.4578    0.0435    1.0134    0.0000 
  15.2391 4288.6758   -1.3049  -18.1654  132.9984  -22.1337    6.7921   17.7598    0.0471    2.0456    0.0000    0.0000    0.0000    0.0000    3.8400   -0.4761    0.1750    0.9907  -37.7808 
  15.2816 4288.6333   -4.7035  -18.7589  134.0802  -42.1532    7.0363    1.1582    0.0471    2.0456    0.0000    0.0000    0.0000    0.0000    3.8400   -0.3066    0.1350    0.8245    0.0000 
  15.3241 4288.5908   -6.5579  -20.3970  134.9635  -36.9653   13.5060    7.0786    0.0471    2.0456    0.0000    0.0000    0.0000    0.0000    3.8400   -0.4180    0.1111    0.8342  -52.6123 
  15.3666 4288.5483   -7.4114  -22.2150  136.2739  -37.4535    7.0973   11.2290    0.0471    2.0456    0.0000    0.0000    0.0000    0.0000    3.8400   -0.3293    0.0986    0.7935    0.0000 
  15.4091 4288.5059   -7.6157  -22.2070  137.1419  -37.5146   26.5675  -10.1333    0.0471    2.0456    0.0000    0.0000    0.0000    0.0000    3.8400   -0.3904    0.1123    0.8276  -53.1616 
  15.4516 4288.4634   -7.9551  -22.8140  137.2209  -42.8246   19.7926  -27.5283    0.0471    2.0456    0.0000    0.0000    0.0000    0.0000    3.8320   -0.4814    0.0718    0.9641    0.0000 
  15.4941 4288.4209   -7.2393  -21.8306  137.1472  -21.1572   23.6378   -6.4712    0.0471    2.0456    0.0000    0.0000    0.0000    0.0000    3.8400   -0.3772    0.1011    0.9192  -36.8042 
  15.5366 4288.3784   -5.8473  -20.6369  137.0338  -11.8188   12.1022  -13.9175    0.0471    2.0456    0.0000    0.0000    0.0000    0.0000    3.8400   -0.3862    0.0669    1.0708    0.0000 
  15.5791 4288.3359   -4.9370  -18.4696  136.7141   -6.1425   13.3839    9.0318    0.0471    2.0456    0.0000    0.0000    0.0000    0.0000    3.8400   -0.2126   -0.0479    1.0835  -21.7896 
  15.6216 4288.2935   -2.8489  -15.6800  137.6206   12.0460   29.6193   36.4365    0.0471    2.0456    0.0000    0.0000    0.0000    0.0000    3.8400   -0.1187   -0.0918    1.0618    0.0000 
  15.6641 4288.2510   -0.7926  -12.1325  138.3754   -6.6308   60.3810    3.1724    0.0471    2.0456    0.0000    0.0000    0.0000    0.0000    3.8400   -0.1262   -0.1184    1.0811  -22.2778 
  15.7066 4288.2085    1.1351   -7.6593  138.2414   20.5299   77.2267   10.4356    0.0471    2.0456    0.0000    0.0000    0.0000    0.0000    3.8400   -0.0757   -0.1372    1.0557    0.0000 
  15.7491 4288.1655    3.6539   -5.5303  139.1620   18.5157   65.8131   28.6851    0.0471    2.0456    0.0000    0.0000    0.0000    0.0000    3.8400   -0.3347   -0.0791    1.1079    2.8687 
  15.7916 4288.1230    4.3844   -5.2703  139.6284   15.5250   32.1217    8.4824    0.0471    2.0456    0.0000    0.0000    0.0000    0.0000    3.8400   -0.1089   -0.0710    1.1052    0.0000 
  15.8341 4288.0806    2.8871   -4.3814  139.8320   17.7222   35.7228   13.7925    0.0471    2.0456    0.0000    0.0000    0.0000    0.0000    3.8400   -0.1538    0.0044    1.1472    2.0752 
  15.8766 4288.0381    3.2392   -5.2853  140.7661   -7.7294   10.8205   18.9805    0.0471    2.0456    0.0000    0.0000    0.0000    0.0000    3.8400   -0.1267   -0.1204    1.0151    0.0000 
  15.9191 4287.9956    5.9470   -4.3062  141.5194   18.3326    9.9049   33.8731    0.0471    2.0456    0.0000    0.0000    0.0000    0.0000    3.8320   -0.1016   -0.1091    1.0732    2.6855 
  15.9616 4287.9531    5.0696   -3.2633  143.6474    9.7266   -3.0345   50.9629    0.0471    2.0456    0.0000    0.0000    0.0000    0.0000    3.8400   -0.0359   -0.0979    1.0588    0.0000 
  16.0041 4287.9106    7.3607   -2.9419  145.5503   13.4498   18.3278   40.6480    0.0471    2.0456    0.0000    0.0000    0.0000    0.0000    3.8400   -0.1375   -0.1970    1.0723   -2.1973 
  16.0466 4287.8682    6.2960   -3.2720  147.1320   -1.1376    6.0597   54.8081    0.0471    2.0456    0.0000    0.0000    0.0000    0.0000    3.8400   -0.0796    0.0344    1.2327  -16.7847 
  16.0891 4287.8257    4.6703   -1.8797  149.7091  -34.5239   17.1071   45.5918    0.0471    2.0456    0.0000    0.0000    0.0000    0.0000    3.8400   -0.0801   -0.1245    1.1243  -50.1709 
  16.1316 4287.7832    5.3028   -2.3987  150.3946   -7.7294   26.5065   -6.7153    0.0471    2.0456    0.0000    0.0000    0.0000    0.0000    3.8400   -0.1746   -0.0996    1.1030    0.0000 
  16.1741 4287.7407    3.1126   -2.1906  149.6277   -6.5087   20.8302   -8.9126    0.0471    2.0456    0.0000    0.0000    0.0000    0.0000    3.8400   -0.0840    0.1833    1.2351  -22.1558 
  16.2166 4287.6982    0.3050   -1.7619  150.2563  -12.3681   14.7267   19.3467    0.0471    2.0456    0.0000    0.0000    0.0000    0.0000    3.8400   -0.0886    0.0332    1.1897    0.0000 
  16.2591 4287.6558    0.9328    0.3189  150.6988   -1.4428    6.2428   14.9522    0.0471    2.0456    0.0000    0.0000    0.0000    0.0000    3.8400    0.0630   -0.0803    1.1343  -17.0898 
  16.3016 4287.6133    2.3801    0.1994  152.7113   19.2481   30.2296   71.4707    0.0471    2.0456    0.0000    0.0000    0.0000    0.0000    3.8400   -0.0898    0.0000    1.0356    3.6011 
  16.3441 4287.5708    0.7485    1.1180  156.2664    0.3883   14.1164   75.3770    0.0471    2.0456    0.0000    0.0000    0.0000    0.0000    3.8400   -0.0149    0.0381    0.9692  -15.2588 
  16.3866 4287.5283   -0.2135    0.6389  156.5852  -52.2240   14.5436  -36.6836    0.0471    2.0456    0.0000    0.0000    0.0000    0.0000    3.8400    0.0459   -0.1497    1.0186    0.0000 
  16.4291 4287.4858    0.4308    0.1125  154.8074  112.9371   35.7228  -45.1064    0.0471    2.0456    0.0000    0.0000    0.0000    0.0000    3.8400   -0.0815    0.1304    0.9224   97.2900 
  16.4716 4287.4434    2.2825    1.4442  153.1081   28.2813   42.9250  -20.6313    0.0471    2.0456    0.0000    0.0000    0.0000    0.0000    3.8400   -0.3486    0.1565    1.0852    0.0000 
  16.5141 4287.4009    0.9251    2.7982  152.9879    5.5152   -5.1707    1.0361    0.0471    2.0456    0.0000    0.0000    0.0000    0.0000    3.8400   -0.0190   -0.0403    1.0552  -10.1318 
  16.5566 4287.3584   -0.2855    1.8081  152.9828    0.1441   -4.8045   -0.9780    0.0471    2.0456    0.0000    0.0000    0.0000    0.0000    3.8400    0.0056    0.0161    1.0833    0.0000 
  16.5991 4287.3159    0.0624    0.4487  152.9272    2.8297   -2.5462   -1.1611    0.0471    2.0456    0.0000    0.0000    0.0000    0.0000    3.8400   -0.0051   -0.0046    1.0845  -12.8174 
  16.6416 4287.2734   -0.1145    0.9160  152.9022    0.5103    1.8483   -0.7949    0.0471    2.0456    0.0000    0.0000    0.0000    0.0000    3.8400    0.0088   -0.0051    1.0803    0.0000 
  16.6841 4287.2310   -0.3580    1.3062  152.8778    0.7545    0.4445   -0.0015    0.0471    2.0456    0.0000    0.0000    0.0000    0.0000    3.8400    0.0042    0.0103    1.0903  -14.8926 
  16.7266 4287.1885   -0.3802    0.6281  152.8722    1.4869    0.0783   -0.3677    0.0471    2.0456    0.0000    0.0000    0.0000    0.0000    3.8400   -0.0122    0.0049    1.0852    0.0000 
  16.7691 4287.1460   -0.1913    0.3515  152.8599    1.1817   -0.1659   -0.3066    0.0471    2.0456    0.0000    0.0000    0.0000    0.0000    3.8400   -0.0120    0.0076    1.0735  -14.4653 
  16.8116 4287.1030   -0.3567    1.2857  152.8338    0.3272   -0.1659   -0.4287    0.0471    2.0456    0.0000    0.0000    0.0000    0.0000    3.8400   -0.0015    0.0173    1.0820    0.0000 
  16.8541 4287.0605    0.2773    0.4290  152.8364    0.9986    0.0172   -0.1846    0.0471    2.0456    0.0000    0.0000    0.0000    0.0000    3.8400   -0.0103   -0.0022    1.0737  -14.6484 
  16.8966 4287.0181   -0.4825    0.9052  152.8229    1.4869    0.3835   -0.0625    0.0471    2.0456    0.0000    0.0000    0.0000    0.0000    3.8400    0.0010    0.0142    1.0845    0.0000 
  16.9391 4286.9756   -0.0681    0.7260  152.8189    1.9752    0.0783   -0.1846    0.0471    2.0456    0.0000    0.0000    0.0000    0.0000    3.8400   -0.0107    0.0005    1.0867  -13.6719 
  16.9816 4286.9331   -0.3407    0.9016  152.8196    1.7310    0.2003    0.0596    0.0471    2.0456    0.0000    0.0000    0.0000    0.0000    3.8400   -0.0039    0.0090    1.0874    0.0000 
  17.0241 4286.8906   -0.1506    0.2853  152.8088    1.5479    0.0783   -0.1846    0.0471    2.0456    0.0000    0.0000    0.0000    0.0000    3.8400   -0.0137    0.0061    1.0632  -14.0991 
  17.0666 4286.8481   -0.2546    0.7117  152.7992    1.2427   -0.0438   -0.4897    0.0471    2.0456    0.0000    0.0000    0.0000    0.0000    3.8400   -0.0063    0.0012    1.0654    0.0000 
  17.1091 4286.8057   -0.0846    0.5144  152.7892    0.8155    0.0783   -0.1846    0.0471    2.0456    0.0000    0.0000    0.0000    0.0000    3.8400   -0.0188    0.0063    1.0837  -14.8315 
  17.1516 4286.7632   -0.0192    0.8329  152.7744    1.0596    0.2614   -0.3677    0.0471    2.0456    0.0000    0.0000    0.0000    0.0000    3.8400   -0.0012    0.0042    1.0876    0.0000 
  17.1941 4286.7207   -0.2386    0.7483  152.7659    1.6700   -0.2269   -0.4287    0.0471    2.0456    0.0000    0.0000    0.0000    0.0000    3.8400   -0.0068    0.0115    1.0757  -13.9771 
  17.2366 4286.6782   -0.4405    0.8054  152.7524    1.3648    0.2003   -0.5508    0.0471    2.0456    0.0000    0.0000    0.0000    0.0000    3.8400   -0.0032    0.0137    1.0742    0.0000 
  17.2791 4286.6357   -0.4181    1.0309  152.7338    1.2427    0.2003   -0.3677    0.0471    2.0456    0.0000    0.0000    0.0000    0.0000    3.8400   -0.0015    0.0110    1.0908  -14.4043 
  17.3216 4286.5933    0.0606    0.5464  152.7359    2.0972    0.2003   -0.2456    0.0471    2.0456    0.0000    0.0000    0.0000    0.0000    3.8400   -0.0068    0.0039    1.0771  -13.5498 
  17.3641 4286.5508   -0.3727    0.6761  152.7277    1.4869    0.0783    0.1206    0.0471    2.0456    0.0000    0.0000    0.0000    0.0000    3.8400   -0.0061    0.0112    1.0791  -14.1602 
  17.4066 4286.5083   -0.1794    0.6931  152.7243   -0.2221    0.0172    0.1817    0.0471    2.0456    0.0000    0.0000    0.0000    0.0000    3.8400    0.0054    0.0183    1.0840    0.0000 
  17.4491 4286.4658   -0.4447    0.4812  152.7227    1.5479    0.2003   -0.3066    0.0471    2.0456    0.0000    0.0000    0.0000    0.0000    3.8480    0.0024    0.0093    1.0833  -14.0991 
  17.4916 4286.4233   -0.1160    0.7111  152.7121    1.2427   -0.1048   -0.5508    0.0471    2.0456    0.0000    0.0000    0.0000    0.0000    3.8400   -0.0015    0.0188    1.0747    0.0000 
  17.5341 4286.3809   -0.0574    0.4246  152.6967    0.8155   -0.1048   -0.9170    0.0471    2.0456    0.0000    0.0000    0.0000    0.0000    3.8480   -0.0081    0.0139    1.0894  -14.8315 
  17.5766 4286.3384    0.1183    0.5414  152.6802    1.6090    0.2003   -0.3066    0.0471    2.0456    0.0000    0.0000    0.0000    0.0000    3.8400   -0.0190   -0.0073    1.0850    0.0000 
  17.6191 4286.2959   -0.0474    0.5073  152.6633    1.3038   -0.1659   -0.6118    0.0471    2.0456    0.0000    0.0000    0.0000    0.0000    3.8400   -0.0046    0.0066    1.0764  -14.3433 
  17.6616 4286.2534   -0.1824    0.3530  152.6521    1.3038    0.0783   -0.3066    0.0471    2.0456    0.0000    0.0000    0.0000    0.0000    3.8400   -0.0115    0.0120    1.0813    0.0000 
  17.7041 4286.2109   -0.2184    0.4134  152.6445    0.7545   -0.1048   -0.0625    0.0471    2.0456    0.0000    0.0000    0.0000    0.0000    3.8400   -0.0100    0.0100    1.0747  -14.8926 
  17.7466 4286.1685   -0.3340    0.7958  152.6325    0.9986   -0.2269   -0.2456    0.0471    2.0456    0.0000    0.0000    0.0000    0.0000    3.8400   -0.0042    0.0095    1.0825    0.0000 
  17.7891 4286.1260    0.0244    0.7529  152.6160    1.1817   -0.2269   -0.4897    0.0471    2.0456    0.0000    0.0000    0.0000    0.0000    3.8480   -0.0095   -0.0085    1.0881  -14.4653 
  17.8316 4286.0835   -0.0359    0.2926  152.6016    1.6700    0.0172   -0.3677    0.0471    2.0456    0.0000    0.0000    0.0000    0.0000    3.8480   -0.0100    0.0068    1.0740    0.0000 
  17.8741 4286.0405   -0.0720    0.8387  152.5950    2.0972   -0.2879   -0.4287    0.0471    2.0456    0.0000    0.0000    0.0000    0.0000    3.8480   -0.0117    0.0093    1.0791  -13.5498 
  17.9166 4285.9980   -0.1808    0.8643  152.5827    1.4869   -0.1048   -0.2456    0.0471    2.0456    0.0000    0.0000    0.0000    0.0000    3.8400   -0.0010    0.0039    1.0764    0.0000 
  17.9591 4285.9556   -0.3369    0.7978  152.5715    1.3648    0.0172   -0.1846    0.0471    2.0456    0.0000    0.0000    0.0000    0.0000    3.8480   -0.0029    0.0083    1.0774  -14.2822 
  18.0016 4285.9131   -0.1233    0.9168  152.5504    1.9141   -0.2879   -0.3066    0.0471    2.0456    0.0000    0.0000    0.0000    0.0000    3.8480   -0.0127    0.0120    1.0798  -13.7329 
  18.0441 4285.8706   -0.2875    0.7176  152.5454    0.8765   -0.1659   -0.1846    0.0471    2.0456    0.0000    0.0000    0.0000    0.0000    3.8400   -0.0015    0.0088    1.0774  -14.7705 
  18.0866 4285.8281    0.0406    0.6866  152.5340    0.8765   -0.1659   -0.3066    0.0471    2.0456    0.0000    0.0000    0.0000    0.0000    3.8480   -0.0056    0.0039    1.0928    0.0000 
  18.1291 4285.7856   -0.2271    0.4832  152.5219    0.6324   -0.2879   -0.1846    0.0471    2.0456    0.0000    0.0000    0.0000    0.0000    3.8480   -0.0059    0.0115    1.0828  -15.0146 
  18.1716 4285.7432   -0.2176    0.5988  152.5126    1.4869    0.0783   -0.5508    0.0471    2.0456    0.0000    0.0000    0.0000    0.0000    3.8480   -0.0076    0.0105    1.0764    0.0000 
  18.2141 4285.7007   -0.4107    0.4121  152.4932    1.6090    0.0783   -0.3066    0.0471    2.0456    0.0000    0.0000    0.0000    0.0000    3.8480   -0.0107    0.0110    1.0769  -14.0381 
  18.2566 4285.6582   -0.3873    0.6286  152.4724    1.4259   -0.1659   -0.6118    0.0471    2.0456    0.0000    0.0000    0.0000    0.0000    3.8480   -0.0146    0.0151    1.0806    0.0000 
  18.2991 4285.6157   -0.2901    0.3677  152.4608    0.9986   -0.5931   -0.2456    0.0471    2.0456    0.0000    0.0000    0.0000    0.0000    3.8400   -0.0132    0.0088    1.0850  -14.6484 
  18.3416 4285.5732   -0.2190    0.7567  152.4450    0.9986    0.0172   -0.5508    0.0471    2.0456    0.0000    0.0000    0.0000    0.0000    3.8400   -0.0078    0.0061    1.0801    0.0000 
  18.3841 4285.5308   -0.1124    0.9814  152.4274    1.5479   -0.2269   -0.7339    0.0471    2.0456    0.0000    0.0000    0.0000    0.0000    3.8480   -0.0010    0.0078    1.0823  -14.0991 
  18.4266 4285.4883    0.0370    0.2203  152.4177    0.7545    0.2003   -0.1235    0.0471    2.0456    0.0000    0.0000    0.0000    0.0000    3.8480   -0.0137    0.0042    1.0732    0.0000 
  18.4691 4285.4458   -0.0644    0.9324  152.3976    1.7310    0.1393   -0.6118    0.0471    2.0456    0.0000    0.0000    0.0000    0.0000    3.8480   -0.0161    0.0066    1.0779  -13.9160 
  18.5116 4285.4033    0.0515    0.7119  152.3839    1.3648   -0.1048   -0.1846    0.0471    2.0456    0.0000    0.0000    0.0000    0.0000    3.8400   -0.0056    0.0027    1.0667    0.0000 
  18.5541 4285.3608   -0.0934    0.4774  152.3691    1.6090    0.1393   -0.3677    0.0471    2.0456    0.0000    0.0000    0.0000    0.0000    3.8480   -0.0132    0.0151    1.0842  -14.0381 
  18.5966 4285.3184   -0.4755    0.8328  152.3520    1.2427   -0.1659   -0.2456    0.0471    2.0456    0.0000    0.0000    0.0000    0.0000    3.8480    0.0051    0.0090    1.0815    0.0000 
  18.6391 4285.2759    0.1094    0.2940  152.3354    1.1207    0.3224   -0.3066    0.0471    2.0456    0.0000    0.0000    0.0000    0.0000    3.8480   -0.0132    0.0020    1.0806  -14.5264 
  18.6816 4285.2334   -0.0125    0.7662  152.3211    0.5714   -0.2879   -0.4287    0.0471    2.0456    0.0000    0.0000    0.0000    0.0000    3.8480    0.0046    0.0022    1.0945    0.0000 
  18.7241 4285.1909   -0.0112    0.3586  152.3148    1.1817   -0.0438   -0.1235    0.0471    2.0456    0.0000    0.0000    0.0000    0.0000    3.8480   -0.0117    0.0027    1.0823  -14.4653 
  18.7666 4285.1484   -0.4321    0.3525  152.3034    1.0596    0.1393   -0.2456    0.0471    2.0456    0.0000    0.0000    0.0000    0.0000    3.8400   -0.0110    0.0112    1.0779    0.0000 
  18.8091 4285.1060   -0.3776    0.7328  152.2817    1.6700    0.2614   -0.4287    0.0471    2.0456    0.0000    0.0000    0.0000    0.0000    3.8400   -0.0044    0.0105    1.0740  -13.9771 
  18.8516 4285.0635   -0.0917    0.5673  152.2783    1.4259    0.0172   -0.3066    0.0471    2.0456    0.0000    0.0000    0.0000    0.0000    3.8400    0.0002    0.0139    1.0925    0.0000 
  18.8941 4285.0210   -0.0807    0.6240  152.2594    1.5479    0.2003   -0.3677    0.0471    2.0456    0.0000    0.0000    0.0000    0.0000    3.8480   -0.0061    0.0049    1.0793  -14.0991 
  18.9366 4284.9780   -0.0633    0.6529  152.2464    1.2427    0.2614   -0.2456    0.0471    2.0456    0.0000    0.0000    0.0000    0.0000    3.8480    0.0049    0.0024    1.0752    0.0000 
  18.9791 4284.9355   -0.1317    0.7961  152.2398    0.5103    0.2003    0.1206    0.0471    2.0456    0.0000    0.0000    0.0000    0.0000    3.8480   -0.0100    0.0051    1.0850  -15.1367 
  19.0216 4284.8931   -0.5336    0.5984  152.2256    0.8155   -0.1048   -0.6728    0.0471    2.0456    0.0000    0.0000    0.0000    0.0000    3.8400   -0.0059    0.0156    1.0774  -14.8315 
  19.0641 4284.8506    0.0903    0.9876  152.2193    1.9752    0.2614   -0.4897    0.0471    2.0456    0.0000    0.0000    0.0000    0.0000    3.8480    0.0010    0.0020    1.0728  -13.6719 
  19.1066 4284.8081   -0.7933    0.5674  152.2121    1.3038   -0.1659   -0.1846    0.0471    2.0456    0.0000    0.0000    0.0000    0.0000    3.8400   -0.0081    0.0186    1.0815    0.0000 
  19.1491 4284.7656   -0.1514    0.7580  152.1951    0.8155    0.0172   -0.3677    0.0471    2.0456    0.0000    0.0000    0.0000    0.0000    3.8400   -0.0112    0.0164    1.0750  -14.8315 
  19.1916 4284.7231   -0.3968    0.6935  152.1855    0.6324    0.2003   -0.1235    0.0471    2.0456    0.0000    0.0000    0.0000    0.0000    3.8400   -0.0073    0.0029    1.0852    0.0000 
  19.2341 4284.6807   -0.2229    0.6943  152.1723    1.4869    0.2003   -0.4897    0.0471    2.0456    0.0000    0.0000    0.0000    0.0000    3.8480   -0.0046    0.0073    1.0796  -14.1602 
  19.2766 4284.6382   -0.5039    0.5333  152.1578    1.0596   -0.1048   -0.4897    0.0471    2.0456    0.0000    0.0000    0.0000    0.0000    3.8480   -0.0081    0.0117    1.0813    0.0000 
  19.3191 4284.5957   -0.5358    0.9393  152.1374    1.6700   -0.1048   -0.6728    0.0471    2.0456    0.0000    0.0000    0.0000    0.0000    3.8480   -0.0076    0.0183    1.0933  -13.9771 
  19.3616 4284.5532   -0.4051    0.5325  152.1284    0.1441    0.0783    0.0596    0.0471    2.0456    0.0000    0.0000    0.0000    0.0000    3.8400   -0.0178    0.0039    1.0894    0.0000 
  19.4041 4284.5107   -0.3327    0.5177  152.1090    1.4259    0.0172   -0.6118    0.0471    2.0456    0.0000    0.0000    0.0000    0.0000    3.8480   -0.0110    0.0103    1.0811  -14.2212 
  19.4466 4284.4683   -0.4455    0.6517  152.0869    0.9986   -0.1048   -0.3066    0.0471    2.0456    0.0000    0.0000    0.0000    0.0000    3.8480   -0.0078    0.0139    1.0784    0.0000 
  19.4891 4284.4258   -0.4110    0.6803  152.0689    1.7310    0.4445   -0.6728    0.0471    2.0456    0.0000    0.0000    0.0000    0.0000    3.8480   -0.0049    0.0081    1.0881  -13.9160 
  19.5316 4284.3833   -0.5435    0.7731  152.0484    0.6324    0.0783   -0.5508    0.0471    2.0456    0.0000    0.0000    0.0000    0.0000    3.8480    0.0017    0.0129    1.0828    0.0000 
  19.5741 4284.3408   -0.4035    1.0387  152.0328    0.9986    0.0172   -0.1846    0.0471    2.0456    0.0000    0.0000    0.0000    0.0000    3.8480    0.0049    0.0095    1.0747  -14.6484 
  19.6166 4284.2983   -0.0464    0.5762  152.0157    1.6700   -0.1048   -0.6728    0.0471    2.0456    0.0000    0.0000    0.0000    0.0000    3.8480   -0.0071   -0.0032    1.0876    0.0000 
  19.6591 4284.2559   -0.0249    1.0090  151.9954    1.5479   -0.0438   -0.6118    0.0471    2.0456    0.0000    0.0000    0.0000    0.0000    3.8480    0.0000    0.0044    1.0828  -14.0991 
  19.7016 4284.2134   -0.1453    0.4969  151.9950    0.7545    0.3835   -0.1846    0.0471    2.0456    0.0000    0.0000    0.0000    0.0000    3.8480   -0.0095    0.0068    1.0801    0.0000 
  19.7441 4284.1709   -0.1933    0.3310  151.9843    1.0596   -0.0438    0.1206    0.0471    2.0456    0.0000    0.0000    0.0000    0.0000    3.8480   -0.0193   -0.0017    1.0710  -14.5874 
  19.7866 4284.1284    0.0968    1.2450  151.9702    0.9986    1.6652   -0.5508    0.0471    2.0456    0.0000    0.0000    0.0000    0.0000    3.8480    0.0044    0.0042    1.0813    0.0000 
  19.8291 4284.0859   -0.1867    1.0179  151.9492    0.3272   -0.3490   -0.6728    0.0471    2.0456    0.0000    0.0000    0.0000    0.0000    3.8480   -0.0088    0.0054    1.0930  -15.3198 
  19.8716 4284.0435   -0.0894    0.9395  151.9276    1.5479    0.0783   -0.3066    0.0471    2.0456    0.0000    0.0000    0.0000    0.0000    3.8480   -0.0083    0.0156    1.0818    0.0000 
  19.9141 4284.0010   -0.2452    0.4873  151.9249    0.8765   -0.1048    0.0596    0.0471    2.0456    0.0000    0.0000    0.0000    0.0000    3.8480    0.0027    0.0024    1.0864  -14.7705 
  19.9566 4283.9585   -0.0810    0.5389  151.9070    1.0596    0.3835   -0.2456    0.0471    2.0456    0.0000    0.0000    0.0000    0.0000    3.8400   -0.0083    0.0029    1.0774    0.0000 
  19.9991 4283.9155   -0.3692    0.9027  151.8853    0.9376   -0.2269   -0.7949    0.0471    2.0456    0.0000    0.0000    0.0000    0.0000    3.8480    0.0034    0.0115    1.0789  -14.7095 
  20.0416 4283.8730   -0.0685    0.2504  151.8801    1.2427   -0.4100    0.0596    0.0471    2.0456    0.0000    0.0000    0.0000    0.0000    3.8400   -0.0149    0.0039    1.0869    0.0000 
  20.0841 4283.8306   -0.3104    0.8401  151.8575    1.9141    0.3835   -0.7339    0.0471    2.0456    0.0000    0.0000    0.0000    0.0000    3.8480   -0.0029    0.0100    1.0850  -13.7329 
  20.1266 4283.7881   -0.4663    0.7633  151.8512    1.7310    0.0172   -0.0015    0.0471    2.0456    0.0000    0.0000    0.0000    0.0000    3.8480   -0.0044    0.0107    1.0833  -13.9160 
  20.1691 4283.7456   -0.0578    0.9195  151.8392    0.9986   -0.1048   -0.4897    0.0471    2.0456    0.0000    0.0000    0.0000    0.0000    3.8480   -0.0012    0.0056    1.0693  -14.6484 
  20.2116 4283.7031   -0.1563    0.7947  151.8254    1.4869    0.1393   -0.1846    0.0471    2.0456    0.0000    0.0000    0.0000    0.0000    3.8480    0.0042    0.0098    1.0720    0.0000 
  20.2541 4283.6606   -0.2963    1.2392  151.8043    0.8155   -0.2269   -0.3677    0.0471    2.0456    0.0000    0.0000    0.0000    0.0000    3.8480   -0.0093    0.0027    1.0925  -14.8315 
  20.2966 4283.6182   -0.0543    0.6681  151.7946    0.6934    0.3835   -0.0625    0.0471    2.0456    0.0000    0.0000    0.0000    0.0000    3.8480   -0.0059    0.0037    1.0830    0.0000 
  20.3391 4283.5757   -0.0975    0.4721  151.7868    0.8765    0.0172   -0.3066    0.0471    2.0456    0.0000    0.0000    0.0000    0.0000    3.8480   -0.0095    0.0051    1.0747  -14.7705 
  20.3816 4283.5332   -0.4193    0.6986  151.7691    2.0972    0.0783   -0.3677    0.0471    2.0456    0.0000    0.0000    0.0000    0.0000    3.8480   -0.0056    0.0112    1.0801    0.0000 
  20.4241 4283.4907   -0.1583    0.8286  151.7464    1.4259   -0.0438   -0.7949    0.0471    2.0456    0.0000    0.0000    0.0000    0.0000    3.8480   -0.0027    0.0049    1.0867  -14.2212 
  20.4666 4283.4482   -0.5977    1.0664  151.7310    1.7921    0.0783   -0.4287    0.0471    2.0456    0.0000    0.0000    0.0000    0.0000    3.8480    0.0017    0.0146    1.0784    0.0000 
  20.5091 4283.4058   -0.2344    0.8748  151.7218    1.5479   -0.2269   -0.3066    0.0471    2.0456    0.0000    0.0000    0.0000    0.0000    3.8480    0.0010    0.0049    1.0869  -14.0991 
  20.5516 4283.3633   -0.1723    0.8729  151.7159    1.4259    0.1393   -0.3066    0.0471    2.0456    0.0000    0.0000    0.0000    0.0000    3.8480    0.0017    0.0000    1.0774    0.0000 
  20.5941 4283.3208   -0.2503    1.0621  151.7025    1.7310   -0.0438   -0.3677    0.0471    2.0456    0.0000    0.0000    0.0000    0.0000    3.8480    0.0056    0.0129    1.0852  -13.9160 
  20.6366 4283.2783   -0.2872    1.3289  151.6765    2.4635    0.2003   -0.4897    0.0471    2.0456    0.0000    0.0000    0.0000    0.0000    3.8480    0.0085    0.0073    1.0820    0.0000 
  20.6791 4283.2358   -0.1400    0.7232  151.6671    2.1583    0.0783   -0.3677    0.0471    2.0456    0.0000    0.0000    0.0000    0.0000    3.8480   -0.0159    0.0088    1.0857  -13.4888 
  20.7216 4283.1934   -0.1069    1.1612  151.6554    0.9986   -0.0438   -0.0625    0.0471    2.0456    0.0000    0.0000    0.0000    0.0000    3.8480    0.0010    0.0122    1.0828    0.0000 
  20.7641 4283.1509   -0.2270    1.0050  151.6384    1.0596    0.0172   -0.2456    0.0471    2.0456    0.0000    0.0000    0.0000    0.0000    3.8480    0.0022    0.0073    1.0752  -14.5874 
  20.8066 4283.1084   -0.3782    0.5537  151.6337    1.1817   -0.0438   -0.3066    0.0471    2.0456    0.0000    0.0000    0.0000    0.0000    3.8480   -0.0107    0.0127    1.0930    0.0000 
  20.8491 4283.0659   -0.1919    0.7360  151.6044    1.6700    0.1393   -0.1846