   0.0016 4291.0146   -0.0405   -0.1380  179.9998   -0.1392   -0.2162   -0.1253    0.0000    0.0000    0.0000    0.0000    0.0000    0.0000    3.9040   -0.0176    0.0051    1.0784    0.0000 
   0.0441 4290.9722   -0.0113   -0.9455  179.9979   -0.5054    0.2110   -0.0643    0.0000    0.0000    0.0000    0.0000    0.0000    0.0000    3.9040   -0.0200   -0.0005    1.0845  -15.0757 
   0.0866 4290.9297   -0.3522   -1.0119  179.9953    0.1050    0.0890    0.2409    0.0000    0.0000    0.0000    0.0000    0.0000    0.0000    3.9040   -0.0212    0.0103    1.0862    0.0000 
   0.1291 4290.8872    0.5299   -0.7915  179.9901    0.5322    0.0890   -0.1253    0.0000    0.0000    0.0000    0.0000    0.0000    0.0000    3.9040   -0.0156   -0.0122    1.0869  -14.0381 
   0.1716 4290.8447   -0.2853   -0.7115  179.9943   -0.6274   -0.0331   -0.1253    0.0000    0.0000    0.0000    0.0000    0.0000    0.0000    3.9040   -0.0186    0.0020    1.0850  -15.1978 
   0.2141 4290.8022   -0.2714   -0.4618  179.9906    0.0439   -0.2773    0.0578    0.0000    0.0000    0.0000    0.0000    0.0000    0.0000    3.9040   -0.0066    0.0081    1.0762  -14.5264 
   0.2566 4290.7598   -0.2784   -0.6313  180.0008    0.4712   -0.0941    0.0578    0.0000    0.0000    0.0000    0.0000    0.0000    0.0000    3.9040   -0.0117    0.0010    1.0798    0.0000 
   0.2991 4290.7173   -0.2633   -0.5357  180.0016   -0.1392    0.1500    0.0578    0.0000    0.0000    0.0000    0.0000    0.0000    0.0000    3.9040   -0.0115    0.0095    1.0801  -14.7095 
   0.3416 4290.6748   -0.1626   -0.6649  179.9968   -0.2612    0.0279    0.1188    0.0000    0.0000    0.0000    0.0000    0.0000    0.0000    3.9040   -0.0110    0.0017    1.0837  -14.8315 
   0.3841 4290.6323   -0.1586   -0.7831  180.0063   -0.4443    0.1500    0.0578    0.0000    0.0000    0.0000    0.0000    0.0000    0.0000    3.9040   -0.0142    0.0027    1.0847  -15.0146 
   0.4266 4290.5898   -0.0056   -0.9640  179.9970   -0.4443   -0.0941    0.0578    0.0000    0.0000    0.0000    0.0000    0.0000    0.0000    3.9040   -0.0198    0.0022    1.0774  -15.0146 
   0.4691 4290.5474   -0.1519   -0.8834  179.9977    0.6543    0.0890   -0.1864    0.0000    0.0000    0.0000    0.0000    0.0000    0.0000    3.9040   -0.0168    0.0017    1.0967  -13.9160 
   0.5116 4290.5049   -0.1032   -0.7170  180.0042    0.4102    0.0890    0.3629    0.0000    0.0000    0.0000    0.0000    0.0000    0.0000    3.9040   -0.0132    0.0024    1.0747  -14.1602 
   0.5541 4290.4624   -0.4457   -0.5700  180.0033    0.1050    0.2721   -0.3084    0.0000    0.0000    0.0000    0.0000    0.0000    0.0000    3.9040   -0.0076    0.0093    1.0833  -14.4653 
   0.5966 4290.4194   -0.2756   -0.6192  179.9998    0.4102    0.3331   -0.2474    0.0000    0.0000    0.0000    0.0000    0.0000    0.0000    3.9040   -0.0142    0.0002    1.0862    0.0000 
   0.6391 4290.3770   -0.2868   -0.4826  179.9933   -0.8716    0.0279   -0.1864    0.0000    0.0000    0.0000    0.0000    0.0000    0.0000    3.9040   -0.0090    0.0051    1.0881  -15.4419 
   0.6816 4290.3345   -0.3196   -0.6062  179.9922    0.2881    0.0279   -0.1253    0.0000    0.0000    0.0000    0.0000    0.0000    0.0000    3.9040   -0.0103    0.0071    1.0681    0.0000 
   0.7241 4290.2920   -0.0288   -0.6566  179.9948   -0.3223   -0.1552   -0.1253    0.0000    0.0000    0.0000    0.0000    0.0000    0.0000    3.8960   -0.0137   -0.0054    1.0867  -14.8926 
   0.7666 4290.2495   -0.1727   -0.6020  179.9983    0.5933    0.0890   -0.1864    0.0000    0.0000    0.0000    0.0000    0.0000    0.0000    3.9040   -0.0085    0.0029    1.0842    0.0000 
   0.8091 4290.2070   -0.2244   -0.7971  179.9972    0.5322    0.0279   -0.2474    0.0000    0.0000    0.0000    0.0000    0.0000    0.0000    3.9040   -0.0161    0.0024    1.0776  -14.0381 
   0.8516 4290.1646   -0.1151   -0.7458  180.0032   -0.2612   -0.1552   -0.0033    0.0000    0.0000    0.0000    0.0000    0.0000    0.0000    3.9040   -0.0110    0.0042    1.0835  -14.8315 
   0.8941 4290.1221   -0.3420   -1.2017  180.0063    0.3491   -0.2162    0.1798    0.0000    0.0000    0.0000    0.0000    0.0000    0.0000    3.9040   -0.0259    0.0068    1.0891  -14.2212 
   0.9366 4290.0796   -0.3127   -0.6650  180.0075   -0.0171   -0.0331    0.1188    0.0000    0.0000    0.0000    0.0000    0.0000    0.0000    3.8960   -0.0156    0.0054    1.0879    0.0000 
   1.0416    0.0014    0.0000    0.0000  180.0149   -0.4443   -0.0331    0.2409    0.0000    0.0000    0.0000    0.0000    0.0000    0.0127    3.9040   -0.0156    0.0078    1.0818  -15.0146 
   1.0841    0.0010   -0.5219    0.4912  180.0181   -0.6274   -0.1552    0.2409    0.7691    1.0551    0.0000    0.0000    1.1272    0.1476    3.8560   -0.0095    0.0059    1.0918    0.0155 
   1.1266    0.0010   -0.0031    0.3696  180.0285   -0.2612    0.4552   -0.4305    2.4122    1.3719    0.0000    0.0000   -3.6634    0.2000    3.8160    0.0139   -0.0081    1.0896   -0.0564 
   1.1691    0.0010   -0.2961    0.2992  179.9781   -0.2612   -4.4887   -1.7733    2.2962    1.2554    0.0000    0.0000   -5.3542    0.1690    3.8240   -0.0549   -0.0066    1.0850   -0.0625 
   1.2116    0.0013    0.0000    0.0000  179.9975   -0.9937   -1.0097    0.2409    2.8158    2.2087    0.0000    0.0000    0.0000    0.0000    3.9040   -0.0425    0.0315    1.0703  -15.5640 
   1.2541    0.0009    0.0000    0.0000  179.9957    0.4712    1.7369    3.4757    2.8158    2.2087    0.0000    0.0000    0.0000    0.0000    3.9040   -0.0088    0.0056    1.0933  -14.0991 
   1.2966    0.0009    0.0000    0.0000  180.0038   -0.0171   -0.4604    1.7057    2.8158    2.2087    0.0000    0.0000    0.0000    0.0000    3.9040   -0.0266    0.0098    1.0693    0.0000 
   1.3391    0.0009    0.0000    0.0000  180.0075   -0.2002   -4.1835    0.3019    2.8158    2.2087    0.0000    0.0000    0.0000    0.0000    3.9040   -0.0852    0.0117    1.0771  -14.7705 
   1.3816    0.0013    0.0000    0.0000  180.0041   -0.8716    1.8590    1.1564    2.8158    2.2087    0.0000    0.0000    0.0000    0.0000    3.9040    0.0234   -0.0049    1.0874  -15.4419 
   1.4241    0.0009    0.0000    0.0000  180.0028    0.1050    3.0797   -0.1253    2.8158    2.2087    0.0000    0.0000    0.0000    0.0000    3.9040   -0.0171    0.0122    1.0776  -14.4653 
   1.4666    0.0009    0.0000    0.0000  180.0065    0.6543    0.5772    0.4240    2.8158    2.2087    0.0000    0.0000    0.0000    0.0000    3.9040   -0.0093   -0.0098    1.0837    0.0000 
   1.5091    0.0009    0.0000    0.0000  180.0127   -0.4443   -3.6952    0.3019    2.8158    2.2087    0.0000    0.0000    0.0000    0.0000    3.9040   -0.0266   -0.0066    1.0806  -15.0146 
   1.5516    0.0013    0.0000    0.0000  180.0088   -0.9937   -2.4745   -0.9188    2.8158    2.2087    0.0000    0.0000    0.0000    0.0000    3.9040   -0.0232    0.0066    1.0830  -15.5640 
   1.5941    0.0009    0.0000    0.0000  180.0073   -0.0781    3.3849    0.1798    2.8158    2.2087    0.0000    0.0000    0.0000    0.0000    3.9040   -0.0342    0.0193    1.0779  -14.6484 
   1.6366    0.0009    0.0000    0.0000  179.9965    0.8984    2.4083    0.1798    2.8158    2.2087    0.0000    0.0000    0.0000    0.0000    3.9040   -0.0002   -0.0085    1.0728    0.0000 
   1.6791    0.0009    0.0000    0.0000  180.0028   -0.3223   -1.1928    0.0578    2.8158    2.2087    0.0000    0.0000    0.0000    0.0000    3.9040   -0.0251    0.0039    1.0903  -14.8926 
   1.7216    0.0013    0.0000    0.0000  180.0015   -0.1392   -0.6435    0.1798    2.8158    2.2087    0.0000    0.0000    0.0000    0.0000    3.9040   -0.0264    0.0098    1.0828  -14.7095 
   1.7641    0.0009    0.0000    0.0000  180.0063   -0.4443    0.5162    0.4240    2.8158    2.2087    0.0000    0.0000    0.0000    0.0000    3.9040   -0.0144    0.0034    1.0835  -15.0146 
   1.8066    0.0009    0.0000    0.0000  180.0139   -0.2612   -0.2773    0.4240    2.8158    2.2087    0.0000    0.0000    0.0000    0.0000    3.9040   -0.0054    0.0073    1.0867    0.0000 
   1.8491    0.0010    0.0000    0.0000  180.0163    0.0439    0.2721   -0.1253    2.8158    2.2087    0.0000    0.0000    0.0000    0.0000    3.9040   -0.0198    0.0054    1.0862  -14.5264 
   1.8916    0.0013    0.0000    0.0000  180.0103   -0.5054    0.2110    0.1188    2.8158    2.2087    0.0000    0.0000    0.0000    0.0000    3.9040   -0.0193    0.0029    1.0884  -15.0757 
   1.9341    0.0009    0.0000    0.0000  180.0083   -0.8716   -0.3383    0.3629    2.8158    2.2087    0.0000    0.0000    0.0000    0.0000    3.9040   -0.0100   -0.0015    1.0852  -15.4419 
   1.9766    0.0009    0.0000    0.0000  180.0152   -0.6885   -0.2162    0.2409    2.8158    2.2087    0.0000    0.0000    0.0000    0.0000    3.9040   -0.0229    0.0044    1.0862    0.0000 
   2.0191    0.0009    0.0000    0.0000  180.0085    0.6543    0.3331    0.1188    2.8158    2.2087    0.0000    0.0000    0.0000    0.0000    3.9040   -0.0154    0.0061    1.0869  -13.9160 
   2.0616    0.0013    0.0000    0.0000  180.0160   -0.1392   -0.1552   -0.1253    2.8158    2.2087    0.0000    0.0000    0.0000    0.0000    3.9040   -0.0073    0.0049    1.0830  -14.7095 
   2.1041    0.0010    0.0000    0.0000  180.0131    0.1660    0.0890    0.4850    2.8158    2.2087    0.0000    0.0000    0.0000    0.0315    3.9040   -0.0171    0.0088    1.0764  -14.4043 
   2.1466    0.0010   -0.0285    0.0285  180.0101    0.2271    0.0890   -0.1864    0.7149    1.0616    0.0000    0.0000    0.2818    0.1637    3.8480   -0.0134    0.0027    1.0872    0.0082 
   2.1891    0.0010    0.4178   -0.0819  180.0043   -0.7495    0.1500   -0.3084   -0.5662    0.8881   -0.0000    0.0000    0.8454    0.1950    3.8160   -0.0186   -0.0044    1.0803    0.0201 
   2.2316    0.0014    0.1759    0.2318  180.0192   -0.6274   -0.7655    4.1471    0.5511    1.0511    0.0000    0.0000    0.8454    0.2854    3.7440   -0.0679    0.0232    1.0747   -0.0576 
   2.2741    0.0010    0.1423    0.0907  180.0942    2.9736    2.3473    4.6964    0.2928    0.5054    0.0000    0.0000    1.1272    0.3072    3.7440    0.1968   -0.0344    1.0459   -0.0623 
   2.3166    0.0010    0.0142    0.0879  180.2989   -2.2754   -6.8691    7.1378   -0.6873    0.4668   -0.0000    0.0000    1.4090    0.3114    3.7520   -0.3984   -0.0989    1.0835   -0.1000 
   2.3591    0.0010    0.0375    0.4445  180.5429   -0.3223    4.7887    0.8512   -0.3911    1.0006   -0.0000    0.0000    1.4090    0.3199    3.7600    0.1975   -0.2937    1.0498    0.0097 
   2.4016    0.0014    0.0249    0.1221  180.3669   -3.5571   15.7750   -4.7640   -0.6851    0.6567   -0.0000    0.0000    1.9726    0.3240    3.7440   -0.1272   -0.5120    0.7693    0.1176 
   2.4441    0.0010   -0.2119   -0.3365  180.2552   -0.3223  -18.7099    2.7433    0.1730    0.7377    0.0000    0.0000    1.9726    0.3363    3.7440   -0.4805   -0.1152    3.0444   -0.0135 
   2.4866    0.0010    2.1794   -0.1724  180.4463   -4.8389   24.9913    6.7106    0.5405   -0.3405   -0.0000   -0.0000    2.2544    0.3363    3.7360    0.1458   -0.8328    0.9832   -0.0778 
   2.5291    0.0010    4.2924    0.7972  180.6686   11.8848   -6.3197    3.1706    0.8078   -0.3633   -0.0000   -0.0000    2.2544    0.3403    3.7520    0.0605   -0.8281    1.0557   -0.0160 
   2.5716    0.0014    6.7712    1.1642  180.8537   -1.9092    2.9576    2.6823   -0.4796   -0.7568   -0.0000   -0.0000    2.2544    0.3752    3.7200    0.0815   -0.6775    0.2588   -0.0075 
   2.6141    0.0010    7.2088    2.4937  181.1993    5.2930   -3.6342    5.3068    0.4390   -0.4672   -0.0000   -0.0000    2.5362    0.4376    3.6880    0.0483    0.7969   -0.0110   -0.0484 
   2.6566    0.0010    6.1482    1.9529  181.3236   17.4390   12.4181    5.0016    0.8132    0.8586   -0.0000   -0.0000    2.8180    0.4683    3.6480    0.1619    0.0994   -0.4746   -0.0381 
   2.6991    0.0010    5.7814    2.3353  181.3395  -19.3652   -0.2773    0.5460    0.1599    0.8901   -0.0000   -0.0000    3.3816    0.4854    3.6240   -0.1230    0.4194    1.8220    0.0495 
   2.7416    0.0014    6.0478    1.7028  181.5359    6.1475  -16.2074    2.5602    0.3394    0.2947   -0.0000   -0.0000    3.3816    0.4909    3.6240    0.0903   -0.2866    0.7395    0.0143 
   2.7841    0.0010    5.2780    2.1476  181.6835   20.9790   36.8321    4.0250    0.9501    0.1467   -0.0000   -0.0000    3.6634    0.4963    3.6240    0.3259    0.3616    0.0984   -0.0063 
   2.8266    0.0010    4.6772    1.8676  181.8655  -26.8726  -39.2787    4.0861    0.2374   -0.8149   -0.0000   -0.0000    3.6634    0.4963    3.6240   -0.2388   -0.3315    1.2825   -0.0074 
   2.8691    0.0010    5.0347    1.0040  182.0272   24.2749    7.1080    2.9264    0.3765   -0.4534   -0.0000   -0.0000    3.9452    0.5218    3.6000   -0.1262   -0.4900    0.9404    0.0178 
   2.9116    0.0014    5.8998    2.5354  182.1082    3.4619   19.3150    1.6447    0.2072    0.8097   -0.0000   -0.0000    3.6634    0.5472    3.5760   -0.3062    1.8750    1.1987    0.0352 
   2.9541    0.0010    5.4240    2.4333  182.2207    3.6450  -20.3578    5.7340    0.4509    0.4575   -0.0000   -0.0000    3.9452    0.5598    3.5600    0.0845   -0.0176    0.5713   -0.0312 
   2.9966    0.0010    4.8096    1.8372  182.2919   -6.2427   11.3805    2.4992    0.6858   -0.4005   -0.0000   -0.0000    3.9452    0.5698    3.5520   -0.1062   -0.9954    1.4492    0.0252 
   3.0391    0.0010    4.7264    3.0692  182.3677   11.0913   41.3487    1.6447    1.0883    0.2961   -0.0000   -0.0000    3.9452    0.5678    3.5520   -0.0447    0.6101    0.5718    0.0402 
   3.0816    0.0014    5.9737    3.4728  182.4832   34.7729   -6.8080    2.0109    0.8787    0.4042   -0.0000   -0.0000    4.2270    0.5717    3.5600    0.1052   -1.8616    0.2922    0.0387 
   3.1241    0.0010    5.6414    2.7904  182.6128  -17.7783  -13.2167    2.3161    1.2664    0.4778   -0.0000   -0.0000    4.2270    0.5717    3.5600    0.6892   -0.0811    1.1987    0.0334 
   3.1666    0.0010    4.6341    3.4912  182.6629  -13.9331   47.1471    3.6588    0.6391    0.1793   -0.0000   -0.0000    4.2270    0.5736    3.5520    0.0623    0.9263    0.5667    0.0099 
   3.2091    0.0010    5.5589    4.5574  182.8032   57.4780  -15.0478    4.2082    0.0951    1.2093   -0.0000   -0.0000    3.9452    0.5774    3.5520    0.3972   -0.8042    1.3586   -0.0046 
   3.2516    0.0014    7.8810    3.1185  182.9538    6.5747  -30.6117    1.6447    1.0364    0.7951   -0.0000   -0.0000    3.9452    0.6164    3.4960    0.5042   -0.3840    1.1086    0.0402 
   3.2941    0.0010    5.8896    3.0060  183.0493  -54.4604   38.0528    4.8185    0.2936    0.3807   -0.0000   -0.0000    3.9452    0.6164    3.4960    1.4546   -0.6208    0.0786   -0.0152 
   3.3366    0.0010    5.2493    4.7539  183.1297   37.2754   26.0899    4.7575    0.5489    0.2557   -0.0000   -0.0000    4.2270    0.6164    3.4960   -0.3662   -2.7629    0.6511   -0.0093 
   3.3791    0.0010    7.0555    4.2225  183.4496   47.9565  -28.1093    2.8043    1.0437    0.8388   -0.0000   -0.0000    4.2270    0.6164    3.4960   -0.3335    4.2412    0.9602    0.0248 
   3.4216    0.0015    7.6738    2.8818  183.4716  -50.6152   -3.8783    5.0016    0.0514   -0.1845   -0.0000   -0.0000    4.2270    0.6164    3.5120   -0.4404   -0.3062    0.1216   -0.0135 
   3.4641    0.0010    5.4332    4.1863  183.5306  -18.2056   33.5362   -0.3695    0.7461    0.1734   -0.0000   -0.0000    4.2270    0.6164    3.5040    0.1167   -1.5806    1.2310    0.0802 
   3.5066    0.0010    6.7644    4.5111  183.6446   56.5625  -23.9589    2.7433   -0.5364   -0.3683   -0.0000   -0.0000    4.2270    0.6150    3.4960    0.6167   -1.9253    1.5125    0.0259 
   3.5491    0.0010    8.7208    3.6280  183.7863   16.7676  -11.5077   -0.9188   -0.3623    0.3809   -0.0000   -0.0000    4.2270    0.6164    3.4960    1.6226    0.4917    1.3013    0.0898 
   3.5916    0.0014    7.5752    4.3492  183.8358  -54.4604   28.9586    1.0343   -0.1601   -0.5394   -0.0000   -0.0000    4.2270    0.6164    3.4960   -1.5725    2.5020    0.3923    0.0557 
   3.6341    0.0010    6.2474    5.5844  183.7649  -11.9800    2.1031    1.4005   -0.1800   -0.4500   -0.0000   -0.0000    4.2270    0.6164    3.5040    1.0471   -4.4529    1.3093    0.0493 
   3.6766    0.0010    7.1764    5.1139  183.9859   47.0410  -19.6864    3.4757   -0.4162   -0.4606   -0.0000   -0.0000    4.2270    0.6164    3.4960    0.2590    0.1643    0.1655    0.0131 
   3.7191    0.0010    7.8469    5.1230  184.1262   -9.5386   21.9395    0.3019   -0.3461   -1.5123   -0.0000   -0.0000    4.2270    0.6164    3.5040   -1.0398   -0.8303    1.6387    0.0685 
   3.7616    0.0014    6.3473    6.4037  184.1417  -43.8403   16.9347    6.8327   -0.1592   -0.4943   -0.0000   -0.0000    4.5088    0.6164    3.4960    1.2520   -2.7915    0.6995   -0.0406 
   3.8041    0.0010    4.5724    5.6029  184.1975    8.8330  -31.0390    2.2550   -0.3685   -0.9720   -0.0000   -0.0000    4.5088    0.6164    3.4960   -0.1780    1.4832    1.5510    0.0393 
   3.8466    0.0010    5.9778    4.9584  184.4880   13.2886    8.7559    4.1471   -0.2640   -0.6008   -0.0000   -0.0000    4.2270    0.6164    3.5040    0.5632   -1.4170    1.1594    0.0014 
   3.8891    0.0010    6.2489    6.4603  184.6283  -27.5439   30.9727    4.5744    0.4190   -1.1333   -0.0000   -0.0000    4.2270    0.6164    3.5040    0.5637   -1.9089   -0.7629   -0.0061 
   3.9316    0.0014    5.1639    6.2631  184.6687  -35.8447  -32.1376    4.2692   -0.8749   -0.9576   -0.0000   -0.0000    4.2270    0.6164    3.5040   -0.1887    3.2590    0.6782   -0.0007 
   3.9741    0.0010    5.4563    5.1188  184.8846   28.1201   -1.0707    5.1847   -0.5863   -0.7669   -0.0000   -0.0000    4.2270    0.6150    3.4960    1.1409   -2.1636    0.4585   -0.0167 
   4.0166    0.0010    6.3955    6.0274  185.0539    8.5889   41.8980    2.1330   -1.5825   -1.2659   -0.0000   -0.0000    4.5088    0.6164    3.4960   -0.9067   -1.5605    2.0688    0.0415 
   4.0591    0.0010    5.7080    6.4002  185.1734  -27.6050  -31.7104    3.2316   -2.6410   -1.4149   -0.0000   -0.0000    4.2270    0.6164    3.5040   -1.0791    2.9834    2.0894    0.0174 
   4.1016    0.0014    5.2376    4.6492  185.4074  -11.6748  -29.8183   10.6779   -3.3155   -2.7239   -0.0000   -0.0000    4.2270    0.6164    3.4880    1.4854   -1.2378    0.6592   -0.1126 
   4.1441    0.0010    4.9273    4.9366  185.5407  -14.3603   40.4332    3.7809   -2.8148   -2.6863   -0.0000   -0.0000    4.2270    0.6150    3.5040    0.3625   -1.2556    2.0215    0.0078 
   4.1866    0.0010    4.4898    5.9865  185.9484    7.7954  -11.6298    3.7809   -4.4266   -1.5297   -0.0000   -0.0000    4.2270    0.6164    3.4960    0.1357   -2.7183    1.5273    0.0078 
   4.2291    0.0010    4.1366    4.3383  186.1471   -0.3223  -47.7626    5.7951   -3.1572   -2.5555   -0.0000   -0.0000    4.5088    0.6150    3.4880   -0.0112    4.6086    1.1360   -0.0224 
   4.2716    0.0014    3.1556    3.8152  186.4104  -13.8110   30.4234    1.4005   -2.5196   -3.5906   -0.0000   -0.0000    4.5088    0.6150    3.4960   -0.7065   -1.5029    1.3477    0.0542 
   4.3141    0.0010    1.8828    5.4014  186.5108   -6.9141   22.7940    3.9640   -1.6677   -4.2224   -0.0000   -0.0000    4.5088    0.6150    3.5040    2.2598    0.2097    0.2900    0.0095 
   4.3566    0.0010    2.2160    3.6980  186.7118   15.4858  -56.3075    3.6588   -1.7836   -3.9602   -0.0000   -0.0000    4.7906    0.6164    3.4880   -0.1477    1.7590    0.0007    0.0198 
   4.3991    0.0010    2.1438    2.2112  186.9282  -21.8677    7.1690    4.8795   -1.3952   -3.9245   -0.0000   -0.0000    4.7906    0.6150    3.4960    0.3459   -1.1462    1.9341   -0.0016 
   4.4416    0.0014    1.3243    4.0602  187.0552   -6.6699   50.1988    3.2926   -1.0328   -3.7959   -0.0000   -0.0000    4.7906    0.6164    3.4880   -0.0242   -2.1125   -0.2805    0.0261 
   4.4841    0.0010    0.8974    3.2725  187.3367    7.7954  -47.6405    6.7716   -0.8223   -4.4079   -0.0000   -0.0000    4.7906    0.6150    3.4800    0.2546    1.2644    1.5513   -0.0346 
   4.5266    0.0010    1.8310    0.7022  187.5523    7.7954  -33.6635    2.1940   -2.1142   -4.1866   -0.0000   -0.0000    4.7906    0.6150    3.4800   -0.5820    1.1687    1.8635    0.0453 
   4.5691    0.0010    1.7343    2.0916  187.8022  -29.7412   63.6876    3.6588   -0.8046   -4.6009   -0.0000   -0.0000    4.7906    0.6150    3.4800   -1.0547    3.3372    1.7622    0.0198 
   4.6116    0.0014    1.6566    3.5434  187.9233   -8.4399  -29.5131    7.5041   -2.2414   -4.7802   -0.0000   -0.0000    4.7906    0.6150    3.4960   -1.0994    2.7920    2.0479   -0.0474 
   4.6541    0.0010    1.9264    1.4285  188.2186   18.4155  -80.2943    3.6588   -2.2227   -5.0554   -0.0000   -0.0000    4.7906    0.6150    3.4640   -0.4375   -0.7515    2.0435    0.0198 
   4.6966    0.0010    2.1320    1.1960  188.4351  -18.5718   53.4947    3.6588   -1.6708   -4.8286   -0.0000   -0.0000    4.7906    0.6164    3.4880   -0.6372    1.2971    1.9485    0.0198 
   4.7391    0.0010    1.0776    3.6906  188.5387    4.0723   38.9684   -0.0033   -2.0124   -4.7942   -0.0000   -0.0000    4.7906    0.6150    3.4960    0.2212   -2.3132    1.2119    0.0837 
   4.7816    0.0014    2.1672    2.5844  188.8277   21.1621  -79.5619   10.6779   -3.1520   -5.0967   -0.0000   -0.0000    4.7906    0.6164    3.4560    1.2109   -0.1333    0.7629   -0.1028 
   4.8241    0.0010    2.7869    0.1189  189.1129   -0.4443   -6.8080    5.4899   -3.1645   -5.2791   -0.0000   -0.0000    4.7906    0.6150    3.4880   -1.0195    0.2566    1.9841   -0.0122 
   4.8666    0.0010    2.9594    3.0765  189.3211   -0.0781   68.9366    4.7575   -3.8079   -5.8533   -0.0000   -0.0000    4.7906    0.6150    3.4560    1.4019   -3.0962    0.4673    0.0006 
   4.9091    0.0010    3.0436    4.0917  189.5140    5.5371  -65.4018    7.3820   -4.1401   -6.0363   -0.0000   -0.0000    4.7906    0.6150    3.4720    0.1353    2.0181    2.2383   -0.0452 
   4.9516    0.0014    3.2088    0.9754  189.8094   12.9224  -38.9735    4.5133   -3.7051   -6.7861   -0.0000   -0.0000    4.7906    0.6150    3.4640   -0.9099    0.7346    0.8682    0.0048 
   4.9941    0.0010    2.9593    2.5811  189.9893   -6.9751   87.4303    0.7902   -5.0874   -7.3896   -0.0000   -0.0000    4.7906    0.6061    3.4720   -0.4509    1.1599   -0.2380    0.0698 
   5.0366    0.0011    1.9638    4.6508  190.0324   -5.7544   -1.3759    5.9171   -5.1554   -8.1541   -0.0000   -0.0000    5.0724    0.5950    3.5200   -0.6907    2.8108    0.5801   -0.0147 
   5.0791    0.0010    2.2566    1.7029  190.2914   25.1904  -96.0414    7.6872   -4.6112   -8.1815   -0.0000   -0.0000    5.0724    0.5882    3.4720    0.7375   -1.4336   -0.0327   -0.0456 
   5.1216    0.0015    2.0826    0.7316  190.5108    7.3682   33.1700    3.0485   -4.4321   -8.0698   -0.0000   -0.0000    4.7906    0.5899    3.5120    1.0002    1.6414    1.0139    0.0304 
   5.1641    0.0011    2.0637    4.1054  190.6232    2.3022   81.9981    1.8278   -5.1728   -7.7597   -0.0000   -0.0000    5.0724    0.5899    3.4960    0.6426   -1.6765    0.1335    0.0566 
   5.2066    0.0010    2.2573    3.0249  190.7907   28.7305  -93.0507    4.0250   -4.4755   -8.3289   -0.0000   -0.0000    4.7906    0.5899    3.4880   -0.7258    2.3547    1.3333    0.0134 
   5.2491    0.0010    4.0752   -0.6392  190.9610   22.2607  -39.1566    3.2926   -4.7501   -8.5470   -0.0000   -0.0000    5.0724    0.5639    3.5280    0.0457   -2.5510    1.0237    0.0311 
   5.2916    0.0014    4.3849    1.4501  191.1482   -9.7827  100.4918    0.9733   -4.9534   -9.1688   -0.0000   -0.0000    5.0724    0.5450    3.5280   -0.5938    0.8118    0.5271    0.0715 
   5.3341    0.0010    3.5011    4.5269  191.2014    3.7671    5.7652    0.8512   -4.9811   -8.7005   -0.0000   -0.0000    5.0724    0.5314    3.5680   -0.3035   -0.9023    1.0789    0.0737 
   5.3766    0.0010    3.9801    1.7334  191.4461   22.3828  -99.7035    8.9689   -4.8457  -10.0162   -0.0000   -0.0000    5.0724    0.5218    3.5360    0.7141   -1.4021    0.1858   -0.0680 
   5.4191    0.0010    4.9145   -0.5618  191.5703   15.3027    1.7369    5.0626   -5.9248  -10.2024   -0.0000   -0.0000    5.0724    0.5218    3.5840    0.1909    0.4224    0.2832    0.0002 
   5.4616    0.0014    5.3768    2.7713  191.7006    0.7764  103.3604    1.2174   -6.0068   -9.7647   -0.0000   -0.0000    5.0724    0.5194    3.5360    0.1665   -1.0161    1.3015    0.0673 
   5.5041    0.0010    4.5744    4.5639  191.7308  -13.4448  -15.7802    0.6071   -5.5785  -11.0146   -0.0000   -0.0000    5.0724    0.5194    3.5760   -0.4180    2.3076    1.6819    0.0779 
   5.5466    0.0010    4.9694    1.1523  191.9917    2.3633  -89.2665    3.3537   -5.2864  -11.2032   -0.0000   -0.0000    5.0724    0.5194    3.5440    0.1914   -1.4529    1.1370    0.0300 
   5.5891    0.0010    4.9066    0.0920  192.1958    5.7813   48.9171    4.9406   -4.8216  -10.7416   -0.0000   -0.0000    5.0724    0.5194    3.5680   -0.8667    1.2532    1.2214    0.0023 
   5.6316    0.0014    5.1482    4.0878  192.3623    1.4478   86.7589    2.3161   -5.4289  -10.5176   -0.0000   -0.0000    5.0724    0.5194    3.5360   -0.2195   -0.4331    1.2910    0.0481 
   5.6741    0.0010    5.1073    5.1094  192.5270   -7.4023  -62.8383    6.8937   -4.2557  -10.8102   -0.0000   -0.0000    5.0724    0.5218    3.5680   -0.8965   -0.2754    0.9858   -0.0318 
   5.7166    0.0010    5.0357    0.9053  192.8180   11.0913  -86.7030    5.4289   -3.7869  -10.8959   -0.0000   -0.0000    5.0724    0.5218    3.5440   -0.6367   -1.2646    1.4451   -0.0062 
   5.7591    0.0010    5.0919    1.0779  193.0805  -12.3462   82.8526    2.7433   -4.2406  -10.8693   -0.0000   -0.0000    5.0724    0.5218    3.5520    0.2034   -0.4197    0.8440    0.0407 
   5.8016    0.0014    4.3243    5.4909  193.1744   -6.7310   89.8106    3.1095   -4.0576  -12.0719   -0.0000   -0.0000    5.0724    0.5218    3.5440    0.1426    0.3027    1.1125    0.0343 
   5.8441    0.0010    4.0902    4.7932  193.3494   14.8145  -78.4023    3.4757   -3.5206  -12.7643   -0.0000   -0.0000    5.0724    0.5194    3.5440   -0.1665    1.0481    0.8892    0.0279 
   5.8866    0.0010    4.3753    0.9202  193.5818    4.6826  -53.4999    4.8185   -4.2523  -12.4594   -0.0000   -0.0000    5.0724    0.5194    3.5440   -0.0215    0.4456    1.9314    0.0044 
   5.9291    0.0010    3.7196    2.0680  193.7581  -18.7549  111.2340    1.4005   -4.2556  -12.3688   -0.0000   -0.0000    5.0724    0.5218    3.5360   -0.2297    1.4331    0.5068    0.0641 
   5.9716 4294.9507    1.4549    0.0766  193.1167 -117.7539 -414.2787  -19.2293   -3.9438  -12.2073   -0.0000   -0.0000    5.0724    0.5218    3.8400    0.9185   -0.7825    5.9177    0.0000 
   6.0141 4294.9082   -1.7834  -18.1869  192.4612  -38.2861 -446.8715  -26.7977   -3.9438  -12.2073   -0.0000   -0.0000    5.0724    0.5218    3.8400   -0.2358    0.6938   -1.3193  -52.8564 
   6.0566 4294.8657   -0.7268  -36.1535  191.5573  167.5244 -360.6898   34.1154   -3.9438  -12.2073   -0.0000   -0.0000    5.0724    0.5218    3.8400   -0.0161    0.0046    1.0818    0.0000 
   6.0991 4294.8232    5.4521  -45.9075  186.4323   36.0547  -29.8793  -97.2933   -3.9438  -12.2073   -0.0000   -0.0000    5.0724    0.5218    3.8400   -0.3472    0.4363   -0.3262   21.4844 
   6.1416 4294.7808    7.0278  -42.8564  180.9079   78.1079  159.4518 -109.3172   -3.9438  -12.2073   -0.0000   -0.0000    5.0724    0.5218    3.8400   -0.2217    0.1843    0.3655    0.0000 
   6.1841 4294.7383    6.3546  -31.9806  175.0882   85.6152  361.3560  -99.5516   -3.9438  -12.2073   -0.0000   -0.0000    5.0724    0.5218    3.8480   -0.4355    0.4014    0.0496   71.0449 
   6.2266 4294.6958    5.4347  -10.7839  169.1452   29.5850  648.6485 -160.2816   -3.9438  -12.2073   -0.0000   -0.0000    5.0724    0.5218    3.8480   -0.1028    0.1980    0.9802    0.0000 
   6.2691 4294.6533    1.2981    7.9005  161.6474 -114.8242  189.7252 -154.1781   -3.9438  -12.2073   -0.0000   -0.0000    5.0724    0.5218    3.8480    0.0295    0.4089   -0.3022 -129.3945 
   6.3116 4294.6108    4.1896    9.7868  155.6991  233.6865  -90.6093 -141.9710   -3.9438  -12.2073   -0.0000   -0.0000    5.0724    0.5218    3.8480    0.0710   -0.0132    0.0669    0.0000 
   6.3541 4294.5684    5.9571   -2.5076  151.9454  122.2974  -26.7665  -82.9501   -3.9438  -12.2073   -0.0000   -0.0000    5.0724    0.5218    3.8400   -0.0039   -0.0137   -1.0054  107.7271 
   6.3966 4294.5259    3.2490    0.2960  147.3465 -121.4771   99.6373 -112.7962   -3.9438  -12.2073   -0.0000   -0.0000    5.0724    0.5218    3.8480    0.1045   -0.0681   -0.2490 -136.0474 
   6.4391 4294.4834    2.1260    0.6355  142.8788  125.7153  -21.9447 -111.3314   -3.9438  -12.2073   -0.0000   -0.0000    5.0724    0.5218    3.8480    0.3264    0.1306    1.8369  111.1450 
   6.4816 4294.4409    4.6295    0.6448  138.4929  -73.5645   23.4044 -100.8944   -3.9438  -12.2073   -0.0000   -0.0000    5.0724    0.5218    3.8480   -0.0464    0.1497    1.1621    0.0000 
   6.5241 4294.3984    1.8136   -0.8315  134.7767   79.1455  -29.5741  -86.6122   -3.9438  -12.2073   -0.0000   -0.0000    5.0724    0.5218    3.8400    0.2871    0.0591    1.9038   64.5752 
   6.5666 4294.3560    1.4913    0.1836  131.6299    0.5322   31.0948  -68.6678   -3.9438  -12.2073   -0.0000   -0.0000    5.0724    0.5218    3.8480    0.1975    0.1226    1.1819    0.0000 
   6.6091 4294.3135    1.7360    0.6233  129.2338   -1.0547  -15.1088  -46.5731   -3.9438  -12.2073   -0.0000   -0.0000    5.0724    0.5218    3.8480   -0.0471   -0.1599    0.9648  -15.6250 
   6.6516 4294.2710    0.8498    0.7584  127.5875   -2.0923   10.8311  -24.0511   -3.9438  -12.2073   -0.0000   -0.0000    5.0724    0.5218    3.8560    0.0640    0.0234    1.0820    0.0000 
   6.6941 4294.2285    0.7464    0.4966  127.1526   -0.8716    6.9249   -1.1019   -3.9438  -12.2073   -0.0000   -0.0000    5.0724    0.5218    3.8480   -0.0210    0.0269    1.0874  -15.4419 
   6.7366 4294.1860    0.3880    0.3030  127.1589    0.2271    0.9435   -0.4305   -3.9438  -12.2073   -0.0000   -0.0000    5.0724    0.5218    3.8480   -0.0144   -0.0208    1.0737    0.0000 
   6.7791 4294.1436    0.2960    0.0777  127.1718   -0.1392    2.1031    0.4240   -3.9438  -12.2073   -0.0000   -0.0000    5.0724    0.5218    3.8480   -0.0051   -0.0317    1.0850  -14.7095 
   6.8216 4294.1006    0.1182    0.2608  127.1769   -0.2002    2.3473    0.3629   -3.9438  -12.2073   -0.0000   -0.0000    5.0724    0.5218    3.8560   -0.0066   -0.0090    1.0823    0.0000 
   6.8641 4294.0581    0.0789   -0.0369  127.1809   -0.6885    0.5162    0.2409   -3.9438  -12.2073   -0.0000   -0.0000    5.0724    0.5218    3.8560    0.0190    0.0115    1.0789  -15.2588 
   6.9066 4294.0156    0.0549    0.0757  127.1855   -0.8105   -1.4369    0.2409   -3.9438  -12.2073   -0.0000   -0.0000    5.0724    0.5218    3.8480   -0.0283    0.0068    1.0757    0.0000 
   6.9491 4293.9731   -0.0596    0.0392  127.2008   -1.0547   -0.0331    0.4240   -3.9438  -12.2073   -0.0000   -0.0000    5.0724    0.5218    3.8560   -0.0225    0.0010    1.0791  -15.6250 
   6.9916 4293.9307    0.0777    0.1227  127.2075   -0.4443    0.0890   -0.3695   -3.9438  -12.2073   -0.0000   -0.0000    5.0724    0.5218    3.8480   -0.0090    0.0259    1.0764    0.0000 
   7.0341 4293.8882    0.0402    0.4606  127.2066   -0.4443   -0.1552    0.1188   -3.9438  -12.2073   -0.0000   -0.0000    5.0724    0.5218    3.8560   -0.0115   -0.0059    1.0835  -15.0146 
   7.0766 4293.8457    0.0330    0.1168  127.2160   -1.0547    0.0890    0.4850   -3.9438  -12.2073   -0.0000   -0.0000    5.0724    0.5218    3.8480   -0.0151    0.0034    1.0881    0.0000 
   7.1191 4293.8032    0.4426    0.1606  127.2249    0.0439   -0.0331   -0.3084   -3.9438  -12.2073   -0.0000   -0.0000    5.0724    0.5218    3.8560   -0.0188   -0.0051    1.0750  -14.5264 
   7.1616 4293.7607    0.4435    0.6488  127.2207   -0.0171    0.2721   -0.2474   -3.9438  -12.2073   -0.0000   -0.0000    5.0724    0.5218    3.8560   -0.0020   -0.0042    1.0803    0.0000 
   7.2041 4293.7183   -0.1260    0.4016  127.2223   -1.4819   -0.2773    0.3019   -3.9438  -12.2073   -0.0000   -0.0000    5.0724    0.5218    3.8560   -0.0076    0.0088    1.0823  -16.0522 
   7.2466 4293.6758    0.0027    0.0671  127.2231   -0.3223   -0.0331    0.1798   -3.9438  -12.2073   -0.0000   -0.0000    5.0724    0.5218    3.8480   -0.0166    0.0095    1.0774    0.0000 
   7.2891 4293.6333    0.0847    0.4405  127.2308   -0.1392   -0.0941    0.3019   -3.9438  -12.2073   -0.0000   -0.0000    5.0724    0.5218    3.8560   -0.0088    0.0046    1.0791  -14.7095 
   7.3316 4293.5908    0.2048    0.5713  127.2316   -0.3833    0.1500   -0.0643   -3.9438  -12.2073   -0.0000   -0.0000    5.0724    0.5218    3.8480   -0.0042    0.0017    1.0786    0.0000 
   7.3741 4293.5483   -0.0082    0.1012  127.2335   -0.2002   -0.2162   -0.2474   -3.9438  -12.2073   -0.0000   -0.0000    5.0724    0.5218    3.8560   -0.0151   -0.0024    1.0857  -14.7705 
   7.4166 4293.5059    0.0715    0.2822  127.2385   -1.3599    0.0279    0.1798   -3.9438  -12.2073   -0.0000   -0.0000    5.0724    0.5218    3.8560   -0.0037    0.0017    1.0889    0.0000 
   7.4591 4293.4634    0.0707    0.1598  127.2486   -0.8716   -0.2162    0.1798   -3.9438  -12.2073   -0.0000   -0.0000    5.0724    0.5218    3.8560   -0.0059   -0.0027    1.0720  -15.4419 
   7.5016 4293.4209   -0.0491    0.7609  127.2533   -0.7495   -0.3993   -0.0033   -3.9438  -12.2073   -0.0000   -0.0000    5.0724    0.5218    3.8560    0.0005    0.0034    1.0757    0.0000 
   7.5441 4293.3784   -0.0690    0.3227  127.2674   -0.8716   -0.1552    0.4850   -3.9438  -12.2073   -0.0000   -0.0000    5.0724    0.5218    3.8560   -0.0117    0.0095    1.0681  -15.4419 
   7.5866 4293.3359    0.0814    0.6243  127.2775   -0.3223   -0.0941   -0.0643   -3.9438  -12.2073   -0.0000   -0.0000    5.0724    0.5218    3.8560   -0.0039    0.0054    1.0840    0.0000 
   7.6291 4293.2935    0.1019    0.1080  127.2769   -0.3223   -0.0941   -0.2474   -3.9438  -12.2073   -0.0000   -0.0000    5.0724    0.5218    3.8560   -0.0127    0.0037    1.0884  -14.8926 
   7.6716 4293.2510    0.0987    0.0719  127.2808    0.1660    0.2721    0.0578   -3.9438  -12.2073   -0.0000   -0.0000    5.0724    0.5218    3.8640   -0.0098   -0.0022    1.0840    0.0000 
   7.7141 4293.2085    0.0354    0.2128  127.2836   -0.4443   -0.3383    0.4240   -3.9438  -12.2073   -0.0000   -0.0000    5.0724    0.5218    3.8560   -0.0132    0.0032    1.0784  -15.0146 
   7.7566 4293.1660   -0.1550    0.6884  127.2851   -0.6885   -0.2773   -0.0643   -3.9438  -12.2073   -0.0000   -0.0000    5.0724    0.5218    3.8640   -0.0186   -0.0034    1.0845    0.0000 
   7.7991 4293.1235   -0.0416    0.0843  127.2967   -0.0781    0.2721    0.2409   -3.9438  -12.2073   -0.0000   -0.0000    5.0724    0.5218    3.8640   -0.0222    0.0054    1.0840  -14.6484 
   7.8416 4293.0811    0.0453    0.2257  127.3126   -0.8716    0.0890    0.2409   -3.9438  -12.2073   -0.0000   -0.0000    5.0724    0.5218    3.8640   -0.0051   -0.0037    1.0789    0.0000 
   7.8841 4293.0381   -0.1280    0.4404  127.3374   -1.1768   -0.0941    0.7291   -3.9438  -12.2073   -0.0000   -0.0000    5.0724    0.5218    3.8640   -0.0190   -0.0056    1.0791  -15.7471 
   7.9266 4292.9956    0.3393    0.2859  127.3461   -0.7495   -0.2162    0.1798   -3.9438  -12.2073   -0.0000   -0.0000    5.0724    0.5218    3.8640   -0.0115   -0.0027    1.0801    0.0000 
   7.9691 4292.9531   -0.0083    0.5921  127.3614   -0.8716    0.1500   -0.0033   -3.9438  -12.2073   -0.0000   -0.0000    5.0724    0.5218    3.8640   -0.0049    0.0081    1.0859  -15.4419 
   8.0116 4292.9106    0.4112    0.2934  127.3683   -0.5664   -0.0331   -0.0033   -3.9438  -12.2073   -0.0000   -0.0000    5.0724    0.5218    3.8560   -0.0088   -0.0061    1.0842    0.0000 
   8.0541 4292.8682    0.0197    0.3847  127.3696   -0.5664   -0.1552    0.1188   -3.9438  -12.2073   -0.0000   -0.0000    5.0724    0.5218    3.8640   -0.0061    0.0071    1.0872  -15.1367 
   8.0966 4292.8257    0.1175    0.4097  127.3907    0.1050   -0.1552   -0.0033   -3.9438  -12.2073   -0.0000   -0.0000    5.0724    0.5218    3.8560   -0.0134    0.0034    1.0811    0.0000 
   8.1391 4292.7832   -0.1657    0.4358  127.3917   -0.6274   -0.2162    0.2409   -3.9438  -12.2073   -0.0000   -0.0000    5.0724    0.5218    3.8640   -0.0042    0.0093    1.0813  -15.1978 
   8.1816 4292.7407   -0.0924    0.1687  127.3972   -0.8105   -0.0331    0.2409   -3.9438  -12.2073   -0.0000   -0.0000    5.0724    0.5218    3.8640   -0.0132    0.0054    1.0842    0.0000 
   8.2241 4292.6982    0.1576    0.0694  127.3992   -0.7495   -0.2162    0.4240   -3.9438  -12.2073   -0.0000   -0.0000    5.0724    0.5218    3.8640   -0.0139    0.0015    1.0845  -15.3198 
   8.2666 4292.6558   -0.2321    0.5374  127.4044   -0.5664   -0.0941    0.1798   -3.9438  -12.2073   -0.0000   -0.0000    5.0724    0.5218    3.8640   -0.0056    0.0093    1.0837    0.0000 
   8.3091 4292.6133   -0.4521    0.0025  126.2151    3.0957  -34.4569  -94.6078   -3.9438  -12.2073   -0.0000   -0.0000    5.0724    0.5218    3.8560   -0.0073   -0.2588    1.0613  -11.4746 
   8.3516 4292.5708    1.6339    0.1266  122.7124   -0.6274   39.2125  -52.7376   -3.9438  -12.2073   -0.0000   -0.0000    5.0724    0.5218    3.8640   -0.0015    0.0249    1.1274    0.0000 
   8.3941 4292.5283    0.5915    0.4353  121.9616   -7.4023    9.4273    8.7248   -3.9438  -12.2073   -0.0000   -0.0000    5.0724    0.5218    3.8640   -0.1636    0.0784    1.0803  -21.9727 
   8.4366 4292.4858    0.1561   -0.9377  123.0951  -58.0615   26.4561   33.7492   -3.9438  -12.2073   -0.0000   -0.0000    5.0724    0.5218    3.8640   -0.1626   -0.0076    1.1436    0.0000 
   8.4791 4292.4434   -4.1539   -0.5969  122.0846 -120.0122  -49.1664 -103.3968   -3.9438  -12.2073   -0.0000   -0.0000    5.0724    0.5218    3.8640    0.3499   -0.0398    1.2727 -134.5825 
   8.5216 4292.4009   -5.3314    0.7608  117.2102   -7.5854   12.7843  -59.5736   -3.9438  -12.2073   -0.0000   -0.0000    5.0724    0.5218    3.8640    0.0225   -0.0408    1.4094    0.0000 
   8.5641 4292.3584    0.4705    0.3190  118.3860  121.6870  -81.8202   51.5714   -3.9438  -12.2073   -0.0000   -0.0000    5.0724    0.5218    3.8640    0.3108   -0.3833    1.3276  107.1167 
   8.6066 4292.3159    6.4964    1.3244  117.3453   90.0708   45.3160  -71.5365   -3.9438  -12.2073   -0.0000   -0.0000    5.0724    0.5218    3.8640    0.1460   -0.3481    1.4536    0.0000 
   8.6491 4292.2734   10.2047    3.7634  114.1203   20.3076   21.3292  -53.5921   -3.9438  -12.2073   -0.0000   -0.0000    5.0724    0.5218    3.8640    0.2534   -0.4038    1.4680    5.7373 
   8.6916 4292.2310   15.0686    7.4781  114.7478  134.4433   72.1715    8.6027   -3.9438  -12.2073   -0.0000   -0.0000    5.0724    0.5218    3.8640    0.2092   -0.5312    1.4675    0.0000 
   8.7341 4292.1885   23.5297    9.5428  113.6750  188.3984   82.0592  -64.9447   -3.9438  -12.2073   -0.0000   -0.0000    5.0724    0.5218    3.8640   -0.0200   -0.5320    1.4905  173.8281 
   8.7766 4292.1460   29.9728    9.6046  112.5080  176.9849   29.6300   14.4010   -3.9438  -12.2073   -0.0000   -0.0000    5.0724    0.5218    3.8560    0.0295   -0.5366    1.4053    0.0000 
   8.8191 4292.1035   36.4364   11.5253  115.9582  223.7988   28.6534   67.6237   -3.9438  -12.2073   -0.0000   -0.0000    5.0724    0.5218    3.8640    0.0505   -0.7278    1.2581  209.2285 
   8.8616 4292.0610   44.6091   14.0959  120.6817  245.1611    3.9342   57.2477   -3.9438  -12.2073   -0.0000   -0.0000    5.0724    0.5218    3.8560    0.0312   -0.6028    1.1958    0.0000 
   8.9041 4292.0186   51.5734   17.9581  127.1841  214.2773  -13.7660   66.2809   -3.9438  -12.2073   -0.0000   -0.0000    5.0724    0.5218    3.8640    0.0349   -0.6321    1.0088  199.7070 
   8.9466 4291.9756   58.7485   21.4446  133.0239  230.5737  -16.0854    6.7716   -3.9438  -12.2073   -0.0000   -0.0000    5.0724    0.5218    3.8640   -0.0710   -0.7847    0.8406  216.0034 
   8.9891 4291.9331   66.3840   24.4941  138.7089  209.3945  -49.7157   42.1110   -3.9438  -12.2073   -0.0000   -0.0000    5.0724    0.5218    3.8640   -0.0374   -0.6340    0.8455  194.8242 
   9.0316 4291.8906   71.0501   37.6571  155.7711  188.9478  -60.6410  117.2453   -3.9438  -12.2073   -0.0000   -0.0000    5.0724    0.5218    3.8640   -0.1509   -0.8098    0.5869    0.0000 
   9.0741 4291.8481   74.4884   57.9061  180.6815  251.4478  -75.6557   49.4352   -3.9438  -12.2073   -0.0000   -0.0000    5.0724    0.5218    3.8640   -0.0603   -0.9146    0.4219  236.8774 
   9.1166 4291.8057   78.5874   87.3605  214.5599  204.6338  -85.6044  -11.1727   -3.9438  -12.2073   -0.0000   -0.0000    5.0724    0.5218    3.8640   -0.2432   -0.6814    0.3640    0.0000 
   9.1591 4291.7632   75.8365  108.2850  242.1389  167.7686 -164.5839  124.5695   -3.9438  -12.2073   -0.0000   -0.0000    5.0724    0.5218    3.8640   -0.0618   -0.6680    0.3047  153.1982 
   9.2016 4291.7207   70.5150  115.9422  256.8717  160.0171 -116.2440   48.2145   -3.9438  -12.2073   -0.0000   -0.0000    5.0724    0.5218    3.8640    0.1062   -0.7378    0.2271    0.0000 
   9.2441 4291.6782   68.0178  122.2527  268.4940  131.3306 -106.8446   34.4206   -3.9438  -12.2073   -0.0000   -0.0000    5.0724    0.5218    3.8640   -0.0752   -0.6428    0.1475  116.7603 
   9.2866 4291.6357   64.7393  120.2247  272.9001   95.1978 -145.1137   78.4269   -3.9438  -12.2073   -0.0000   -0.0000    5.0724    0.5218    3.8640    0.1523   -0.6963    0.1584    0.0000 
   9.3291 4291.5933   61.9311  116.0048  274.5237   77.8638  -91.0365   58.2243   -3.9438  -12.2073   -0.0000   -0.0000    5.0724    0.5218    3.8640    0.1536   -0.7214    0.1523   63.2935 
   9.3716 4291.5508   59.3403  109.5825  274.4376  -75.2734 -316.5614  158.5661   -3.9438  -12.2073   -0.0000   -0.0000    5.0724    0.5218    3.8640    0.1582   -0.7798   -0.0146  -89.8438 
   9.4141 4291.5083   55.1572   95.8073  271.8712   14.3872 -156.2221   51.8766   -3.9438  -12.2073   -0.0000   -0.0000    5.0724    0.5218    3.8640    0.2620   -0.8196    0.2664   -0.1831 
   9.4566 4291.4658   52.9978   89.1701  271.7116  116.8652  -63.9980  132.7482   -3.9438  -12.2073   -0.0000   -0.0000    5.0724    0.5218    3.8640    0.6279   -0.7307    0.2488    0.0000 
   9.4991 4291.4233   48.0929   91.4579  277.9579  104.4141  -66.0121  155.3312   -3.9438  -12.2073   -0.0000   -0.0000    5.0724    0.5218    3.8640    0.3325   -0.8835    0.0015   89.8438 
   9.5416 4291.3809   45.9372   89.2338  281.9348   54.9756 -143.8930   50.4728   -3.9438  -12.2073   -0.0000   -0.0000    5.0724    0.5218    3.8640    0.1509   -0.7085    0.2695   40.4053 
   9.5841 4291.3384   44.1902   85.4727  285.7156   80.9766 -111.4223   80.6852   -3.9438  -12.2073   -0.0000   -0.0000    5.0724    0.5218    3.8640    0.4619   -0.6768    0.3320   66.4062 
   9.6266 4291.2959   42.4565   83.2257  289.6427   96.8457  -54.9037   46.9938   -3.9438  -12.2073   -0.0000   -0.0000    5.0724    0.5218    3.8640    0.6052   -0.8057    0.3093    0.0000 
   9.6691 4291.2534   42.7668   82.1516  293.6057   67.0605  -93.5390   48.7638   -3.9438  -12.2073   -0.0000   -0.0000    5.0724    0.5218    3.8640    0.4451   -0.8081    0.1763   52.4902 
   9.7116 4291.2109   42.1755   78.8370  296.4472   56.9287  -88.9613   68.2340   -3.9438  -12.2073   -0.0000   -0.0000    5.0724    0.5218    3.8640    0.6084   -0.7444    0.2310    0.0000 
   9.7541 4291.1685   41.3732   76.1179  299.8898   67.1826  -88.5951   73.4220   -3.9438  -12.2073   -0.0000   -0.0000    5.0724    0.5218    3.8720    0.5354   -0.5723    0.2849   52.6123 
   9.7966 4291.1260   38.8502   76.2856  305.8399  171.9189 -132.2963   41.5006   -3.9438  -12.2073   -0.0000   -0.0000    5.0724    0.5218    3.8640    0.5359   -0.7144    0.0684  157.3486 
   9.8391 4291.0835   38.5091   75.9452  314.7672  126.1426 -110.4457   75.0700   -3.9438  -12.2073   -0.0000   -0.0000    5.0724    0.5218    3.8720    0.8816   -0.7263    0.1995  111.5723 
   9.8816 4291.0410   41.4941   71.5079  317.9710   32.0264 -198.5194  -86.7342   -3.9438  -12.2073   -0.0000   -0.0000    5.0724    0.5218    3.8640    0.6389   -0.7163    0.2607    0.0000 
   9.9241 4290.9985   48.2774   57.7558  313.0447  -14.7266 -211.7030 -148.1966   -3.9438  -12.2073   -0.0000   -0.0000    5.0724    0.5218    3.8720    0.5007   -0.8237    0.4094  -29.2969 
   9.9666 4290.9561   51.8947   40.7739  304.0237  -56.5967 -206.6371  -94.0584   -3.9438  -12.2073   -0.0000   -0.0000    5.0724    0.5218    3.8720    0.3513   -0.7991    0.5449    0.0000 
  10.0091 4290.9131   52.0372   26.1162  296.4089    8.6499 -168.6122  -61.7098   -3.9438  -12.2073   -0.0000   -0.0000    5.0724    0.5218    3.8720    0.3008   -0.8225    0.5835   -5.9204 
  10.0516 4290.8706   53.1920   20.1636  296.1292  -12.8955 -116.1830   12.8141   -3.9438  -12.2073   -0.0000   -0.0000    5.0724    0.5218    3.8720    0.2249   -0.8989    0.5696    0.0000 
  10.0941 4290.8281   53.6230   18.8256  299.4258  -11.9189 -140.7802   38.6930   -3.9438  -12.2073   -0.0000   -0.0000    5.0724    0.5218    3.8720    0.3357   -1.0203    0.5256  -26.4893 
  10.1366 4290.7856   53.7678   15.2798  304.4705   -1.9702 -145.1137  142.2697   -3.9438  -12.2073   -0.0000   -0.0000    5.0724    0.5218    3.8720   -0.0391   -1.1716    0.7395    0.0000 
  10.1791 4290.7432   53.9531   16.5351  311.4474    4.5605  -40.2553  116.0856   -3.9438  -12.2073   -0.0000   -0.0000    5.0724    0.5218    3.8720    0.0994   -0.8022    0.5032  -10.0098 
  10.2216 4290.7007   54.0129   21.7670  320.2310    3.3398  -74.3739  119.5036   -3.9438  -12.2073   -0.0000   -0.0000    5.0724    0.5218    3.8720    0.2454   -0.7449    0.4819    0.0000 
  10.2641 4290.6582   50.9207   27.7324  331.3178   36.4209  -90.1210  148.8615   -3.9438  -12.2073   -0.0000   -0.0000    5.0724    0.5218    3.8720    0.2739   -0.8052    0.6113   21.8506 
  10.3066 4290.6157   49.6041   26.6037  337.0135   35.0781 -107.8822   69.0275   -3.9438  -12.2073   -0.0000   -0.0000    5.0724    0.5218    3.8720    0.2434   -0.6501    0.6680   20.5078 
  10.3491 4290.5732   47.5349   20.5665  337.6982    9.4434 -220.0038    2.6823   -3.9438  -12.2073   -0.0000   -0.0000    5.0724    0.5218    3.8720    0.2727   -0.5999    0.6948   -5.1270 
  10.3916 4290.5308   46.7393   11.4868  339.9052   10.4810 -199.1908   68.7223   -3.9438  -12.2073   -0.0000   -0.0000    5.0724    0.5218    3.8640    0.0596   -0.6235    0.8181    0.0000 
  10.4341 4290.4883   45.2752    8.2515  344.3110   35.8716  -97.5673   94.0519   -3.9438  -12.2073   -0.0000   -0.0000    5.0724    0.5218    3.8720    0.0291   -0.5701    0.8257   21.3013 
  10.4766 4290.4458   42.9716    3.4585  345.5923  -70.4517 -126.0707  -34.8544   -3.9438  -12.2073   -0.0000   -0.0000    5.0724    0.5218    3.8640   -0.0337   -0.5129    0.8904    0.0000 
  10.5191 4290.4033   36.9142   -2.2848  343.3887 -100.9082  -76.2050  -20.8163   -3.9438  -12.2073   -0.0000   -0.0000    5.0724    0.5218    3.8720    0.0544   -0.5449    0.9963 -115.4785 
  10.5616 4290.3608   32.5967    0.0854  346.6691  -70.9399    4.7887   80.3800   -3.9438  -12.2073   -0.0000   -0.0000    5.0724    0.5218    3.8720    0.1467   -0.6711    0.9104    0.0000 
  10.6041 4290.3184   33.0322    1.1934  351.5496  -22.4780 -124.4838   56.0880   -3.9438  -12.2073   -0.0000   -0.0000    5.0724    0.5218    3.8720    0.0073   -0.9653    1.0811  -37.0483 
  10.6466 4290.2759   31.6935   -4.6020  352.6974  -91.8750 -103.7929   25.3874   -3.9438  -12.2073   -0.0000   -0.0000    5.0724    0.5218    3.8720   -0.1973   -0.9180    1.0884    0.0000 
  10.6891 4290.2334   30.1653   -8.3210  353.9756 -108.2324  -74.6791   28.9274   -3.9438  -12.2073   -0.0000   -0.0000    5.0724    0.5218    3.8720   -0.2712   -0.8010    0.9922 -122.8027 
  10.7316 4290.1909   26.9567   -8.7737  356.6086 -132.8906  -35.6166   25.3263   -3.9438  -12.2073   -0.0000   -0.0000    5.0724    0.5218    3.8720   -0.1028   -0.4841    0.8391    0.0000 
  10.7741 4290.1484   24.5433   -7.5620  359.2594  -74.6020  -27.5600   34.1154   -3.9438  -12.2073   -0.0000   -0.0000    5.0724    0.5218    3.8720    0.0425   -0.4670    0.7859  -89.1724 
  10.8166 4290.1060   23.2899   -5.3897    3.5084  -77.2266  -39.5839   85.9953   -3.9438  -12.2073   -0.0000   -0.0000    5.0724    0.5218    3.8720   -0.0098   -0.4297    0.8479    0.0000 
  10.8591 4290.0635   20.8870   -4.9969    8.0277  -95.7202  -30.6728   79.0983   -3.9438  -12.2073   -0.0000   -0.0000    5.0724    0.5218    3.8720   -0.1289   -0.3477    0.9055 -110.2905 
  10.9016 4290.0210   19.5719   -8.7486   10.1899  -27.2388  -55.9413   52.7921   -3.9438  -12.2073   -0.0000   -0.0000    5.0724    0.5218    3.8640   -0.2090   -0.3147    0.8767    0.0000 
  10.9441 4289.9785   16.4325   -9.5271   13.6527  -61.0522   19.2540   97.5309   -3.9438  -12.2073   -0.0000   -0.0000    5.0724    0.5218    3.8720   -0.1814   -0.2056    0.8455  -75.6226 
  10.9866 4289.9360   14.8704   -6.6051   17.9150  -25.6519    4.5445   72.2623   -3.9438  -12.2073   -0.0000   -0.0000    5.0724    0.5218    3.8720   -0.0898   -0.2996    1.0107    0.0000 
  11.0291 4289.8936   16.5049   -5.0978   20.8199  -19.2432    7.3521   56.2101   -3.9438  -12.2073   -0.0000   -0.0000    5.0724    0.5218    3.8720   -0.1104   -0.3357    1.1045  -33.8135 
  11.0716 4289.8506   16.5588   -2.0795   24.0013  -38.8965  -11.5077   40.5851   -3.9438  -12.2073   -0.0000   -0.0000    5.0724    0.5218    3.8640   -0.0176   -0.3643    1.1013    0.0000 
  11.1141 4289.8081   17.4198   -4.1289   25.4924   -8.5620 -137.7894   42.1720   -3.9438  -12.2073   -0.0000   -0.0000    5.0724    0.5218    3.8720   -0.1904   -0.5417    1.2146  -23.1323 
  11.1566 4289.7656   18.5114  -10.0536   27.4075  -30.9009  -64.4862   65.3043   -3.9438  -12.2073   -0.0000   -0.0000    5.0724    0.5218    3.8640   -0.4702   -0.4480    1.1226    0.0000 
  11.1991 4289.7231   18.2609  -11.9671   29.7633  -13.7500    0.0279   45.9562   -3.9438  -12.2073   -0.0000   -0.0000    5.0724    0.5218    3.8720   -0.1592   -0.2925    0.8398  -28.3203 
  11.2416 4289.6807   19.6229   -7.6984   33.2441   12.3120   38.6021   91.0001   -3.9438  -12.2073   -0.0000   -0.0000    5.0724    0.5218    3.8720    0.0530   -0.4126    1.0647    0.0000 
  11.2841 4289.6382   19.3976   -2.3496   39.5845  -28.5815   18.4605  141.4762   -3.9438  -12.2073   -0.0000   -0.0000    5.0724    0.5218    3.8720   -0.0552   -0.3530    1.1780  -43.1519 
  11.3266 4289.5957   13.4564   -2.1229   45.4661 -111.5283  -42.0863  121.3346   -3.9438  -12.2073   -0.0000   -0.0000    5.0724    0.5218    3.8720   -0.1294   -0.1804    0.9048    0.0000 
  11.3691 4289.5532    9.3478   -6.2976   47.9986  -36.0278  -57.5282   23.1291   -3.9438  -12.2073   -0.0000   -0.0000    5.0724    0.5218    3.8720   -0.1858   -0.0737    0.8330  -50.5981 
  11.4116 4289.5107    6.2904   -8.9634   49.4060  -55.4370   17.7892   65.7316   -3.9438  -12.2073   -0.0000   -0.0000    5.0724    0.5218    3.8720   -0.1782   -0.1174    0.9922    0.0000 
  11.4541 4289.4683    4.8352   -6.6867   52.9739  -46.4038   14.2491   62.1305   -3.9438  -12.2073   -0.0000   -0.0000    5.0724    0.5218    3.8720   -0.1340   -0.0725    0.9709  -60.9741 
  11.4966 4289.4258    1.5970   -8.0281   54.1569  -28.9478  -32.3207  -12.0272   -3.9438  -12.2073   -0.0000   -0.0000    5.0724    0.5218    3.8720   -0.1497   -0.0225    1.0474    0.0000 
  11.5391 4289.3833    0.5671   -8.3036   53.7284  -30.7788  -24.8744   -5.2523   -3.9438  -12.2073   -0.0000   -0.0000    5.0724    0.5218    3.8720   -0.1714   -0.0454    1.2195  -45.3491 
  11.5816 4289.3408    0.4367   -7.2090   54.0025  -50.2490    1.0045   -7.5716   -3.9438  -12.2073   -0.0000   -0.0000    5.0724    0.5218    3.8720   -0.1426   -0.0493    1.0688    0.0000 
  11.6241 4289.2983    2.5269   -7.5918   52.6867   43.8672  -29.7572  -37.1737   -3.9438  -12.2073   -0.0000   -0.0000    5.0724    0.5218    3.8720   -0.1755   -0.1001    1.1206   29.2969 
  11.6666 4289.2559    6.9586  -10.5621   52.3448   62.9712  -36.0439   42.1110   -3.9438  -12.2073   -0.0000   -0.0000    5.0724    0.5218    3.8720   -0.4917   -0.2532    1.2446    0.0000 
  11.7091 4289.2134   10.0195  -13.3707   52.6520   40.7544   14.6764   -9.4027   -3.9438  -12.2073   -0.0000   -0.0000    5.0724    0.5218    3.8720   -0.3547   -0.2368    0.9534   26.1841 
  11.7516 4289.1709   12.8936  -13.5717   51.3931   47.2241   44.2784   36.5568   -3.9438  -12.2073   -0.0000   -0.0000    5.0724    0.5218    3.8720   -0.3052   -0.2593    1.0608    0.0000 
  11.7941 4289.1284   15.5624  -13.4116   53.0640   15.9741   34.4518   58.1632   -3.9438  -12.2073   -0.0000   -0.0000    5.0724    0.5218    3.8720   -0.2668   -0.2783    1.0295    1.4038 
  11.8366 4289.0859   14.6500  -10.7688   54.8811    3.6450   29.4469   20.1994   -3.9438  -12.2073   -0.0000   -0.0000    5.0724    0.5218    3.8720   -0.1526   -0.2305    0.9338    0.0000 
  11.8791 4289.0435   13.5585   -9.0977   55.7013   20.4907   36.0387   28.6832   -3.9438  -12.2073   -0.0000   -0.0000    5.0724    0.5218    3.8720   -0.1536   -0.1846    0.9072    5.9204 
  11.9216 4289.0010   13.8035   -4.6747   57.4202   10.8472   45.6212   25.7536   -3.9438  -12.2073   -0.0000   -0.0000    5.0724    0.5218    3.8720   -0.0156   -0.2351    1.0251    0.0000 
  11.9641 4288.9585   13.0189   -2.2537   58.8004   42.1582   23.7706   33.0778   -3.9438  -12.2073   -0.0000   -0.0000    5.0724    0.5218    3.8720   -0.0601   -0.1536    1.0120   27.5879 
  12.0066 4288.9160   13.5299    0.3251   60.3315   59.0649   29.4469   34.7257   -3.9438  -12.2073   -0.0000   -0.0000    5.0724    0.5218    3.8720    0.0273   -0.1006    1.0220    0.0000 
  12.0491 4288.8735   13.8470    0.0582   62.4104   43.0127   -3.1459   58.4684   -3.9438  -12.2073   -0.0000   -0.0000    5.0724    0.5218    3.8720   -0.1284   -0.2097    1.1050   28.4424 
  12.0916 4288.8311   14.4618   -1.3944   64.0643   30.5615   15.1646   54.6232   -3.9438  -12.2073   -0.0000   -0.0000    5.0724    0.5218    3.8720   -0.1008   -0.3047    1.2676    0.0000 
  12.1341 4288.7881   14.6717   -1.4797   65.4360    8.5889  -13.6440   -1.5902   -3.9438  -12.2073   -0.0000   -0.0000    5.0724    0.5218    3.8720    0.0488   -0.2754    1.0903   -5.9814 
  12.1766 4288.7456   16.0365   -0.2110   65.6058    8.3447  -34.3349   27.0963   -3.9438  -12.2073   -0.0000   -0.0000    5.0724    0.5218    3.8720    0.1208   -0.5535    1.1768    0.0000 
  12.2191 4288.7031   17.7968   -2.5130   69.0995   -6.5479  -83.8344   96.8595   -3.9438  -12.2073   -0.0000   -0.0000    5.0724    0.5218    3.8720   -0.2390   -0.6365    1.1646  -21.1182 
  12.2616 4288.6606   19.8533   -4.2567   70.5487  -32.4878    2.7745  -29.9715   -3.9438  -12.2073   -0.0000   -0.0000    5.0724    0.5218    3.8720   -0.0564   -0.3982    0.7036    0.0000 
  12.3041 4288.6182   20.1127   -2.8009   70.3694  -11.1865   -6.4418   -0.0033   -3.9438  -12.2073   -0.0000   -0.0000    5.0724    0.5218    3.8720    0.0767   -0.3389    0.8811  -25.7568 
  12.3466 4288.5757   18.3272   -2.3127   72.3342  -40.1172  -11.6298   57.1867   -3.9438  -12.2073   -0.0000   -0.0000    5.0724    0.5218    3.8720   -0.0642   -0.3237    1.0264  -54.6875 
  12.3891 4288.5332   13.9092   -1.9160   74.0539  -55.1929    0.0279   18.9787   -3.9438  -12.2073   -0.0000   -0.0000    5.0724    0.5218    3.8720   -0.0417   -0.2156    1.0486  -69.7632 
  12.4316 4288.4907   10.9181   -4.3185   74.8716  -34.9902   -9.4936   18.9787   -3.9438  -12.2073   -0.0000   -0.0000    5.0724    0.5218    3.8720   -0.1460   -0.1519    0.8643    0.0000 
  12.4741 4288.4482    9.3028   -4.6859   75.0941  -29.8022   24.5030    0.4850   -3.9438  -12.2073   -0.0000   -0.0000    5.0724    0.5218    3.8720   -0.0708   -0.1521    0.9395  -44.3726 
  12.5166 4288.4058    8.9676   -1.9050   75.2611  -28.6426   39.2735   -5.6185   -3.9438  -12.2073   -0.0000   -0.0000    5.0724    0.5218    3.8720   -0.0095   -0.1555    1.0010    0.0000 
  12.5591 4288.3633    7.3778    0.4858   75.2214  -31.5723   32.7428   -8.1209   -3.9438  -12.2073   -0.0000   -0.0000    5.0724    0.5218    3.8720   -0.0452   -0.1465    1.0764  -46.1426 
  12.6016 4288.3208    7.3418    1.4807   74.5830  -21.3184   22.2447  -15.8114   -3.9438  -12.2073   -0.0000   -0.0000    5.0724    0.5218    3.8720    0.0366   -0.1543    1.1538    0.0000 
  12.6441 4288.2783    6.7670    2.2654   74.2116   -1.9702   -8.7001  -10.6844   -3.9438  -12.2073   -0.0000   -0.0000    5.0724    0.5218    3.8720    0.0771   -0.0745    1.0549  -16.5405 
  12.6866 4288.2358    7.3844    2.8679   73.4793  -28.0933   18.8267  -24.4784   -3.9438  -12.2073   -0.0000   -0.0000    5.0724    0.5218    3.8720   -0.0486   -0.3235    1.3684    0.0000 
  12.7291 4288.1934    8.6601    1.2120   72.1493    9.5654   -1.0097  -29.6053   -3.9438  -12.2073   -0.0000   -0.0000    5.0724    0.5218    3.8720   -0.2908   -0.3689    1.2607   -5.0049 
  12.7716 4288.1509    9.4939   -0.3235   68.6101   -8.6841   44.0953  -80.3866   -3.9438  -12.2073   -0.0000   -0.0000    5.0724    0.5218    3.8720   -0.0662   -0.1814    0.9253    0.0000 
  12.8141 4288.1084   11.7892   -0.0892   65.8050   25.0073    1.3707  -39.4930   -3.9438  -12.2073   -0.0000   -0.0000    5.0724    0.5218    3.8720   -0.0610   -0.2805    1.0798   10.4370 
  12.8566 4288.0659   14.0992   -0.6970   64.3644    3.0347   16.2022  -31.3753   -3.9438  -12.2073   -0.0000   -0.0000    5.0724    0.5218    3.8720    0.0366   -0.2810    1.0376    0.0000 
  12.8991 4288.0234   13.2444    2.8690   64.6894  -16.0083   32.9869   25.1432   -3.9438  -12.2073   -0.0000   -0.0000    5.0724    0.5218    3.8720    0.1267   -0.1543    0.9299  -30.5786 
  12.9416 4287.9810   10.6239    5.9574   66.3208  -23.0884   14.7984   15.6217   -3.9438  -12.2073   -0.0000   -0.0000    5.0724    0.5218    3.8720    0.0994   -0.0881    0.8572    0.0000 
  12.9841 4287.9385    8.7067    4.7311   65.4013   -3.0078   25.3575  -33.5726   -3.9438  -12.2073   -0.0000   -0.0000    5.0724    0.5218    3.8720    0.0427   -0.1277    0.9497  -17.5781 
  13.0266 4287.8960    6.9911    4.0515   64.2454   -6.4258   -7.6015   -1.7733   -3.9438  -12.2073   -0.0000   -0.0000    5.0724    0.5218    3.8720    0.0298   -0.0964    0.9780  -20.9961 
  13.0691 4287.8535    5.5073    2.7206   65.1635   -1.7871  -17.2450   28.1950   -3.9438  -12.2073   -0.0000   -0.0000    5.0724    0.5218    3.8720    0.0762   -0.1096    1.0493  -16.3574 
  13.1116 4287.8110    8.7138    3.3502   66.1597   67.3657   -2.4135   27.3405   -3.9438  -12.2073   -0.0000   -0.0000    5.0724    0.5218    3.8720    0.0959   -0.2573    1.1838    0.0000 
  13.1541 4287.7686   13.3941    4.7864   67.9350   35.0781  -30.2455   37.4113   -3.9438  -12.2073   -0.0000   -0.0000    5.0724    0.5218    3.8720    0.0535   -0.4883    1.2537   20.5078 
  13.1966 4287.7256   16.2452    1.2321   70.6331   55.5859  -85.7265   96.9816   -3.9438  -12.2073   -0.0000   -0.0000    5.0724    0.5218    3.8720   -0.1033   -0.5630    1.4453    0.0000 
  13.2391 4287.6831   20.0201    0.6699   73.5907   61.9946    3.9952   10.8610   -3.9438  -12.2073   -0.0000   -0.0000    5.0724    0.5218    3.8720    0.1653   -0.3191    0.8555   47.4243 
  13.2816 4287.6406   21.7697    3.5913   74.3696  -16.6797   -9.6156   -5.3133   -3.9438  -12.2073   -0.0000   -0.0000    5.0724    0.5218    3.8720    0.1619   -0.3916    0.8025    0.0000 
  13.3241 4287.5981   18.3086    2.4850   74.4897  -56.5967    3.2018   18.6124   -3.9438  -12.2073   -0.0000   -0.0000    5.0724    0.5218    3.8720   -0.0117   -0.3782    1.1843  -71.1670 
  13.3666 4287.5557   17.5907    0.5101   74.5611  -21.6846   -3.4511   30.1481   -3.9438  -12.2073   -0.0000   -0.0000    5.0724    0.5218    3.8720   -0.0405   -0.2969    1.0649    0.0000 
  13.4091 4287.5132   14.5659    0.3703   76.5341  -29.4360   26.2730   67.1964   -3.9438  -12.2073   -0.0000   -0.0000    5.0724    0.5218    3.8720   -0.0283   -0.1733    0.8972  -44.0063 
  13.4516 4287.4707   11.5712    0.4014   78.5641   -6.6089  -15.7191   30.4533   -3.9438  -12.2073   -0.0000   -0.0000    5.0724    0.5218    3.8720   -0.0281   -0.1152    0.8401    0.0000 
  13.4941 4287.4282    9.2445    1.4467   79.5853  -23.8818   10.8311   13.4855   -3.9438  -12.2073   -0.0000   -0.0000    5.0724    0.5218    3.8720    0.0771   -0.1406    0.9058  -38.4521 
  13.5366 4287.3857    8.5781    3.9396   80.1533    7.9175  -19.1371   -7.4496   -3.9438  -12.2073   -0.0000   -0.0000    5.0724    0.5218    3.8720    0.1406   -0.1624    1.0442    0.0000 
  13.5791 4287.3433    8.8236    5.5432   79.3871    5.2319  -12.7284  -29.9105   -3.9438  -12.2073   -0.0000   -0.0000    5.0724    0.5218    3.8720    0.1296   -0.1475    1.1863   -9.3384 
  13.6216 4287.3008    9.8560    3.7461   77.5667   20.4907   16.7516  -56.3998   -3.9438  -12.2073   -0.0000   -0.0000    5.0724    0.5218    3.8800    0.0273   -0.2544    1.1753    0.0000 
  13.6641 4287.2583   14.0293    2.6026   74.1331   74.2627   13.2726  -74.3441   -3.9438  -12.2073   -0.0000   -0.0000    5.0724    0.5218    3.8720   -0.0640   -0.3872    1.2258   59.6924 
  13.7066 4287.2158   17.6097    1.6055   73.2794   16.3403   25.0523   41.6837   -3.9438  -12.2073   -0.0000   -0.0000    5.0724    0.5218    3.8720   -0.0903   -0.4639    1.2961    1.7700 
  13.7491 4287.1733   17.9495   -1.0180   72.9817    1.7529  -26.4003  -38.8827   -3.9438  -12.2073   -0.0000   -0.0000    5.0724    0.5218    3.8720   -0.1140   -0.3120    1.0046  -12.8174 
  13.7916 4287.1309   18.2436   -3.6231   70.4147   11.6406   29.7520    1.9499   -3.9438  -12.2073   -0.0000   -0.0000    5.0724    0.5218    3.8720   -0.1165   -0.3230    0.9670    0.0000 
  13.8341 4287.0884   18.8188    0.1124   72.1147  -19.9756   41.5929   28.5612   -3.9438  -12.2073   -0.0000   -0.0000    5.0724    0.5218    3.8720    0.0850   -0.3745    1.0466  -34.5459 
  13.8766 4287.0459   18.7374    4.5812   73.8646  -19.6094   37.4425   24.8380   -3.9438  -12.2073   -0.0000   -0.0000    5.0724    0.5218    3.8800    0.1965   -0.3022    0.9600  -34.1797 
  13.9191 4287.0034   17.3261    5.6530   74.6663   32.0264  -42.6357   -2.5667   -3.9438  -12.2073   -0.0000   -0.0000    5.0724    0.5218    3.8800    0.0256   -0.1814    0.8818   17.4561 
  13.9616 4286.9609   16.6319    2.8550   74.3289    7.1851   -6.6249    9.2130   -3.9438  -12.2073   -0.0000   -0.0000    5.0724    0.5218    3.8800   -0.0222   -0.2727    0.9980    0.0000 
  14.0041 4286.9185   15.7310    0.0476   74.7179  -38.6523  -19.0761   30.8805   -3.9438  -12.2073   -0.0000   -0.0000    5.0724    0.5218    3.8720   -0.1770   -0.3103    1.1587  -53.2227 
  14.0466 4286.8760   15.0776   -1.6059   75.5495   16.6455   13.5777   30.4533   -3.9438  -12.2073   -0.0000   -0.0000    5.0724    0.5218    3.8720   -0.1223   -0.1938    0.9641    0.0000 
  14.0891 4286.8335   15.1789   -0.4923   76.6704  -14.5435  -11.1415   21.8473   -3.9438  -12.2073   -0.0000   -0.0000    5.0724    0.5218    3.8800    0.0044   -0.3308    1.1143  -29.1138 
  14.1316 4286.7910   14.3707    0.9389   78.4760   -3.7402  -24.8744   24.1666   -3.9438  -12.2073   -0.0000   -0.0000    5.0724    0.5218    3.8720    0.0056   -0.2456    1.0103    0.0000 
  14.1741 4286.7485   14.5784    2.4325   80.0138   22.0776  -35.3725   46.3834   -3.9438  -12.2073   -0.0000   -0.0000    5.0724    0.5218    3.8720    0.3679   -0.3845    1.2004    7.5073 
  14.2166 4286.7061   17.6050    0.3175   84.2761    4.4995  -93.1117   59.5060   -3.9438  -12.2073   -0.0000   -0.0000    5.0724    0.5218    3.8720   -0.0854   -0.6917    1.4331    0.0000 
  14.2591 4286.6631   20.2644    0.1998   86.4086   19.8804   26.4561   43.0875   -3.9438  -12.2073   -0.0000   -0.0000    5.0724    0.5218    3.8800    0.1140   -0.3308    0.6768    5.3101 
  14.3016 4286.6206   19.7839    2.7455   88.2956   37.4585   15.5309   26.7912   -3.9438  -12.2073   -0.0000   -0.0000    5.0724    0.5218    3.8800    0.0093   -0.3433    0.9990    0.0000 
  14.3441 4286.5781   23.0799    1.7970   89.9476   17.5000  -23.1654   59.0177   -3.9438  -12.2073   -0.0000   -0.0000    5.0724    0.5218    3.8800   -0.0083   -0.4846    1.1174    2.9297 
  14.3866 4286.5356   20.5308    0.5278   90.7658  -69.9023  -24.7523   -9.5858   -3.9438  -12.2073   -0.0000   -0.0000    5.0724    0.5218    3.8720    0.0151   -0.1675    1.0415    0.0000 
  14.4291 4286.4932   18.9998   -0.0612   89.6866   44.4165  -27.8041  -41.2020   -3.9438  -12.2073   -0.0000   -0.0000    5.0724    0.5218    3.8800    0.0417   -0.2339    0.9146   29.8462 
  14.4716 4286.4507   18.0113   -1.7783   88.1550  -75.9448  -12.9726   -3.2992   -3.9438  -12.2073   -0.0000   -0.0000    5.0724    0.5218    3.8800   -0.1335   -0.2825    0.8496    0.0000 
  14.5141 4286.4082   15.6155   -0.2919   90.1773  -72.2827    3.9952   62.9850   -3.9438  -12.2073   -0.0000   -0.0000    5.0724    0.5218    3.8800    0.1147   -0.2515    0.9531  -86.8530 
  14.5566 4286.3657   14.6166    1.8617   92.6042   47.5293    3.9952   33.1388   -3.9438  -12.2073   -0.0000   -0.0000    5.0724    0.5218    3.8800   -0.0298   -0.2966    1.0215    0.0000 
  14.5991 4286.3232   15.5572    1.6150   94.2074   27.3267  -11.8739   51.0832   -3.9438  -12.2073   -0.0000   -0.0000    5.0724    0.5218    3.8800   -0.0393   -0.2456    1.0464   12.7563 
  14.6416 4286.2808   15.9289    2.9875   96.5676  -18.6938  -18.7709    0.8512   -3.9438  -12.2073   -0.0000   -0.0000    5.0724    0.5218    3.8800   -0.0049   -0.3267    0.9912    0.0000 
  14.6841 4286.2383   15.1612   -0.6615   95.2242    0.3491   -0.0941   -8.6092   -3.9438  -12.2073   -0.0000   -0.0000    5.0724    0.5218    3.8800   -0.1082   -0.2979    1.1465  -14.2212 
  14.7266 4286.1958   14.7879   -0.7578   95.3373  -40.8496  -36.1659   10.3117   -3.9438  -12.2073   -0.0000   -0.0000    5.0724    0.5218    3.8800   -0.0752   -0.3435    1.1702    0.0000 
  14.7691 4286.1533   14.9225   -4.3912   95.3492  -32.7930  -48.3730  -10.8065   -3.9438  -12.2073   -0.0000   -0.0000    5.0724    0.5218    3.8800   -0.2109   -0.4128    1.2520  -47.3633 
  14.8116 4286.1108   14.1317   -6.9424   93.5797  -63.3105   32.6207  -36.2582   -3.9438  -12.2073   -0.0000   -0.0000    5.0724    0.5218    3.8800   -0.2590   -0.4241    1.0308    0.0000 
  14.8541 4286.0684   16.3457   -4.2262   92.5235   47.2241   -3.4511  -33.8778   -3.9438  -12.2073   -0.0000   -0.0000    5.0724    0.5218    3.8800   -0.0859   -0.3569    0.9614   32.6538 
  14.8966 4286.0259   18.8507   -7.2556   91.0508   17.6221  -31.4052   14.9503   -3.9438  -12.2073   -0.0000   -0.0000    5.0724    0.5218    3.8800   -0.1143   -0.3801    1.0977    0.0000 
  14.9391 4285.9834   19.2934   -5.0626   93.4813   20.6128  -10.4701   42.1110   -3.9438  -12.2073   -0.0000   -0.0000    5.0724    0.5218    3.8800    0.0427   -0.3042    0.9988    6.0425 
  14.9816 4285.9409   19.1836   -2.4605   96.2666   28.6084    2.7745   49.4962   -3.9438  -12.2073   -0.0000   -0.0000    5.0724    0.5218    3.8800   -0.0337   -0.2817    1.0469    0.0000 
  15.0241 4285.8984   18.6495   -2.4497   97.8281   21.5894  -18.1606   36.9230   -3.9438  -12.2073   -0.0000   -0.0000    5.0724    0.5218    3.8800   -0.0569   -0.2883    1.0483    7.0190 
  15.0666 4285.8560   19.3595   -5.1726   98.9955   18.5376  -45.9315   48.4586   -3.9438  -12.2073   -0.0000   -0.0000    5.0724    0.5218    3.8800   -0.1501   -0.2478    0.8225    0.0000 
  15.1091 4285.8135   20.1363  -10.3621   99.7676   21.8335  -93.5390   38.3268   -3.9438  -12.2073   -0.0000   -0.0000    5.0724    0.5218    3.8800   -0.1792   -0.3831    0.9919    7.2632 
  15.1516 4285.7710   22.7282  -11.7764  101.4762   72.1265  -82.8578   30.8805   -3.9438  -12.2073   -0.0000   -0.0000    5.0724    0.5218    3.8800   -0.2209   -0.3687    0.9487    0.0000 
  15.1941 4285.7285   23.8987  -15.1554  102.6714   32.6367  -61.7397   66.5861   -3.9438  -12.2073   -0.0000   -0.0000    5.0724    0.5218    3.8800   -0.2825   -0.3638    0.9043   18.0664 
  15.2366 4285.6860   23.3110  -15.6217  105.7246   10.9692  -38.9125   68.1120   -3.9438  -12.2073   -0.0000   -0.0000    5.0724    0.5218    3.8720   -0.2681   -0.4211    1.1179    0.0000 
  15.2791 4285.6436   22.8373  -14.9385  108.3514   21.0400  -37.3256   45.1017   -3.9438  -12.2073   -0.0000   -0.0000    5.0724    0.5218    3.8800   -0.1326   -0.4353    1.0168    6.4697 
  15.3216 4285.6006   23.9860  -15.0176  110.8182    8.5889  -40.9877   54.8673   -3.9438  -12.2073   -0.0000   -0.0000    5.0724    0.5218    3.8720   -0.2642   -0.5024    1.0156    0.0000 
  15.3641 4285.5581   25.6953  -16.7466  112.7021  -30.1685  -28.7196   43.2707   -3.9438  -12.2073   -0.0000   -0.0000    5.0724    0.5218    3.8800   -0.3564   -0.5498    1.0208  -44.7388 
  15.4066 4285.5156   26.8633  -16.9050  114.8771    2.1802  -24.0199   38.9982   -3.9438  -12.2073   -0.0000   -0.0000    5.0724    0.5218    3.8720   -0.1826   -0.3936    0.7058    0.0000 
  15.4491 4285.4731   28.7162  -17.0529  116.4960   -1.9092  -23.2265   33.1999   -3.9438  -12.2073   -0.0000   -0.0000    5.0724    0.5218    3.8800   -0.2571   -0.5007    0.8274  -16.4795 
  15.4916 4285.4307   30.5389  -18.0590  118.1189   -2.3975  -46.9081   42.1110   -3.9438  -12.2073   -0.0000   -0.0000    5.0724    0.5218    3.8800   -0.4529   -0.6055    0.8438    0.0000 
