   0.0016 4291.0117   -0.1005   -0.1008  179.9997    0.3075    0.1830   -0.1432    0.0000    0.0000    0.0000    0.0000    0.0000    0.0000    3.9520   -0.0110    0.0110    1.0825    0.0000 
   0.0441 4290.9692   -0.0977   -0.4230  180.0023   -0.1198   -0.1832    0.1620    0.0000    0.0000    0.0000    0.0000    0.0000    0.0000    3.9520   -0.0081   -0.0032    1.0837  -14.8315 
   0.0866 4290.9268   -0.1353   -0.4210  179.9986   -0.4250   -0.1832   -0.0822    0.0000    0.0000    0.0000    0.0000    0.0000    0.0000    3.9520   -0.0154    0.0024    1.0747    0.0000 
   0.1291 4290.8843   -0.1314   -0.6732  180.0047   -0.1198    0.1830    0.3451    0.0000    0.0000    0.0000    0.0000    0.0000    0.0000    3.9520   -0.0129    0.0054    1.0742  -14.8315 
   0.1716 4290.8418   -0.1733   -0.6170  179.9922    0.5516   -0.2442   -0.2042    0.0000    0.0000    0.0000    0.0000    0.0000    0.0000    3.9520   -0.0139    0.0022    1.0845    0.0000 
   0.2141 4290.7993   -0.2215   -0.3373  179.9967   -0.2418    0.1830    0.4672    0.0000    0.0000    0.0000    0.0000    0.0000    0.0000    3.9520   -0.0049    0.0054    1.0815  -14.9536 
   0.2566 4290.7568   -0.0800   -0.6995  179.9974    0.1244    0.1220   -0.0822    0.0000    0.0000    0.0000    0.0000    0.0000    0.0000    3.9520   -0.0110    0.0046    1.0818    0.0000 
   0.2991 4290.7144   -0.0673   -0.6083  179.9871    0.1244   -0.0001   -0.1432    0.0000    0.0000    0.0000    0.0000    0.0000    0.0000    3.9520   -0.0042    0.0022    1.0835  -14.5874 
   0.3416 4290.6719   -0.0818   -0.3182  179.9859    0.0633    0.0610   -0.1432    0.0000    0.0000    0.0000    0.0000    0.0000    0.0000    3.9520   -0.0068    0.0010    1.0898    0.0000 
   0.3841 4290.6294   -0.1879   -0.2660  179.9833    0.0023   -0.0611   -0.2653    0.0000    0.0000    0.0000    0.0000    0.0000    0.0000    3.9520   -0.0037    0.0051    1.0833  -14.7095 
   0.4266 4290.5869   -0.0417   -0.3921  179.9876   -0.3639   -0.0001    0.2840    0.0000    0.0000    0.0000    0.0000    0.0000    0.0000    3.9520   -0.0005    0.0149    1.0815  -15.0757 
   0.4691 4290.5439    0.2833   -0.2997  179.9891    0.3075    0.0610    0.1009    0.0000    0.0000    0.0000    0.0000    0.0000    0.0000    3.9520   -0.0054   -0.0054    1.0735  -14.4043 
   0.5116 4290.5015   -0.2791   -0.4965  179.9916   -0.1198    0.0610    0.2230    0.0000    0.0000    0.0000    0.0000    0.0000    0.0000    3.9520   -0.0090    0.0051    1.0764    0.0000 
   0.5541 4290.4590   -0.2534   -0.2696  179.9910    0.0023    0.1220   -0.0822    0.0000    0.0000    0.0000    0.0000    0.0000    0.0000    3.9520   -0.0090    0.0022    1.0881  -14.7095 
   0.5966 4290.4165    0.1496   -0.5432  179.9904    0.3685    0.3661    0.3451    0.0000    0.0000    0.0000    0.0000    0.0000    0.0000    3.9520   -0.0078   -0.0071    1.0886    0.0000 
   0.6391 4290.3740    0.1078   -0.5361  179.9915    0.3685   -0.4884   -0.0822    0.0000    0.0000    0.0000    0.0000    0.0000    0.0000    3.9520   -0.0078   -0.0076    1.0850  -14.3433 
   0.6816 4290.3315   -0.1082   -0.3908  179.9892   -0.0587   -0.2442   -0.2042    0.0000    0.0000    0.0000    0.0000    0.0000    0.0000    3.9520   -0.0090    0.0020    1.0854    0.0000 
   0.7241 4290.2891   -0.4016   -0.5800  179.9859    0.2464    0.1220   -0.0822    0.0000    0.0000    0.0000    0.0000    0.0000    0.0000    3.9520   -0.0032    0.0098    1.0762  -14.4653 
   0.7666 4290.2466    0.0175   -0.7136  179.9937   -0.4860    0.1220    0.2230    0.0000    0.0000    0.0000    0.0000    0.0000    0.0000    3.9520   -0.0088   -0.0068    1.0801    0.0000 
   0.8091 4290.2041   -0.2276   -0.3567  179.9855   -0.1808    0.1830   -0.0822    0.0000    0.0000    0.0000    0.0000    0.0000    0.0000    3.9520   -0.0076    0.0034    1.0833  -14.8926 
   0.8516 4290.1616    0.1342   -0.6821  179.9981    0.1244    0.1220    0.7723    0.0000    0.0000    0.0000    0.0000    0.0000    0.0000    3.9520   -0.0056   -0.0056    1.0840    0.0000 
   0.8941 4290.1191    0.0295   -0.7862  180.0101   -0.4250   -0.0611    0.4061    0.0000    0.0000    0.0000    0.0000    0.0000    0.0000    3.9520   -0.0156   -0.0005    1.0879  -15.1367 
   0.9366 4290.0767   -0.0165   -0.4896  180.0080    0.1244    0.0610   -0.3873    0.0000    0.0000    0.0000    0.0000    0.0000    0.0000    3.9520   -0.0186   -0.0044    1.0815    0.0000 
   0.9791 4290.0342    0.0574   -0.8292  180.0148    0.1244    0.1220    0.1009    0.0000    0.0000    0.0000    0.0000    0.0000    0.0000    3.9520   -0.0151   -0.0085    1.0862  -14.5874 
   1.0216 4289.9917   -0.1708   -0.2370  180.0198   -0.5470   -0.0611    0.4672    0.0000    0.0000    0.0000    0.0000    0.0000    0.0000    3.9520   -0.0015    0.0051    1.0811    0.0000 
   1.0641 4289.9492   -0.0648   -0.5343  180.0227   -0.5470    0.2441   -0.4484    0.0000    0.0000    0.0000    0.0000    0.0000    0.0000    3.9520   -0.0100    0.0015    1.0837  -15.2588 
   1.1066 4289.9067   -0.2580   -0.3881  180.0286    0.1244    0.3051    0.2230    0.0000    0.0000    0.0000    0.0000    0.0000    0.0000    3.9520   -0.0139    0.0073    1.0833    0.0000 
   1.1491 4289.8643   -0.1675   -0.6963  180.0270   -0.0587    0.1220   -0.1432    0.0000    0.0000    0.0000    0.0000    0.0000    0.0000    3.9520   -0.0137    0.0054    1.0869  -14.7705 
   1.1916 4289.8218   -0.3665   -0.2236  180.0202    0.1854   -0.1832    0.0399    0.0000    0.0000    0.0000    0.0000    0.0000    0.0000    3.9520   -0.0054    0.0054    1.0808    0.0000 
   1.2341 4289.7793    0.1140   -0.3171  180.0271   -0.0587   -0.2442    0.0399    0.0000    0.0000    0.0000    0.0000    0.0000    0.0000    3.9520   -0.0059   -0.0015    1.0825  -14.7705 
   1.2766 4289.7368   -0.3311   -0.4916  180.0262    0.9789    0.1830   -0.0822    0.0000    0.0000    0.0000    0.0000    0.0000    0.0000    3.9520   -0.0098    0.0112    1.0850    0.0000 
   1.3191 4289.6943   -0.3143   -0.5853  180.0175   -0.5470   -0.0611   -0.2042    0.0000    0.0000    0.0000    0.0000    0.0000    0.0000    3.9520   -0.0178    0.0012    1.0820  -15.2588 
   1.3616 4289.6519   -0.2136   -0.3359  180.0182    0.1244    0.0610    0.3451    0.0000    0.0000    0.0000    0.0000    0.0000    0.0000    3.9520   -0.0063    0.0042    1.0823    0.0000 
   1.4041 4289.6094   -0.2191   -0.7876  180.0231   -0.4250   -0.0001    0.2230    0.0000    0.0000    0.0000    0.0000    0.0000    0.0000    3.9520   -0.0142    0.0044    1.0811  -15.1367 
   1.4466 4289.5669   -0.0804   -0.4067  180.0254   -0.4860   -0.0611   -0.0822    0.0000    0.0000    0.0000    0.0000    0.0000    0.0000    3.9520   -0.0022   -0.0037    1.0850    0.0000 
   1.4891 4289.5244   -0.1870   -0.8819  180.0203    0.3685   -0.0001    0.2230    0.0000    0.0000    0.0000    0.0000    0.0000    0.0000    3.9520   -0.0151    0.0034    1.0833  -14.3433 
   1.5316 4289.4814   -0.1890   -0.2437  180.0184   -0.1808    0.2441    0.6503    0.0000    0.0000    0.0000    0.0000    0.0000    0.0000    3.9520    0.0061    0.0100    1.0706    0.0000 
   1.5741 4289.4390   -0.2627   -0.4636  180.0249   -0.0587    0.3661    0.4061    0.0000    0.0000    0.0000    0.0000    0.0000    0.0000    3.9520   -0.0061    0.0073    1.0779  -14.7705 
   1.6166 4289.3965    0.2774   -0.5934  180.0346    0.1854    0.1220   -0.1432    0.0000    0.0000    0.0000    0.0000    0.0000    0.0000    3.9520   -0.0100   -0.0054    1.0840    0.0000 
   1.6591 4289.3540   -0.2466   -0.0913  180.0372   -0.3639   -0.0611    0.1009    0.0000    0.0000    0.0000    0.0000    0.0000    0.0000    3.9520   -0.0164    0.0005    1.0850  -15.0757 
   1.7016 4289.3115   -0.1804   -0.6926  180.0307   -0.6691    0.0610    0.1620    0.0000    0.0000    0.0000    0.0000    0.0000    0.0000    3.9520   -0.0120    0.0039    1.0869    0.0000 
   1.7441 4289.2690   -0.2855   -0.5096  180.0274    0.3685    0.1830   -0.2653    0.0000    0.0000    0.0000    0.0000    0.0000    0.0000    3.9520   -0.0212    0.0093    1.0854  -14.3433 
   1.7866 4289.2266   -0.2636   -0.7754  180.0348    0.3075    0.3051   -0.0211    0.0000    0.0000    0.0000    0.0000    0.0000    0.0000    3.9520   -0.0166    0.0063    1.0845    0.0000 
   1.8291 4289.1841    0.5212   -0.3655  180.0360   -0.3029    0.1830    0.1620    0.0000    0.0000    0.0000    0.0000    0.0000    0.0000    3.9520   -0.0073   -0.0085    1.0774  -15.0146 
   1.8716 4289.1416   -0.2228   -0.2835  180.0305    0.1854    0.3051   -0.1432    0.0000    0.0000    0.0000    0.0000    0.0000    0.0000    3.9520   -0.0054    0.0020    1.0828    0.0000 
   1.9141 4289.0991   -0.2652   -0.5489  180.0332    0.0633    0.0610    0.1620    0.0000    0.0000    0.0000    0.0000    0.0000    0.0000    3.9520   -0.0068   -0.0010    1.0791  -14.6484 
   1.9566 4289.0566    0.0487   -0.8265  180.0298    0.0633   -0.0611    0.0399    0.0000    0.0000    0.0000    0.0000    0.0000    0.0000    3.9520   -0.0198   -0.0027    1.0911    0.0000 
   1.9991 4289.0142   -0.0337   -0.3452  180.0338   -0.3029    0.1830    0.1620    0.0000    0.0000    0.0000    0.0000    0.0000    0.0000    3.9440   -0.0154    0.0029    1.0820  -15.0146 
   2.0416 4288.9717   -0.0989   -0.5374  180.0310   -0.0587    0.1830    0.3451    0.0000    0.0000    0.0000    0.0000    0.0000    0.0000    3.9520   -0.0056    0.0002    1.0696    0.0000 
   2.0841 4288.9292    0.1181   -0.5559  180.0392   -0.7301   -0.0611    0.4061    0.0000    0.0000    0.0000    0.0000    0.0000    0.0000    3.9520   -0.0103   -0.0022    1.0969  -15.4419 
   2.1266 4288.8867   -0.2833   -0.5765  180.0348   -0.6081    0.0610    0.1620    0.0000    0.0000    0.0000    0.0000    0.0000    0.0000    3.9520   -0.0120    0.0044    1.0842    0.0000 
   2.1691 4288.8442   -0.2071   -0.6540  180.0387    0.0633    0.0610    0.0399    0.0000    0.0000    0.0000    0.0000    0.0000    0.0000    3.9520   -0.0117    0.0037    1.0789  -14.6484 
   2.2116 4288.8018   -0.2411   -0.6307  180.0414   -0.8522   -0.1221    0.0399    0.0000    0.0000    0.0000    0.0000    0.0000    0.0000    3.9520   -0.0168    0.0095    1.0845    0.0000 
   2.2541 4288.7593    0.0115   -0.7336  180.0477   -0.3639    0.0610    0.0399    0.0000    0.0000    0.0000    0.0000    0.0000    0.0000    3.9520   -0.0161   -0.0061    1.0874  -15.0757 
   2.2966 4288.7168   -0.1843   -0.5075  180.0463    0.4906    0.4272    0.1620    0.0000    0.0000    0.0000    0.0000    0.0000    0.0000    3.9520   -0.0195    0.0020    1.0825    0.0000 
   2.3391 4288.6743    0.0886   -0.5550  180.0474   -0.8522   -0.0611   -0.0211    0.0000    0.0000    0.0000    0.0000    0.0000    0.0000    3.9520   -0.0078   -0.0049    1.0857  -15.5640 
   2.3816 4288.6318    0.0912   -0.3186  180.0442    0.2464   -0.0001    0.1009    0.0000    0.0000    0.0000    0.0000    0.0000    0.0000    3.9520    0.0015   -0.0046    1.0869    0.0000 
   2.4241 4288.5894   -0.4560   -0.5843  180.0390    0.3075    0.3661   -0.2042    0.0000    0.0000    0.0000    0.0000    0.0000    0.0000    3.9520   -0.0083    0.0110    1.0801  -14.4043 
   2.4666 4288.5469    0.1068   -0.8688  180.0372   -0.1808    0.2441   -0.0822    0.0000    0.0000    0.0000    0.0000    0.0000    0.0000    3.9520   -0.0168   -0.0027    1.0828    0.0000 
   2.5091 4288.5044   -0.1881   -0.3258  180.0452   -0.6081    0.0610    0.1620    0.0000    0.0000    0.0000    0.0000    0.0000    0.0000    3.9520   -0.0046    0.0066    1.0754  -15.3198 
   2.5516 4288.4619    0.3654   -0.9494  180.0527   -0.3639   -0.1221    0.1620    0.0000    0.0000    0.0000    0.0000    0.0000    0.0000    3.9520   -0.0195   -0.0076    1.0852    0.0000 
   2.5941 4288.4189   -0.1478   -0.3422  180.0620   -0.4250   -0.0611    0.4672    0.0000    0.0000    0.0000    0.0000    0.0000    0.0000    3.9520   -0.0115    0.0037    1.0781  -15.1367 
   2.6366 4288.3765   -0.1294   -0.7617  180.0758   -0.9743   -0.0611    0.4061    0.0000    0.0000    0.0000    0.0000    0.0000    0.0000    3.9520   -0.0149   -0.0002    1.0854    0.0000 
   2.6791 4288.3340   -0.2155   -0.9699  180.0733   -0.5470    0.2441   -0.3263    0.0000    0.0000    0.0000    0.0000    0.0000    0.0000    3.9440   -0.0176    0.0034    1.0833  -15.2588 
   2.7216 4288.2915    0.0253   -0.6071  180.0717    0.1854    0.1830   -0.1432    0.0000    0.0000    0.0000    0.0000    0.0000    0.0000    3.9520   -0.0110   -0.0012    1.0845    0.0000 
   2.7641 4288.2490   -0.3613   -0.6849  180.0746    0.1244    0.0610   -0.1432    0.0000    0.0000    0.0000    0.0000    0.0000    0.0000    3.9440   -0.0154    0.0093    1.0740  -14.5874 
   2.8066 4288.2065   -0.1538   -0.4466  180.0868   -0.2418    0.1220    0.1009    0.0000    0.0000    0.0000    0.0000    0.0000    0.0000    3.9520   -0.0132    0.0000    1.0803    0.0000 
   2.8491 4288.1641   -0.1593   -0.7447  180.0932   -0.4860   -0.1221    0.1009    0.0000    0.0000    0.0000    0.0000    0.0000    0.0000    3.9520   -0.0134    0.0020    1.0811  -15.1978 
   2.8916 4288.1216    0.1476   -0.4276  180.0968   -0.1808    0.1220   -0.0211    0.0000    0.0000    0.0000    0.0000    0.0000    0.0000    3.9520   -0.0093   -0.0044    1.0854    0.0000 
   2.9341 4288.0791   -0.1191   -0.7448  180.0986    0.1244    0.2441   -0.0822    0.0000    0.0000    0.0000    0.0000    0.0000    0.0000    3.9520   -0.0278    0.0000    1.0796  -14.5874 
   2.9766 4288.0366    0.0126   -0.3995  180.1029   -0.2418    0.3051    0.3451    0.0000    0.0000    0.0000    0.0000    0.0000    0.0000    3.9520    0.0005    0.0032    1.0808    0.0000 
   3.0191 4287.9941   -0.0199   -0.7453  180.1033   -0.1808    0.3661   -0.0822    0.0000    0.0000    0.0000    0.0000    0.0000    0.0000    3.9520   -0.0132   -0.0005    1.0886  -14.8926 
   3.0616 4287.9517   -0.2871   -0.5213  180.0995    0.1854    0.3661   -0.0822    0.0000    0.0000    0.0000    0.0000    0.0000    0.0000    3.9520   -0.0112    0.0078    1.0747    0.0000 
   3.1041 4287.9092   -0.2340   -0.4585  180.1015    0.0633    0.0610    0.1009    0.0000    0.0000    0.0000    0.0000    0.0000    0.0000    3.9520   -0.0107    0.0056    1.0862  -14.6484 
   3.1466 4287.8667   -0.2238   -0.2473  180.1038   -0.8522    0.1220    0.0399    0.0000    0.0000    0.0000    0.0000    0.0000    0.0000    3.9440   -0.0056    0.0032    1.0874    0.0000 
   3.1891 4287.8242   -0.1880   -0.3802  180.1089   -0.7912   -0.0611    0.1009    0.0000    0.0000    0.0000    0.0000    0.0000    0.0000    3.9520   -0.0117   -0.0020    1.0869  -15.5029 
   3.2316 4287.7817    0.1732   -0.7137  180.1202   -0.3639   -0.2442    0.2230    0.0000    0.0000    0.0000    0.0000    0.0000    0.0000    3.9440   -0.0134   -0.0034    1.0725    0.0000 
   3.2741 4287.7393    0.1477   -0.6267  180.1232    0.0023    0.1220    0.2840    0.0000    0.0000    0.0000    0.0000    0.0000    0.0000    3.9520   -0.0085   -0.0039    1.0845  -14.7095 
   3.3166 4287.6968   -0.0512   -0.5868  180.1304   -0.2418   -0.1221    0.5282    0.0000    0.0000    0.0000    0.0000    0.0000    0.0000    3.9520   -0.0115    0.0037    1.0796    0.0000 
   3.3591 4287.6543   -0.2290   -0.5084  180.1281    0.3685    0.3661   -0.0822    0.0000    0.0000    0.0000    0.0000    0.0000    0.0000    3.9520   -0.0122    0.0024    1.0808  -14.3433 
   3.4016 4287.6118   -0.1511   -0.5697  180.1367    0.1854    0.1220   -0.0822    0.0000    0.0000    0.0000    0.0000    0.0000    0.0000    3.9520   -0.0110    0.0027    1.0806    0.0000 
   3.4441 4287.5693   -0.2037   -0.6450  180.1455   -0.8522   -0.2442    0.4061    0.0000    0.0000    0.0000    0.0000    0.0000    0.0000    3.9520   -0.0134    0.0037    1.0786  -15.5640 
   3.4866 4287.5269   -0.1804   -0.3726  180.1501   -0.6081   -0.1221    0.2230    0.0000    0.0000    0.0000    0.0000    0.0000    0.0000    3.9520   -0.0061    0.0027    1.0845    0.0000 
   3.6041    0.0011    0.0236    0.0206  180.1655   -0.7912   -0.1221    0.4061    0.5304    0.7080    0.0000    0.0000    0.0000    0.1256    3.9520   -0.0122    0.0000    1.0737   -0.0071 
   3.6466    0.0010    0.4020   -0.2474  180.1691    0.2464    0.6103   -0.2653    3.8970    4.3377    0.0000    0.0000   -8.7358    0.2854    3.7600   -0.0154   -0.0093    1.0718   -0.1478 
   3.6891    0.0010    0.3876    0.5405  180.1722    0.7958   -1.8311   -1.6691    5.8545    4.4009    0.0000    0.0000   -9.2994    0.2200    3.8560    0.0120   -0.0059    1.0889   -0.1332 
   3.7316    0.0014    0.0000    0.0000  180.1404    0.2464   -8.4840   -1.1198    5.3173    4.7494    0.0000    0.0000    0.0000    0.0000    3.9440   -0.0667    0.0000    1.0876  -14.4653 
   3.7741    0.0009    0.0000    0.0000  180.2437   -7.9323   -7.8126    4.0072    5.3173    4.7494    0.0000    0.0000    0.0000    0.0000    3.9520   -0.0710    0.1152    0.9592  -22.6440 
   3.8166    0.0009    0.0000    0.0000  180.2930   -7.7492   -0.5494   -0.8756    5.3173    4.7494    0.0000    0.0000    0.0000    0.0000    3.9440    0.0000   -0.0642    1.1396  -22.4609 
   3.8591    0.0009    0.0000    0.0000  180.3043    1.4061   -3.7843   -0.9977    5.3173    4.7494    0.0000    0.0000    0.0000    0.0000    3.9520   -0.0723    0.0007    1.0701  -13.3057 
   3.9016    0.0014    0.0000    0.0000  180.2891   -0.5470   -1.0377    1.1996    5.3173    4.7494    0.0000    0.0000    0.0000    0.0000    3.9520   -0.0210    0.0251    1.0930  -15.2588 
   3.9441    0.0009    0.0000    0.0000  180.3004   -0.8522   -3.4180   -0.4484    5.3173    4.7494    0.0000    0.0000    0.0000    0.0000    3.9520   -0.0295    0.0037    1.0874  -15.5640 
   3.9866    0.0009    0.0000    0.0000  180.2984   -0.8522    1.0375   -1.6080    5.3173    4.7494    0.0000    0.0000    0.0000    0.0000    3.9520   -0.0176    0.0410    1.0891  -15.5640 
   4.0291    0.0009    0.0000    0.0000  180.2997   -0.6081   -4.0284   -1.3029    5.3173    4.7494    0.0000    0.0000    0.0000    0.0000    3.9520   -0.0371   -0.0095    1.0825  -15.3198 
   4.0716    0.0014    0.0000    0.0000  180.3136   -0.6691    4.0282   -0.1432    5.3173    4.7494    0.0000    0.0000    0.0000    0.0000    3.9520    0.0059    0.0295    1.0911  -15.3809 
   4.1141    0.0009    0.0000    0.0000  180.3188   -0.1198   -2.8687   -0.0822    5.3173    4.7494    0.0000    0.0000    0.0000    0.0000    3.9520   -0.0100    0.0066    1.0796  -14.8315 
   4.1566    0.0009    0.0000    0.0000  180.3204   -0.0587    0.8544   -0.0822    5.3173    4.7494    0.0000    0.0000    0.0000    0.0000    3.9520   -0.0503    0.0078    1.0854  -14.7705 
   4.1991    0.0009    0.0000    0.0000  180.3237   -1.0963    7.2021    0.1620    5.3173    4.7494    0.0000    0.0000    0.0000    0.0000    3.9520    0.0046   -0.0093    1.1018  -15.8081 
   4.2416    0.0014    0.0000    0.0000  180.3293   -0.7301    8.1786    0.2230    5.3173    4.7494    0.0000    0.0000    0.0000    0.0000    3.9520    0.0017   -0.0061    1.0950  -15.4419 
   4.2841    0.0009    0.0000    0.0000  180.3330   -0.3029    2.8686    0.1620    5.3173    4.7494    0.0000    0.0000    0.0000    0.0000    3.9520    0.0212    0.0085    1.0786  -15.0146 
   4.3266    0.0009    0.0000    0.0000  180.3416    0.4906   -2.7467    0.5892    5.3173    4.7494    0.0000    0.0000    0.0000    0.0620    3.9520   -0.0500    0.0137    1.0684  -14.2212 
   4.3691    0.0009    0.0000    0.0000  180.3441   -0.2418   -0.3053    0.2230    5.3173    4.7494    0.0000    0.0000    0.0000    0.0915    3.9520   -0.0212   -0.0012    1.0757  -14.9536 
   4.4116    0.0015   -0.0253   -0.3392  180.3421   -0.3029    1.0986    0.3451    1.2170    0.9688    0.0000    0.0000    0.2818    0.1256    3.9120   -0.0078    0.0015    1.0784   -0.0011 
   4.4541    0.0010   -0.2765   -1.0772  180.3521   -1.0963   -0.0611    0.0399    1.8554    3.3206    0.0000    0.0000    0.5636    0.1367    3.9040   -0.0264    0.0078    1.0901    0.0091 
   4.4966    0.0010   -0.2245   -0.8068  180.3478   -0.3639   -4.6998    0.3451    3.0091    5.0277    0.0000    0.0000    0.5636    0.2051    3.8560   -0.0210    0.0085    1.0803    0.0038 
   4.5391    0.0010   -0.0469   -0.7124  180.3391    0.1244    2.2582   -0.5704    4.5213    3.6792    0.0000    0.0000    1.1272    0.2536    3.8240    0.0044    0.0046    1.0886    0.0296 
   4.5816    0.0015   -0.3717   -0.2174  180.3707    1.2230    3.2348    5.9603    6.5223    4.0501    0.0000    0.0000    1.6908    0.2720    3.8240    0.0752   -0.0979    1.1260   -0.0745 
   4.6241    0.0011   -0.0292    0.4301  180.5829    0.4906    0.3051    1.2606    6.7851    3.1711    0.0000    0.0000    1.6908    0.2898    3.8160   -0.0505   -0.1338    1.0740    0.0075 
   4.6666    0.0010   -0.2350    0.1665  180.7090   -0.3639   -0.6104    6.0214    5.0513    3.1795    0.0000    0.0000    1.9726    0.2942    3.8160    0.0056    0.4187    1.0688   -0.0707 
   4.7091    0.0010   -0.1846   -0.2647  180.8102   -3.5377    0.9765    2.3592    3.2434    3.3367    0.0000    0.0000    1.6908    0.2942    3.8160   -0.0959    0.1460    1.0808   -0.0117 
   4.7516    0.0015    0.5876    0.2816  180.8080    3.6644   -3.3570    1.5658    3.0348    3.2424    0.0000    0.0000    1.6908    0.2942    3.8160   -0.1956    0.8040    1.1118    0.0022 
   4.7941    0.0010    1.9434    0.1632  181.0891   -8.2375    8.3007    9.0121    3.9220    3.6697    0.0000    0.0000    1.9726    0.3072    3.8080    0.1997   -0.1335    0.3474   -0.1229 
   4.8366    0.0010   -0.2443    1.1151  181.4640    9.2796  -21.5455    8.4017    2.0256    3.2774    0.0000    0.0000    1.6908    0.3114    3.8000    0.0527    0.6670    1.3054   -0.1171 
   4.8791    0.0010   -0.6370    2.1790  181.7999   41.2621   -0.8546    8.9510    2.0630    2.8511    0.0000    0.0000    1.6908    0.3199    3.8000    0.4568   -0.3491    1.6660   -0.1267 
   4.9216    0.0015    1.5386    3.7246  181.9838    7.1434   15.4418    0.8334   -0.5174    2.8453   -0.0000   -0.0000    1.9726    0.3240    3.7920    0.0662   -1.2839    1.2498    0.0199 
   4.9641    0.0010    3.9404    2.9982  182.1934   11.2328  -16.9068    7.6693   -0.5460    3.3258   -0.0000    0.0000    1.9726    0.3561    3.7680   -0.1196   -0.3474    0.7859   -0.0994 
   5.0066    0.0010    5.4774    4.2157  182.6164   -2.1339   18.4936    4.7396   -0.0482    4.5009   -0.0000    0.0000    1.9726    0.3676    3.7680    0.3047   -0.4480    1.1584   -0.0483 
   5.0491    0.0010    4.6193    4.2416  182.6912   13.7962  -28.9307    4.3734   -0.9091    3.7770   -0.0000   -0.0000    2.2544    0.3899    3.7440    0.0662   -0.6448    1.7466   -0.0370 
   5.0916    0.0015    5.2254    3.5273  182.8929   35.1585   -2.3194    1.8710   -1.9186    3.0255   -0.0000   -0.0000    2.2544    0.4006    3.7360   -0.2373    0.0742    2.2000    0.0067 
   5.1341    0.0010    4.9269    4.0778  182.7389    3.7865   39.6117    1.7489   -1.0828    2.3180   -0.0000   -0.0000    2.5362    0.4006    3.7280   -0.0559   -0.3438    2.0945    0.0137 
   5.1766    0.0010    4.2827    3.3654  182.9083   21.2425  -39.3067    0.2840    1.1717    3.4631   -0.0000    0.0000    2.5362    0.4144    3.7280    0.8210    0.0876    0.4028    0.0393 
   5.2191    0.0010    4.1869    2.5069  182.7831   13.9793   13.1225    7.6083   -0.7419    3.2610   -0.0000    0.0000    2.5362    0.4178    3.7200   -0.0061    1.0354    0.6895   -0.0885 
   5.2616    0.0015    3.9013    3.3652  182.9326  -11.1061   21.5453    2.3592   -1.2648    3.5454   -0.0000    0.0000    2.5362    0.4212    3.7120    0.4729   -0.6309    1.0688    0.0031 
   5.3041    0.0010    4.4727    2.5178  183.0857   30.3368  -24.9024    0.3451   -2.7594    3.5689   -0.0000    0.0000    2.5362    0.4278    3.7200   -0.1555   -1.0811    1.6685    0.0382 
   5.3466    0.0010    3.7009    2.8195  183.0491  -11.2892   33.7524    4.1903   -2.5107    3.7467   -0.0000    0.0000    2.5362    0.4343    3.7120   -0.1865    0.6162    1.5537   -0.0289 
   5.3891    0.0010    3.7565    3.3649  183.1561    3.1761  -36.3160   -0.4484   -4.7914    4.0704   -0.0000    0.0000    2.5362    0.4376    3.7040   -0.2629    0.3074    1.1826    0.0521 
   5.4316    0.0015    3.9169    1.6700  183.0444  -17.9420   -4.5777   -2.4015   -4.1160    3.7219   -0.0000    0.0000    2.5362    0.4502    3.6960    0.0701    0.1980    1.2097    0.0862 
   5.4741    0.0010    4.1780    2.8104  183.1282    9.8900   38.4521    1.5658   -3.7831    3.2852   -0.0000    0.0000    2.5362    0.4533    3.6880   -0.4197    1.5000    1.0010    0.0169 
   5.5166    0.0011    4.2340    2.4806  183.3690  -12.2047  -62.0118    5.5941   -2.8169    3.2473   -0.0000    0.0000    2.5362    0.4741    3.6720    0.2725   -0.9158    1.0911   -0.0534 
   5.5591    0.0010    4.3184    2.4094  183.4692  -11.5333   60.7909   -1.0587   -3.4330    3.9567   -0.0000    0.0000    2.5362    0.4798    3.6560    0.0469    0.3694    1.8115    0.0627 
   5.6016    0.0015    4.0056    3.8924  183.5902    3.6644   -7.5074    3.7020   -2.9093    3.6306   -0.0000   -0.0000    2.8180    0.4798    3.6720   -0.1345   -0.1106    0.4028   -0.0154 
   5.6441    0.0010    3.6810    1.7110  183.6758   -2.6833  -47.1192    2.0541   -1.4260    3.9417   -0.0000    0.0000    2.8180    0.4798    3.6560    0.6040   -1.0461    1.0237    0.0133 
   5.6866    0.0010    3.2409    1.7406  183.6872  -15.9889   60.6078   -1.0587   -2.9272    3.7983   -0.0000    0.0000    2.8180    0.4798    3.6560    0.6191   -0.1218    0.4114    0.0677 
   5.7291    0.0010    2.7091    3.3207  183.6574   -2.9884    0.0610    0.7723   -3.5814    3.7856   -0.0000    0.0000    2.5362    0.4826    3.6800    0.0820   -0.8083    1.3213    0.0308 
   5.7716    0.0015    3.3589    1.9832  183.7754   22.5853  -43.3961    1.3216   -2.8584    3.7728   -0.0000    0.0000    2.5362    0.4854    3.6560   -0.2407   -1.1367    0.3892    0.0212 
   5.8141    0.0010    2.0618    1.7163  183.9077   -8.5426   24.1698    3.8241   -3.5587    2.8848   -0.0000    0.0000    2.8180    0.4909    3.6560   -0.5027    0.3235    0.9287   -0.0176 
   5.8566    0.0010    1.5763    3.1539  184.0429   -0.3029   14.1601    2.2982   -2.7588    3.7350   -0.0000    0.0000    2.8180    0.4963    3.6480   -0.2363    1.4553    0.9817    0.0091 
   5.8991    0.0010    1.6607    1.9144  184.2725   -1.7677  -22.9493    2.6034   -2.6091    3.6911   -0.0000    0.0000    2.8180    0.4990    3.6400   -0.5737   -0.4736    0.8818    0.0037 
   5.9416    0.0015    1.5566    2.0740  184.3691    4.5799   24.5971    0.2230   -2.1958    2.6226   -0.0000    0.0000    2.8180    0.4990    3.6400   -0.4692    1.0742    1.2976    0.0453 
   5.9841    0.0010    1.4944    2.3489  184.4374  -12.8761  -11.2916   -0.7535   -2.7686    3.1463   -0.0000    0.0000    2.8180    0.5068    3.6480   -0.0906    1.3357    0.3560    0.0623 
   6.0266    0.0010    1.4851    1.5869  184.4989   13.5521    2.0751   -2.7067   -2.5331    2.9232   -0.0000    0.0000    2.5362    0.5094    3.6320   -0.3594    0.7363    0.3892    0.0915 
   6.0691    0.0010    1.8196    2.1951  184.5158   -0.9132   13.8549    0.5892   -2.4596    2.2766   -0.0000    0.0000    2.8180    0.5144    3.6320   -0.4746   -0.4512    1.2913    0.0389 
   6.1116    0.0015    1.1432    1.5702  184.5904  -17.2707  -18.5548   -0.6925   -2.8113    3.3624   -0.0000    0.0000    2.8180    0.5194    3.6240   -1.1921    0.0864    1.8608    0.0613 
   6.1541    0.0010    1.3382    1.8451  184.6292   11.9652   15.7470    0.8944   -2.7919    2.6073   -0.0000    0.0000    2.8180    0.5218    3.6240   -0.4548    0.3896    1.4482    0.0336 
   6.1966    0.0010    1.7082    1.6109  184.7520    1.7723  -18.4937    4.8617   -2.5473    2.7222   -0.0000    0.0000    2.8180    0.5243    3.6240   -0.4534    0.1929    0.4397   -0.0357 
   6.2391    0.0010    1.1415    1.5324  184.8249   -2.2560   10.9862    1.8710   -2.5644    2.7141   -0.0000    0.0000    2.8180    0.5267    3.6240    0.0686   -1.0835    1.8223    0.0165 
   6.2816    0.0015    1.4260    1.3909  184.9591   13.8573    3.9672    1.9930   -2.9820    2.4531   -0.0000    0.0000    2.8180    0.5267    3.6240   -0.6267   -0.4111    0.7637    0.0144 
   6.3241    0.0010    1.7230    2.0206  185.0087    1.8944    4.8217    0.4672   -2.3487    2.0861   -0.0000    0.0000    2.5362    0.5337    3.6160   -0.2039    0.4329    1.5664    0.0361 
   6.3666    0.0010    1.7196    1.8062  185.0952    6.5941   -0.3053    2.4813   -2.0287    2.6826   -0.0000    0.0000    2.8180    0.5557    3.5920    0.3442   -0.9802    1.0339    0.0059 
   6.4091    0.0010    2.1451    2.3473  185.2634   12.0873   24.7802    5.2279   -2.9131    3.3173   -0.0000    0.0000    2.5362    0.5598    3.5840   -0.1421    1.5476    1.2883   -0.0470 
   6.4516    0.0015    1.9828    2.4991  185.3636  -20.9938  -18.6158    1.1996   -1.7307    1.7053   -0.0000   -0.0000    2.8180    0.5659    3.5760   -0.7019    1.5005    1.1824    0.0282 
   6.4941    0.0010    1.8481    2.1329  185.4243   -1.7067   12.8783    0.0399   -2.1476    2.3004   -0.0000    0.0000    2.8180    0.5659    3.5840   -0.1355    0.8936    0.8926    0.0485 
   6.5366    0.0010    2.3923    3.0891  185.5279   20.2049   25.0243    4.9227   -1.5760    2.5621   -0.0000   -0.0000    2.8180    0.5659    3.5680    0.7944   -0.6643    0.5178   -0.0367 
   6.5791    0.0010    3.4864    3.0633  185.6724    2.8709  -13.0616    1.3216   -1.7747    2.2317   -0.0000   -0.0000    2.8180    0.5659    3.5760   -0.6985   -0.3003    0.8040    0.0261 
   6.6216    0.0015    2.7601    2.3310  185.7684  -28.5011   -3.1129    4.5565   -1.7339    2.2775   -0.0000   -0.0000    2.8180    0.5659    3.5760    0.3967   -1.4976    0.4492   -0.0303 
   6.6641    0.0010    1.7095    2.5941  185.8514    4.5799   21.2402    7.3031   -1.8777    1.6904   -0.0000   -0.0000    2.5362    0.5678    3.5760    0.2878   -0.1606    0.8433   -0.0832 
   6.7066    0.0010    2.8193    3.0901  186.1061   39.1258    6.0424    7.4252   -1.9529    2.1987   -0.0000   -0.0000    2.8180    0.5678    3.5680   -0.0488    0.4116    1.4211   -0.0804 
   6.7491    0.0010    3.4330    3.1070  186.2898  -15.7448   -1.9532    3.7020   -1.6545    2.1896   -0.0000   -0.0000    2.8180    0.5678    3.5760   -0.3591   -1.2363    1.6826   -0.0154 
   6.7916    0.0015    1.7586    3.1893  186.2983  -29.5998    3.1127    4.2513   -2.7620    1.2874   -0.0000   -0.0000    2.8180    0.5678    3.5680   -0.7153    1.1023    1.0823   -0.0250 
   6.8341    0.0011    2.5280    3.1656  186.4370   22.4022  -16.6627    2.7865   -2.8125    1.1485   -0.0000   -0.0000    2.8180    0.5678    3.5680   -0.3206    1.0969    0.7092    0.0006 
   6.8766    0.0010    3.5466    2.8078  186.5581   12.9417    7.8124    2.9086   -1.7607    1.9997   -0.0000   -0.0000    2.8180    0.5678    3.5760   -0.9392    3.2993    1.0051   -0.0016 
   6.9191    0.0010    2.2149    3.4773  186.5941  -41.6847   11.1083   -1.4860   -2.4813    1.7498   -0.0000   -0.0000    2.8180    0.5659    3.5760   -0.2571    0.3994    0.8120    0.0751 
   6.9616    0.0015    0.6714    3.0235  186.5693  -13.6696  -18.0054   -0.0822   -1.8146    1.9908   -0.0000   -0.0000    2.8180    0.5659    3.5760   -0.2102    1.5889    1.3635    0.0506 
   7.0041    0.0010    0.9890    2.6698  186.6733   24.3553   -3.6622    0.3451   -2.4653    1.6824   -0.0000   -0.0000    2.8180    0.5678    3.5680   -0.0435   -1.1511    1.5239    0.0432 
   7.0466    0.0010    1.0594    3.2821  186.7450    1.5892   11.6576    2.5424   -2.3435    0.8244   -0.0000   -0.0000    2.8180    0.5659    3.5680   -0.6055   -2.3967    1.8772    0.0048 
   7.0891    0.0010    0.4070    3.3203  186.7267  -20.0172  -16.2965    1.5048   -2.2378    1.4220   -0.0000   -0.0000    2.8180    0.5678    3.5680    0.0654   -3.8594    1.1238    0.0229 
   7.1316    0.0015    0.3175    2.4354  186.7640    4.5799   -9.7047    2.1151   -3.3861    1.3884   -0.0000   -0.0000    2.8180    0.5678    3.5680    0.4348   -2.8206    1.2183    0.0123 
   7.1741    0.0010    0.5231    2.6124  186.8438    3.7865   24.4140    0.9554   -3.4046    1.1532   -0.0000   -0.0000    2.8180    0.5678    3.5680    0.6570    1.9697    0.7292    0.0325 
   7.2166    0.0010   -0.5491    2.8902  186.8370  -20.6886   -6.3477   -0.6925   -3.4031    0.2017   -0.0000   -0.0000    2.8180    0.5678    3.5680   -0.1851    1.2095    1.6226    0.0613 
   7.2591    0.0010   -1.1357    1.8041  186.8721   -3.4767  -22.2779   -0.0822   -3.2348   -0.9233   -0.0000   -0.0000    2.8180    0.5678    3.5680    0.6270   -2.1262    0.6477    0.0506 
   7.3016    0.0015   -0.7425    1.7184  186.8809    9.7679   15.0756   -0.9367   -3.3162   -0.9634   -0.0000   -0.0000    2.8180    0.5678    3.5680   -0.2676   -0.6484    0.9551    0.0655 
   7.3441    0.0010    0.1365    2.6128  186.8911    1.6502    7.5683    2.2372   -3.7020   -0.4696   -0.0000   -0.0000    2.8180    0.5678    3.5680    0.4456   -1.8604    0.5386    0.0101 
   7.3866    0.0010   -1.0512    1.7027  186.9168  -13.9137  -28.0763    4.4955   -3.8902   -1.1971   -0.0000   -0.0000    2.8180    0.5678    3.5600    1.6191   -1.5464    0.5532   -0.0293 
   7.4291    0.0010   -1.6344    1.1327  186.8986  -16.6603    6.8969   -0.7535   -3.7606   -2.1389   -0.0000   -0.0000    2.8180    0.5678    3.5600   -0.7866    2.5891    1.3889    0.0623 
   7.4716    0.0015   -1.9951    1.5684  186.9656   -5.6129   17.7001   -0.4484   -4.5887   -1.4506   -0.0000   -0.0000    2.8180    0.5678    3.5600   -1.4861    1.0417    2.2280    0.0570 
   7.5141    0.0010   -1.4826    1.6502  186.9822    3.7254  -29.6021   -1.8522   -5.1449   -1.9072   -0.0000   -0.0000    2.8180    0.5678    3.5600   -1.7378    0.4961    1.6321    0.0815 
   7.5566    0.0010   -1.2859    0.3891  186.9906   -8.2375  -10.6812   -1.3029   -4.6972   -0.7998   -0.0000   -0.0000    2.8180    0.5698    3.5680    0.7761   -1.6416    1.1755    0.0719 
   7.5991    0.0010   -1.7600    1.1572  187.0486  -14.4020   29.0527    0.4672   -3.6374   -0.8981   -0.0000   -0.0000    2.8180    0.5698    3.5600   -0.7070   -0.6926    2.2878    0.0410 
   7.6416    0.0015   -1.3594    1.2289  187.1020   13.4911  -21.6065    0.5892   -2.7786   -1.0316   -0.0000   -0.0000    2.8180    0.5698    3.5680   -1.4622   -0.6013    1.8042    0.0389 
   7.6841    0.0010   -1.1249   -0.3935  187.1731    4.3968  -26.1842   -0.9367   -3.4652   -0.3145   -0.0000    0.0000    2.8180    0.5698    3.5600   -0.5957   -1.1753    1.5183    0.0655 
   7.7266    0.0010   -1.7699    0.1819  187.2281  -15.3786   29.4799    1.2606   -3.7094   -0.6460   -0.0000   -0.0000    2.8180    0.5717    3.5520    0.2659   -0.0952    1.1724    0.0272 
   7.7691    0.0010   -2.6423    1.3358  187.2705  -11.9606    2.3193    0.8334   -3.2541   -2.2967   -0.0000   -0.0000    2.8180    0.5698    3.5520    0.5061   -1.2327    0.4954    0.0346 
   7.8116    0.0015   -2.2085    0.1310  187.3709    7.1434  -42.3585    1.0165   -4.0757   -2.7778   -0.0000   -0.0000    2.8180    0.5698    3.5520    1.0527   -0.1670    0.6875    0.0314 
   7.8541    0.0010   -2.1875   -0.8580  187.4777   -9.0919   25.3295    4.9227   -3.5168   -2.9679   -0.0000   -0.0000    2.8180    0.5717    3.5600    0.2856    0.2341    0.0964   -0.0367 
   7.8966    0.0010   -3.1560    1.0754  187.6006  -14.2799   43.7621    1.5658   -3.2464   -2.0785   -0.0000   -0.0000    2.5362    0.5698    3.5520    0.0513    0.9048    0.6101    0.0169 
   7.9391    0.0010   -2.8431    0.5351  187.7549   18.0687  -49.3165    3.7020   -2.8428    0.3740    0.0000   -0.0000    2.8180    0.5698    3.5520    0.0156    1.7515    1.5488   -0.0154 
   7.9816    0.0015   -1.7182   -1.3036  187.8644    6.6551  -11.4747    2.0541   -4.3161   -0.7989   -0.0000    0.0000    2.8180    0.5717    3.5520   -1.2668    0.7954    2.1252    0.0133 
   8.0241    0.0010   -1.9285    0.1231  188.0100  -10.7399   54.5043   -0.9367   -4.5250   -1.9735   -0.0000   -0.0000    2.8180    0.5698    3.5360    0.1614   -1.3535    1.4902    0.0655 
   8.0666    0.0010   -2.8829    0.8598  188.1458   -1.7677  -18.6768    3.2137   -4.5609   -2.0743   -0.0000   -0.0000    2.8180    0.5698    3.5680   -0.6809    3.4602    0.9585   -0.0069 
   8.1091    0.0010   -2.2300   -0.8675  188.3334   10.9276  -30.7618    3.5799   -1.8254   -4.1674    0.0000   -0.0000    2.5362    0.5698    3.5600    0.5486    3.8311    0.8184   -0.0182 
   8.1516    0.0015   -1.8091   -0.4573  188.4740    4.6410   38.2690    5.9603    0.4365   -6.4186    0.0000   -0.0000    2.8180    0.5698    3.5440    0.8389   -2.1206    0.2163   -0.0548 
   8.1941    0.0010   -2.2778    1.1219  188.6100    1.5282   22.8881    5.0448    2.3934   -5.1179    0.0000   -0.0000    2.8180    0.5698    3.5440    0.7510   -3.2783    1.0613   -0.0389 
   8.2366    0.0010   -2.7845   -0.0126  188.7803    9.7069  -50.7813    2.6034    4.5181   -3.3126    0.0000   -0.0000    2.8180    0.5698    3.5520   -0.4622   -1.5237    1.0942    0.0037 
   8.2791    0.0010   -2.2462   -0.9955  188.8885    5.8006   16.9677    1.8710    0.5685   -2.6952    0.0000   -0.0000    2.8180    0.5698    3.5440   -0.6895   -1.4807    1.4338    0.0165 
   8.3216    0.0015   -1.7561    0.9432  189.0142    1.1009   57.7392    4.6786   -2.4960   -3.9789   -0.0000   -0.0000    2.8180    0.5717    3.5280    1.1709   -2.4897    0.2183   -0.0325 
   8.3641    0.0010   -1.3964    1.7889  189.1007   -0.4250  -28.9918   -0.0211    0.2601   -5.8625    0.0000   -0.0000    2.8180    0.5717    3.5440   -0.5706   -0.4060    1.9229    0.0496 
   8.4066    0.0010   -1.0493    0.1559  189.1490   13.7962  -30.7618    0.7113    2.5772   -6.7974    0.0000   -0.0000    2.8180    0.5698    3.5440   -1.3123   -1.2686    2.0696    0.0368 
   8.4491    0.0010   -0.8039    1.3814  189.2192   19.1673   47.4853    2.9086   -0.8514   -6.8595   -0.0000   -0.0000    2.8180    0.5717    3.5360    1.0244   -0.2939    0.7227   -0.0016 
   8.4916    0.0015   -0.3414    3.1255  189.2311  -12.4489    9.0942    1.3827   -1.7680   -5.6196   -0.0000   -0.0000    2.8180    0.5698    3.5440    0.7749   -0.9199    1.4729    0.0251 
   8.5341    0.0010   -1.8072    1.5270  189.3123  -44.7975  -56.2135    1.9320   -1.8917   -5.6788   -0.0000   -0.0000    2.8180    0.4343    3.6720    0.3040    1.4009    0.5125    0.0155 
   8.5766    0.0009    0.0000    0.0000  189.5594   36.0130  -16.9679    6.8148   -3.0760   -8.7264    0.0000    0.0000    0.0000    0.0560    3.8560    0.2927    0.5178   -0.1992   21.3013 
   8.6191    0.0009    0.0000    0.0000  189.7155  129.3358   50.2319    1.1996   -3.0760   -8.7264    0.0000    0.0000    0.0000    0.0000    3.8880    0.1345   -0.0718    0.6843  114.6240 
   8.6616    0.0014    0.0000    0.0000  188.5748  240.2977 -203.8575 -239.7672   -3.0760   -8.7264    0.0000    0.0000    0.0000    0.0000    3.8880   -0.8628    1.6252    5.7979    0.0000 
   8.7041    0.0009    0.0000    0.0000  177.6953 -710.5079 -347.5342 -220.2360   -3.0760   -8.7264    0.0000    0.0000    0.0000    0.0000    3.8880    1.1919    0.0247    0.0398 -725.2197 
   8.7466    0.0009    0.0000    0.0000  169.7626  373.7816  176.3915 -125.5094   -3.0760   -8.7264    0.0000    0.0000    0.0000    0.0000    3.8880   -0.0422   -0.3940   -0.8364  359.0698 
   8.7891    0.0009    0.0000    0.0000  169.5164 -120.5421  -42.2974  172.1591   -3.0760   -8.7264    0.0000    0.0000    0.0000    0.0000    3.8880   -0.0471   -0.0342    0.9790 -135.2539 
   8.8316    0.0014    0.0000    0.0000  175.8953 -486.7531   84.8388  113.9315   -3.0760   -8.7264    0.0000    0.0000    0.0000    0.0000    3.8880   -0.4302   -0.5232   -1.6553 -501.4648 
   8.8741    0.0009    0.0000    0.0000  180.9010  106.8749    3.9672  114.6029   -3.0760   -8.7264    0.0000    0.0000    0.0000    0.0000    3.8880   -0.1670   -0.0408    1.8206   92.1631 
   8.9166    0.0009    0.0000    0.0000  185.8076  311.2816  -18.1275  117.5936   -3.0760   -8.7264    0.0000    0.0000    0.0000    0.0000    3.8960   -0.0742   -0.0647   -0.5686  296.5698 
   8.9591    0.0009    0.0000    0.0000  189.6440 -239.2555   22.0336   75.3573   -3.0760   -8.7264    0.0000    0.0000    0.0000    0.0000    3.8960   -0.0950   -0.1135    0.9214 -253.9673 
   9.0016    0.0014    0.0000    0.0000  192.5345   60.9154   -3.3570   58.9999   -3.0760   -8.7264    0.0000    0.0000    0.0000    0.0000    3.8960    0.0095    0.3369    1.1157   46.2036 
   9.0441    0.0009    0.0000    0.0000  194.9193   73.9159  -52.7955   56.8636   -3.0760   -8.7264    0.0000    0.0000    0.0000    0.0000    3.8960   -0.0210   -0.1448    1.0991   59.2041 
   9.0866    0.0009    0.0000    0.0000  197.3333  -85.0197   43.7011   44.9007   -3.0760   -8.7264    0.0000    0.0000    0.0000    0.0000    3.8880   -0.1511    0.1892    0.9001  -99.7314 
   9.1291    0.0009    0.0000    0.0000  199.2788   77.0287  -36.3160   43.8021   -3.0760   -8.7264    0.0000    0.0000    0.0000    0.0000    3.8880   -0.0225    0.0364    1.2419   62.3169 
   9.1716    0.0014    0.0000    0.0000  201.0228  -16.1720   12.5121   36.9051   -3.0760   -8.7264    0.0000    0.0000    0.0000    0.0000    3.8960    0.0151    0.1399    0.9263  -30.8838 
   9.2141    0.0009    0.0000    0.0000  202.3748  -27.8297    4.7607   28.3602   -3.0760   -8.7264    0.0000    0.0000    0.0000    0.0000    3.8880    0.1240   -0.0686    1.0747  -42.5415 
   9.2566    0.0009    0.0000    0.0000  203.2548  -16.4772  -12.5733   16.2753   -3.0760   -8.7264    0.0000    0.0000    0.0000    0.0000    3.8960    0.0457   -0.0342    1.2261  -31.1890 
   9.2991    0.0009    0.0000    0.0000  203.6433    0.2464    3.8451    4.5565   -3.0760   -8.7264    0.0000    0.0000    0.0000    0.0000    3.8960    0.1035   -0.0029    0.9709  -14.4653 
   9.3416    0.0014    0.0000    0.0000  203.7188    0.6737   22.3998    0.3451   -3.0760   -8.7264    0.0000    0.0000    0.0000    0.0000    3.8960    0.0242    0.0068    1.0908    0.0000 
   9.3841    0.0009    0.0000    0.0000  203.7412   -0.5470    4.9438    0.7723   -3.0760   -8.7264    0.0000    0.0000    0.0000    0.0000    3.8960    0.0059    0.0442    1.0701  -15.2588 
   9.4266    0.0009    0.0000    0.0000  203.7627   -0.3029    3.4789    0.3451   -3.0760   -8.7264    0.0000    0.0000    0.0000    0.0000    3.8960   -0.0076    0.0220    1.0850  -15.0146 
   9.4691    0.0009    0.0000    0.0000  203.7690   -0.3639    2.7465    0.1009   -3.0760   -8.7264    0.0000    0.0000    0.0000    0.0000    3.8960   -0.0015    0.0325    1.0803  -15.0757 
   9.5116    0.0014    0.0000    0.0000  203.7868    0.0023    0.2441    0.4672   -3.0760   -8.7264    0.0000    0.0000    0.0000    0.0000    3.8960   -0.0073    0.0278    1.0720    0.0000 
   9.5541    0.0009    0.0000    0.0000  203.7961   -0.1808   -0.4884    0.3451   -3.0760   -8.7264    0.0000    0.0000    0.0000    0.0000    3.8960   -0.0103    0.0269    1.0808  -14.8926 
   9.5966    0.0009    0.0000    0.0000  203.8152   -0.1808   -0.1221    0.7113   -3.0760   -8.7264    0.0000    0.0000    0.0000    0.0000    3.8960   -0.0183    0.0144    1.0796  -14.8926 
   9.6391    0.0009    0.0000    0.0000  203.8347    0.1854    0.1830    0.4061   -3.0760   -8.7264    0.0000    0.0000    0.0000    0.0000    3.8960   -0.0154    0.0142    1.0796  -14.5264 
   9.6816    0.0014    0.0000    0.0000  203.8529    0.2464    0.0610    0.1009   -3.0760   -8.7264    0.0000    0.0000    0.0000    0.0000    3.8960   -0.0046    0.0217    1.0693    0.0000 
   9.7241    0.0009    0.0000    0.0000  203.8719   -0.7301    0.1220    0.4061   -3.0760   -8.7264    0.0000    0.0000    0.0000    0.0000    3.8960    0.0000    0.0056    1.0784  -15.4419 
   9.7666    0.0009    0.0000    0.0000  203.8793   -0.3639    0.2441    0.2230   -3.0760   -8.7264    0.0000    0.0000    0.0000    0.0000    3.9040   -0.0103    0.0137    1.0840  -15.0757 
   9.8091    0.0009    0.0000    0.0000  203.8946    0.3075    0.1220    0.2840   -3.0760   -8.7264    0.0000    0.0000    0.0000    0.0000    3.8960   -0.0071    0.0127    1.0769  -14.4043 
   9.8516    0.0014    0.0000    0.0000  203.9094   -0.4860   -0.1221    0.4061   -3.0760   -8.7264    0.0000    0.0000    0.0000    0.0000    3.9040   -0.0127    0.0090    1.0747    0.0000 
   9.8941    0.0009    0.0000    0.0000  203.9242   -0.4250   -0.0611    0.1620   -3.0760   -8.7264    0.0000    0.0000    0.0000    0.0000    3.8960   -0.0076    0.0129    1.0818  -15.1367 
   9.9366    0.0009    0.0000    0.0000  203.9359    0.1244    0.4272    0.2840   -3.0760   -8.7264    0.0000    0.0000    0.0000    0.0000    3.9040   -0.0083    0.0190    1.0759  -14.5874 
   9.9791    0.0009    0.0000    0.0000  203.9529   -0.0587    0.2441    0.5282   -3.0760   -8.7264    0.0000    0.0000    0.0000    0.0000    3.8960   -0.0195    0.0129    1.0872  -14.7705 
  10.0216    0.0014    0.0000    0.0000  203.9641    0.1854    0.4272    0.1009   -3.0760   -8.7264    0.0000    0.0000    0.0000    0.0000    3.9040   -0.0054    0.0308    1.0776    0.0000 
  10.0641    0.0009    0.0000    0.0000  203.9790   -0.3029    0.1220    0.7113   -3.0760   -8.7264    0.0000    0.0000    0.0000    0.0000    3.9040   -0.0183    0.0176    1.0764  -15.0146 
  10.1066    0.0009    0.0000    0.0000  203.9977   -0.4860    0.4882    0.5282   -3.0760   -8.7264    0.0000    0.0000    0.0000    0.0000    3.9040   -0.0120    0.0244    1.0828  -15.1978 
  10.1491    0.0010    0.0000    0.0000  204.0103   -0.6081    0.3661    0.5282   -3.0760   -8.7264    0.0000    0.0000    0.0000    0.0000    3.9040   -0.0090    0.0200    1.0823  -15.3198 
  10.1916    0.0014    0.0000    0.0000  204.0329   -0.7912   -0.1832    0.5282   -3.0760   -8.7264    0.0000    0.0000    0.0000    0.0000    3.9040   -0.0159    0.0137    1.0820  -15.5029 
  10.2341    0.0009    0.0000    0.0000  204.0563    0.7347    0.3051    0.4672   -3.0760   -8.7264    0.0000    0.0000    0.0000    0.0000    3.9040   -0.0164    0.0171    1.0845  -13.9771 
  10.2766    0.0009    0.0000    0.0000  204.0708    0.1244    0.1830    0.7723   -3.0760   -8.7264    0.0000    0.0000    0.0000    0.0000    3.9040   -0.0007    0.0139    1.0813  -14.5874 
  10.3191    0.0009    0.0000    0.0000  204.1001   -0.2418    0.2441    0.4061   -3.0760   -8.7264    0.0000    0.0000    0.0000    0.0000    3.9040   -0.0151    0.0161    1.0708  -14.9536 
  10.3616    0.0014    0.0000    0.0000  204.1109   -0.4860    0.3051    0.5282   -3.0760   -8.7264    0.0000    0.0000    0.0000    0.0000    3.9040   -0.0159    0.0261    1.0737    0.0000 
  10.4041    0.0009    0.0000    0.0000  204.1305   -0.4860    0.1830    0.3451   -3.0760   -8.7264    0.0000    0.0000    0.0000    0.0000    3.9040   -0.0142    0.0232    1.0784  -15.1978 
  10.4466    0.0009    0.0000    0.0000  204.1481   -0.0587    0.3661    0.4061   -3.0760   -8.7264    0.0000    0.0000    0.0000    0.0000    3.9040   -0.0107    0.0117    1.0857  -14.7705 
  10.4891    0.0009    0.0000    0.0000  204.1644   -0.6081    0.1830    0.6503   -3.0760   -8.7264    0.0000    0.0000    0.0000    0.0000    3.9040   -0.0051    0.0173    1.0808  -15.3198 
  10.5316    0.0014    0.0000    0.0000  204.1822   -0.6691    0.2441    0.1620   -3.0760   -8.7264    0.0000    0.0000    0.0000    0.0000    3.9040   -0.0061    0.0166    1.0801    0.0000 
  10.5741    0.0009    0.0000    0.0000  204.1999    0.1854    0.6103    0.2230   -3.0760   -8.7264    0.0000    0.0000    0.0000    0.0000    3.9040   -0.0083    0.0186    1.0825  -14.5264 
  10.6166    0.0009    0.0000    0.0000  204.2100    0.3075    0.0610    0.2230   -3.0760   -8.7264    0.0000    0.0000    0.0000    0.0000    3.9040   -0.0056    0.0259    1.0784  -14.4043 
  10.6591    0.0009    0.0000    0.0000  204.2272   -0.8522    0.4272    0.5892   -3.0760   -8.7264    0.0000    0.0000    0.0000    0.0000    3.9040   -0.0100    0.0144    1.0830  -15.5640 
  10.7016    0.0014    0.0000    0.0000  204.2490   -0.6691   -0.0611    0.2230   -3.0760   -8.7264    0.0000    0.0000    0.0000    0.0000    3.9040   -0.0098    0.0110    1.0803    0.0000 
  10.7441    0.0009    0.0000    0.0000  204.2614    0.0023    0.0610    0.5282   -3.0760   -8.7264    0.0000    0.0000    0.0000    0.0000    3.9040   -0.0125    0.0132    1.0735  -14.7095 
  10.7866    0.0009    0.0000    0.0000  204.2795    0.0023    0.1220   -0.2653   -3.0760   -8.7264    0.0000    0.0000    0.0000    0.0000    3.9040   -0.0203    0.0095    1.0862  -14.7095 
  10.8291    0.0009    0.0000    0.0000  204.2887   -0.6691   -0.0611    0.1620   -3.0760   -8.7264    0.0000    0.0000    0.0000    0.0000    3.9040   -0.0042    0.0146    1.0830  -15.3809 
  10.8716    0.0014    0.0000    0.0000  204.2975   -0.4860    0.1830    0.2230   -3.0760   -8.7264    0.0000    0.0000    0.0000    0.0000    3.9040   -0.0056    0.0210    1.0830  -15.1978 
  10.9141    0.0009    0.0000    0.0000  204.3157   -0.7912    0.2441    0.5282   -3.0760   -8.7264    0.0000    0.0000    0.0000    0.0000    3.9040   -0.0151    0.0122    1.0801  -15.5029 
  10.9566    0.0009    0.0000    0.0000  204.3216   -0.9743    0.3051    0.2230   -3.0760   -8.7264    0.0000    0.0000    0.0000    0.0000    3.9040   -0.0034    0.0129    1.0718  -15.6860 
  10.9991    0.0009    0.0000    0.0000  204.3416   -0.0587    0.4272    0.2230   -3.0760   -8.7264    0.0000    0.0000    0.0000    0.0000    3.9040   -0.0085    0.0139    1.0859  -14.7705 
  11.0416    0.0014    0.0000    0.0000  204.3635   -1.2794    0.1220    0.6503   -3.0760   -8.7264    0.0000    0.0000    0.0000    0.0000    3.9040   -0.0164    0.0088    1.0789    0.0000 
  11.0841    0.0009    0.0000    0.0000  204.3754   -0.3639    0.1830    0.6503   -3.0760   -8.7264    0.0000    0.0000    0.0000    0.0000    3.9040   -0.0103    0.0149    1.0808  -15.0757 
  11.1266    0.0009    0.0000    0.0000  204.3916   -0.3639    0.3051    0.2840   -3.0760   -8.7264    0.0000    0.0000    0.0000    0.0000    3.9040   -0.0100    0.0095    1.0867  -15.0757 
  11.1691    0.0009    0.0000    0.0000  204.4083    0.5516    0.4272    0.1620   -3.0760   -8.7264    0.0000    0.0000    0.0000    0.0000    3.9040   -0.0066    0.0220    1.0808  -14.1602 
  11.2116    0.0014    0.0000    0.0000  204.4376   -1.1574    0.2441    0.6503   -3.0760   -8.7264    0.0000    0.0000    0.0000    0.0000    3.9040   -0.0146    0.0125    1.0754  -15.8691 
  11.2541    0.0009    0.0000    0.0000  204.4556   -0.4250    0.1220    0.1620   -3.0760   -8.7264    0.0000    0.0000    0.0000    0.0000    3.9120   -0.0071    0.0142    1.0867  -15.1367 
  11.2966    0.0009    0.0000    0.0000  204.4783   -1.0963   -0.3053    0.8944   -3.0760   -8.7264    0.0000    0.0000    0.0000    0.0000    3.9120   -0.0073    0.0137    1.0789  -15.8081 
  11.3391    0.0009    0.0000    0.0000  204.4934   -0.3639    0.6103    0.2840   -3.0760   -8.7264    0.0000    0.0000    0.0000    0.0620    3.9040   -0.0100    0.0122    1.0771  -15.0757 
  11.3816    0.0014    0.0000    0.0000  204.5136    0.0633    0.4882    0.5892   -3.0760   -8.7264    0.0000    0.0000    0.0000    0.0000    3.9040   -0.0029    0.0142    1.0852    0.0000 
  11.4966 4294.8809    0.0099   -0.2179  204.5632   -0.3639    0.4882    0.6503   -3.0760   -8.7264    0.0000    0.0000    0.0000    0.0000    3.9040   -0.0105    0.0142    1.0745    0.0000 
  11.5391 4294.8384    0.0790   -0.1106  204.5893    0.1854    0.4272    0.8944   -3.0760   -8.7264    0.0000    0.0000    0.0000    0.0000    3.9040   -0.0125    0.0186    1.0820  -14.5264 
  11.5816 4294.7959   -0.1480    0.0065  204.6113    0.6126    0.0610    0.1009   -3.0760   -8.7264    0.0000    0.0000    0.0000    0.0000    3.9120   -0.0068    0.0193    1.0815    0.0000 
  11.6241 4294.7534    0.0156    0.0431  204.6289    0.6126    0.3661    0.1620   -3.0760   -8.7264    0.0000    0.0000    0.0000    0.0000    3.9040    0.0000    0.0198    1.0759  -14.0991 
  11.6666 4294.7109   -0.3018   -0.2222  204.6612   -1.2794   -0.0001    0.4061   -3.0760   -8.7264    0.0000    0.0000    0.0000    0.0000    3.9120   -0.0168    0.0259    1.0730    0.0000 
  11.7091 4294.6685    0.0101   -0.2410  204.6817   -0.6691    0.3661    0.4061   -3.0760   -8.7264    0.0000    0.0000    0.0000    0.0000    3.9120   -0.0112    0.0164    1.0830  -15.3809 
  11.7516 4294.6260    0.0130   -0.0454  204.6935    0.3075    0.1830    0.2840   -3.0760   -8.7264    0.0000    0.0000    0.0000    0.0000    3.9120   -0.0044    0.0198    1.0889    0.0000 
  11.7941 4294.5830    0.1247   -0.6145  204.7228   -0.4860    0.1220    0.5892   -3.0760   -8.7264    0.0000    0.0000    0.0000    0.0000    3.9120   -0.0198    0.0125    1.0864  -15.1978 
  11.8366 4294.5405    0.0109   -0.2825  204.7404   -0.6081    0.2441    0.2230   -3.0760   -8.7264    0.0000    0.0000    0.0000    0.0000    3.9040   -0.0042    0.0198    1.0859    0.0000 
  11.8791 4294.4980   -0.3850   -0.0856  204.7570   -0.0587   -0.0611    0.4061   -3.0760   -8.7264    0.0000    0.0000    0.0000    0.0000    3.9120   -0.0100    0.0210    1.0789  -14.7705 
  11.9216 4294.4556    0.0405   -0.2144  204.7691   -1.0353    0.1830    0.4672   -3.0760   -8.7264    0.0000    0.0000    0.0000    0.0000    3.9040   -0.0154    0.0107    1.0789    0.0000 
  11.9641 4294.4131    0.0016   -0.1885  204.7864   -0.7301   -0.1832    0.5282   -3.0760   -8.7264    0.0000    0.0000    0.0000    0.0000    3.9120   -0.0110    0.0146    1.0806  -15.4419 
  12.0066 4294.3706    0.1262    0.0050  204.8083   -1.1574    0.0610    0.8334   -3.0760   -8.7264    0.0000    0.0000    0.0000    0.0000    3.9120   -0.0063    0.0125    1.0872    0.0000 
  12.0491 4294.3281   -0.1874   -0.0524  204.8268    0.3075    0.3051    0.1620   -3.0760   -8.7264    0.0000    0.0000    0.0000    0.0000    3.9120   -0.0088    0.0178    1.0801  -14.4043 
  12.0916 4294.2856    0.2407    0.0072  204.8508   -0.4860   -0.0611    0.1620   -3.0760   -8.7264    0.0000    0.0000    0.0000    0.0000    3.9120   -0.0061    0.0278    1.0769    0.0000 
  12.1341 4294.2432    0.1641   -0.3847  204.8770   -0.9743   -0.0001    0.7113   -3.0760   -8.7264    0.0000    0.0000    0.0000    0.0000    3.9120   -0.0146    0.0122    1.0764  -15.6860 
  12.1766 4294.2007    0.0294   -0.1733  204.8965   -0.1808    0.3051    0.2230   -3.0760   -8.7264    0.0000    0.0000    0.0000    0.0000    3.9120   -0.0115    0.0083    1.0776    0.0000 
  12.2191 4294.1582    0.3184   -0.0452  204.9097   -0.7912   -0.2442    0.5892   -3.0760   -8.7264    0.0000    0.0000    0.0000    0.0000    3.9120   -0.0098    0.0068    1.0854  -15.5029 
  12.2616 4294.1157   -0.0666   -0.0157  204.9343   -1.0353   -0.0001    0.5282   -3.0760   -8.7264    0.0000    0.0000    0.0000    0.0000    3.9120   -0.0076    0.0173    1.0820    0.0000 
  12.3041 4294.0732   -0.3246   -0.1662  204.9579   -0.1808    0.0610   -0.0211   -3.0760   -8.7264    0.0000    0.0000    0.0000    0.0000    3.9120   -0.0173    0.0188    1.0752  -14.8926 
  12.3466 4294.0308   -0.1140   -0.0372  204.9713   -1.2794   -0.0001    0.4061   -3.0760   -8.7264    0.0000    0.0000    0.0000    0.0000    3.9120   -0.0142    0.0190    1.0774    0.0000 
  12.3891 4293.9883    0.0632    0.0435  204.9980   -1.0353    0.1830    0.8334   -3.0760   -8.7264    0.0000    0.0000    0.0000    0.0000    3.9120   -0.0076    0.0120    1.0852  -15.7471 
  12.4316 4293.9458   -0.0406   -0.2415  205.0240   -0.1198    0.4272    0.2840   -3.0760   -8.7264    0.0000    0.0000    0.0000    0.0000    3.9120   -0.0122    0.0156    1.0715  -14.8315 
  12.4741 4293.9033   -0.0242   -0.2141  205.0446    0.1244    0.3661    0.3451   -3.0760   -8.7264    0.0000    0.0000    0.0000    0.0000    3.9120   -0.0046    0.0193    1.0815  -14.5874 
  12.5166 4293.8608    0.0117    0.0240  205.0676   -0.6081   -0.0001    0.5892   -3.0760   -8.7264    0.0000    0.0000    0.0000    0.0000    3.9120   -0.0063    0.0227    1.0791    0.0000 
  12.5591 4293.8184   -0.0714   -0.1320  205.0959    0.7958    0.3051    0.4672   -3.0760   -8.7264    0.0000    0.0000    0.0000    0.0000    3.9040   -0.0171    0.0190    1.0806  -13.9160 
  12.6016 4293.7759    0.0152   -0.3483  205.1127   -1.4626    0.3661    0.1620   -3.0760   -8.7264    0.0000    0.0000    0.0000    0.0000    3.9120   -0.0146    0.0139    1.0850  -16.1743 
  12.6441 4293.7334    0.2328   -0.0432  205.1333   -0.4250    0.1220    0.5282   -3.0760   -8.7264    0.0000    0.0000    0.0000    0.0000    3.9120   -0.0073    0.0105    1.0837  -15.1367 
  12.6866 4293.6909   -0.1294   -0.2601  205.1489   -0.4860    0.3051   -0.0822   -3.0760   -8.7264    0.0000    0.0000    0.0000    0.0000    3.9120   -0.0083    0.0122    1.0806    0.0000 
  12.7291 4293.6484    0.0245   -0.2520  205.1703   -0.3029    0.1220    0.4061   -3.0760   -8.7264    0.0000    0.0000    0.0000    0.0000    3.9120   -0.0125    0.0139    1.0891  -15.0146 
  12.7716 4293.6060   -0.1444   -0.5874  205.2011   -0.7301   -0.0001    0.5892   -3.0760   -8.7264    0.0000    0.0000    0.0000    0.0000    3.9120   -0.0181    0.0171    1.0811    0.0000 
  12.8141 4293.5635   -0.0541   -0.0360  205.2149   -0.4250    0.2441    0.0399   -3.0760   -8.7264    0.0000    0.0000    0.0000    0.0000    3.9120   -0.0056    0.0103    1.0974  -15.1367 
  12.8566 4293.5205   -0.1195    0.0357  205.2381   -0.7301   -0.1221    0.4672   -3.0760   -8.7264    0.0000    0.0000    0.0000    0.0000    3.9120   -0.0017    0.0183    1.0803    0.0000 
  12.8991 4293.4780    0.1628   -0.1636  205.2612   -0.3029    0.5492    0.5282   -3.0760   -8.7264    0.0000    0.0000    0.0000    0.0000    3.9040   -0.0015    0.0146    1.0847  -15.0146 
  12.9416 4293.4355   -0.2453    0.3250  205.2685   -0.1198    0.1220    0.1620   -3.0760   -8.7264    0.0000    0.0000    0.0000    0.0000    3.9120    0.0024    0.0198    1.0703    0.0000 
  12.9841 4293.3931   -0.0271    0.2582  205.2812    0.0023   -0.1221    0.1620   -3.0760   -8.7264    0.0000    0.0000    0.0000    0.0000    3.9120    0.0017    0.0149    1.0796  -14.7095 
  13.0266 4293.3506    0.4364    0.0618  205.3035   -0.7912    0.0610    0.7113   -3.0760   -8.7264    0.0000    0.0000    0.0000    0.0000    3.9120   -0.0044    0.0044    1.0779    0.0000 
  13.0691 4293.3081    0.0795    0.0940  205.3157   -0.6081    0.1830    0.2840   -3.0760   -8.7264    0.0000    0.0000    0.0000    0.0000    3.9120   -0.0051    0.0125    1.0845  -15.3198 
  13.1116 4293.2656   -0.1768   -0.2774  205.3412   -0.1198   -0.0001    0.2230   -3.0760   -8.7264    0.0000    0.0000    0.0000    0.0000    3.9120   -0.0132    0.0183    1.0837    0.0000 
  13.1541 4293.2231   -0.4226    0.1533  205.3559   -0.1198    0.1220    0.5282   -3.0760   -8.7264    0.0000    0.0000    0.0000    0.0000    3.9120    0.0056    0.0190    1.0837  -14.8315 
  13.1966 4293.1807   -0.2482    0.0064  205.3727    0.2464    0.1220   -0.2042   -3.0760   -8.7264    0.0000    0.0000    0.0000    0.0000    3.9120   -0.0088    0.0090    1.0862    0.0000 
  13.2391 4293.1382    0.0485   -0.1611  205.3985    0.1854    0.4272    0.6503   -3.0760   -8.7264    0.0000    0.0000    0.0000    0.0000    3.9120   -0.0061    0.0227    1.0889  -14.5264 
  13.2816 4293.0957    0.1399   -0.0393  205.4074   -0.0587    0.1220   -0.1432   -3.0760   -8.7264    0.0000    0.0000    0.0000    0.0000    3.9120    0.0000    0.0085    1.0793    0.0000 
  13.3241 4293.0532   -0.0753   -0.3426  205.4317   -1.2794   -0.0001    0.7723   -3.0760   -8.7264    0.0000    0.0000    0.0000    0.0000    3.9120   -0.0144    0.0186    1.0828  -15.9912 
  13.3666 4293.0107    0.0211   -0.2537  205.4492   -0.6691   -0.0001    0.5282   -3.0760   -8.7264    0.0000    0.0000    0.0000    0.0000    3.9120   -0.0149    0.0090    1.0818    0.0000 
  13.4091 4292.9683    0.0124   -0.0470  205.4719   -1.5236   -0.0611    0.6503   -3.0760   -8.7264    0.0000    0.0000    0.0000    0.0000    3.9120   -0.0088    0.0149    1.0854  -16.2354 
  13.4516 4292.9258   -0.2637    0.1444  205.4924   -0.7912   -0.1221    0.4061   -3.0760   -8.7264    0.0000    0.0000    0.0000    0.0000    3.9120   -0.0093    0.0254    1.0803    0.0000 
  13.4941 4292.8833   -0.0313   -0.1668  205.5160    0.3075    0.4882    0.7723   -3.0760   -8.7264    0.0000    0.0000    0.0000    0.0000    3.9120   -0.0115    0.0132    1.0930  -14.4043 
  13.5366 4292.8408    0.0665   -0.0515  205.5372   -0.3029    0.0610    0.5892   -3.0760   -8.7264    0.0000    0.0000    0.0000    0.0000    3.9120   -0.0146    0.0078    1.0872  -15.0146 
  13.5791 4292.7983    0.1890    0.1978  205.5593   -1.2184   -0.1832    0.8334   -3.0760   -8.7264    0.0000    0.0000    0.0000    0.0000    3.9120   -0.0044    0.0117    1.0872  -15.9302 
  13.6216 4292.7559    0.2903   -0.1656  205.5894    0.5516    0.1830    0.4672   -3.0760   -8.7264    0.0000    0.0000    0.0000    0.0000    3.9120   -0.0105    0.0088    1.0791    0.0000 
  13.6641 4292.7134   -0.0949   -0.1282  205.6113    0.0023    0.1830    0.4672   -3.0760   -8.7264    0.0000    0.0000    0.0000    0.0000    3.9120   -0.0044    0.0137    1.0752  -14.7095 
  13.7066 4292.6709    0.2368   -0.2707  205.6311   -0.4250   -0.0001    0.2230   -3.0760   -8.7264    0.0000    0.0000    0.0000    0.0000    3.9120   -0.0129    0.0081    1.0884    0.0000 
  13.7491 4292.6284   -0.1073    0.0690  205.6500   -1.6457   -0.0001    0.8334   -3.0760   -8.7264    0.0000    0.0000    0.0000    0.0000    3.9120   -0.0027    0.0156    1.0828  -16.3574 
  13.7916 4292.5859   -0.2395   -0.2619  205.6822   -0.7912   -0.1832    0.3451   -3.0760   -8.7264    0.0000    0.0000    0.0000    0.0000    3.9120   -0.0120    0.0190    1.0823    0.0000 
  13.8341 4292.5435   -0.0202   -0.1129  205.7006   -0.8522    0.1220    0.7723   -3.0760   -8.7264    0.0000    0.0000    0.0000    0.0000    3.9120   -0.0063    0.0200    1.0745  -15.5640 
  13.8766 4292.5010    0.0722    0.0287  205.7223   -0.0587   -0.1832    0.2840   -3.0760   -8.7264    0.0000    0.0000    0.0000    0.0000    3.9120   -0.0137    0.0120    1.0867    0.0000 
  13.9191 4292.4580    0.0088   -0.1152  205.7530   -1.1574   -0.0001    0.3451   -3.0760   -8.7264    0.0000    0.0000    0.0000    0.0000    3.9120   -0.0103    0.0142    1.0850  -15.8691 
  13.9616 4292.4155    0.0929    0.0006  205.7691   -0.6081    0.3051    0.6503   -3.0760   -8.7264    0.0000    0.0000    0.0000    0.0000    3.9120   -0.0044    0.0083    1.0752    0.0000 
  14.0041 4292.3730   -0.0166    0.1597  205.7824   -0.4860   -0.0611    0.2840   -3.0760   -8.7264    0.0000    0.0000    0.0000    0.0000    3.9120   -0.0027    0.0154    1.0771  -15.1978 
  14.0466 4292.3306   -0.2192    0.0046  205.8105   -0.8522    0.5492    0.6503   -3.0760   -8.7264    0.0000    0.0000    0.0000    0.0000    3.9120    0.0042    0.0183    1.0862    0.0000 
  14.0891 4292.2881   -0.0849    0.2099  205.8342   -0.0587   -0.0001    0.6503   -3.0760   -8.7264    0.0000    0.0000    0.0000    0.0000    3.9120   -0.0054    0.0166    1.0808  -14.7705 
  14.1316 4292.2456    0.0221   -0.4300  205.8593   -0.6081   -0.1832    0.1009   -3.0760   -8.7264    0.0000    0.0000    0.0000    0.0000    3.9120   -0.0210    0.0112    1.0884    0.0000 
  14.1741 4292.2031    0.0263   -0.1037  205.8742   -0.6081    0.2441    0.2840   -3.0760   -8.7264    0.0000    0.0000    0.0000    0.0000    3.9120   -0.0083    0.0171    1.0798  -15.3198 
  14.2166 4292.1606   -0.0120   -0.0221  205.8900   -0.0587    0.1830    0.7723   -3.0760   -8.7264    0.0000    0.0000    0.0000    0.0000    3.9120   -0.0068    0.0151    1.0908  -14.7705 
  14.2591 4292.1182   -0.1056    0.0109  205.8997   -0.5470    0.2441    0.2840   -3.0760   -8.7264    0.0000    0.0000    0.0000    0.0000    3.9120   -0.0073    0.0166    1.0771  -15.2588 
  14.3016 4292.0757   -0.1879   -0.1352  205.9243   -0.9743    0.4272    0.5892   -3.0760   -8.7264    0.0000    0.0000    0.0000    0.0000    3.9120   -0.0034    0.0208    1.0764    0.0000 
  14.3441 4292.0332    0.1303   -0.4458  205.9447   -0.5470    0.1830    0.4061   -3.0760   -8.7264    0.0000    0.0000    0.0000    0.0000    3.9200   -0.0166    0.0117    1.0898  -15.2588 
  14.3866 4291.9907   -0.2741   -0.2176  205.9690   -0.6691   -0.0001    0.7723   -3.0760   -8.7264    0.0000    0.0000    0.0000    0.0000    3.9120   -0.0037    0.0237    1.0913    0.0000 
  14.4291 4291.9482    0.1671   -0.0050  205.9870   -0.9132    0.1220    0.8334   -3.0760   -8.7264    0.0000    0.0000    0.0000    0.0000    3.9120   -0.0059    0.0044    1.0847  -15.6250 
  14.4716 4291.9058    0.1709    0.1225  206.0090   -0.0587    0.0610    0.5282   -3.0760   -8.7264    0.0000    0.0000    0.0000    0.0000    3.9120   -0.0027    0.0146    1.0774    0.0000 
  14.5141 4291.8633   -0.2186   -0.1398  206.0301   -0.7301    0.1220    0.6503   -3.0760   -8.7264    0.0000    0.0000    0.0000    0.0000    3.9120   -0.0103    0.0200    1.0903  -15.4419 
  14.5566 4291.8208   -0.1479   -0.1112  206.0456   -0.4250   -0.0611    0.2230   -3.0760   -8.7264    0.0000    0.0000    0.0000    0.0000    3.9120   -0.0093    0.0137    1.0823    0.0000 
  14.5991 4291.7783   -0.2160    0.0039  206.0667   -0.6691    0.4272    0.5282   -3.0760   -8.7264    0.0000    0.0000    0.0000    0.0000    3.9120   -0.0083    0.0156    1.0774  -15.3809 
  14.6416 4291.7358    0.1531   -0.3218  206.0889   -0.7912    0.3661    0.2230   -3.0760   -8.7264    0.0000    0.0000    0.0000    0.0000    3.9200   -0.0225    0.0095    1.0818    0.0000 
  14.6841 4291.6934    0.0192    0.0191  206.1050   -0.3639    0.0610    0.5282   -3.0760   -8.7264    0.0000    0.0000    0.0000    0.0000    3.9120   -0.0088    0.0164    1.0818  -15.0757 
  14.7266 4291.6509    0.0244   -0.3772  206.1302    0.3075    0.3051    0.6503   -3.0760   -8.7264    0.0000    0.0000    0.0000    0.0000    3.9120   -0.0127    0.0137    1.0842    0.0000 
  14.7691 4291.6084   -0.0003   -0.1348  206.1551   -0.6081    0.4272    0.5892   -3.0760   -8.7264    0.0000    0.0000    0.0000    0.0000    3.9200   -0.0095    0.0125    1.0791  -15.3198 
  14.8116 4291.5659    0.2124    0.0125  206.1711    0.1854    0.3661    0.2840   -3.0760   -8.7264    0.0000    0.0000    0.0000    0.0000    3.9200   -0.0076    0.0083    1.0952    0.0000 
  14.8541 4291.5234    0.1642   -0.2793  206.1975   -1.2794   -0.0611    0.7723   -3.0760   -8.7264    0.0000    0.0000    0.0000    0.0000    3.9200   -0.0146    0.0161    1.0837  -15.9912 
  14.8966 4291.4810    0.0743   -0.2940  206.2240    0.1244    0.6103    0.2230   -3.0760   -8.7264    0.0000    0.0000    0.0000    0.0000    3.9120   -0.0071    0.0088    1.0779    0.0000 
  14.9391 4291.4385   -0.2100   -0.0152  206.2329   -1.4015   -0.0001    0.6503   -3.0760   -8.7264    0.0000    0.0000    0.0000    0.0000    3.9120   -0.0022    0.0171    1.0820  -16.1133 
  14.9816 4291.3955    0.2443   -0.2638  206.2559   -1.0963    0.3051    0.3451   -3.0760   -8.7264    0.0000    0.0000    0.0000    0.0000    3.9120   -0.0159    0.0061    1.0879    0.0000 
  15.0241 4291.3530   -0.1302   -0.0812  206.2784   -1.0963    0.1830    0.7723   -3.0760   -8.7264    0.0000    0.0000    0.0000    0.0000    3.9120   -0.0093    0.0171    1.0862  -15.8081 
  15.0666 4291.3105   -0.1441    0.0449  206.2956   -0.5470   -0.0001    0.5892   -3.0760   -8.7264    0.0000    0.0000    0.0000    0.0000    3.9200   -0.0063    0.0173    1.0840    0.0000 
  15.1091 4291.2681   -0.0689    0.0091  206.3092   -0.4250    0.3051    0.1620   -3.0760   -8.7264    0.0000    0.0000    0.0000    0.0000    3.9120    0.0012    0.0125    1.0879  -15.1367 
  15.1516 4291.2256    0.1068    0.3573  206.3341   -1.0353    0.3661    0.1009   -3.0760   -8.7264    0.0000    0.0000    0.0000    0.0000    3.9120   -0.0022    0.0137    1.0808    0.0000 
  15.1941 4291.1831   -0.0168   -0.1871  206.3662   -0.7301    0.0610    0.1620   -3.0760   -8.7264    0.0000    0.0000    0.0000    0.0000    3.9200   -0.0115    0.0103    1.0837  -15.4419 
  15.2366 4291.1406    0.0127   -0.0537  206.3798   -1.0963    0.4272    1.0165   -3.0760   -8.7264    0.0000    0.0000    0.0000    0.0000    3.9200   -0.0151    0.0115    1.0825  -15.8081 
  15.2791 4291.0981   -0.1696   -0.0539  206.3984   -0.2418   -0.1832    0.2230   -3.0760   -8.7264    0.0000    0.0000    0.0000    0.0000    3.9200   -0.0078    0.0154    1.0820  -14.9536 
  15.3216 4291.0557   -0.1528    0.0184  206.4194   -1.4015   -0.0001    0.8944   -3.0760   -8.7264    0.0000    0.0000    0.0000    0.0000    3.9200   -0.0010    0.0225    1.0669    0.0000 
  15.3641 4291.0132   -0.0739   -0.1553  206.4455   -0.7301    0.3051    0.1620   -3.0760   -8.7264    0.0000    0.0000    0.0000    0.0000    3.9200   -0.0105    0.0171    1.0818  -15.4419 
  15.4066 4290.9707   -0.0736   -0.2363  206.4637   -0.0587    0.3051    0.6503   -3.0760   -8.7264    0.0000    0.0000    0.0000    0.0000    3.9200   -0.0139    0.0171    1.0852    0.0000 
  15.4491 4290.9282    0.4037    0.1762  206.4772    0.0023    0.3661    0.2840   -3.0760   -8.7264    0.0000    0.0000    0.0000    0.0000    3.9200   -0.0042    0.0061    1.0876  -14.7095 
  15.4916 4290.8857    0.1685    0.1348  206.5006   -1.8898   -0.2442    0.8944   -3.0760   -8.7264    0.0000    0.0000    0.0000    0.0000    3.9200   -0.0037    0.0095    1.0942  -16.6016 
  15.5341 4290.8433   -0.1670   -0.3567  206.5385   -1.1574    0.3051    1.0775   -3.0760   -8.7264    0.0000    0.0000    0.0000    0.0000    3.9120   -0.0142    0.0173    1.0815  -15.8691 
  15.5766 4290.8008   -0.1651   -0.1655  206.5625   -0.3029    0.3051    0.6503   -3.0760   -8.7264    0.0000    0.0000    0.0000    0.0000    3.9200   -0.0090    0.0156    1.0757    0.0000 
  15.6191 4290.7583   -0.0264   -0.0336  206.5702   -0.4250    0.0610    0.2840   -3.0760   -8.7264    0.0000    0.0000    0.0000    0.0000    3.9200   -0.0081    0.0129    1.0786  -15.1367 
  15.6616 4290.7158    0.2250   -0.0783  206.6004   -1.1574    0.4882    0.8334   -3.0760   -8.7264    0.0000    0.0000    0.0000    0.0000    3.9200   -0.0195    0.0193    1.0940    0.0000 
  15.7041 4290.6733   -0.3136   -0.1782  206.6268   -0.1808    0.3661    0.3451   -3.0760   -8.7264    0.0000    0.0000    0.0000    0.0000    3.9200   -0.0085    0.0234    1.0762  -14.8926 
  15.7466 4290.6309   -0.0271    0.1228  206.6420   -0.3639    0.3051    0.0399   -3.0760   -8.7264    0.0000    0.0000    0.0000    0.0000    3.9200   -0.0049    0.0149    1.0767    0.0000 
  15.7891 4290.5884   -0.1698   -0.2583  206.6662   -0.7301    0.3051    0.6503   -3.0760   -8.7264    0.0000    0.0000    0.0000    0.0000    3.9200   -0.0117    0.0164    1.0789  -15.4419 
  15.8316 4290.5459   -0.1520   -0.0544  206.6840   -1.0963    0.1220    0.4672   -3.0760   -8.7264    0.0000    0.0000    0.0000    0.0000    3.9200   -0.0061    0.0190    1.0828    0.0000 
  15.8741 4290.5034    0.0518   -0.1727  206.7070    0.4295    0.2441    0.4672   -3.0760   -8.7264    0.0000    0.0000    0.0000    0.0000    3.9200   -0.0032    0.0173    1.0791  -14.2822 
  15.9166 4290.4609   -0.0566   -0.3797  206.7271    0.0023   -0.1221    0.7113   -3.0760   -8.7264    0.0000    0.0000    0.0000    0.0000    3.9200   -0.0159    0.0098    1.0820    0.0000 
  15.9591 4290.4185    0.0378   -0.2505  206.7535   -0.9743    0.1220    0.5282   -3.0760   -8.7264    0.0000    0.0000    0.0000    0.0000    3.9200   -0.0107    0.0127    1.0767  -15.6860 
  16.0016 4290.3760   -0.2732    0.1405  206.7742    0.3075   -0.0001    0.7113   -3.0760   -8.7264    0.0000    0.0000    0.0000    0.0000    3.9120   -0.0078    0.0208    1.0784    0.0000 
  16.0441 4290.3330    0.1413   -0.2230  206.8062    0.0633    0.2441    0.2230   -3.0760   -8.7264    0.0000    0.0000    0.0000    0.0000    3.9200   -0.0134    0.0139    1.0752  -14.6484 
  16.0866 4290.2905   -0.0373   -0.4480  206.8385   -1.4015   -0.0001    0.2840   -3.0760   -8.7264    0.0000    0.0000    0.0000    0.0000    3.9120   -0.0183    0.0134    1.0857    0.0000 
  16.1291 4290.2480   -0.1863   -0.4268  206.8573   -0.9132    0.4272    0.2230   -3.0760   -8.7264    0.0000    0.0000    0.0000    0.0000    3.9200   -0.0156    0.0183    1.0879  -15.6250 
  16.1716 4290.2056   -0.0305   -0.0409  206.8645   -1.2184    0.3051    0.5892   -3.0760   -8.7264    0.0000    0.0000    0.0000    0.0000    3.9200   -0.0073    0.0144    1.0830    0.0000 
  16.2141 4290.1631    0.0197   -0.0869  206.8803   -0.2418    0.4882    0.3451   -3.0760   -8.7264    0.0000    0.0000    0.0000    0.0000    3.9200   -0.0249    0.0093    1.0854  -14.9536 
  16.2566 4290.1206    0.0782   -0.4412  206.9142   -0.7301    0.3051    0.7113   -3.0760   -8.7264    0.0000    0.0000    0.0000    0.0000    3.9200   -0.0120    0.0107    1.0742    0.0000 
  16.2991 4290.0781   -0.0474   -0.1552  206.9232   -0.6081   -0.1832    0.7113   -3.0760   -8.7264    0.0000    0.0000    0.0000    0.0000    3.9200   -0.0059    0.0195    1.0872  -15.3198 
  16.3416 4290.0356   -0.0206    0.0657  206.9347    0.0023    0.4272    0.2840   -3.0760   -8.7264    0.0000    0.0000    0.0000    0.0000    3.9120   -0.0139    0.0117    1.0916  -14.7095 
  16.3841 4289.9932   -0.1093   -0.0992  206.9651   -0.6081    0.1830    1.0775   -3.0760   -8.7264    0.0000    0.0000    0.0000    0.0000    3.9200   -0.0085    0.0171    1.0837  -15.3198 
  16.4266 4289.9507   -0.2461   -0.0350  206.9938   -0.9132   -0.0611    0.5892   -3.0760   -8.7264    0.0000    0.0000    0.0000    0.0000    3.9200   -0.0081    0.0186    1.0808    0.0000 
  16.4691 4289.9082    0.0783   -0.1209  207.0078   -0.6081    0.0610    0.3451   -3.0760   -8.7264    0.0000    0.0000    0.0000    0.0000    3.9200   -0.0103    0.0129    1.0840  -15.3198 
  16.5116 4289.8657   -0.2824   -0.0240  207.0297   -1.0963    0.4272    0.5892   -3.0760   -8.7264    0.0000    0.0000    0.0000    0.0000    3.9200   -0.0083    0.0203    1.0815    0.0000 
  16.5541 4289.8232   -0.2605   -0.1807  207.0517   -1.0353    0.2441    0.7113   -3.0760   -8.7264    0.0000    0.0000    0.0000    0.0000    3.9200   -0.0107    0.0212    1.0864  -15.7471 
  16.5966 4289.7808    0.1021   -0.1530  207.0717   -0.6691    0.2441    0.2230   -3.0760   -8.7264    0.0000    0.0000    0.0000    0.0000    3.9200   -0.0068    0.0156    1.0830    0.0000 
  16.6391 4289.7383    0.0971   -0.0208  207.0868    0.2464    0.3661    0.1620   -3.0760   -8.7264    0.0000    0.0000    0.0000    0.0000    3.9120   -0.0010    0.0193    1.0757  -14.4653 
  16.6816 4289.6958   -0.1317   -0.0264  207.0945   -2.0729    0.0610    0.7113   -3.0760   -8.7264    0.0000    0.0000    0.0000    0.0000    3.9200   -0.0042    0.0164    1.0823    0.0000 
  16.7241 4289.6533   -0.4009   -0.2443  207.1150   -0.3029    0.1830    0.0399   -3.0760   -8.7264    0.0000    0.0000    0.0000    0.0000    3.9120   -0.0122    0.0222    1.0835  -15.0146 
  16.7666 4289.6108   -0.0445   -0.4162  207.1310   -0.9132   -0.1221    1.0165   -3.0760   -8.7264    0.0000    0.0000    0.0000    0.0000    3.9200   -0.0110    0.0203    1.0859    0.0000 
  16.8091 4289.5684    0.3113    0.2276  207.1496   -0.9743    0.1830    0.9554   -3.0760   -8.7264    0.0000    0.0000    0.0000    0.0000    3.9200   -0.0029    0.0115    1.0933  -15.6860 
  16.8516 4289.5259    0.0960   -0.1585  207.1715   -0.1198   -0.0001    0.3451   -3.0760   -8.7264    0.0000    0.0000    0.0000    0.0000    3.9200   -0.0103    0.0144    1.0854    0.0000 
  16.8941 4289.4834   -0.2581   -0.1637  207.2007   -1.2794   -0.0001    0.4061   -3.0760   -8.7264    0.0000    0.0000    0.0000    0.0000    3.9200   -0.0181    0.0200    1.0857  -15.9912 
  16.9366 4289.4409   -0.0714   -0.0580  207.2140   -0.1808   -0.2442    0.5892   -3.0760   -8.7264    0.0000    0.0000    0.0000    0.0000    3.9120   -0.0144    0.0222    1.0779    0.0000 
  16.9791 4289.3984   -0.2375   -0.0398  207.2351   -1.3405    0.0610    0.1620   -3.0760   -8.7264    0.0000    0.0000    0.0000    0.0000    3.9200   -0.0049    0.0217    1.0745  -16.0522 
  17.0216 4289.3560   -0.0276   -0.0910  207.2593   -1.2184    0.1830    1.0165   -3.0760   -8.7264    0.0000    0.0000    0.0000    0.0000    3.9200   -0.0029    0.0208    1.0732    0.0000 
  17.0641 4289.3135    0.0232    0.0281  207.2874   -0.7301    0.3051    0.6503   -3.0760   -8.7264    0.0000    0.0000    0.0000    0.0000    3.9200   -0.0081    0.0159    1.0818  -15.4419 
  17.1066 4289.2705   -0.0929   -0.0607  207.3080   -1.1574   -0.1221    0.4061   -3.0760   -8.7264    0.0000    0.0000    0.0000    0.0000    3.9200   -0.0088    0.0161    1.0874    0.0000 
  17.1491 4289.2280    0.0349   -0.1852  207.3430   -0.7912    0.3661    0.7723   -3.0760   -8.7264    0.0000    0.0000    0.0000    0.0000    3.9200   -0.0139    0.0183    1.0891  -15.5029 
  17.1916 4289.1855   -0.2477    0.1098  207.3653   -2.2560    0.0610    0.7723   -3.0760   -8.7264    0.0000    0.0000    0.0000    0.0000    3.9200   -0.0071    0.0244    1.0876    0.0000 
  17.2341 4289.1431    0.2881   -0.5243  207.3938    0.1854    0.6103    0.8334   -3.0760   -8.7264    0.0000    0.0000    0.0000    0.0000    3.9200   -0.0178    0.0090    1.0854  -14.5264 
  17.2766 4289.1006    0.0771   -0.3357  207.4114   -1.0963   -0.0611    0.2230   -3.0760   -8.7264    0.0000    0.0000    0.0000    0.0000    3.9200   -0.0042    0.0137    1.0769    0.0000 
  17.3191 4289.0581   -0.1153    0.0135  207.4270   -0.3639   -0.0001    0.5282   -3.0760   -8.7264    0.0000    0.0000    0.0000    0.0000    3.9200   -0.0073    0.0161    1.0842  -15.0757 
  17.3616 4289.0156   -0.0822   -0.1108  207.4582   -0.1808    0.1220    0.8334   -3.0760   -8.7264    0.0000    0.0000    0.0000    0.0000    3.9200   -0.0015    0.0149    1.0774    0.0000 
  17.4041 4288.9731    0.0378   -0.1207  207.4794   -0.9743   -0.0001    0.4061   -3.0760   -8.7264    0.0000    0.0000    0.0000    0.0000    3.9200   -0.0088    0.0144    1.0835  -15.6860 
  17.4466 4288.9307    0.0065    0.3689  207.4979   -0.4860    0.7323    0.6503   -3.0760   -8.7264    0.0000    0.0000    0.0000    0.0000    3.9200   -0.0029    0.0151    1.0806    0.0000 
  17.4891 4288.8882   -0.3751    0.1242  207.5181   -0.7912   -0.0001    0.6503   -3.0760   -8.7264    0.0000    0.0000    0.0000    0.0000    3.9200   -0.0056    0.0217    1.0781  -15.5029 
  17.5316 4288.8457   -0.3028   -0.3578  207.5506   -0.8522    0.1220    0.7113   -3.0760   -8.7264    0.0000    0.0000    0.0000    0.0000    3.9200   -0.0142    0.0205    1.0757    0.0000 
  17.5741 4288.8032    0.1665    0.1113  207.5657   -0.5470    0.0610    0.4061   -3.0760   -8.7264    0.0000    0.0000    0.0000    0.0000    3.9200   -0.0056    0.0115    1.0715  -15.2588 
  17.6166 4288.7607   -0.0955   -0.0197  207.5993   -0.6691    0.0610    0.5282   -3.0760   -8.7264    0.0000    0.0000    0.0000    0.0000    3.9200   -0.0144    0.0132    1.0869    0.0000 
  17.6591 4288.7183    0.0520   -0.0415  207.6171   -0.2418    0.1220    0.5282   -3.0760   -8.7264    0.0000    0.0000    0.0000    0.0000    3.9200   -0.0095    0.0115    1.0764  -14.9536 
  17.7016 4288.6758    0.1701   -0.2710  207.6335   -0.6691    0.2441    0.6503   -3.0760   -8.7264    0.0000    0.0000    0.0000    0.0000    3.9200   -0.0127    0.0215    1.0803    0.0000 
  17.7441 4288.6333   -0.1054   -0.1791  207.6589   -0.7912    0.1220    0.5282   -3.0760   -8.7264    0.0000    0.0000    0.0000    0.0000    3.9200   -0.0093    0.0195    1.0818  -15.5029 
  17.7866 4288.5908   -0.1973    0.0168  207.6786   -0.7912    0.0610    0.5282   -3.0760   -8.7264    0.0000    0.0000    0.0000    0.0000    3.9120   -0.0051    0.0183    1.0789    0.0000 
  17.8291 4288.5483    0.0874   -0.0626  207.7074   -0.7301    0.5492    0.9554   -3.0760   -8.7264    0.0000    0.0000    0.0000    0.0000    3.9200   -0.0088    0.0139    1.0776  -15.4419 
  17.8716 4288.5059   -0.1143    0.0824  207.7260   -0.7301    0.3051    0.2840   -3.0760   -8.7264    0.0000    0.0000    0.0000    0.0000    3.9200   -0.0046    0.0051    1.0908    0.0000 
  17.9141 4288.4634   -0.1077   -0.0695  207.7499   -1.3405   -0.2442    0.4672   -3.0760   -8.7264    0.0000    0.0000    0.0000    0.0000    3.9200   -0.0076    0.0154    1.0786  -16.0522 
  17.9566 4288.4209    0.0751   -0.0078  207.7695   -0.4860    0.3661    0.6503   -3.0760   -8.7264    0.0000    0.0000    0.0000    0.0000    3.9200   -0.0076    0.0132    1.0798    0.0000 
  17.9991 4288.3784   -0.0471   -0.0127  207.7903   -0.7301    0.2441    0.4061   -3.0760   -8.7264    0.0000    0.0000    0.0000    0.0000    3.9120   -0.0107    0.0161    1.0869  -15.4419 
  18.0416 4288.3359    0.0107   -0.2982  207.8271   -0.3639   -0.0611    0.8334   -3.0760   -8.7264    0.0000    0.0000    0.0000    0.0000    3.9200   -0.0146    0.0239    1.0833    0.0000 
  18.0841 4288.2935   -0.1540    0.0584  207.8321   -0.4250    0.1830    0.4061   -3.0760   -8.7264    0.0000    0.0000    0.0000    0.0000    3.9200   -0.0017    0.0200    1.0815  -15.1367 
  18.1266 4288.2510   -0.2984   -0.1381  207.8540   -0.3639    0.1830    0.4061   -3.0760   -8.7264    0.0000    0.0000    0.0000    0.0000    3.9200   -0.0137    0.0215    1.0825    0.0000 
  18.1691 4288.2080   -0.0982   -0.1962  207.8808   -1.2184   -0.0611    0.4061   -3.0760   -8.7264    0.0000    0.0000    0.0000    0.0000    3.9200   -0.0125    0.0112    1.0825  -15.9302 
  18.2116 4288.1655    0.3048   -0.1362  207.9030   -0.9743    0.1220    0.2840   -3.0760   -8.7264    0.0000    0.0000    0.0000    0.0000    3.9200   -0.0122    0.0068    1.0818    0.0000 
  18.2541 4288.1230    0.0073    0.0018  207.9225   -0.6081    0.1220    0.5892   -3.0760   -8.7264    0.0000    0.0000    0.0000    0.0000    3.9200   -0.0063    0.0144    1.0867  -15.3198 
  18.2966 4288.0806    0.2377   -0.2912  207.9492   -1.2794    0.0610    1.3216   -3.0760   -8.7264    0.0000    0.0000    0.0000    0.0000    3.9200   -0.0117    0.0085    1.0896    0.0000 
  18.3391 4288.0381   -0.1349   -0.2078  207.9766   -1.0963    0.2441    0.4061   -3.0760   -8.7264    0.0000    0.0000    0.0000    0.0000    3.9200   -0.0115    0.0164    1.0837  -15.8081 
  18.3816 4287.9956   -0.1318   -0.2541  208.0013   -1.1574   -0.1221    0.4061   -3.0760   -8.7264    0.0000    0.0000    0.0000    0.0000    3.9200   -0.0083    0.0212    1.0791    0.0000 
  18.4241 4287.9531   -0.1036    0.0835  208.0190   -1.0963    0.1830    1.1996   -3.0760   -8.7264    0.0000    0.0000    0.0000    0.0000    3.9200   -0.0051    0.0164    1.0779  -15.8081 
  18.4666 4287.9106    0.0355    0.1381  208.0415    0.3685    0.1220    0.3451   -3.0760   -8.7264    0.0000    0.0000    0.0000    0.0000    3.9200   -0.0024    0.0088    1.0786    0.0000 
  18.5091 4287.8682   -0.2101   -0.0386  208.0585   -0.8522    0.0610    0.2840   -3.0760   -8.7264    0.0000    0.0000    0.0000    0.0000    3.9200   -0.0088    0.0188    1.0837  -15.5640 
  18.5516 4287.8257   -0.2083   -0.2964  208.0853   -0.7912    0.4882    0.4672   -3.0760   -8.7264    0.0000    0.0000    0.0000    0.0000    3.9200   -0.0222    0.0134    1.0847    0.0000 
  18.5941 4287.7832    0.1454   -0.7255  208.1163   -0.6691    0.3661    0.5892   -3.0760   -8.7264    0.0000    0.0000    0.0000    0.0000    3.9200   -0.0205    0.0125    1.0818  -15.3809 
  18.6366 4287.7407   -0.1003    0.0865  208.1234   -0.9132   -0.0001    0.3451   -3.0760   -8.7264    0.0000    0.0000    0.0000    0.0000    3.9200   -0.0020    0.0181    1.0801    0.0000 
  18.6791 4287.6982   -0.0414   -0.2553  208.1454   -0.3029    0.3661    0.2840   -3.0760   -8.7264    0.0000    0.0000    0.0000    0.0000    3.9200   -0.0149    0.0132    1.0811  -15.0146 
