   0.0016 4291.0078   -0.1135   -0.0846  179.9976    0.5812    0.3173   -0.9933    0.0000    0.0000    0.0000    0.0000    0.0000    0.0000    3.8880   -0.0063    0.0085    1.0813    0.0000 
   0.0441 4290.9653   -0.2034   -0.6029  179.9696    0.3371    0.2563   -0.4440    0.0000    0.0000    0.0000    0.0000    0.0000    0.0000    3.8800   -0.0173    0.0059    1.0793  -14.8315 
   0.0866 4290.9229   -0.1112   -0.6874  179.9406   -0.5174    0.0732   -0.2609    0.0000    0.0000    0.0000    0.0000    0.0000    0.0000    3.8880   -0.0144   -0.0005    1.0752  -15.6860 
   0.1291 4290.8799    0.0517   -0.5093  179.9104   -1.0057    0.1342   -0.9323    0.0000    0.0000    0.0000    0.0000    0.0000    0.0000    3.8880   -0.0085   -0.0037    1.0872  -16.1743 
   0.1716 4290.8374   -0.2724   -0.5702  179.8782   -0.3343   -0.2930   -0.6882    0.0000    0.0000    0.0000    0.0000    0.0000    0.0000    3.8880   -0.0139    0.0002    1.0806    0.0000 
   0.2141 4290.7949   -0.3002    0.0248  179.8451   -0.3954   -0.0489   -0.6271    0.0000    0.0000    0.0000    0.0000    0.0000    0.0000    3.8880   -0.0017    0.0081    1.0801  -15.5640 
   0.2566 4290.7524   -0.2935   -0.6832  179.8231   -0.2123    0.0121   -1.0544    0.0000    0.0000    0.0000    0.0000    0.0000    0.0000    3.8880   -0.0129    0.0056    1.0754  -15.3809 
   0.2991 4290.7100   -0.3952   -0.8380  179.7929   -0.0292   -0.0489   -0.9323    0.0000    0.0000    0.0000    0.0000    0.0000    0.0000    3.8880    0.0027   -0.0017    1.0723  -15.1978 
   0.3416 4290.6675   -0.5410   -0.6299  179.7539   -0.0292   -0.0489   -0.8102    0.0000    0.0000    0.0000    0.0000    0.0000    0.0000    3.8880   -0.0032    0.0178    1.0771    0.0000 
   0.3841 4290.6250   -0.1327   -0.3402  179.7171   -1.4330    0.1342   -0.3830    0.0000    0.0000    0.0000    0.0000    0.0000    0.0000    3.8880   -0.0046    0.0022    1.0886  -16.6016 
   0.4266 4290.5825   -0.2569   -0.3166  179.6960   -0.3954   -0.2930   -0.3830    0.0000    0.0000    0.0000    0.0000    0.0000    0.0000    3.8880   -0.0139    0.0056    1.0708  -15.5640 
   0.4691 4290.5400   -0.1894   -0.0419  179.6618   -0.5174    0.0121   -0.7492    0.0000    0.0000    0.0000    0.0000    0.0000    0.0000    3.8880    0.0005    0.0044    1.0811  -15.6860 
   0.5116 4290.4976   -0.3612   -0.6743  179.6340   -0.4564    0.0121   -0.6271    0.0000    0.0000    0.0000    0.0000    0.0000    0.0000    3.8800   -0.0083    0.0063    1.0798    0.0000 
   0.5541 4290.4551   -0.3670   -0.4438  179.6082    0.2150   -0.1710   -0.6882    0.0000    0.0000    0.0000    0.0000    0.0000    0.0000    3.8880   -0.0098    0.0093    1.0793  -14.9536 
   0.5966 4290.4126   -0.0940   -0.6019  179.5862   -0.0292    0.0732   -0.6882    0.0000    0.0000    0.0000    0.0000    0.0000    0.0000    3.8800   -0.0110   -0.0042    1.0769  -15.1978 
   0.6391 4290.3701   -0.3216   -0.3572  179.5570   -0.3343    0.3173   -0.4440    0.0000    0.0000    0.0000    0.0000    0.0000    0.0000    3.8880   -0.0110    0.0022    1.0833  -15.5029 
   0.6816 4290.3276   -0.0270   -1.0721  179.5300    0.3371   -0.5372   -0.5051    0.0000    0.0000    0.0000    0.0000    0.0000    0.0000    3.8800   -0.0203    0.0005    1.0828    0.0000 
   0.7241 4290.2852   -0.6606   -0.5663  179.5095   -0.7616    0.0121   -0.5051    0.0000    0.0000    0.0000    0.0000    0.0000    0.0000    3.8880   -0.0164    0.0117    1.0896  -15.9302 
   0.7666 4290.2427   -0.3672   -0.5877  179.4802   -0.5174   -0.3541   -0.3830    0.0000    0.0000    0.0000    0.0000    0.0000    0.0000    3.8880   -0.0107    0.0073    1.0779  -15.6860 
   0.8091 4290.2002   -0.3826   -0.5710  179.4565    0.0319   -0.2320   -0.6271    0.0000    0.0000    0.0000    0.0000    0.0000    0.0000    3.8880   -0.0103    0.0073    1.0718  -15.1367 
   0.8516 4290.1577   -0.3138   -0.5419  179.4295    0.7643    0.3173   -0.3220    0.0000    0.0000    0.0000    0.0000    0.0000    0.0000    3.8880   -0.0098    0.0110    1.0793    0.0000 
   0.8941 4290.1152   -0.1812   -0.5495  179.4047    0.2760    0.2563   -0.9323    0.0000    0.0000    0.0000    0.0000    0.0000    0.0000    3.8880   -0.0085    0.0044    1.0693  -14.8926 
   0.9366 4290.0728    0.0558   -0.6868  179.3775   -0.6395    0.1342   -0.2609    0.0000    0.0000    0.0000    0.0000    0.0000    0.0000    3.8880   -0.0166   -0.0022    1.0847  -15.8081 
   0.9791 4290.0303    0.0484   -0.8078  179.3536    0.2150    0.4394   -0.6271    0.0000    0.0000    0.0000    0.0000    0.0000    0.0000    3.8880   -0.0203   -0.0017    1.0735  -14.9536 
   1.0216 4289.9878   -0.3291   -0.5025  179.3221   -0.7616   -0.1710   -0.6882    0.0000    0.0000    0.0000    0.0000    0.0000    0.0000    3.8880   -0.0110    0.0051    1.0776  -15.9302 
   1.0641 4289.9453   -0.3673   -0.9763  179.2910    0.2760    0.0732   -0.8713    0.0000    0.0000    0.0000    0.0000    0.0000    0.0000    3.8880   -0.0232    0.0078    1.0867  -14.8926 
   1.1066 4289.9028   -0.0693   -0.4982  179.2538   -0.2123    0.0121   -0.3830    0.0000    0.0000    0.0000    0.0000    0.0000    0.0000    3.8880   -0.0205    0.0010    1.0879  -15.3809 
   1.1491 4289.8604   -0.4769   -0.6724  179.2207    0.0319    0.0121   -0.6882    0.0000    0.0000    0.0000    0.0000    0.0000    0.0000    3.8880   -0.0115    0.0073    1.0818  -15.1367 
   1.2816    0.0013    0.0000    0.0000  179.1231   -0.6395    0.1952   -0.1999    0.0000    0.0000    0.0000    0.0000    0.0000    0.0000    3.8880   -0.0205   -0.0005    1.0815  -15.8081 
   1.3241    0.0009    0.0000    0.0000  179.0949    0.6422    0.2563   -0.8102    0.0000    0.0000    0.0000    0.0000    0.0000    0.0000    3.8880   -0.0107   -0.0024    1.0796  -14.5264 
   1.3666    0.0009    0.0000    0.0000  179.0688   -0.5785    0.1952   -0.8713    0.0000    0.0000    0.0000    0.0000    0.0000    0.0190    3.8800    0.0007    0.0037    1.0847  -15.7471 
   1.4091    0.0009    0.0000    0.0000  179.0350    0.0929   -0.0489   -0.7492    0.0000    0.0000    0.0000    0.0000    0.0000    0.0253    3.8880   -0.0137    0.0012    1.0779  -15.0757 
   1.4516    0.0013    0.0000    0.0000  179.0054   -0.6395   -0.0489   -0.5051    0.0000    0.0000    0.0000    0.0000    0.0000    0.0190    3.8880   -0.0085    0.0054    1.0828  -15.8081 
   1.4941    0.0009    0.0000    0.0000  178.9799   -0.5785    0.0732   -0.4440    0.0000    0.0000    0.0000    0.0000    0.0000    0.0190    3.8880   -0.0132    0.0083    1.0657  -15.7471 
   1.5366    0.0009    0.0000    0.0000  178.9413   -0.0292    0.0732   -1.1154    0.0000    0.0000    0.0000    0.0000    0.0000    0.0190    3.8800   -0.0081    0.0171    1.0793  -15.1978 
   1.5791    0.0009    0.0000    0.0000  178.9097    0.4591    0.0732   -1.3595    0.0000    0.0000    0.0000    0.0000    0.0000    0.0253    3.8880   -0.0208   -0.0039    1.0847  -14.7095 
   1.6216    0.0013    0.0000    0.0000  178.8731    0.2760   -0.2930   -0.5661    0.0000    0.0000    0.0000    0.0000    0.0000    0.0190    3.8800   -0.0198   -0.0002    1.0776    0.0000 
   1.6641    0.0009    0.0000    0.0000  178.8425   -0.4564   -0.1099   -0.7492    0.0000    0.0000    0.0000    0.0000    0.0000    0.0190    3.8880   -0.0193    0.0034    1.0752  -15.6250 
   1.7066    0.0009    0.0000    0.0000  178.8047    0.3371   -0.0489   -0.5051    0.0000    0.0000    0.0000    0.0000    0.0000    0.0739    3.8880   -0.0100   -0.0012    1.0786  -14.8315 
   1.7491    0.0010    0.1714   -0.2716  178.7669    0.9474    0.1342   -1.2985   -2.3520    0.9813   -0.0000    0.0000    0.0000    0.2151    3.8160   -0.0105   -0.0027    1.0837    0.0227 
   1.7916    0.0014   -0.0991    0.0598  178.7420    1.1305   -0.7203    0.4715    0.6830    2.0716    0.0000    0.0000    0.2818    0.3676    3.6560   -0.0046    0.0039    1.0811   -0.0033 
   1.8341    0.0010   -0.2002   -0.2384  178.6396    0.0929   -5.7862   -6.2424   -0.2850    2.2172   -0.0000    0.0000    0.8454    0.4144    3.6320   -0.3730    0.0168    1.0444    0.1237 
   1.8766    0.0010   -0.5932   -0.8225  178.7398    1.2526   -3.7721    4.0115    0.6774    3.2205    0.0000    0.0000    0.8454    0.4178    3.6560   -0.2014    0.0842    1.4744   -0.0553 
   1.9191    0.0010    0.3574    1.4679  178.6841   -2.7147   19.9706   -4.7775   -0.1067    3.1550   -0.0000    0.0000    0.8454    0.4178    3.6640    0.3384   -0.3645    4.0037    0.0981 
   1.9616    0.0014    1.0197    1.3453  178.6662   17.7321  -18.6036    4.3778   -0.0835    2.6554   -0.0000    0.0000    0.8454    0.4178    3.6720    0.6680    0.4495    0.1504   -0.0617 
   2.0041    0.0010    0.7368    0.0652  178.7346    9.7365   -9.7535    4.1336   -0.6808    3.1807   -0.0000    0.0000    0.8454    0.4178    3.6800    0.2139    0.2861    1.6750   -0.0574 
   2.0466    0.0010    0.3821    0.2518  178.6862   -3.9354   27.7221    0.1053    0.3647    1.6033   -0.0000    0.0000    1.4090    0.4212    3.6720    0.2830    0.5483    1.3267    0.0228 
   2.0891    0.0010    0.6849    1.7476  178.6547   -3.9354   14.3554   -2.7634    0.9906   -0.8825    0.0000   -0.0000    1.6908    0.4408    3.6640    0.0945   -0.1670    0.1072    0.0777 
   2.1316    0.0014    0.8354    0.4140  178.5337    0.7033  -19.1529   -1.9089    0.2379    0.6998   -0.0000    0.0000    1.9726    0.4936    3.6000    0.0454   -1.0623    1.7305    0.0677 
   2.1741    0.0010    0.7628    1.3666  178.4287   11.0182   57.4462   -1.7258   -0.7859   -0.5337   -0.0000   -0.0000    2.2544    0.4963    3.5920    0.6426    0.3708    0.2317    0.0695 
   2.2166    0.0010    1.2602    0.7437  178.4594   -5.0951  -37.8297    0.4715   -1.6348    0.7122   -0.0000   -0.0000    2.2544    0.5119    3.5920    0.2942   -0.4558    0.2690    0.0311 
   2.2591    0.0010    1.1610   -0.2227  178.4087   -5.3392   12.1581   -2.3361    0.4214    0.6922   -0.0000    0.0000    2.2544    0.5360    3.5760   -0.1670    0.5742    1.5488    0.0801 
   2.3016    0.0014    0.6873    0.7958  178.4513  -10.1610   26.9286   -1.4206   -0.3100    0.6339   -0.0000   -0.0000    2.5362    0.5515    3.5520   -0.1794    0.1909    0.6760    0.0691 
   2.3441    0.0010    1.1729    0.6971  178.5453   12.6662  -27.5758    1.5091    1.2035    1.0001    0.0000    0.0000    2.5362    0.5717    3.5360    0.0774   -0.0601    1.0828    0.0179 
   2.3866    0.0011    1.0039   -0.4934  178.5718  -20.4759   -7.8614    0.2274    0.4274   -0.1179   -0.0000    0.0000    2.5362    0.5736    3.5280    0.0815    0.6650    1.7546    0.0403 
   2.4291    0.0010   -0.2894    0.9023  178.6141  -25.0536   45.3613   -3.9230    1.1971   -0.0585    0.0000   -0.0000    2.5362    0.5755    3.5360   -0.0049   -0.7515    0.9453    0.1127 
   2.4716    0.0014   -0.8532    1.8512  178.6154   20.7228  -16.0401    2.1805    0.1800   -0.3898    0.0000   -0.0000    2.5362    0.5774    3.5280    0.7712    0.9844    0.3792    0.0062 
   2.5141    0.0010    0.5102   -0.4471  178.6815   11.9948  -51.3184   -3.0075   -0.3299    0.6636   -0.0000    0.0000    2.5362    0.5755    3.5200    0.2942   -0.3296    1.3193    0.0968 
   2.5566    0.0010   -1.3877   -0.6024  178.7826  -38.4203   50.2441    4.0115    0.0140    1.0604    0.0000    0.0000    2.5362    0.5792    3.5200    0.8035   -2.0645    0.8232   -0.0257 
   2.5991    0.0010   -2.6055    1.7226  178.7371  -13.5790   25.0976   -0.0168   -0.0002   -0.2983    0.0000   -0.0000    2.5362    0.5811    3.5280    0.9014   -3.7468    1.6697    0.0446 
   2.6416    0.0014   -2.7881    0.6780  178.8454   25.4835  -69.5679    5.4764    1.8030    0.4765    0.0000   -0.0000    2.5362    0.5916    3.4880    0.4104   -2.9470    1.4478   -0.0513 
   2.6841    0.0010   -2.3077   -1.2681  178.9520  -10.4051   10.8154    2.4246    0.5723    0.6584    0.0000    0.0000    2.5362    0.5933    3.5040    0.3149    1.7266    1.4292    0.0019 
   2.7266    0.0010   -3.6329    1.0199  179.0179  -32.9881   75.4516   -1.9089    1.0149    0.2950    0.0000   -0.0000    2.5362    0.5933    3.4960   -0.7070    0.3953    0.4902    0.0776 
   2.7691    0.0010   -4.3336    2.0364  178.9583    4.7316  -35.3272    4.4998    2.2070    0.0061    0.0000   -0.0000    2.5362    0.5933    3.5200    0.8386   -4.3970    1.4666   -0.0343 
   2.8116    0.0014   -2.8684   -0.9295  179.0499   27.7418  -62.4268   -3.3127    0.8330    0.2505    0.0000    0.0000    2.5362    0.5933    3.4960   -0.2332   -1.8726    1.6348    0.1021 
   2.8541    0.0010   -2.6481   -0.4894  179.0622  -15.5321   71.1181    4.1947    0.6921    0.5951    0.0000    0.0000    2.5362    0.5950    3.4960    0.7598    0.6631    0.4211   -0.0289 
   2.8966    0.0010   -3.6211    2.4995  179.0246  -36.4061   50.8544   -0.1999    1.9455   -0.0355    0.0000   -0.0000    2.5362    0.5950    3.4960    0.5308    0.0959    1.2280    0.0478 
   2.9391    0.0010   -3.6412    0.7920  179.0638   14.8024  -89.2823    4.7440    1.5687   -0.1386    0.0000   -0.0000    2.5362    0.5950    3.4640    1.7590   -2.0447    1.7410   -0.0385 
   2.9816    0.0014   -3.4148   -1.7451  179.0391   14.8024   17.9565    2.2415    0.6173    0.0810    0.0000    0.0000    2.5362    0.5950    3.5200    0.5017    0.9595    1.5225    0.0051 
   3.0241    0.0010   -3.9365    1.6836  179.0718  -29.7533   97.9736    0.8988    1.7333    0.6960    0.0000   -0.0000    2.5362    0.5950    3.4720   -0.4380    2.9551    0.5403    0.0286 
   3.0666    0.0010   -5.0363    2.8052  179.0770   -0.0902  -51.3184    1.5701    1.6295   -0.0356    0.0000   -0.0000    2.5362    0.5966    3.5040    0.4290    1.2366    1.3423    0.0169 
   3.1091    0.0010   -4.2160   -0.5945  179.2239   14.7414  -70.3614    2.7298    2.3448    0.3628    0.0000    0.0000    2.5362    0.5966    3.4880    1.0154   -2.6650    0.5811   -0.0034 
   3.1516    0.0014   -4.4222   -0.2602  179.3174  -27.1898   73.1322    1.1429    1.6886   -0.3414    0.0000   -0.0000    2.5362    0.5966    3.4800   -1.2109    1.8171    1.4209    0.0243 
   3.1941    0.0010   -4.2172    3.5829  179.3188   -6.3158   43.1030    2.3636    1.5858    0.4222    0.0000   -0.0000    2.5362    0.5966    3.4960   -0.1934    2.5625    1.0823    0.0030 
   3.2366    0.0011   -4.6131    1.5056  179.4989   32.8688  -96.4845    1.8143    2.4978    0.2654    0.0000   -0.0000    2.5362    0.5950    3.4640   -0.0693    2.2161    0.9202    0.0126 
   3.2791    0.0010   -3.6812   -1.1527  179.5325    5.4640   -9.6925    1.5701    1.6103    0.2226    0.0000    0.0000    2.5362    0.5966    3.5040    0.5681    3.0066    0.8738    0.0169 
   3.3216    0.0014   -4.0130    2.3478  179.6808   -6.4378  100.2929    0.9598    2.4111   -0.2771    0.0000   -0.0000    2.5362    0.5950    3.4720   -0.2341   -0.7766    0.0842    0.0275 
   3.3641    0.0010   -3.4515    4.2149  179.7639   22.6759  -56.2012    4.6219    3.3472   -0.9993    0.0000   -0.0000    2.5362    0.5966    3.4960   -1.2878   -1.4553    1.5168   -0.0364 
   3.4066    0.0010   -2.3123   -0.5325  179.9867   15.1686  -89.0382   -1.8478    2.9822   -0.3047    0.0000    0.0000    2.5362    0.5966    3.4640   -0.4331    1.3901    1.0200    0.0765 
   3.4491    0.0010   -1.8107   -0.1587  180.1101  -16.0204   94.6777    6.5750    2.3184    0.3651    0.0000    0.0000    2.5362    0.5966    3.4720    1.9236   -1.1509   -0.1265   -0.0705 
   3.4916    0.0014   -2.5027    3.6590  180.1324   12.5441   68.2494   -1.0544    2.6909    0.7129    0.0000   -0.0000    2.5362    0.5966    3.4800   -0.7673   -0.5549    0.9888    0.0627 
   3.5341    0.0010   -1.7038    1.7682  180.3461   44.5265 -106.7994    3.1571    3.4651    0.6524    0.0000   -0.0000    2.5362    0.5966    3.4560   -1.1455    0.6353    1.0500   -0.0108 
   3.5766    0.0010   -0.3442   -1.4671  180.4122    0.1539  -22.6929    3.2181    2.1330    1.2957    0.0000    0.0000    2.5362    0.5982    3.4960   -1.9041    0.8081    2.2463   -0.0119 
   3.6191    0.0010   -1.3721    2.2552  180.5101  -20.4149  121.3500    0.5936    3.0403    0.3275    0.0000   -0.0000    2.5362    0.5982    3.4480   -0.3831    2.2644    1.5979    0.0339 
   3.6616    0.0014   -1.3862    4.3366  180.6149   26.4601  -44.3604    5.7816    3.7191    0.2671    0.0000   -0.0000    2.5362    0.5982    3.4880    0.8716   -2.0259    1.2898   -0.0566 
   3.7041    0.0010    0.0329    0.2292  180.8463   46.5407 -107.8980    0.4715    2.7635   -0.3332    0.0000   -0.0000    2.5362    0.5982    3.4480   -1.1270    2.9380    1.8489    0.0360 
   3.7466    0.0010   -0.1633    0.1710  180.9580  -29.9364   97.7904    5.2933    3.4319    0.4687    0.0000    0.0000    2.5362    0.6014    3.4800    0.8203    0.6479    0.4553   -0.0481 
   3.7891    0.0010   -0.4540    4.4849  180.9686  -17.8514   67.7612    2.7298    4.3114    0.3885    0.0000   -0.0000    2.5362    0.5999    3.4880   -0.4993   -0.9692    0.9043   -0.0034 
   3.8316    0.0014    0.2809    3.4081  181.1921   41.4747 -121.2647    6.0257    3.4112    1.0967    0.0000   -0.0000    2.5362    0.6014    3.4400   -0.8176    1.0264    0.6294   -0.0609 
   3.8741    0.0010    1.6551   -1.0565  181.2813   16.6334  -38.5011    0.2884    3.1828    0.2850    0.0000    0.0000    2.5362    0.6030    3.4720   -0.4624   -0.7600    1.4995    0.0392 
   3.9166    0.0011    1.0485    2.6123  181.4518  -22.0629  135.1440    2.0584    3.5938   -0.1690    0.0000   -0.0000    2.5362    0.6046    3.4160    1.4819   -0.7063   -0.0527    0.0083 
   3.9591    0.0010    0.3429    5.9066  181.4183    3.4498  -11.5846    4.3778    3.5106    0.5679    0.0000   -0.0000    2.5362    0.6076    3.4800    0.5229    1.7598    1.3516   -0.0321 
   4.0016    0.0014    1.4643    1.0790  181.7057   45.9303 -128.5890   -2.4582    3.0046    0.5857    0.0000   -0.0000    2.5362    0.6076    3.4160   -1.1216   -3.1292    1.7917    0.0872 
   4.0441    0.0010    2.7038    0.2598  181.7525  -17.7294   88.5741    1.9363    3.6527    0.4174    0.0000    0.0000    2.5362    0.6076    3.4720   -0.2734   -0.2351    0.6858    0.0105 
   4.0866    0.0010    2.0110    5.2471  181.7704  -28.4105   96.7529   -0.0168    3.8596    0.3513    0.0000   -0.0000    2.5362    0.6076    3.4400   -1.2827    1.6162    1.7849    0.0446 
   4.1291    0.0010    1.7654    4.3016  181.9031   32.2584 -123.4010    5.9647    4.9263   -0.2298    0.0000   -0.0000    2.5362    0.6076    3.4080   -0.4326    0.1592    1.0771   -0.0598 
   4.1716    0.0014    2.5608   -0.8154  182.0023   19.6242  -58.0933    2.5467    3.7635    0.3315    0.0000    0.0000    2.5362    0.6076    3.4560    1.1250    1.3250    0.0908   -0.0002 
   4.2141    0.0010    1.8294    2.2297  182.2007  -41.1058  148.3886    4.9271    5.0252   -0.0657    0.0000   -0.0000    2.8180    0.6092    3.4000    1.3574   -2.8018    0.8372   -0.0368 
   4.2566    0.0010    1.8772    6.0559  182.1557    0.6422   15.0268    4.8660    4.8592    0.0207    0.0000   -0.0000    2.5362    0.6092    3.4800   -0.6274   -1.5872    0.8872   -0.0407 
   4.2991    0.0010    2.9190    1.3957  182.4500   33.3571 -158.0079    6.1478    4.1762   -0.4781    0.0000   -0.0000    2.5362    0.6076    3.3920    0.6187   -1.5266    0.6902   -0.0630 
   4.3416    0.0014    2.5068   -1.3436  182.5532  -16.4476   72.7660   -0.4440    4.3987    0.0934    0.0000    0.0000    2.5362    0.6076    3.4800   -1.6350    0.0869    1.7527    0.0520 
   4.3841    0.0010    1.0991    4.5647  182.6148  -18.7059  127.0873   -3.4347    4.8693   -0.3304    0.0000   -0.0000    2.5362    0.6092    3.4080   -0.8359    0.5737    0.8374    0.1042 
   4.4266    0.0010    1.1782    4.2630  182.6570   24.3849 -111.0108   10.7254    4.2075   -0.1935    0.0000   -0.0000    2.5362    0.6092    3.4320    0.7163   -0.5156    0.9087   -0.1429 
   4.4691    0.0010    2.0383   -1.1997  182.8256   15.5958  -88.2447   -2.3361    4.1833   -0.6352    0.0000    0.0000    2.5362    0.6092    3.4320   -0.4814    3.1370    1.3149    0.0850 
   4.5116    0.0014    1.2699    0.8616  182.9593  -32.4388  145.2758    4.9271    5.1601   -0.7281    0.0000   -0.0000    2.5362    0.6076    3.4080    0.3691    1.3787    0.6855   -0.0417 
   4.5541    0.0010   -0.0313    6.5033  182.9108  -18.6449   41.1498    2.1195    4.2574   -0.2494    0.0000   -0.0000    2.5362    0.6092    3.4640    1.3403    0.8347    1.1335    0.0073 
   4.5966    0.0011   -0.0525    2.0714  183.1118   32.1364 -164.1724    2.4857    3.8051   -0.4788    0.0000   -0.0000    2.5362    0.6092    3.3760    0.3513   -4.8357    1.1443    0.0009 
   4.6391    0.0010    0.4028   -2.1903  183.1428   17.6100    3.9184    1.6312    4.0539   -0.5222    0.0000    0.0000    2.5362    0.6076    3.4800   -0.1130    0.4478    1.3640    0.0158 
   4.6816    0.0014   -0.3501    2.9039  183.2509  -30.0585  143.9940    0.4105    4.3777   -0.0624    0.0000   -0.0000    2.5362    0.6076    3.3760   -1.7446   -1.9268    1.7039    0.0371 
   4.7241    0.0010   -0.7886    4.5859  183.2345   -1.2499  -85.0098    5.4764    4.9303   -0.6980    0.0000   -0.0000    2.5362    0.6092    3.4560    2.4375    0.4080    0.9644   -0.0513 
   4.7666    0.0010   -0.1472   -1.9262  183.3857   18.5866 -132.5562    0.0443    4.3858   -0.4876    0.0000    0.0000    2.5362    0.6092    3.3920   -0.6611    2.6992    0.2065    0.0435 
   4.8091    0.0010   -0.4111   -2.1223  183.4179   -7.9027  133.0077    2.3026    4.2122   -0.9430    0.0000    0.0000    2.5362    0.6092    3.4240    0.2888    1.5132    0.9443    0.0041 
   4.8516    0.0014   -1.2450    3.7126  183.4738  -24.8094   81.7992   -1.2985    4.1103   -1.6176    0.0000   -0.0000    2.5362    0.6092    3.4160   -0.7234   -0.4980    1.4473    0.0669 
   4.8941    0.0010   -1.1472    1.4289  183.5617   20.0514 -156.7262    5.1102    4.1422   -1.0552    0.0000   -0.0000    2.5362    0.6092    3.3920    0.5449   -1.1650    1.3809   -0.0449 
   4.9366    0.0010   -0.0878   -4.0208  183.6012   12.3610  -47.9615   -1.2375    3.5579   -0.4308    0.0000    0.0000    2.8180    0.6076    3.4720   -1.3823    0.9653    2.3655    0.0708 
   4.9791    0.0010   -0.6563    0.8094  183.6892  -32.5609  174.6337    0.7767    4.1081   -0.0863    0.0000   -0.0000    2.8180    0.6076    3.3760    0.7146   -0.7112    1.3369    0.0356 
   5.0216    0.0014   -1.9751    4.4784  183.6324  -19.3163  -48.6939    2.5467    3.2313   -0.4615    0.0000   -0.0000    2.8180    0.6092    3.4720    1.6692   -0.8145    1.5029    0.0047 
   5.0641    0.0010   -2.1825   -1.6236  183.8167   17.2438 -170.5201    3.4012    3.8100   -0.6601    0.0000    0.0000    2.8180    0.6076    3.3520    1.9194   -4.2766    0.5989   -0.0102 
   5.1066    0.0010   -1.5833   -3.7899  183.8291   10.4689  103.7109    3.8895    3.8279   -1.2164    0.0000    0.0000    2.8180    0.6076    3.4480    0.4236    2.8923    0.9692   -0.0187 
   5.1491    0.0010   -1.6566    3.7811  183.9337  -31.1571  136.9140    0.5325    3.3699   -1.2247    0.0000   -0.0000    2.8180    0.6092    3.3680    1.3433   -0.4922    1.9092    0.0399 
   5.1916    0.0014   -2.1113    3.1616  183.9623    0.8864 -141.5284    4.3778    3.1742   -1.6800    0.0000   -0.0000    3.3816    0.5966    3.4160   -1.2349    1.7090    0.0532   -0.0174 
   5.2341    0.0010   -1.6803   -3.9469  184.0984   11.9337 -111.0718    1.9363    2.6073   -1.4291    0.0000    0.0000    3.3816    0.5966    3.4320   -0.9561   -3.0427    1.3074    0.0252 
   5.2766    0.0010   -1.5587   -1.7282  184.1963   -8.8793  171.7040    5.0491    3.3592   -0.9222    0.0000    0.0000    3.3816    0.5950    3.4080    1.7881    0.9978    0.5796   -0.0291 
   5.3191    0.0010   -2.0331    4.4596  184.2263  -23.6498   82.5317   -1.6647    3.0255   -0.0973    0.0000   -0.0000    3.9452    0.5950    3.4560    1.7170   -0.0457    1.2666    0.0979 
   5.3616    0.0014   -2.5409    0.1824  184.4305    5.7081 -184.3751    8.7723    3.2511   -1.1480    0.0000   -0.0000    5.0724    0.5774    3.3920    0.6614    0.2268    1.3025   -0.0646 
   5.4041    0.0010   -2.2430   -4.6247  184.6301    1.4357   -9.2652    4.9881    3.6582   -1.0401    0.0000    0.0000    5.3542    0.5678    3.5040   -0.3469   -1.0715    1.2117    0.0064 
   5.4466    0.0010   -1.9927    0.1363  184.9002  -24.3212  181.8358    5.9036    3.1777   -0.0776    0.0000   -0.0000    5.6360    0.5659    3.3920   -0.1526    0.3357    2.0254   -0.0047 
   5.4891    0.0010   -2.9647    4.1959  185.0670   -5.7665  -16.9556    8.5281    3.1363   -0.5094    0.0000   -0.0000    5.6360    0.5639    3.5200    0.1875    1.2021    1.4778   -0.0505 
   5.5316    0.0014   -2.9584   -1.0629  185.3872    7.0509 -171.5577    7.9178    4.2411   -0.8133    0.0000    0.0000    5.9178    0.5639    3.4080    0.4578    4.3083    0.9072   -0.0349 
   5.5741    0.0010   -2.5280   -4.2202  185.6224   -5.8275   33.2153    7.1243    3.0449   -1.0612    0.0000    0.0000    5.9178    0.5659    3.4880    1.1038    0.5347    0.8247   -0.0211 
   5.6166    0.0010   -3.0629    1.4054  185.8879  -19.2552  170.4833    5.1102    3.0894    0.8715    0.0000   -0.0000    5.6360    0.5619    3.4160    0.4053   -1.7090    0.0579    0.0092 
   5.6591    0.0010   -2.8536    4.3161  186.0481   16.1452  -48.2667    6.7581    3.9439   -2.3288    0.0000   -0.0000    5.9178    0.5450    3.5040    0.4124   -2.8718    0.3225   -0.0147 
   5.7016    0.0014   -2.9481   -1.5850  186.3998   22.0045 -143.2374    8.4671    3.5237   -0.6335    0.0000    0.0000    5.9178    0.5450    3.4480   -0.7397    4.3823    1.1245   -0.0445 
   5.7441    0.0010   -3.0016   -3.2985  186.6906  -22.2460   87.9027    6.4530    3.5441   -0.1139    0.0000    0.0000    6.1996    0.5450    3.5040   -0.7441    0.0093    0.7197   -0.0044 
   5.7866    0.0010   -4.1147    2.6137  186.8922  -11.8700  134.3505    1.0208    4.4221   -1.1108    0.0000   -0.0000    5.9178    0.5450    3.4560   -0.5261    0.2642    0.6782    0.0855 
   5.8291    0.0010   -3.7592    3.2959  187.0758   34.2116  -95.8131    7.4295    4.0837   -1.3146    0.0000   -0.0000    6.1996    0.5428    3.4960    0.9338   -3.9521    1.1125   -0.0215 
   5.8716    0.0014   -2.5080   -3.0612  187.3323   33.1129 -126.1475    4.4998    3.6199   -0.5442    0.0000    0.0000    5.9178    0.5450    3.4560    0.5676    0.2451   -0.1953    0.0247 
   5.9141    0.0010   -3.2531   -3.0023  187.5490  -25.1756   99.0722    5.5374    4.5975   -1.2502    0.0000    0.0000    6.1996    0.5450    3.4960   -0.4146   -2.2834    1.2659    0.0116 
   5.9566    0.0010   -4.2402    3.1986  187.7130  -11.6869  125.5004    3.0350    4.0033   -0.1925    0.0000   -0.0000    5.9178    0.5450    3.4720    0.9744   -0.7603    0.2253    0.0503 
   5.9991    0.0010   -3.7757    2.6400  188.0261   29.2067 -107.9591    8.4671    5.2475   -0.6638    0.0000   -0.0000    5.9178    0.5450    3.4560   -0.0698    3.4475    1.1455   -0.0445 
   6.0416    0.0014   -1.8296   -3.0093  188.2607   16.2062  -80.9205    5.9647    4.6329   -1.2165    0.0000    0.0000    5.9178    0.5450    3.4880   -0.5215   -0.5132    0.9465   -0.0008 
   6.0841    0.0010   -2.6419   -1.8291  188.5658  -20.3539  130.2001    8.9554    3.8091   -1.2003    0.0000    0.0000    6.1996    0.5450    3.4800   -0.7151    0.7451    1.2397   -0.0481 
   6.1266    0.0010   -4.0291    3.4558  188.7450   -8.7572   65.3808    4.4388    3.7587   -1.0957    0.0000   -0.0000    6.1996    0.5450    3.5040   -0.8689   -2.2791    0.7898    0.0307 
   6.1691    0.0010   -4.3569    1.2721  189.1017   19.5021 -131.6407    9.9930    3.6919   -0.8892    0.0000   -0.0000    6.1996    0.5450    3.4560    0.2959    2.3420    1.0476   -0.0662 
   6.2116    0.0014   -3.7824   -3.6179  189.3308   12.7272  -64.4410    8.2840    1.9916   -1.4876    0.0000    0.0000    5.9178    0.5428    3.5120    0.7859    0.2239    1.1270   -0.0413 
   6.2541    0.0010   -4.2828   -0.8377  189.6395  -12.6634  147.0458    9.6878    2.6104   -0.9432    0.0000   -0.0000    6.1996    0.5450    3.4560    0.2710    0.4854    0.5872   -0.0609 
   6.2966    0.0010   -4.7287    3.8839  189.8642   -0.5785   52.7465    7.4295    2.5168   -1.7670    0.0000   -0.0000    6.1996    0.5450    3.5040    0.6301   -3.4263    0.6582   -0.0215 
   6.3391    0.0010   -4.7336    0.2062  190.2942   27.8029 -143.1153    6.7581    2.7930   -0.7919    0.0000   -0.0000    5.9178    0.5450    3.4400   -0.3665    2.9536    1.4075   -0.0147 
   6.3816    0.0014   -3.4251   -4.2222  190.5126   -6.6210   -5.1148    6.5140    3.0130   -1.4478    0.0000    0.0000    5.9178    0.5450    3.5200   -0.0889   -0.2234    1.6685   -0.0104 
   6.4241    0.0010   -4.0846   -0.4755  190.8105  -22.6122  158.0932    3.2181    2.8141   -0.9108    0.0000   -0.0000    5.9178    0.5450    3.4400    0.1682    0.5881    0.7227    0.0471 
   6.4666    0.0010   -4.4196    3.5347  191.0026    5.4030   -2.6124    8.1619    3.7973   -0.9781    0.0000   -0.0000    5.9178    0.5450    3.5280   -0.2173    1.1443    0.5652   -0.0392 
   6.5091    0.0011   -3.4673   -1.3074  191.3629   28.2912 -147.0826    7.3074    4.3327   -0.9486    0.0000    0.0000    6.1996    0.5450    3.4320    1.3918    0.2737    0.6030   -0.0193 
   6.5516    0.0014   -2.8889   -4.6250  191.5009    0.6422   20.3368    6.4530    2.7070   -0.8011    0.0000    0.0000    5.9178    0.5450    3.5040    0.7764    1.4343    0.2642   -0.0093 
   6.5941    0.0010   -3.6704    0.3075  191.7586  -29.0819  149.9145    4.5609    1.7545   -0.7721    0.0000   -0.0000    5.9178    0.5450    3.4400   -0.1372    1.7231    1.0432    0.0237 
   6.6366    0.0010   -3.8133    2.7939  191.8754   19.6242  -28.4913    3.3402    1.8751    0.2914    0.0000   -0.0000    5.9178    0.5450    3.5200   -0.4707   -2.4626    1.5574    0.0450 
   6.6791    0.0010   -3.5432   -2.1631  192.1858   22.8590 -145.3736    4.8660    2.5116    0.4660    0.0000    0.0000    5.9178    0.5450    3.4400   -0.4807    0.9272    1.7769    0.0184 
   6.7216    0.0014   -3.2394   -3.5174  192.3625   -6.8041   75.0243    6.3309    4.1933   -1.0076    0.0000    0.0000    5.9178    0.5450    3.5120    0.6167    0.2373    0.1467   -0.0072 
   6.7641    0.0010   -3.8028    2.1152  192.6076  -23.6498  128.4301    5.1102    4.0286   -1.7006    0.0000   -0.0000    5.9178    0.5450    3.4480   -0.3127    1.6204    1.2717    0.0141 
   6.8066    0.0010   -5.1727    3.1099  192.8451   10.4689  -85.9864    8.4671    3.7518   -2.2000    0.0000   -0.0000    6.1996    0.5450    3.4960   -0.0134    1.7637    0.7893   -0.0396 
   6.8491    0.0010   -4.1721   -3.2543  193.2334    4.5485 -130.3590    6.6361    3.9652   -1.2124    0.0000    0.0000    6.1996    0.5405    3.4560   -0.3645    0.1921    0.8809   -0.0076 
   6.8916    0.0014   -4.3178   -3.3341  193.5910  -14.0062   98.2787   10.8475    3.9462   -2.2003    0.0000    0.0000    5.9178    0.5243    3.5040    0.5388   -1.1777    1.4468   -0.0860 
   6.9341    0.0010   -5.0212    2.4668  193.8549  -16.6307  120.6176    4.8050    5.0446   -3.3725    0.0000   -0.0000    5.9178    0.4882    3.5120   -0.8787    3.3423    0.8838    0.0194 
   6.9766    0.0010   -4.4410    2.4843  194.2665   21.5163  -93.6768    9.9930    4.1996   -4.7763    0.0000   -0.0000    5.9178    0.4110    3.6080   -0.3789    0.9043    1.7212   -0.0711 
   7.0191    0.0010   -2.7349   -3.9226  194.5036   22.1266 -166.9801    4.6829    4.5081   -3.2945    0.0000    0.0000    5.9178    0.3281    3.6080    0.1272   -0.0583    1.0002    0.0216 
   7.0616 4294.9458    2.6915    1.1351  194.8455  181.8556  385.6323   19.2703    5.2714   -3.6993    0.0000    0.0000    5.6360    0.2720    3.8080    0.4536   -1.4419   -2.0811  166.6870 
   7.1041 4294.9033    9.2868   18.0947  196.5536   -9.3675  343.7011   36.2381    5.2714   -3.6993    0.0000    0.0000    5.6360    0.2720    3.8000   -0.2542    0.0520   -2.1321  -24.5361 
   7.1466 4294.8608    1.3387   29.1671  196.1043   20.2955  108.7768  -16.2521    5.2714   -3.6993    0.0000    0.0000    5.6360    0.2720    3.8080   -0.0178    0.4729    0.5317    5.1270 
   7.1891 4294.8184    2.5239   26.9783  196.6425   31.2819 -194.8121   -1.4816    5.2714   -3.6993    0.0000    0.0000    5.6360    0.2720    3.8080    0.3145    0.2634    0.1992   16.1133 
   7.2316 4294.7759    1.1112   12.5384  197.4500   17.5490 -459.0333   16.9510    5.2714   -3.6993    0.0000    0.0000    5.6360    0.2720    3.8080    0.4431   -0.0361    2.0664    2.3804 
   7.2741 4294.7334    1.4827  -10.0908  198.4547  168.4279 -197.6807   39.1678    5.2714   -3.6993    0.0000    0.0000    5.6360    0.2720    3.8080    0.5776   -0.2908    2.9648  153.2593 
   7.3166 4294.6909    2.0829   -9.3084  199.8967  -96.3426  111.0351   37.9471    5.2714   -3.6993    0.0000    0.0000    5.6360    0.2720    3.8160    0.0120   -0.0410   -0.1738 -111.5112 
   7.3591 4294.6484   -1.7160   -1.5003  201.9688   76.3869   58.4838   31.8436    5.2714   -3.6993    0.0000    0.0000    5.6360    0.2720    3.8160    0.0562   -0.2124    0.7065   61.2183 
   7.4016 4294.6060    0.7622   -5.2588  203.9913  -77.6048 -139.8194   68.8309    5.2714   -3.6993    0.0000    0.0000    5.6360    0.2720    3.8160   -0.2153   -0.2705    1.6040  -92.7734 
   7.4441 4294.5635   -0.2919   -2.6530  206.3827   36.3478   50.1830   45.7596    5.2714   -3.6993    0.0000    0.0000    5.6360    0.2720    3.8160    0.1245   -0.0371    0.8594   21.1792 
   7.4866 4294.5210   -0.7443   -2.5205  208.1297    6.1354  -32.5806   33.8577    5.2714   -3.6993    0.0000    0.0000    5.6360    0.2720    3.8080   -0.0925    0.0928    1.1570   -9.0332 
   7.5291 4294.4785   -0.4578   -2.7448  209.2236   -1.6161   22.7172   16.3406    5.2714   -3.6993    0.0000    0.0000    5.6360    0.2720    3.8160   -0.1240    0.0637    1.0938  -16.7847 
   7.5716 4294.4360   -0.2234   -0.6942  209.5222  -20.7201  -10.2418    2.7298    5.2714   -3.6993    0.0000    0.0000    5.6360    0.2720    3.8160   -0.0273    0.1199    1.0764  -35.8887 
   7.6141 4294.3931    0.3348   -1.2290  209.5435    8.2716   -4.4434   -1.6037    5.2714   -3.6993    0.0000    0.0000    5.6360    0.2720    3.8160   -0.0679   -0.0750    1.0295   -6.8970 
   7.6566 4294.3506   -0.2184    0.3965  209.5154    1.9240   -1.5748   -3.9841    5.2714   -3.6993    0.0000    0.0000    5.6360    0.2720    3.8160    0.0325    0.0176    1.0876  -13.2446 
   7.6991 4294.3081    0.2546   -1.2458  209.4569    1.4357   11.0595    0.2274    5.2714   -3.6993    0.0000    0.0000    5.6360    0.2720    3.8160   -0.0591    0.0247    1.0698  -13.7329 
   7.7416 4294.2656    0.4596   -0.5373  209.3998   -0.7005   -9.5094   -1.6647    5.2714   -3.6993    0.0000    0.0000    5.6360    0.2720    3.8160   -0.0293    0.0583    1.0496  -15.8691 
   7.8566    0.0009    0.0000    0.0000  209.3006    0.3371   -1.8800   -1.1764    5.2714   -3.6993    0.0000    0.0000    0.0000    0.0000    3.8160    0.0051   -0.0085    1.0842  -14.8315 
   7.8991    0.0009    0.0000    0.0000  209.2593    0.8864   -1.5748   -0.8713    5.2714   -3.6993    0.0000    0.0000    0.0000    0.0000    3.8160   -0.0293   -0.0081    1.0767  -14.2822 
   7.9416    0.0013    0.0000    0.0000  209.2258   -0.3343   -0.1710   -0.7492    5.2714   -3.6993    0.0000    0.0000    0.0000    0.0973    3.8240   -0.0083    0.0127    1.0752  -15.5029 
   7.9841    0.0009    0.0000    0.0000  209.1873    0.0929    0.3173   -1.1154    5.2714   -3.6993    0.0000    0.0000    0.0000    0.0973    3.8160   -0.0066   -0.0186    1.0867  -15.0757 
   8.0266    0.0009    0.0000    0.0000  209.1459    0.7033   -0.0489   -0.9933    5.2714   -3.6993    0.0000    0.0000    0.0000    0.0973    3.8240   -0.0229   -0.0049    1.0862  -14.4653 
   8.0691    0.0009    0.0000    0.0000  209.1121    0.3371   -0.2320   -1.1154    5.2714   -3.6993    0.0000    0.0000    0.0000    0.0973    3.8240   -0.0095    0.0112    1.0706  -14.8315 
   8.1116    0.0013    0.0000    0.0000  209.0809    1.0695   -0.1710   -0.5051    5.2714   -3.6993    0.0000    0.0000    0.0000    0.0973    3.8240   -0.0186    0.0012    1.0774  -14.0991 
   8.1541    0.0009    0.0000    0.0000  209.0430    0.2760   -0.1710   -1.4816    5.2714   -3.6993    0.0000    0.0000    0.0000    0.0973    3.8240   -0.0137    0.0054    1.0764  -14.8926 
   8.1966    0.0010    0.0000    0.0000  209.0017    1.0084    0.3173   -1.2985    5.2714   -3.6993    0.0000    0.0000    0.0000    0.0973    3.8240   -0.0027    0.0029    1.0852  -14.1602 
   8.2391    0.0009    0.0000    0.0000  208.9666   -0.2733    0.1952   -0.6271    5.2714   -3.6993    0.0000    0.0000    0.0000    0.0973    3.8240   -0.0117    0.0032    1.0837  -15.4419 
   8.2816    0.0013    0.0000    0.0000  208.9298    0.6422    0.0121   -0.8102    5.2714   -3.6993    0.0000    0.0000    0.0000    0.0973    3.8240   -0.0166   -0.0012    1.0798  -14.5264 
   8.3241    0.0009    0.0000    0.0000  208.8911    1.3746    0.3173   -1.0544    5.2714   -3.6993    0.0000    0.0000    0.0000    0.0973    3.8240   -0.0076    0.0020    1.0823  -13.7939 
   8.3666    0.0010    0.0000    0.0000  208.8610    0.6422    0.0732   -0.6882    5.2714   -3.6993    0.0000    0.0000    0.0000    0.0973    3.8240   -0.0005    0.0027    1.0793  -14.5264 
   8.4091    0.0009    0.0000    0.0000  208.8148    0.8253    0.0732   -1.2375    5.2714   -3.6993    0.0000    0.0000    0.0000    0.0973    3.8240   -0.0120    0.0063    1.0979  -14.3433 
   8.4516    0.0013    0.0000    0.0000  208.7745    1.2526    0.1952   -0.9933    5.2714   -3.6993    0.0000    0.0000    0.0000    0.0973    3.8240   -0.0093   -0.0012    1.0796  -13.9160 
   8.4941    0.0009    0.0000    0.0000  208.7299    0.7033    0.0732   -1.1764   -0.6312   -0.2353    0.0000    0.0000    0.0000    0.0973    3.8240   -0.0178    0.0007    1.0845  -14.4653 
   8.5366    0.0009    0.0000    0.0000  208.6861    0.0929    0.1342   -0.9323   -1.1113    0.2874    0.0000    0.0000    0.0000    0.0973    3.8240   -0.0081    0.0110    1.0789  -15.0757 
   8.5791    0.0009    0.0000    0.0000  208.6526    0.3981    0.0121   -0.8713   -1.1113    0.2874    0.0000    0.0000    0.0000    0.0973    3.8240   -0.0083    0.0127    1.0701  -14.7705 
   8.6216    0.0013    0.0000    0.0000  208.6090    1.0084    0.1952   -1.2985   -1.1113    0.2874    0.0000    0.0000    0.0000    0.0973    3.8240   -0.0083    0.0122    1.0786  -14.1602 
   8.6641    0.0010    0.0000    0.0000  208.5645    0.7643    0.3173   -0.8102   -1.1113    0.2874    0.0000    0.0000    0.0000    0.0973    3.8320   -0.0103    0.0015    1.0776  -14.4043 
   8.7066    0.0009    0.0000    0.0000  208.5313    0.6422    0.0732   -1.0544   -1.1113    0.2874    0.0000    0.0000    0.0000    0.0973    3.8240   -0.0137    0.0007    1.0845  -14.5264 
   8.7491    0.0009    0.0000    0.0000  208.4936    0.5202   -0.1099   -0.8102   -1.1113    0.2874    0.0000    0.0000    0.0000    0.0973    3.8320   -0.0168    0.0000    1.0767  -14.6484 
   8.7916    0.0013    0.0000    0.0000  208.4625   -0.5174    0.3173   -1.0544   -1.1113    0.2874    0.0000    0.0000    0.0000    0.0973    3.8240   -0.0007   -0.0007    1.0774  -15.6860 
   8.8341    0.0009    0.0000    0.0000  208.4324    0.3981    0.3783   -0.9323   -1.1113    0.2874    0.0000    0.0000    0.0000    0.0973    3.8320   -0.0271   -0.0015    1.0847  -14.7705 
   8.8766    0.0009    0.0000    0.0000  208.3873    1.1305    0.0732   -1.0544   -1.1113    0.2874    0.0000    0.0000    0.0000    0.0973    3.8320   -0.0146   -0.0029    1.0764  -14.0381 
   8.9191    0.0009    0.0000    0.0000  208.3408   -0.4564   -0.1099   -0.6882   -1.1113    0.2874    0.0000    0.0000    0.0000    0.0973    3.8240   -0.0110    0.0017    1.0784  -15.6250 
   8.9616    0.0013    0.0000    0.0000  208.2976    0.2150    0.0121   -0.7492   -1.1113    0.2874    0.0000    0.0000    0.0000    0.0973    3.8320   -0.0212   -0.0017    1.0889  -14.9536 
   9.0041    0.0009    0.0000    0.0000  208.2532    1.5578    0.1342   -1.1764   -1.1113    0.2874    0.0000    0.0000    0.0000    0.0973    3.8240   -0.0061    0.0032    1.0791  -13.6108 
   9.0466    0.0009    0.0000    0.0000  208.2159   -0.0292    0.0732   -0.7492   -1.1113    0.2874    0.0000    0.0000    0.0000    0.0973    3.8320   -0.0098   -0.0002    1.0847  -15.1978 
   9.0891    0.0009    0.0000    0.0000  208.1796    0.0929   -0.0489   -0.8713   -1.1113    0.2874    0.0000    0.0000    0.0000    0.0973    3.8320   -0.0164    0.0066    1.0767  -15.0757 
   9.1316    0.0013    0.0000    0.0000  208.1327   -0.0292   -0.2930   -0.9323   -1.1113    0.2874    0.0000    0.0000    0.0000    0.0973    3.8320   -0.0127    0.0005    1.0735  -15.1978 
   9.1741    0.0009    0.0000    0.0000  208.1015    0.8253    0.3173   -1.0544   -1.1113    0.2874    0.0000    0.0000    0.0000    0.0973    3.8320   -0.0142   -0.0017    1.0779  -14.3433 
   9.2166    0.0009    0.0000    0.0000  208.0712    0.7033    5.5053    0.5936   -1.1113    0.2874    0.0000    0.0000    0.0000    0.0973    3.8320   -0.1758    0.4131    1.0762  -14.4653 
   9.2591    0.0009    0.0000    0.0000  208.1011    2.3512   -2.1241   -8.9889   -1.1113    0.2874    0.0000    0.0000    0.0000    0.0973    3.8320    0.0469   -0.0803    1.0752  -12.8174 
   9.3016    0.0013    0.0000    0.0000  207.5901    2.4733   -1.0255   -9.2331   -1.1113    0.2874    0.0000    0.0000    0.0000    0.0973    3.8320   -0.0623    0.0425    1.0842  -12.6953 
   9.3441    0.0009    0.0000    0.0000  208.1860    0.3981  -29.1016   15.1199   -1.1113    0.2874    0.0000    0.0000    0.0000    0.0973    3.8320    0.0122   -0.0190    1.0945  -14.7705 
   9.3866    0.0009    0.0000    0.0000  209.9930 -305.6932   18.9330   94.7098    0.1806    0.3967    0.0000    0.0000    0.0000    0.0973    3.8320    0.1875   -0.0217    1.6548 -320.8618 
   9.4291    0.0009    0.0000    0.0000  214.7661  -83.8915   45.1171   79.8782    0.1806    0.3967    0.0000    0.0000    0.0000    0.0973    3.8320   -0.1370    0.2664    1.6018  -99.0601 
   9.4716    0.0013    0.0000    0.0000  215.6372 -169.4628   68.4325   17.1951    0.1806    0.3967    0.0000    0.0000    0.0000    0.0973    3.8320   -0.1152    0.3545    1.6704    0.0000 
   9.5141    0.0009    0.0000    0.0000  219.9398   84.8097  -31.5430  169.7830    0.1806    0.3967    0.0000    0.0000    0.0000    0.0973    3.8320    0.2874    0.2756    1.8162   69.6411 
   9.5566    0.0009    0.0000    0.0000  226.5292 -178.4960   38.9526   81.9534    0.1806    0.3967    0.0000    0.0000    0.0000    0.0973    3.8320    0.0210    0.4292    1.3789 -193.6646 
   9.5991    0.0009    0.0000    0.0000  227.8349 -227.6293   88.3910   33.1253    0.1806    0.3967    0.0000    0.0000    0.0000    0.0973    3.8320   -0.4192    0.0547    1.5557 -242.7979 
   9.6416    0.0013    0.0000    0.0000  233.8846   13.2765  -46.1304  137.0682    0.1806    0.3967    0.0000    0.0000    0.0000    0.0973    3.8320    0.1533    0.6333    1.2019   -1.8921 
   9.6841    0.0009    0.0000    0.0000  237.1630 -219.6947   53.2348  100.0198    0.1806    0.3967    0.0000    0.0000    0.0000    0.0973    3.8320    0.0466    0.6738    1.0464 -234.8633 
   9.7266    0.0009    0.0000    0.0000  249.2962 -157.8050   69.4701  241.4383    0.1806    0.3967    0.0000    0.0000    0.0000    0.0973    3.8320   -0.0715    0.4265    0.9817 -172.9736 
   9.7691    0.0009    0.0000    0.0000  260.7955  -65.9471  -38.8673  195.2347    0.1806    0.3967    0.0000    0.0000    0.0000    0.0973    3.8320   -0.0061    0.6870    0.6841  -81.1157 
   9.8116    0.0013    0.0000    0.0000  270.0547 -229.1551    4.5287   94.2215    0.1806    0.3967    0.0000    0.0000    0.0000    0.0973    3.8320   -0.1238    0.4624    0.6750 -244.3237 
   9.8541    0.0009    0.0000    0.0000  279.5583 -129.6678   -0.9644  129.3167    0.1806    0.3967    0.0000    0.0000    0.0000    0.0973    3.8320   -0.0647    0.5811    0.4705 -144.8364 
   9.8966    0.0009    0.0000    0.0000  288.0310  -29.3871  114.5141  127.6688    0.6813    1.2785    0.0000    0.0000    0.0000    0.0973    3.8320   -0.1873    0.5691    0.3284  -44.5557 
   9.9391    0.0009    0.0000    0.0000  299.3973 -167.5096   -2.0020  121.0770    0.6813    1.2785    0.0000    0.0000    0.0000    0.0973    3.8320    0.0515    0.5654    0.2786 -182.6782 
   9.9816    0.0013    0.0000    0.0000  312.9461 -115.2635   78.5033   85.8597    0.6813    1.2785    0.0000    0.0000    0.0000    0.0973    3.8320   -0.2437    0.5293    0.3838 -130.4321 
  10.0241    0.0009    0.0000    0.0000  312.7882  -75.1634   91.9921 -196.9162   -0.1102    0.8381    0.0000    0.0000    0.0000    0.0973    3.8320   -0.0369    0.7188    0.7322  -90.3320 
  10.0666    0.0009    0.0000    0.0000  309.0724  -59.9046  121.8993   43.8065   -0.1102    0.8381    0.0000    0.0000    0.0000    0.0973    3.8320   -0.4333    0.5046    0.3162  -75.0732 
  10.1091    0.0009    0.0000    0.0000  309.2458   49.7145  143.5668 -116.2277   -0.1102    0.8381    0.0000    0.0000    0.0000    0.0973    3.8320    0.1304    0.4956    0.6333   34.5459 
  10.1516    0.0013    0.0000    0.0000  297.7837  -14.4335  159.0697  -52.0187   -0.1102    0.8381    0.0000    0.0000    0.0000    0.0973    3.8400   -0.3455    0.8523    0.4290    0.0000 
  10.1941    0.0010    0.0000    0.0000  308.7599  -51.7259   65.5639   72.4320   -0.1102    0.8381    0.0000    0.0000    0.0000    0.0973    3.8400   -0.1108    0.5537    0.4668  -66.8945 
  10.2366    0.0009    0.0000    0.0000  309.9743   51.7897  131.0546   -7.2189   -0.1102    0.8381    0.0000    0.0000    0.0000    0.0973    3.8400   -0.2183    0.6284    0.4775   36.6211 
  10.2791    0.0009    0.0000    0.0000  314.9384  -33.7816   54.9438  152.5101   -0.1102    0.8381    0.0000    0.0000    0.0000    0.0973    3.8400   -0.1931    0.5757    0.4841  -48.9502 
  10.3216    0.0013    0.0000    0.0000  323.8432   43.4889  103.4057   67.6712   -0.1007    0.2668    0.0000    0.0000    0.0000    0.0973    3.8320   -0.1211    0.7131    0.4980   28.3203 
  10.3641    0.0009    0.0000    0.0000  329.3722    6.6847   65.4418   81.7703   -0.1007    0.2668    0.0000    0.0000    0.0000    0.0973    3.8400   -0.2163    0.6914    0.5410   -8.4839 
  10.4066    0.0009    0.0000    0.0000  332.5851   56.4284   92.9687   -8.2565   -0.1007    0.2668    0.0000    0.0000    0.0000    0.0973    3.8320   -0.2046    0.5745    0.6157   41.2598 
  10.4491    0.0009    0.0000    0.0000  331.2612   20.1735   94.0673  -29.0695   -0.1007    0.2668    0.0000    0.0000    0.0000    0.0973    3.8400   -0.2288    0.7327    0.7361    5.0049 
  10.4916    0.0013    0.0000    0.0000  336.4420   -5.7665   28.3324   89.3997    1.8952   -1.5066    0.0000    0.0000    0.0000    0.0973    3.6320   -0.4834    0.7170    0.6514  -20.9351 
  10.5341    0.0009    0.0000    0.0000  338.1270  141.9386   87.3534   -7.2189    1.8952   -1.5066    0.0000    0.0000    0.0000    0.0973    3.8400   -0.2800    0.7776    0.7021  126.7700 
  10.5766    0.0009    0.0000    0.0000  335.0817   91.7067   55.2489  -26.2619    1.0046   -1.8120    0.0000    0.0000    0.0000    0.0973    3.7520   -0.1270    0.8420    0.7590   76.5381 
  10.6191    0.0009    0.0000    0.0000  331.0882  117.8908   28.9428  -45.9152    1.0046   -1.8120    0.0000    0.0000    0.0000    0.0973    3.8400   -0.0381    0.5610    0.6499  102.7222 
  10.6616    0.0013    0.0000    0.0000  325.6121  120.8815  107.1899 -109.4528    1.0046   -1.8120    0.0000    0.0000    0.0000    0.0973    3.8320    0.0264    0.6384    0.8218  105.7129 
  10.7041    0.0009    0.0000    0.0000  325.1748  185.3957   65.8080   70.4178    1.0046   -1.8120    0.0000    0.0000    0.0000    0.0973    3.8400    0.1592    0.6003    0.9077  170.2271 
  10.7466    0.0009    0.0000    0.0000  329.1620  155.2443   50.4272   38.2523    1.0046   -1.8120    0.0000    0.0000    0.0000    0.0973    3.8320   -0.0273    0.4536    0.8945  140.0757 
  10.7891    0.0009    0.0000    0.0000  330.2755  118.6232   16.3696  -29.7409    1.0046   -1.8120    0.0000    0.0000    0.0000    0.0973    3.8400    0.2322    0.3826    0.9839  103.4546 
  10.8316    0.0014    3.2803   -0.3799  327.9006  128.9992  -47.2901  -55.1926   -2.1032    1.3257   -0.0000    0.0000    0.2818    0.1200    3.6960    0.0618    0.3635    0.8186    0.9682 
  10.8741    0.0011    5.6970   -3.1867  328.5112   52.6442  -14.6363   45.0882   -2.2930   -0.9238   -0.0000    0.0000    2.5362    0.1200    3.7680   -0.1421    0.4204    1.1284   -0.7427 
  10.9166    0.0010    7.6398   -4.0218  330.1094  136.6896   58.3617   -3.8010   -1.7368   -0.3050   -0.0000    0.0000    3.0998    0.1200    3.7840    0.2063    0.4746    1.0574    0.1204 
  10.9591    0.0010   10.7864   -1.2777  330.6069   87.9225   -9.3873    4.3778   -3.6230    1.5929   -0.0000    0.0000    3.0998    0.1312    3.7920    0.0459    0.2607    1.0442   -0.0223 
  11.0016    0.0014    6.5001   -5.6404  328.9094    0.8864  -47.5343  -22.5998   -3.3078    1.6065   -0.0000    0.0000    2.8180    0.1312    3.7520    0.2517    0.1760    1.1084    0.4436 
  11.0441    0.0010    6.2908   -6.3655  328.4741  -20.2318  -57.7882   11.9461   -5.6092   -0.6256   -0.0000    0.0000    0.8454    0.1256    3.7920   -0.0630    0.2419    1.0017   -0.1937 
  11.0866    0.0009    0.0000    0.0000  328.3479  -39.1527    9.8998  -19.4870   -6.6097   -1.6357    0.0000    0.0000    0.0000    0.0000    3.8400    0.0745    0.1873    0.9778  -54.3213 
  11.1816 4294.9106    1.3621    1.3315  329.0972   17.7321   27.6000    7.1854   -6.6097   -1.6357    0.0000    0.0000    0.0000    0.0000    3.8400    0.0161    0.2781    1.1069    2.5635 
  11.2241 4294.8682    1.5235    1.0634  329.6645   18.7697   17.0409    8.1619   -6.6097   -1.6357    0.0000    0.0000    0.0000    0.0000    3.8400    0.0820    0.1252    1.0056    3.6011 
  11.2666 4294.8257    2.7898    2.5180  330.1995   50.3859   -9.1431   20.6741   -6.6097   -1.6357    0.0000    0.0000    0.0000    0.0000    3.8320   -0.0071    0.3145    1.0005   35.2173 
  11.3091 4294.7832    2.2337   -0.4391  331.5599    5.2809  -96.1793   28.1815   -6.6097   -1.6357    0.0000    0.0000    0.0000    0.0000    3.8400    0.0027    0.1675    1.1421   -9.8877 
  11.3516 4294.7407    1.8592    0.6636  331.4592   12.9713   53.1127    6.6971   -6.6097   -1.6357    0.0000    0.0000    0.0000    0.0000    3.8400    0.0964    0.1477    1.0435   -2.1973 
  11.3941 4294.6982    2.2819    2.9099  332.6905   39.3385   15.6371   43.9285   -6.6097   -1.6357    0.0000    0.0000    0.0000    0.0000    3.8400    0.0969    0.2705    1.2610   24.1699 
  11.4366 4294.6558    0.4805    2.3991  334.4654  -73.6986  -35.0220   49.4217   -6.6097   -1.6357    0.0000    0.0000    0.0000    0.0000    3.8400    0.0850    0.1221    0.9114  -88.8672 
  11.4791 4294.6133    0.1981   -0.8313  336.7422    6.6847  -69.4459   33.3084   -6.6097   -1.6357    0.0000    0.0000    0.0000    0.0000    3.8400   -0.0552    0.2791    0.9814   -8.4839 
  11.5216 4294.5708    0.6598   -2.4997  338.7552   89.2042   16.9189   61.9949   -6.6097   -1.6357    0.0000    0.0000    0.0000    0.0000    3.8400   -0.0669    0.2231    1.2671   74.0356 
  11.5641 4294.5283    5.8403   -0.4132  341.0480   51.9728   -6.3966   64.6195   -6.6097   -1.6357    0.0000    0.0000    0.0000    0.0000    3.8400    0.0173    0.0537    1.0149   36.8042 
  11.6066 4294.4858    8.1932   -1.7217  344.5544   37.3244  -20.3126   67.6102   -6.6097   -1.6357    0.0000    0.0000    0.0000    0.0000    3.8400   -0.0369    0.0886    1.2771   22.1558 
  11.6491 4294.4434    8.5879   -4.1346  346.8253   26.4601  -58.7647   91.1697   -6.6097   -1.6357    0.0000    0.0000    0.0000    0.0000    3.8400   -0.1201    0.2458    1.1270   11.2915 
  11.6916 4294.4009    8.0463   -6.6466  351.9992   10.1637   50.7323   74.9954   -6.6097   -1.6357    0.0000    0.0000    0.0000    0.0000    3.8400   -0.2507    0.1431    1.0415   -5.0049 
  11.7341 4294.3584    7.1993   -5.1559  355.2163   26.8263   17.4071   93.3670   -6.6097   -1.6357    0.0000    0.0000    0.0000    0.0000    3.8320   -0.0139    0.0662    1.1445   11.6577 
  11.7766 4294.3159   10.0904   -3.9729  359.0350   -7.7806   20.3979   52.0462   -6.6097   -1.6357    0.0000    0.0000    0.0000    0.0000    3.8400   -0.1387   -0.1013    0.9834  -22.9492 
  11.8191 4294.2734   12.1539   -3.6526    0.2874   17.7321  -31.1768   34.7122   -6.6097   -1.6357    0.0000    0.0000    0.0000    0.0000    3.8400    0.3027    0.0042    0.9922    2.5635 
  11.8616 4294.2305   16.5007   -3.7949    5.8618   49.4703    1.1108  135.2981   -6.6097   -1.6357    0.0000    0.0000    0.0000    0.0000    3.8400   -0.0422   -0.1045    1.0400   34.3018 
  11.9041 4294.1880   16.4953   -3.2296   10.6938   37.5685   -4.8096  123.2132   -6.6097   -1.6357    0.0000    0.0000    0.0000    0.0000    3.8400   -0.0806   -0.0217    0.8652   22.3999 
  11.9466 4294.1455   17.4005    0.4249   16.0573    0.3981   45.3613   97.3953   -6.6097   -1.6357    0.0000    0.0000    0.0000    0.0000    3.8400    0.1829   -0.0210    1.1260  -14.7705 
  11.9891 4294.1030   14.6874    1.2513   17.7993   -7.2923  -10.9742   17.7445   -6.6097   -1.6357    0.0000    0.0000    0.0000    0.0000    3.8400    0.0005    0.0359    1.1790  -22.4609 
  12.0316 4294.0605   12.8484    2.2302   19.2148   -7.7196    9.6557   63.0936   -6.6097   -1.6357    0.0000    0.0000    0.0000    0.0000    3.8400    0.1111    0.0269    1.0061  -22.8882 
  12.0741 4294.0181   12.0247    1.7669   23.1385    7.1120  -58.5206   98.5550   -6.6097   -1.6357    0.0000    0.0000    0.0000    0.0000    3.8400    0.0566   -0.0505    1.0920   -8.0566 
  12.1166 4293.9756   11.1423    1.5639   25.7371  -46.9042   33.0321   40.1444   -6.6097   -1.6357    0.0000    0.0000    0.0000    0.0000    3.8400    0.1519    0.0259    1.0095  -62.0728 
  12.1591 4293.9331    8.9027    3.0282   25.8150  -49.5897   70.2026  -13.0173   -6.6097   -1.6357    0.0000    0.0000    0.0000    0.0000    3.8400   -0.0779    0.1257    1.0554  -64.7583 
  12.2016 4293.8906    5.8077    2.6531   25.8502  -16.0814  -22.9981   16.0355   -6.6097   -1.6357    0.0000    0.0000    0.0000    0.0000    3.8400   -0.1023    0.0962    1.0574  -31.2500 
  12.2441 4293.8481    5.6891   -0.6306   25.5491  -16.8138    5.2612  -38.6520   -6.6097   -1.6357    0.0000    0.0000    0.0000    0.0000    3.8400   -0.2334    0.0825    1.0166  -31.9824 
  12.2866 4293.8057    6.3306   -2.5699   23.3079    9.1261  -25.7447  -73.6252   -6.6097   -1.6357    0.0000    0.0000    0.0000    0.0000    3.8400   -0.0876    0.0493    1.2578   -6.0425 
  12.3291 4293.7632    7.5001   -0.9281   19.3840  -17.0580    6.2987  -93.7668   -6.6097   -1.6357    0.0000    0.0000    0.0000    0.0000    3.8400    0.0503   -0.0984    1.1833  -32.2266 
  12.3716 4293.7207    9.5772    0.6149   17.4513   20.6618   16.8578   -1.5427   -6.6097   -1.6357    0.0000    0.0000    0.0000    0.0000    3.8400   -0.0576   -0.2192    1.3145    5.4932 
  12.4141 4293.6782   12.3157    0.9874   17.1000   -5.2171   70.3246  -44.6945   -6.6097   -1.6357    0.0000    0.0000    0.0000    0.0000    3.8400   -0.0378   -0.1450    1.1482  -20.3857 
  12.4566 4293.6357   15.1715    2.0911   13.3393   32.0753   -5.6641 -106.5231   -6.6097   -1.6357    0.0000    0.0000    0.0000    0.0000    3.8480    0.0720   -0.0481    0.9097   16.9067 
  12.4991 4293.5933   14.8092    0.3136   10.5256   34.6998  -37.2193  -30.2902   -6.6097   -1.6357    0.0000    0.0000    0.0000    0.0000    3.8400   -0.1638    0.0989    1.1113   19.5312 
  12.5416 4293.5508   15.3526   -0.5882    9.1559   19.3190    1.9653  -20.7687   -6.6097   -1.6357    0.0000    0.0000    0.0000    0.0000    3.8400    0.0911    0.0117    1.3101    0.0000 
  12.5841 4293.5083   13.7812   -0.4690    8.8239  -35.1244   39.5019  -17.5339   -6.6097   -1.6357    0.0000    0.0000    0.0000    0.0000    3.8480   -0.1270   -0.0071    1.1489  -50.2930 
  12.6266 4293.4658   12.7912    1.4832    7.3617   12.3610   -6.2135  -30.0461   -6.6097   -1.6357    0.0000    0.0000    0.0000    0.0000    3.8480    0.0190   -0.0137    0.9580   -2.8076 
  12.6691 4293.4233   11.1091    0.6407    6.8326  -12.4803  -23.7916    0.1663   -6.6097   -1.6357    0.0000    0.0000    0.0000    0.0000    3.8400   -0.0098    0.0972    1.0354  -27.6489 
  12.7116 4293.3809   10.7755    1.8786    6.7039  -11.6258    2.5146    4.7440   -6.6097   -1.6357    0.0000    0.0000    0.0000    0.0000    3.8400   -0.0015   -0.0344    0.8298  -26.7944 
  12.7541 4293.3384   12.3110   -0.3358    5.7610   35.3102  -76.5870  -59.2819   -6.6097   -1.6357    0.0000    0.0000    0.0000    0.0000    3.8400   -0.0598   -0.0703    0.9856   20.1416 
  12.7966 4293.2959   14.0916   -5.7607    2.9728   40.0099  -93.4327   -4.4113   -6.6097   -1.6357    0.0000    0.0000    0.0000    0.0000    3.8480   -0.0659    0.0781    0.9836   24.8413 
  12.8391 4293.2534   15.0440   -7.8995    3.4081   47.4562  -96.9727   27.2049   -6.6097   -1.6357    0.0000    0.0000    0.0000    0.0000    3.8480   -0.2266   -0.0312    1.0618   32.2876 
  12.8816 4293.2109   15.1970  -10.9424    5.4601    5.8913  -43.9942   50.1541   -6.6097   -1.6357    0.0000    0.0000    0.0000    0.0000    3.8480    0.0042   -0.1133    1.1179   -9.2773 
  12.9241 4293.1680   16.5929  -11.2920    7.0973    9.5534  -34.5948   42.3416   -6.6097   -1.6357    0.0000    0.0000    0.0000    0.0000    3.8480   -0.1865   -0.1113    1.1191   -5.6152 
  12.9666 4293.1255   17.8584  -10.4743    9.4476    5.5250  -13.9649   68.7698   -6.6097   -1.6357    0.0000    0.0000    0.0000    0.0000    3.8480   -0.1921   -0.1487    1.0754   -9.6436 
  13.0091 4293.0830   20.4646  -11.9334   12.5383   -3.3861  -38.5621   76.8265   -6.6097   -1.6357    0.0000    0.0000    0.0000    0.0000    3.8480   -0.3711   -0.2783    1.2915  -18.5547 
  13.0516 4293.0405   21.1101  -15.5907   14.7949  -35.0633  -42.4683   39.8392   -6.6097   -1.6357    0.0000    0.0000    0.0000    0.0000    3.8400   -0.4060   -0.2664    1.1826    0.0000 
  13.0941 4292.9980   23.1831  -16.0984   17.2153   -8.4520   -1.6969   71.6385   -6.6097   -1.6357    0.0000    0.0000    0.0000    0.0000    3.8480   -0.2744   -0.2292    0.9116  -23.6206 
  13.1366 4292.9556   23.7544  -15.9522   20.1723  -40.5565    0.9277   52.9007   -6.6097   -1.6357    0.0000    0.0000    0.0000    0.0000    3.8480   -0.2446   -0.3250    0.8931  -55.7251 
  13.1791 4292.9131   23.3966  -15.5231   22.7979   10.2858  -25.6226   59.3704   -6.6097   -1.6357    0.0000    0.0000    0.0000    0.0000    3.8480   -0.3662   -0.0291    1.1511   -4.8828 
  13.2216 4292.8706   20.6083  -16.1193   24.8859  -36.7723    9.4115   33.1253   -6.6097   -1.6357    0.0000    0.0000    0.0000    0.0000    3.8400   -0.3059   -0.0066    0.9094  -51.9409 
  13.2641 4292.8281   18.6165  -13.8482   26.8092  -13.4569   -0.7813   37.2757   -6.6097   -1.6357    0.0000    0.0000    0.0000    0.0000    3.8480   -0.1926   -0.1018    0.8979  -28.6255 
  13.3066 4292.7856   17.4597  -12.1361   28.5856  -29.2650  -12.4390   23.1155   -6.6097   -1.6357    0.0000    0.0000    0.0000    0.0000    3.8480   -0.1794   -0.1174    1.0549  -44.4336 
  13.3491 4292.7432   16.4196   -9.2998   29.7200   -9.3675   20.3979   19.8807   -6.6097   -1.6357    0.0000    0.0000    0.0000    0.0000    3.8400   -0.1479   -0.0723    0.9771  -24.5361 
  13.3916 4292.7007   14.4932  -10.6114   30.2512  -17.0580  -21.7774   -1.3595   -6.6097   -1.6357    0.0000    0.0000    0.0000    0.0000    3.8480   -0.2915   -0.0505    0.9634  -32.2266 
  13.4341 4292.6582   13.5546  -12.4526   30.2188   -9.7948    7.1532    1.9974   -6.6097   -1.6357    0.0000    0.0000    0.0000    0.0000    3.8480   -0.3235    0.0247    1.0703  -24.9634 
  13.4766 4292.6157   11.4317  -13.3052   30.0998  -13.4569    8.6181   -7.7072   -6.6097   -1.6357    0.0000    0.0000    0.0000    0.0000    3.8480   -0.2830    0.0200    1.1331  -28.6255 
  13.5191 4292.5732   12.6958  -12.9893   29.9861   -2.8368    5.5053   -6.7306   -6.6097   -1.6357    0.0000    0.0000    0.0000    0.0000    3.8400   -0.3376   -0.0979    1.1938  -18.0054 
