   0.0016 4291.0049    0.0281   -0.1404  179.9989    0.6892    0.1739   -0.4112    0.0000    0.0000    0.0000    0.0000    0.0000    0.0000    4.1680   -0.0156   -0.0029    1.0776  -13.6108 
   0.0441 4290.9619   -0.2613   -1.3657  179.9948    0.2009   -0.0703    0.1991    0.0000    0.0000    0.0000    0.0000    0.0000    0.0000    4.1680   -0.0261    0.0037    1.0728  -14.0991 
   0.0866 4290.9194   -0.1419   -0.7183  180.0006    0.9333    0.1128   -0.1671    0.0000    0.0000    0.0000    0.0000    0.0000    0.0000    4.1600   -0.0103    0.0044    1.0793    0.0000 
   0.1291 4290.8770   -0.1965   -1.2602  179.9994    0.2619   -0.1313    0.0771    0.0000    0.0000    0.0000    0.0000    0.0000    0.0000    4.1600   -0.0232    0.0039    1.0903  -14.0381 
   0.1716 4290.8345    0.1917   -1.2111  180.0016    0.3230    0.1128    0.0160    0.0000    0.0000    0.0000    0.0000    0.0000    0.0000    4.1600   -0.0166    0.0061    1.0813  -13.9771 
   0.2141 4290.7920   -0.0831   -1.3310  180.0037    0.4450    0.1128    0.0160    0.0000    0.0000    0.0000    0.0000    0.0000    0.0000    4.1680   -0.0305   -0.0054    1.0896  -13.8550 
   0.2566 4290.7495   -0.3534   -1.7286  180.0020    0.4450    0.2349    0.2602    0.0000    0.0000    0.0000    0.0000    0.0000    0.0000    4.1600   -0.0142    0.0056    1.0854    0.0000 
   0.2991 4290.7070   -0.0558   -1.1264  179.9950    0.6281    0.1128   -0.3502    0.0000    0.0000    0.0000    0.0000    0.0000    0.0000    4.1680   -0.0254   -0.0039    1.0793  -13.6719 
   0.3416 4290.6646    0.0462   -1.3877  179.9984   -0.6536   -0.1313   -0.2281    0.0000    0.0000    0.0000    0.0000    0.0000    0.0000    4.1680   -0.0312   -0.0071    1.0820  -14.9536 
   0.3841 4290.6221   -0.2106   -1.1375  179.9955    0.8723    0.3570   -0.2891    0.0000    0.0000    0.0000    0.0000    0.0000    0.0000    4.1680   -0.0276    0.0098    1.0769  -13.4277 
   0.4266 4290.5796   -0.2437   -1.5730  179.9967    0.9333    0.1739    0.0771    0.0000    0.0000    0.0000    0.0000    0.0000    0.0000    4.1680   -0.0320    0.0032    1.0913    0.0000 
   0.4691 4290.5371   -0.4769   -1.1579  180.0021   -1.0198   -0.0703    0.2602    0.0000    0.0000    0.0000    0.0000    0.0000    0.0000    4.1680   -0.0200    0.0078    1.0706  -15.3198 
   0.5116 4290.4946   -0.1277   -1.3247  180.0069   -0.4705    0.0518   -0.1060    0.0000    0.0000    0.0000    0.0000    0.0000    0.0000    4.1680   -0.0259   -0.0049    1.0762  -14.7705 
   0.5541 4290.4521    0.1768   -1.1675  180.0098    0.4450    0.2959   -0.1060    0.0000    0.0000    0.0000    0.0000    0.0000    0.0000    4.1600   -0.0281   -0.0095    1.0708  -13.8550 
   0.5966 4290.4097    0.1733   -1.1738  180.0140    1.3606    0.1128    0.1381    0.0000    0.0000    0.0000    0.0000    0.0000    0.0000    4.1680   -0.0166    0.0081    1.0972    0.0000 
   0.6391 4290.3672   -0.0838   -1.1378  180.0093    0.0788    0.1128   -0.1060    0.0000    0.0000    0.0000    0.0000    0.0000    0.0000    4.1600   -0.0188    0.0056    1.0823  -14.2212 
   0.6816 4290.3247   -0.2720   -1.3773  180.0144    0.0788    0.1739    0.0160    0.0000    0.0000    0.0000    0.0000    0.0000    0.0000    4.1680   -0.0122    0.0032    1.0789  -14.2212 
   0.7241 4290.2822    0.1447   -1.3430  180.0110   -0.0433    0.3570    0.0160    0.0000    0.0000    0.0000    0.0000    0.0000    0.0000    4.1600   -0.0100    0.0090    1.0830  -14.3433 
   0.7666 4290.2397   -0.1782   -1.2646  180.0020    0.4450    0.1128   -0.2891    0.0000    0.0000    0.0000    0.0000    0.0000    0.0000    4.1600   -0.0217    0.0049    1.0706    0.0000 
   0.8091 4290.1973   -0.5005   -1.5501  179.9980   -0.1653   -0.4365   -0.1060    0.0000    0.0000    0.0000    0.0000    0.0000    0.0000    4.1600   -0.0291    0.0095    1.0725  -14.4653 
   0.8516 4290.1548   -0.1169   -0.8165  179.9925    0.0788    0.0518   -0.2281    0.0000    0.0000    0.0000    0.0000    0.0000    0.0000    4.1680   -0.0210    0.0022    1.0757  -14.2212 
   0.8941 4290.1123   -0.0339   -1.0932  179.9928   -0.2874    0.1128   -0.1671    0.0000    0.0000    0.0000    0.0000    0.0000    0.0000    4.1680   -0.0261    0.0056    1.0754  -14.5874 
   0.9366 4290.0698   -0.2166   -1.6433  180.0052    0.6281    0.2349    0.1381    0.0000    0.0000    0.0000    0.0000    0.0000    0.0000    4.1680   -0.0276    0.0007    1.0789    0.0000 
   0.9791 4290.0273   -0.4170   -0.9520  179.9987    0.6281   -0.1313    0.0160    0.0000    0.0000    0.0000    0.0000    0.0000    0.0000    4.1600   -0.0178    0.0088    1.0842  -13.6719 
   1.0216 4289.9849   -0.5026   -1.0563  179.9951    0.6281    0.0518    0.0160    0.0000    0.0000    0.0000    0.0000    0.0000    0.0000    4.1680   -0.0203    0.0093    1.0737  -13.6719 
   1.0641 4289.9424   -0.1502   -1.6745  180.0019   -0.1653   -0.1923   -0.1060    0.0000    0.0000    0.0000    0.0000    0.0000    0.0000    4.1600   -0.0364    0.0032    1.0706  -14.4653 
   1.1066 4289.8994    0.0457   -1.4416  179.9992    1.0554   -0.0703   -0.0450    0.0000    0.0000    0.0000    0.0000    0.0000    0.0000    4.1600   -0.0305   -0.0049    1.0745    0.0000 
   1.1491 4289.8569    0.0090   -1.1158  179.9927    0.3840    0.1739   -0.2281    0.0000    0.0000    0.0000    0.0000    0.0000    0.0000    4.1680   -0.0237    0.0066    1.0762  -13.9160 
   1.1916 4289.8145    0.0303   -1.0747  179.9978   -0.2874    0.1739    0.2602    0.0000    0.0000    0.0000    0.0000    0.0000    0.0000    4.1600   -0.0168    0.0076    1.0779  -14.5874 
   1.2341 4289.7720   -0.4236   -1.0418  179.9982    0.9333    0.1739   -0.1060    0.0000    0.0000    0.0000    0.0000    0.0000    0.0000    4.1680   -0.0295   -0.0027    1.0798  -13.3667 
   1.2766 4289.7295    0.2202   -1.3132  179.9947    0.2009    0.1739   -0.5943    0.0000    0.0000    0.0000    0.0000    0.0000    0.0000    4.1600   -0.0247    0.0051    1.0854    0.0000 
   1.3191 4289.6870   -0.2247   -1.2842  179.9887    1.2995    0.2349   -0.2891    0.0000    0.0000    0.0000    0.0000    0.0000    0.0000    4.1600   -0.0239    0.0044    1.0742  -13.0005 
   1.3616 4289.6445    0.0769   -1.0842  179.9777   -0.4095    0.2349    0.4433    0.0000    0.0000    0.0000    0.0000    0.0000    0.0000    4.1600   -0.0227    0.0044    1.0793  -14.7095 
   1.4041 4289.6021    0.2456   -1.3930  179.9922    0.5671    0.1739    0.3212    0.0000    0.0000    0.0000    0.0000    0.0000    0.0000    4.1680   -0.0264   -0.0020    1.0842  -13.7329 
   1.4466 4289.5596   -0.1658   -1.3903  179.9932   -0.4705   -0.0703    0.0160    0.0000    0.0000    0.0000    0.0000    0.0000    0.0000    4.1600   -0.0251   -0.0005    1.0793    0.0000 
   1.4891 4289.5171    0.0684   -1.4723  179.9929    0.3230    0.2959   -0.1060    0.0000    0.0000    0.0000    0.0000    0.0000    0.0000    4.1680   -0.0269   -0.0007    1.0793  -13.9771 
   1.5316 4289.4746   -0.0236   -1.7316  179.9810    0.9333   -0.1313    0.0160    0.0000    0.0000    0.0000    0.0000    0.0000    0.0000    4.1600   -0.0334   -0.0032    1.0776  -13.3667 
   1.5741 4289.4321   -0.4453   -1.0127  179.9822    0.6892    0.4790    0.3822    0.0000    0.0000    0.0000    0.0000    0.0000    0.0000    4.1600   -0.0266    0.0010    1.0781  -13.6108 
   1.6166 4289.3896   -0.3506   -1.1680  179.9833    0.6892    0.2349   -0.2891    0.0000    0.0000    0.0000    0.0000    0.0000    0.0000    4.1600   -0.0225    0.0063    1.0767    0.0000 
   1.6591 4289.3472   -0.2754   -1.1150  179.9744   -0.6536   -0.0092    0.0160    0.0000    0.0000    0.0000    0.0000    0.0000    0.0000    4.1600   -0.0176    0.0044    1.0649  -14.9536 
   1.7016 4289.3047    0.3665   -1.4902  179.9804    0.0178    0.1128    0.0771    0.0000    0.0000    0.0000    0.0000    0.0000    0.0000    4.1600   -0.0317   -0.0149    1.0776  -14.2822 
   1.7441 4289.2622   -0.2331   -1.1829  179.9757   -0.1043   -0.0703    0.0771    0.0000    0.0000    0.0000    0.0000    0.0000    0.0000    4.1600   -0.0183    0.0034    1.0752  -14.4043 
   1.7866 4289.2197   -0.1618   -1.4052  179.9728    0.3230   -0.0092   -0.1060    0.0000    0.0000    0.0000    0.0000    0.0000    0.0000    4.1600   -0.0300    0.0032    1.0662    0.0000 
   1.8291 4289.1772   -0.0013   -1.4007  179.9711    0.4450    0.1739    0.1381    0.0000    0.0000    0.0000    0.0000    0.0000    0.0000    4.1600   -0.0276   -0.0054    1.0830  -13.8550 
   1.8716 4289.1348   -0.1703   -1.6234  179.9753    0.8112    0.0518    0.0160    0.0000    0.0000    0.0000    0.0000    0.0000    0.0000    4.1600   -0.0303   -0.0022    1.0811    0.0000 
   1.9141 4289.0923   -0.0174   -1.2847  179.9814   -0.1043   -0.0092   -0.1060    0.0000    0.0000    0.0000    0.0000    0.0000    0.0000    4.1600   -0.0134   -0.0007    1.0830  -14.4043 
   1.9566 4289.0498   -0.2578   -1.3274  179.9876    0.6281    0.2349   -0.3502    0.0000    0.0000    0.0000    0.0000    0.0000    0.0000    4.1600   -0.0269    0.0100    1.0835    0.0000 
   1.9991 4289.0073   -0.0071   -1.5457  179.9758    0.2619   -0.0703   -0.0450    0.0000    0.0000    0.0000    0.0000    0.0000    0.0000    4.1600   -0.0288    0.0042    1.0806  -14.0381 
   2.0416 4288.9648    0.0028   -1.4514  179.9712    0.0788    0.1128   -0.1060    0.0000    0.0000    0.0000    0.0000    0.0000    0.0000    4.1600   -0.0261    0.0012    1.0759  -14.2212 
   2.0841 4288.9224   -0.3237   -1.7547  179.9739   -0.5926   -0.1313    0.2602    0.0000    0.0000    0.0000    0.0000    0.0000    0.0000    4.1600   -0.0320    0.0042    1.0830  -14.8926 
   2.1266 4288.8799   -0.3688   -1.2586  179.9706    0.1399    0.1739   -0.2281    0.0000    0.0000    0.0000    0.0000    0.0000    0.0000    4.1680   -0.0225    0.0066    1.0669    0.0000 
   2.1691 4288.8369    0.1045   -1.6210  179.9721   -0.7146   -0.3754    0.0160    0.0000    0.0000    0.0000    0.0000    0.0000    0.0000    4.1600   -0.0374   -0.0002    1.0786  -15.0146 
   2.2116 4288.7944   -0.2029   -1.0943  179.9702    0.5061   -0.0703    0.1381    0.0000    0.0000    0.0000    0.0000    0.0000    0.0000    4.1600   -0.0151   -0.0010    1.0742  -13.7939 
   2.2541 4288.7520   -0.2729   -1.1999  179.9774    0.3840    0.0518    0.0771    0.0000    0.0000    0.0000    0.0000    0.0000    0.0000    4.1600   -0.0205   -0.0012    1.0740  -13.9160 
   2.2966 4288.7095   -0.3124   -1.1626  179.9823    0.2619   -0.0703    0.1381    0.0000    0.0000    0.0000    0.0000    0.0000    0.0000    4.1600   -0.0178   -0.0002    1.0728    0.0000 
   2.3391 4288.6670   -0.0880   -1.4958  179.9867   -0.1653    0.4180   -0.2281    0.0000    0.0000    0.0000    0.0000    0.0000    0.0000    4.1600   -0.0334   -0.0015    1.0791  -14.4653 
   2.3816 4288.6245    0.0295   -1.6201  179.9875   -0.0433    0.0518    0.1381    0.0000    0.0000    0.0000    0.0000    0.0000    0.0000    4.1600   -0.0303   -0.0002    1.0830  -14.3433 
   2.4241 4288.5820   -0.2995   -1.4579  179.9879   -0.2264   -0.0092   -0.0450    0.0000    0.0000    0.0000    0.0000    0.0000    0.0000    4.1600   -0.0337    0.0093    1.0752  -14.5264 
   2.4666 4288.5396    0.1811   -1.2830  179.9807    0.6281   -0.1313   -0.2281    0.0000    0.0000    0.0000    0.0000    0.0000    0.0000    4.1600   -0.0225   -0.0088    1.0708    0.0000 
   2.5091 4288.4971    0.1845   -1.5324  179.9839   -1.0808   -0.1923   -0.0450    0.0000    0.0000    0.0000    0.0000    0.0000    0.0000    4.1600   -0.0286   -0.0029    1.0872  -15.3809 
   2.5516 4288.4546   -0.3077   -1.7591  179.9836    0.9943   -0.1313   -0.2281    0.0000    0.0000    0.0000    0.0000    0.0000    0.0000    4.1600   -0.0273    0.0098    1.0754  -13.3057 
   2.5941 4288.4121   -0.2623   -1.1595  179.9790    0.2009    0.0518    0.1381    0.0000    0.0000    0.0000    0.0000    0.0000    0.0000    4.1600   -0.0227    0.0017    1.0789  -14.0991 
   2.7091    0.0009    0.0000    0.0000  179.9727    0.2009   -0.0092    0.0771    0.0000    0.0000    0.0000    0.0000    0.0000    0.0000    4.1600   -0.0210    0.0083    1.0686  -14.0991 
   2.7516    0.0010    0.0000    0.0000  179.9680    0.4450    0.1739   -0.2281    0.0000    0.0000    0.0000    0.0000    0.0000    0.0000    4.1680   -0.0200    0.0005    1.0815  -13.8550 
   2.7941    0.0009    0.0000    0.0000  179.9707    0.0178    0.0518    0.0771    0.0000    0.0000    0.0000    0.0000    0.0000    0.0064    4.1600   -0.0129    0.0127    1.0786  -14.2822 
   2.8366    0.0014    0.0000    0.0000  179.9762    0.8112    0.0518   -0.0450    0.0000    0.0000    0.0000    0.0000    0.0000    0.0000    4.1600   -0.0205    0.0032    1.0767  -13.4888 
   2.8791    0.0009    0.0000    0.0000  179.9814    0.5671   -0.0092   -0.1060    0.0000    0.0000    0.0000    0.0000    0.0000    0.0000    4.1600   -0.0305   -0.0027    1.0659  -13.7329 
   2.9216    0.0009    0.0000    0.0000  179.9836    0.3840    0.1739    0.1381    0.0000    0.0000    0.0000    0.0000    0.0000    0.0000    4.1600   -0.0164    0.0032    1.0720  -13.9160 
   2.9641    0.0009    0.0000    0.0000  179.9829    0.3230    0.1739   -0.3502    0.0000    0.0000    0.0000    0.0000    0.0000    0.0000    4.1600   -0.0271    0.0015    1.0774  -13.9771 
   3.0066    0.0014    0.0000    0.0000  179.9843    0.5061    0.0518   -0.1060    0.0000    0.0000    0.0000    0.0000    0.0000    0.0000    4.1600   -0.0208    0.0100    1.0737  -13.7939 
   3.0491    0.0009    0.0000    0.0000  179.9867    0.9943   -0.0092    0.2602    0.0000    0.0000    0.0000    0.0000    0.0000    0.0000    4.1600   -0.0156   -0.0010    1.0696  -13.3057 
   3.0916    0.0009    0.0000    0.0000  179.9829    0.7502    0.1128   -0.2281    0.0000    0.0000    0.0000    0.0000    0.0000    0.0000    4.1600   -0.0234    0.0085    1.0776  -13.5498 
   3.1341    0.0009    0.0000    0.0000  179.9807    0.0178   -0.0703    0.0160    0.0000    0.0000    0.0000    0.0000    0.0000    0.0253    4.1600   -0.0334   -0.0029    1.0833  -14.2822 
   3.1766    0.0014    0.0000    0.0000  179.9868   -0.7757   -0.0703    0.3212    0.0000    0.0000    0.0000    0.0000    0.0000    0.0798    4.1600   -0.0212    0.0083    1.0659  -15.0757 
   3.2191    0.0009    0.0000    0.0000  179.9816    0.3230    0.4180   -0.0450    0.0000    0.0000    0.0000    0.0000    0.0000    0.0739    4.1600   -0.0215    0.0073    1.0789  -13.9771 
   3.2616    0.0009    0.0000    0.0000  179.9874   -0.0433    0.0518    0.2602    0.0000    0.0000    0.0000    0.0000    0.0000    0.0739    4.1600   -0.0347    0.0103    1.0732    0.0000 
   3.3041    0.0009    0.0000    0.0000  179.9799    0.5671    0.1739   -0.1671    0.0000    0.0000    0.0000    0.0000    0.0000    0.0739    4.1600   -0.0229    0.0059    1.0786  -13.7329 
   3.3466    0.0014    0.0000    0.0000  179.9774   -0.4705   -0.3144    0.3822    0.0000    0.0000    0.0000    0.0000    0.0000    0.0915    4.1600   -0.0200    0.0073    1.0723  -14.7705 
   3.3891    0.0010    0.0087   -0.5507  179.9832    0.0788   -0.1313   -0.0450   -0.0277   -0.3610   -0.1090    0.5689   -0.2818    0.1476    4.1040   -0.0471   -0.0046    1.0796   -0.0041 
   3.4316    0.0011    0.1952   -0.4107  179.9817   -0.3484   -0.9248    1.7250    0.5679    1.1310    1.1180    4.6251    0.0000    0.2151    4.0560    0.0100    0.0259    1.0854   -0.0301 
   3.4741    0.0011    0.0082   -0.1483  179.9424    0.8723   -0.1923    1.6029    1.1388    2.3642    3.3920    7.5374   -0.2818    0.2200    4.0560   -0.0229    0.0127    1.0720   -0.0329 
   3.5166    0.0015   -0.4095   -0.4231  179.9587    3.2526    2.6763   -0.3502    2.2569    2.7536    7.9993    9.5302    0.0000    0.2200    4.0560    0.0398   -0.0413    1.0627    0.0061 
   3.5591    0.0010   -0.5826   -0.1626  179.9651    0.4450   -0.3144    1.6029    1.3636    2.1998    5.8384    7.0873    0.0000    0.2249    4.0640    0.0142    0.0339    1.0190   -0.0280 
   3.6016    0.0010   -0.0797   -0.3840  180.1708   -3.5833    0.4180    1.5419    0.9903    0.8861    3.2099    3.8103    0.0000    0.2249    4.0560    0.0815    0.1721    1.0991   -0.0269 
   3.6441    0.0011   -0.3737   -0.2409  180.2951   -1.0198    3.1036    8.6220    0.8258    0.0530    3.5983    0.8815   -0.2818    0.2394    4.0480    0.2588    0.2791    1.1021   -0.1554 
   3.6866    0.0015   -0.1256   -0.2930  180.7532    1.7878   -2.4506    8.1947    0.4369   -0.4209    1.6875   -0.3837    0.0000    0.2582    4.0400   -0.2563    0.0278    1.0610   -0.1430 
   3.7291    0.0010   -0.2246   -0.5761  180.8851    0.5671   -5.3803   -0.8385    0.0270   -1.1648    0.7549   -1.7661    0.0000    0.3157    4.0160   -0.2139    0.1082    1.0166    0.0146 
   3.7716    0.0010    0.6129    0.0794  181.0987   -6.1468   14.4561    8.8661    1.2604    0.2605    1.9425    0.5434   -0.2818    0.3600    3.9520    0.2869    0.4619    1.8679   -0.1597 
   3.8141    0.0011   -1.1294    0.2476  181.3986   18.6945  -31.8696    5.9975    0.3550   -0.5387    4.4532   -2.3589   -0.2818    0.3638    3.9600   -0.0078    0.0898    2.1978   -0.1096 
   3.8566    0.0015   -0.6702    0.6088  181.6289   -9.6258   -2.8169    5.2040   -0.1389   -0.0934    1.5939   -2.1065   -0.2818    0.3638    3.9600    0.0793    0.0107    1.5476   -0.0957 
   3.8991    0.0010   -2.9540    1.7019  181.8807  -54.7918   48.6358    2.5795   -0.6024   -0.6903    7.0545   -7.1766   -0.2818    0.3638    3.9440   -0.5432    0.6223    1.2520   -0.0499 
   3.9416    0.0010   -1.6717    1.3425  182.0074   33.2209  -38.7666    1.8471    1.6291   -0.4904    9.9024   -5.4985   -0.2818    0.3638    3.9600   -0.1592    0.3394    1.1484   -0.0372 
   3.9841    0.0010   -2.1163    0.1308  181.8199   29.9250   14.3951   -4.1954    1.3744   -0.0204   10.4720   -0.4539   -0.2818    0.3638    3.9600   -0.3513   -0.5774    1.3201    0.0683 
   4.0266    0.0015   -2.1082    0.2301  181.7495    2.2761    7.3150    0.8705    1.6353   -0.3001   11.2307   -1.5906   -0.2818    0.3638    3.9520    0.1011    0.4202    2.5530   -0.0201 
   4.0691    0.0011   -2.0834    0.2380  181.8142   17.4738   15.6768   -1.7540    2.3236   -1.5187   13.2209   -5.2703   -0.2818    0.3638    3.9600    0.6880   -0.3762    2.0803    0.0257 
   4.1116    0.0010   -1.7864    0.6017  181.6084   29.8029    0.6011   -5.1109    0.9237   -1.1877    8.1305   -5.3682   -0.2818    0.3638    3.9600    0.4868    0.5210    0.8508    0.0843 
   4.1541    0.0010   -2.7323    0.9755  181.6666   23.6384    3.7139    4.8988   -0.3540   -0.3574    7.1348   -3.9986   -0.2818    0.3676    3.9600    0.1975    0.9941    0.8518   -0.0904 
   4.1966    0.0015   -2.5202    0.2123  181.8093    3.4968  -14.1084   -0.6554   -0.5172   -1.3326    6.0091   -4.6347   -0.2818    0.3826    3.9520   -1.0598    1.0647    1.0317    0.0065 
   4.2391    0.0010   -1.6769   -0.2425  181.7429   23.7605   -7.5776    0.8705    0.4539   -0.6692    6.3924   -1.2801   -0.2818    0.4076    3.9280   -0.1907   -1.3921    1.7080   -0.0201 
   4.2816    0.0010   -1.3020    0.6436  181.7242   13.9948   35.8794    1.8471    0.9824   -1.4064    6.8534   -6.1501   -0.2818    0.4144    3.9040    0.4604    0.9463    0.5425   -0.0372 
   4.3241    0.0010   -2.1137    0.8177  181.7872  -37.0916  -37.5459    1.6029    1.4548   -2.0331   10.7055   -8.5523   -0.2818    0.4212    3.9120    0.0854   -0.6941    2.7795   -0.0329 
   4.3666    0.0015   -1.2449   -1.1130  181.6991   15.9480  -30.4658  -10.7872    1.3884   -2.0159    7.8998   -2.7087   -0.2818    0.4212    3.9120   -0.0103   -0.6860    0.8247    0.1834 
   4.4091    0.0010   -1.1753   -0.7210  181.3866  -48.2000   32.7056   -8.8951    1.2306   -1.4121    7.2180   -2.0734   -0.2818    0.4212    3.9040    0.1851   -1.2854    1.2134    0.1503 
   4.4516    0.0010   -1.5967    0.4785  181.3617   30.5354    8.5357    2.1523    0.9641   -0.6887    7.6825   -3.5015   -0.2818    0.4212    3.9200    0.2837    0.7434    0.8308   -0.0425 
   4.4941    0.0010   -2.5133   -0.5992  181.2890  -40.7537  -37.4848   -1.1436    2.3727   -1.8627   14.6580   -3.7905   -0.2818    0.4311    3.8960   -0.0959   -0.4424    2.1047    0.0150 
   4.5366    0.0015   -2.0607   -0.5632  181.2625   -7.4285   -3.6103   -7.0641    1.1771   -1.5090    9.7136   -2.8374   -0.2818    0.4343    3.9040   -0.5239   -0.0347    0.8933    0.1184 
   4.5791    0.0010   -1.2930    0.9478  181.1587   33.8313   24.7710    0.1991    1.8844   -1.6562    9.5322   -7.8122   -0.2818    0.4439    3.8880    0.3020   -0.4094    0.4131   -0.0084 
   4.6216    0.0010   -1.4890    0.5506  181.0681  -18.5369  -37.8510   -3.4630    2.0989   -2.0650   10.7639   -7.8467   -0.2818    0.4502    3.8720    0.4580    0.2366    0.1409    0.0555 
   4.6641    0.0010   -1.5946   -0.1494  180.9091   19.9763    6.0943   -4.8668    2.3070   -2.0746   11.7049   -5.7756   -0.2818    0.4594    3.8720   -0.2683    0.4722    1.5669    0.0800 
   4.7066    0.0015   -2.0510    0.7381  180.6176  -24.6404   10.6719   -7.2472    1.3996   -0.7412   10.3519   -4.4379   -0.2818    0.4826    3.8480    0.1890   -0.1682    1.5347    0.1216 
   4.7491    0.0010   -1.8756    0.9065  180.5957   46.5876    2.5542    6.6689    1.4214   -2.4742    9.8911  -10.1423   -0.2818    0.4909    3.8320    0.2454    0.1128    2.0732   -0.1213 
   4.7916    0.0010   -0.8305    0.6423  180.4858   -1.7522   -8.1269   -2.7306    2.0248   -1.5607    8.5662   -6.6091   -0.5636    0.4936    3.8480    0.0659   -0.6094    1.7178    0.0378 
   4.8341    0.0010   -0.7076    0.6638  180.3974   -8.2830   -6.6010    0.1381    1.4799   -1.4848    6.5627   -6.4458   -0.5636    0.4936    3.8480    0.4053   -0.6626    0.5378   -0.0122 
   4.8766    0.0015   -0.3572    0.9952  180.2553   19.3049    9.8174   -6.0265    1.9414   -2.1936    6.8959   -9.5664   -0.5636    0.4963    3.8320   -0.6323   -0.1885    1.1003    0.0953 
   4.9191    0.0011    0.8205    0.5801  180.1418   15.7038  -28.3295   -3.4630    1.2213   -1.4615    1.2024   -6.1249   -0.5636    0.4963    3.8400   -0.0706   -1.1384    0.7798    0.0506 
   4.9616    0.0010   -0.1253    0.0049  180.0517  -14.9358  -12.7656    0.7484    1.6703   -2.1363    5.3870   -6.4237   -0.5636    0.4963    3.8400   -0.9907   -0.1936    1.2791   -0.0229 
   5.0041    0.0010    0.8994    1.0313  180.0047   30.1692   28.8604   -4.1954    1.0231   -1.7446    0.3713   -8.3277   -0.5636    0.4963    3.8160    0.6187    0.7898    1.0332    0.0634 
   5.0466    0.0015    1.2927    0.3695  179.8963  -33.3074  -34.6162   -5.7823    1.6421   -1.7939    1.0481   -6.4901   -0.5636    0.4990    3.8320    0.1626    0.0063    1.3296    0.0911 
   5.0891    0.0010   -0.6024   -1.0882  179.9688  -27.0208  -23.5688    3.9223    0.8819   -2.3572    4.4529   -3.8070   -0.5636    0.4990    3.8320   -0.7786    0.7275    0.5476   -0.0783 
   5.1316    0.0010    0.3098   -0.2764  179.9379   48.7238   44.9126    1.6029    1.0631   -1.3498    2.2601   -3.2205   -1.1272    0.5144    3.8000    0.4792   -0.0723    0.7183   -0.0476 
   5.1741    0.0010    1.8450    0.9951  179.9135   26.6291    7.8033    0.8095    1.1978   -1.8070   -1.9413   -8.4063   -1.1272    0.5169    3.8000   -1.3462    0.8374    1.7173   -0.0338 
   5.2166    0.0015    0.1718    0.1171  179.7940  -66.6936  -57.1381    4.7768    1.0652   -1.6878    2.6803   -5.4147   -1.1272    0.5290    3.8080   -0.3164   -1.9568    1.2498   -0.1030 
   5.2591    0.0010   -1.1981   -1.3987  179.9141    1.2995   -2.5117    2.0302    0.5216   -1.2024    5.1593    0.5889   -1.4090    0.5405    3.7840    2.3528    0.6235    0.1113   -0.0600 
   5.3016    0.0011    1.5344    0.9521  179.7951   77.3493   87.6372    0.5653    0.7385   -0.9305   -2.3875   -5.6477   -1.4090    0.5405    3.7440    1.3323   -1.3577    1.3313   -0.0345 
   5.3441    0.0010    3.3506    2.0098  179.8452    0.9333  -41.5742   -6.4537    1.2791   -0.7429   -6.2143   -8.2582   -1.4090    0.5428    3.7840   -1.0076    0.1724    1.7102    0.0880 
   5.3866    0.0015    1.3878   -1.3538  179.8076  -61.2005  -99.9238    4.1054    0.2156   -0.2537   -3.5163    3.3004   -1.4090    0.5428    3.7440   -0.2581   -0.4348    0.2395   -0.0962 
   5.4291    0.0010   -0.4509   -1.3732  179.9032    0.8723   96.3042    0.5043   -0.0283    0.2304    1.2680    4.8108   -1.4090    0.5405    3.7360    1.8000   -0.0920    0.8208   -0.0334 
   5.4716    0.0010    1.3499    4.1701  179.8312   51.4704  113.9434   -1.3878    0.7865   -0.3574   -1.6901  -13.5824   -1.4090    0.5428    3.7120   -1.0869    1.2725    1.1357   -0.0004 
   5.5141    0.0010    2.5401    3.3287  179.8655    1.6047 -122.7509   -0.8995   -0.2509    0.9063   -8.3728   -7.2674   -1.4090    0.5428    3.7520   -0.3333    1.9880    0.7129   -0.0089 
   5.5566    0.0015    0.8676   -3.0224  179.7195  -18.2317  -90.6464   -1.0216   -0.5452    0.4816   -4.2383   10.5121   -1.6908    0.5428    3.7680    1.6326    1.2878    0.3389   -0.0117 
   5.5991    0.0010   -0.0703    0.5658  179.6566  -12.0672  193.2281   -5.3551   -1.0095    0.0537   -2.8175   -1.5365   -1.6908    0.5405    3.6400   -0.4358    1.1235    1.8506    0.0640 
   5.6416    0.0010    0.3362    7.3979  179.3539   13.4455   28.7383   -5.6602   -0.9871    0.6208   -3.9697  -20.3313   -1.6908    0.5428    3.7200   -0.1577   -0.6741    2.1907    0.0693 
   5.6841    0.0010    1.3500    2.9567  179.2372   -6.4519 -220.5292   -3.4019   -0.3681    0.1130   -5.1544   -8.5311   -1.6908    0.5428    3.6320    0.6704   -1.2302    1.6819    0.0299 
   5.7266    0.0015    1.0934   -2.6531  179.0292    6.1213   30.5083   -3.8292   -0.8436    1.1571   -5.8110   11.4304   -1.9726    0.5428    3.7840   -0.1875   -0.1626    0.8948    0.0324 
   5.7691    0.0010    1.6706    4.3999  178.8643    4.7175  246.8780   -4.6837   -0.0684    1.2405   -5.2169   -9.4783   -1.9726    0.5428    3.5840   -0.3372   -0.9019    0.8677    0.0473 
   5.8116    0.0010    1.3443    9.4491  178.5770  -17.9876  -56.3447   -4.1344   -0.9854    0.7526   -6.9890  -26.0896   -1.9726    0.5428    3.7920   -0.6123    0.0559    0.6836    0.0377 
   5.8541    0.0010    0.6878   -0.4329  178.3992    2.2761 -240.3046   -2.0592   -0.0278    0.6599   -2.1468    3.2783   -1.9726    0.5405    3.5920    0.4104   -0.0718    2.1125    0.0015 
   5.8966    0.0015    1.7401   -2.8977  178.1663   25.3474  120.4131   -5.5992    0.0494   -0.2864   -5.0721    7.8340   -2.2544    0.5243    3.7440   -1.1802   -2.4436    1.7119    0.0584 
   5.9391    0.0011    1.4412    8.1155  178.0783  -10.9075  261.2213   -6.0875   -2.1332   -0.2856  -10.7230  -25.2034   -1.9726    0.4712    3.6160    0.5330    0.1658    1.4368    0.0718 
   5.9816    0.0011    1.1476    8.6528  177.6766  -18.7200 -168.0390   -6.8809   -0.8983    0.3350   -6.1377  -24.9537   -1.9726    0.4502    3.8720    0.2827    0.4270    0.8884    0.0857 
   6.0241    0.0010    0.5229   -1.5877  177.5855   -1.0808 -245.3706    1.0536   -1.3779   -1.5426   -5.7022    0.1354   -1.9726    0.4278    3.7200    1.6892   -1.1323   -0.1599   -0.0528 
   6.0666    0.0015    1.0108   -4.8406  177.3202   16.4973  132.4371   -3.8902   -0.8899   -0.6774   -5.7019   12.4895   -1.9726    0.4245    3.8560    1.2219   -0.4976   -0.1479    0.0335 
   6.1091    0.0010    0.6496    4.8815  177.1503  -17.9266  268.3013   -6.0875   -0.1821    1.1315   -2.4951  -11.2502   -1.9726    0.4245    3.7040   -1.0186   -0.1797    1.3232    0.0718 
   6.1516    0.0011   -0.0290   10.3449  176.7545  -11.1516  -59.5795   -7.4303   -0.9204   -0.7842   -2.6741  -33.3874   -1.9726    0.4245    3.8960    0.6711    0.1340    1.1362    0.0953 
   6.1941    0.0010   -0.8155    0.9444  176.6171    0.0788 -278.2075   -1.3267   -1.4469    0.0011   -1.8940   -2.8300   -2.2544    0.4278    3.7120   -0.0298    1.7456    1.9790   -0.0162 
   6.2366    0.0015    0.0379   -5.4197  176.4224   21.1360   -4.7700   -3.0357   -1.1753   -0.5194   -3.6395   14.7007   -2.2544    0.4278    3.4400    0.3516    0.3862    0.1479    0.0136 
   6.2791    0.0010    1.2081    2.9815  176.7212   20.5866  283.6822    2.2133   -2.0669    0.4114   -9.8249   -7.7102   -2.2544    0.4278    3.6880   -0.0767   -1.1436    1.3254   -0.0780 
   6.3216    0.0010    2.0512   10.8293  176.8271   21.7463    7.6812    5.0209   -1.4984   -0.0655  -10.6486  -32.6847   -2.2544    0.4245    3.8480    0.4426    0.0210    0.7395   -0.1270 
   6.3641    0.0011    2.3195    4.0822  176.8810  -18.9031 -285.5317   -0.4723   -1.6189   -0.2833  -11.8152  -13.0968   -2.2544    0.4278    3.7200    0.2307   -0.8164    0.9392   -0.0311 
   6.4066    0.0015    1.0944   -4.6425  176.9273  -38.5564  -74.6552    2.2743   -2.8731    0.0476  -11.9024   14.0700   -2.2544    0.4278    3.8640    1.2148    1.4417    0.6494   -0.0790 
   6.4491    0.0010    0.0297    0.7161  177.0236  -14.9358  267.7520   -3.5240   -2.2417    0.0800   -6.8139   -1.9084   -2.2544    0.4278    3.6960   -0.7366    0.7249    1.4375    0.0222 
   6.4916    0.0010   -0.3429   10.6965  176.8969   12.5910  127.2491   -3.5240   -0.7965    0.2086   -1.3607  -31.4639   -2.2544    0.4311    3.7840   -1.4355    1.0029    0.6252    0.0222 
   6.5341    0.0010    1.1462    6.1647  176.8862   27.4226 -259.8969   -1.6319   -1.1721    0.2201   -6.9548  -17.8341   -2.2544    0.4311    3.7600    0.5659   -2.4043    1.1121   -0.0109 
   6.5766    0.0015    1.5719   -5.1197  176.6612   -0.2264 -182.8095   -7.8575   -1.0684   -0.6070   -7.9209   13.5380   -2.2544    0.4311    3.8240    0.0737    0.3176    0.6448    0.0978 
   6.6191    0.0010    1.3245   -2.1159  176.6374  -23.2976  237.6617   -3.5850   -1.3677   -0.6209   -8.0765    4.4850   -2.2544    0.4311    3.7520   -0.0591   -0.0823    0.3535    0.0232 
   6.6616    0.0010   -0.0879    9.6521  176.2726  -28.7908  179.8003   -7.3692   -1.4493    0.3561   -4.0842  -27.8882   -2.2544    0.4311    3.7200    0.1707   -1.5120    0.8496    0.0893 
   6.7041    0.0010   -1.0319    8.0000  175.8847   -2.6678 -247.5068   -2.6695   -1.3155   -0.2928   -0.8505  -24.8786   -2.2544    0.4311    3.7840    0.4961    0.8098    1.0215    0.0072 
   6.7466    0.0015   -0.9752   -4.5326  175.8118   13.3234 -238.1684   -1.9981   -2.5595    1.1447   -4.7529   17.0319   -2.2544    0.4343    3.6720    1.3289    1.0090    0.4590   -0.0045 
   6.7891    0.0010   -0.2684   -4.5638  175.5776   -0.2264  215.7500   -4.1344   -0.9441    0.3168   -2.0272   14.6417   -2.2544    0.4408    3.7680   -0.5740   -0.1506    0.8621    0.0328 
   6.8316    0.0010   -0.3446    7.9665  175.4611  -13.2879  272.0855   -2.3643   -0.9797    0.5340   -1.9051  -22.2976   -2.2544    0.4439    3.6320   -0.7869   -0.4241    1.0024    0.0019 
   6.8741    0.0010   -0.7863    9.1980  175.2284   -0.4095 -178.1709   -2.7916   -0.7025    1.4015    0.2513  -23.3896   -2.2544    0.4439    3.7920   -1.3538   -0.4417    0.7190    0.0094 
   6.9166    0.0015   -1.1711   -3.7431  175.2065   -0.4095 -311.0444   -1.2047   -0.3730    1.3814    2.3943   15.3734   -2.2544    0.4439    3.6080    1.1931   -0.6868    0.0613   -0.0183 
   6.9591    0.0010   -0.9586   -6.3506  174.9940    8.3796  147.9400   -4.9278   -0.9627    2.0467   -0.0122   25.1918   -2.2544    0.4439    3.8240   -0.0767   -0.3242    0.9702    0.0467 
   7.0016    0.0011   -1.3380    7.8956  174.8951   -0.9588  317.0074   -4.0123   -1.5034    0.7663   -0.4963  -21.3880   -2.2544    0.4278    3.5680    1.3586    0.5740    0.8123    0.0307 
   7.0441    0.0011   -0.9549   11.2327  174.7711    0.0788 -163.9497   -2.4254   -1.2122    2.0071   -0.7716  -27.6768   -1.9726    0.3826    3.8800    1.4858   -0.6052    1.4458    0.0079 
   7.0866 4294.9507   -1.2606   -2.6267  174.5766   23.0280 -268.3808   -8.1016   -0.6047    2.1640    0.7153   -4.4864   -1.9726    0.3600    4.0880   -0.5596    0.1960    4.8274    0.0000 
   7.1291 4294.9082    1.0297  -12.6467  174.0323   49.2121 -240.1826   -4.1954   -0.6047    2.1640    0.7153   -4.4864   -1.9726    0.3600    4.1040   -0.5452    1.1865   -1.0496   34.9121 
   7.1716 4294.8657    1.3033  -17.7713  173.7214   35.2351   57.6080    6.4858   -0.6047    2.1640    0.7153   -4.4864   -1.9726    0.3600    4.0960    0.0322   -0.4788   -0.0601   20.9351 
   7.2141 4294.8232    0.4472   -8.7425  173.5449    2.6423  345.1446   -1.0216   -0.6047    2.1640    0.7153   -4.4864   -1.9726    0.3600    4.1040   -0.0708   -0.2654    0.7012  -11.6577 
   7.2566 4294.7808   -2.6870    5.5820  172.9920   16.9856  153.6163  -20.3087   -0.6047    2.1640    0.7153   -4.4864   -1.9726    0.3600    4.1040   -0.0515    0.1179    1.1147    0.0000 
   7.2991 4294.7383    3.1097    2.7603  172.8337  142.4128 -215.1582  -13.5338   -0.6047    2.1640    0.7153   -4.4864   -1.9726    0.3600    4.1040    0.0447   -0.0708    1.0381  128.1128 
   7.3416 4294.6958    0.5939   -2.0389  172.5657  -19.7576  124.7466   -1.1436   -0.6047    2.1640    0.7153   -4.4864   -1.9726    0.3600    4.1040   -0.3867    0.4675    1.3396  -34.0576 
   7.3841 4294.6533   -2.3224    0.8875  172.4053   11.7976  -37.3017    4.1664   -0.6047    2.1640    0.7153   -4.4864   -1.9726    0.3600    4.1040   -0.0679    0.1440    0.9836   -2.5024 
   7.4266 4294.6108   -1.7611   -0.9016  172.5912   15.4597   -6.6010    4.4716   -0.6047    2.1640    0.7153   -4.4864   -1.9726    0.3600    4.1040   -0.1631    0.1128    1.2952    0.0000 
   7.4691 4294.5684   -0.5839    0.4623  172.7491  -14.7527   21.6582    3.5561   -0.6047    2.1640    0.7153   -4.4864   -1.9726    0.3600    4.1120    0.0425    0.0674    1.1226  -29.0527 
   7.5116 4294.5259   -0.4735    0.3646  172.7802    3.5578  -24.5454    3.3730   -0.6047    2.1640    0.7153   -4.4864   -1.9726    0.3600    4.1120   -0.0452   -0.0044    1.0942  -10.7422 
   7.5541 4294.4834   -0.4612    0.4621  172.7792   -6.7571   20.4375   -2.2423   -0.6047    2.1640    0.7153   -4.4864   -1.9726    0.3600    4.1120    0.0925   -0.0259    1.0635  -21.0571 
   7.5966 4294.4409   -0.6179    0.1160  172.8347    0.6892   -9.5307    3.1899   -0.6047    2.1640    0.7153   -4.4864   -1.9726    0.3600    4.1120   -0.0352   -0.0496    1.0542    0.0000 
   7.6391 4294.3984    0.0214    0.7777  172.8492    6.9758   -4.9531    2.9457   -0.6047    2.1640    0.7153   -4.4864   -1.9726    0.3600    4.1120    0.0293   -0.0430    1.1323   -7.3242 
   7.6816 4294.3560   -0.0628    0.7328  172.8519    1.5437   -4.9531    0.5043   -0.6047    2.1640    0.7153   -4.4864   -1.9726    0.3600    4.1120   -0.0171    0.0110    1.0918    0.0000 
   7.7241 4294.3135    0.2018    0.1762  172.8214   -0.9588   -3.5493    3.8002   -0.6047    2.1640    0.7153   -4.4864   -1.9726    0.3600    4.1120   -0.0312    0.0137    1.0774  -15.2588 
   7.7666 4294.2710    0.3102    0.4303  172.8386   -1.1419    0.4180   -3.3409   -0.6047    2.1640    0.7153   -4.4864   -1.9726    0.3600    4.1120   -0.0032   -0.0017    1.0728    0.0000 
   7.8091 4294.2285    0.4602    0.8439  172.8422    0.3230    0.9063    2.9457   -0.6047    2.1640    0.7153   -4.4864   -1.9726    0.3600    4.1120    0.0139   -0.0166    1.0852  -13.9771 
   7.8516 4294.1860    0.2668    0.6987  172.8532   -0.7757    1.3335   -0.2281   -0.6047    2.1640    0.7153   -4.4864   -1.9726    0.3600    4.1120    0.0024   -0.0068    1.0620  -15.0757 
   7.8941 4294.1436   -0.2774    0.5962  172.8425   -0.0433   -3.3051   -0.5333   -0.6047    2.1640    0.7153   -4.4864   -1.9726    0.3600    4.1040   -0.0046    0.0234    1.0876  -14.3433 
   8.0341    0.0009    0.0000    0.0000  172.8404    0.3230   -0.1923   -0.1060   -0.6047    2.1640    0.0000    0.0000    0.0000    0.0000    4.1120   -0.0164   -0.0066    1.0728  -13.9771 
   8.0766    0.0014    0.0000    0.0000  172.8394   -0.3484    0.4180    0.0771   -0.6047    2.1640    0.0000    0.0000    0.0000    0.0000    4.1120    0.0063   -0.0017    1.0618  -14.6484 
   8.1191    0.0009    0.0000    0.0000  172.8364   -0.9588    0.0518    0.6874   -0.6047    2.1640    0.0000    0.0000    0.0000    0.0000    4.1120   -0.0015   -0.0229    1.0786  -15.2588 
   8.1616    0.0009    0.0000    0.0000  172.8452   -0.0433   -0.0703    0.2602   -0.6047    2.1640    0.0000    0.0000    0.0000    0.0000    4.1120   -0.0120   -0.0088    1.0730  -14.3433 
   8.2041    0.0009    0.0000    0.0000  172.8390    0.2009   -0.0703    0.0771   -0.6047    2.1640    0.0000    0.0000    0.0000    0.0000    4.1200   -0.0056    0.0044    1.0696  -14.0991 
   8.2466    0.0014    0.0000    0.0000  172.8335   -0.2264   -0.1313   -0.1060   -0.6047    2.1640    0.0000    0.0000    0.0000    0.0000    4.1120   -0.0125   -0.0012    1.0867  -14.5264 
   8.2891    0.0009    0.0000    0.0000  172.8392   -0.4705    0.3570   -0.2891   -0.6047    2.1640    0.0000    0.0000    0.0000    0.0000    4.1200   -0.0193   -0.0007    1.0840  -14.7705 
   8.3316    0.0009    0.0000    0.0000  172.8418    0.0788   -0.1313    0.1381   -0.6047    2.1640    0.0000    0.0000    0.0000    0.0000    4.1200   -0.0208    0.0068    1.0830  -14.2212 
   8.3741    0.0009    0.0000    0.0000  172.8370   -0.4705   -0.0092    0.3822   -0.6047    2.1640    0.0000    0.0000    0.0000    0.0000    4.1120   -0.0088   -0.0029    1.0835  -14.7705 
   8.4166    0.0015    0.0000    0.0000  172.8377    0.3840    0.4180   -0.4112   -0.6047    2.1640    0.0000    0.0000    0.0000    0.0000    4.1200   -0.0020    0.0024    1.0747  -13.9160 
   8.4591    0.0009    0.0000    0.0000  172.8353    0.1399   -0.0703    0.0771   -0.6047    2.1640    0.0000    0.0000    0.0000    0.0000    4.1200   -0.0254    0.0066    1.0759  -14.1602 
   8.5016    0.0009    0.0000    0.0000  172.8275    0.1399    0.2959   -0.2281   -0.6047    2.1640    0.0000    0.0000    0.0000    0.0000    4.1200   -0.0125    0.0046    1.0828  -14.1602 
   8.5441    0.0009    0.0000    0.0000  172.8269   -0.0433   -0.0092    0.1381   -0.6047    2.1640    0.0000    0.0000    0.0000    0.0000    4.1200   -0.0068    0.0046    1.0764  -14.3433 
   8.5866    0.0014    0.0000    0.0000  172.8293    0.3230    0.2349    0.0771   -0.6047    2.1640    0.0000    0.0000    0.0000    0.0000    4.1200   -0.0024   -0.0020    1.0740  -13.9771 
   8.6291    0.0009    0.0000    0.0000  172.8260   -1.1419   -0.1923    0.0771   -0.6047    2.1640    0.0000    0.0000    0.0000    0.0000    4.1120   -0.0059    0.0020    1.0669  -15.4419 
   8.6716    0.0009    0.0000    0.0000  172.8308    0.8112    0.2349    0.4433   -0.6047    2.1640    0.0000    0.0000    0.0000    0.0000    4.1200   -0.0088    0.0046    1.0793  -13.4888 
   8.7141    0.0009    0.0000    0.0000  172.8353   -0.2264   -0.0703    0.0160   -0.6047    2.1640    0.0000    0.0000    0.0000    0.0000    4.1120   -0.0144    0.0015    1.0801  -14.5264 
   8.7566    0.0014    0.0000    0.0000  172.8423   -0.4095   -0.0092    0.1381   -0.6047    2.1640    0.0000    0.0000    0.0000    0.0000    4.1200    0.0161    0.0020    1.0752  -14.7095 
   8.7991    0.0010    0.0000    0.0000  172.8450    0.3230   -0.1313   -0.1671   -0.6047    2.1640    0.0000    0.0000    0.0000    0.0000    4.1200   -0.0024    0.0103    1.0769  -13.9771 
   8.8416    0.0009    0.0000    0.0000  172.8406   -0.4095   -0.1923    0.0771   -0.6047    2.1640    0.0000    0.0000    0.0000    0.0000    4.1200   -0.0186   -0.0015    1.0776  -14.7095 
   8.8841    0.0009    0.0000    0.0000  172.8409   -0.1043    0.2959   -0.1060   -0.6047    2.1640    0.0000    0.0000    0.0000    0.0000    4.1200   -0.0090   -0.0012    1.0842  -14.4043 
   8.9266    0.0014    0.0000    0.0000  172.8407   -0.3484   -0.0092   -0.4112   -0.6047    2.1640    0.0000    0.0000    0.0000    0.0000    4.1200   -0.0027   -0.0107    1.0698  -14.6484 
   8.9691    0.0009    0.0000    0.0000  172.8503   -0.2874    0.0518    0.0160   -0.6047    2.1640    0.0000    0.0000    0.0000    0.0000    4.1200   -0.0129   -0.0002    1.0667  -14.5874 
   9.0116    0.0009    0.0000    0.0000  172.8496   -0.2874    0.2959    0.0771   -0.6047    2.1640    0.0000    0.0000    0.0000    0.0000    4.1200   -0.0005   -0.0056    1.0588  -14.5874 
   9.0541    0.0009    0.0000    0.0000  172.8524    0.1399    0.1128    0.0771   -0.6047    2.1640    0.0000    0.0000    0.0000    0.0000    4.1200   -0.0024   -0.0059    1.0808  -14.1602 
   9.0966    0.0014    0.0000    0.0000  172.8497   -0.7146    0.0518   -0.1060   -0.6047    2.1640    0.0000    0.0000    0.0000    0.0000    4.1200   -0.0098    0.0066    1.0784  -15.0146 
   9.1391    0.0009    0.0000    0.0000  172.8618   -0.5926   -0.4365    0.3822   -0.6047    2.1640    0.0000    0.0000    0.0000    0.0000    4.1200   -0.0142   -0.0073    1.0791  -14.8926 
   9.1816    0.0009    0.0000    0.0000  172.8722   -0.5926   -0.1313    0.0771   -0.6047    2.1640    0.0000    0.0000    0.0000    0.0000    4.1200   -0.0027   -0.0061    1.0891  -14.8926 
   9.2241    0.0009    0.0000    0.0000  172.8788   -0.7146   -0.3144    0.0771   -0.6047    2.1640    0.0000    0.0000    0.0000    0.0000    4.1200   -0.0073    0.0005    1.0908  -15.0146 
   9.2666    0.0014    0.0000    0.0000  172.8872   -0.1653    0.1128    0.4433   -0.6047    2.1640    0.0000    0.0000    0.0000    0.0000    4.1200   -0.0051    0.0066    1.0740  -14.4653 
   9.3091    0.0009    0.0000    0.0000  172.8909   -0.8977   -0.0092    0.2602   -0.6047    2.1640    0.0000    0.0000    0.0000    0.0000    4.1200   -0.0122   -0.0078    1.0793  -15.1978 
   9.3516    0.0009    0.0000    0.0000  172.8913    0.2009   -0.0092    0.0160   -0.6047    2.1640    0.0000    0.0000    0.0000    0.0000    4.1200   -0.0139   -0.0095    1.0837  -14.0991 
   9.3941    0.0009    0.0000    0.0000  172.8941   -0.4705    0.1739    0.1991   -0.6047    2.1640    0.0000    0.0000    0.0000    0.0000    4.1200   -0.0110    0.0010    1.0820  -14.7705 
   9.4366    0.0014    0.0000    0.0000  172.8959    0.3840    0.0518    0.3822   -0.6047    2.1640    0.0000    0.0000    0.0000    0.0000    4.1200   -0.0098   -0.0015    1.0732  -13.9160 
   9.4791    0.0010    0.0000    0.0000  172.8974   -0.2874   -0.1313   -0.1060   -0.6047    2.1640    0.0000    0.0000    0.0000    0.0000    4.1200   -0.0017    0.0088    1.0652  -14.5874 
   9.5216    0.0009    0.0000    0.0000  172.8943   -0.1653    0.1128   -0.0450   -0.6047    2.1640    0.0000    0.0000    0.0000    0.0000    4.1200   -0.0020    0.0129    1.0806  -14.4653 
   9.5641    0.0009    0.0000    0.0000  172.8985   -0.7757   -0.0703    0.2602   -0.6047    2.1640    0.0000    0.0000    0.0000    0.0000    4.1200   -0.0020    0.0039    1.0801  -15.0757 
   9.6066    0.0014    0.0000    0.0000  172.8963   -0.3484   -0.0092    0.2602   -0.6047    2.1640    0.0000    0.0000    0.0000    0.0000    4.1200   -0.0002    0.0032    1.0674  -14.6484 
   9.6491    0.0009    0.0000    0.0000  172.8967   -0.2264    0.3570    0.2602   -0.6047    2.1640    0.0000    0.0000    0.0000    0.0000    4.1200   -0.0012    0.0166    1.0864  -14.5264 
   9.6916    0.0009    0.0000    0.0000  172.8941   -1.5691    0.1128   -0.2281   -0.6047    2.1640    0.0000    0.0000    0.0000    0.0000    4.1280   -0.0076   -0.0085    1.0811  -15.8691 
   9.7341    0.0009    0.0000    0.0000  172.8943   -0.0433   -0.0703    0.0771   -0.6047    2.1640    0.0000    0.0000    0.0000    0.0000    4.1200   -0.0088   -0.0002    1.0818  -14.3433 
   9.7766    0.0014    0.0000    0.0000  172.8979   -0.7757    0.2349   -0.1671   -0.6047    2.1640    0.0000    0.0000    0.0000    0.0000    4.1200    0.0007    0.0032    1.0608  -15.0757 
   9.8191    0.0009    0.0000    0.0000  172.8997   -0.8977    0.1739   -0.1671   -0.6047    2.1640    0.0000    0.0000    0.0000    0.0000    4.1200   -0.0186   -0.0090    1.0710  -15.1978 
   9.8616    0.0009    0.0000    0.0000  172.8997   -0.7757    0.1128   -0.1060   -0.6047    2.1640    0.0000    0.0000    0.0000    0.0000    4.1200   -0.0100   -0.0042    1.0884    0.0000 
   9.9041    0.0009    0.0000    0.0000  172.8980    0.1399    0.2959   -0.2891   -0.6047    2.1640    0.0000    0.0000    0.0000    0.0000    4.1280   -0.0129   -0.0056    1.0881  -14.1602 
   9.9466    0.0014    0.0000    0.0000  172.9004   -0.0433   -0.0703   -0.0450   -0.6047    2.1640    0.0000    0.0000    0.0000    0.0000    4.1280   -0.0012    0.0085    1.0911  -14.3433 
   9.9891    0.0009    0.0000    0.0000  172.9016   -0.2874   -0.0703   -0.1060   -0.6047    2.1640    0.0000    0.0000    0.0000    0.0000    4.1200   -0.0105    0.0007    1.0913  -14.5874 
  10.0316    0.0009    0.0000    0.0000  172.8963   -0.2264    0.1739    0.0160   -0.6047    2.1640    0.0000    0.0000    0.0000    0.0000    4.1280   -0.0063   -0.0027    1.0825  -14.5264 
  10.0741    0.0009    0.0000    0.0000  172.8904   -0.5315   -0.3144   -0.1060   -0.6047    2.1640    0.0000    0.0000    0.0000    0.0000    4.1280   -0.0076    0.0139    1.0740  -14.8315 
  10.1166    0.0014    0.0000    0.0000  172.8980    0.0178    0.1128   -0.1060   -0.6047    2.1640    0.0000    0.0000    0.0000    0.0000    4.1200   -0.0105    0.0027    1.0737  -14.2822 
  10.1591    0.0009    0.0000    0.0000  172.8946   -0.7146    0.1739    0.0771   -0.6047    2.1640    0.0000    0.0000    0.0000    0.0000    4.1280   -0.0056    0.0046    1.0625  -15.0146 
  10.2016    0.0009    0.0000    0.0000  172.8876   -0.6536   -0.3144   -0.1060   -0.6047    2.1640    0.0000    0.0000    0.0000    0.0000    4.1280   -0.0127    0.0081    1.0779  -14.9536 
  10.2441    0.0009    0.0000    0.0000  172.8911   -0.3484   -0.1313   -0.1060   -0.6047    2.1640    0.0000    0.0000    0.0000    0.0000    4.1280   -0.0154    0.0002    1.0752  -14.6484 
  10.2866    0.0014    0.0000    0.0000  172.8941   -0.0433    0.1128    0.0160   -0.6047    2.1640    0.0000    0.0000    0.0000    0.0000    4.1280    0.0010    0.0049    1.0742  -14.3433 
  10.3291    0.0009    0.0000    0.0000  172.9020   -0.1653    0.0518    0.3822   -0.6047    2.1640    0.0000    0.0000    0.0000    0.0000    4.1280    0.0027    0.0049    1.0732  -14.4653 
  10.3716    0.0009    0.0000    0.0000  172.9129   -0.2264   -0.1923    0.3822   -0.6047    2.1640    0.0000    0.0000    0.0000    0.0000    4.1200   -0.0015   -0.0034    1.0818  -14.5264 
  10.4141    0.0009    0.0000    0.0000  172.9183    0.3840   -0.1313   -0.3502   -0.6047    2.1640    0.0000    0.0000    0.0000    0.0000    4.1200   -0.0056   -0.0032    1.0776  -13.9160 
  10.4566    0.0014    0.0000    0.0000  172.9190   -0.1653   -0.1313   -0.1060   -0.6047    2.1640    0.0000    0.0000    0.0000    0.0000    4.1200   -0.0073    0.0010    1.0828  -14.4653 
  10.4991    0.0009    0.0000    0.0000  172.9194   -0.9588   -0.0703   -0.0450   -0.6047    2.1640    0.0000    0.0000    0.0000    0.0000    4.1280    0.0063    0.0149    1.0681  -15.2588 
  10.5416    0.0009    0.0000    0.0000  172.9282   -0.7146   -0.1313    0.0160   -0.6047    2.1640    0.0000    0.0000    0.0000    0.0000    4.1280   -0.0012    0.0007    1.0857  -15.0146 
  10.5841    0.0009    0.0000    0.0000  172.9296   -0.6536   -0.0092    0.1381   -0.6047    2.1640    0.0000    0.0000    0.0000    0.0000    4.1200    0.0042   -0.0002    1.0679  -14.9536 
  10.6266    0.0014    0.0000    0.0000  172.9384    0.2009   -0.0092   -0.1060   -0.6047    2.1640    0.0000    0.0000    0.0000    0.0000    4.1280   -0.0203    0.0061    1.0781  -14.0991 
  10.6691    0.0009    0.0000    0.0000  172.9004    1.4826   15.6158   -3.0968   -0.6047    2.1640    0.0000    0.0000    0.0000    0.0000    4.1200    0.0688    0.0415    1.0439  -12.8174 
  10.7116    0.0009    0.0000    0.0000  172.8323   -8.8323   -6.5400    0.9316   -0.6047    2.1640    0.0000    0.0000    0.0000    0.0000    4.1280    0.0168   -0.0291    1.0610  -23.1323 
  10.7541    0.0009    0.0000    0.0000  172.8313    9.2341   -8.5542    3.0068   -0.6047    2.1640    0.0000    0.0000    0.0000    0.0000    4.1280    0.0754   -0.0669    1.0662   -5.0659 
  10.7966    0.0015    0.0000    0.0000  173.4289  -11.7010   21.2310   31.4491   -0.6047    2.1640    0.0000    0.0000    0.0000    0.0000    4.1280    0.1438    0.1580    1.0664  -26.0010 
  10.8391    0.0009    0.0000    0.0000  174.5165  -17.1941   21.0479   43.7782   -0.6047    2.1640    0.0000    0.0000    0.0000    0.0000    4.1280   -0.1230   -0.0781    1.0510  -31.4941 
  10.8816    0.0009    0.0000    0.0000  178.4304    3.0085   -1.1689  127.9457   -0.6047    2.1640    0.0000    0.0000    0.0000    0.0000    4.1280   -0.0896   -0.0547    1.0969  -11.2915 
  10.9241    0.0009    0.0000    0.0000  182.8767  117.9987   24.4659  114.3349   -0.6047    2.1640    0.0000    0.0000    0.0000    0.0000    4.1280   -0.0308   -0.4041    1.1384  103.6987 
  10.9666    0.0014    0.0000    0.0000  185.2613   59.7712  -93.5761  -45.3941   -0.6047    2.1640    0.0000    0.0000    0.0000    0.0000    4.1280   -0.1509   -0.3098    1.4204   45.4712 
  11.0091    0.0009    0.0000    0.0000  182.0518   47.1369  -44.6870  -43.6241   -0.6047    2.1640    0.0000    0.0000    0.0000    0.0000    4.1280   -0.0396   -0.6538    1.5967   32.8369 
  11.0516    0.0009    0.0000    0.0000  182.0087  119.4636  -11.4228   27.6650   -0.6047    2.1640    0.0000    0.0000    0.0000    0.0000    4.1280   -0.0574   -0.7234    1.7725  105.1636 
  11.0941    0.0009    0.0000    0.0000  181.9572  195.9406   38.3208    0.5653   -0.6047    2.1640    0.0000    0.0000    0.0000    0.0000    4.1200   -0.2041   -1.0850    1.5332  181.6406 
  11.1366    0.0014    0.0000    0.0000  183.7625  237.6276    8.4747  167.0082   -0.6047    2.1640    0.0000    0.0000    0.0000    0.0000    4.1280   -0.4043   -0.7063    1.5510  223.3276 
  11.1791    0.0009    0.0000    0.0000  192.0873  245.5012   11.2823  140.6410   -0.6047    2.1640    0.0000    0.0000    0.0000    0.0000    4.1280   -0.1367   -1.0833    1.3562  231.2012 
  11.2216    0.0009    0.0000    0.0000  197.6152  244.8298  -14.0473  119.8891   -0.6047    2.1640    0.0000    0.0000    0.0000    0.0000    4.1200   -0.3560   -0.6814    1.2107  230.5298 
  11.2641    0.0009    0.0000    0.0000  210.5000  138.9948  -66.4155  182.5111   -0.6047    2.1640    0.0000    0.0000    0.0000    0.0000    4.1200    0.1250   -0.8657    1.0256  124.6948 
  11.3066    0.0015    0.0000    0.0000  221.2476  235.7355   16.2872   60.5019   -0.6047    2.1640    0.0000    0.0000    0.0000    0.0000    4.1200   -0.1184   -0.9175    0.6841  221.4355 
  11.3491    0.0009    0.0000    0.0000  233.1616  238.1159  -81.1860   53.7270   -0.6047    2.1640    0.0000    0.0000    0.0000    0.0000    4.1280   -0.1785   -0.7441    0.6362  223.8159 
  11.3916    0.0009    0.0000    0.0000  253.6754  164.0193 -122.4458  145.5849   -0.6047    2.1640    0.0000    0.0000    0.0000    0.0000    4.1280   -0.0933   -0.6917    0.5574  149.7192 
  11.4341    0.0009    0.0000    0.0000  286.0322  233.9655  -87.0454  130.3261   -0.6047    2.1640    0.0000    0.0000    0.0000    0.0000    4.1280   -0.0901   -0.4768    0.4583  219.6655 
  11.4766    0.0015    0.0000    0.0000  307.7257   82.6594 -121.0419   49.4545   -0.6047    2.1640    0.0000    0.0000    0.0000    0.0000    4.1280   -0.2595   -0.4656    0.3416   68.3594 
  11.5191    0.0009    0.0000    0.0000  317.0351  139.5441 -178.4760  178.9101   -0.6047    2.1640    0.0000    0.0000    0.0000    0.0000    4.1280    0.1807   -0.5859    0.2634  125.2441 
  11.5616    0.0009    0.0000    0.0000  326.9097   66.9123  -80.5756   97.7333   -0.6047    2.1640    0.0000    0.0000    0.0000    0.0000    4.1280   -0.0232   -0.2021    0.2678   52.6123 
  11.6041    0.0010    0.0000    0.0000  325.5605  -11.7620 -167.3676   84.1225   -0.6047    2.1640    0.0000    0.0000    0.0000    0.0000    4.1280    0.2273   -0.7131    0.3115  -26.0620 
  11.6466    0.0015    0.0000    0.0000  318.5587  -88.3611 -227.7314  118.6073   -0.6047    2.1640    0.0000    0.0000    0.0000    0.0000    4.1280    0.3577   -0.6074    0.3850 -102.6611 
  11.6891    0.0009    0.0000    0.0000  319.4629   60.5647  -38.0952   83.6952   -0.6047    2.1640    0.0000    0.0000    0.0000    0.0000    4.1280    0.3037   -0.6013    0.3306   46.2646 
  11.7316    0.0009    0.0000    0.0000  329.0350  118.5480 -116.7085  113.7856   -0.6047    2.1640    0.0000    0.0000    0.0000    0.0000    4.1280    0.4978   -0.7102    0.1921  104.2480 
  11.7741    0.0009    0.0000    0.0000  332.5274 -103.3758 -185.6171  -28.2432   -0.6047    2.1640    0.0000    0.0000    0.0000    0.0000    4.1280    0.5996   -0.6519    0.2393 -117.6758 
  11.8166    0.0015    0.0000    0.0000  326.2456  -71.5154 -237.0698   41.3368   -0.6047    2.1640    0.0000    0.0000    0.0000    0.0000    4.1280    0.3665   -0.8274    0.4929  -85.8154 
  11.8591    0.0009    0.0000    0.0000  325.2185 -126.9964 -242.7460   32.7919   -0.6047    2.1640    0.0000    0.0000    0.0000    0.0000    4.1280    0.5505   -0.7280    0.4734 -141.2964 
  11.9016    0.0009    0.0000    0.0000  323.2636 -114.4231 -323.4955   52.1400   -0.6047    2.1640    0.0000    0.0000    0.0000    0.0000    4.1280   -0.0569   -0.6838    0.6252 -128.7231 
  11.9441    0.0009    0.0000    0.0000  324.2912 -100.5682 -185.3120   92.6674   -0.6047    2.1640    0.0000    0.0000    0.0000    0.0000    4.1280   -0.0530   -0.5935    0.6929 -114.8682 
  11.9866    0.0015    0.0000    0.0000  326.7851  -74.5672 -145.5781  101.8227   -0.6047    2.1640    0.0000    0.0000    0.0000    0.0000    4.1280   -0.4358   -0.6580    0.9155  -88.8672 
  12.0291    0.0009    0.0000    0.0000  330.0815  -69.6233  -86.3129   75.3334   -0.6047    2.1640    0.0000    0.0000    0.0000    0.0000    4.1280   -0.3069   -0.6475    0.9800  -83.9233 
  12.0716    0.0009    0.0000    0.0000  331.9222 -101.1785  -47.9218   61.4784   -0.6047    2.1640    0.0000    0.0000    0.0000    0.0000    4.1280   -0.2690   -0.4495    0.8928 -115.4785 
  12.1141    0.0009    0.0000    0.0000  335.0128  -54.9749  -53.3540   93.3388   -0.6047    2.1640    0.0000    0.0000    0.0000    0.0000    4.1280   -0.4307   -0.4097    0.8640  -69.2749 
  12.1566    0.0014    0.0000    0.0000  339.5732  -77.1917   28.6773  119.7060   -0.6047    2.1640    0.0000    0.0000    0.0000    0.0000    4.1280   -0.3479   -0.4443    0.8794  -91.4917 
  12.1991    0.0009    0.0000    0.0000  343.0701  -57.9656  -17.0380   56.6567   -0.6047    2.1640    0.0000    0.0000    0.0000    0.0000    4.1280   -0.1841   -0.3059    0.8269  -72.2656 
  12.2416    0.0009    0.0000    0.0000  345.8567  -35.4436   25.6255  100.9071   -0.6047    2.1640    0.0000    0.0000    0.0000    0.0000    4.1280   -0.1782   -0.3020    0.8569  -49.7437 
  12.2841    0.0009    0.0000    0.0000  351.8946  -31.9646   12.7471   94.9867   -0.6047    2.1640    0.0000    0.0000    0.0000    0.0000    4.1280    0.1421   -0.2681    0.9070  -46.2646 
  12.3266    0.0014    0.0000    0.0000  355.0005  -14.4475   -1.4130   57.6942   -0.6047    2.1640    0.0000    0.0000    0.0000    0.0000    4.1280   -0.0884   -0.2163    0.9272  -28.7476 
  12.3691    0.0009    0.0000    0.0000  359.2298  -12.2503   17.3858   86.0756   -0.6047    2.1640    0.0000    0.0000    0.0000    0.0000    4.1280    0.1411   -0.3352    1.0217  -26.5503 
  12.4116    0.0009    0.0000    0.0000    2.3093   -9.0154   -3.7934   33.5854   -0.6047    2.1640    0.0000    0.0000    0.0000    0.0000    4.1280    0.1365   -0.2603    1.0249  -23.3154 
  12.4541    0.0009    0.0000    0.0000    4.3085    4.4734   -9.8359   36.7592   -0.6047    2.1640    0.0000    0.0000    0.0000    0.0000    4.1280    0.0413   -0.2705    1.1021   -9.8267 
  12.4966    0.0014    0.0000    0.0000    6.3392   -8.6492   -9.1035   35.7826   -0.6047    2.1640    0.0000    0.0000    0.0000    0.0000    4.1280    0.1084   -0.2336    1.0789  -22.9492 
  12.5391    0.0009    0.0000    0.0000    7.8417   -9.1375    0.4180   28.6415   -0.6047    2.1640    0.0000    0.0000    0.0000    0.0000    4.1280    0.1838   -0.2683    1.0823  -23.4375 
  12.5816    0.0009    0.0000    0.0000   10.3831  -25.4949  -19.1743   93.0946   -0.6047    2.1640    0.0000    0.0000    0.0000    0.0000    4.1280    0.1294   -0.2861    1.0627  -39.7949 
  12.6241    0.0009    0.0000    0.0000   13.8925  -12.3724    3.4087   48.7221   -0.6047    2.1640    0.0000    0.0000    0.0000    0.0000    4.1280    0.1709   -0.2793    1.0200  -26.6724 
  12.6666    0.0014    0.0000    0.0000   16.0660   40.1179  -25.8271   56.1073   -0.6047    2.1640    0.0000    0.0000    0.0000    0.0000    4.1280    0.1697   -0.4531    1.1416   25.8179 
  12.7091    0.0009    0.0000    0.0000   18.4832  -21.7107    8.2305   54.3983   -0.6047    2.1640    0.0000    0.0000    0.0000    0.0000    4.1280    0.0283   -0.5525    1.0891  -36.0107 
  12.7516    0.0009    0.0000    0.0000   21.3046   -0.8977  -15.6953   54.8866   -0.6047    2.1640    0.0000    0.0000    0.0000    0.0000    4.1280    0.2595   -0.3696    0.7759  -15.1978 
  12.7941    0.0009    0.0000    0.0000   22.5318  -10.8465   -4.2817   37.7358   -0.6047    2.1640    0.0000    0.0000    0.0000    0.0000    4.1280    0.1077   -0.3916    0.9719  -25.1465 
  12.8366    0.0015    0.0000    0.0000   24.2051   22.6008  -22.2871   68.3754   -0.6047    2.1640    0.0000    0.0000    0.0000    0.0000    4.1280    0.0710   -0.2432    0.9871    8.3008 
  12.8791    0.0009    0.0000    0.0000   26.6621    0.9943   19.6441   73.4413   -0.6047    2.1640    0.0000    0.0000    0.0000    0.0000    4.1280    0.0583   -0.2043    0.9780  -13.3057 
  12.9216    0.0009    0.0000    0.0000   29.0815    3.6799    3.7139   28.3974   -0.6047    2.1640    0.0000    0.0000    0.0000    0.0000    4.1280    0.2495   -0.1382    0.8225    0.0000 
  12.9641    0.0009    0.0000    0.0000   28.6479   24.8591  -32.9072  -24.2149   -0.6047    2.1640    0.0000    0.0000    0.0000    0.0000    4.1280    0.3003   -0.2202    0.8914   10.5591 
  13.0066    0.0015    0.0000    0.0000   29.5489   20.7697  -41.1469    6.3026   -0.6047    2.1640    0.0000    0.0000    0.0000    0.0000    4.1280    0.2051   -0.2629    0.9216    6.4697 
  13.0491    0.0009    0.0000    0.0000   29.9909   21.0139    1.9439   -4.7447   -0.6047    2.1640    0.0000    0.0000    0.0000    0.0000    4.1280    0.2485   -0.2131    0.9363    6.7139 
  13.0916    0.0009    0.0000    0.0000   28.7064   18.1452  -15.8173  -38.8634   -0.6047    2.1640    0.0000    0.0000    0.0000    0.0000    4.1280    0.1438   -0.2244    1.0449    3.8452 
  13.1341    0.0009    0.0000    0.0000   27.7340   -1.4471   -2.7558   -2.4864   -0.6047    2.1640    0.0000    0.0000    0.0000    0.0000    4.1360    0.1533   -0.3406    1.1790  -15.7471 
  13.1766    0.0015    0.0000    0.0000   27.1939  -12.1892    4.9346  -23.4215   -0.6047    2.1640    0.0000    0.0000    0.0000    0.0000    4.1280    0.2114   -0.2646    1.0645  -26.4893 
  13.2191    0.0009    0.0000    0.0000   26.0421   19.9152  -46.5180  -51.4366   -0.6047    2.1640    0.0000    0.0000    0.0000    0.0000    4.1280    0.1348   -0.3745    1.2102    5.6152 
  13.2616    0.0009    0.0000    0.0000   23.9679   24.3708  -11.6669  -24.9473   -0.6047    2.1640    0.0000    0.0000    0.0000    0.0000    4.1280    0.0344   -0.5891    1.2637   10.0708 
  13.3041    0.0009    0.0000    0.0000   22.4414   -0.1653  -26.5595  -32.8209   -0.6047    2.1640    0.0000    0.0000    0.0000    0.0000    4.1280   -0.0127   -0.5337    1.0046  -14.4653 
  13.3466    0.0014    0.0000    0.0000   20.2805   11.2483  -27.9023  -37.8258   -0.6047    2.1640    0.0000    0.0000    0.0000    0.0000    4.1280   -0.0012   -0.4102    0.9207   -3.0518 
  13.3891    0.0009    0.0000    0.0000   19.2004    8.2575   24.5269  -16.8297   -0.6047    2.1640    0.0000    0.0000    0.0000    0.0000    4.1280    0.0388   -0.3000    0.8630   -6.0425 
  13.4316    0.0009    0.0000    0.0000   17.5980   35.2351  -20.5781  -18.1724   -0.6047    2.1640    0.0000    0.0000    0.0000    0.0000    4.1360   -0.0913   -0.5125    1.1199   20.9351 
  13.4741    0.0009    0.0000    0.0000   17.9237    1.4216    1.1504   10.2699   -0.6047    2.1640    0.0000    0.0000    0.0000    0.0000    4.1280    0.0408   -0.4324    0.9880  -12.8784 
  13.5166    0.0014    0.0000    0.0000   19.4975   -4.4378   -4.7089   17.2279   -0.6047    2.1640    0.0000    0.0000    0.0000    0.0000    4.1360    0.1040   -0.2749    0.8284  -18.7378 
  13.5591    0.0009    0.0000    0.0000   20.8258    3.3137   -4.8920   17.8993   -0.6047    2.1640    0.0000    0.0000    0.0000    0.0000    4.1360    0.0620   -0.2859    0.9080  -10.9863 
  13.6016    0.0009    0.0000    0.0000   21.6485    1.8488  -12.7045   18.9369   -0.6047    2.1640    0.0000    0.0000    0.0000    0.0000    4.1360   -0.0161   -0.2773    0.9438  -12.4512 
  13.6441    0.0009    0.0000    0.0000   21.6535   14.2390  -24.6064    6.8520   -0.6047    2.1640    0.0000    0.0000    0.0000    0.0000    4.1280   -0.0132   -0.3220    1.0281   -0.0610 
  13.6866    0.0014    0.0000    0.0000   22.5330   15.8259  -18.0146   13.1996   -0.6047    2.1640    0.0000    0.0000    0.0000    0.0000    4.1360    0.0137   -0.3396    0.9795    0.0000 
  13.7291    0.0009    0.0000    0.0000   23.6686   -3.7664  -22.6533   15.2748   -0.6047    2.1640    0.0000    0.0000    0.0000    0.0000    4.1280    0.0327   -0.4426    1.0579  -18.0664 
  13.7716    0.0009    0.0000    0.0000   25.2690    0.6892  -16.0004   26.4443   -0.6047    2.1640    0.0000    0.0000    0.0000    0.0000    4.1360    0.0942   -0.4465    1.0933  -13.6108 
  13.8141    0.0009    0.0000    0.0000   27.5914   15.7649  -28.5127   28.8857   -0.6047    2.1640    0.0000    0.0000    0.0000    0.0000    4.1280    0.0081   -0.5522    1.0708    1.4648 
