   0.0017 4291.0024   -0.0128   -0.1426  179.9999   -0.7277    0.0937   -0.0409    0.0000    0.0000    0.0000    0.0000    0.0000    0.0000    4.0880   -0.0254    0.0020    1.0752    0.0000 
   0.0442 4290.9600   -0.5265   -1.0224  180.0129   -0.1784   -0.0894    0.2033    0.0000    0.0000    0.0000    0.0000    0.0000    0.0000    4.0880   -0.0200    0.0144    1.0823  -15.5640 
   0.0867 4290.9175   -0.3476   -0.9551  180.0107   -0.3615   -0.0284   -0.1630    0.0000    0.0000    0.0000    0.0000    0.0000    0.0000    4.0880   -0.0234    0.0066    1.0845  -15.7471 
   0.1292 4290.8750   -0.2108   -0.6370  180.0086    0.4930   -0.2115   -0.2850    0.0000    0.0000    0.0000    0.0000    0.0000    0.0000    4.0880   -0.0125    0.0044    1.0864  -14.8926 
   0.1717 4290.8325   -0.1435   -0.8480  180.0114    0.2489    0.1547    0.0812    0.0000    0.0000    0.0000    0.0000    0.0000    0.0000    4.0880   -0.0164    0.0078    1.0859  -15.1367 
   0.2142 4290.7900   -0.2970   -0.5906  180.0096    0.1268    0.3378    0.0812    0.0000    0.0000    0.0000    0.0000    0.0000    0.0000    4.0880   -0.0081    0.0015    1.0713  -15.2588 
   0.2567 4290.7476   -0.4887   -0.6157  180.0165   -0.0563    0.2768    0.3864    0.0000    0.0000    0.0000    0.0000    0.0000    0.0000    4.0880   -0.0110   -0.0110    1.0769  -15.4419 
   0.2992 4290.7051   -0.0046   -1.0794  180.0244   -0.3004   -0.3336    0.0201    0.0000    0.0000    0.0000    0.0000    0.0000    0.0000    4.0960   -0.0244   -0.0020    1.0825  -15.6860 
   0.3417 4290.6626   -0.4717   -1.1653  180.0236   -0.1173   -0.0894   -0.0409    0.0000    0.0000    0.0000    0.0000    0.0000    0.0000    4.0880   -0.0139    0.0112    1.0825    0.0000 
   0.3842 4290.6201   -0.3188   -0.7333  180.0330   -0.0563    0.0327    0.0201    0.0000    0.0000    0.0000    0.0000    0.0000    0.0000    4.0880   -0.0122    0.0068    1.0796  -15.4419 
   0.4267 4290.5776   -0.1553   -0.8588  180.0326    0.1879   -0.0284    0.0812    0.0000    0.0000    0.0000    0.0000    0.0000    0.0000    4.0880   -0.0159    0.0032    1.0774  -15.1978 
   0.4692 4290.5352    0.1070   -0.7050  180.0363   -0.6056    0.0327    0.2033    0.0000    0.0000    0.0000    0.0000    0.0000    0.0000    4.0880   -0.0132   -0.0012    1.0830  -15.9912 
   0.5117 4290.4927   -0.2459   -0.8825  180.0392   -0.1784    0.0327    0.0812    0.0000    0.0000    0.0000    0.0000    0.0000    0.0000    4.0800   -0.0173    0.0061    1.0840  -15.5640 
   0.5542 4290.4502   -0.0689   -0.6449  180.0465    0.0658   -0.3336   -0.0409    0.0000    0.0000    0.0000    0.0000    0.0000    0.0000    4.0880   -0.0115    0.0046    1.0850  -15.3198 
   0.5967 4290.4077    0.0572   -0.7251  180.0416   -0.1173   -0.0284    0.0812    0.0000    0.0000    0.0000    0.0000    0.0000    0.0000    4.0880   -0.0012   -0.0051    1.0793    0.0000 
   0.6392 4290.3652   -0.5505   -0.6798  180.0453   -0.1173    0.0327    0.1422    0.0000    0.0000    0.0000    0.0000    0.0000    0.0000    4.0880   -0.0142    0.0117    1.0586  -15.5029 
   0.6817 4290.3228   -0.0968   -0.7911  180.0439   -0.1173    0.2158   -0.0409    0.0000    0.0000    0.0000    0.0000    0.0000    0.0000    4.0880   -0.0181   -0.0015    1.0750  -15.5029 
   0.7242 4290.2803   -0.2689   -0.9058  180.0468   -0.4225    0.0327   -0.1630    0.0000    0.0000    0.0000    0.0000    0.0000    0.0000    4.0880   -0.0173    0.0046    1.0808  -15.8081 
   0.7667 4290.2378   -0.2892   -0.8948  180.0421   -0.9108   -0.1505   -0.0409    0.0000    0.0000    0.0000    0.0000    0.0000    0.0000    4.0880   -0.0188    0.0017    1.0886  -16.2964 
   0.8092 4290.1953   -0.3064   -0.4856  180.0381    0.3710    0.0937   -0.1019    0.0000    0.0000    0.0000    0.0000    0.0000    0.0000    4.0880   -0.0090    0.0059    1.0754  -15.0146 
   0.8517 4290.1528   -0.2412   -1.0609  180.0371   -0.1784    0.0327    0.3253    0.0000    0.0000    0.0000    0.0000    0.0000    0.0000    4.0880   -0.0173    0.0002    1.0798  -15.5640 
   0.8942 4290.1104   -0.2999   -1.2190  180.0458   -0.4225   -0.3336    0.2033    0.0000    0.0000    0.0000    0.0000    0.0000    0.0000    4.0880   -0.0256    0.0027    1.0869  -15.8081 
   0.9367 4290.0679   -0.0531   -0.6107  180.0491    0.3099    0.0327   -0.2240    0.0000    0.0000    0.0000    0.0000    0.0000    0.0000    4.0880   -0.0222   -0.0027    1.0830  -15.0757 
   0.9792 4290.0254   -0.2666   -0.6435  180.0540    0.0658    0.3989   -0.1630    0.0000    0.0000    0.0000    0.0000    0.0000    0.0000    4.0880   -0.0105    0.0051    1.0679  -15.3198 
   1.0217 4289.9829   -0.1982   -0.6401  180.0633   -0.1173   -0.0894    0.1422    0.0000    0.0000    0.0000    0.0000    0.0000    0.0000    4.0880   -0.0093    0.0107    1.0701  -15.5029 
   1.0642 4289.9399   -0.0867   -0.9194  180.0634   -0.2394   -0.3946    0.2033    0.0000    0.0000    0.0000    0.0000    0.0000    0.0000    4.0880   -0.0171    0.0017    1.0706  -15.6250 
   1.1067 4289.8975   -0.2615   -0.7552  180.0681    0.0658   -0.0894    0.1422    0.0000    0.0000    0.0000    0.0000    0.0000    0.0000    4.0880   -0.0198   -0.0010    1.0674  -15.3198 
   1.1492 4289.8550   -0.6395   -0.7416  180.0713   -0.6056   -0.0894    0.2033    0.0000    0.0000    0.0000    0.0000    0.0000    0.0000    4.0880   -0.0056    0.0142    1.0613  -15.9912 
   1.1917 4289.8125   -0.6483   -0.7891  180.0759   -0.0563   -0.2115   -0.1019    0.0000    0.0000    0.0000    0.0000    0.0000    0.0000    4.0880   -0.0107    0.0098    1.0703  -15.4419 
   1.2342 4289.7700   -0.3068   -0.8593  180.0766    0.0047   -0.0894    0.2033    0.0000    0.0000    0.0000    0.0000    0.0000    0.0000    4.0880   -0.0129    0.0112    1.0762  -15.3809 
   1.2767 4289.7275   -0.4171   -0.6408  180.0776   -0.5446    0.0327    0.2643    0.0000    0.0000    0.0000    0.0000    0.0000    0.0000    4.0880   -0.0105    0.0044    1.0769  -15.9302 
   1.3192 4289.6851    0.1144   -0.9815  180.0824    0.0658    0.0937    0.2643    0.0000    0.0000    0.0000    0.0000    0.0000    0.0000    4.0880   -0.0176    0.0068    1.0684  -15.3198 
   1.3617 4289.6426    0.0975   -0.6083  180.0879   -0.2394   -0.0894    0.0812    0.0000    0.0000    0.0000    0.0000    0.0000    0.0000    4.0880   -0.0115   -0.0017    1.0742  -15.6250 
   1.4042 4289.6001   -0.1857   -0.9623  180.0866    0.0658   -0.0284    0.0201    0.0000    0.0000    0.0000    0.0000    0.0000    0.0000    4.0880   -0.0244    0.0083    1.0933  -15.3198 
   1.4467 4289.5576   -0.4442   -0.5148  180.0907   -0.5446   -0.1505    0.1422    0.0000    0.0000    0.0000    0.0000    0.0000    0.0000    4.0880   -0.0090    0.0090    1.0710    0.0000 
   1.4892 4289.5151   -0.3346   -0.4662  180.0941   -0.3004   -0.6998    0.0812    0.0000    0.0000    0.0000    0.0000    0.0000    0.0000    4.0880   -0.0027    0.0010    1.0808  -15.6860 
   1.5317 4289.4727   -0.1981   -0.9108  180.0968   -0.3615    0.0327    0.1422    0.0000    0.0000    0.0000    0.0000    0.0000    0.0000    4.0880   -0.0190    0.0039    1.0698  -15.7471 
   1.5742 4289.4302   -0.1813   -0.8952  180.0981   -0.2394    0.2158    0.2643    0.0000    0.0000    0.0000    0.0000    0.0000    0.0000    4.0880   -0.0137    0.0093    1.0710  -15.6250 
   1.6167 4289.3877   -0.2673   -0.9023  180.0954    0.3710   -0.0284   -0.4681    0.0000    0.0000    0.0000    0.0000    0.0000    0.0000    4.0880   -0.0115    0.0000    1.0894  -15.0146 
   1.6592 4289.3452   -0.3637   -1.2411  180.1024   -0.1173    0.0937   -0.0409    0.0000    0.0000    0.0000    0.0000    0.0000    0.0000    4.0880   -0.0271    0.0061    1.0740  -15.5029 
   1.7017 4289.3027   -0.5225   -1.0468  180.1075    0.2489    0.0327   -0.1019    0.0000    0.0000    0.0000    0.0000    0.0000    0.0000    4.0880   -0.0198    0.0095    1.0735  -15.1367 
   1.7442 4289.2603   -0.2105   -0.3683  180.1052    0.4320   -0.1505    0.0201    0.0000    0.0000    0.0000    0.0000    0.0000    0.0000    4.0880   -0.0012    0.0051    1.0852  -14.9536 
   1.7867 4289.2178   -0.2317   -0.3604  180.1028   -0.4835   -0.2115    0.0812    0.0000    0.0000    0.0000    0.0000    0.0000    0.0000    4.0880   -0.0120    0.0012    1.0776  -15.8691 
   1.8292 4289.1753   -0.4602   -0.8857  180.1087   -0.7887    0.0327    0.3864    0.0000    0.0000    0.0000    0.0000    0.0000    0.0000    4.0880   -0.0217    0.0100    1.0688  -16.1743 
   1.8717 4289.1328   -0.1089   -1.0556  180.1105   -0.4225   -0.0284    0.3864    0.0000    0.0000    0.0000    0.0000    0.0000    0.0000    4.0880   -0.0190   -0.0015    1.0747  -15.8081 
   1.9142 4289.0903    0.0022   -0.7888  180.1172   -0.7277   -0.2725    0.3253    0.0000    0.0000    0.0000    0.0000    0.0000    0.0000    4.0880   -0.0056   -0.0061    1.0630  -16.1133 
   1.9567 4289.0479   -0.0483   -0.9892  180.1255   -0.5446   -0.3336    0.3864    0.0000    0.0000    0.0000    0.0000    0.0000    0.0000    4.0880   -0.0176    0.0015    1.0747  -15.9302 
   1.9992 4289.0054   -0.1237   -0.6308  180.1273    0.1268    0.2158   -0.0409    0.0000    0.0000    0.0000    0.0000    0.0000    0.0000    4.0880   -0.0049   -0.0037    1.0869  -15.2588 
   2.0417 4288.9629   -0.2974   -0.9294  180.1320    0.0658   -0.1505   -0.1019    0.0000    0.0000    0.0000    0.0000    0.0000    0.0000    4.0880   -0.0186    0.0054    1.0730  -15.3198 
   2.0842 4288.9204   -0.4390   -0.7394  180.1351   -0.3615    0.1547    0.0812    0.0000    0.0000    0.0000    0.0000    0.0000    0.0000    4.0880   -0.0139    0.0066    1.0735  -15.7471 
   2.1267 4288.8774   -0.3728   -0.9858  180.1387   -0.3615   -0.0284    0.2033    0.0000    0.0000    0.0000    0.0000    0.0000    0.0000    4.0880   -0.0103    0.0083    1.0745  -15.7471 
   2.1692 4288.8350   -0.1485   -0.8328  180.1489   -0.3615    0.0937    0.6305    0.0000    0.0000    0.0000    0.0000    0.0000    0.0000    4.0880   -0.0149    0.0027    1.0659  -15.7471 
   2.2117 4288.7925   -0.3008   -0.7329  180.1592   -0.7887    0.0937   -0.0409    0.0000    0.0000    0.0000    0.0000    0.0000    0.0000    4.0880   -0.0083    0.0042    1.0901  -16.1743 
   2.2542 4288.7500   -0.3723   -0.9101  180.1637   -0.3615   -0.2115    0.2033    0.0000    0.0000    0.0000    0.0000    0.0000    0.0000    4.0880   -0.0146   -0.0017    1.0825  -15.7471 
   2.2967 4288.7075   -0.4368   -0.9511  180.1738   -1.0329   -0.2115    0.1422    0.0000    0.0000    0.0000    0.0000    0.0000    0.0000    4.0880   -0.0203    0.0115    1.0740  -16.4185 
   2.3392 4288.6650   -0.0567   -1.1220  180.1773   -0.1784   -0.3946   -0.1019    0.0000    0.0000    0.0000    0.0000    0.0000    0.0000    4.0880   -0.0239    0.0054    1.0728  -15.5640 
   2.3817 4288.6226   -0.4149   -0.5669  180.1709   -0.7277   -0.3946    0.2643    0.0000    0.0000    0.0000    0.0000    0.0000    0.0000    4.0880   -0.0107    0.0083    1.0796  -16.1133 
   2.4242 4288.5801   -0.1451   -1.1533  180.1773   -0.3004    0.0937    0.3253    0.0000    0.0000    0.0000    0.0000    0.0000    0.0000    4.0880   -0.0237    0.0024    1.0720  -15.6860 
   2.4667 4288.5376   -0.3018   -0.8395  180.1752   -0.0563    0.0327    0.3253    0.0000    0.0000    0.0000    0.0000    0.0000    0.0000    4.0880   -0.0178    0.0002    1.0784  -15.4419 
   2.5092 4288.4951   -0.4623   -0.3029  180.1788    0.4930   -0.1505    0.2643    0.0000    0.0000    0.0000    0.0000    0.0000    0.0000    4.0880   -0.0066    0.0088    1.0781  -14.8926 
   2.5517 4288.4526   -0.2172   -0.7297  180.1804   -0.2394    0.0327    0.2033    0.0000    0.0000    0.0000    0.0000    0.0000    0.0000    4.0880   -0.0132    0.0042    1.0803  -15.6250 
   2.5942 4288.4102   -0.3185   -0.8454  180.1889   -0.9718   -0.2115    0.3253    0.0000    0.0000    0.0000    0.0000    0.0000    0.0000    4.0880   -0.0154    0.0059    1.0681  -16.3574 
   2.6367 4288.3677   -0.5388   -0.7981  180.1912   -0.2394    0.0327    0.2033    0.0000    0.0000    0.0000    0.0000    0.0000    0.0000    4.0880   -0.0127    0.0103    1.0779  -15.6250 
   2.6792 4288.3252   -0.4416   -0.5963  180.1941   -0.6056    0.0327    0.2033    0.0000    0.0000    0.0000    0.0000    0.0000    0.0000    4.0880   -0.0144    0.0061    1.0789  -15.9912 
   2.7217 4288.2827   -0.4042   -1.1075  180.2001   -0.4835   -0.2725   -0.1019    0.0000    0.0000    0.0000    0.0000    0.0000    0.0000    4.0880   -0.0225    0.0071    1.0720  -15.8691 
   2.7642 4288.2402   -0.2524   -0.6693  180.2036    0.3710   -0.0894    0.2643    0.0000    0.0000    0.0000    0.0000    0.0000    0.0000    4.0880   -0.0022    0.0063    1.0769  -15.0146 
   2.8067 4288.1978   -0.7101   -0.8196  180.2080   -0.1173   -0.0894    0.1422    0.0000    0.0000    0.0000    0.0000    0.0000    0.0000    4.0880   -0.0151    0.0176    1.0645  -15.5029 
   2.8492 4288.1553   -0.4531   -1.0255  180.2086    0.5541    0.0937    0.0812    0.0000    0.0000    0.0000    0.0000    0.0000    0.0000    4.0880   -0.0195    0.0142    1.0796  -14.8315 
   2.8917 4288.1128   -0.2258   -0.9368  180.2056   -0.0563   -0.0284    0.2033    0.0000    0.0000    0.0000    0.0000    0.0000    0.0000    4.0880   -0.0173    0.0039    1.0688  -15.4419 
   2.9342 4288.0703   -0.2451   -0.8349  180.2056   -1.0329   -0.1505    0.0201    0.0000    0.0000    0.0000    0.0000    0.0000    0.0000    4.0880   -0.0156   -0.0027    1.0732  -16.4185 
   2.9767 4288.0278    0.0944   -1.0713  180.2021   -0.0563   -0.4556   -0.2850    0.0000    0.0000    0.0000    0.0000    0.0000    0.0000    4.0880   -0.0154    0.0034    1.0759  -15.4419 
   3.0192 4287.9854   -0.5740   -0.5813  180.1995   -0.1173   -0.0284    0.0812    0.0000    0.0000    0.0000    0.0000    0.0000    0.0000    4.0880   -0.0234    0.0024    1.0779  -15.5029 
   3.0617 4287.9429   -0.3527   -0.7584  180.2073   -0.1784   -0.0894    0.1422    0.0000    0.0000    0.0000    0.0000    0.0000    0.0000    4.0880   -0.0098    0.0146    1.0818  -15.5640 
   3.1042 4287.9004   -0.1172   -0.9691  180.2055   -0.4225   -0.1505   -0.1630    0.0000    0.0000    0.0000    0.0000    0.0000    0.0000    4.0880   -0.0181    0.0022    1.0686  -15.8081 
   3.1467 4287.8579   -0.5302   -0.9242  180.2153    0.2489   -0.0284   -0.1630    0.0000    0.0000    0.0000    0.0000    0.0000    0.0000    4.0880   -0.0188    0.0039    1.0928  -15.1367 
   3.1892 4287.8149    0.0729   -0.8532  180.2220   -0.9108    0.2158    0.1422    0.0000    0.0000    0.0000    0.0000    0.0000    0.0000    4.0880   -0.0161   -0.0015    1.0791  -16.2964 
   3.2317 4287.7725   -0.2267   -0.5092  180.2242    0.0658    0.2158    0.0812    0.0000    0.0000    0.0000    0.0000    0.0000    0.0000    4.0880   -0.0142    0.0110    1.0779  -15.3198 
   3.2742 4287.7300   -0.1203   -0.6685  180.2309    0.3710   -0.0894    0.1422    0.0000    0.0000    0.0000    0.0000    0.0000    0.0000    4.0880   -0.0132   -0.0242    1.0825  -15.0146 
   3.3167 4287.6875   -0.2571   -0.7504  180.2353   -0.1173    0.1547    0.2033    0.0000    0.0000    0.0000    0.0000    0.0000    0.0000    4.0880   -0.0071    0.0022    1.0845  -15.5029 
   3.3592 4287.6450   -0.2573   -0.8989  180.2365   -0.2394    0.3378   -0.0409    0.0000    0.0000    0.0000    0.0000    0.0000    0.0000    4.0880   -0.0183    0.0044    1.0688  -15.6250 
   3.4017 4287.6025   -0.1017   -0.9548  180.2376   -0.2394   -0.0284    0.0201    0.0000    0.0000    0.0000    0.0000    0.0000    0.0000    4.0880   -0.0232   -0.0005    1.0774  -15.6250 
   3.4442 4287.5601   -0.0396   -0.9884  180.2420   -0.5446    0.3378    0.0201    0.0000    0.0000    0.0000    0.0000    0.0000    0.0000    4.0880   -0.0200   -0.0032    1.0867  -15.9302 
   3.4867 4287.5176    0.1564   -0.7693  180.2470   -0.9718   -0.0284    0.0812    0.0000    0.0000    0.0000    0.0000    0.0000    0.0000    4.0880   -0.0146   -0.0024    1.0754  -16.3574 
   3.5292 4287.4751   -0.4114   -0.7003  180.2490   -0.0563    0.1547    0.0812    0.0000    0.0000    0.0000    0.0000    0.0000    0.0000    4.0880   -0.0081    0.0095    1.0881  -15.4419 
   3.5717 4287.4326   -0.0637   -0.6325  180.2537   -0.4225    0.0937   -0.1019    0.0000    0.0000    0.0000    0.0000    0.0000    0.0000    4.0880   -0.0098    0.0000    1.0754  -15.8081 
   3.6142 4287.3901   -0.2199   -0.5406  180.2589   -0.7277   -0.2115   -0.2850    0.0000    0.0000    0.0000    0.0000    0.0000    0.0000    4.0880   -0.0125    0.0042    1.0820  -16.1133 
   3.6567 4287.3477    0.1193   -0.5913  180.2649   -0.9108   -0.1505    0.3253    0.0000    0.0000    0.0000    0.0000    0.0000    0.0000    4.0880   -0.0115    0.0073    1.0881  -16.2964 
   3.6992 4287.3052   -0.3782   -0.7436  180.2691   -0.6056   -0.1505    0.2033    0.0000    0.0000    0.0000    0.0000    0.0000    0.0000    4.0880   -0.0115    0.0046    1.0735  -15.9912 
   3.7417 4287.2627   -0.1105   -0.8729  180.2667   -0.1173   -0.2725   -0.1019    0.0000    0.0000    0.0000    0.0000    0.0000    0.0000    4.0880   -0.0154    0.0000    1.0815  -15.5029 
   3.7842 4287.2202   -0.2203   -0.7907  180.2695   -0.2394    0.0327   -0.0409    0.0000    0.0000    0.0000    0.0000    0.0000    0.0000    4.0880   -0.0149    0.0042    1.0752  -15.6250 
   3.8267 4287.1777   -0.2656   -1.1796  180.2785    0.0047   -0.2725    0.0812    0.0000    0.0000    0.0000    0.0000    0.0000    0.0000    4.0880   -0.0195   -0.0027    1.0835  -15.3809 
   3.8692 4287.1353   -0.2628   -0.9271  180.2775   -0.1173   -0.2115    0.1422    0.0000    0.0000    0.0000    0.0000    0.0000    0.0000    4.0880   -0.0159    0.0029    1.0771  -15.5029 
   3.9117 4287.0928   -0.4697   -0.4856  180.2764   -0.1173    0.2158   -0.3461    0.0000    0.0000    0.0000    0.0000    0.0000    0.0000    4.0880   -0.0071    0.0186    1.0723  -15.5029 
   3.9542 4287.0503   -0.0143   -1.0407  180.2830   -1.0939   -0.0894    0.0201    0.0000    0.0000    0.0000    0.0000    0.0000    0.0000    4.0880   -0.0210   -0.0034    1.0840  -16.4795 
   3.9967 4287.0078   -0.1261   -0.8003  180.2858   -1.3380   -0.1505    0.3253    0.0000    0.0000    0.0000    0.0000    0.0000    0.0000    4.0880   -0.0195   -0.0002    1.0684  -16.7236 
   4.0392 4286.9653   -0.4731   -1.0435  180.2926   -0.7887   -0.0894   -0.1019    0.0000    0.0000    0.0000    0.0000    0.0000    0.0000    4.0880   -0.0129    0.0154    1.0754  -16.1743 
   4.0817 4286.9229   -0.1429   -1.0996  180.2959   -0.2394    0.2158   -0.2240    0.0000    0.0000    0.0000    0.0000    0.0000    0.0000    4.0880   -0.0203    0.0012    1.0876  -15.6250 
   4.1242 4286.8804   -0.3848   -1.1700  180.2854   -0.1784   -0.0894   -0.3461    0.0000    0.0000    0.0000    0.0000    0.0000    0.0000    4.0880   -0.0193    0.0093    1.0891  -15.5640 
   4.1667 4286.8379   -0.2646   -0.7854  180.2900   -1.2160   -0.5167    0.1422    0.0000    0.0000    0.0000    0.0000    0.0000    0.0000    4.0880   -0.0100    0.0129    1.0710  -16.6016 
   4.2092 4286.7954   -0.4274   -0.8438  180.2898    0.0047    0.1547   -0.4071    0.0000    0.0000    0.0000    0.0000    0.0000    0.0000    4.0880   -0.0168    0.0063    1.0840  -15.3809 
   4.2517 4286.7524   -0.0333   -0.9817  180.2901   -0.0563    0.0327    0.0201    0.0000    0.0000    0.0000    0.0000    0.0000    0.0000    4.0880   -0.0176    0.0007    1.0806  -15.4419 
   4.2942 4286.7100   -0.1899   -0.6360  180.2891    0.4320    0.2768   -0.0409    0.0000    0.0000    0.0000    0.0000    0.0000    0.0000    4.0880   -0.0107    0.0022    1.0771  -14.9536 
   4.3367 4286.6675   -0.1639   -1.0631  180.3024   -0.4835   -0.0894    0.2643    0.0000    0.0000    0.0000    0.0000    0.0000    0.0000    4.0880   -0.0168    0.0085    1.0762  -15.8691 
   4.3792 4286.6250   -0.1471   -0.9517  180.3070   -1.1549   -0.2115    0.0201    0.0000    0.0000    0.0000    0.0000    0.0000    0.0000    4.0880   -0.0176    0.0002    1.0767  -16.5405 
   4.4217 4286.5825   -0.3089   -0.8041  180.3104   -0.6666    0.1547    0.0201    0.0000    0.0000    0.0000    0.0000    0.0000    0.0000    4.0880   -0.0115    0.0100    1.0784  -16.0522 
   4.4642 4286.5400   -0.2792   -1.0071  180.3128   -0.3615    0.1547    0.0201    0.0000    0.0000    0.0000    0.0000    0.0000    0.0000    4.0880   -0.0193    0.0051    1.0835  -15.7471 
   4.5067 4286.4976   -0.5428   -0.5248  180.3256    0.0658   -0.3946    0.2643    0.0000    0.0000    0.0000    0.0000    0.0000    0.0000    4.0880   -0.0068    0.0127    1.0735  -15.3198 
   4.5492 4286.4551   -0.1191   -0.7281  180.3260   -0.4835    0.1547   -0.0409    0.0000    0.0000    0.0000    0.0000    0.0000    0.0000    4.0880   -0.0125    0.0020    1.0808  -15.8691 
   4.5917 4286.4126   -0.4579   -0.9461  180.3400   -0.1784   -0.0284    0.0812    0.0000    0.0000    0.0000    0.0000    0.0000    0.0000    4.0880   -0.0183    0.0098    1.0850  -15.5640 
   4.6342 4286.3701   -0.0725   -0.7303  180.3408    0.4930   -0.0894   -0.0409    0.0000    0.0000    0.0000    0.0000    0.0000    0.0000    4.0880   -0.0083    0.0046    1.0837  -14.8926 
   4.6767 4286.3276   -0.1645   -1.1655  180.3384   -0.4835   -0.0284    0.0201    0.0000    0.0000    0.0000    0.0000    0.0000    0.0000    4.0880   -0.0210    0.0044    1.0894  -15.8691 
   4.7192 4286.2852   -0.2265   -0.6391  180.3424   -0.6056   -0.1505   -0.0409    0.0000    0.0000    0.0000    0.0000    0.0000    0.0000    4.0880   -0.0081    0.0088    1.0789  -15.9912 
   4.7617 4286.2427   -0.1793   -0.7132  180.3406   -1.0939    0.0327   -0.1019    0.0000    0.0000    0.0000    0.0000    0.0000    0.0000    4.0880   -0.0156    0.0068    1.0759  -16.4795 
   4.8042 4286.2002   -0.1751   -0.5987  180.3402   -0.3004   -0.1505    0.2033    0.0000    0.0000    0.0000    0.0000    0.0000    0.0000    4.0880   -0.0098    0.0037    1.0845  -15.6860 
   4.8467 4286.1577   -0.4271   -0.8796  180.3530   -0.3004    0.2158    0.3864    0.0000    0.0000    0.0000    0.0000    0.0000    0.0000    4.0880   -0.0161    0.0073    1.0767  -15.6860 
   4.8892 4286.1152    0.0016   -0.6837  180.3524   -0.2394    0.2158    0.0201    0.0000    0.0000    0.0000    0.0000    0.0000    0.0000    4.0880   -0.0154    0.0002    1.0820  -15.6250 
   4.9317 4286.0728   -0.4271   -0.7687  180.3519    0.8592    0.2158   -0.1019    0.0000    0.0000    0.0000    0.0000    0.0000    0.0000    4.0880   -0.0129    0.0088    1.0818  -14.5264 
   4.9742 4286.0303   -0.2178   -0.6890  180.3522    0.1268    0.1547   -0.0409    0.0000    0.0000    0.0000    0.0000    0.0000    0.0000    4.0880   -0.0098    0.0093    1.0854  -15.2588 
   5.0167 4285.9878   -0.2776   -0.8938  180.3539   -0.1173   -0.1505    0.1422    0.0000    0.0000    0.0000    0.0000    0.0000    0.0000    4.0880   -0.0208    0.0027    1.0811  -15.5029 
   5.0592 4285.9453   -0.5261   -0.7884  180.3647   -0.3615   -0.0894   -0.0409    0.0000    0.0000    0.0000    0.0000    0.0000    0.0000    4.0880   -0.0127    0.0127    1.0701  -15.7471 
   5.1017 4285.9028   -0.3145   -0.9138  180.3692   -0.1784    0.0327    0.3864    0.0000    0.0000    0.0000    0.0000    0.0000    0.0000    4.0880   -0.0225    0.0159    1.0852  -15.5640 
   5.1442 4285.8604   -0.0916   -0.4386  180.3829   -0.3004   -0.3946    0.4474    0.0000    0.0000    0.0000    0.0000    0.0000    0.0000    4.0880   -0.0056    0.0073    1.0747  -15.6860 
   5.1867 4285.8179   -0.3147   -0.3569  180.3794   -0.1173   -0.0894   -0.1019    0.0000    0.0000    0.0000    0.0000    0.0000    0.0000    4.0880   -0.0081    0.0051    1.0864  -15.5029 
   5.2292 4285.7754   -0.5720   -0.5652  180.3848    0.3710   -0.3336   -0.2850    0.0000    0.0000    0.0000    0.0000    0.0000    0.0000    4.0880   -0.0127    0.0090    1.0898  -15.0146 
   5.2717 4285.7329   -0.2124   -1.1262  180.3889   -0.1784    0.2768    0.0201    0.0000    0.0000    0.0000    0.0000    0.0000    0.0000    4.0880   -0.0229    0.0024    1.0764  -15.5640 
   5.3142 4285.6899   -0.4436   -0.5319  180.3936   -0.3615   -0.0284    0.3864    0.0000    0.0000    0.0000    0.0000    0.0000    0.0000    4.0880   -0.0149   -0.0032    1.0862  -15.7471 
   5.3567 4285.6475   -0.1177   -1.0125  180.4010   -0.6056   -0.1505    0.2033    0.0000    0.0000    0.0000    0.0000    0.0000    0.0000    4.0800   -0.0195    0.0005    1.0852  -15.9912 
   5.3992 4285.6050   -0.0911   -0.6833  180.4068   -0.4835   -0.0894   -0.2240    0.0000    0.0000    0.0000    0.0000    0.0000    0.0000    4.0880   -0.0144    0.0010    1.0781  -15.8691 
   5.4417 4285.5625   -0.2680   -1.0610  180.4047   -1.4601    0.0327    0.6915    0.0000    0.0000    0.0000    0.0000    0.0000    0.0000    4.0880   -0.0220    0.0034    1.0837  -16.8457 
   5.4842 4285.5200   -0.1366   -0.7222  180.4130   -0.4225   -0.0284    0.2643    0.0000    0.0000    0.0000    0.0000    0.0000    0.0000    4.0880   -0.0154    0.0039    1.0791  -15.8081 
   5.5267 4285.4775   -0.3998   -0.9584  180.4185   -0.3004    0.4599    0.0201    0.0000    0.0000    0.0000    0.0000    0.0000    0.0000    4.0880   -0.0208    0.0049    1.0796  -15.6860 
   5.5692 4285.4351   -0.5033   -0.6311  180.4198    0.1268    0.1547    0.0812    0.0000    0.0000    0.0000    0.0000    0.0000    0.0000    4.0880   -0.0134    0.0083    1.0769  -15.2588 
   5.6117 4285.3926   -0.2425   -1.0646  180.4285   -1.0939   -0.5167    0.0812    0.0000    0.0000    0.0000    0.0000    0.0000    0.0000    4.0880   -0.0225    0.0046    1.0867  -16.4795 
   5.6542 4285.3501   -0.4776   -0.4027  180.4284   -0.1173    0.3378    0.2033    0.0000    0.0000    0.0000    0.0000    0.0000    0.0000    4.0880   -0.0024    0.0034    1.0725  -15.5029 
   5.6967 4285.3076   -0.1204   -0.6709  180.4334   -0.6056    0.2158   -0.0409    0.0000    0.0000    0.0000    0.0000    0.0000    0.0000    4.0880   -0.0195   -0.0017    1.0803  -15.9912 
   5.7392 4285.2651   -0.3259   -0.7543  180.4411   -0.4225   -0.3336   -0.0409    0.0000    0.0000    0.0000    0.0000    0.0000    0.0000    4.0880   -0.0117    0.0007    1.0737  -15.8081 
   5.7817 4285.2227   -0.3831   -0.7838  180.4475   -0.6666   -0.5777    0.2643    0.0000    0.0000    0.0000    0.0000    0.0000    0.0000    4.0880   -0.0132    0.0083    1.0786  -16.0522 
   5.8242 4285.1802   -0.2469   -0.9855  180.4579   -0.2394   -0.2115    0.0812    0.0000    0.0000    0.0000    0.0000    0.0000    0.0000    4.0880   -0.0115   -0.0024    1.0764  -15.6250 
   5.8667 4285.1377    0.0797   -0.8695  180.4609   -0.5446   -0.6387    0.1422    0.0000    0.0000    0.0000    0.0000    0.0000    0.0000    4.0880   -0.0156   -0.0027    1.0667  -15.9302 
   5.9092 4285.0952   -0.4050   -0.4962  180.4719   -0.3615    0.0327    0.4474    0.0000    0.0000    0.0000    0.0000    0.0000    0.0000    4.0800   -0.0100    0.0073    1.0825  -15.7471 
   5.9517 4285.0527   -0.2487   -0.7878  180.4844    0.3099   -0.0284    0.0812    0.0000    0.0000    0.0000    0.0000    0.0000    0.0000    4.0880   -0.0161    0.0144    1.0752  -15.0757 
   5.9942 4285.0103   -0.2253   -1.2064  180.4814   -1.0939    0.0327    0.2033    0.0000    0.0000    0.0000    0.0000    0.0000    0.0000    4.0800   -0.0132    0.0142    1.0776  -16.4795 
   6.0367 4284.9678    0.0113   -0.8806  180.4838    0.0047    0.1547   -0.4071    0.0000    0.0000    0.0000    0.0000    0.0000    0.0000    4.0880   -0.0217   -0.0063    1.0823  -15.3809 
   6.0792 4284.9253   -0.1843   -0.9799  180.4864   -0.9718    0.1547   -0.1630    0.0000    0.0000    0.0000    0.0000    0.0000    0.0000    4.0800   -0.0237    0.0022    1.0828  -16.3574 
   6.1217 4284.8828    0.1333   -0.9984  180.4967    0.1268    0.4599    0.3253    0.0000    0.0000    0.0000    0.0000    0.0000    0.0000    4.0880   -0.0205    0.0005    1.0784  -15.2588 
   6.1642 4284.8403   -0.2264   -1.0634  180.5081   -0.4835    0.0327   -0.1630    0.0000    0.0000    0.0000    0.0000    0.0000    0.0000    4.0880   -0.0247    0.0015    1.0898  -15.8691 
   6.2067 4284.7979   -0.2060   -0.6119  180.5129   -0.7887   -0.0894    0.4474    0.0000    0.0000    0.0000    0.0000    0.0000    0.0000    4.0880   -0.0125    0.0039    1.0742  -16.1743 
   6.2492 4284.7554   -0.1552   -0.4415  180.5091   -0.7887   -0.0284   -0.1630    0.0000    0.0000    0.0000    0.0000    0.0000    0.0000    4.0880   -0.0073    0.0027    1.0793  -16.1743 
   6.2917 4284.7129   -0.6065   -1.3185  180.5208   -0.5446    0.4599    0.3864    0.0000    0.0000    0.0000    0.0000    0.0000    0.0000    4.0880   -0.0261    0.0127    1.0747  -15.9302 
   6.3342 4284.6704    0.1536   -0.9741  180.5229    0.1268   -0.0894    0.2643    0.0000    0.0000    0.0000    0.0000    0.0000    0.0000    4.0880   -0.0220   -0.0037    1.0842  -15.2588 
   6.3767 4284.6274   -0.5965   -0.9473  180.5284   -1.6432   -0.3336    0.4474    0.0000    0.0000    0.0000    0.0000    0.0000    0.0000    4.0880   -0.0098    0.0100    1.0857  -17.0288 
   6.4192 4284.5850   -0.3057   -0.5449  180.5307   -0.5446    0.0937   -0.1630    0.0000    0.0000    0.0000    0.0000    0.0000    0.0000    4.0880   -0.0022    0.0063    1.0801  -15.9302 
   6.4617 4284.5425   -0.5228   -0.6549  180.5429   -0.6666    0.2158    0.2643    0.0000    0.0000    0.0000    0.0000    0.0000    0.0000    4.0880   -0.0098    0.0132    1.0671  -16.0522 
   6.5042 4284.5000   -0.5956   -1.1156  180.5483   -0.2394    0.2158    0.3864    0.0000    0.0000    0.0000    0.0000    0.0000    0.0000    4.0880   -0.0220    0.0127    1.0854  -15.6250 
   6.5467 4284.4575   -0.1901   -1.0891  180.5640   -1.3991    0.0327    0.2033    0.0000    0.0000    0.0000    0.0000    0.0000    0.0000    4.0800   -0.0210    0.0051    1.0647  -16.7847 
   6.5892 4284.4150   -0.3538   -0.6008  180.5612    0.3710   -0.1505    0.0201    0.0000    0.0000    0.0000    0.0000    0.0000    0.0000    4.0880   -0.0112    0.0078    1.0872  -15.0146 
   6.6317 4284.3726   -0.2641   -0.8994  180.5684   -0.8497   -0.0894    0.2643    0.0000    0.0000    0.0000    0.0000    0.0000    0.0000    4.0800   -0.0195    0.0049    1.0867  -16.2354 
   6.6742 4284.3301   -0.4208   -0.9415  180.5757   -0.2394   -0.8218    0.2643    0.0000    0.0000    0.0000    0.0000    0.0000    0.0000    4.0880   -0.0178    0.0098    1.0842  -15.6250 
   6.7167 4284.2876   -0.3402   -0.7815  180.5842    0.2489   -0.5777   -0.4071    0.0000    0.0000    0.0000    0.0000    0.0000    0.0000    4.0800   -0.0088    0.0171    1.0808  -15.1367 
   6.7592 4284.2451   -0.1786   -0.4274  180.5844   -1.2770    0.1547    0.3253    0.0000    0.0000    0.0000    0.0000    0.0000    0.0000    4.0880   -0.0205    0.0139    1.0703  -16.6626 
   6.8017 4284.2026   -0.2766   -0.7182  180.5908   -0.0563   -0.2725   -0.2240    0.0000    0.0000    0.0000    0.0000    0.0000    0.0000    4.0880   -0.0159    0.0042    1.0889  -15.4419 
   6.8442 4284.1602    0.2843   -1.0608  180.5998   -0.6666    0.0937    0.0201    0.0000    0.0000    0.0000    0.0000    0.0000    0.0000    4.0880   -0.0220   -0.0042    1.0874  -16.0522 
   6.8867 4284.1177   -0.2237   -0.4847  180.6037   -0.9718   -0.2725    0.5084    0.0000    0.0000    0.0000    0.0000    0.0000    0.0000    4.0880   -0.0088    0.0032    1.0745  -16.3574 
   6.9292 4284.0752   -0.1655   -0.7992  180.6226   -1.0939   -0.3336    0.2033    0.0000    0.0000    0.0000    0.0000    0.0000    0.0000    4.0800   -0.0178    0.0081    1.0847  -16.4795 
   6.9717 4284.0327   -0.5516   -0.6825  180.6265    0.0658    0.1547    0.1422    0.0000    0.0000    0.0000    0.0000    0.0000    0.0000    4.0880   -0.0049    0.0112    1.0745  -15.3198 
   7.0142 4283.9902    0.0007   -1.0893  180.6277   -0.8497   -0.0284    0.3864    0.0000    0.0000    0.0000    0.0000    0.0000    0.0000    4.0800   -0.0305    0.0068    1.0889  -16.2354 
   7.0567 4283.9478   -0.4661   -0.7947  180.6319   -0.9718   -0.2115    0.2643    0.0000    0.0000    0.0000    0.0000    0.0000    0.0000    4.0880   -0.0183    0.0012    1.0903  -16.3574 
   7.0992 4283.9053   -0.2352   -1.3876  180.6466   -1.0329   -0.0894    0.3253    0.0000    0.0000    0.0000    0.0000    0.0000    0.0000    4.0800   -0.0090    0.0042    1.0854  -16.4185 
   7.1417 4283.8628   -0.1153   -0.8666  180.6453   -0.3004   -0.3946    0.2033    0.0000    0.0000    0.0000    0.0000    0.0000    0.0000    4.0880   -0.0137    0.0002    1.0771  -15.6860 
   7.1842 4283.8203   -0.1430   -0.9431  180.6508   -1.0329   -0.0284    0.4474    0.0000    0.0000    0.0000    0.0000    0.0000    0.0000    4.0800   -0.0188   -0.0034    1.0706  -16.4185 
   7.2267 4283.7778    0.1606   -0.5156  180.6565    0.6151   -0.1505    0.3253    0.0000    0.0000    0.0000    0.0000    0.0000    0.0000    4.0880   -0.0100   -0.0020    1.0891  -14.7705 
   7.2692 4283.7354   -0.5705   -0.9789  180.6741   -0.0563    0.0327    0.1422    0.0000    0.0000    0.0000    0.0000    0.0000    0.0000    4.0880   -0.0183    0.0088    1.0796  -15.4419 
   7.4017    0.0014    0.0000    0.0000  180.6996   -1.0329   -0.0894    0.1422    0.0000    0.0000    0.0000    0.0000    0.0000    0.0000    4.0880   -0.0195    0.0066    1.0701  -16.4185 
   7.4442    0.0009    0.0000    0.0000  180.7149   -0.4835    0.0327    0.3253    0.0000    0.0000    0.0000    0.0000    0.0000    0.0000    4.0880   -0.0125    0.0044    1.0713  -15.8691 
   7.4867    0.0009    0.0000    0.0000  180.7224   -0.6666   -0.1505    0.0812    0.0000    0.0000    0.0000    0.0000    0.0000    0.0127    4.0880    0.0010    0.0002    1.0903  -16.0522 
   7.5292    0.0009    0.0000    0.0000  180.7279   -1.0329    0.0327    0.3864    0.0000    0.0000    0.0000    0.0000    0.0000    0.0127    4.0880   -0.0161    0.0056    1.0833  -16.4185 
   7.5717    0.0014    0.0000    0.0000  180.7308   -0.4225    0.0327    0.0201    0.0000    0.0000    0.0000    0.0000    0.0000    0.0127    4.0880   -0.0186    0.0168    1.0750  -15.8081 
   7.6142    0.0009    0.0000    0.0000  180.7336   -0.1784   -0.0284   -0.1630    0.0000    0.0000    0.0000    0.0000    0.0000    0.0127    4.0880   -0.0115    0.0107    1.0859  -15.5640 
   7.6567    0.0009    0.0000    0.0000  180.7337   -0.4225   -0.2115    0.0201    0.0000    0.0000    0.0000    0.0000    0.0000    0.0127    4.0880   -0.0120    0.0042    1.0718  -15.8081 
   7.6992    0.0009    0.0000    0.0000  180.7363   -1.0939   -0.2725    0.3253    0.0000    0.0000    0.0000    0.0000    0.0000    0.0190    4.0880   -0.0190    0.0073    1.0833  -16.4795 
   7.7417    0.0014    0.0000    0.0000  180.7479   -0.6056   -0.5777    0.4474    0.0000    0.0000    0.0000    0.0000    0.0000    0.0798    4.0880   -0.0132    0.0081    1.0652  -15.9912 
   7.7842    0.0011    0.1034   -0.1570  180.7633   -0.7277   -0.0284    0.4474   -0.3530   -0.4551   -0.0456   -0.0298   -0.2818    0.1030    4.0640   -0.0203    0.0005    1.0876   -0.0127 
   7.8267    0.0010    0.4614   -0.2215  180.7790   -0.9108    0.1547    0.2643    1.0022   -0.8820    0.0541   -0.0661    0.0000    0.1367    4.0400   -0.0071   -0.0186    1.0750   -0.0046 
   7.8692    0.0010    0.5647    0.1970  180.7831   -0.6666   -1.0049   -0.3461    0.6805   -0.3730    0.0116   -0.0570    0.0000    0.1422    4.0320   -0.0334    0.0129    1.0764    0.0060 
   7.9117    0.0016    0.4096   -0.1403  180.7991   -1.3991   -4.0567    0.9967    0.9961   -1.5970    0.0587   -0.1457   -0.2818    0.1584    4.0320   -0.0520   -0.0110    1.0918   -0.0223 
   7.9542    0.0010    0.1230   -0.1589  180.8097   -0.7277    1.6806    3.8043    1.5382   -1.0088    0.1415   -0.0850   -0.2818    0.1950    4.0000   -0.0195    0.0256    1.0681   -0.0713 
   7.9967    0.0010    0.1131   -0.2082  180.8200    1.2865   -1.4932   -1.5057    1.4540   -1.9141    0.1341   -0.1706   -0.2818    0.2051    3.9920   -0.0723   -0.0669    1.0833    0.0214 
   8.0392    0.0010    0.0119   -0.0207  180.8192    1.5917   -0.7608    2.1564    0.7873   -0.2740    0.0775   -0.0253    0.0000    0.2051    4.0000    0.0503   -0.0403    1.0879   -0.0376 
   8.0817    0.0016    0.1911    0.0064  180.8093   -0.6056   -4.9112   -2.5433    1.6250   -1.1192    0.1434   -0.1126   -0.2818    0.2298    3.9920   -0.1953   -0.0356    1.0771    0.0395 
   8.1242    0.0010   -0.1250    0.0092  180.8877   -1.2160    3.1454    7.9547    1.8040   -0.7442    0.1929   -0.0753    0.0000    0.2674    3.9520    0.2703    0.1233    1.0808   -0.1388 
   8.1667    0.0010   -0.0767   -0.0698  181.0344   -0.2394    3.3285    5.6964    1.1293   -1.5718    0.1206   -0.1502    0.0000    0.2720    3.9600    0.0842    0.2871    1.0938   -0.0994 
   8.2092    0.0010    0.1771   -0.1521  181.2070   -1.9484   -0.6387    3.9264    1.8609   -0.9490    0.1684   -0.0797    0.0000    0.2720    3.9520   -0.0466   -0.1799    0.9048   -0.0685 
   8.2517    0.0016   -0.3281   -0.5036  181.2402   -0.5446   -0.5777   -6.0834    1.7905   -0.5491    0.2119   -0.0046    0.2818    0.2765    3.9600    0.1023    0.2358    1.0623    0.1111 
   8.2942    0.0010    0.6221   -0.6289  180.7707   -0.6056   -1.3101  -10.7220    1.3741   -1.5912    0.0752   -0.0962    0.2818    0.2854    3.9440   -0.0657    0.0957    1.1777    0.1921 
   8.3367    0.0010    1.6643   -0.3814  180.5223    3.6058   12.7890   -1.3226    1.9046   -0.5059    0.0240   -0.0125    0.0000    0.2942    3.9520   -0.2087   -0.0437    0.8313    0.0231 
   8.3792    0.0010    0.2924   -1.2085  180.6569   -4.3288    3.3896    4.1705    1.5461   -1.0580    0.1254    0.0151    0.2818    0.2942    3.9440    0.0388   -0.0391    1.3474   -0.0679 
   8.4217    0.0016    2.5213   -0.1680  180.8434   30.4613   -1.1270    3.1329    1.1990   -0.4700   -0.1322   -0.0302    0.2818    0.3029    3.9280    0.2227   -0.7073   -0.2085   -0.0498 
   8.4642    0.0010    2.2657    0.8103  180.8834   38.7010   20.8456   -1.4447    1.2222   -1.5592   -0.1044   -0.2369    0.2818    0.3072    3.9280   -0.2112    0.1873    0.6038    0.0301 
   8.5067    0.0010    0.8166   -1.6591  181.0584   -7.1974  -31.7056    1.3019    1.2721   -0.7456    0.0456    0.0914    0.2818    0.3281    3.9200   -0.1243    0.0134    2.0522   -0.0178 
   8.5492    0.0010   -0.2553   -2.5625  181.1999   27.2264   42.3911    5.5743    1.7022   -0.6880    0.1958    0.1875    0.2818    0.3522    3.8960   -0.1597    0.1326    1.8794   -0.0924 
   8.5917    0.0016   -0.1580   -2.2410  181.2972  -51.8751   -2.3477    1.2409    1.8203   -1.1930    0.1978    0.1048    0.2818    0.3752    3.8720   -0.1965   -0.4287    2.9790   -0.0167 
   8.6342    0.0010    0.2712   -0.8304  181.3153   23.6864    1.7416    2.6447    1.7856   -1.3858    0.1514   -0.0555    0.2818    0.3899    3.8720   -0.2263   -0.3643    0.5027   -0.0412 
   8.6767    0.0010   -0.2881   -2.3910  181.4495  -13.2399  -35.4288    0.8136    1.4840   -0.6296    0.1772    0.1761    0.2818    0.4006    3.8480   -0.1912    0.1614    0.8586   -0.0093 
   8.7192    0.0010   -0.5976   -2.5576  181.4864  -34.0529   21.7612   -1.7499    0.6130   -1.5764    0.1211    0.0981    0.5636    0.4006    3.8560   -0.0708   -0.5730    0.2708    0.0404 
   8.7617    0.0015   -0.6052   -0.3483  181.3979   -8.1740  -21.1465   -0.9564    2.5601   -1.3791    0.3165   -0.1031    0.5636    0.4006    3.8720    0.2808    0.3972    1.1147    0.0265 
   8.8042    0.0010   -0.1645   -1.5685  181.3287  -18.3058    0.6430   -4.1913    2.8306   -1.0371    0.2995    0.0531    0.2818    0.4006    3.8560    0.7310   -1.2571    0.9092    0.0781 
   8.8467    0.0010   -0.1213   -0.8300  181.1570   16.4232   19.8080   -2.3602    2.9207   -1.4515    0.3042   -0.0622    0.5636    0.4041    3.8640   -0.5481    0.4390    1.9067    0.0510 
   8.8892    0.0010    0.1319   -1.0294  181.1356   -7.6857  -15.7144   -1.0785    1.3623   -2.1974    0.1230   -0.1168    0.5636    0.4076    3.8480    0.1978    1.2424    1.8433    0.0287 
   8.9317    0.0016    0.0505   -0.3114  181.0089  -32.1608   14.0097   -1.8109    1.6776   -2.6801    0.1627   -0.2369    0.5636    0.4278    3.8240    1.0569   -0.5254    0.1855    0.0414 
   8.9742    0.0010    0.0764   -0.4025  180.9362    5.6810  -12.7847    0.2643    2.0548   -1.6101    0.1978   -0.1208    0.5636    0.4471    3.8080    0.5952   -0.4136    0.9321    0.0052 
   9.0167    0.0010    0.0492   -0.3245  180.8643   -9.0285   24.1415   -2.4213    2.3119   -1.5853    0.2263   -0.1261    0.5636    0.4502    3.8160    0.2317    0.2705    0.0579    0.0521 
   9.0592    0.0010   -0.4146   -0.2099  180.7906   -3.3522   -8.5733   -1.4447    2.5472   -2.6799    0.2962   -0.2470    0.5636    0.4502    3.8160   -0.6343   -0.3564    1.7366    0.0351 
   9.1017    0.0016   -0.4446   -0.1470  180.7280   13.0052   -0.1505   -1.7499    1.8605   -2.2045    0.2305   -0.2058    0.5636    0.4533    3.8080    0.4543    0.4404    0.6160    0.0404 
   9.1442    0.0011   -1.7875    0.0098  180.6409  -20.8693   21.8222   -1.3226    1.4713   -1.6915    0.3259   -0.1701    0.5636    0.4563    3.8000    0.2051   -0.8950    0.9575    0.0329 
   9.1867    0.0010   -1.4983    0.3669  180.7042   21.6722  -35.2457    4.1705    1.2413   -1.9759    0.2740   -0.2343    1.1272    0.4741    3.7760   -0.1318    0.7661    1.4465   -0.0531 
   9.2292    0.0010   -0.2301   -0.3413  180.6751  -14.8878   15.2914   -0.9564    2.6384   -2.8559    0.2869   -0.2515    1.1272    0.5016    3.8000    0.6714    0.2019    0.0540    0.0364 
   9.2717    0.0016   -0.4451    0.5135  180.7378  -15.4982   23.0429   -0.9564    2.0900   -1.9484    0.2535   -0.2462    1.1272    0.5016    3.7440    0.0120   -0.0862    0.6475    0.0364 
   9.3142    0.0010   -0.0879    1.0268  180.7741   14.7142   -5.2774    1.1798    1.8218   -1.6870    0.1910   -0.2714    1.1272    0.5042    3.7600    0.9019    0.1306    0.2800   -0.0009 
   9.3567    0.0010    0.8514   -0.0292  180.7978   21.1839   -3.8126   -2.1161    1.8038   -2.5678    0.0952   -0.2539    1.1272    0.5068    3.7520    0.3545   -0.6353    0.7319    0.0566 
   9.3992    0.0011    0.5568    0.2255  180.7894  -26.1793   22.6767    1.3019    2.5212   -2.6114    0.1964   -0.2837    1.1272    0.5119    3.7440   -0.5796    0.0325    2.0662   -0.0030 
   9.4417    0.0016   -0.6071    1.2582  180.8331    0.7982    7.4179   -1.5057    1.8471   -2.1432    0.2454   -0.3401    1.1272    0.5119    3.7440    0.6304    0.8691    0.7629    0.0460 
   9.4842    0.0010    0.5894    1.1431  180.8432   43.0956    0.2158    1.6071    1.5335   -2.0117    0.0944   -0.3155    1.1272    0.5169    3.7360    0.1479   -0.9680    1.1638   -0.0084 
   9.5267    0.0010    1.4424    1.2779  180.7974  -15.6813   10.8969   -0.5902    1.7004   -1.8898    0.0258   -0.3168    1.1272    0.5169    3.7520    0.3958    0.7888    0.7769    0.0300 
   9.5692    0.0010   -0.1391    1.7365  180.7424  -41.0719   10.2255   -1.8109    2.0086   -1.8048    0.2148   -0.3541    1.1272    0.5194    3.7280   -0.4133   -0.5208    1.3357    0.0513 
   9.6117    0.0016    0.1197    2.3188  180.7319   37.7855    8.8217   -0.4681    1.6472   -2.8788    0.1528   -0.5198    1.1272    0.5243    3.7280   -1.0632    2.0898    1.0488    0.0278 
   9.6542    0.0010    2.3109    2.5456  180.7731   38.3959   -0.9439   -1.6278    2.0458   -2.1669   -0.0265   -0.4713    1.1272    0.5243    3.7280    0.9158   -2.3027    1.2966    0.0481 
   9.6967    0.0010    1.6384    1.8308  180.7319  -33.1984   -8.3292    3.2550    3.0991   -2.8405    0.1461   -0.4671    1.1272    0.5243    3.7280    0.4067   -0.0793    0.8713   -0.0371 
   9.7392    0.0010    0.1890    1.5724  180.7343  -28.1325    8.2724    0.2033    2.6791   -3.0768    0.2490   -0.4649    1.1272    0.5243    3.7360    0.1155   -0.8972    1.4895    0.0161 
   9.7817    0.0016    0.7840    2.1328  180.7578   55.6078   10.3476   -3.2147    2.9670   -3.0650    0.2183   -0.5198    1.1272    0.5267    3.7200    0.4014   -0.7278    1.4036    0.0758 
   9.8242    0.0010    2.1786    2.0240  180.7473    5.1317    1.6806   -1.2006    3.2616   -3.7606    0.1083   -0.5785    1.1272    0.5243    3.7360    0.5952    1.3120    1.5273    0.0406 
   9.8667    0.0011    0.5144    1.7941  180.6752  -53.7672    2.7792   -1.9940    4.9061   -4.5731    0.4392   -0.6367    1.1272    0.5243    3.7280   -0.5334    0.0828    0.9851    0.0545 
   9.9092    0.0010   -0.0620    2.1926  180.6621   11.7845    5.4648    4.1095    3.8614   -3.6144    0.3923   -0.5807    1.1272    0.5267    3.7360   -0.5637   -0.2825    1.1443   -0.0521 
   9.9517    0.0016    1.3861    1.9853  180.6588   11.6014    3.5117   -1.4447    3.8464   -3.9206    0.2460   -0.5906    1.1272    0.5243    3.7200    0.9443    1.6670    0.4492    0.0449 
   9.9942    0.0010    0.6376    1.7147  180.6660  -31.6725   -6.6202    1.1798    3.8793   -5.8709    0.3242   -0.7586    1.1272    0.5267    3.7200    0.1794   -1.8711    1.5171   -0.0009 
  10.0367    0.0010   -0.2337    2.0648  180.6697   13.6766   12.4228   -1.5057    2.6801   -6.1942    0.2914   -0.8259    1.4090    0.5267    3.7280    0.4395   -0.0400    1.3828    0.0509 
  10.0792    0.0010    1.3932    2.2379  180.7516   33.3910   -0.5777    1.4850    2.1490   -6.7528    0.0756   -0.8991    1.4090    0.5267    3.7200   -0.9736   -0.2498    0.9741   -0.0013 
  10.1217    0.0016    1.4995    2.4231  180.7838  -48.2741   -0.1505   -1.0785    3.7152   -7.7489    0.2216   -1.0172    1.4090    0.5267    3.7280    0.9873   -1.9360    0.6025    0.0434 
  10.1642    0.0010   -0.8706    2.1647  180.7988  -22.7614    6.3803    4.2926    4.1343   -8.8868    0.5005   -1.1052    1.4090    0.5267    3.7200    0.7136   -1.1995    0.3005   -0.0503 
  10.2067    0.0010   -0.1185    2.6303  180.8987   40.2269    9.2490    1.9733    4.5195  -10.1969    0.4638   -1.2827    1.4090    0.5267    3.7120    1.1917   -0.4319   -0.0095   -0.0098 
  10.2492    0.0010    1.1015    2.5047  180.9565  -12.3854    1.3144    1.5460    5.1176  -10.9118    0.4016   -1.3417    1.4090    0.5243    3.7280    0.1958   -0.9316    1.3799   -0.0024 
  10.2917    0.0016   -0.1648    2.7891  180.9494  -56.4528    3.2065    6.3068    5.7695  -11.4655    0.5934   -1.4255    1.4090    0.5267    3.7120   -0.3455   -0.4512    1.1665   -0.0855 
  10.3342    0.0010   -1.2786    2.8865  180.9744   -4.9391   -1.4322    5.2081    4.5614  -14.1165    0.5840   -1.7003    1.4090    0.5267    3.7280    1.4465   -0.7539    0.7864   -0.0663 
  10.3767    0.0010   -0.2292    1.8936  181.1172   47.0018    0.1547    1.4240    5.0383  -12.7995    0.5268   -1.4693    1.4090    0.5290    3.7120    1.1594   -0.0730    0.9558   -0.0003 
  10.4192    0.0010    0.3132    1.9871  181.1739  -10.2492    2.1689    0.3253    6.2415  -16.0582    0.5928   -1.8045    1.4090    0.5290    3.7200   -0.2375    0.2410    1.3684    0.0189 
  10.4617    0.0015   -0.8569    2.0398  181.2204  -28.4987   -9.9161   -2.3602    4.8945  -16.9231    0.5751   -1.8963    1.4090    0.5450    3.7120    0.4692   -0.6895    0.8687    0.0658 
  10.5042    0.0010   -0.2847    1.7285  181.3706   39.3114  -14.6158    4.1095    5.6461  -18.4552    0.5931   -2.0184    1.4090    0.5578    3.6720   -1.1682   -0.3889    2.1294   -0.0471 
  10.5467    0.0010    1.0411    1.2036  181.4405   -3.7794   10.5917    3.4992    6.2479  -16.9557    0.5207   -1.8159    1.6908    0.5639    3.6640   -1.2117    0.0037    2.1313   -0.0316 
  10.5892    0.0010   -1.0169    2.3899  181.5583  -65.6080   13.4604    0.9357    4.8042  -15.5907    0.5821   -1.7981    1.6908    0.5639    3.6720   -1.1626    0.2622    0.3887    0.0132 
  10.6317    0.0016   -1.9650    2.3274  181.6136   -2.0094  -22.3062    2.6447    5.1442  -17.4830    0.7109   -1.9811    1.6908    0.5169    3.7280    0.1470   -0.1960    1.4307   -0.0166 
  10.6742    0.0010   -0.3394    0.8472  181.7912   27.7147  -18.4000    3.6823    5.1119  -20.1499    0.5451   -2.0997    0.0000    0.2489    3.9440   -0.7395   -0.5908    1.5527   -0.0643 
  10.7167    0.0010   -0.7767    0.8367  181.9291    5.4369    9.0048    3.8043    1.4922  -17.7711    0.2269   -1.8608   -0.2818    0.1422    3.9920    0.1379    1.0098    0.9800   -0.0713 
  10.7592    0.0010   -0.8338    2.3358  182.0874   10.5028   10.8969    5.2692    2.1822  -17.6052    0.3016   -1.9941   -0.2818    0.1422    4.0000    0.5330    0.3809   -0.1111   -0.0969 
  10.8017 4294.9507    0.2856    0.8079  182.7735    0.8592 -280.8511   54.6466    2.8450  -17.8742    0.2813   -2.1139   -0.5636    0.1422    4.0320    0.0002   -0.2275   -1.6470  -14.5264 
  10.8442 4294.9082    3.6856   -1.8090  184.6658   21.9774  137.4838   42.0734    2.8450  -17.8742    0.2813   -2.1139   -0.5636    0.1422    4.0400   -0.0935   -0.3486   -0.2292    6.5918 
  10.8867 4294.8657   -2.8608    3.8337  185.5630  -64.9977 -200.5289  -77.1893    2.8450  -17.8742    0.2813   -2.1139   -0.5636    0.1422    4.0400    0.2637   -0.6177    1.3545  -80.3833 
  10.9292 4294.8232    0.1772    3.3781  180.4237 -113.3375  178.3163 -120.3412    2.8450  -17.8742    0.2813   -2.1139   -0.5636    0.1422    4.0480    0.4175    0.0142   -1.6328 -128.7231 
  10.9717 4294.7808   -4.0970    4.1702  175.4452   79.2894  -41.9595 -122.3553    2.8450  -17.8742    0.2813   -2.1139   -0.5636    0.1422    4.0480    0.2876    0.0120    0.1135   63.9038 
  11.0142 4294.7383   -0.2521    6.3211  170.1384   -1.4601   -1.4322 -113.0780    2.8450  -17.8742    0.2813   -2.1139   -0.5636    0.1422    4.0400    0.0364   -0.0830    0.9312  -16.8457 
  11.0567 4294.6958   -0.1201    3.3279  165.5447   40.6542  -81.0831  -98.1244    2.8450  -17.8742    0.2813   -2.1139   -0.5636    0.1422    4.0480    0.0740   -0.0867    1.0540   25.2686 
  11.0992 4294.6533    0.7450    2.7635  162.2934    1.2865   62.5937  -60.5878    2.8450  -17.8742    0.2813   -2.1139   -0.5636    0.1422    4.0400   -0.0781   -0.0525    1.0671  -14.0991 
  11.1417 4294.6108   -1.0571    4.1842  160.5118   -4.6339  -21.7569  -33.7933    2.8450  -17.8742    0.2813   -2.1139   -0.5636    0.1422    4.0480    0.0232    0.1094    1.0044    0.0000 
  11.1842 4294.5684    0.5486    2.4581  159.4186    7.8783  -24.0762  -20.7928    2.8450  -17.8742    0.2813   -2.1139   -0.5636    0.1422    4.0400    0.0811   -0.0554    1.0925   -7.5073 
  11.2267 4294.5259    0.7922    2.0562  159.1501   -5.1832   43.4286   -1.4447    2.8450  -17.8742    0.2813   -2.1139   -0.5636    0.1422    4.0480    0.0818   -0.0181    1.0173  -20.5688 
  11.2692 4294.4834    0.2919    2.9877  159.0689   -0.7277  -16.3858    0.5084    2.8450  -17.8742    0.2813   -2.1139   -0.5636    0.1422    4.0480    0.0352    0.0725    1.0740  -16.1133 
  11.3117 4294.4409    0.2243    1.2047  159.1194   -4.0236   -0.2115    0.5084    2.8450  -17.8742    0.2813   -2.1139   -0.5636    0.1422    4.0480   -0.0190    0.0925    1.0520  -19.4092 
  11.3542 4294.3984   -0.2361    1.8295  159.1074    3.3006    3.4506    0.6915    2.8450  -17.8742    0.2813   -2.1139   -0.5636    0.1422    4.0400    0.0679   -0.0247    1.0920  -12.0850 
  11.3967 4294.3560    0.8568    0.8378  159.1479    0.4930    9.2490   -0.5902    2.8450  -17.8742    0.2813   -2.1139   -0.5636    0.1422    4.0480   -0.0066   -0.0107    1.1287  -14.8926 
  11.4392 4294.3135    0.3957    0.7917  159.1644    0.5541   -1.1270    0.9357    2.8450  -17.8742    0.2813   -2.1139   -0.5636    0.1422    4.0480   -0.0195   -0.0322    1.0837  -14.8315 
  11.4817 4294.2710    1.1098    0.7352  159.1747    0.4320    0.6430    0.3864    2.8450  -17.8742    0.2813   -2.1139   -0.5636    0.1422    4.0480   -0.0137   -0.0383    1.0679  -14.9536 
  11.5242 4294.2285    0.4680    0.9298  159.1804   -1.5822    5.1596    0.4474    2.8450  -17.8742    0.2813   -2.1139   -0.5636    0.1422    4.0480    0.0381    0.0325    1.0627  -16.9678 
  11.5667 4294.1860    0.4888    1.3177  159.1938    0.4320   -1.7374    0.0812    2.8450  -17.8742    0.2813   -2.1139   -0.5636    0.1422    4.0480    0.0039    0.0046    1.0884  -14.9536 
  11.6092 4294.1436    0.8059    0.9768  159.1978   -1.7042   -4.1177   -0.4071    2.8450  -17.8742    0.2813   -2.1139   -0.5636    0.1422    4.0480   -0.0059   -0.0115    1.0842  -17.0898 
  11.6517 4294.1006    0.6388    0.7588  159.1937   -0.5446    0.9482    0.3253    2.8450  -17.8742    0.2813   -2.1139   -0.5636    0.1422    4.0480   -0.0034   -0.0029    1.0737  -15.9302 
  11.6942 4294.0581    0.6172    1.3855  159.2057   -0.0563    0.7040    0.2643    2.8450  -17.8742    0.2813   -2.1139   -0.5636    0.1422    4.0480    0.0149   -0.0039    1.0669  -15.4419 
  11.7367 4294.0156    0.3659    1.1446  159.2149   -0.6666   -1.1881    0.0812    2.8450  -17.8742    0.2813   -2.1139   -0.5636    0.1422    4.0560    0.0117    0.0039    1.0671  -16.0522 
  11.7792 4293.9731    0.4554    1.2231  159.2181   -0.3615    0.2158    0.2643    2.8450  -17.8742    0.2813   -2.1139   -0.5636    0.1422    4.0480    0.0088   -0.0010    1.0679  -15.7471 
  11.8217 4293.9307    0.2406    1.1958  159.2177   -1.0329   -0.0284   -0.2240    2.8450  -17.8742    0.2813   -2.1139   -0.5636    0.1422    4.0480    0.0156    0.0076    1.0696  -16.4185 
  11.8642 4293.8882    0.8195    1.1493  159.2169   -0.5446   -0.0894    0.0201    2.8450  -17.8742    0.2813   -2.1139   -0.5636    0.1422    4.0480    0.0032    0.0134    1.0713  -15.9302 
  11.9067 4293.8457    0.8287    1.0271  159.2188   -1.0939   -0.3336    0.2033    2.8450  -17.8742    0.2813   -2.1139   -0.5636    0.1422    4.0560    0.0054    0.0063    1.0801  -16.4795 
  11.9492 4293.8032    0.4088    1.1840  159.2169    0.1268   -0.0894   -0.1019    2.8450  -17.8742    0.2813   -2.1139   -0.5636    0.1422    4.0560    0.0032    0.0156    1.0759  -15.2588 
  11.9917 4293.7607    0.4019    0.9171  159.2240   -0.1784   -0.0284   -0.0409    2.8450  -17.8742    0.2813   -2.1139   -0.5636    0.1422    4.0560   -0.0051   -0.0005    1.0828  -15.5640 
  12.0342 4293.7183    0.2631    1.3388  159.2310   -0.2394    0.1547    0.3253    2.8450  -17.8742    0.2813   -2.1139   -0.5636    0.1422    4.0560    0.0017   -0.0027    1.0803  -15.6250 
  12.0767 4293.6758    0.7109    0.9766  159.2358   -0.4835    0.0327   -0.0409    2.8450  -17.8742    0.2813   -2.1139   -0.5636    0.1422    4.0560    0.0022   -0.0010    1.0828  -15.8691 
  12.1192 4293.6333    0.2581    0.9290  159.2393    0.0658   -0.1505   -0.1630    2.8450  -17.8742    0.2813   -2.1139   -0.5636    0.1422    4.0560    0.0054    0.0090    1.0725  -15.3198 
  12.1617 4293.5908    0.2752    0.0178  159.6558  -16.7799   26.7050   33.4674    2.8450  -17.8742    0.2813   -2.1139   -0.5636    0.1422    4.0560   -0.0591    0.0969    1.0969  -32.1655 
  12.2042 4293.5483   -1.3630    0.5777  163.7996    5.6810 -124.6622  134.5416    2.8450  -17.8742    0.2813   -2.1139   -0.5636    0.1422    4.0560    0.2434   -0.0671    1.2083   -9.7046 
  12.2467 4293.5059    0.5241   -0.7364  166.3677   24.4798  -22.6724  -27.5677    2.8450  -17.8742    0.2813   -2.1139   -0.5636    0.1422    4.0560    0.1577   -0.1006    1.0891    9.0942 
  12.2892 4293.4634    0.7831    0.8994  162.8852   -7.9298   18.8925 -104.4720    2.8450  -17.8742    0.2813   -2.1139   -0.5636    0.1422    4.0480    0.0215    0.2454    1.0784  -23.3154 
  12.3317 4293.4209   -1.3553    3.5745  161.4756 -146.0524   51.1191   -1.0175    2.8450  -17.8742    0.2813   -2.1139   -0.5636    0.1422    4.0560    0.1711    0.1162    1.6057 -161.4380 
  12.3742 4293.3784   -6.8262    4.6973  161.0341   25.9447   -0.8218  -29.7650    2.8450  -17.8742    0.2813   -2.1139   -0.5636    0.1422    4.0560    0.1348    0.0908    1.0840   10.5591 
  12.4167 4293.3359   -5.1152    8.8675  161.7626   45.5370   48.7387   82.7228    2.8450  -17.8742    0.2813   -2.1139   -0.5636    0.1422    4.0560    0.5210   -0.0522    1.1023   30.1514 
  12.4592 4293.2935   -4.9021   11.3197  168.7292    2.0189   13.0331  195.9430    2.8450  -17.8742    0.2813   -2.1139   -0.5636    0.1422    4.0560    0.7754    0.0630    1.0371  -13.3667 
  12.5017 4293.2510   -5.8004   14.4043  173.7638  -28.5597   44.3442   51.7169    2.8450  -17.8742    0.2813   -2.1139   -0.5636    0.1422    4.0560    0.5632    0.0596    0.9119  -43.9453 
  12.5442 4293.2085   -7.6436   19.8606  171.1889  -58.5280   64.1196  -71.8793    2.8450  -17.8742    0.2813   -2.1139   -0.5636    0.1422    4.0560    0.3899    0.0894    0.9866  -73.9136 
  12.5867 4293.1660   -7.5255   22.5482  169.1681    7.8172   49.2880    1.9122    2.8450  -17.8742    0.2813   -2.1139   -0.5636    0.1422    4.0560    0.5688    0.1489    0.9988   -7.5684 
  12.6292 4293.1235   -5.9943   24.8806  171.7771   25.3343   61.6171   90.5353    2.8450  -17.8742    0.2813   -2.1139   -0.5636    0.1422    4.0560    0.0881    0.0696    1.0486    9.9487 
  12.6717 4293.0811   -7.1425   24.3401  174.8257   -9.5778   41.1703   34.0778    2.8450  -17.8742    0.2813   -2.1139   -0.5636    0.1422    4.0560   -0.0752    0.1494    1.0681  -24.9634 
  12.7142 4293.0381   -5.6947   23.3457  174.9935   32.2313   14.4369  -28.6053    2.8450  -17.8742    0.2813   -2.1139   -0.5636    0.1422    4.0560    0.2046    0.0129    1.0857   16.8457 
  12.7567 4292.9956   -4.1004   22.4889  175.5528   16.4232   39.5834   14.6075    2.8450  -17.8742    0.2813   -2.1139   -0.5636    0.1422    4.0560   -0.0857    0.0278    1.0649    1.0376 
  12.7992 4292.9531   -4.7139   21.1932  175.5810  -15.4372    5.2817  -24.8822    2.8450  -17.8742    0.2813   -2.1139   -0.5636    0.1422    4.0560   -0.2285    0.1277    1.1885  -30.8228 
  12.8417 4292.9106   -1.4673   18.8665  178.5895  125.6151   -6.5591  102.1320    2.8450  -17.8742    0.2813   -2.1139   -0.5636    0.1422    4.0560   -0.0012    0.1050    1.0852  110.2295 
  12.8842 4292.8682   -0.0753   15.1399  182.3539   14.6532   -8.5123   27.4249    2.8450  -17.8742    0.2813   -2.1139   -0.5636    0.1422    4.0560    0.0928    0.0344    1.1526   -0.7324 
  12.9267 4292.8257   -0.7357   13.3205  181.7470    5.8641   24.3857  -24.2718    2.8450  -17.8742    0.2813   -2.1139   -0.5636    0.1422    4.0560    0.0286    0.0032    1.0818   -9.5215 
  12.9692 4292.7832   -0.3327   11.0386  183.3694    7.7562  -29.6915   85.2252    2.8450  -17.8742    0.2813   -2.1139   -0.5636    0.1422    4.0560    0.1155   -0.0105    1.0320   -7.6294 
  13.0117 4292.7407   -0.1502   11.4845  185.5317  -18.7941   24.1415  -13.8959    2.8450  -17.8742    0.2813   -2.1139   -0.5636    0.1422    4.0560    0.1658    0.0242    1.0771  -34.1797 
  13.0542 4292.6982    0.3608   10.4116  182.4716   -7.0143   17.7939  -95.4388    2.8450  -17.8742    0.2813   -2.1139   -0.5636    0.1422    4.0560    0.1443    0.0063    1.0872  -22.3999 
  13.0967 4292.6558   -0.8500   11.3636  178.9379   -7.0753   -2.1646  -59.7333    2.8450  -17.8742    0.2813   -2.1139   -0.5636    0.1422    4.0560    0.1272   -0.0376    1.2341  -22.4609 
  13.1392 4292.6133    0.9014    6.4290  178.0723  -10.6154 -154.4473  -12.7972    2.8450  -17.8742    0.2813   -2.1139   -0.5636    0.1422    4.0560    0.0586   -0.0581    1.1482  -26.0010 
  13.1817 4292.5708    0.2631   -3.8313  175.6816   -8.6622 -181.6080 -101.7865    2.8450  -17.8742    0.2813   -2.1139   -0.5636    0.1422    4.0560   -0.1174    0.0266    1.0286  -24.0479 
  13.2242 4292.5283    0.6693   -9.9000  172.6414  -57.6735   46.3583   57.2711    2.8450  -17.8742    0.2813   -2.1139   -0.5636    0.1422    4.0560    0.5920    0.0547    0.9343  -73.0591 
  13.2667 4292.4858    1.8182   -8.2007  178.1877   -1.3380  -21.6348  142.2321    2.8450  -17.8742    0.2813   -2.1139   -0.5636    0.1422    4.0560   -0.0874   -0.0979    1.0598  -16.7236 
  13.3092 4292.4434    1.5933   -8.0946  182.4008   -1.0329   11.9955   56.3556    2.8450  -17.8742    0.2813   -2.1139   -0.5636    0.1422    4.0560   -0.1794    0.0330    1.1057  -16.4185 
  13.3517 4292.4009    0.7185   -5.5293  183.0813   -2.9860   -6.9254  -42.0941    2.8450  -17.8742    0.2813   -2.1139   -0.5636    0.1422    4.0560   -0.0850   -0.0552    1.1418  -18.3716 
  13.3942 4292.3584    1.3913   -4.7684  178.1514   -2.9249   -4.7281 -172.7093    2.8450  -17.8742    0.2813   -2.1139   -0.5636    0.1422    4.0560    0.0525    0.0132    0.9771  -18.3105 
  13.4367 4292.3159    0.6583   -3.3780  171.4031    2.9344   10.6528 -133.3417    2.8450  -17.8742    0.2813   -2.1139   -0.5636    0.1422    4.0560   -0.0442   -0.0015    1.0713  -12.4512 
  13.4792 4292.2734    0.4579   -2.0704  166.9778   -0.4835  -11.4420  -84.3915    2.8450  -17.8742    0.2813   -2.1139   -0.5636    0.1422    4.0560   -0.1121   -0.0425    1.0850  -15.8691 
  13.5217 4292.2310    0.7606   -1.1587  164.8025    1.5917   -9.1226  -31.6571    2.8450  -17.8742    0.2813   -2.1139   -0.5636    0.1422    4.0560   -0.0488   -0.0522    1.0840  -13.7939 
  13.5642 4292.1885    0.7641   -0.3110  164.5770   -0.9108   -1.6763    0.2033    2.8450  -17.8742    0.2813   -2.1139   -0.5636    0.1422    4.0560   -0.0215   -0.0022    1.0752  -16.2964 
  13.6067 4292.1460    0.4340    0.2871  164.5970   -1.2770    2.7792    0.2643    2.8450  -17.8742    0.2813   -2.1139   -0.5636    0.1422    4.0560   -0.0020    0.0054    1.0920  -16.6626 
  13.6492 4292.1035    0.3354    0.6857  164.6032   -0.3615   -0.1505   -0.1019    2.8450  -17.8742    0.2813   -2.1139   -0.5636    0.1422    4.0560    0.0085    0.0100    1.0791  -15.7471 
  13.6917 4292.0610    0.1098    0.2314  164.6052    0.1879   -1.3101    0.2643    2.8450  -17.8742    0.2813   -2.1139   -0.5636    0.1422    4.0560   -0.0171    0.0098    1.0791  -15.1978 
  13.7342 4292.0186    0.2799    0.3694  164.6077   -0.2394    0.8871    0.0201    2.8450  -17.8742    0.2813   -2.1139   -0.5636    0.1422    4.0560   -0.0071    0.0071    1.0779  -15.6250 
  13.7767 4291.9756    0.1903    0.6817  164.6123   -0.7277   -0.5777    0.1422    2.8450  -17.8742    0.2813   -2.1139   -0.5636    0.1422    4.0560   -0.0022    0.0081    1.0786  -16.1133 
  13.8692    0.0009    0.0000    0.0000  164.6247   -0.6666   -0.5167   -0.1019    2.8450  -17.8742    0.0000    0.0000    0.0000    0.0438    4.0560   -0.0151    0.0149    1.0742  -16.0522 
  13.9117    0.0014    0.0000    0.0000  164.6317   -0.7887   -0.2725    0.3253    2.8450  -17.8742    0.0000    0.0000    0.0000    0.0798    4.0560   -0.0105    0.0042    1.0852  -16.1743 
  13.9542    0.0009    0.0000    0.0000  164.6442   -0.3004    0.0937    0.1422    2.8450  -17.8742    0.0000    0.0000    0.0000    0.0000    4.0560   -0.0090    0.0063    1.0737  -15.6860 
  13.9967    0.0009    0.0000    0.0000  164.6518   -0.1784   -0.3336    0.2033    2.8450  -17.8742    0.0000    0.0000    0.0000    0.0000    4.0560   -0.0190    0.0081    1.0769  -15.5640 
  14.0392    0.0009    0.0000    0.0000  164.6524   -0.1173   -0.2115   -0.0409    2.8450  -17.8742    0.0000    0.0000    0.0000    0.0000    4.0560   -0.0176    0.0039    1.0811  -15.5029 
  14.0817    0.0014    0.0000    0.0000  164.6604   -0.7887   -0.4556    0.2643    2.8450  -17.8742    0.0000    0.0000    0.0000    0.0000    4.0560   -0.0059   -0.0029    1.0862  -16.1743 
  14.1242    0.0009    0.0000    0.0000  164.6585    0.1879   -0.2725   -0.4681    2.8450  -17.8742    0.0000    0.0000    0.0000    0.0000    4.0560   -0.0044    0.0049    1.0864  -15.1978 
  14.1667    0.0009    0.0000    0.0000  164.6659    0.1268    0.0937   -0.1019    2.8450  -17.8742    0.0000    0.0000    0.0000    0.0000    4.0640   -0.0022    0.0093    1.0745  -15.2588 
  14.2092    0.0009    0.0000    0.0000  164.6659    0.1268   -0.2115    0.0812    2.8450  -17.8742    0.0000    0.0000    0.0000    0.0000    4.0640   -0.0039    0.0149    1.0842  -15.2588 
  14.2517    0.0014    0.0000    0.0000  164.6726   -0.3004   -0.1505    0.0812    2.8450  -17.8742    0.0000    0.0000    0.0000    0.0000    4.0560   -0.0144    0.0002    1.0745  -15.6860 
  14.2942    0.0009    0.0000    0.0000  164.6864   -1.0329   -0.2725    0.4474    2.8450  -17.8742    0.0000    0.0000    0.0000    0.0000    4.0560   -0.0020    0.0044    1.0771  -16.4185 
  14.3367    0.0009    0.0000    0.0000  164.6927    0.3710    0.0937    0.4474    2.8450  -17.8742    0.0000    0.0000    0.0000    0.0000    4.0560   -0.0110    0.0051    1.0869  -15.0146 
  14.3792    0.0009    0.0000    0.0000  164.7048   -0.8497   -0.1505    0.3253    2.8450  -17.8742    0.0000    0.0000    0.0000    0.0000    4.0560   -0.0032    0.0039    1.0728  -16.2354 
  14.4217    0.0014    0.0000    0.0000  164.7065   -1.3380   -0.2115    0.0201    2.8450  -17.8742    0.0000    0.0000    0.0000    0.0739    4.0560   -0.0081   -0.0027    1.0837  -16.7236 
  14.4642    0.0010   -0.4263   -0.0051  164.7205   -0.6666    0.0327    0.4474    1.4721   -0.9712    0.1898   -0.0966    0.0000    0.1087    4.0240   -0.0093    0.0068    1.0820   -0.0078 
  14.5067    0.0010   -0.7354    0.0615  164.7357   -0.0563    0.3378    0.5084    0.4737   -0.0909    0.1209   -0.0152    0.0000    0.1087    4.0240   -0.0188    0.0046    1.0718   -0.0089 
  14.5492    0.0010   -0.1799   -0.2363  164.7405   -0.3615    1.1313    0.7526    0.1892   -0.8662    0.0369   -0.0630    0.5636    0.1087    4.0240   -0.0178    0.0007    1.0950   -0.0033 
  14.5917    0.0016   -0.6827    0.1383  164.7475   -0.4225    2.5961    0.3864    0.9974   -1.1266    0.1680   -0.1265    0.8454    0.1637    4.0080    0.0151   -0.0051    1.0874    0.0080 
  14.6342    0.0010    0.0787    0.2498  164.7457    0.4930   -3.0191    0.9967   -0.9499   -1.5927   -0.1029   -0.1843    0.8454    0.1743    3.9920    0.0029    0.0017    1.0779   -0.0026 
  14.6767    0.0010   -0.0873    0.2507  164.7488    1.0423   -6.1319   -1.0785   -0.6676   -1.7032   -0.0580   -0.1954    1.1272    0.2765    3.9280   -0.1465   -0.0554    1.0625    0.0385 
  14.7192    0.0010   -0.3861    0.7072  164.8309   -0.4225   -3.0191    2.6447   -1.0298   -2.0787   -0.0644   -0.2786    0.8454    0.3403    3.8960    0.0508   -0.0010    1.0237   -0.0314 
  14.7617    0.0016   -0.1838    0.3657  165.0641   -0.2394   -3.8736    7.1613    0.0583   -2.6806    0.0242   -0.3046    1.1272    0.3443    3.8720   -0.4060   -0.0972    0.8816   -0.1053 
  14.8042    0.0010    1.3131    0.9490  165.1674    3.8500   -0.3336   -3.0316    0.6082   -2.3977   -0.0705   -0.3347    1.1272    0.3561    3.9120    0.5117   -0.4058    0.0928    0.0726 
  14.8467    0.0010    0.8324    1.3386  165.1329   23.3202  -38.1143   -1.3837    0.8368   -3.5259    0.0004   -0.4864    1.1272    0.4006    3.8320    0.1018   -0.5083    2.4724    0.0438 
  14.8892    0.0010    1.1106    1.3025  165.0391  -16.2916    9.3710   -1.5668    0.6712   -2.1297   -0.0439   -0.3432    1.1272    0.4563    3.7680    0.2222    1.0371    0.6538    0.0470 
  14.9317    0.0016    1.8075    1.7781  165.1489   28.3251    6.1972    2.4005   -0.3757   -3.0535   -0.2183   -0.4832    1.1272    0.4683    3.7680   -0.0312    0.0327    0.5012   -0.0222 
  14.9742    0.0010    0.8744    0.2267  165.1927  -40.8278  -37.4429    2.8278   -1.9657   -2.0255   -0.2840   -0.2252    1.1272    0.4798    3.7520    0.2903    1.0110    0.5496   -0.0297 
  15.0167    0.0010    1.4658   -0.1127  165.2720   42.7294   31.3437    0.5695   -1.5321   -3.2009   -0.2998   -0.3088    1.1272    0.4826    3.7600   -0.0996    0.1562    1.9468    0.0097 
  15.0592    0.0010    1.6242    0.7764  165.1365  -18.3668    9.7983   -3.1537   -1.5974   -2.2821   -0.3222   -0.3059    1.1272    0.5094    3.7440   -0.6726    1.0664    1.5283    0.0747 
  15.1017    0.0015    0.2368    0.4362  165.1195  -30.2687  -21.5128    1.2409   -1.4127   -3.2243   -0.1650   -0.3660    1.1272    0.5578    3.6800   -0.6809   -1.4004    1.4675   -0.0020 
  15.1442    0.0010    1.0680    0.3897  165.0817   53.7767   11.1411   -1.6278    0.1993   -3.1929   -0.0869   -0.3583    1.1272    0.5736    3.6560    0.6628    0.6680    0.7463    0.0481 
  15.1867    0.0010    2.3988    1.6615  165.0520   -1.2770   47.0297    0.4474    0.1901   -2.8484   -0.2209   -0.4510    1.1272    0.5774    3.6400   -0.0781    1.7280    0.9187    0.0119 
  15.2292    0.0010    1.3777    2.6688  164.9157  -52.5465  -29.7525   -5.0458    0.5861   -2.8884   -0.0792   -0.5557    1.1272    0.5774    3.6560   -1.9958    2.1917    1.6655    0.1077 
  15.2717    0.0016   -0.1030    0.7541  164.9178   31.8041  -14.0054    2.5836    0.4429   -2.0997    0.0546   -0.2854    1.1272    0.5774    3.6480    1.0945    0.3162    0.7917   -0.0254 
  15.3142    0.0010    2.1291    1.0657  164.9235   23.0150   50.6918   -1.0785    0.1056   -3.3775   -0.2024   -0.4443    1.1272    0.5792    3.6560   -0.1067    0.0740    2.0544    0.0385 
  15.3567    0.0010    2.3317    3.0211  164.8337  -30.0246   24.2026   -4.2523    0.7518   -3.3285   -0.1580   -0.6350    1.1272    0.5792    3.6560    0.1584   -4.5291    1.4751    0.0939 
  15.3992    0.0010    0.1585    2.6878  164.7740  -33.8087  -33.7198    3.8043   -0.2228   -3.5413   -0.0381   -0.6229    1.1272    0.5792    3.6640    1.2400   -0.3447    0.3804   -0.0467 
  15.4417    0.0016    0.2519    1.5272  164.8230   38.2738  -10.0381   -0.8343    1.0571   -4.4166    0.0805   -0.5944    1.1272    0.5792    3.6480   -2.2444   -0.9377    1.6624    0.0342 
  15.4842    0.0010    1.1790    3.1057  164.8429    5.3148   40.2548    0.2033   -0.1062   -3.5396   -0.1285   -0.6645    1.4090    0.5792    3.6560    0.0076   -0.0959    0.3306    0.0210 
  15.5267    0.0010   -0.2399    3.7706  164.7848   -6.2208   -5.8267   -1.9940    1.8826   -4.2487    0.2122   -0.8019    1.1272    0.5792    3.6480   -0.8213    1.3953    0.7195    0.0545 
  15.5692    0.0010   -0.7120    2.8745  164.7791    0.7372  -31.1563    0.9357    1.7880   -3.8950    0.2500   -0.6770    1.1272    0.5792    3.6560   -0.4919    0.8186    1.2046    0.0033 
  15.6117    0.0016   -0.7537    2.4357  164.7972   17.7049   20.7236    0.6305    2.5779   -4.6003    0.3332   -0.7036    1.1272    0.5792    3.6560   -0.3843    1.2053    1.5198    0.0087 
  15.6542    0.0010   -0.0004    3.8289  164.8187  -17.0851   24.9960    1.3019    3.5027   -6.2521    0.3503   -1.0081    1.1272    0.5774    3.6560   -0.4185    0.8662    0.7126   -0.0030 
  15.6967    0.0010   -0.3868    3.3800  164.8356   -1.2160  -22.9166   -1.7499    3.8931   -7.2328    0.4280   -1.0613    1.1272    0.5774    3.6560   -0.6404   -1.4714    1.4265    0.0502 
  15.7392    0.0010   -0.2872    2.0978  164.8994   11.7235  -13.9444    1.3629    6.4197  -10.6272    0.6707   -1.2725    1.1272    0.5774    3.6560    0.2927    3.0718    0.7292   -0.0041 
  15.7817    0.0016    0.7206    2.6137  164.9578  -16.8410   30.9164   -1.3226    5.2602  -12.2091    0.4540   -1.4823    1.1272    0.5774    3.6480   -0.2202    2.5962    1.1494    0.0428 
  15.8242    0.0010    0.8476    3.2694  165.0007   -4.8170    1.1313    1.0577    6.5209  -11.9576    0.5673   -1.5227    1.1272    0.5774    3.6560   -0.5505   -4.3215    1.4817    0.0012 
  15.8667    0.0010    0.9391    2.8463  165.0773    8.2445  -34.3912    0.4474    6.3520  -15.4981    0.5413   -1.8344    1.1272    0.5774    3.6480    1.7520    0.1140    0.8745    0.0119 
  15.9092    0.0010    1.8465    1.8755  165.1346   10.1976    7.9062    3.2550    5.1134  -15.8533    0.3267   -1.7729    1.1272    0.5774    3.6560    0.1355    2.1030    0.8904   -0.0371 
  15.9517    0.0016    1.9112    2.5311  165.2153   -7.2584   21.2729    2.8278    7.1948  -17.7353    0.5284   -2.0267    1.6908    0.5774    3.6480    0.6558   -1.3452   -0.0903   -0.0198 
  15.9942    0.0010    1.0743    2.6258  165.2626   10.4418  -26.2735    0.3864    7.9525  -18.2602    0.6878   -2.0886    1.6908    0.5774    3.6560   -1.8635   -0.0869    2.2893    0.0228 
  16.0367    0.0010    0.9897    1.6818  165.3429   -5.2443  -11.0147    1.2409    6.1632  -18.8332    0.5173   -2.0515    1.6908    0.5774    3.6560    0.9500    2.1653    0.7629    0.0079 
  16.0792    0.0010    0.3231    1.6165  165.3791  -22.5783   17.9770   -0.3461    5.7340  -19.5545    0.5411   -2.1171    1.6908    0.5774    3.6480   -1.0149    3.5549    1.4500    0.0356 
  16.1217    0.0016    0.0755    1.9831  165.4597   -3.1080   -8.8174    2.9498    3.8604  -22.1197    0.3785   -2.4103    1.6908    0.5774    3.6480    0.0112   -1.4727    1.5505   -0.0220 
  16.1642    0.0010   -0.4619    1.3540  165.5241    1.8968  -25.4190    1.4850    6.2791  -23.2440    0.6741   -2.4598    1.6908    0.5774    3.6480    0.1409    0.9988    0.0713    0.0036 
  16.2067    0.0010   -0.5068    1.3304  165.5998  -15.3151   13.3994   -0.5902    8.8932  -24.1046    0.9400   -2.5435    1.6908    0.5774    3.6480    1.2063   -1.5352    0.8538    0.0398 
  16.2492    0.0010   -1.0130    2.0346  165.6796    5.9862    4.6103    3.1940    9.2566  -26.4948    1.0270   -2.8530    1.6908    0.5774    3.6480    0.2278    2.6448    1.8262   -0.0262 
  16.2917    0.0016   -0.9189    1.2886  165.8208    8.7938  -29.6304    5.1471    6.4148  -24.9749    0.7334   -2.6264    1.6908    0.5774    3.6400    0.3276   -1.1604    0.0005   -0.0603 
  16.3342    0.0011   -1.7620    0.8670  165.9725  -26.7897  -10.6485    4.5978   11.0709  -30.0000    1.2833   -3.0867    1.6908    0.4041    3.8000   -1.4802   -0.1960    1.8977   -0.0507 
  16.3767    0.0010   -2.5478    1.0586  166.1051   -2.8029   18.2822    3.3160    5.4832  -24.6450    0.8031   -2.5704    1.9726    0.1743    3.9440   -0.4128    0.6160    0.4253   -0.0234 
  16.4192    0.0009    0.0000    0.0000  166.1829   19.3529   15.7797    2.3395    4.7351  -24.3766    0.0000    0.0000    0.0000    0.0000    4.0240    0.3101    0.8853   -0.0906    3.9673 
  16.4617    0.0014    0.0000    0.0000  166.4285   34.5506    5.5869    4.7809    4.7351  -24.3766    0.0000    0.0000    0.0000    0.0000    4.0160   -0.0762   -0.2483    1.8616   19.1650 
  16.5042    0.0009    0.0000    0.0000  166.7444   50.4198   -7.4136    7.5885    4.7351  -24.3766    0.0000    0.0000    0.0000    0.0000    4.0240    0.1484   -0.2302    0.4229   35.0342 
  16.5467    0.0009    0.0000    0.0000  167.0996   71.1717  -23.4659    8.6871    4.7351  -24.3766    0.0000    0.0000    0.0000    0.0000    4.0240   -0.1309   -0.1494   -0.9365   55.7861 
  16.5892    0.0009    0.0000    0.0000  167.4683   89.6043  -35.2457    8.2599    4.7351  -24.3766    0.0000    0.0000    0.0000    0.0000    4.0240    0.1536   -0.0132    1.3840   74.2188 
  16.6317    0.0014    0.0000    0.0000  167.7668   94.8534  -55.9976    6.7950    4.7351  -24.3766    0.0000    0.0000    0.0000    0.0000    4.0240    0.0286   -0.0562   -0.0242   79.4678 
  16.6742    0.0009    0.0000    0.0000  167.8224   83.7450  -60.8804    8.6871    4.7351  -24.3766    0.0000    0.0000    0.0000    0.0000    4.0240    0.1404    0.0266   -0.1379   68.3594 
  16.7167    0.0009    0.0000    0.0000  167.9254   36.2596  -76.9327    4.8419    4.7351  -24.3766    0.0000    0.0000    0.0000    0.0000    4.0320   -0.0837   -0.0178    0.2820   20.8740 
  16.7592    0.0009    0.0000    0.0000  169.1784 -564.9977  456.7588  108.4186    4.7351  -24.3766    0.0000    0.0000    0.0000    0.0000    4.0240    2.3210   -4.2407    7.9373 -580.3833 
  16.8017    0.0015    0.0000    0.0000  165.1789  268.4984 -682.3404  -25.9198    4.7351  -24.3766    0.0000    0.0000    0.0000    0.0000    4.0320   -0.1533   -0.1711    5.2710  253.1128 
  16.8442    0.0010    0.0000    0.0000  154.8879  272.0384 -648.7100  -23.7836    4.7351  -24.3766    0.0000    0.0000    0.0000    0.0000    4.0320    0.0015    0.0242   -2.0825  256.6528 
  16.8867    0.0009    0.0000    0.0000  144.6483  140.0194 -239.1641 -202.1893    4.7351  -24.3766    0.0000    0.0000    0.0000    0.0000    4.0320   -0.0017    0.2356    0.0361  124.6338 
  16.9292    0.0009    0.0000    0.0000  140.6884 -179.8659    6.2582 -782.7557    4.7351  -24.3766    0.0000    0.0000    0.0000    0.0000    4.0320   -8.0000   -1.2910   -0.7429 -195.2515 
  16.9717    0.0014    0.0000    0.0000  135.5550  195.8055   23.1650  187.0929    4.7351  -24.3766    0.0000    0.0000    0.0000    0.0000    4.0320   -0.0479   -0.1860    0.9492  180.4199 
  17.0142    0.0009    0.0000    0.0000  132.2483 -121.3331   79.6225 -362.7118    4.7351  -24.3766    0.0000    0.0000    0.0000    0.0000    4.0320    0.1633    0.1101    1.5940 -136.7188 
  17.0567    0.0009    0.0000    0.0000  130.8955   10.2586  203.6459    0.0201    4.7351  -24.3766    0.0000    0.0000    0.0000    0.0000    4.0320   -0.2639   -0.0898   -0.8298   -5.1270 
  17.0992    0.0009    0.0000    0.0000  133.3012  -36.6164  459.3832   -2.5433    4.7351  -24.3766    0.0000    0.0000    0.0000    0.0000    4.0320   -0.5320    0.1001    0.7891  -52.0020 
  17.1417    0.0014    0.0000    0.0000  133.4618   -1.8263  641.9394   11.3117    4.7351  -24.3766    0.0000    0.0000    0.0000    0.0000    4.0320   -0.0288   -0.0364   -0.1667  -17.2119 
  17.1842    0.0010    0.0000    0.0000  133.6379  -46.8703  900.3012  -11.7596    4.7351  -24.3766    0.0000    0.0000    0.0000    0.0000    4.0320    0.9077    2.0212    7.9373  -62.2559 
  17.2267    0.0009    0.0000    0.0000  134.3848  129.8876  411.0434    7.5885    4.7351  -24.3766    0.0000    0.0000    0.0000    0.0000    4.0320    0.1150   -0.1331    0.8210  114.5020 
  17.2692    0.0009    0.0000    0.0000  134.9201  -25.3859 -103.6661  -31.9623    4.7351  -24.3766    0.0000    0.0000    0.0000    0.0000    4.0320    1.4626   -0.2932    0.5151  -40.7715 
  17.3117    0.0014    0.0000    0.0000  133.4643  -29.8414 -401.5787 -103.6176    4.7351  -24.3766    0.0000    0.0000    0.0000    0.0000    4.0320    0.1714    0.0740    0.4885  -45.2271 
  17.3542    0.0009    0.0000    0.0000  128.7366 -202.0216  256.1362  -99.2230    4.7351  -24.3766    0.0000    0.0000    0.0000    0.0000    4.0320   -1.7466   -0.9185    4.6003 -217.4072 
  17.3967    0.0009    0.0000    0.0000  126.6420    9.5262 -233.3047  -21.7084    4.7351  -24.3766    0.0000    0.0000    0.0000    0.0000    4.0320    0.0776   -0.0974    1.7424   -5.8594 
  17.4392    0.0009    0.0000    0.0000  125.5302  -23.0055   92.3178  -32.9999    4.7351  -24.3766    0.0000    0.0000    0.0000    0.0000    4.0320   -0.2446    0.2507    0.8865  -38.3911 
  17.4817    0.0014    0.0000    0.0000  124.7179  -24.7145  -61.8570  -16.6425    4.7351  -24.3766    0.0000    0.0000    0.0000    0.0000    4.0240   -0.0828    0.0247    1.2683  -40.1001 
  17.5242    0.0009    0.0000    0.0000  124.3149   -1.5822  -10.5264   -4.5575    4.7351  -24.3766    0.0000    0.0000    0.0000    0.0000    4.0320   -0.1035   -0.0132    1.0657  -16.9678 
  17.5667    0.0009    0.0000    0.0000  124.3242   -6.9533   53.0722   -1.0175    4.7351  -24.3766    0.0000    0.0000    0.0000    0.0000    4.0400   -0.0205   -0.0596    1.1848  -22.3389 
  17.6092    0.0009    0.0000    0.0000  124.3208   19.5360  -39.3961    0.6915    4.7351  -24.3766    0.0000    0.0000    0.0000    0.0000    4.0400   -0.0505   -0.0569    1.2988    4.1504 
  17.6517    0.0014    0.0000    0.0000  124.3256    1.1034   17.7939   -0.2240    4.7351  -24.3766    0.0000    0.0000    0.0000    0.0000    4.0320   -0.0471   -0.0068    1.0771  -14.2822 
  17.6942    0.0009    0.0000    0.0000  124.3046    8.8548  -13.6392    0.3864    4.7351  -24.3766    0.0000    0.0000    0.0000    0.0000    4.0400    0.0334    0.0022    1.0830   -6.5308 
  17.7367    0.0009    0.0000    0.0000  124.3079   -0.4835   19.3808   -0.5292    4.7351  -24.3766    0.0000    0.0000    0.0000    0.0000    4.0400    0.0007   -0.0093    1.1150  -15.8691 
  17.7792    0.0009    0.0000    0.0000  124.3253    0.0658   -6.7423    0.0812    4.7351  -24.3766    0.0000    0.0000    0.0000    0.0000    4.0400   -0.0571   -0.0381    1.0667  -15.3198 
  17.8217    0.0015    0.0000    0.0000  124.3257    0.7372   -8.2071    0.0201    4.7351  -24.3766    0.0000    0.0000    0.0000    0.0000    4.0320   -0.0454    0.0005    1.0684  -14.6484 
  17.8642    0.0009    0.0000    0.0000  124.3283    0.9203   -1.2491   -0.3461    4.7351  -24.3766    0.0000    0.0000    0.0000    0.0000    4.0400   -0.0232   -0.0029    1.0828  -14.4653 
  17.9067    0.0009    0.0000    0.0000  124.3319    0.5541    2.3520   -0.0409    4.7351  -24.3766    0.0000    0.0000    0.0000    0.0000    4.0320   -0.0095   -0.0144    1.0854  -14.8315 
  17.9492    0.0009    0.0000    0.0000  124.3332   -0.8497   -1.4322   -0.0409    4.7351  -24.3766    0.0000    0.0000    0.0000    0.0000    4.0400   -0.0215   -0.0027    1.0867  -16.2354 
  17.9917    0.0014    0.0000    0.0000  124.3440    1.4086    0.3378   -0.1630    4.7351  -24.3766    0.0000    0.0000    0.0000    0.0000    4.0320   -0.0176   -0.0044    1.0723  -13.9771 
  18.0342    0.0009    0.0000    0.0000  124.3541    0.1879    0.4599    0.1422    4.7351  -24.3766    0.0000    0.0000    0.0000    0.0000    4.0400   -0.0103   -0.0105    1.0740  -15.1978 
  18.0767    0.0009    0.0000    0.0000  124.3671   -1.3991   -0.1505    0.5084    4.7351  -24.3766    0.0000    0.0000    0.0000    0.0000    4.0400   -0.0149   -0.0083    1.0732  -16.7847 
  18.1192    0.0009    0.0000    0.0000  124.3811   -0.4225   -0.0894    0.2643    4.7351  -24.3766    0.0000    0.0000    0.0000    0.0000    4.0320    0.0029   -0.0051    1.0684  -15.8081 
  18.1617    0.0014    0.0000    0.0000  124.2593    9.2821   25.6064  -15.6659    4.7351  -24.3766    0.0000    0.0000    0.0000    0.0000    4.0400   -0.0420    0.0784    1.0916   -6.1035 
  18.2042    0.0009    0.0000    0.0000  122.1014  124.8216   58.4433  -58.2074    4.7351  -24.3766    0.0000    0.0000    0.0000    0.0000    4.0320    0.0427    0.0432    1.1316  109.4360 
  18.2892 4294.9180   -5.7945   -1.9425  120.3793   60.4295   35.2499   -7.3651    4.7351  -24.3766    0.0000    0.0000    0.0000    0.0000    4.0400   -0.1863    0.1892    0.8257   45.0439 
  18.3317 4294.8755   -4.7811   -3.8116  121.3047   88.9940  -84.0127   26.7535    4.7351  -24.3766    0.0000    0.0000    0.0000    0.0000    4.0400   -0.3376   -0.5964    0.7759   73.6084 
  18.3742 4294.8330   -6.2837   -1.8981  121.4883    8.3055  114.9008   -2.2992    4.7351  -24.3766    0.0000    0.0000    0.0000    0.0000    4.0400    0.0024   -0.0657    1.2925   -7.0801 
  18.4167 4294.7905   -5.7793   -0.5818  121.4481   -9.3947  -98.8443    1.3019    4.7351  -24.3766    0.0000    0.0000    0.0000    0.0000    4.0400   -0.1084    0.2112    0.9019  -24.7803 
  18.4592 4294.7480   -4.2704   -3.6665  121.3920  -27.8883   30.5502   -5.4120    4.7351  -24.3766    0.0000    0.0000    0.0000    0.0000    4.0400   -0.1086   -0.1467    1.0366  -43.2739 
  18.5017 4294.7056   -4.6260   -0.1377  121.2296  -38.4474   27.9868   -2.8485    4.7351  -24.3766    0.0000    0.0000    0.0000    0.0000    4.0400    0.0962    0.0098    1.0144  -53.8330 
  18.5442 4294.6631   -3.8634   -1.4452  121.1940  -11.2257  -37.7481   -0.9564    4.7351  -24.3766    0.0000    0.0000    0.0000    0.0000    4.0400   -0.1086   -0.0273    1.2266  -26.6113 
  18.5867 4294.6206   -3.6366   -1.1882  121.2263    7.4510   31.6489   12.3492    4.7351  -24.3766    0.0000    0.0000    0.0000    0.0000    4.0400    0.1035   -0.1262    1.0059   -7.9346 
  18.6292 4294.5781   -4.5661   -0.1875  125.3402  -11.8361  -42.1426  237.8131    4.7351  -24.3766    0.0000    0.0000    0.0000    0.0000    4.0400    0.0791    0.0105    1.0708  -27.2217 
  18.6717 4294.5356   -5.5539    1.9193  136.8577  -74.0309  107.2714  187.3981    4.7351  -24.3766    0.0000    0.0000    0.0000    0.0000    4.0400    0.1558   -0.1606    1.3752  -89.4165 
  18.7142 4294.4932   -6.2321    5.8319  136.3721  -43.8795   -0.6998 -141.9476    4.7351  -24.3766    0.0000    0.0000    0.0000    0.0000    4.0400    0.0063    0.3267    1.2485  -59.2651 
  18.7567 4294.4507   -8.7854    4.6841  133.8060  -38.6915  -46.6592   89.1315    4.7351  -24.3766    0.0000    0.0000    0.0000    0.0000    4.0400    0.4766   -0.0354    1.3706  -54.0771 
  18.7992 4294.4082   -9.3010    7.8802  142.3627  -22.3341   99.6420  246.3580    4.7351  -24.3766    0.0000    0.0000    0.0000    0.0000    4.0400    0.2671    0.0498    1.3525  -37.7197 
  18.8417 4294.3657  -12.5444   10.8277  146.6765  -25.2638   42.4521   -5.8392    4.7351  -24.3766    0.0000    0.0000    0.0000    0.0000    4.0400    0.2629    0.2759    1.1777  -40.6494 
  18.8842 4294.3232  -15.8104   15.7256  146.9333  -67.8664  112.2153  126.7291    4.7351  -24.3766    0.0000    0.0000    0.0000    0.0000    4.0400    0.5803    0.1965    1.3596  -83.2520 
  18.9267 4294.2808  -19.7513   19.1440  156.6698  -29.1090  148.8364  262.1661    4.7351  -24.3766    0.0000    0.0000    0.0000    0.0000    4.0400    0.2725    0.2710    1.1782  -44.4946 
  18.9692 4294.2383  -24.2196   22.0914  161.2389  -89.9611  105.0131   17.7814    4.7351  -24.3766    0.0000    0.0000    0.0000    0.0000    4.0400    0.5425    0.4980    1.1375 -105.3467 
  19.0117 4294.1958  -27.9748   27.8560  160.7064  -70.6740  150.9726   88.0328    4.7351  -24.3766    0.0000    0.0000    0.0000    0.0000    4.0400    0.5256    0.5464    1.2114  -86.0596 
  19.0542 4294.1533  -32.7789   29.1060  165.5162  -61.0304  103.4872  112.3248    4.7351  -24.3766    0.0000    0.0000    0.0000    0.0000    4.0400    0.3784    0.5791    1.0386  -76.4160 
  19.0967 4294.1108  -35.6394   32.1069  165.0821 -100.2760  113.9243  -91.4716    4.7351  -24.3766    0.0000    0.0000    0.0000    0.0000    4.0400    0.4065    0.5735    0.9893 -115.6616 
  19.1392 4294.0684  -37.8431   38.3051  158.2082 -159.5412   87.6181  -82.3773    4.7351  -24.3766    0.0000    0.0000    0.0000    0.0000    4.0480    0.2549    0.6338    0.8757 -174.9268 
  19.1817 4294.0259  -39.9831   41.7540  153.8444  -93.5622   45.2597  -27.5677    4.7351  -24.3766    0.0000    0.0000    0.0000    0.0000    4.0400    0.4497    0.5610    0.8579 -108.9478 
  19.2242 4293.9834  -42.1205   43.5973  150.7607 -120.0514   39.7665  -38.4930    4.7351  -24.3766    0.0000    0.0000    0.0000    0.0000    4.0480    0.3066    0.5366    0.7407 -135.4370 
  19.2667 4293.9409  -43.1197   48.7156  143.7400 -136.4088   45.3207 -107.5848    4.7351  -24.3766    0.0000    0.0000    0.0000    0.0000    4.0480    0.3652    0.5898    0.6489 -151.7944 
  19.3092 4293.8984  -43.5738   54.3889  136.9801 -127.7418   45.4428  -55.7049    4.7351  -24.3766    0.0000    0.0000    0.0000    0.0000    4.0480    0.4385    0.3423    0.6978 -143.1274 
  19.3517 4293.8555  -44.6008   58.9904  130.7472 -140.4371   22.7988  -46.3055    4.7351  -24.3766    0.0000    0.0000    0.0000    0.0000    4.0480    0.4631    0.3508    0.6619 -155.8228 
  19.3942 4293.8130  -43.5039   63.1924  123.6429 -117.9152   36.4706  -86.5277    4.7351  -24.3766    0.0000    0.0000    0.0000    0.0000    4.0480    0.5383    0.4851    0.5476 -133.3008 
  19.4367 4293.7705  -42.9690   66.5199  118.3021 -108.8820    7.1738  -14.1400    4.7351  -24.3766    0.0000    0.0000    0.0000    0.0000    4.0480    0.4858    0.3301    0.5500 -124.2676 
  19.4792 4293.7280  -43.6950   68.0309  113.9975 -107.0509   -3.9957    0.6305    4.7351  -24.3766    0.0000    0.0000    0.0000    0.0000    4.0480    0.7390    0.3264    0.5356 -122.4365 
  19.5217 4293.6855  -42.8971   71.1311  108.7666  -94.4166   29.8178  -43.6810    4.7351  -24.3766    0.0000    0.0000    0.0000    0.0000    4.0480    0.6270    0.4915    0.4404 -109.8022 
  19.5642 4293.6431  -43.1996   72.7295  104.9512 -107.1730  -14.6768   38.9606    4.7351  -24.3766    0.0000    0.0000    0.0000    0.0000    4.0400    0.6799    0.3022    0.4495 -122.5586 
  19.6067 4293.6006  -44.3828   73.4476  101.2115  -93.3180   -6.8643   16.3776    4.7351  -24.3766    0.0000    0.0000    0.0000    0.0000    4.0480    0.7759    0.2734    0.4990 -108.7036 
  19.6492 4293.5581  -43.4826   74.4978   97.7967  -85.8107   -5.2164  -21.7694    4.7351  -24.3766    0.0000    0.0000    0.0000    0.0000    4.0400    0.7178    0.4961    0.3469 -101.1963 
  19.6917 4293.5156  -42.8056   74.7957   93.7449 -101.9240  -44.2789    3.0109    4.7351  -24.3766    0.0000    0.0000    0.0000    0.0000    4.0480    0.7246    0.4780    0.3420 -117.3096 
  19.7342 4293.4731  -43.1988   74.0232   89.8299  -97.9567  -66.2515   10.4572    4.7351  -24.3766    0.0000    0.0000    0.0000    0.0000    4.0480    0.7524    0.4209    0.2559 -113.3423 
  19.7767 4293.4307  -41.2658   73.6126   85.7197  -70.9181  -46.2320  -30.3754    4.7351  -24.3766    0.0000    0.0000    0.0000    0.0000    4.0480    0.8469    0.5444    0.2537  -86.3037 
  19.8192 4293.3882  -39.6000   73.2453   82.0020  -80.4396  -60.2701    7.0392    4.7351  -24.3766    0.0000    0.0000    0.0000    0.0000    4.0480    0.8091    0.5193    0.2429  -95.8252 
  19.8617 4293.3457  -39.1696   73.7139   77.4126  -80.3786  -76.6885   -4.4354    4.7351  -24.3766    0.0000    0.0000    0.0000    0.0000    4.0480    0.7634    0.5342    0.1973  -95.7642 
  19.9042 4293.3032  -35.6555   73.7684   73.2866  -61.8849  -35.6729  -52.9584    4.7351  -24.3766    0.0000    0.0000    0.0000    0.0000    4.0480    0.9875    0.5801    0.2595  -77.2705 
  19.9467 4293.2607  -36.8122   72.0798   71.4312  -44.6120  -64.9698   38.4113    4.7351  -24.3766    0.0000    0.0000    0.0000    0.0000    4.0480    0.7009    0.4829    0.2288    0.0000 
  19.9892 4293.2183  -39.2804   70.1358   68.8459  -14.5827 -116.0562  -55.6439    4.7351  -24.3766    0.0000    0.0000    0.0000    0.0000    4.0480    0.8250    0.6448    0.2717  -29.9683 
  20.0317 4293.1758  -35.9036   66.1747   67.2239   -3.5353 -140.8975  -41.9110    4.7351  -24.3766    0.0000    0.0000    0.0000    0.0000    4.0480    0.8640    0.4614    0.3267  -18.9209 
  20.0742 4293.1333  -32.8717   62.8534   66.1922   -7.0143  -45.1334  -30.9857    4.7351  -24.3766    0.0000    0.0000    0.0000    0.0000    4.0480    0.6348    0.4075    0.3757  -22.3999 
  20.1167 4293.0908  -33.1269   61.1901   64.7445   -5.3053  -60.5753  -83.2928    4.7351  -24.3766    0.0000    0.0000    0.0000    0.0000    4.0480    0.8438    0.5374    0.4417  -20.6909 
  20.1592 4293.0483  -27.6080   59.8086   62.8129   20.3905  -49.8941  -83.1097    4.7351  -24.3766    0.0000    0.0000    0.0000    0.0000    4.0480    0.7412    0.2937    0.4116    5.0049 
  20.2017 4293.0059  -24.4616   57.6309   62.4556   31.9261  -56.8521  -48.6249    4.7351  -24.3766    0.0000    0.0000    0.0000    0.0000    4.0480    0.6143    0.3018    0.4099   16.5405 
  20.2442 4292.9634  -24.9609   53.1813   63.2605   31.1327 -102.0792  -20.4266    4.7351  -24.3766    0.0000    0.0000    0.0000    0.0000    4.0480    0.6936    0.3213    0.4941   15.7471 
  20.2867 4292.9209  -21.8423   49.1351   63.6152   19.3529  -57.5235  -17.0087    4.7351  -24.3766    0.0000    0.0000    0.0000    0.0000    4.0480    0.7183    0.2705    0.6301    3.9673 
  20.3292 4292.8784  -23.8325   45.6891   65.0686   30.5834  -79.1299   26.3263    4.7351  -24.3766    0.0000    0.0000    0.0000    0.0000    4.0480    0.5747    0.4465    0.5425   15.1978 
  20.3717 4292.8359  -22.9943   42.2686   65.9234   13.2494  -41.4713  -42.6434    4.7351  -24.3766    0.0000    0.0000    0.0000    0.0000    4.0480    0.6465    0.2310    0.8159   -2.1362 
  20.4142 4292.7930  -20.7635   40.5151   65.5549   32.7806  -68.1436    3.5602    4.7351  -24.3766    0.0000    0.0000    0.0000    0.0000    4.0480    0.6394    0.2312    0.6055   17.3950 
  20.4567 4292.7505  -17.7174   37.1211   66.9193   79.6556  -59.7818   -2.6044    4.7351  -24.3766    0.0000    0.0000    0.0000    0.0000    4.0480    0.3708    0.0874    0.6458   64.2700 
  20.4992 4292.7080  -15.9007   31.1144   70.0591   65.0682 -108.4879   41.4630    4.7351  -24.3766    0.0000    0.0000    0.0000    0.0000    4.0480    0.3491    0.2825    0.6631   49.6826 
  20.5417 4292.6655  -15.8482   26.6437   71.7690   35.7103  -51.4200  -25.5536    4.7351  -24.3766    0.0000    0.0000    0.0000    0.0000    4.0480    0.4441    0.2441    1.0334   20.3247 
  20.5842 4292.6230  -14.6234   21.5606   74.1314   88.0785  -93.4732   71.1261    4.7351  -24.3766    0.0000    0.0000    0.0000    0.0000    4.0480    0.4138    0.2339    0.9355   72.6929 
  20.6267 4292.5806  -13.6202   17.5083   76.7820   38.7010  -36.4053    3.4381    4.7351  -24.3766    0.0000    0.0000    0.0000    0.0000    4.0480    0.1470    0.0933    0.9250   23.3154 
  20.6692 4292.5381  -10.6535   13.2115   76.5577   66.7162  -56.0587  -53.9960    4.7351  -24.3766    0.0000    0.0000    0.0000    0.0000    4.0480    0.2429    0.0969    1.1245   51.3306 
  20.7117 4292.4956   -9.7319   11.3208   76.5172   48.5887  -49.2838   21.6876    4.7351  -24.3766    0.0000    0.0000    0.0000    0.0000    4.0480    0.2415    0.1692    1.0676   33.2031 
  20.7542 4292.4531   -8.6251    8.7884   77.3003   32.6586  -32.4991  -21.4642    4.7351  -24.3766    0.0000    0.0000    0.0000    0.0000    4.0480    0.2375    0.0774    1.2163   17.2729 
  20.7967 4292.4106   -7.4257    8.2935   75.7170  138.4325 -104.5816  -37.6385    4.7351  -24.3766    0.0000    0.0000    0.0000    0.0000    4.0400    0.2004    0.3389    0.9243  123.0469 
  20.8392 4292.3682   -5.3745    2.8632   77.0591   40.7152 -129.3619   43.5993    4.7351  -24.3766    0.0000    0.0000    0.0000    0.0000    4.0480    0.1975   -0.0166    1.0688   25.3296 
  20.8817 4292.3257   -4.0448    0.4530   78.6562   67.3265  -65.1529   -0.8954    4.7351  -24.3766    0.0000    0.0000    0.0000    0.0000    4.0480    0.0342    0.1345    1.0559   51.9409 
  20.9242 4292.2832   -4.4206   -2.2206   76.5628  -63.6549  -78.1534  -62.2357    4.7351  -24.3766    0.0000    0.0000    0.0000    0.0000    4.0480    0.1226   -0.0210    1.0747  -79.0405 
  20.9667 4292.2407   -5.3674   -2.1986   76.3645  -19.7096  -45.8658   16.3165    4.7351  -24.3766    0.0000    0.0000    0.0000    0.0000    4.0480    0.0740    0.0439    1.0005  -35.0952 
  21.0092 4292.1982   -5.4078   -3.1436   75.9762   -1.6432   -5.7047  -10.9051    4.7351  -24.3766    0.0000    0.0000    0.0000    0.0000    4.0480    0.0557   -0.0327    1.0850  -17.0288 
  21.0517 4292.1558   -5.8858   -1.9885   74.8853   62.0165  -15.4703  -11.5155    4.7351  -24.3766    0.0000    0.0000    0.0000    0.0000    4.0480   -0.0806   -0.1340    1.1384   46.6309 
  21.0942 4292.1133   -4.9125   -2.8448   75.5690   -2.4977  -21.9400    1.4240    4.7351  -24.3766    0.0000    0.0000    0.0000    0.0000    4.0480   -0.0725    0.0178    1.0713  -17.8833 
  21.1367 4292.0708   -4.6086   -2.4044   75.5350   -3.1691   35.7993   -0.2240    4.7351  -24.3766    0.0000    0.0000    0.0000    0.0000    4.0480    0.0652   -0.0398    1.0945  -18.5547 
  21.1792 4292.0283   -4.9473   -1.0709   75.5393   10.7469  -25.1749    0.4474    4.7351  -24.3766    0.0000    0.0000    0.0000    0.0000    4.0480   -0.0288   -0.0464    1.0925   -4.6387 
  21.2217 4291.9858   -4.8172   -1.1098   75.5462   -4.8170   13.6435   -0.0409    4.7351  -24.3766    0.0000    0.0000    0.0000    0.0000    4.0480    0.0364    0.0100    1.0767  -20.2026 
  21.2642 4291.9434   -4.8726   -1.4902   75.5484   -1.5211    5.7089    0.3253    4.7351  -24.3766    0.0000    0.0000    0.0000    0.0000    4.0480   -0.0007    0.0051    1.0815  -16.9067 
  21.3067 4291.9009   -4.6591   -0.8854   75.5515   -0.4225    1.6806    0.2033    4.7351  -24.3766    0.0000    0.0000    0.0000    0.0000    4.0480    0.0020   -0.0005    1.0789  -15.8081 
  21.3492 4291.8584   -4.5621   -1.2469   75.5520    0.5541    0.7651    0.0201    4.7351  -24.3766    0.0000    0.0000    0.0000    0.0000    4.0480   -0.0034   -0.0005    1.0894  -14.8315 
  21.3917 4291.8159   -4.7823   -1.1939   75.5581    0.0047    0.2158   -0.1019    4.7351  -24.3766    0.0000    0.0000    0.0000    0.0000    4.0480   -0.0081   -0.0090    1.0947  -15.3809 
  21.4342 4291.7734   -4.9065   -0.9415   75.5629   -0.7887    0.0937    0.4474    4.7351  -24.3766    0.0000    0.0000    0.0000    0.0000    4.0480    0.0017    0.0081    1.0791  -16.1743 
  21.4767 4291.7305   -4.5360   -0.9116   75.5680    0.3099   -0.3336    0.2033    4.7351  -24.3766    0.0000    0.0000    0.0000    0.0000    4.0480    0.0022    0.0073    1.0781  -15.0757 
  21.5192 4291.6880   -4.8555   -0.9656   75.5724   -1.1549   -0.5777    0.0812    4.7351  -24.3766    0.0000    0.0000    0.0000    0.0000    4.0480    0.0059    0.0146    1.0710  -16.5405 
  21.5617 4291.6455   -4.4628   -1.1696   75.6411    0.2489   -0.1505    6.7950    4.7351  -24.3766    0.0000    0.0000    0.0000    0.0000    4.0480   -0.0042    0.0745    1.0715  -15.1367 
  21.6042 4291.6030   -4.6408   -0.7754   75.6375   -1.0329    3.2675    0.5695    4.7351  -24.3766    0.0000    0.0000    0.0000    0.0000    4.0480    0.0159    0.0098    1.0642  -16.4185 
  21.6467 4291.5605   -4.9242   -0.9669   75.6431   -0.3615   -0.3336    1.4850    4.7351  -24.3766    0.0000    0.0000    0.0000    0.0000    4.0480    0.0061    0.0032    1.0857  -15.7471 
  21.6892 4291.5181   -4.7376   -1.3801   75.7142   -0.1784   -0.5777   -0.0409    4.7351  -24.3766    0.0000    0.0000    0.0000    0.0000    4.0480   -0.0076    0.0024    1.0769  -15.5640 
  21.7317 4291.4756   -5.0383   -0.5088   75.6926    0.1879   -0.0894    0.2033    4.7351  -24.3766    0.0000    0.0000    0.0000    0.0000    4.0480    0.0117    0.0125    1.0798  -15.1978 
  21.7742 4291.4331   -4.6582   -1.2270   75.6758   -0.2394   -0.4556   -0.4071    4.7351  -24.3766    0.0000    0.0000    0.0000    0.0000    4.0480    0.0049    0.0000    1.0850  -15.6250 
  21.8167 4291.3906   -4.8617   -1.1667   75.6780   -0.3004   -0.6998    0.0201    4.7351  -24.3766    0.0000    0.0000    0.0000    0.0000    4.0480   -0.0076    0.0002    1.0857  -15.6860 
  21.8592 4291.3481   -5.0097   -1.5090   75.6802    0.1879   -0.0284    0.0201    4.7351  -24.3766    0.0000    0.0000    0.0000    0.0000    4.0480   -0.0100    0.0066    1.0764  -15.1978 
  21.9017 4291.3057   -4.8615   -1.2223   75.7855   -0.3004    0.3989    3.1329    4.7351  -24.3766    0.0000    0.0000    0.0000    0.0000    4.0480    0.0061    0.0017    1.0852  -15.6860 
  21.9442 4291.2632   -5.1292   -1.1923   76.0353   -0.2394    0.0327   -0.2850    4.7351  -24.3766    0.0000    0.0000    0.0000    0.0000    4.0480   -0.0049    0.0095    1.0793  -15.6250 
  21.9867 4291.2207   -4.6815   -1.0393   76.0159    0.1268    1.3754   -0.6512    4.7351  -24.3766    0.0000    0.0000    0.0000    0.0000    4.0480    0.0078   -0.0002    1.0764  -15.2588 
  22.0292 4291.1782   -4.5105   -1.1264   75.9970   -0.1784   -0.1505   -0.1630    4.7351  -24.3766    0.0000    0.0000    0.0000    0.0000    4.0480   -0.0010   -0.0083    1.0742  -15.5640 
  22.0717 4291.1357   -4.6839   -1.0316   75.9923    0.1879    0.0937    0.3253    4.7351  -24.3766    0.0000    0.0000    0.0000    0.0000    4.0480   -0.0078    0.0076    1.0767  -15.1978 
  22.1142 4291.0933   -4.7821   -1.0675   76.0151   -0.1173    0.2768    0.3864    4.7351  -24.3766    0.0000    0.0000    0.0000    0.0000    4.0480   -0.0105    0.0063    1.0823  -15.5029 
  22.1567 4291.0508   -