   0.0016 4291.0117    0.0176   -0.1417  180.0001   -0.5908    0.1176    0.0511    0.0000    0.0000    0.0000    0.0000    0.0000    0.0000    4.1520   -0.0200   -0.0027    1.0723  -15.9912 
   0.0441 4290.9692   -0.1854   -1.0523  179.9961   -0.7129   -0.0655    0.2953    0.0000    0.0000    0.0000    0.0000    0.0000    0.0000    4.1520   -0.0198    0.0049    1.0798  -16.1133 
   0.0866 4290.9268    0.1104   -1.0126  179.9998   -0.4077   -0.1265   -0.0099    0.0000    0.0000    0.0000    0.0000    0.0000    0.0000    4.1520   -0.0325    0.0039    1.0847  -15.8081 
   0.1291 4290.8843    0.0399   -0.7492  180.0007    0.2026    0.1787   -0.3151    0.0000    0.0000    0.0000    0.0000    0.0000    0.0000    4.1520   -0.0142   -0.0007    1.0808  -15.1978 
   0.1716 4290.8418   -0.1555   -0.9526  179.9961   -0.5298    0.2397    0.1122    0.0000    0.0000    0.0000    0.0000    0.0000    0.0000    4.1520   -0.0286   -0.0010    1.0754  -15.9302 
   0.2141 4290.7993   -0.1854   -1.1228  179.9947    0.5078   -0.0044    0.1732    0.0000    0.0000    0.0000    0.0000    0.0000    0.0000    4.1520   -0.0200    0.0054    1.0830  -14.8926 
   0.2566 4290.7568    0.0980   -1.0761  180.0024   -0.1025   -0.3096   -0.0099    0.0000    0.0000    0.0000    0.0000    0.0000    0.0000    4.1520   -0.0183   -0.0010    1.0754  -15.5029 
   0.2991 4290.7144    0.3431   -1.1407  180.0055    0.6299   -0.0655    0.1732    0.0000    0.0000    0.0000    0.0000    0.0000    0.0000    4.1520   -0.0212   -0.0063    1.0671  -14.7705 
   0.3416 4290.6719   -0.1540   -1.2076  180.0053   -0.0415   -0.1265   -0.1930    0.0000    0.0000    0.0000    0.0000    0.0000    0.0000    4.1520   -0.0151    0.0042    1.0745  -15.4419 
   0.3841 4290.6294    0.0100   -1.2369  179.9996    0.5078    0.0566    0.0511    0.0000    0.0000    0.0000    0.0000    0.0000    0.0000    4.1520   -0.0259   -0.0015    1.0940  -14.8926 
   0.4266 4290.5864    0.0431   -1.5340  180.0022    0.2637    0.3618   -0.1930    0.0000    0.0000    0.0000    0.0000    0.0000    0.0000    4.1520   -0.0381   -0.0093    1.0811  -15.1367 
   0.4691 4290.5439    0.4555   -0.9395  179.9979    0.2637    0.1176   -0.3151    0.0000    0.0000    0.0000    0.0000    0.0000    0.0000    4.1520   -0.0178   -0.0088    1.0815  -15.1367 
   0.5116 4290.5015   -0.0887   -0.6696  179.9930   -0.5908   -0.0044   -0.1320    0.0000    0.0000    0.0000    0.0000    0.0000    0.0000    4.1520   -0.0146    0.0051    1.0757  -15.9912 
   0.5541 4290.4590    0.1697   -1.4437  179.9918   -0.6519    0.3008   -0.1930    0.0000    0.0000    0.0000    0.0000    0.0000    0.0000    4.1520   -0.0085   -0.0022    1.0715  -16.0522 
   0.5966 4290.4165    0.2409   -0.8775  179.9866    0.2637   -0.0044   -0.1320    0.0000    0.0000    0.0000    0.0000    0.0000    0.0000    4.1520   -0.0183    0.0071    1.0852  -15.1367 
   0.6391 4290.3740   -0.1024   -1.3779  179.9875   -0.3467    0.1176   -0.0709    0.0000    0.0000    0.0000    0.0000    0.0000    0.0000    4.1520   -0.0256    0.0029    1.0842  -15.7471 
   0.6816 4290.3315   -0.1282   -1.1676  179.9837    0.1416    0.3618    0.1122    0.0000    0.0000    0.0000    0.0000    0.0000    0.0000    4.1520   -0.0142    0.0066    1.0776    0.0000 
   0.7241 4290.2891   -0.3156   -0.8061  179.9860   -0.4077   -0.1265    0.2953    0.0000    0.0000    0.0000    0.0000    0.0000    0.0000    4.1520   -0.0156    0.0037    1.0728  -15.8081 
   0.7666 4290.2466   -0.2578   -1.3339  179.9912    0.0195   -0.1875    0.1732    0.0000    0.0000    0.0000    0.0000    0.0000    0.0000    4.1520   -0.0269    0.0037    1.0864  -15.3809 
   0.8091 4290.2041   -0.0856   -0.8403  179.9920   -0.5298   -0.1875    0.1732    0.0000    0.0000    0.0000    0.0000    0.0000    0.0000    4.1520   -0.0159    0.0015    1.0698  -15.9302 
   0.8516 4290.1616    0.0456   -1.0420  179.9934   -0.2246   -0.0655    0.0511    0.0000    0.0000    0.0000    0.0000    0.0000    0.0000    4.1520   -0.0256   -0.0076    1.0898    0.0000 
   0.8941 4290.1191   -0.2259   -1.0913  179.9954   -0.6519   -0.0044    0.1732    0.0000    0.0000    0.0000    0.0000    0.0000    0.0000    4.1520   -0.0239   -0.0002    1.0823  -16.0522 
   0.9366 4290.0767   -0.2943   -0.8618  179.9944    0.1416    0.1176   -0.1320    0.0000    0.0000    0.0000    0.0000    0.0000    0.0000    4.1520   -0.0103    0.0095    1.0815  -15.2588 
   0.9791 4290.0342   -0.2023   -0.8409  179.9960    0.3247    0.2397    0.4173    0.0000    0.0000    0.0000    0.0000    0.0000    0.0000    4.1520   -0.0144    0.0073    1.0791  -15.0757 
   1.0216 4289.9917    0.0742   -0.6107  180.0027   -0.1025   -0.0044    0.1122    0.0000    0.0000    0.0000    0.0000    0.0000    0.0000    4.1520   -0.0061    0.0010    1.0708  -15.5029 
   1.0641 4289.9492   -0.1270   -1.1138  180.0084   -0.8350   -0.0655    0.0511    0.0000    0.0000    0.0000    0.0000    0.0000    0.0000    4.1520   -0.0181    0.0034    1.0769  -16.2354 
   1.1066 4289.9067   -0.0549   -1.1704  180.0066    0.7520   -0.0044   -0.0099    0.0000    0.0000    0.0000    0.0000    0.0000    0.0000    4.1440   -0.0183    0.0142    1.0652  -14.6484 
   1.1491 4289.8643   -0.2646   -0.4948  180.0025    0.2026    0.2397   -0.0709    0.0000    0.0000    0.0000    0.0000    0.0000    0.0000    4.1520   -0.0098    0.0051    1.0828  -15.1978 
   1.1916 4289.8218   -0.0527   -0.9108  180.0018   -0.5298    0.3008    0.1732    0.0000    0.0000    0.0000    0.0000    0.0000    0.0000    4.1520   -0.0176    0.0012    1.0891  -15.9302 
   1.2341 4289.7793   -0.2594   -1.1497  180.0025    0.0195    0.2397   -0.1930    0.0000    0.0000    0.0000    0.0000    0.0000    0.0000    4.1520   -0.0210    0.0063    1.0752  -15.3809 
   1.2766 4289.7368    0.0161   -0.8499  179.9981    0.3857    0.1787   -0.0709    0.0000    0.0000    0.0000    0.0000    0.0000    0.0000    4.1520   -0.0220    0.0015    1.0801  -15.0146 
   1.3191 4289.6943    0.1936   -1.3556  179.9957   -0.2856    0.1176   -0.2540    0.0000    0.0000    0.0000    0.0000    0.0000    0.0000    4.1520   -0.0325   -0.0063    1.0820  -15.6860 
   1.3616 4289.6519   -0.1505   -0.8865  179.9926   -0.4688    0.0566   -0.0709    0.0000    0.0000    0.0000    0.0000    0.0000    0.0000    4.1520   -0.0093    0.0056    1.0786  -15.8691 
   1.4041 4289.6094    0.0020   -1.1796  179.9916    0.8740    0.1787   -0.2540    0.0000    0.0000    0.0000    0.0000    0.0000    0.0000    4.1520   -0.0210    0.0007    1.0740  -14.5264 
   1.4466 4289.5669    0.0007   -1.3658  179.9921   -0.2246    0.1176    0.0511    0.0000    0.0000    0.0000    0.0000    0.0000    0.0000    4.1440   -0.0273   -0.0054    1.0830  -15.6250 
   1.5866    0.0009    0.0000    0.0000  179.9903   -0.2856   -0.2486    0.0511    0.0000    0.0000    0.0000    0.0000    0.0000    0.0560    4.1520   -0.0234    0.0005    1.0842  -15.6860 
   1.6291    0.0009    0.0000    0.0000  179.9929   -0.1025    0.1787    0.0511    0.0000    0.0000    0.0000    0.0000    0.0000    0.0620    4.1520   -0.0073    0.0010    1.0764  -15.5029 
   1.6716    0.0014    0.0000    0.0000  179.9885    0.2637    0.1176   -0.1930    0.0000    0.0000    0.0000    0.0000    0.0000    0.0315    4.1440   -0.0300   -0.0024    1.0854  -15.1367 
   1.7141    0.0009    0.0000    0.0000  179.9844   -0.6519   -0.4317   -0.0099    0.0000    0.0000    0.0000    0.0000    0.0000    0.0253    4.1520   -0.0188    0.0068    1.0767  -16.0522 
   1.7566    0.0009    0.0000    0.0000  179.9897   -1.0181    0.1176    0.2953    0.0000    0.0000    0.0000    0.0000    0.0000    0.0064    4.1440   -0.0186    0.0098    1.0776  -16.4185 
   1.7991    0.0009    0.0000    0.0000  179.9942   -0.6519    0.0566    0.6004    0.0000    0.0000    0.0000    0.0000    0.0000    0.0064    4.1520   -0.0244    0.0029    1.0840  -16.0522 
   1.8416    0.0014    0.0000    0.0000  179.9960   -0.6519   -0.1265   -0.1930    0.0000    0.0000    0.0000    0.0000    0.0000    0.0127    4.1520   -0.0310   -0.0071    1.0830  -16.0522 
   1.8841    0.0009    0.0000    0.0000  179.9943   -0.3467    0.1787    0.2342    0.0000    0.0000    0.0000    0.0000    0.0000    0.0127    4.1520   -0.0181    0.0068    1.0859  -15.7471 
   1.9266    0.0009    0.0000    0.0000  179.9987    0.6909   -0.2486    0.4173    0.0000    0.0000    0.0000    0.0000    0.0000    0.0064    4.1520   -0.0190   -0.0061    1.0742  -14.7095 
   1.9691    0.0009    0.0000    0.0000  180.0046    0.4468    0.1176    0.0511    0.0000    0.0000    0.0000    0.0000    0.0000    0.0064    4.1520   -0.0212    0.0056    1.0867  -14.9536 
   2.0116    0.0014    0.0000    0.0000  180.0061    0.0806    0.6670   -0.3151    0.0000    0.0000    0.0000    0.0000    0.0000    0.0064    4.1520   -0.0125    0.0081    1.0796  -15.3198 
   2.0541    0.0009    0.0000    0.0000  180.0028   -0.1025    0.3008    0.1122    0.0000    0.0000    0.0000    0.0000    0.0000    0.0064    4.1520   -0.0217   -0.0005    1.0798  -15.5029 
   2.0966    0.0009    0.0000    0.0000  180.0069    0.2026    0.1176   -0.0099    0.0000    0.0000    0.0000    0.0000    0.0000    0.0127    4.1520   -0.0227    0.0063    1.0686  -15.1978 
   2.1391    0.0009    0.0000    0.0000  180.0099    0.4468    0.1176   -0.0099    0.0000    0.0000    0.0000    0.0000    0.0000    0.0064    4.1520   -0.0205   -0.0002    1.0857  -14.9536 
   2.1816    0.0014    0.0000    0.0000  180.0048   -0.7129   -0.4317    0.2342    0.0000    0.0000    0.0000    0.0000    0.0000    0.0064    4.1520   -0.0107    0.0059    1.0649  -16.1133 
   2.2241    0.0009    0.0000    0.0000  180.0170   -0.8350   -0.1875    0.0511    0.0000    0.0000    0.0000    0.0000    0.0000    0.0064    4.1520   -0.0227   -0.0007    1.0754  -16.2354 
   2.2666    0.0009    0.0000    0.0000  180.0177   -0.3467   -0.2486    0.0511    0.0000    0.0000    0.0000    0.0000    0.0000    0.0064    4.1520   -0.0225   -0.0022    1.0679  -15.7471 
   2.3091    0.0009    0.0000    0.0000  180.0168    0.0806    0.0566    0.0511    0.0000    0.0000    0.0000    0.0000    0.0000    0.0064    4.1520   -0.0259   -0.0042    1.0801  -15.3198 
   2.3516    0.0014    0.0000    0.0000  180.0141   -0.3467    0.2397   -0.2540    0.0000    0.0000    0.0000    0.0000    0.0000    0.0064    4.1520   -0.0110    0.0017    1.0811  -15.7471 
   2.3941    0.0009    0.0000    0.0000  180.0250    1.0571    0.3008   -0.3151    0.0000    0.0000    0.0000    0.0000    0.0000    0.0064    4.1520   -0.0144    0.0044    1.0896  -14.3433 
   2.4366    0.0009    0.0000    0.0000  180.0316   -0.5298   -0.0655   -0.3151    0.0000    0.0000    0.0000    0.0000    0.0000    0.0064    4.1520   -0.0225   -0.0024    1.0813  -15.9302 
   2.4791    0.0009    0.0000    0.0000  180.0335   -0.0415    0.2397   -0.0099    0.0000    0.0000    0.0000    0.0000    0.0000    0.0064    4.1520   -0.0266   -0.0049    1.0693  -15.4419 
   2.5216    0.0014    0.0000    0.0000  180.0409   -0.2246   -0.0655   -0.0709    0.0000    0.0000    0.0000    0.0000    0.0000    0.0064    4.1440   -0.0112    0.0056    1.0803  -15.6250 
   2.5641    0.0009    0.0000    0.0000  180.0366    0.0195    0.1787   -0.4982    0.0000    0.0000    0.0000    0.0000    0.0000    0.0064    4.1520   -0.0142   -0.0017    1.0830  -15.3809 
   2.6066    0.0009    0.0000    0.0000  180.0373   -0.4077   -0.1265    0.0511    0.0000    0.0000    0.0000    0.0000    0.0000    0.0064    4.1520   -0.0347    0.0049    1.0786  -15.8081 
   2.6491    0.0009    0.0000    0.0000  180.0461   -1.2012    0.1176    0.4784    0.0000    0.0000    0.0000    0.0000    0.0000    0.0064    4.1520   -0.0071    0.0005    1.0789  -16.6016 
   2.6916    0.0014    0.0000    0.0000  180.0616    0.2637    0.0566    0.2342    0.0000    0.0000    0.0000    0.0000    0.0000    0.0064    4.1520   -0.0337    0.0054    1.0830  -15.1367 
   2.7341    0.0009    0.0000    0.0000  180.0682   -1.0181   -0.1265    0.2342    0.0000    0.0000    0.0000    0.0000    0.0000    0.0064    4.1520   -0.0100    0.0032    1.0779  -16.4185 
   2.7766    0.0009    0.0000    0.0000  180.0695    0.3857   -0.1875   -0.0709    0.0000    0.0000    0.0000    0.0000    0.0000    0.0064    4.1520   -0.0107    0.0039    1.0872  -15.0146 
   2.8191    0.0009    0.0000    0.0000  180.0667    0.0195   -0.1265    0.1122    0.0000    0.0000    0.0000    0.0000    0.0000    0.0064    4.1520   -0.0137    0.0129    1.0786  -15.3809 
   2.8616    0.0014    0.0000    0.0000  180.0670   -0.1025   -0.0044   -0.0709    0.0000    0.0000    0.0000    0.0000    0.0000    0.0064    4.1520   -0.0146    0.0015    1.0791  -15.5029 
   2.9041    0.0009    0.0000    0.0000  180.0754    0.3857    0.1787    0.2342    0.0000    0.0000    0.0000    0.0000    0.0000    0.0127    4.1520    0.0049    0.0081    1.0820  -15.0146 
   2.9466    0.0009    0.0000    0.0000  180.0773   -0.0415   -0.3096    0.1732    0.0000    0.0000    0.0000    0.0000    0.0000    0.0127    4.1520   -0.0186    0.0122    1.0745  -15.4419 
   2.9891    0.0009    0.0000    0.0000  180.0788   -0.5298    0.2397    0.0511    0.0000    0.0000    0.0000    0.0000    0.0000    0.0064    4.1520   -0.0234    0.0063    1.0781  -15.9302 
   3.0316    0.0014    0.0000    0.0000  180.0825    0.2637   -0.2486    0.0511    0.0000    0.0000    0.0000    0.0000    0.0000    0.0064    4.1520   -0.0349   -0.0010    1.0752  -15.1367 
   3.0741    0.0009    0.0000    0.0000  180.0897   -0.1025    0.1176    0.2953    0.0000    0.0000    0.0000    0.0000    0.0000    0.0064    4.1520   -0.0237   -0.0012    1.0833  -15.5029 
   3.1166    0.0009    0.0000    0.0000  180.0880   -0.0415    0.3008    0.0511    0.0000    0.0000    0.0000    0.0000    0.0000    0.0064    4.1520   -0.0308    0.0017    1.0676  -15.4419 
   3.1592    0.0009    0.0000    0.0000  180.0869   -0.1025   -0.1265   -0.1320    0.0000    0.0000    0.0000    0.0000    0.0000    0.0064    4.1520   -0.0154   -0.0010    1.0735  -15.5029 
   3.2016    0.0014    0.0000    0.0000  180.0860    0.0195    0.0566    0.0511    0.0000    0.0000    0.0000    0.0000    0.0000    0.0064    4.1520   -0.0327    0.0049    1.0825  -15.3809 
   3.2441    0.0009    0.0000    0.0000  180.0868   -0.5908    0.0566   -0.0099    0.0000    0.0000    0.0000    0.0000    0.0000    0.0064    4.1520   -0.0195   -0.0061    1.0896  -15.9912 
   3.2866    0.0009    0.0000    0.0000  180.0811   -0.1636    0.0566   -0.0099    0.0000    0.0000    0.0000    0.0000    0.0000    0.0064    4.1520   -0.0242    0.0049    1.0879  -15.5640 
   3.3291    0.0009    0.0000    0.0000  180.0851   -0.2856    0.1787    0.1732    0.0000    0.0000    0.0000    0.0000    0.0000    0.0064    4.1440   -0.0176   -0.0007    1.0754  -15.6860 
   3.3716    0.0014    0.0000    0.0000  180.0800   -0.1636   -0.0044   -0.1930    0.0000    0.0000    0.0000    0.0000    0.0000    0.0127    4.1520   -0.0161   -0.0059    1.0708  -15.5640 
   3.4141    0.0009    0.0000    0.0000  180.0852    0.6909   -0.0655   -0.1320    0.0000    0.0000    0.0000    0.0000    0.0000    0.0680    4.1440   -0.0317    0.0056    1.0681  -14.7095 
   3.4566    0.0009    0.0000    0.0000  180.0873   -0.0415    0.1787   -0.0099    0.0000    0.0000    0.0000    0.0000    0.0000    0.0973    4.1520   -0.0151    0.0042    1.0730  -15.4419 
   3.4991    0.0010   -0.8320    0.5766  180.0938    0.1416    0.0566    0.1122    1.4108   -1.2902    6.7286   -4.6669    0.0000    0.1312    4.1040   -0.0139    0.0103    1.0681   -0.0020 
   3.5416    0.0015   -0.7696    0.1650  180.1009   -0.4688   -0.4927   -0.6813    3.0629   -1.7206   11.4976   -4.7141    0.0000    0.1690    4.0880   -0.0261    0.0212    1.0745    0.0119 
   3.5841    0.0010   -0.1707    0.1958  180.0724    0.3857    3.2915    2.3094    2.7112   -1.8274    8.6455   -5.0578    0.0000    0.1743    4.0800    0.0239   -0.0400    1.0879   -0.0403 
   3.6267    0.0010   -0.2441    0.1529  180.0874   -1.5674   -1.6524   -1.1696    1.0604   -1.6709    3.9133   -4.5595    0.0000    0.1795    4.0800   -0.0876    0.0410    1.0679    0.0204 
   3.6691    0.0010   -0.1511    0.0432  180.0982   -0.2856   -0.0655   -1.7799    2.2748   -1.9637    7.2777   -5.0174    0.0000    0.1898    4.0720   -0.0022    0.0251    1.0933    0.0311 
   3.7116    0.0015   -0.1605    0.2913  180.0827    2.9492    0.7890   -1.5358    0.5566   -1.0313    2.1512   -3.3065    0.0000    0.2101    4.0640   -0.0874   -0.1570    1.0239    0.0268 
   3.7542    0.0011   -0.2926    0.7203  180.0656   -0.2246    0.1176    2.4925    1.9944   -1.4976    6.8610   -5.5448    0.0000    0.2441    4.0320    0.0142   -0.0608    1.0869   -0.0435 
   3.7966    0.0010   -0.0753    0.6350  180.1847   -0.5298   -2.9341   -0.6203    1.7288   -0.9843    5.4123   -4.0482    0.0000    0.2489    4.0320   -0.2217   -0.0540    1.0601    0.0108 
   3.8391    0.0010    0.1204    0.2622  180.0720   -1.1401    1.2773    1.8211    0.6468   -1.0510    1.5795   -3.2829    0.0000    0.2674    4.0240   -0.1729   -0.4033    1.2268   -0.0318 
   3.8816    0.0015    0.8207    0.2123  180.1748    2.3389   -7.0845   -5.8082    1.6143   -1.7375    2.3807   -4.8748    0.0000    0.2854    4.0160   -0.3286   -0.1782    1.2183    0.1014 
   3.9241    0.0010    0.8701    0.0978  180.2726   -0.2856    4.3291    7.8636    2.1720   -1.0603    3.9058   -2.8951    0.0000    0.3483    3.9520    0.0085   -0.3594    1.2080   -0.1372 
   3.9666    0.0010    0.5307   -0.2867  180.7137   -0.5908  -23.9912   11.9530    0.8575   -1.8036    0.9803   -3.7921    0.0000    0.3522    3.9520   -0.1736   -0.5557    1.9849   -0.2086 
   4.0091    0.0010   -1.0893   -1.3851  180.8846   36.1523   -6.0469    9.2064    1.7593   -2.2720    8.5456   -2.2172    0.0000    0.3522    3.9680    0.2173    0.2278    1.8594   -0.1607 
   4.0516    0.0015   -0.0628   -1.0258  180.9730   41.1572   24.7758   -4.8317    1.6154   -0.8063    5.0345    0.5488    0.0000    0.3561    3.9680    0.4907   -0.6208    0.5371    0.0843 
   4.0941    0.0010    0.0102   -0.4566  180.7823    9.9072  -22.5874   -1.7799    1.7546   -0.5238    5.2332   -0.1681    0.0000    0.3638    3.9600    0.2673   -0.5117    0.5042    0.0311 
   4.1366    0.0010   -0.1834   -1.2927  180.8487   22.2363   -1.5913    5.8495    1.3499   -1.4991    4.5997   -0.5160    0.2818    0.3714    3.9440    0.1245   -0.9365    1.0959   -0.0972 
   4.1791    0.0011   -0.3795   -1.6469  180.9534   -1.7505   -2.2627    1.5160    1.2898   -0.5034    5.0080    2.8586    0.2818    0.4076    3.9280    0.2505   -0.8174    1.6763   -0.0215 
   4.2216    0.0015   -0.2282   -1.1021  181.1147   13.6914    7.1977    0.6615    1.8116   -0.9549    6.1195    0.3682    0.0000    0.4144    3.9120   -0.3462    0.6655    2.1150   -0.0115 
   4.2641    0.0010    0.3491   -0.5144  181.1724   13.2031   15.8037    0.5394    1.6516   -0.0008    3.9077    1.2840    0.0000    0.4439    3.8960    0.0012    1.2932    1.8574   -0.0094 
   4.3066    0.0010   -0.6603   -0.4314  181.2441    4.1089  -17.2774    1.8822    1.5683   -0.6082    6.6857   -0.4422    0.0000    0.4653    3.8640   -0.1428    1.0046    0.9880   -0.0329 
   4.3491    0.0010   -0.1103   -1.1985  181.2616  -13.1030  -23.8692    2.0043    2.5164   -1.6528    7.8801   -1.1357    0.0000    0.4741    3.8560    0.1025   -0.3279    0.5767   -0.0350 
   4.3916    0.0015   -0.3966   -1.5025  181.3746   17.9639   12.5688    5.9715    3.6091   -0.8392   12.0173    1.6584    0.2818    0.4826    3.8560   -0.2920    0.1301    1.0752   -0.0993 
   4.4341    0.0010   -0.9031   -0.4680  181.4348  -10.4785   21.1137   -2.3292    2.6218    0.1457   10.5745    1.5343    0.2818    0.4882    3.8400    0.6511    1.1465    0.7100    0.0456 
   4.4766    0.0010   -0.3730   -1.1905  181.5057    1.1792  -35.9541    1.0887    2.7217   -0.6630    9.2841    1.3188    0.0000    0.5068    3.8240   -0.5564    0.2998    1.4119   -0.0190 
   4.5191    0.0010   -0.2293   -0.8618  181.5705    9.2358   21.8462    0.2953    2.1188   -0.2910    7.0444    1.4269    0.0000    0.5119    3.8160   -0.6743    0.5833    2.0476   -0.0052 
   4.5616    0.0015   -0.3755   -0.4385  181.4641  -19.8779   -3.7276    0.3563    2.3949   -0.7937    8.3113   -0.8879    0.0000    0.5144    3.8240   -0.3335   -0.0413    0.9541   -0.0062 
   4.6041    0.0010   -0.1560   -1.1821  181.5077   31.9409  -14.7749   -1.5358    2.8439   -0.8413    8.9998    0.8518    0.2818    0.5218    3.8080    0.9185   -0.3357    0.2332    0.0317 
   4.6466    0.0010    0.8823   -1.3880  181.3551    4.9023    7.9912    0.2953    3.1233    0.1707    6.7232    3.8966    0.0000    0.5450    3.7840   -0.8071    1.7732    1.3191   -0.0052 
   4.6891    0.0010    1.2218   -0.0773  181.3217   -2.4219   11.5312   -3.2448    3.0768   -0.4522    5.5652   -0.9373    0.0000    0.5557    3.7680   -1.2202   -0.3909    1.8848    0.0566 
   4.7316    0.0015    0.9096   -0.4219  181.2954  -19.4507  -24.1133    2.3094    3.5464   -0.7442    7.9107   -0.8057    0.2818    0.5598    3.7680   -0.3193   -1.4119    1.1189   -0.0354 
   4.7741    0.0010    0.5755   -1.0811  181.3530   13.9966    2.0097    1.9432    2.7409   -0.4562    6.4961    1.5623    0.0000    0.5598    3.7680   -1.5732   -0.2356    1.6980   -0.0339 
   4.8166    0.0010    1.3068    0.6103  181.2538    8.3203   29.3535    0.5394    4.2069   -0.4955    8.7003   -2.7646    0.0000    0.5598    3.7520   -0.9512   -1.0088    1.2441   -0.0094 
   4.8591    0.0010    1.1022    0.4947  181.2277   21.1987  -30.0337    1.1498    4.1644   -0.3802    9.1866   -2.1872    0.0000    0.5598    3.7760    0.6125    0.9390    0.3215   -0.0201 
   4.9016    0.0015    1.8164   -0.7341  181.1971   -2.8491  -10.1363   -1.4137    3.3646    0.5505    4.6448    3.2115    0.2818    0.5598    3.7680   -0.0366   -0.3572    1.2234    0.0296 
   4.9441    0.0011    0.9093    1.2122  181.2645  -19.5728   47.0537   -4.6486    4.5161   -0.3740   10.8205   -3.9654    0.2818    0.5639    3.7440    0.4915    0.1592    1.0845    0.0861 
   4.9866    0.0010    0.2991    2.3216  181.2094   19.5508  -33.1465   -1.9630    3.0117    1.3420    8.1379   -2.4490    0.0000    0.5639    3.7600   -1.8340    1.0698    1.3997    0.0343 
   5.0291    0.0010    1.6241    0.4307  181.1664   26.4478  -47.9170   -0.5592    4.1549    0.2202    7.5927   -0.5263    0.0000    0.5659    3.7840    0.1021   -0.8792    0.9954    0.0098 
   5.0716    0.0015    1.5135    1.0499  181.1239  -12.5537   57.3686   -2.5734    4.0348   -0.3406    7.5640   -3.4763    0.2818    0.5678    3.7360    1.2900   -0.8579    0.9255    0.0498 
   5.1141    0.0010    0.1563    3.3707  181.0034  -33.0005   22.8227   -3.1227    4.3450    1.7365   12.5663   -4.0856    0.0000    0.5678    3.7520   -0.9304   -2.5752    1.3135    0.0545 
   5.1566    0.0010   -0.4255    1.5742  180.9790   23.3350  -76.4815   -1.9020    4.1329    0.9925   13.6751   -1.4541    0.2818    0.5678    3.7360   -1.8289   -0.2896    1.8086    0.0381 
   5.1991    0.0011    1.7394    0.1182  180.9159   46.5283   13.2402   -2.5734    3.8542    1.0779    6.3448    2.3993    0.2818    0.5678    3.7520    0.2473    4.5818    0.7058    0.0498 
   5.2416    0.0015    2.0908    2.6997  180.8186  -14.8120   78.4868   -3.7331    4.0629    0.6720    5.9163   -5.0693    0.0000    0.5678    3.7200   -2.0249    0.7974    0.9172    0.0652 
   5.2841    0.0011   -0.2519    3.6892  180.6192  -21.9531  -61.4058   -3.3668    3.4967    0.5671   11.2457   -7.8053    0.0000    0.5698    3.7440   -1.1011   -1.3584    1.1687    0.0588 
   5.3266    0.0010    0.7889   -0.4389  180.8977   37.2510  -51.5181    3.4081    4.7031    0.8732   11.7426    3.2801    0.0000    0.5698    3.7200    2.0168   -0.6790   -0.0317   -0.0595 
   5.3691    0.0010    2.3004    1.1636  180.7184   11.4331  100.7036    0.3563    3.9846    1.0529    5.0529   -0.2768    0.0000    0.5698    3.7040    0.3516   -1.3809    1.0334   -0.0062 
   5.4116    0.0015    1.5934    4.4035  180.5537  -37.0898   18.3672   -5.5031    4.4757    0.4721    8.6470   -9.8287    0.0000    0.5698    3.7360   -0.7017   -1.0686    1.0654    0.0960 
   5.4541    0.0010    0.5610    0.9346  180.5167    1.7285 -116.7036    3.6522    3.3606    1.8211    8.3988    2.2162    0.2818    0.5698    3.7120    0.7302    0.7712    0.0864   -0.0588 
   5.4966    0.0010    1.7384   -1.6918  180.4563   30.2930   39.7295   -0.4982    4.3884    1.2241    7.9501    7.2898    0.0000    0.5698    3.7440    0.6848    1.4873    0.3870    0.0087 
   5.5391    0.0010    1.3156    4.0171  180.4666  -12.0044  136.2260   -3.5499    3.2388    2.6038    5.7696   -3.5333    0.0000    0.5698    3.6800   -0.3862    1.1680    1.5024    0.0620 
   5.5816    0.0015    1.0675    4.3074  180.2882   -8.3423  -78.5567    3.1029    3.5896    1.8454    7.5665   -6.1549    0.0000    0.5736    3.7200   -0.4368   -0.5432    0.6226   -0.0542 
   5.6241    0.0011    1.8029   -1.1539  180.3634   10.8228  -69.2183    0.9667    5.0754    2.9554    9.8176   10.2734    0.0000    0.5774    3.7120    0.7505    1.6748    0.0791   -0.0169 
   5.6666    0.0010    1.7698    1.0797  180.3416   -5.5347  166.2553    3.1029    4.5181    4.1698    8.2450    7.7253    0.2818    0.5829    3.6720   -0.8135   -1.0220    1.1948   -0.0492 
   5.7091    0.0010    2.4920    7.5133  180.2178    5.6958   51.2651   -3.1837    3.9303    4.1610    4.3151   -8.3807    0.2818    0.5829    3.7040    0.3162    0.9460    1.0986    0.0605 
   5.7516    0.0015    3.0357    3.5311  180.3122   15.9497 -182.1944   -1.9630    4.6112    5.4925    4.7267    4.9034    0.0000    0.5864    3.6560   -0.1138   -1.5999    1.4829    0.0343 
   5.7941    0.0010    2.7148   -0.3188  180.3841  -19.0845   32.5273   -0.5592    3.2605    5.9934    1.6372   15.7805    0.2818    0.5982    3.7120    0.3835   -0.6499    0.3748    0.0147 
   5.8366    0.0010    1.3321    6.6938  180.3253   -1.4453  210.7500   -2.8175    4.3612    4.9390    9.0873   -4.3868    0.2818    0.6014    3.5520    1.8101    2.9829    1.7732    0.0541 
   5.8791    0.0010    1.7578    7.8623  180.2470   28.3398 -107.9756   -0.9865    3.3480    5.7162    4.7708   -5.3652    0.2818    0.6046    3.6640   -1.4407   -0.1455    0.9363    0.0221 
   5.9216    0.0015    2.7296   -0.0388  180.3364   18.2690 -170.0484   -1.1085    2.4553    5.9907   -0.8228   15.0738    0.0000    0.6046    3.6240    2.3745   -0.8733    0.3352    0.0193 
   5.9641    0.0010    1.9816    1.8566  180.3507  -26.3477  253.2915   -1.0475    3.1413    6.6997    3.4793   12.1079    0.0000    0.6030    3.5920    1.0862    1.1030    0.2576    0.0183 
   6.0066    0.0010    1.5365   11.5121  180.1698   43.8428   72.6884   -3.2448    1.4785    6.2339   -0.1737  -13.1955    0.0000    0.6030    3.6080    0.0471   -1.2271    1.7759    0.0566 
   6.0491    0.0010    3.0017    6.6691  180.4855   21.2598 -271.5498   -2.3903    0.9204    6.7584   -6.2436    0.2234    0.2818    0.6030    3.5760   -0.2756    0.8174    0.2256    0.0466 
   6.0916    0.0015    1.4131   -1.4061  180.4725  -45.4517   23.8603    3.1639    1.6588    7.6903    0.7374   22.7409    0.0000    0.5899    3.7200    0.6316    2.1411    1.0332   -0.0552 
   6.1341    0.0010   -0.3737    8.1448  180.4411  -17.6196  316.4629   -5.1979    1.5625    7.1057    5.8088   -2.5977    0.2818    0.5899    3.4560   -0.0806    1.7964    1.4050    0.0956 
   6.1766    0.0010    0.1584   13.9335  180.3467   17.1094  -62.6875   -0.0709    0.9921    7.7704    2.5013  -15.4077    0.5636    0.5598    3.7440    0.4434    0.1963    1.5144    0.0111 
   6.2191    0.0010    0.9821    2.2035  180.4511   17.3535 -304.3867   -0.1320   -0.3977    4.8646   -4.1393    6.6527    1.4090    0.5405    3.6400    1.9551    0.2422    0.0701    0.0269 
   6.2616    0.0015    0.9696   -1.4830  180.4960   -3.2153  101.9853    1.3329   -0.7913    6.1507   -5.2825   19.0841    1.6908    0.5405    3.7120   -0.8186    0.2080    1.7244    0.0062 
   6.3041    0.0011    1.0921    9.8430  180.4831   -6.5723  264.9492   -4.7096    1.1355    6.3083    0.1302   -8.8368    1.6908    0.5405    3.5120   -0.6079    0.3569    1.7466    0.1117 
   6.3466    0.0010   -0.8981   11.7148  180.3845   -4.8633 -176.1519    2.4925   -0.3014    6.9938    1.7903  -11.8023    1.9726    0.5337    3.7440    0.4224    0.0681    1.7776   -0.0091 
   6.3891    0.0010   -1.5994   -0.6430  180.5998   16.1938 -255.4366    5.2391    0.0817    5.7684    5.0436   16.0287    1.9726    0.5144    3.5920    1.3313    2.8018    0.5920   -0.0570 
   6.4316    0.0015   -0.1078   -2.6627  180.7194   -3.1543  176.9365    3.4081    0.5299    6.6219    1.9132   23.2116    1.6908    0.5144    3.6720    0.1384    0.1045    0.5139   -0.0300 
   6.4741    0.0010   -1.1058    9.1833  180.7148   -2.6660  252.8642   -2.2072    0.9625    6.9083    6.2050   -5.6874    1.6908    0.5042    3.5920    1.1138    0.1228    1.3335    0.0680 
   6.5166    0.0010   -1.4375   10.3184  180.6496    9.7852 -139.2866    0.7225   -1.4180    6.0929    0.0585  -10.5638    1.9726    0.4798    3.8000    0.2122   -0.0540    1.4978    0.0218 
   6.5591    0.0010   -0.5696   -0.4759  180.8108   11.4331 -251.0420    3.7743    0.7425    6.1356    3.9365   16.5286    2.5362    0.4826    3.6480   -0.6069   -2.6755    1.7542   -0.0216 
   6.6016    0.0015   -0.6910   -2.0966  180.9080  -11.3330  120.2959    4.4457    0.8270    6.4411    4.5541   21.3443    2.2544    0.4826    3.7520    0.3328    1.6741    0.3677   -0.0382 
   6.6441    0.0010   -1.3252    8.1626  180.8898  -12.1265  226.7412   -2.5734   -0.8085    5.9130    1.5501   -5.6240    1.9726    0.4826    3.6240    0.7463    2.1150    0.7744    0.0793 
   6.6866    0.0011   -1.2513   10.3023  180.7728    0.4468 -147.7705    1.8211    0.4748    5.7817    5.1785  -11.3014    1.6908    0.4144    3.8240   -0.3455    0.8799    1.0154   -0.0023 
   6.7291    0.0010   -1.2218   -0.1180  180.9253   29.1333 -265.0801    4.0184   -2.0035    3.9613   -2.3449   10.1984    1.6908    0.3862    3.7280    0.6848   -1.1672    0.2656   -0.0406 
   6.7716    0.0015   -0.3118   -5.3926  180.8614    3.2544   31.1845    0.9667   -1.2245    5.0642   -2.7378   26.1421    1.4090    0.3862    3.9120    0.9097   -1.1089    0.6519    0.0077 
   6.8141    0.0010   -0.9225    2.1861  180.9038  -22.8076  251.3994   -1.5968   -0.5799    5.5652    1.0279    8.4479    1.4090    0.3862    3.7520    0.2744    0.3406    0.8293    0.0525 
   6.8566    0.0010   -1.8944    9.4779  180.6201  -33.1226   70.0639   -5.1369   -1.8298    4.9659    0.1940  -11.2802    1.4090    0.3899    3.8640    1.1294    0.9468    0.5637    0.1142 
   6.8991    0.0010   -2.5455    4.1774  180.5139    2.7051 -214.8482    5.0560   -2.1932    5.0369    1.0571    2.1488    1.4090    0.3935    3.7760    0.8577   -1.8323    0.2815   -0.0637 
   6.9416    0.0015   -1.3018   -4.8317  180.5712   22.8467 -149.8457   -0.8644   -2.3609    5.7484   -3.1771   26.4504    1.4090    0.3935    3.8160   -0.1487   -0.2866    0.2302    0.0397 
   6.9841    0.0010   -0.5845   -3.0528  180.5130   -4.0088  189.3266    4.8119   -0.6410    5.8042   -0.1695   22.1427    1.4090    0.3935    3.8320    0.5542    1.2817    0.0896   -0.0594 
   7.0266    0.0010   -1.1036    6.0556  180.5518  -23.2349  175.5327   -1.8410   -2.0532    4.4951   -2.8487   -3.9012    1.4090    0.4006    3.7760   -0.0747   -1.1570    0.9004    0.0567 
   7.0691    0.0011   -2.6912    6.8046  180.3450  -14.2017 -135.8076   -0.3761   -1.2560    5.0099    4.3058   -4.4868    1.4090    0.4006    3.8560    0.0186    0.4387    0.3005    0.0312 
   7.1116    0.0015   -2.8284   -2.6298  180.5237    3.9868 -232.9146    5.3612   -1.4975    4.9745    3.9929   19.0107    1.4090    0.4006    3.7360   -0.2227    0.9941    0.8970   -0.0690 
   7.1541    0.0010   -2.0042   -6.7665  180.5374   23.5791   54.1338    0.7835   -1.5128    6.7476    1.4743   33.7853    1.4090    0.4006    3.8880    1.3484   -1.3066    0.2632    0.0109 
   7.1966    0.0010   -1.9952    1.8030  180.5930   -8.8916  251.5214    3.1639   -0.5472    6.2477    4.3441   11.1119    1.4090    0.4076    3.7360    0.3037    0.4910    1.4187   -0.0306 
   7.2391    0.0010   -2.2659    8.2852  180.4617  -17.2534   31.2456   -2.8786   -0.9479    7.0547    3.9543   -3.0762    1.4090    0.4076    3.8880    1.2290    0.2874    0.9167    0.0748 
   7.2816    0.0015   -2.2972    1.2716  180.5363    0.5688 -242.3140    5.4833   -1.0942    6.8748    3.6091   14.0082    1.4090    0.4076    3.7280    1.1360   -1.0017    0.2141   -0.0711 
   7.3241    0.0010   -1.7282   -6.8845  180.5597   26.8140  -52.6167    1.4549    0.3958    5.7592    6.3722   31.6091    1.4090    0.4144    3.8560    0.1370   -2.3508    0.7507   -0.0008 
   7.3666    0.0010   -1.0535   -1.8969  180.5370   -6.2061  247.0049    1.3939   -0.5675    6.9216    1.4581   22.0463    1.4090    0.4594    3.7040   -0.3198    0.9529    1.1318    0.0003 
   7.4091    0.0010   -1.5563    7.0620  180.4430  -15.6055   94.3559   -4.7096    0.1429    7.1312    5.0980    0.1732    1.4090    0.4594    3.7760   -0.5537   -2.5325    0.6555    0.1068 
   7.4516    0.0015   -1.4400    3.1757  180.3504   -8.4644 -244.0840    4.2626    0.3090    7.2082    5.2473   10.0812    1.4090    0.4624    3.6800   -0.2839   -0.3406    1.5405   -0.0498 
   7.4941    0.0010   -0.8570   -6.7065  180.4602   21.8091 -130.5586    2.7367   -0.0798    7.9001    2.3318   36.5165    1.1272    0.4624    3.7360    0.3652    0.7756    0.7852   -0.0281 
   7.5366    0.0011   -0.4569   -2.2398  180.4134  -11.0889  252.3759    3.1639   -0.5633    9.1908   -0.3191   28.5765    1.4090    0.4624    3.6880    0.8149   -0.5657    0.6785   -0.0306 
   7.5791    0.0011   -2.7041    8.6220  180.1783  -40.6299  173.0303   -9.7755    0.9361    7.8510   10.9209   -1.9274    1.4090    0.4624    3.7280   -1.6191    0.9294    1.5420    0.1952 
   7.6216    0.0015   -3.6843    5.5811  179.8735  -12.7368 -242.3750    7.0091   -0.5490    7.4063    9.4061    4.5631    1.4090    0.4624    3.7040   -0.2661    2.9519    1.4387   -0.0977 
   7.6641    0.0010   -2.0009   -6.0357  179.9794   53.2422 -164.6773   -0.6813    0.3495    6.4264    7.0515   31.1554    1.4090    0.4624    3.7040    0.6118   -0.0420    0.2356    0.0365 
   7.7066    0.0010    0.3593   -2.8835  179.7939   -8.1592  265.4375    6.6429    0.7009    5.8388    1.0251   21.8058    1.9726    0.4178    3.7360    0.3625    0.0205    1.0508   -0.0815 
   7.7491    0.0010   -0.7538    9.4830  179.6090  -65.8374  212.7641   -7.2731    0.2272    5.9450    2.9430   -8.8449    2.8180    0.4076    3.7360    0.4397   -0.7429    1.4998    0.1761 
   7.7916    0.0015   -2.6664    8.5081  178.9756  -23.5400 -234.7456    0.9056    1.1191    6.5779   11.3568   -4.8254    2.8180    0.4110    3.7840   -0.5247   -0.1843    0.1218    0.0334 
   7.8341    0.0010   -1.7347   -4.8173  179.2884   51.1060 -284.1231    4.3846    0.9622    6.2462    8.0908   27.6588    1.9726    0.4006    3.6240   -0.6780   -1.2314    1.1624   -0.0421 
   7.8766    0.0010    0.5285   -7.0369  178.9259   19.1846  131.2211   -2.6344    0.2409    7.2593   -0.8625   35.7408    1.1272    0.4006    3.8400   -1.5769   -0.8323    2.0645    0.0657 
   7.9191    0.0010   -0.9919    5.1633  179.0392  -69.3164  304.7441   -2.1461    0.9195    7.0092    5.7343    4.6151    0.8454    0.4041    3.6640    0.1880   -0.4436    1.7192    0.0522 
   7.9616    0.0015   -4.1747    9.8101  178.2251  -49.7852  -46.8184   -9.1041    0.7334    7.1363   14.7245   -6.6843    0.8454    0.4041    3.8560   -0.0066    0.2083    0.7705    0.1737 
   8.0041    0.0010   -4.1992   -1.4418  178.3177   63.9233 -337.5288    7.9857    0.1417    7.7821   13.0228   23.0600    0.8454    0.4041    3.5920    0.6145    1.0974    0.5840   -0.1246 
   8.0466    0.0010   -1.0327   -9.8471  177.7060   56.7212    8.2353   -7.5783    2.3161    6.5225   10.0468   40.9241    0.8454    0.4110    3.8640   -0.0256   -1.7332    1.5679    0.1470 
   8.0891    0.0010   -0.6691   -0.5125  177.6781  -41.9116  344.3559    3.2250    2.0344    7.1809    8.1105   19.2337    0.8454    0.4278    3.6320    0.4614   -0.3223    0.7153   -0.0415 
   8.1316    0.0015   -3.4566   10.3848  177.0910  -66.6309   80.1958  -18.3205    0.9402    6.2894   13.1907  -10.2382    0.8454    0.4278    3.8000   -0.8591   -0.6975    1.2256    0.3345 
   8.1741    0.0010   -5.0607    3.0283  176.8004   10.2124 -331.8525    9.2674    1.2292    7.2876   18.8699   10.6485    0.8454    0.4376    3.6080   -1.1047    1.5088    1.3669   -0.1470 
   8.2166    0.0010   -1.7998   -8.1324  176.5678  104.6948 -121.1592  -10.6911    0.8868    7.5481    8.0602   39.2015    0.8454    0.4376    3.8080   -0.1636   -1.3577    0.3564    0.2013 
   8.2591    0.0010    2.4942    0.0565  175.7583   67.3413  351.3139   -3.1227    1.0778    7.4941   -4.2488   18.5942    0.8454    0.4376    3.6240   -0.2012   -1.6606    1.7542    0.0693 
   8.3016    0.0015    3.1474   13.8871  175.6919  -27.8735  210.5669   -3.0006    1.1819    7.4275   -5.8962  -16.1489    0.8454    0.4343    3.7680   -0.8025   -0.3687    0.6638    0.0671 
   8.3441 4294.9331    4.5857  -11.4757  174.4920  245.1367 -675.9077   -4.7096    1.0589    7.9692   -5.2796  -14.7203    0.8454    0.4343    4.0720    0.5327    1.7317    3.1411  229.7363 
   8.3866 4294.8906   12.0820  -45.5779  169.5092  232.1362 -863.2246   -7.8834    1.0589    7.9692   -5.2796  -14.7203    0.8454    0.4343    4.0720   -0.1475    0.2708    1.8735  216.7358 
   8.4291 4294.8481    2.1715  -60.4132  168.0256 -384.3188  180.1103 -458.0177    1.0589    7.9692   -5.2796  -14.7203    0.8454    0.4343    4.0720   -0.6855   -0.0063   -1.6008 -399.7192 
   8.4716 4294.8057  -21.8426  -58.7156  171.1591 -302.9590  -46.1470 -455.5153    1.0589    7.9692   -5.2796  -14.7203    0.8454    0.4343    4.0800    0.5742   -0.8760    1.9280 -318.3594 
   8.5141 4294.7632  -24.2917  -29.8350  155.5399  561.5430  855.7695 -219.4313    1.0589    7.9692   -5.2796  -14.7203    0.8454    0.4343    4.0800    0.3203    1.0098   -3.2905  546.1426 
   8.5566 4294.7207   -5.2157    7.7487  141.9224  449.0552  778.7431 -214.5485    1.0589    7.9692   -5.2796  -14.7203    0.8454    0.4343    4.0800   -0.9263   -0.8977    3.3550    0.0000 
   8.5991 4294.6782   -1.4885   -0.6761  137.9513 -208.2324  113.3379  -86.1915    1.0589    7.9692   -5.2796  -14.7203    0.8454    0.4343    4.0800   -0.0823    0.0137   -1.9927 -223.6328 
   8.6416 4294.6357   -3.2596    3.1824  134.6811  323.4448   17.5737  -64.8292    1.0589    7.9692   -5.2796  -14.7203    0.8454    0.4343    4.0800   -0.0330   -0.1062    0.7432  308.0444 
   8.6841 4294.5933    8.0326    0.8796  133.7099   46.4673   70.9795  -11.6676    1.0589    7.9692   -5.2796  -14.7203    0.8454    0.4343    4.0800   -0.0381    0.1650    0.6414   31.0669 
   8.7266 4294.5508    2.3518    2.0711  132.3799 -140.1782  -99.1865  -50.1808    1.0589    7.9692   -5.2796  -14.7203    0.8454    0.4343    4.0800    0.2012   -0.1672    1.3176 -155.5786 
   8.7691 4294.5083    2.9614   -0.6074  130.3808  -36.6016   -2.2627  -43.7111    1.0589    7.9692   -5.2796  -14.7203    0.8454    0.4343    4.0800   -0.2778   -0.1333    1.0049  -52.0020 
   8.8116 4294.4658    1.8209    0.2456  129.4302    1.9116   38.8750   -2.3903    1.0589    7.9692   -5.2796  -14.7203    0.8454    0.4343    4.0800    0.0376   -0.0283    1.1074  -13.4888 
   8.8541 4294.4233    1.3653    1.1085  129.4579    2.1558  -30.6441    1.7601    1.0589    7.9692   -5.2796  -14.7203    0.8454    0.4343    4.0800   -0.0427   -0.0273    1.0876  -13.2446 
   8.8966 4294.3809    0.3854   -1.0839  129.4337   -0.5298   10.0053    0.5394    1.0589    7.9692   -5.2796  -14.7203    0.8454    0.4343    4.0880   -0.0598    0.0063    1.0747  -15.9302 
   8.9391 4294.3384   -0.3406    0.7700  129.3789    7.5879   -4.6431    0.8446    1.0589    7.9692   -5.2796  -14.7203    0.8454    0.4343    4.0880    0.0591   -0.0391    1.0925   -7.8125 
   8.9816 4294.2959   -0.1403   -1.3440  129.3891   -0.5298    5.9160    2.9198    1.0589    7.9692   -5.2796  -14.7203    0.8454    0.4343    4.0880   -0.0891   -0.0042    1.0771  -15.9302 
   9.0241 4294.2534   -0.1509   -0.0172  129.4298   -1.4453  -10.1363    1.6380    1.0589    7.9692   -5.2796  -14.7203    0.8454    0.4343    4.0880   -0.0461   -0.0078    1.0818  -16.8457 
   9.0666 4294.2109    0.0213    0.1320  129.4604   -0.5298   -5.8638   -1.6579    1.0589    7.9692   -5.2796  -14.7203    0.8454    0.4343    4.0880   -0.0530    0.0237    1.0703  -15.9302 
   9.1091 4294.1685   -0.2562    0.2332  129.4578   -0.1636   -2.7510    0.5394    1.0589    7.9692   -5.2796  -14.7203    0.8454    0.4343    4.0880   -0.0312    0.0161    1.0625  -15.5640 
   9.1516 4294.1260   -0.3014   -0.5854  129.4624   -0.4688    0.9111    0.0511    1.0589    7.9692   -5.2796  -14.7203    0.8454    0.4343    4.0880   -0.0273   -0.0266    1.0779  -15.8691 
   9.1942 4294.0835   -0.3678    0.2886  129.4672   -0.7129    2.1928   -0.0099    1.0589    7.9692   -5.2796  -14.7203    0.8454    0.4343    4.0880   -0.0154    0.0066    1.0732  -16.1133 
   9.2366 4294.0410   -0.1331    0.5458  129.4769   -0.8350   -0.6758    0.3563    1.0589    7.9692   -5.2796  -14.7203    0.8454    0.4343    4.0880   -0.0144   -0.0034    1.0720  -16.2354 
   9.2791 4293.9985   -0.3690   -0.1889  129.4842    0.1416    0.4228   -0.2540    1.0589    7.9692   -5.2796  -14.7203    0.8454    0.4343    4.0880   -0.0361   -0.0024    1.0815  -15.2588 
   9.3216 4293.9561   -0.1711    0.4099  129.4911   -0.2246    0.0566    0.1122    1.0589    7.9692   -5.2796  -14.7203    0.8454    0.4343    4.0880   -0.0068    0.0015    1.0808  -15.6250 
   9.3641 4293.9136    0.1562    0.4670  129.4993   -0.9570    0.1787   -0.0709    1.0589    7.9692   -5.2796  -14.7203    0.8454    0.4343    4.0880   -0.0156   -0.0132    1.0676  -16.3574 
   9.4066 4293.8706   -0.2151   -0.0314  129.5065    0.0806    0.3008    0.3563    1.0589    7.9692   -5.2796  -14.7203    0.8454    0.4343    4.0880   -0.0129    0.0081    1.0706  -15.3198 
   9.4491 4293.8281   -0.1350    0.2862  129.5157    0.0195   -0.1875    0.0511    1.0589    7.9692   -5.2796  -14.7203    0.8454    0.4343    4.0880   -0.0183   -0.0027    1.0740  -15.3809 
   9.4916 4293.7856   -0.4024    0.0736  129.5206   -0.2246   -0.1265    0.1122    1.0589    7.9692   -5.2796  -14.7203    0.8454    0.4343    4.0880   -0.0327    0.0037    1.0764  -15.6250 
   9.5341 4293.7432   -0.1364    0.1326  129.5324   -1.1401   -0.0044    0.5394    1.0589    7.9692   -5.2796  -14.7203    0.8454    0.4343    4.0880   -0.0295   -0.0012    1.0923  -16.5405 
   9.5766 4293.7007   -0.3529    0.2891  129.5468    0.0195    0.0566    0.2953    1.0589    7.9692   -5.2796  -14.7203    0.8454    0.4343    4.0880   -0.0308    0.0000    1.0879  -15.3809 
   9.6191 4293.6582   -0.4944   -0.0060  129.5545    1.2402    0.3618   -0.0099    1.0589    7.9692   -5.2796  -14.7203    0.8454    0.4343    4.0880   -0.0249    0.0044    1.0745  -14.1602 
   9.6616 4293.6157    0.0378   -0.1773  129.5652   -0.4077   -0.1875    0.4173    1.0589    7.9692   -5.2796  -14.7203    0.8454    0.4343    4.0960   -0.0295   -0.0110    1.0723  -15.8081 
   9.7041 4293.5732   -0.0388    0.1730  129.5663   -0.0415    0.4228    0.2953    1.0589    7.9692   -5.2796  -14.7203    0.8454    0.4343    4.0960   -0.0237   -0.0029    1.0803  -15.4419 
   9.7466 4293.5308   -0.0689    0.0089  129.5802   -0.3467    0.2397    0.2342    1.0589    7.9692   -5.2796  -14.7203    0.8454    0.4343    4.0880   -0.0269   -0.0027    1.0803  -15.7471 
   9.7891 4293.4883    0.1248    0.0070  129.5879   -0.1025   -0.0044    0.2342    1.0589    7.9692   -5.2796  -14.7203    0.8454    0.4343    4.0960   -0.0293   -0.0027    1.0696  -15.5029 
   9.8316 4293.4458   -0.3182    0.2158  129.5961   -0.6519   -0.0044    0.2953    1.0589    7.9692   -5.2796  -14.7203    0.8454    0.4343    4.0880   -0.0193    0.0032    1.0840    0.0000 
   9.8741 4293.4033   -0.2144   -0.0145  129.6124   -1.3843   -0.1875    0.2342    1.0589    7.9692   -5.2796  -14.7203    0.8454    0.4343    4.0960   -0.0249   -0.0068    1.0813  -16.7847 
   9.9166 4293.3608   -0.4188   -0.1351  129.6138   -0.7739    0.1176    0.4173    1.0589    7.9692   -5.2796  -14.7203    0.8454    0.4343    4.0880   -0.0281    0.0073    1.0718  -16.1743 
   9.9591 4293.3184   -0.4570   -0.1846  129.6203    1.5454    0.1176   -0.0099    1.0589    7.9692   -5.2796  -14.7203    0.8454    0.4343    4.0960   -0.0325   -0.0015    1.0786  -13.8550 
  10.0016 4293.2759   -0.4883    0.1612  129.6266   -1.2622   -0.3096    0.6615    1.0589    7.9692   -5.2796  -14.7203    0.8454    0.4343    4.0880   -0.0237    0.0029    1.0718    0.0000 
  10.0441 4293.2334   -0.2509   -0.0726  129.6469   -0.8960    0.1787    0.4784    1.0589    7.9692   -5.2796  -14.7203    0.8454    0.4343    4.0960   -0.0264   -0.0002    1.0884  -16.2964 
  10.0866 4293.1909   -0.2097    0.1313  129.6508   -0.4688   -0.0044    0.3563    1.0589    7.9692   -5.2796  -14.7203    0.8454    0.4343    4.0880   -0.0134    0.0056    1.0762  -15.8691 
  10.1291 4293.1484   -0.1866   -0.1042  129.6659   -1.7505   -0.0044    0.5394    1.0589    7.9692   -5.2796  -14.7203    0.8454    0.4343    4.0880   -0.0308   -0.0027    1.0706  -17.1509 
  10.1716 4293.1060   -0.3987    0.0760  129.6790    0.7520    0.1176   -0.0709    1.0589    7.9692   -5.2796  -14.7203    0.8454    0.4343    4.0960   -0.0210   -0.0010    1.0642  -14.6484 
  10.2141 4293.0635   -0.1048    0.0500  129.6840   -0.2246    0.0566    0.4173    1.0589    7.9692   -5.2796  -14.7203    0.8454    0.4343    4.0960   -0.0247   -0.0076    1.0769  -15.6250 
  10.2566 4293.0210   -0.2394    0.2242  129.6917    0.5078    0.4839   -0.1930    1.0589    7.9692   -5.2796  -14.7203    0.8454    0.4343    4.0960   -0.0317   -0.0049    1.0750  -14.8926 
  10.2991 4292.9785   -0.2257   -0.0195  129.6992   -0.4688    0.1176    0.6615    1.0589    7.9692   -5.2796  -14.7203    0.8454    0.4343    4.0960   -0.0195    0.0010    1.0889  -15.8691 
  10.3416 4292.9360   -0.2505    0.1830  129.7011   -0.9570   -0.0655   -0.0099    1.0589    7.9692   -5.2796  -14.7203    0.8454    0.4343    4.0960   -0.0190    0.0095    1.0850  -16.3574 
  10.3841 4292.8936   -0.3910   -0.1025  129.7119   -1.8115    0.0566    0.2342    1.0589    7.9692   -5.2796  -14.7203    0.8454    0.4343    4.0960   -0.0281    0.0027    1.0815  -17.2119 
  10.4266 4292.8511   -0.4190    0.0106  129.7223   -1.5674    0.3008    0.4784    1.0589    7.9692   -5.2796  -14.7203    0.8454    0.4343    4.0960   -0.0198   -0.0020    1.0779  -16.9678 
  10.4691 4292.8081   -0.0170   -0.0164  129.7245   -0.9570    0.2397    0.2953    1.0589    7.9692   -5.2796  -14.7203    0.8454    0.4343    4.0960   -0.0286   -0.0032    1.0706  -16.3574 
  10.5116 4292.7656   -0.1591    0.2988  129.7256   -1.2622   -0.0044    0.0511    1.0589    7.9692   -5.2796  -14.7203    0.8454    0.4343    4.0960   -0.0271   -0.0085    1.0789  -16.6626 
  10.6366    0.0009    0.0000    0.0000  129.7494   -0.2246   -0.0655    0.1732    1.0589    7.9692    0.0000    0.0000    0.0000    0.0000    4.0960   -0.0234   -0.0049    1.0737  -15.6250 
  10.6791    0.0009    0.0000    0.0000  129.7497   -0.4688    0.2397    0.3563    1.0589    7.9692    0.0000    0.0000    0.0000    0.0000    4.0960   -0.0205   -0.0081    1.0752  -15.8691 
  10.7216    0.0014    0.0000    0.0000  129.7542   -0.8350   -0.1265   -0.0099    1.0589    7.9692    0.0000    0.0000    0.0000    0.0000    4.0960   -0.0247    0.0042    1.0793  -16.2354 
  10.7641    0.0009    0.0000    0.0000  129.7652    0.1416    0.0566   -0.1320    1.0589    7.9692    0.0000    0.0000    0.0000    0.0000    4.0960   -0.0254   -0.0066    1.0801  -15.2588 
  10.8066    0.0009    0.0000    0.0000  129.7662    0.3247   -0.0655   -0.0709    1.0589    7.9692    0.0000    0.0000    0.0000    0.0000    4.0960   -0.0249   -0.0093    1.0613  -15.0757 
  10.8491    0.0009    0.0000    0.0000  129.7792    0.5688    0.2397    0.2953    1.0589    7.9692    0.0000    0.0000    0.0000    0.0000    4.0960   -0.0251   -0.0005    1.0740  -14.8315 
  10.8916    0.0014    0.0000    0.0000  129.7914   -0.1025    0.1176    0.1122    1.0589    7.9692    0.0000    0.0000    0.0000    0.0000    4.1040   -0.0198    0.0022    1.0720  -15.5029 
  10.9341    0.0009    0.0000    0.0000  129.7942   -0.1636   -0.1265    0.1122    1.0589    7.9692    0.0000    0.0000    0.0000    0.0000    4.1040   -0.0193   -0.0022    1.0745  -15.5640 
  10.9766    0.0009    0.0000    0.0000  129.7920    0.2026   -0.0655   -0.1320    1.0589    7.9692    0.0000    0.0000    0.0000    0.0000    4.1040   -0.0161    0.0117    1.0818  -15.1978 
  11.0191    0.0009    0.0000    0.0000  129.7935   -0.5298    0.1176    0.2953    1.0589    7.9692    0.0000    0.0000    0.0000    0.0000    4.0960   -0.0344    0.0015    1.0808  -15.9302 
  11.0616    0.0014    0.0000    0.0000  129.7961   -0.8960   -0.0655    0.3563    1.0589    7.9692    0.0000    0.0000    0.0000    0.0000    4.1040   -0.0217    0.0007    1.0806  -16.2964 
  11.1041    0.0009    0.0000    0.0000  129.8107   -0.0415    0.0566    0.1732    1.0589    7.9692    0.0000    0.0000    0.0000    0.0000    4.1040   -0.0334   -0.0049    1.0781  -15.4419 
  11.1466    0.0010    0.0000    0.0000  129.8277    0.8130    0.2397    0.2953    1.0589    7.9692    0.0000    0.0000    0.0000    0.0000    4.1040   -0.0242   -0.0042    1.0796  -14.5874 
  11.1891    0.0009    0.0000    0.0000  129.8299   -0.1025    0.4228   -0.0709    1.0589    7.9692    0.0000    0.0000    0.0000    0.0000    4.0960   -0.0264    0.0010    1.0833  -15.5029 
  11.2316    0.0014    0.0000    0.0000  129.8327   -0.0415    0.5449    0.0511    1.0589    7.9692    0.0000    0.0000    0.0000    0.0000    4.1040   -0.0376    0.0027    1.0737  -15.4419 
  11.2741    0.0009    0.0000    0.0000  129.8394   -0.6519    0.1176    0.3563    1.0589    7.9692    0.0000    0.0000    0.0000    0.0000    4.1040   -0.0127   -0.0085    1.0779  -16.0522 
  11.3166    0.0009    0.0000    0.0000  129.8486   -0.5298   -0.1265    0.2342    1.0589    7.9692    0.0000    0.0000    0.0000    0.0000    4.1040   -0.0225   -0.0007    1.0774  -15.9302 
  11.3591    0.0009    0.0000    0.0000  129.8640   -1.2622    0.1787    0.6004    1.0589    7.9692    0.0000    0.0000    0.0000    0.0000    4.1040   -0.0222   -0.0012    1.0767  -16.6626 
  11.4016    0.0014    0.0000    0.0000  129.8744   -0.3467   -0.0044    0.2953    1.0589    7.9692    0.0000    0.0000    0.0000    0.0000    4.1040   -0.0269   -0.0159    1.0793  -15.7471 
  11.4441    0.0009    0.0000    0.0000  129.8876   -0.5908   -0.0044    0.5394    1.0589    7.9692    0.0000    0.0000    0.0000    0.0000    4.0960   -0.0237    0.0024    1.0723  -15.9912 
  11.4866    0.0009    0.0000    0.0000  129.8947    0.1416    0.1176   -0.0099    1.0589    7.9692    0.0000    0.0000    0.0000    0.0000    4.1040   -0.0220   -0.0051    1.0793  -15.2588 
  11.5291    0.0009    0.0000    0.0000  129.8948    0.5688    0.1176    0.2342    1.0589    7.9692    0.0000    0.0000    0.0000    0.0000    4.0960   -0.0215   -0.0007    1.0833  -14.8315 
  11.5716    0.0015    0.0000    0.0000  129.9040   -0.9570    0.4228    0.1122    1.0589    7.9692    0.0000    0.0000    0.0000    0.0000    4.1040   -0.0388   -0.0017    1.0825  -16.3574 
  11.6141    0.0009    0.0000    0.0000  129.9108   -0.0415    0.0566   -0.1320    1.0589    7.9692    0.0000    0.0000    0.0000    0.0000    4.1040   -0.0225   -0.0037    1.0750  -15.4419 
  11.6566    0.0009    0.0000    0.0000  129.9232   -0.0415    0.2397    0.4173    1.0589    7.9692    0.0000    0.0000    0.0000    0.0000    4.1040   -0.0227   -0.0007    1.0754  -15.4419 
  11.6991    0.0009    0.0000    0.0000  129.9304   -0.1636   -0.0655    0.4173    1.0589    7.9692    0.0000    0.0000    0.0000    0.0000    4.1040   -0.0273   -0.0007    1.0796  -15.5640 
  11.7416    0.0014    0.0000    0.0000  129.9381   -0.4688    0.1176    0.2953    1.0589    7.9692    0.0000    0.0000    0.0000    0.0000    4.1040   -0.0220    0.0032    1.0869  -15.8691 
  11.7841    0.0009    0.0000    0.0000  129.9478   -0.2246    0.2397    0.1732    1.0589    7.9692    0.0000    0.0000    0.0000    0.0000    4.1040   -0.0098   -0.0005    1.0759  -15.6250 
  11.8266    0.0009    0.0000    0.0000  129.9520    0.6909    0.0566   -0.0709    1.0589    7.9692    0.0000    0.0000    0.0000    0.0000    4.1040   -0.0317   -0.0007    1.0820  -14.7095 
  11.8691    0.0009    0.0000    0.0000  129.9545   -0.9570   -0.1875    0.1732    1.0589    7.9692    0.0000    0.0000    0.0000    0.0000    4.1040   -0.0168   -0.0010    1.0798  -16.3574 
  11.9116    0.0014    0.0000    0.0000  129.9532   -0.2246    0.2397    0.4784    1.0589    7.9692    0.0000    0.0000    0.0000    0.0000    4.1040   -0.0122    0.0007    1.0764  -15.6250 
  11.9541    0.0009    0.0000    0.0000  129.6976   -0.0415  -16.6060  -32.6027    1.0589    7.9692    0.0000    0.0000    0.0000    0.0000    4.1040    0.0112    0.1267    1.0779  -15.4419 
  11.9966    0.0009    0.0000    0.0000  126.0711    2.0947  -16.9112 -102.1828    1.0589    7.9692    0.0000    0.0000    0.0000    0.0000    4.1040   -0.0991   -0.2136    1.0859  -13.3057 
  12.0391    0.0009    0.0000    0.0000  123.5364    0.3857   12.8740  -64.4630    1.0589    7.9692    0.0000    0.0000    0.0000    0.0000    4.1040   -0.2100    0.0725    1.1587  -15.0146 
  12.0816    0.0014    0.0000    0.0000  120.5146 -123.2105   19.9541   48.3910    1.0589    7.9692    0.0000    0.0000    0.0000    0.0000    4.0960    0.0859    0.1841    1.6521 -138.6108 
  12.1241    0.0009    0.0000    0.0000  124.0438  -32.5732   16.2309   54.8607    1.0589    7.9692    0.0000    0.0000    0.0000    0.0000    4.1040   -0.1199    0.1838    1.5835  -47.9736 
  12.1666    0.0009    0.0000    0.0000  126.0143  -65.7153    8.7236   37.5877    1.0589    7.9692    0.0000    0.0000    0.0000    0.0000    4.1040   -0.2202    0.2236    1.5291  -81.1157 
  12.2091    0.0009    0.0000    0.0000  126.2882  -27.6904   21.5410    1.0277    1.0589    7.9692    0.0000    0.0000    0.0000    0.0000    4.1040    0.0510    0.2439    1.6763  -43.0908 
  12.2516    0.0014    0.0000    0.0000  129.2211  -40.9961   28.4380   99.9046    1.0589    7.9692    0.0000    0.0000    0.0000    0.0000    4.1040   -0.3472    0.0010    1.4456  -56.3965 
  12.2941    0.0009    0.0000    0.0000  132.6561 -119.9146   21.3579   34.2308    1.0589    7.9692    0.0000    0.0000    0.0000    0.0000    4.1040   -0.0183    0.3079    1.5452 -135.3149 
  12.3366    0.0009    0.0000    0.0000  135.1191 -107.8906  -33.5127  105.4588    1.0589    7.9692    0.0000    0.0000    0.0000    0.0000    4.1040   -0.0479    0.1648    1.3257 -123.2910 
  12.3791    0.0009    0.0000    0.0000  140.1736  -51.4331    7.1367  119.7411    1.0589    7.9692    0.0000    0.0000    0.0000    0.0000    4.1040   -0.0295    0.1267    1.2061  -66.8335 
  12.4216    0.0014    0.0000    0.0000  146.6263  -50.0293   -3.2393  178.6400    1.0589    7.9692    0.0000    0.0000    0.0000    0.0000    4.1040    0.0762    0.4204    1.1064    0.0000 
  12.4641    0.0009    0.0000    0.0000  157.1928   18.3301  -68.2417  299.9779    1.0589    7.9692    0.0000    0.0000    0.0000    0.0000    4.1040   -0.0540    0.0437    0.7820    2.9297 
  12.5066    0.0009    0.0000    0.0000  166.2874    1.9727   49.9834  102.1629    1.0589    7.9692    0.0000    0.0000    0.0000    0.0000    4.1040   -0.0642    0.2280    0.6343  -13.4277 
  12.5491    0.0009    0.0000    0.0000  169.3891  -64.7998   11.5923  121.1449    1.0589    7.9692    0.0000    0.0000    0.0000    0.0000    4.1040    0.1951    0.2891    0.7366  -80.2002 
  12.5916    0.0014    0.0000    0.0000  178.9327  -39.7144  -58.7813  254.0795    1.0589    7.9692    0.0000    0.0000    0.0000    0.0000    4.1040   -0.1582    0.2383    0.5974  -55.1147 
  12.6341    0.0009    0.0000    0.0000  188.6205  -97.4536   97.4687   88.9794    1.0589    7.9692    0.0000    0.0000    0.0000    0.0000    4.1040   -0.2256    0.3083    0.6675 -112.8540 
  12.6767    0.0009    0.0000    0.0000  192.0411 -119.4873  -10.8687   48.0248    1.0589    7.9692    0.0000    0.0000    0.0000    0.0000    4.1040   -0.3779    0.6968    0.8364 -134.8877 
  12.7191    0.0009    0.0000    0.0000  198.1915 -196.3306  -64.2134   75.7347    1.0589    7.9692    0.0000    0.0000    0.0000    0.0000    4.1040   -0.3022    0.3679    0.8000 -211.7310 
  12.7616    0.0014    0.0000    0.0000  203.5000 -117.8394   57.9179   40.6395    1.0589    7.9692    0.0000    0.0000    0.0000    0.0000    4.1120   -0.4448    0.3364    0.7637 -133.2397 
  12.8041    0.0009    0.0000    0.0000  208.8953 -121.6846   71.9560   40.4564    1.0589    7.9692    0.0000    0.0000    0.0000    0.0000    4.1040   -0.3550    0.3423    0.7852 -137.0850 
  12.8466    0.0009    0.0000    0.0000  212.9679  -85.0024   30.6352   49.5506    1.0589    7.9692    0.0000    0.0000    0.0000    0.0000    4.1120   -0.3220    0.4651    0.8271 -100.4028 
  12.8891    0.0009    0.0000    0.0000  214.5296  -15.4834  103.8164    7.5585    1.0589    7.9692    0.0000    0.0000    0.0000    0.0000    4.1040   -0.3484    0.6377    0.8335  -30.8838 
  12.9316    0.0014    0.0000    0.0000  216.1827  -45.4517   78.4868   20.8641    1.0589    7.9692    0.0000    0.0000    0.0000    0.0000    4.1040   -0.2537    0.5500    0.8508  -60.8521 
  12.9741    0.0009    0.0000    0.0000  216.9846  -21.4038   86.4214   38.6253    1.0589    7.9692    0.0000    0.0000    0.0000    0.0000    4.1040   -0.1680    0.4990    0.7659  -36.8042 
  13.0166    0.0009    0.0000    0.0000  219.3595  -56.7432  100.8257   49.9168    1.0589    7.9692    0.0000    0.0000    0.0000    0.0000    4.1120   -0.2620    0.4885    0.7512  -72.1436 
  13.0591    0.0009    0.0000    0.0000  222.6468  -49.2358  113.5820   47.2923    1.0589    7.9692    0.0000    0.0000    0.0000    0.0000    4.1120   -0.1416    0.5149    0.7644  -64.6362 
  13.1016    0.0014    0.0000    0.0000  227.3848  -47.3438  119.6245   65.7860    1.0589    7.9692    0.0000    0.0000    0.0000    0.0000    4.1120   -0.1602    0.4897    0.7344  -62.7441 
  13.1441    0.0009    0.0000    0.0000  231.5975  -12.6147  134.1509   62.7342    1.0589    7.9692    0.0000    0.0000    0.0000    0.0000    4.1120   -0.2014    0.5012    0.7437  -28.0151 
  13.1866    0.0009    0.0000    0.0000  237.9429  -11.2720  102.6567   90.7494    1.0589    7.9692    0.0000    0.0000    0.0000    0.0000    4.1120   -0.1848    0.6067    0.8164  -26.6724 
  13.2291    0.0009    0.0000    0.0000  242.8362   -2.5439  119.1972   65.6639    1.0589    7.9692    0.0000    0.0000    0.0000    0.0000    4.1120   -0.1245    0.5576    0.7715  -17.9443 
  13.2716    0.0014    0.0000    0.0000  248.2906   -6.3281   83.3086  113.2103    1.0589    7.9692    0.0000    0.0000    0.0000    0.0000    4.1120   -0.1323    0.5989    0.7922  -21.7285 
  13.3141    0.0009    0.0000    0.0000  255.2234  -12.2485   63.0449  124.5628    1.0589    7.9692    0.0000    0.0000    0.0000    0.0000    4.1120   -0.1807    0.6387    0.7500  -27.6489 
  13.3566    0.0009    0.0000    0.0000  262.1451   -9.5630  112.7885   88.0638    1.0589    7.9692    0.0000    0.0000    0.0000    0.0000    4.1120   -0.2241    0.6191    0.7837  -24.9634 
  13.3991    0.0009    0.0000    0.0000  266.8583   50.3735  165.9502   74.2699    1.0589    7.9692    0.0000    0.0000    0.0000    0.0000    4.1120   -0.1023    0.6006    0.7495   34.9731 
  13.4416    0.0014    0.0000    0.0000  270.7516   -7.3047  107.7226   95.2660    1.0589    7.9692    0.0000    0.0000    0.0000    0.0000    4.1120   -0.0610    0.6318    0.7688  -22.7051 
  13.4841    0.0009    0.0000    0.0000  275.4986  -14.9951   96.7973  101.1864    1.0589    7.9692    0.0000    0.0000    0.0000    0.0000    4.1120    0.0029    0.5955    0.7776  -30.3955 
  13.5266    0.0009    0.0000    0.0000  280.7523   19.7339  131.4653   94.8387    1.0589    7.9692    0.0000    0.0000    0.0000    0.0000    4.1040   -0.0261    0.5359    0.7808    4.3335 
  13.5691    0.0009    0.0000    0.0000  287.9383   36.2744  105.0371  150.5028    1.0589    7.9692    0.0000    0.0000    0.0000    0.0000    4.1120   -0.1255    0.7151    0.8071   20.8740 
  13.6116    0.0014    0.0000    0.0000  296.3661   11.0059   76.7778   96.3036    1.0589    7.9692    0.0000    0.0000    0.0000    0.0000    4.1040   -0.2034    0.7034    0.7786   -4.3945 
  13.6541    0.0009    0.0000    0.0000  301.1205    5.3906   72.0781   61.0863    1.0589    7.9692    0.0000    0.0000    0.0000    0.0000    4.1120   -0.0210    0.4834    0.8206  -10.0098 
  13.6966    0.0009    0.0000    0.0000  303.5042   50.7397  107.2343   74.4530    1.0589    7.9692    0.0000    0.0000    0.0000    0.0000    4.1120    0.0513    0.4414    0.9170   35.3394 
  13.7391    0.0009    0.0000    0.0000  308.5419   93.2202  123.5918  113.3934    1.0589    7.9692    0.0000    0.0000    0.0000    0.0000    4.1040   -0.0396    0.6484    0.9812   77.8198 
  13.7816    0.0014    0.0000    0.0000  314.1139   55.4394  101.4970   98.5008    1.0589    7.9692    0.0000    0.0000    0.0000    0.0000    4.1120    0.0083    0.6021    0.8555   40.0391 
  13.8241    0.0009    0.0000    0.0000  319.2779   39.2651   85.6889  111.7455    1.0589    7.9692    0.0000    0.0000    0.0000    0.0000    4.1040    0.0425    0.5737    0.7556   23.8647 
  13.8666    0.0009    0.0000    0.0000  324.7460   90.0464  109.8589  111.1962    1.0589    7.9692    0.0000    0.0000    0.0000    0.0000    4.1120    0.1958    0.5952    0.7424   74.6460 
  13.9091    0.0009    0.0000    0.0000  329.5025   44.2090   61.7021   96.4256    1.0589    7.9692    0.0000    0.0000    0.0000    0.0000    4.1120    0.2983    0.6345    0.7639   28.8086 
  13.9516    0.0014    0.0000    0.0000  331.9674  -30.4370  -67.2652   47.9027    1.0589    7.9692    0.0000    0.0000    0.0000    0.0000    4.1120    0.2883    0.7495    0.7688  -45.8374 
  13.9942    0.0009    0.0000    0.0000  334.4648  -40.0806  -78.3125  102.4071    1.0589    7.9692    0.0000    0.0000    0.0000    0.0000    4.1120    0.1248    0.6904    0.8574  -55.4810 
  14.0366    0.0009    0.0000    0.0000  339.1875  -44.9634  -13.4932   67.7391    1.0589    7.9692    0.0000    0.0000    0.0000    0.0000    4.1120    0.0061    0.8342    1.0049  -60.3638 
  14.0791    0.0009    0.0000    0.0000  340.8137   18.0859   50.8989   -7.3341    1.0589    7.9692    0.0000    0.0000    0.0000    0.0000    4.1120   -0.0161    0.7854    1.0149    2.6855 
  14.1216    0.0014    0.0000    0.0000  341.2370   22.8467   29.2924  -17.5880    1.0589    7.9692    0.0000    0.0000    0.0000    0.0000    4.1120   -0.0613    0.9709    1.2664    7.4463 
  14.1641    0.0009    0.0000    0.0000  341.7308  -33.4888  -24.4185  -24.8512    1.0589    7.9692    0.0000    0.0000    0.0000    0.0000    4.1120   -0.0383    0.7834    1.0544  -48.8892 
  14.2066    0.0009    0.0000    0.0000  340.4313  -51.1890  -11.6011  -27.9030    1.0589    7.9692    0.0000    0.0000    0.0000    0.0000    4.1120    0.0120    0.4729    0.7937  -66.5894 
  14.2491    0.0009    0.0000    0.0000  338.5247    2.7051   12.8130  -33.0910    1.0589    7.9692    0.0000    0.0000    0.0000    0.0000    4.1120   -0.0283    0.5789    0.8306  -12.6953 
  14.2916    0.0014    0.0000    0.0000  339.0155   15.3394   -7.0845   -6.4796    1.0589    7.9692    0.0000    0.0000    0.0000    0.0000    4.1120   -0.0525    0.6038    0.7720   -0.0610 
  14.3341    0.0009    0.0000    0.0000  338.4097  -30.1929   28.9873  -18.0763    1.0589    7.9692    0.0000    0.0000    0.0000    0.0000    4.1120   -0.0007    0.5264    0.7485  -45.5933 
  14.3766    0.0009    0.0000    0.0000  338.3237    0.5688   26.3017  -13.0714    1.0589    7.9692    0.0000    0.0000    0.0000    0.0000    4.1040   -0.0156    0.5637    0.7981  -14.8315 
  14.4191    0.0009    0.0000    0.0000  336.7336   -6.3281  -18.8643    4.9950    1.0589    7.9692    0.0000    0.0000    0.0000    0.0000    4.1120    0.0435    0.5090    0.6633  -21.7285 
  14.4616    0.0014    0.0000    0.0000  336.4860  -36.4795   53.3403   24.9535    1.0589    7.9692    0.0000    0.0000    0.0000    0.0000    4.1120    0.0728    0.4717    0.6545  -51.8799 
  14.5041    0.0009    0.0000    0.0000  337.9494  -21.0986   18.9165   45.4002    1.0589    7.9692    0.0000    0.0000    0.0000    0.0000    4.1120    0.0198    0.6074    0.7637  -36.4990 
  14.5466    0.0009    0.0000    0.0000  339.6127    3.0713   -3.0562   29.5921    1.0589    7.9692    0.0000    0.0000    0.0000    0.0000    4.1120    0.0833    0.5486    0.7046  -12.3291 
  14.5891    0.0009    0.0000    0.0000  340.0875    1.7285   16.9023   37.2215    1.0589    7.9692    0.0000    0.0000    0.0000    0.0000    4.1120    0.0850    0.6592    0.8977  -13.6719 
  14.6316    0.0014    0.0000    0.0000  342.0413   24.2505  -16.7281   22.6341    1.0589    7.9692    0.0000    0.0000    0.0000    0.0000    4.1120    0.1067    0.6941    0.9128    8.8501 
  14.6741    0.0009    0.0000    0.0000  343.2762    4.5972   43.8799   75.2464    1.0589    7.9692    0.0000    0.0000    0.0000    0.0000    4.1120    0.1147    0.6582    1.0908  -10.8032 
  14.7166    0.0009    0.0000    0.0000  350.1579   27.0581  -20.8784  105.3368    1.0589    7.9692    0.0000    0.0000    0.0000    0.0000    4.1120   -0.1028    1.0471    1.2532   11.6577 
  14.7591    0.0009    0.0000    0.0000  354.3288  -51.3110   36.9218    8.5350    1.0589    7.9692    0.0000    0.0000    0.0000    0.0000    4.1120   -0.0745    0.5864    0.8513  -66.7114 
  14.8016    0.0015    0.0000    0.0000  354.1566  -28.0566   56.9414   -5.6862    1.0589    7.9692    0.0000    0.0000    0.0000    0.0000    4.1120    0.0532    0.3938    0.7249  -43.4570 
  14.8441    0.0009    0.0000    0.0000  353.9252  -10.4785   59.5049   10.0609    1.0589    7.9692    0.0000    0.0000    0.0000    0.0000    4.1120    0.0632    0.5291    0.8484  -25.8789 
  14.8866    0.0009    0.0000    0.0000  353.6714  -30.1929   47.5420   41.6771    1.0589    7.9692    0.0000    0.0000    0.0000    0.0000    4.1040    0.1147    0.5261    0.7170  -45.5933 
  14.9291    0.0009    0.0000    0.0000  356.9521    2.0337   11.5312   48.6961    1.0589    7.9692    0.0000    0.0000    0.0000    0.0000    4.1120   -0.0361    0.6379    0.6116  -13.3667 
  14.9716    0.0014    0.0000    0.0000  359.6338   -8.2202   28.6211   20.6200    1.0589    7.9692    0.0000    0.0000    0.0000    0.0000    4.1120   -0.0078    0.6716    0.6309  -23.6206 
  15.0141    0.0009    0.0000    0.0000  358.9943   -2.9102   12.1416   26.1742    1.0589    7.9692    0.0000    0.0000    0.0000    0.0000    4.1120    0.1785    0.6392    0.7754  -18.3105 
  15.0566    0.0009    0.0000    0.0000  359.2858    9.9072   19.8930   15.7982    1.0589    7.9692    0.0000    0.0000    0.0000    0.0000    4.1120    0.1521    0.7322    0.8496   -5.4932 
  15.0991    0.0009    0.0000    0.0000  357.8558   -3.9478   31.6728   21.0472    1.0589    7.9692    0.0000    0.0000    0.0000    0.0000    4.1120    0.1926    0.5850    0.7031  -19.3481 
  15.1416    0.0014    0.0000    0.0000    1.9738  -11.6992    1.0942   50.4662    1.0589    7.9692    0.0000    0.0000    0.0000    0.0000    4.1120   -0.0430    0.6960    0.8687  -27.0996 
  15.1841    0.0009    0.0000    0.0000    4.7005   11.9824    4.0849   17.9344    1.0589    7.9692    0.0000    0.0000    0.0000    0.0000    4.1120    0.0037    0.5923    1.0530   -3.4180 
  15.2266    0.0009    0.0000    0.0000    8.8628   76.8018   24.2876   86.2938    1.0589    7.9692    0.0000    0.0000    0.0000    0.0000    4.1120   -0.1360    0.7952    1.2256   61.4014 
  15.2691    0.0009    0.0000    0.0000   14.4502   63.1299   42.2929   48.6351    1.0589    7.9692    0.0000    0.0000    0.0000    0.0000    4.1120   -0.2454    0.6533    1.0032   47.7295 
  15.3116    0.0014    0.0000    0.0000   16.2523   35.2368   81.4165   -9.2262    1.0589    7.9692    0.0000    0.0000    0.0000    0.0000    4.1120   -0.1382    0.5005    0.9185   19.8364 
  15.3541    0.0009    0.0000    0.0000   17.1749   58.8574   93.1963   30.1415    1.0589    7.9692    0.0000    0.0000    0.0000    0.0000    4.1120    0.0134    0.4661    0.9915   43.4570 
  15.3967    0.0009    0.0000    0.0000   18.7750  164.0820   94.6001   22.9393    1.0589    7.9692    0.0000    0.0000    0.0000    0.0000    4.1120    0.2830    0.4712    0.9153  148.6816 
  15.4391    0.0009    0.0000    0.0000   19.8402   49.5801  115.3520   32.0335    1.0589    7.9692    0.0000    0.0000    0.0000    0.0000    4.1120    0.2607    0.3496    0.8203   34.1797 
  15.4816    0.0014    0.0000    0.0000   21.0647  -10.2954    8.9677   37.1605    1.0589    7.9692    0.0000    0.0000    0.0000    0.0000    4.1120    0.2107    0.3140    0.8296  -25.6958 
  15.5241    0.0009    0.0000    0.0000   23.4916   57.0874  -22.6485   41.7992    1.0589    7.9692    0.0000    0.0000    0.0000    0.0000    4.1120    0.1619    0.3645    0.8242   41.6870 
  15.5666    0.0009    0.0000    0.0000   26.7870   36.0303  -14.3477   58.0956    1.0589    7.9692    0.0000    0.0000    0.0000    0.0000    4.1120    0.0735    0.4104    0.8748   20.6299 
  15.6091    0.0009    0.0000    0.0000   30.4011   -0.4688  -74.1011   72.1947    1.0589    7.9692    0.0000    0.0000    0.0000    0.0000    4.1120    0.0308    0.4336    0.8315  -15.8691 
  15.6516    0.0014    0.0000    0.0000   33.6234  -61.7480 -137.6997   42.6537    1.0589    7.9692    0.0000    0.0000    0.0000    0.0000    4.1120   -0.1025    0.5183    0.9727  -77.1484 
  15.6941    0.0009    0.0000    0.0000   34.2943   -2.9102  -21.9160  -11.1183    1.0589    7.9692    0.0000    0.0000    0.0000    0.0000    4.1120   -0.1221    0.4429    1.0591  -18.3105 
  15.7366    0.0009    0.0000    0.0000   36.0480   91.2671   29.1093  129.0794    1.0589    7.9692    0.0000    0.0000    0.0000    0.0000    4.1120   -0.0959    0.4324    1.3672   75.8667 
  15.7791    0.0009    0.0000    0.0000   42.4363   26.2036   14.0337  173.5130    1.0589    7.9692    0.0000    0.0000    0.0000    0.0000    4.1120   -0.2019    0.7009    1.3279   10.8032 
  15.8216    0.0014    0.0000    0.0000   48.6441  -63.3350   21.9682   74.4530    1.0589    7.9692    0.0000    0.0000    0.0000    0.0000    4.1120   -0.1938    0.4199    0.9463    0.0000 
  15.8641    0.0009    0.0000    0.0000   50.9794  -46.6724   81.7827   46.4989    1.0589    7.9692    0.0000    0.0000    0.0000    0.0000    4.1120   -0.1086    0.2493    0.8877  -62.0728 
  15.9066    0.0009    0.0000    0.0000   53.8423   30.3540   84.0410   69.6312    1.0589    7.9692    0.0000    0.0000    0.0000    0.0000    4.1120   -0.1401    0.4165    0.9988   14.9536 
  15.9491    0.0009    0.0000    0.0000   59.5271  -28.2397   60.1152  131.0326    1.0589    7.9692    0.0000    0.0000    0.0000    0.0000    4.1120   -0.1934    0.3892    0.9893  -43.6401 
  15.9916    0.0014    0.0000    0.0000   65.9398  -76.3965   17.0244   93.9842    1.0589    7.9692    0.0000    0.0000    0.0000    0.0000    4.1120   -0.1597    0.4246    0.7227  -91.7969 
  16.0341    0.0009    0.0000    0.0000   70.1402  -47.0386   31.9780   27.0897    1.0589    7.9692    0.0000    0.0000    0.0000    0.0000    4.1120   -0.1494    0.6855    0.7437  -62.4390 
  16.0766    0.0009    0.0000    0.0000   70.2730  -24.5776   84.4072   11.2816    1.0589    7.9692    0.0000    0.0000    0.0000    0.0000    4.1120    0.0535    0.6062    0.7537  -39.9780 
  16.1192    0.0009    0.0000    0.0000   69.8553  -71.2695   57.4907   16.8358    1.0589    7.9692    0.0000    0.0000    0.0000    0.0000    4.1120    0.0469    0.5999    0.7808  -86.6699 
  16.1616    0.0014    0.0000    0.0000   69.5430  -36.2964   21.4189   17.7513    1.0589    7.9692    0.0000    0.0000    0.0000    0.0000    4.1120    0.0840    0.7742    0.8459  -51.6968 
  16.2041    0.0009    0.0000    0.0000   68.9793  -10.2954   -4.1548    3.3470    1.0589    7.9692    0.0000    0.0000    0.0000    0.0000    4.1120    0.0090    0.7634    0.8201  -25.6958 
  16.2466    0.0009    0.0000    0.0000   69.5434   77.2290  -25.6392    3.9574    1.0589    7.9692    0.0000    0.0000    0.0000    0.0000    4.1120    0.0620    0.5085    0.9546   61.8286 
  16.2891    0.0009    0.0000    0.0000   70.7124  122.5171    5.4887    9.6336    1.0589    7.9692    0.0000    0.0000    0.0000    0.0000    4.1120   -0.1985    0.7920    1.3865  107.1167 
  16.3316    0.0015    0.0000    0.0000   70.0840   55.5005  -30.7661  -63.4254    1.0589    7.9692    0.0000    0.0000    0.0000    0.0000    4.1200   -0.1021    0.6006    0.9089   40.1001 
  16.3741    0.0009    0.0000    0.0000   65.4640   59.8950  -79.4722  -75.8156    1.0589    7.9692    0.0000    0.0000    0.0000    0.0000    4.1200    0.0894    0.2473    0.7327   44.4946 
  16.4166    0.0009    0.0000    0.0000   61.6243   63.7402   40.8281  -37.6076    1.0589    7.9692    0.0000    0.0000    0.0000    0.0000    4.1120    0.0435    0.3718    0.9858   48.3398 
  16.4591    0.0009    0.0000    0.0000   61.0071  121.6016   34.2363   17.0799    1.0589    7.9692    0.0000    0.0000    0.0000    0.0000    4.1200   -0.0171    0.4534    1.1565  106.2012 
  16.5016    0.0014    0.0000    0.0000   62.7363   41.7676    3.2304    5.3001    1.0589    7.9692    0.0000    0.0000    0.0000    0.0000    4.1200   -0.1509    0.3782    1.1069    0.0000 
  16.5441    0.0009    0.0000    0.0000   62.8824  -29.5215  -20.3902   -7.2731    1.0589    7.9692    0.0000    0.0000    0.0000    0.0000    4.1120   -0.0251    0.2310    0.8643  -44.9219 
  16.5866    0.0009    0.0000    0.0000   63.4439  -12.0654   -3.9107   14.5165    1.0589    7.9692    0.0000    0.0000    0.0000    0.0000    4.1120   -0.0659    0.2000    0.7693  -27.4658 
  16.6291    0.0009    0.0000    0.0000   64.6247   -6.2671   -7.4507   24.4042    1.0589    7.9692    0.0000    0.0000    0.0000    0.0000    4.1120   -0.0649    0.2451    0.7708  -21.6675 
  16.6716    0.0014    0.0000    0.0000   65.0962   12.2266  -11.6011   22.5121    1.0589    7.9692    0.0000    0.0000    0.0000    0.0000    4.1200   -0.0449    0.2593    0.8345   -3.1738 
  16.7141    0.0009    0.0000    0.0000   66.0424   37.4951   22.2734   11.4647    1.0589    7.9692    0.0000    0.0000    0.0000    0.0000    4.1200   -0.0930    0.3259    1.1362   22.0947 
  16.7566    0.0009    0.0000    0.0000   65.9842   23.7622   25.2031   19.2772    1.0589    7.9692    0.0000    0.0000    0.0000    0.0000    4.1120    0.0403    0.2539    1.3167    8.3618 
  16.7991    0.0009    0.0000    0.0000   68.1516   56.2939  -15.0801   87.8807    1.0589    7.9692    0.0000    0.0000    0.0000    0.0000    4.1200   -0.0132    0.2322    1.4736   40.8936 
  16.8416    0.0014    0.0000    0.0000   72.3323   79.8535  -10.0142   92.0311    1.0589    7.9692    0.0000    0.0000    0.0000    0.0000    4.1120   -0.1060    0.4341    1.4243   64.4531 
  16.8841    0.0009    0.0000    0.0000   74.5068  -14.8730  -29.0572    8.5350    1.0589    7.9692    0.0000    0.0000    0.0000    0.0000    4.1200   -0.0928    0.2795    1.1113  -30.2734 
  16.9266    0.0009    0.0000    0.0000   73.8215  -14.0796   19.3437  -17.5880    1.0589    7.9692    0.0000    0.0000    0.0000    0.0000    4.1200    0.0691   -0.0247    0.8755  -29.4800 
  16.9691    0.0009    0.0000    0.0000   73.6640   -9.1357   53.7675   24.6483    1.0589    7.9692    0.0000    0.0000    0.0000    0.0000    4.1200    0.1223    0.0273    0.8755  -24.5361 
  17.0116    0.0014    0.0000    0.0000   76.3723    5.2686   -1.4082   76.8334    1.0589    7.9692    0.0000    0.0000    0.0000    0.0000    4.1200   -0.1060    0.1938    0.9250  -10.1318 
  17.0541    0.0009    0.0000    0.0000   79.6403   -5.1685  -40.8369   51.0155    1.0589    7.9692    0.0000    0.0000    0.0000    0.0000    4.1200   -0.2004    0.2690    0.8279  -20.5688 
  17.0966    0.0009    0.0000    0.0000   81.5589   -8.4644  -15.5684   35.4515    1.0589    7.9692    0.0000    0.0000    0.0000    0.0000    4.1200   -0.1782    0.3428    0.8738  -23.8647 
  17.1391    0.0010    0.0000    0.0000   83.3783   12.4707  -15.2632   41.0057    1.0589    7.9692    0.0000    0.0000    0.0000    0.0000    4.1200   -0.0728    0.3428    0.9919   -2.9297 
  17.1816    0.0014    0.0000    0.0000   84.1296   13.8745  -18.1319   -4.0993    1.0589    7.9692    0.0000    0.0000    0.0000    0.0000    4.1200   -0.1792    0.4958    1.0427    0.0000 
  17.2241    0.0009    0.0000    0.0000   83.6358   48.7866   43.5747   -4.0993    1.0589    7.9692    0.0000    0.0000    0.0000    0.0000    4.1200   -0.2063    0.4065    1.1255   33.3862 
  17.2666    0.0009    0.0000    0.0000   82.3366   26.3257    8.4184  -31.7482    1.0589    7.9692    0.0000    0.0000    0.0000    0.0000    4.1200   -0.0933    0.3137    1.3186   10.9253 
  17.3091    0.0009    0.0000    0.0000   81.3280   77.5952  -15.3853   10.9764    1.0589    7.9692    0.0000    0.0000    0.0000    0.0000    4.1200   -0.1379    0.1116    1.4038   62.1948 
  17.3516    0.0014    0.0000    0.0000   82.5862   70.0879    7.3808   25.0145    1.0589    7.9692    0.0000    0.0000    0.0000    0.0000    4.1200   -0.2732    0.2317    1.5439   54.6875 
  17.3941    0.0009    0.0000    0.0000   82.0290  -16.4600    3.5356  -27.4147    1.0589    7.9692    0.0000    0.0000    0.0000    0.0000    4.1200   -0.1414    0.0496    1.1064  -31.8604 
  17.4366    0.0009    0.0000    0.0000   81.3994   42.8662    4.7563    2.0653    1.0589    7.9692    0.0000    0.0000    0.0000    0.0000    4.1200   -0.1108    0.1296    1.1399   27.4658 
  17.4791    0.0009    0.0000    0.0000   82.6270   24.0674   -2.0796   73.0492    1.0589    7.9692    0.0000    0.0000    0.0000    0.0000    4.1120   -0.3137    0.1118    1.1406    8.6670 
  17.5216    0.0014    0.0000    0.0000   86.2762  -49.2358   -2.5679   57.6073    1.0589    7.9692    0.0000    0.0000    0.0000    0.0000    4.1200   -0.2827    0.0054    0.9678  -64.6362 
  17.5641    0.0009    0.0000    0.0000   87.0012  -66.0205   26.2407  -35.2882    1.0589    7.9692    0.0000    0.0000    0.0000    0.0000    4.1200   -0.1677    0.0037    0.8123  -81.4209 
  17.6066    0.0009    0.0000    0.0000   85.8892  -11.5161   16.9633  -23.5695    1.0589    7.9692    0.0000    0.0000    0.0000    0.0000    4.1200   -0.1523    0.0022    0.9419  -26.9165 
  17.6491    0.0009    0.0000    0.0000   86.1062  -51.7383   10.5547   17.9955    1.0589    7.9692    0.0000    0.0000    0.0000    0.0000    4.1200   -0.0596    0.0527    0.8606  -67.1387 
  17.6916    0.0014    0.0000    0.0000   87.3291  -26.5918  -11.5401   24.8314    1.0589    7.9692    0.0000    0.0000    0.0000    0.0000    4.1200   -0.2351    0.0889    0.7700  -41.9922 
  17.7341    0.0009    0.0000    0.0000   88.7511    7.0386   -7.5117   43.8744    1.0589    7.9692    0.0000    0.0000    0.0000    0.0000    4.1200   -0.1543    0.0608    1.0061   -8.3618 
  17.7767    0.0009    0.0000    0.0000   90.9574    1.8506    6.0991   53.5179    1.0589    7.9692    0.0000    0.0000    0.0000    0.0000    4.1200   -0.0593    0.0034    1.0288  -13.5498 
  17.8191    0.0009    0.0000    0.0000   92.4577   54.7070  -32.5972   37.8929    1.0589    7.9692    0.0000    0.0000    0.0000    0.0000    4.1120   -0.0322   -0.0283    1.0413   39.3066 
  17.8616    0.0014    0.0000    0.0000   94.7629   51.2280  -29.5454   73.1102    1.0589    7.9692    0.0000    0.0000    0.0000    0.0000    4.1200   -0.1719   -0.0298    1.3367   35.8276 
  17.9041    0.0009    0.0000    0.0000   96.2266   -3.7647  -54.4478    5.2391    1.0589    7.9692    0.0000    0.0000    0.0000    0.0000    4.1200   -0.0754   -0.0247    0.9917  -19.1650 
  17.9466    0.0009    0.0000    0.0000   96.7004   11.1279    7.5639   24.4042    1.0589    7.9692    0.0000    0.0000    0.0000    0.0000    4.1200    0.2290   -0.1162    0.8550   -4.2725 
  17.9891    0.0009    0.0000    0.0000   97.5222    6.4893   22.4565   35.0243    1.0589    7.9692    0.0000    0.0000    0.0000    0.0000    4.1200   -0.0876    0.1084    1.0381   -8.9111 
  18.0316    0.0014    0.0000    0.0000   99.1287   -9.7461  -16.6060  -26.5602    1.0589    7.9692    0.0000    0.0000    0.0000    0.0000    4.1200   -0.2258    0.0786    1.0186  -25.1465 
  18.0741    0.0009    0.0000    0.0000   98.9171  -14.8120   14.8271  -18.3205    1.0589    7.9692    0.0000    0.0000    0.0000    0.0000    4.1200   -0.1797    0.1067    1.0261  -30.2124 
  18.1166    0.0009    0.0000    0.0000   97.7000  -13.7744    1.1552  -21.1281    1.0589    7.9692    0.0000    0.0000    0.0000    0.0000    4.1120   -0.0559    0.0791    0.9670  -29.1748 
  18.1592    0.0010    0.0000    0.0000   98.2081    2.8271  -10.1363   24.6483    1.0589    7.9692    0.0000    0.0000    0.0000    0.0000    4.1200   -0.1494    0.0994    1.1152  -12.5732 
  18.2016    0.0015    0.0000    0.0000   98.5847   -2.8491   44.9174    8.0467    1.0589    7.9692    0.0000    0.0000    0.0000    0.0000    4.1200    0.0264    0.1572    1.0269  -18.2495 
  18.2441    0.0009    0.0000    0.0000   99.9563  -17.8638   12.1416   37.2826    1.0589    7.9692    0.0000    0.0000    0.0000    0.0000    4.1120   -0.1411    0.1375    1.0581  -33.2642 
  18.2866    0.0009    0.0000    0.0000   99.7598  -17.4365    3.5966  -40.5373    1.0589    7.9692    0.0000    0.0000    0.0000    0.0000    4.1200   -0.1821    0.1033    1.1592  -32.8369 
  18.3291    0.0009    0.0000    0.0000   96.7162   14.7900   15.2544  -76.7311    1.0589    7.9692    0.0000    0.0000    0.0000    0.0000    4.1200   -0.1431    0.0002    1.0466   -0.6104 
  18.3716    0.0015    0.0000    0.0000   95.4683   69.4775  -23.6250   -6.6627    1.0589    7.9692    0.0000    0.0000    0.0000    0.0000    4.1120   -0.4382   -0.2158    1.3757   54.0771 
  18.4141    0.0009    0.0000    0.0000   95.1544   -9.7461   69.3315   -0.6203    1.0589    7.9692    0.0000    0.0000    0.0000    0.0000    4.1200   -0.1958   -0.0703    1.1125  -25.1465 
  18.4566    0.0010    0.0000    0.0000   94.9500   -3.1543   39.6684   -4.9538    1.0589    7.9692    0.0000    0.0000    0.0000    0.0000    4.1200   -0.0439   -0.0332    0.9734    0.0000 
  18.4991    0.0009    0.0000    0.0000   95.3037   67.3413   -9.8921   10.1219    1.0589    7.9692    0.0000    0.0000    0.0000    0.0000    4.1200   -0.0972   -0.0938    1.2554   51.9409 
  18.5416    0.0014    0.0000    0.0000   94.5746   11.3721  -37.9683  -29.5509    1.0589    7.9692    0.0000    0.0000    0.0000    0.0000    4.1200   -0.0835   -0.0388    1.0688   -4.0283 
  18.5841    0.0009    0.0000    0.0000   94.2041  -16.9482   62.7397   14.3334    1.0589    7.9692    0.0000    0.0000    0.0000    0.0000    4.1200   -0.0193    0.0173    0.8511  -32.3486 
  18.6266    0.0009    0.0000    0.0000   95.1980   13.8745  -36.8086   14.2723    1.0589    7.9692    0.0000    0.0000    0.0000    0.0000    4.1200   -0.0640    0.0254    0.9309   -1.5259 
  18.6691    0.0009    0.0000    0.0000   95.5353   31.2085  -55.3633   25.1976    1.0589    7.9692    0.0000    0.0000    0.0000    0.0000    4.1200   -0.1458    0.0515    1.0728   15.8081 
  18.7116    0.0014    0.0000    0.0000   97.4553   17.9028  -14.7139   51.3207    1.0589    7.9692    0.0000    0.0000    0.0000    0.0000    4.1200   -0.1274   -0.0073    1.0413    2.5024 
  18.7541    0.0009    0.0000    0.0000   98.5798   45.6738  -52.0064   34.0477    1.0589    7.9692    0.0000    0.0000    0.0000    0.0000    4.1120   -0.1787   -0.0024    1.0601   30.2734 
  18.7966    0.0009    0.0000    0.0000  100.3961   24.2505  -41.3863   62.4901    1.0589    7.9692    0.0000    0.0000    0.0000    0.0000    4.1200   -0.1128   -0.0757    1.1008    8.8501 
  18.8391    0.0009    0.0000    0.0000  102.1461   19.0625  -18.3150   46.0716    1.0589    7.9692    0.0000    0.0000    0.0000    0.0000    4.1200   -0.2036   -0.0686    1.1873    3.6621 
  18.8816    0.0014    0.0000    0.0000  104.3318  -17.7417  -11.6621   65.1146    1.0589    7.9692    0.0000    0.0000    0.0000    0.0000    4.1200   -0.2344   -0.1538    1.1299  -33.1421 
  18.9241    0.0009    0.0000    0.0000  106.7697   24.1895  -48.7715   49.6117    1.0589    7.9692    0.0000    0.0000    0.0000    0.0000    4.1200   -0.2988   -0.3101    1.2646    8.7891 
  18.9666    0.0009    0.0000    0.0000  108.8437   -9.8682  -17.8877   43.8133    1.0589    7.9692    0.0000    0.0000    0.0000    0.0000    4.1200   -0.2898   -0.2749    1.0969  -25.2686 
  19.0091    0.0009    0.0000    0.0000  110.8337   -6.8774   -9.4649   35.6957    1.0589    7.9692    0.0000    0.0000    0.0000    0.0000    4.1200   -0.1042   -0.1755    0.8403  -22.2778 
  19.0516    0.0014    0.0000    0.0000  112.6802   12.9590  -13.0049   46.1937    1.0589    7.9692    0.0000    0.0000    0.0000    0.0000    4.1200   -0.2300   -0.2351    1.0312   -2.4414 
