   0.0016 4291.0059   -0.1176    0.0785  179.9991    0.6316   -0.3827   -0.3180    0.0000    0.0000    0.0000    0.0000    0.0000    0.0000    3.8640    0.0020    0.0029    1.0811  -14.0381 
   0.0441 4290.9634   -0.0475    0.0536  179.9941   -0.6501    0.1056   -0.1959    0.0000    0.0000    0.0000    0.0000    0.0000    0.0000    3.8640    0.0007    0.0068    1.0798  -15.3198 
   0.0866 4290.9209    0.2780   -0.2426  179.9976   -0.0397   -0.0775   -0.1959    0.0000    0.0000    0.0000    0.0000    0.0000    0.0000    3.8560   -0.0059   -0.0054    1.0889    0.0000 
   0.1291 4290.8784   -0.0139    0.0092  179.9890    0.3265   -0.1385   -0.3180    0.0000    0.0000    0.0000    0.0000    0.0000    0.0000    3.8640    0.0042    0.0010    1.0771  -14.3433 
   0.1716 4290.8354   -0.0129   -0.0598  179.9817    0.8147   -0.2606   -0.1349    0.0000    0.0000    0.0000    0.0000    0.0000    0.0000    3.8640   -0.0078   -0.0037    1.0815    0.0000 
   0.2141 4290.7930    0.0153    0.2006  179.9767    0.2654    0.1056   -0.0738    0.0000    0.0000    0.0000    0.0000    0.0000    0.0000    3.8640    0.0076    0.0073    1.0801  -14.4043 
   0.2566 4290.7505    0.0355   -0.3037  179.9762    0.3875    0.2277   -0.2570    0.0000    0.0000    0.0000    0.0000    0.0000    0.0000    3.8640   -0.0032   -0.0056    1.0872    0.0000 
   0.2991 4290.7080   -0.1835    0.1750  179.9763    0.6316    0.0446   -0.1959    0.0000    0.0000    0.0000    0.0000    0.0000    0.0000    3.8640    0.0027   -0.0051    1.0801  -14.0381 
   0.3416 4290.6655    0.0043   -0.6048  179.9680    0.0213    0.2277   -0.3180    0.0000    0.0000    0.0000    0.0000    0.0000    0.0000    3.8640   -0.0088   -0.0005    1.0845    0.0000 
   0.3841 4290.6230    0.2900    0.1025  179.9585   -0.2839    0.1666    0.1093    0.0000    0.0000    0.0000    0.0000    0.0000    0.0000    3.8640    0.0012   -0.0095    1.0813  -14.9536 
   0.4266 4290.5806   -0.2174   -0.0115  179.9590    0.9368    0.1666   -0.0738    0.0000    0.0000    0.0000    0.0000    0.0000    0.0000    3.8640    0.0002    0.0032    1.0898    0.0000 
   0.4691 4290.5381   -0.1728   -0.5994  179.9545    0.0213   -0.0775    0.0482    0.0000    0.0000    0.0000    0.0000    0.0000    0.0000    3.8640   -0.0107    0.0029    1.0779  -14.6484 
   0.5116 4290.4956    0.2857    0.0332  179.9548    0.9978    0.0446    0.1703    0.0000    0.0000    0.0000    0.0000    0.0000    0.0000    3.8640   -0.0073   -0.0083    1.0776    0.0000 
   0.5541 4290.4531    0.2154   -0.2978  179.9545    0.0823    0.3497   -0.0128    0.0000    0.0000    0.0000    0.0000    0.0000    0.0000    3.8640   -0.0039    0.0051    1.0735  -14.5874 
   0.6791    0.0009    0.0000    0.0000  179.9447    1.1810   -0.0775   -0.5621    0.0000    0.0000    0.0000    0.0000    0.0000    0.0000    3.8640    0.0007   -0.0076    1.0833  -13.4888 
   0.7216    0.0009    0.0000    0.0000  179.9390    0.1434   -0.1385   -0.0128    0.0000    0.0000    0.0000    0.0000    0.0000    0.0000    3.8640   -0.0068   -0.0024    1.0801    0.0000 
   0.7641    0.0009    0.0000    0.0000  179.9422    0.5706    0.2277    0.0482    0.0000    0.0000    0.0000    0.0000    0.0000    0.0000    3.8640    0.0000   -0.0105    1.0796  -14.0991 
   0.8066    0.0014    0.0000    0.0000  179.9386    1.1810    0.1666   -0.3790    0.0000    0.0000    0.0000    0.0000    0.0000    0.0064    3.8640   -0.0017   -0.0051    1.0862  -13.4888 
   0.8491    0.0009    0.0000    0.0000  179.9263    0.9368    0.3497    0.2313    0.0000    0.0000    0.0000    0.0000    0.0000    0.0000    3.8640   -0.0012    0.0020    1.0764  -13.7329 
   0.8916    0.0009    0.0000    0.0000  179.9203    0.3265    0.1056    0.2924    0.0000    0.0000    0.0000    0.0000    0.0000    0.0000    3.8640    0.0015    0.0083    1.0891    0.0000 
   0.9341    0.0009    0.0000    0.0000  179.9243   -0.1008   -0.0775   -0.2570    0.0000    0.0000    0.0000    0.0000    0.0000    0.0000    3.8640   -0.0073    0.0015    1.0820  -14.7705 
   0.9766    0.0014    0.0000    0.0000  179.9214    0.9978    0.1056    0.0482    0.0000    0.0000    0.0000    0.0000    0.0000    0.0000    3.8640   -0.0073   -0.0007    1.0833  -13.6719 
   1.0191    0.0009    0.0000    0.0000  179.9220   -0.1618   -0.0165    0.2924    0.0000    0.0000    0.0000    0.0000    0.0000    0.0000    3.8640    0.0056    0.0039    1.0854  -14.8315 
   1.0616    0.0009    0.0000    0.0000  179.9238    1.0589   -0.3217   -0.8063    0.0000    0.0000    0.0000    0.0000    0.0000    0.0064    3.8640   -0.0034    0.0032    1.0884  -13.6108 
   1.1041    0.0009    0.0000    0.0000  179.9146   -0.3449   -0.0775    0.2313    0.0000    0.0000    0.0000    0.0000    0.0000    0.0438    3.8640   -0.0093    0.0007    1.0835  -15.0146 
   1.1466    0.0014    0.0000    0.0000  179.9149    0.3875   -0.0165   -0.0738    0.0000    0.0000    0.0000    0.0000    0.0000    0.0798    3.8640    0.0020    0.0066    1.0889  -14.2822 
   1.1891    0.0009    0.0000    0.0000  179.9136    0.7537   -0.1996   -0.2570    0.0000    0.0000    0.0000    0.0000    0.0000    0.0973    3.8640   -0.0120   -0.0054    1.0789  -13.9160 
   1.2316    0.0010   -0.0387   -0.3344  179.9096   -0.8942   -0.3217   -0.5011    0.9032   -0.0271    0.0000    0.0000    0.0000    0.1312    3.8240   -0.0073   -0.0039    1.0825    0.0087 
   1.2741    0.0010    0.1699   -0.7007  179.9098   -0.1008    0.1056    0.0482   -0.2187   -0.0824   -0.0000    0.0000    0.0000    0.1367    3.8240   -0.0127   -0.0168    1.0813   -0.0008 
   1.3166    0.0015   -0.2827    0.1263  179.9148   -1.3825   -3.1903    0.3534    0.5737   -0.2217    0.0000   -0.0000    0.0000    0.1476    3.8080    0.0024   -0.0002    1.0847   -0.0062 
   1.3591    0.0010   -0.0661    0.3425  179.9125   -1.0773    3.2794    0.7806    0.2020   -0.5240    0.0000   -0.0000    0.0000    0.1476    3.8080    0.0225   -0.0007    1.0793   -0.0136 
   1.4016    0.0010   -0.1223    0.0394  179.9234   -0.1618    0.2277    2.2455   -0.4634   -0.4514   -0.0000   -0.0000    0.2818    0.1530    3.8080   -0.0137    0.0015    1.0857   -0.0343 
   1.4441    0.0010    0.3160   -0.4000  179.9052    0.3265    0.5328   -1.9659   -0.2772    0.1330   -0.0000    0.0000    0.2818    0.2151    3.7760   -0.0042   -0.0374    1.1069    0.0392 
   1.4866    0.0015    0.3728   -0.2267  179.8852    0.4485   -5.5096    1.6962   -0.4602    0.0380   -0.0000    0.0000    0.2818    0.2249    3.7680   -0.0974   -0.0210    1.0798   -0.0247 
   1.5291    0.0010    0.1728   -0.6034  179.9386   -0.7111   -2.0917    4.2596   -0.6675    0.8068   -0.0000    0.0000    0.5636    0.2441    3.7600   -0.2095    0.0156    1.0693   -0.0645 
   1.5716    0.0010    0.0518    0.0901  179.9658    0.3265    3.2794   -0.6232   -0.7638    0.8319   -0.0000    0.0000    0.5636    0.2582    3.7440    0.1304   -0.0505    1.1379    0.0207 
   1.6141    0.0010    0.1032    0.2773  180.0050    1.2420    1.3873   -2.0880   -0.8250   -0.2181   -0.0000   -0.0000    0.5636    0.2765    3.7440    0.0818   -0.0098    1.1731    0.0463 
   1.6566    0.0015    0.4697    0.5594  179.8719   -0.9553    4.8053   -3.7360   -0.4634    0.1715   -0.0000   -0.0000    0.5636    0.2942    3.7360    0.2712   -0.1028    0.9966    0.0750 
   1.6991    0.0011   -0.1232    0.5951  179.8482   -0.7722    2.9742    0.7196   -1.2443    0.5197   -0.0000   -0.0000    0.8454    0.3281    3.7200   -0.1052    0.5256    1.1318    0.0022 
   1.7416    0.0010    0.4020    0.7671  180.1720   -8.5847    5.7208    7.1893   -0.9010    0.1039   -0.0000   -0.0000    0.8454    0.3403    3.7120    0.2549    1.2615    1.0000   -0.1107 
   1.7841    0.0010   -0.6363    1.4327  180.4740   10.4583  -17.8998    7.7387   -0.9503    0.0867   -0.0000   -0.0000    0.8454    0.3443    3.6960    0.0317   -0.2415    1.5876   -0.1203 
   1.8266    0.0015   -0.0273   -0.4253  180.9832   -0.5891    7.2467   10.8514   -1.1851   -0.2310   -0.0000    0.0000    0.8454    0.3443    3.7040   -0.0378    0.1423    0.0044   -0.1746 
   1.8691    0.0010   -2.5536    0.0526  181.4283   -6.8757   -3.8617    9.8138   -1.5599   -0.1264    0.0000   -0.0000    1.1272    0.3443    3.7040   -0.1741    0.1404    1.6772   -0.1516 
   1.9116    0.0010   -2.2559   -0.2596  181.6334    2.5848  -31.8158    7.1283   -1.1734   -0.1757    0.0000    0.0000    1.1272    0.3483    3.6960    0.2202   -0.9580    0.8628   -0.1047 
   1.9541    0.0010   -0.2415    0.3625  181.8567  -11.3313   29.3414    4.2596   -0.4243    0.1960   -0.0000   -0.0000    0.8454    0.3522    3.6960    0.3025   -0.3625    1.3040   -0.0596 
   1.9966    0.0015    1.8239    0.5120  181.8937    8.4441  -11.9794    0.3534   -0.7204    0.1809   -0.0000   -0.0000    1.4090    0.3600    3.6880    0.2737   -0.3259    0.0125    0.0184 
   2.0391    0.0010    3.5392    1.0743  181.9740   -0.3449    4.9274   -1.5387   -1.3900    0.4041   -0.0000   -0.0000    1.6908    0.3676    3.6880    0.2048    0.0996   -0.7681    0.0564 
   2.0816    0.0010    3.8248    1.3902  182.0027   21.3226   -0.8099    3.9545    0.0079   -0.1721   -0.0000   -0.0000    1.6908    0.3752    3.6800    0.0869    0.1665    2.0312   -0.0395 
   2.1241    0.0010    2.5218    0.4822  182.1878   -0.4670   -8.0121    5.2972   -0.2552    0.6552   -0.0000    0.0000    1.9726    0.4041    3.6560   -0.4565   -0.0996    0.6467   -0.0580 
   2.1666    0.0015    2.8253    0.4804  182.2335  -19.3879   -3.4344   -5.3229    0.0162   -0.3231   -0.0000   -0.0000    1.6908    0.4144    3.6560   -0.0383    0.8232    0.8489    0.1224 
   2.2091    0.0010    2.6938    0.6465  182.1874    3.5003    3.9508    1.0248   -0.4128    0.0996   -0.0000   -0.0000    1.9726    0.4212    3.6560    0.0813    1.1152    0.4595    0.0165 
   2.2516    0.0010    2.0142    0.3996  182.1836  -18.2893  -10.2093   -3.0646   -0.5806   -0.0453   -0.0000   -0.0000    1.6908    0.4502    3.6240    0.1201    0.7683    1.3279    0.0830 
   2.2941    0.0010    1.9439    0.4291  182.1688   -7.1198  -10.3314    1.4520    0.0451   -0.1941   -0.0000   -0.0000    1.9726    0.4594    3.6240    0.0676    0.2190    1.6174    0.0091 
   2.3366    0.0015    1.9563    0.3978  182.0672   -4.2512    6.7584   -1.4166   -0.8382   -0.0856   -0.0000   -0.0000    1.9726    0.4741    3.6160    0.3682    0.6340    0.6746    0.0592 
   2.3791    0.0010    2.4157    0.1383  182.0632   10.7024    0.8990   -4.5294   -0.6701   -0.8386   -0.0000   -0.0000    1.9726    0.4798    3.6000   -0.0959    0.5635    1.2378    0.1135 
   2.4216    0.0010    1.6098    0.3116  181.9041   13.7542   14.8151   -2.2711   -0.6468    0.0555   -0.0000   -0.0000    1.9726    0.4882    3.6080    0.3247   -0.1736    1.4678    0.0741 
   2.4641    0.0010    2.3433    0.8622  181.9136   -1.4436   -7.1576   -2.2711   -0.7960    0.0843   -0.0000   -0.0000    1.9726    0.4963    3.5920   -0.3286    0.3945    1.5691    0.0741 
   2.5066    0.0015    2.0188    0.7627  181.8633    0.8758    4.0118   -1.9049    0.0172    0.1983   -0.0000   -0.0000    1.9726    0.4990    3.5920   -0.2334    0.4365    0.8987    0.0677 
   2.5491    0.0010    1.9321    0.3527  181.8345    8.3831  -16.2518    0.9637    0.2079   -0.1449   -0.0000   -0.0000    1.6908    0.5194    3.5600    0.4631   -0.7939    1.0198    0.0127 
   2.5916    0.0010    1.2632    1.1802  181.8317   -8.9509   25.7404   -1.6608   -0.7143   -0.9565   -0.0000   -0.0000    1.6908    0.5337    3.5600   -0.7017   -0.4973    1.8943    0.0585 
   2.6341    0.0010    1.5067    1.6941  181.8028   28.8299  -19.1205    0.6586   -0.1846    0.3595   -0.0000   -0.0000    1.6908    0.5428    3.5360   -0.3052   -0.1582    1.8049    0.0180 
   2.6766    0.0015    1.6979    1.8173  181.8167   16.1956   23.9703   -4.4684   -0.1366   -0.0088   -0.0000   -0.0000    1.6908    0.5450    3.5520    0.4561    0.4390    1.4368    0.1075 
   2.7191    0.0010    1.7988    2.4053  181.6885  -15.9699    3.8898   -3.7360   -1.2033    0.2220   -0.0000   -0.0000    1.6908    0.5450    3.5440    0.1294   -0.6692    0.2556    0.0947 
   2.7616    0.0010    1.5649    1.9772  181.5829    6.0027   -2.7020   -0.6232   -1.1998   -0.8030   -0.0000   -0.0000    1.9726    0.5428    3.5520   -0.1860   -0.9717    2.0037    0.0453 
   2.8041    0.0010    2.3581    1.7119  181.5776   26.7547   12.2516   -1.9049   -1.0873   -0.6335   -0.0000   -0.0000    1.9726    0.5450    3.5360    0.3616    1.0308    0.6021    0.0677 
   2.8466    0.0015    3.0294    1.7878  181.5425   -4.9226   -1.6034    0.1093   -0.1901   -0.6311   -0.0000   -0.0000    1.9726    0.5515    3.5440   -0.5620   -0.1272    0.6602    0.0325 
   2.8891    0.0010    2.3034    1.8586  181.4874  -23.5993   -2.3968   -1.8439   -1.0944   -0.5382   -0.0000   -0.0000    1.9726    0.5598    3.5200    0.4802   -0.4895    0.7676    0.0666 
   2.9316    0.0010    1.7311    1.5824  181.4447   10.2142    4.5001   -2.3932   -0.7231   -1.0709   -0.0000   -0.0000    1.9726    0.5639    3.5360   -0.2463    0.2224    1.0300    0.0762 
   2.9741    0.0010    3.2621    2.1415  181.4438   30.2337   25.9235    1.3910   -0.7572   -0.5817   -0.0000   -0.0000    1.9726    0.5698    3.5200   -0.0164    0.8367    0.7874    0.0102 
   3.0166    0.0015    2.7769    2.3874  181.2807  -21.0969    6.1481   -3.3087   -0.8063   -0.7024   -0.0000   -0.0000    1.9726    0.5755    3.5120   -0.3704    0.6794    1.9961    0.0922 
   3.0591    0.0010    1.6761    2.3513  181.2551   -8.7067   -5.1434    0.8417   -1.0555   -0.5909   -0.0000   -0.0000    1.9726    0.5755    3.5120    1.0239   -1.4758    0.8660    0.0197 
   3.1016    0.0010    2.5031    2.3941  181.2971   39.6331   21.4679   -1.3556   -1.0504   -0.8194   -0.0000   -0.0000    1.9726    0.5755    3.5120    0.6196   -0.9102    0.8259    0.0581 
   3.1441    0.0010    3.2523    3.3162  181.3099   11.3738   16.7682   -3.0035   -1.0577   -1.2898   -0.0000   -0.0000    1.6908    0.5774    3.5040    0.0388   -0.5608    1.1680    0.0819 
   3.1866    0.0015    1.7945    2.9586  181.2468  -37.2712  -18.2050    6.0297   -0.5388   -0.8584   -0.0000   -0.0000    1.9726    0.5811    3.4960    0.7312   -1.5181    0.6794   -0.0708 
   3.2291    0.0011    0.6031    2.1731  181.2519    4.2937    0.5939    0.3534   -1.9247   -1.5143   -0.0000   -0.0000    1.9726    0.5811    3.4960    1.0659    2.0005    0.0078    0.0283 
   3.2716    0.0010    2.1138    2.9471  181.3651   41.9524   40.2057    2.9169   -1.3214   -1.4551   -0.0000   -0.0000    1.9726    0.5829    3.4960   -0.9500   -0.6030    1.2268   -0.0165 
   3.3141    0.0010    2.3407    4.1858  181.4035  -17.8620   -0.3217   -1.4166   -2.1778   -1.3101   -0.0000   -0.0000    1.9726    0.5829    3.5120    0.7393   -2.4304    0.8923    0.0592 
   3.3566    0.0015    0.4176    2.6666  181.3442  -55.7648  -44.1449    2.9779   -2.7610   -1.1667   -0.0000   -0.0000    1.9726    0.5864    3.4720   -1.7000    0.1516    1.5376   -0.0175 
   3.3991    0.0010    0.1183    2.9046  181.4717    9.8479   38.0695   -1.0504   -2.0579   -0.8234   -0.0000   -0.0000    1.9726    0.5916    3.4960   -0.7495    0.9734    1.2246    0.0528 
   3.4416    0.0010    1.0314    4.8268  181.6782   22.5433   23.3600    1.0248   -2.7196   -1.5142   -0.0000   -0.0000    1.9726    0.5916    3.4880    0.0703    0.1995    1.0872    0.0165 
   3.4841    0.0010    1.3678    3.9520  181.7459   -3.1525  -31.8768    2.8558   -3.4035   -1.2661   -0.0000   -0.0000    2.2544    0.5933    3.4960    1.6868   -0.5642   -0.0657   -0.0105 
   3.5266    0.0015   -0.3191    2.5003  181.8175  -35.3791    0.1666    3.9545   -3.5274   -2.1347   -0.0000   -0.0000    2.2544    0.5933    3.4880    0.1650    0.2542    0.6060   -0.0297 
   3.5691    0.0010   -1.1612    3.8346  181.8746    3.0730   42.4030    0.2313   -2.7317   -1.9007   -0.0000   -0.0000    2.2544    0.5933    3.4880   -0.4858   -0.7505    1.1687    0.0353 
   3.6116    0.0010   -0.0803    4.4099  182.0703   25.5950   -9.7211    5.0531   -3.9057   -2.8829   -0.0000   -0.0000    2.2544    0.5933    3.4880    0.0847    0.9644    0.0693   -0.0488 
   3.6541    0.0010   -0.1083    3.1577  182.1936  -20.4865  -32.6703    4.0765   -4.7546   -2.7437   -0.0000   -0.0000    2.2544    0.5933    3.4960    0.3711   -0.6514    1.3906   -0.0318 
   3.6966    0.0015   -1.3475    3.1749  182.3253  -16.8244   29.2194    4.8090   -4.2668   -3.0546   -0.0000   -0.0000    2.2544    0.5933    3.4960    1.3469    1.3677    0.6558   -0.0446 
   3.7391    0.0010   -1.0141    4.1145  182.4170   24.1302    1.2042   -1.4777   -5.3089   -3.2694   -0.0000   -0.0000    2.5362    0.5933    3.4880    0.0676    1.9775    2.1038    0.0701 
   3.7816    0.0010   -0.4856    3.4867  182.6572   10.9466  -27.9706    1.6351   -5.0210   -3.2442   -0.0000   -0.0000    2.5362    0.5950    3.4880   -1.6292    1.5667    2.1191    0.0157 
   3.8241    0.0010   -1.4023    3.1309  182.8069  -31.5339    6.3922    4.2596   -5.0692   -4.7345   -0.0000   -0.0000    2.5362    0.5950    3.4800   -1.1357   -1.5962    1.7461   -0.0301 
   3.8666    0.0015   -1.8489    3.5913  182.9193   12.6556   11.4581    2.5507   -3.8535   -3.3469   -0.0000   -0.0000    2.5362    0.6259    3.4480   -0.8159   -1.4556    1.6338   -0.0003 
   3.9091    0.0010   -0.2646    2.9471  183.1721   42.3187  -22.4774    1.4520   -5.1171   -3.3783   -0.0000   -0.0000    2.5362    0.6284    3.4400   -1.4387   -1.7163    1.5442    0.0189 
   3.9516    0.0010    0.7260    2.3219  183.3702    0.6927   -0.9320    2.6727   -4.3317   -2.4442   -0.0000   -0.0000    2.5362    0.6284    3.4480    0.4907   -1.3628    1.3813   -0.0024 
   3.9941    0.0010   -0.1185    2.7976  183.4520  -16.6413   24.3976    5.7245   -5.1112   -4.2168   -0.0000   -0.0000    2.8180    0.6284    3.4480    0.8733   -2.8142   -0.2710   -0.0507 
   4.0366    0.0015   -0.6043    3.1820  183.6082   18.4539   -6.6083    3.5272   -4.6140   -4.9700   -0.0000   -0.0000    2.5362    0.6284    3.4480   -0.8054    2.4312    1.4976   -0.0173 
   4.0791    0.0010   -0.3563    1.7745  183.7955   10.6414  -26.1395    4.3817   -6.3386   -4.4966   -0.0000   -0.0000    2.5362    0.6284    3.4400   -0.9810    0.1460    0.7065   -0.0322 
   4.1216    0.0010   -0.7599    1.0912  183.9287  -28.0549   13.0450    1.3910   -7.8516   -5.3675   -0.0000   -0.0000    2.8180    0.6284    3.4400   -0.3240   -3.2668    1.4348    0.0249 
   4.1641    0.0010   -0.6064    1.9893  184.0136   12.5945   -2.3968    3.7714   -6.9368   -6.1902   -0.0000   -0.0000    2.8180    0.6284    3.4480   -1.1267    1.7151    0.8057   -0.0166 
   4.2066    0.0015    1.5987    1.3050  184.1744   53.7322  -41.0321    2.0013   -7.1123   -5.9476   -0.0000   -0.0000    3.0998    0.6284    3.4320    0.0735   -2.6726    1.6189    0.0192 
   4.2491    0.0010    2.7545    0.9119  184.3127   -0.5891   -1.2372    5.1141   -6.6613   -5.8837   -0.0000   -0.0000    3.6634    0.6284    3.4480    0.2524    0.0120    0.4539   -0.0253 
   4.2916    0.0010    0.9180    2.1797  184.4790  -36.8439   17.9889    1.3300   -6.2122   -4.3413   -0.0000   -0.0000    3.3816    0.6284    3.4400   -1.6682   -3.8230    1.4460    0.0358 
   4.3341    0.0010   -0.0272    1.5285  184.6628   23.3367  -38.6517    6.0297   -5.2184   -6.3054   -0.0000   -0.0000    3.6634    0.6284    3.4400    2.2324   -2.6970    0.0981   -0.0413 
   4.3766    0.0015    1.7441   -0.2107  184.9258   25.5950  -22.8436    8.1659   -4.8997   -5.4977   -0.0000   -0.0000    3.3816    0.6284    3.4400   -1.0845   -0.6213    1.7852   -0.0835 
   4.4191    0.0010    1.5322    0.7198  185.1501   -9.1950   31.8439    3.7103   -4.2452   -6.4590   -0.0000   -0.0000    3.6634    0.6284    3.4400   -1.2278   -1.9011    1.2954   -0.0008 
   4.4616    0.0010    1.6965    0.5943  185.3794    2.2796  -32.9755    5.0531   -3.3114   -5.0111   -0.0000   -0.0000    3.3816    0.6284    3.4400    0.0610   -0.5649    1.7368   -0.0292 
   4.5041    0.0010    2.0395   -1.4233  185.5942   11.8011  -23.0878    5.4193   -3.8584   -4.6295   -0.0000   -0.0000    3.6634    0.6284    3.4400    2.3521   -2.0645   -0.0293   -0.0306 
   4.5466    0.0015   -0.3422   -1.1542  181.4653  -16.5192   30.0739   11.4008   -4.9734   -5.4701   -0.0000   -0.0000    3.6634    0.6284    3.4400    0.6335   -2.9568    1.8503   -0.1350 
   4.5891    0.0010   -0.4204   -0.3707  181.7751   23.3978   -4.9603   11.2177   -6.0851   -7.3468   -0.0000   -0.0000    3.6634    0.6284    3.4480    0.6616   -2.6331    0.0959   -0.1318 
   4.6316    0.0010    1.0493   -2.2741  182.1307    9.6648  -48.9667    9.3866   -5.7927   -8.6029   -0.0000   -0.0000    3.6634    0.6284    3.4320   -0.5635    1.5410    0.8079   -0.0999 
   4.6741    0.0010    0.9689   -2.9275  182.5115  -24.5148    7.3077    8.7152   -6.0735   -9.1401   -0.0000   -0.0000    3.6634    0.6284    3.4320   -0.5549   -2.1218    1.4558   -0.0882 
   4.7166    0.0015   -0.2667   -2.3662  182.8166  -20.2424   13.5333    3.4052   -7.3894   -9.2239   -0.0000   -0.0000    3.6634    0.6284    3.4400   -1.3982    2.1423    1.3013    0.0045 
   4.7591    0.0011    0.2713   -3.0209  183.1163   17.9656  -41.8256    5.7245   -6.2383   -9.0411   -0.0000   -0.0000    3.6634    0.6284    3.4240   -0.5540    0.2786    1.9065   -0.0360 
   4.8016    0.0011    0.7174   -4.1605  183.3534   -0.8332   -1.4203    7.1283   -6.7590   -8.3363   -0.0000   -0.0000    3.6634    0.6284    3.4400   -0.7849   -0.2625    0.5105   -0.0605 
   4.8441    0.0010   -0.2544   -3.6151  183.6608  -24.3928   10.9088    5.7855   -6.1444   -8.0568   -0.0000   -0.0000    3.6634    0.6284    3.4320    0.2021   -1.5706    0.9985   -0.0370 
   4.8866    0.0015   -0.5619   -4.1577  183.9835    3.7444  -41.3983    7.3724   -5.3204   -8.8613   -0.0000   -0.0000    3.6634    0.6284    3.4320   -1.0015    2.1401    1.8840   -0.0647 
   4.9291    0.0010   -0.1477   -5.0373  184.1554   23.9471  -10.3314    4.6259   -3.5982   -8.5515   -0.0000   -0.0000    3.6634    0.6271    3.4320   -0.3811    3.7625    0.9832   -0.0168 
   4.9716    0.0010    0.6932   -4.4797  184.3454   -1.9318   28.8531    3.8324   -1.8134   -7.1253   -0.0000   -0.0000    3.6634    0.6271    3.4400    0.6079   -1.2375    0.3799   -0.0029 
   5.0141    0.0010    0.3852   -4.1082  184.6129  -21.2800  -17.8998    4.5648   -2.4413   -7.8647   -0.0000   -0.0000    3.6634    0.6284    3.4400   -0.9250    4.2983    1.4829   -0.0157 
   5.0566    0.0015   -0.1932   -5.0217  184.9042   30.5389  -33.7079    3.5272   -1.7331   -7.2104   -0.0000   -0.0000    3.6634    0.6271    3.4320    0.9390    3.3535    0.5774    0.0024 
   5.0991    0.0010    1.6542   -5.1500  185.0845   -3.5798   28.2428    1.1469   -0.8582   -7.1636   -0.0000   -0.0000    3.6634    0.6284    3.4400   -0.6897   -3.1719    1.6797    0.0439 
   5.1416    0.0010    1.0978   -4.1126  185.3660  -23.2331   -1.1151    5.6024   -0.5711   -8.4239   -0.0000   -0.0000    3.6634    0.6271    3.4320    0.2656    1.8601    1.6086   -0.0338 
   5.1841    0.0010    0.1830   -5.3452  185.6789  -15.2985  -31.2054    8.5931   -1.2792   -7.7269   -0.0000   -0.0000    3.6634    0.6271    3.4240   -0.4246    2.9270    1.2825   -0.0860 
   5.2266    0.0015   -0.3263   -5.1288  186.0172  -27.5666   27.5714    8.1049   -1.7435   -8.9848   -0.0000   -0.0000    3.6634    0.6271    3.4320    1.2859    0.4260   -0.4148   -0.0775 
   5.2691    0.0010   -0.0133   -3.5112  186.2417   13.9373   12.7399    7.9828   -1.3536   -8.8532   -0.0000   -0.0000    3.6634    0.6271    3.4400    1.0691   -3.5110    1.0752   -0.0754 
   5.3116    0.0010    1.1111   -3.9547  186.4603   14.2425  -28.0926    9.2645   -1.0682   -7.9952   -0.0000   -0.0000    3.6634    0.6271    3.4240   -0.5400   -0.7280    0.3215   -0.0978 
   5.3541    0.0010    0.9642   -3.8220  186.7999  -25.5524   -0.3827    6.2738    0.1283   -8.2903   -0.0000   -0.0000    3.6634    0.6271    3.4320   -0.1169   -3.5913    1.3049   -0.0456 
   5.3966    0.0015    0.0432   -3.0914  187.0650    9.2376   22.4445    3.4052    0.2968   -7.8905    0.0000   -0.0000    3.6634    0.6271    3.4320   -2.3816   -0.2976    0.8389    0.0045 
   5.4391    0.0010   -0.3958   -2.5462  187.3090    4.8431  -18.5101    4.5038    0.2366   -7.7255    0.0000   -0.0000    3.6634    0.6271    3.4320    0.3516    0.1404    1.5737   -0.0147 
   5.4816    0.0011   -0.7965   -3.1603  187.6182   -9.1950   -3.2513    5.4193   -0.0062   -7.7926    0.0000   -0.0000    3.6634    0.6259    3.4400    0.8816   -1.0603    0.2588   -0.0306 
   5.5241    0.0010   -1.4817   -2.4867  187.8846  -21.4631   17.4396    5.9686   -1.6793   -7.5394   -0.0000   -0.0000    3.6634    0.6271    3.4320   -1.4885    1.8745    2.0383   -0.0402 
   5.5666    0.0015   -1.6636   -1.9681  188.1267   16.6228   -8.6224    9.3256   -1.4320   -8.8309    0.0000   -0.0000    3.6634    0.6271    3.4320    0.2588   -2.3582    1.0583   -0.0988 
   5.6091    0.0010   -1.9428   -2.7037  188.3990   10.1531  -13.8715    4.2596   -2.3005   -9.9862   -0.0000   -0.0000    3.6634    0.6271    3.4320   -1.6624    2.2339    1.3157   -0.0104 
   5.6516    0.0011   -2.2390   -2.7215  188.6238  -34.0363   25.6793    2.4286   -0.4918   -7.9710    0.0000   -0.0000    3.6634    0.6271    3.4320   -0.4546   -0.4180    1.5552    0.0216 
   5.6941    0.0010   -3.2826   -2.0169  188.8686  -21.8903   11.6412    4.7479   -2.8911   -7.0894    0.0000   -0.0000    3.6634    0.6271    3.4240    0.6340    2.8401    0.5156   -0.0189 
   5.7366    0.0015   -2.3836   -2.3213  189.0099   26.6326  -15.5804    1.9403   -2.4607   -6.9058   -0.0000   -0.0000    3.6634    0.6259    3.4240   -0.1575   -1.5215    1.2432    0.0301 
   5.7791    0.0010   -2.2716   -2.6456  189.1800  -11.6975   14.1437    6.7011   -1.6252   -6.7406    0.0000   -0.0000    3.6634    0.6271    3.4240   -0.3904    1.7788    0.0525   -0.0530 
   5.8216    0.0010   -2.7633   -1.8232  189.4118  -30.0690   17.0123    7.4335   -2.2331   -6.4100    0.0000   -0.0000    3.6634    0.6271    3.4320    0.3691   -1.2812    0.2795   -0.0658 
   5.8641    0.0010   -3.8617   -1.8046  189.6895    1.8523  -15.7025   -0.7452   -2.7701   -6.6728    0.0000   -0.0000    3.6634    0.6271    3.4320   -0.9695    0.4924    1.8347    0.0769 
   5.9066    0.0015   -3.1027   -2.5857  189.8887    4.5989    8.5284    6.0907   -3.4911   -6.3605   -0.0000   -0.0000    3.6634    0.6271    3.4240    0.6099    3.4717    0.3601   -0.0424 
   5.9491    0.0010   -1.3575   -1.8047  190.0096   10.8855   25.4352    2.9169   -3.9292   -5.3188   -0.0000   -0.0000    3.6634    0.6271    3.4320    0.0330   -1.4460    1.4341    0.0130 
   5.9916    0.0010   -0.7916   -1.2805  190.1835  -10.8430   -0.9930    5.0531   -3.4017   -5.2093   -0.0000   -0.0000    3.6634    0.6259    3.4320    0.1804   -2.0771    0.9775   -0.0243 
   6.0341    0.0010   -1.7834   -1.6558  190.4188  -15.6647   -4.4720    6.6400   -2.3636   -5.9784   -0.0000   -0.0000    3.6634    0.6259    3.4320   -1.3188   -0.1204    0.3164   -0.0520 
   6.0766    0.0015   -2.3529   -0.7148  190.5833    1.7303   20.9796    2.5507   -2.7629   -5.8253   -0.0000   -0.0000    3.6634    0.6271    3.4320   -0.0769    1.5247    1.0752    0.0194 
   6.1191    0.0010   -1.8231   -0.0880  190.7272   13.8763   -0.6879    1.7572   -2.5827   -6.0140   -0.0000   -0.0000    3.6634    0.6271    3.4240   -0.3293    0.3762    0.3989    0.0333 
   6.1616    0.0010   -2.1035   -0.2546  190.8932   -0.9553   -8.3173    5.7245   -2.9498   -5.6436   -0.0000   -0.0000    3.6634    0.6271    3.4160    1.7373    2.4856    0.4888   -0.0360 
   6.2041    0.0010   -2.6168    0.4867  191.0639  -12.3078   28.7921    1.5741   -2.8785   -4.8453   -0.0000   -0.0000    3.6634    0.6271    3.4320    0.3853   -0.0410    1.2759    0.0365 
   6.2466    0.0015   -3.6463    1.3505  191.2144    7.1624    6.6974    2.1234   -3.1902   -5.4808    0.0000   -0.0000    3.6634    0.6271    3.4240    0.9614   -2.6482    0.7803    0.0269 
   6.2891    0.0010   -3.7071    0.6452  191.3645   14.5477  -18.7543    2.2455   -3.0178   -4.6766    0.0000   -0.0000    3.6634    0.6271    3.4240   -0.0676    4.2566    0.3765    0.0247 
   6.3316    0.0010   -3.0052    0.4702  191.5129   -4.8615   15.3644    0.5975   -2.8760   -5.6295    0.0000   -0.0000    3.6634    0.6271    3.4240    0.0566   -2.2659    1.2246    0.0535 
   6.3741    0.0010   -4.8116    1.2172  191.6585  -23.4772   23.2379    2.6727   -2.1849   -5.4197    0.0000   -0.0000    3.6634    0.6271    3.4160    0.0503    2.2256   -0.1006    0.0173 
   6.4166    0.0015   -4.9596    0.6917  191.8540   18.8201  -28.0316    4.3207   -2.5623   -6.0615    0.0000   -0.0000    3.6634    0.6271    3.4160    0.3591   -3.3931    1.3650   -0.0115 
   6.4591    0.0010   -3.4760   -0.1146  192.0362   13.0828    5.3546    1.2689   -2.9061   -4.9685    0.0000   -0.0000    3.6634    0.6271    3.4160    1.2598   -2.5469    0.1055    0.0418 
   6.5016    0.0010   -3.4706    0.8091  192.1950  -24.5148   39.1681    2.1845   -3.6201   -5.3662   -0.0000   -0.0000    3.6634    0.6271    3.4240    0.8621    3.5391    0.3284    0.0258 
   6.5441    0.0010   -4.3157    1.0434  192.3346   -1.6877  -17.4725    8.1049   -2.6911   -5.4800    0.0000   -0.0000    3.6634    0.6271    3.4160   -0.1750    0.0349    0.9963   -0.0775 
   6.5866    0.0015   -4.1739    0.2286  192.5407    4.1717  -17.8387    2.4896   -3.4655   -5.2374    0.0000   -0.0000    3.6634    0.6271    3.4160   -1.1541   -0.1292    2.1448    0.0205 
   6.6291    0.0010   -4.1613    0.4828  192.7197  -11.4533   38.6188    4.8090   -3.8775   -5.9822    0.0000   -0.0000    3.6634    0.6259    3.4240   -0.1919    1.4333    0.1699   -0.0200 
   6.6716    0.0010   -4.9967    1.1834  192.8830   -2.6643    0.2277    2.0013   -4.0289   -5.6981    0.0000   -0.0000    3.6634    0.6271    3.4160   -1.3953    3.6245    0.9153    0.0290 
   6.7141    0.0010   -3.9923   -0.0421  193.1081   13.6321  -27.7875    2.7338   -3.5199   -6.0796    0.0000   -0.0000    3.6634    0.6259    3.4080   -0.7390   -0.0205    1.4832    0.0162 
   6.7566    0.0015   -4.2016   -0.1340  193.3436  -20.2424   21.1627    4.3817   -3.3470   -5.8140    0.0000   -0.0000    3.6634    0.6271    3.4160    1.2153    3.9138    0.5813   -0.0125 
   6.7991    0.0010   -4.6213    1.5322  193.4631    5.2093    8.8947    6.3348   -3.0119   -5.7126    0.0000   -0.0000    3.6634    0.6271    3.4240    0.3618    0.0513    1.3235   -0.0466 
   6.8416    0.0010   -3.9926    0.5274  193.6957   29.5013  -28.7640    7.3724   -3.3625   -5.2732    0.0000   -0.0000    3.6634    0.6271    3.4080   -0.3396   -0.3901    0.8608   -0.0647 
   6.8841    0.0010   -2.9344   -0.3021  193.8752   -0.2229    3.3405    2.4896   -3.8864   -5.5751   -0.0000   -0.0000    3.6634    0.6271    3.4160    0.1179   -1.4546    1.3518    0.0205 
   6.9266    0.0015   -3.9263    0.7347  194.0504  -32.2053   31.9659    4.5648   -3.4966   -4.9851    0.0000   -0.0000    3.6634    0.6271    3.4240    0.4463    1.4231    0.7625   -0.0157 
   6.9691    0.0010   -4.1140    0.6428  194.2390   12.2283  -23.0267    7.3724   -4.5951   -5.0423   -0.0000   -0.0000    3.6634    0.5966    3.4480   -0.7104   -1.1746   -0.0815   -0.0647 
   7.0116    0.0010   -2.9686   -0.4115  194.4203   25.9002   -8.8055   -1.5997   -4.5517   -5.5758   -0.0000   -0.0000    3.6634    0.5916    3.4560   -0.7913   -0.7715    1.4380    0.0919 
   7.0541    0.0010   -2.6490    0.6484  194.5260   -1.1384   30.1349    1.5741   -4.2626   -5.6719   -0.0000   -0.0000    3.9452    0.5755    3.4720    0.5679   -2.2009    0.5198    0.0414 
   7.0966    0.0015   -3.3512    1.2371  194.6358  -15.2985  -10.5756    4.6869   -4.9613   -5.0469   -0.0000   -0.0000    4.5088    0.5383    3.5040   -0.9121    1.7263    0.9067   -0.0031 
   7.1391    0.0010   -2.9426    0.1385  194.8358    9.5428  -36.0883    5.9076   -4.3339   -5.5391   -0.0000   -0.0000    4.7906    0.4178    3.6000    0.7446   -1.6914    1.1006   -0.0195 
   7.1816    0.0011   -1.9867   -0.7721  194.9965   23.7640  -11.3690    6.6400   -5.6543   -4.7936   -0.0000   -0.0000    3.9452    0.2249    3.6880   -0.1230    0.8289    0.7671   -0.0470 
   7.2241    0.0009    0.0000    0.0000  195.1517   25.7171   14.3878    2.3676   -6.7532   -6.3314    0.0000    0.0000    0.0000    0.0798    3.7840    0.5183   -1.0559    0.3713   11.0474 
   7.2666    0.0014    0.0000    0.0000  195.2575   14.2425   24.1534   -0.2570   -6.7532   -6.3314    0.0000    0.0000    0.0000    0.0560    3.7760    0.2019    0.0017   -0.5081   -0.4272 
   7.3091    0.0009    0.0000    0.0000  194.6703 -340.7380   47.2858  -25.7086   -6.7532   -6.3314    0.0000    0.0000    0.0000    0.0127    3.7840   -0.0503   -0.0869    4.2732 -355.4077 
   7.3516    0.0009    0.0000    0.0000  193.0540  143.3318   24.8859  -53.3575   -6.7532   -6.3314    0.0000    0.0000    0.0000    0.0000    3.7760   -0.0293    0.1338   -0.7917    0.0000 
   7.3941    0.0009    0.0000    0.0000  190.3867  591.6350   -6.1810  -88.5138   -6.7532   -6.3314    0.0000    0.0000    0.0000    0.0000    3.7840    0.1008   -0.0352    1.1357  576.9653 
   7.4366    0.0014    0.0000    0.0000  188.7746 -104.1047   -8.0731  -27.4176   -6.7532   -6.3314    0.0000    0.0000    0.0000    0.0000    3.7920    0.1462   -0.0496    0.9585 -118.7744 
   7.4791    0.0009    0.0000    0.0000  187.4109 -254.4343  -48.1122  -23.7555   -6.7532   -6.3314    0.0000    0.0000    0.0000    0.0000    3.7920   -0.0552   -0.1836    0.0327 -269.1040 
   7.5216    0.0009    0.0000    0.0000  185.5966  233.7249  -43.5345  -57.7521   -6.7532   -6.3314    0.0000    0.0000    0.0000    0.0000    3.7920    0.2854   -0.1831    0.8257  219.0552 
   7.5641    0.0009    0.0000    0.0000  184.1387  -83.3527   27.2662  -29.9811   -6.7532   -6.3314    0.0000    0.0000    0.0000    0.0000    3.7920    0.0964   -0.1455    1.0083  -98.0225 
   7.6066    0.0014    0.0000    0.0000  182.2987  -26.6511  -49.6381  -27.8448   -6.7532   -6.3314    0.0000    0.0000    0.0000    0.0000    3.7920   -0.0881   -0.1228   -0.1995  -41.3208 
   7.6491    0.0009    0.0000    0.0000  181.2041  -46.9758   21.5289  -27.9669   -6.7532   -6.3314    0.0000    0.0000    0.0000    0.0190    3.7840   -0.0332    0.1025    0.9790  -61.6455 
   7.6916    0.0009    0.0000    0.0000  180.1985    2.2796  -39.2621  -20.1544   -6.7532   -6.3314    0.0000    0.0000    0.0000    0.0190    3.7920   -0.0122    0.0671    1.0247  -12.3901 
   7.7341    0.0009    0.0000    0.0000  179.7497    0.8147   13.7775    0.1093   -6.7532   -6.3314    0.0000    0.0000    0.0000    0.0190    3.7920   -0.0378   -0.0247    1.0779  -13.8550 
   7.7766    0.0014    0.0000    0.0000  179.7015    7.7117  -12.4677   -1.5387   -6.7532   -6.3314    0.0000    0.0000    0.0000    0.0190    3.7920    0.0012   -0.0420    1.0540   -6.9580 
   7.8191    0.0009    0.0000    0.0000  179.6970   -0.3449   -0.0775   -1.4777   -6.7532   -6.3314    0.0000    0.0000    0.0000    0.0190    3.7920   -0.0002    0.0361    1.0540  -15.0146 
   7.8616    0.0009    0.0000    0.0000  179.6865   -0.0397   -4.1669    2.5507   -6.7532   -6.3314    0.0000    0.0000    0.0000    0.0000    3.7920   -0.0142    0.0017    1.0732    0.0000 
   7.9866 4294.8589    0.4046    0.1957  179.6756    0.4485    2.3029    0.1703   -6.7532   -6.3314    0.0000    0.0000    0.0000    0.0000    3.8000   -0.0161    0.0015    1.0784    0.0000 
   8.0291 4294.8159    0.4091    0.3483  179.6617    0.1434    1.0211   -0.0128   -6.7532   -6.3314    0.0000    0.0000    0.0000    0.0000    3.8000    0.0085    0.0032    1.0771  -14.5264 
   8.0716 4294.7734   -0.2264    0.1691  179.6431    0.6927   -0.0775   -0.2570   -6.7532   -6.3314    0.0000    0.0000    0.0000    0.0000    3.7920    0.0132    0.0020    1.0833    0.0000 
   8.1141 4294.7310    0.2024    0.5253  179.6184    0.1434   -0.3217   -0.4401   -6.7532   -6.3314    0.0000    0.0000    0.0000    0.0000    3.8000   -0.0186    0.0261    1.0713  -14.5264 
   8.1566 4294.6885    0.5978    0.8143  179.5906    0.8147    0.2887   -0.0738   -6.7532   -6.3314    0.0000    0.0000    0.0000    0.0000    3.8000   -0.0024    0.0005    1.0750    0.0000 
   8.1991 4294.6460    0.5677    0.5147  179.5777    0.6316   -0.1385   -0.6232   -6.7532   -6.3314    0.0000    0.0000    0.0000    0.0000    3.8000   -0.0208    0.0161    1.0798  -14.0381 
   8.2416 4294.6035    0.4368    0.2810  179.5660    0.1434    0.4108    0.1093   -6.7532   -6.3314    0.0000    0.0000    0.0000    0.0000    3.8000   -0.0054    0.0012    1.0796    0.0000 
   8.2841 4294.5610    0.3356    0.7641  179.5502   -0.4670   -0.1996   -0.5011   -6.7532   -6.3314    0.0000    0.0000    0.0000    0.0000    3.8000   -0.0007    0.0061    1.0735  -15.1367 
   8.3266 4294.5186    0.5550    0.1622  179.5338   -0.2229   -0.2606   -0.1349   -6.7532   -6.3314    0.0000    0.0000    0.0000    0.0000    3.8000   -0.0142   -0.0015    1.0806    0.0000 
   8.3691 4294.4761    0.5449    0.5824  179.5153   -0.8942   -0.3217   -0.2570   -6.7532   -6.3314    0.0000    0.0000    0.0000    0.0000    3.8000   -0.0098   -0.0037    1.0713  -15.5640 
   8.4116 4294.4336    0.2124    0.2248  179.5105    0.5096    0.5328   -0.3790   -6.7532   -6.3314    0.0000    0.0000    0.0000    0.0000    3.8000   -0.0078    0.0088    1.0786    0.0000 
   8.4541 4294.3911    0.1971    0.3384  179.5017    1.0589   -0.0165   -0.4401   -6.7532   -6.3314    0.0000    0.0000    0.0000    0.0000    3.8000   -0.0159    0.0125    1.0823  -13.6108 
   8.4966 4294.3486   -0.0299    0.3561  179.4884    0.2044   -0.0775   -0.5011   -6.7532   -6.3314    0.0000    0.0000    0.0000    0.0000    3.8000   -0.0090    0.0139    1.0684    0.0000 
   8.5391 4294.3062    0.1007    0.0733  179.4786   -0.0397    0.2277    0.0482   -6.7532   -6.3314    0.0000    0.0000    0.0000    0.0000    3.8000   -0.0217    0.0076    1.0842  -14.7095 
   8.5816 4294.2637    0.3100    0.3702  179.4650   -0.1008    0.2277   -0.1349   -6.7532   -6.3314    0.0000    0.0000    0.0000    0.0000    3.8000   -0.0110    0.0049    1.0808    0.0000 
   8.6241 4294.2212    0.5048    0.2811  179.4641   -0.4060   -0.2606   -0.1959   -6.7532   -6.3314    0.0000    0.0000    0.0000    0.0000    3.8000   -0.0146   -0.0059    1.0767  -15.0757 
   8.6666 4294.1787    0.4959    0.6803  179.4551   -0.8332   -0.1385   -0.0128   -6.7532   -6.3314    0.0000    0.0000    0.0000    0.0000    3.8000   -0.0139    0.0029    1.0757    0.0000 
   8.7091 4294.1362    0.4966    0.5056  179.4529    0.6316    0.3497   -0.3180   -6.7532   -6.3314    0.0000    0.0000    0.0000    0.0000    3.8000   -0.0161    0.0103    1.0811  -14.0381 
   8.7516 4294.0938    0.1835    0.3146  179.4341    1.0589    0.1666   -0.3790   -6.7532   -6.3314    0.0000    0.0000    0.0000    0.0000    3.8080   -0.0146    0.0112    1.0759    0.0000 
   8.7941 4294.0513    0.4073    0.2721  179.4143    0.0823    0.1666   -0.3790   -6.7532   -6.3314    0.0000    0.0000    0.0000    0.0000    3.8080   -0.0105    0.0005    1.0811  -14.5874 
   8.8366 4294.0088    0.2357    0.2991  179.4026   -0.5280   -0.0165    0.1703   -6.7532   -6.3314    0.0000    0.0000    0.0000    0.0000    3.8080   -0.0117    0.0090    1.0801    0.0000 
   8.8791 4293.9663    0.0578    0.2124  179.3953   -0.6501    0.1056   -0.1349   -6.7532   -6.3314    0.0000    0.0000    0.0000    0.0000    3.8080   -0.0142    0.0215    1.0759  -15.3198 
   8.9216 4293.9238    0.3774    0.4212  179.3813    0.4485   -0.0775   -0.0128   -6.7532   -6.3314    0.0000    0.0000    0.0000    0.0000    3.8000   -0.0103    0.0042    1.0837    0.0000 
   8.9641 4293.8813   -0.0883    0.6380  179.3689   -0.7722    0.1056   -0.0738   -6.7532   -6.3314    0.0000    0.0000    0.0000    0.0000    3.8080   -0.0073    0.0112    1.0791  -15.4419 
   9.0066 4293.8389    0.0930    0.3509  179.3595   -0.6501   -0.1385    0.2924   -6.7532   -6.3314    0.0000    0.0000    0.0000    0.0000    3.8080   -0.0117    0.0139    1.0837    0.0000 
   9.0491 4293.7964    0.3987    0.2696  179.3512    0.0823    0.1056   -0.1959   -6.7532   -6.3314    0.0000    0.0000    0.0000    0.0000    3.8080   -0.0193    0.0056    1.0879  -14.5874 
   9.0916 4293.7534    0.1898    0.2226  179.3389   -0.2839    0.0446   -0.3180   -6.7532   -6.3314    0.0000    0.0000    0.0000    0.0000    3.8080   -0.0154    0.0085    1.0857    0.0000 
   9.1341 4293.7109    0.2854   -0.0044  179.3308   -0.7722   -0.2606   -0.0128   -6.7532   -6.3314    0.0000    0.0000    0.0000    0.0000    3.8080   -0.0164   -0.0037    1.0762  -15.4419 
   9.1766 4293.6685    0.6715    0.4733  179.3302    0.3265   -0.1385    0.4755   -6.7532   -6.3314    0.0000    0.0000    0.0000    0.0000    3.8080   -0.0095   -0.0037    1.0728    0.0000 
   9.2191 4293.6260    0.2802    0.4188  179.3231   -0.2839   -0.0165   -0.5621   -6.7532   -6.3314    0.0000    0.0000    0.0000    0.0000    3.8080   -0.0093    0.0046    1.0754  -14.9536 
   9.2616 4293.5835    0.4202    0.1757  179.3035   -0.6501   -0.1385   -0.4401   -6.7532   -6.3314    0.0000    0.0000    0.0000    0.0000    3.8080   -0.0024    0.0115    1.0903    0.0000 
   9.3041 4293.5410    0.2073    0.1187  179.2991   -0.9553   -0.1996   -0.1959   -6.7532   -6.3314    0.0000    0.0000    0.0000    0.0000    3.8080   -0.0166    0.0059    1.0806  -15.6250 
   9.3466 4293.4985   -0.3065    0.8544  179.2916    0.9978    0.4718   -0.1349   -6.7532   -6.3314    0.0000    0.0000    0.0000    0.0000    3.8000   -0.0020    0.0149    1.0798    0.0000 
   9.3891 4293.4561    0.2356    0.2558  179.2913   -0.0397    0.1056   -0.1959   -6.7532   -6.3314    0.0000    0.0000    0.0000    0.0000    3.8080   -0.0193   -0.0015    1.0835  -14.7095 
   9.4316 4293.4136    0.2484    0.5691  179.2792   -0.1008    0.0446   -0.3180   -6.7532   -6.3314    0.0000    0.0000    0.0000    0.0000    3.8080   -0.0044    0.0078    1.0745    0.0000 
   9.4741 4293.3711    0.4399    0.2736  179.2798    0.3875   -0.1385   -0.2570   -6.7532   -6.3314    0.0000    0.0000    0.0000    0.0000    3.8080   -0.0249    0.0010    1.0920  -14.2822 
   9.5166 4293.3286    0.2872    0.5392  179.2753   -0.1618    0.0446    0.1093   -6.7532   -6.3314    0.0000    0.0000    0.0000    0.0000    3.8080   -0.0042    0.0081    1.0769    0.0000 
   9.5591 4293.2861    0.3441    0.5410  179.2758    0.1434   -0.0775   -0.1349   -6.7532   -6.3314    0.0000    0.0000    0.0000    0.0000    3.8080   -0.0095    0.0029    1.0703  -14.5264 
   9.6016 4293.2437    0.5745    0.2221  179.2713   -0.2839    0.1666   -0.2570   -6.7532   -6.3314    0.0000    0.0000    0.0000    0.0000    3.8080   -0.0220   -0.0002    1.0811    0.0000 
   9.6441 4293.2012    0.2062   -0.0447  179.2717   -0.8332   -0.0165   -0.2570   -6.7532   -6.3314    0.0000    0.0000    0.0000    0.0000    3.8080   -0.0210    0.0100    1.0764  -15.5029 
   9.6866 4293.1587    0.0512    0.7340  179.2550   -0.2839   -0.0775   -0.1959   -6.7532   -6.3314    0.0000    0.0000    0.0000    0.0000    3.8080   -0.0042    0.0098    1.0828    0.0000 
   9.7291 4293.1162    0.6074    0.0622  179.2419    0.0213    0.1056   -0.1959   -6.7532   -6.3314    0.0000    0.0000    0.0000    0.0000    3.8080   -0.0151    0.0007    1.0850  -14.6484 
   9.7716 4293.0737    0.5211    0.3553  179.2336   -0.2839    0.1056   -0.3180   -6.7532   -6.3314    0.0000    0.0000    0.0000    0.0000    3.8080   -0.0015    0.0071    1.0764    0.0000 
   9.8141 4293.0312    0.2833    0.6219  179.2269    0.1434   -0.2606   -0.1349   -6.7532   -6.3314    0.0000    0.0000    0.0000    0.0000    3.8080   -0.0110    0.0049    1.0706  -14.5264 
   9.8566 4292.9888    0.0518    0.2871  179.2145    0.0823   -0.0165   -0.0738   -6.7532   -6.3314    0.0000    0.0000    0.0000    0.0000    3.8160   -0.0122    0.0110    1.0847    0.0000 
   9.8991 4292.9463    0.3416    0.1808  179.2122   -0.7111   -0.0165    0.2924   -6.7532   -6.3314    0.0000    0.0000    0.0000    0.0000    3.8160   -0.0186   -0.0002    1.0854  -15.3809 
   9.9416 4292.9038    0.1333    0.8108  179.2021    0.7537    0.4108   -0.3180   -6.7532   -6.3314    0.0000    0.0000    0.0000    0.0000    3.8080   -0.0022    0.0103    1.0779    0.0000 
   9.9841 4292.8613    0.1305    0.3736  179.1927    1.3030    0.0446   -0.4401   -6.7532   -6.3314    0.0000    0.0000    0.0000    0.0000    3.8160   -0.0095    0.0137    1.0806  -13.3667 
  10.0266 4292.8188    0.2246    0.5831  179.1828    0.2654   -0.3217   -0.1349   -6.7532   -6.3314    0.0000    0.0000    0.0000    0.0000    3.8080   -0.0073    0.0076    1.0872    0.0000 
  10.0691 4292.7764    0.1565    0.0348  179.1754    0.7537    0.0446   -0.5621   -6.7532   -6.3314    0.0000    0.0000    0.0000    0.0000    3.8160   -0.0208    0.0029    1.0798  -13.9160 
  10.1116 4292.7339    0.3315    0.3765  179.1633    0.8758   -0.0165   -0.4401   -6.7532   -6.3314    0.0000    0.0000    0.0000    0.0000    3.8160   -0.0205    0.0015    1.0859  -13.7939 
  10.1541 4292.6909    0.1724    0.3587  179.1502    0.2654    0.1056    0.4144   -6.7532   -6.3314    0.0000    0.0000    0.0000    0.0000    3.8160   -0.0176   -0.0039    1.0752  -14.4043 
  10.1966 4292.6484    0.4072    0.2238  179.1365    0.3265    0.1056   -0.1349   -6.7532   -6.3314    0.0000    0.0000    0.0000    0.0000    3.8160   -0.0151   -0.0022    1.0859    0.0000 
  10.2391 4292.6060    0.3162    0.3573  179.1260   -0.4060    0.1666   -0.1349   -6.7532   -6.3314    0.0000    0.0000    0.0000    0.0000    3.8160   -0.0107    0.0076    1.0889  -15.0757 
  10.2816 4292.5635    0.2082    0.7375  179.1169   -0.5891   -7.4017   -0.0738   -6.7532   -6.3314    0.0000    0.0000    0.0000    0.0000    3.8160   -0.0164    0.0261    1.0854    0.0000 
  10.3241 4292.5210    0.5761    0.1413  179.1090    0.3265   -6.7303   -0.2570   -6.7532   -6.3314    0.0000    0.0000    0.0000    0.0000    3.8080   -0.0540    0.0259    1.0696  -14.3433 
  10.3666 4292.4785   -0.2468   -0.2733  179.1125   -0.8332  -14.4208   -0.1349   -6.7532   -6.3314    0.0000    0.0000    0.0000    0.0000    3.8160   -0.0293    0.0200    1.0833    0.0000 
  10.4091 4292.4360   -0.1105   -0.2839  179.1323   -0.4670   -9.4769    1.1469   -6.7532   -6.3314    0.0000    0.0000    0.0000    0.0000    3.8160    0.0237   -0.0627    1.0688  -15.1367 
  10.4516 4292.3936    0.4291    0.6748  179.7892   -1.3825   -1.2982   24.5844   -6.7532   -6.3314    0.0000    0.0000    0.0000    0.0000    3.8160    0.0564   -0.0081    1.0959    0.0000 
  10.4941 4292.3511    2.2218    0.7371  180.2921   54.6478   36.0553   33.1903   -6.7532   -6.3314    0.0000    0.0000    0.0000    0.0000    3.8160   -0.2456   -0.2266    1.7009   39.9780 
  10.5366 4292.3086    4.4051    2.1642  182.9158    0.9978  -11.3690   14.5136   -6.7532   -6.3314    0.0000    0.0000    0.0000    0.0000    3.8160    0.0608   -0.1638    1.6387    0.0000 
  10.5791 4292.2661    6.9167    2.7763  176.8830   63.5589   38.9850 -216.5655   -6.7532   -6.3314    0.0000    0.0000    0.0000    0.0000    3.8080    0.2776   -0.5659    1.3958   48.8892 
  10.6216 4292.2236   12.5551    3.5901  171.9777   88.2171   16.2189  -14.0509   -6.7532   -6.3314    0.0000    0.0000    0.0000    0.0000    3.8160   -0.1477   -0.4187    1.8208    0.0000 
  10.6641 4292.1812   18.2250    1.8799  173.1197   98.7151  -43.3514    5.6635   -6.7532   -6.3314    0.0000    0.0000    0.0000    0.0000    3.8080    0.1445   -0.5845    1.4465   84.0454 
  10.7066 4292.1387   23.9019    2.7968  170.9120  123.7395    5.3546 -104.1388   -6.7532   -6.3314    0.0000    0.0000    0.0000    0.0000    3.8160    0.2195   -0.5945    1.3220    0.0000 
  10.7491 4292.0962   28.5709    3.0421  167.6630  135.7635   14.5709  -84.9737   -6.7532   -6.3314    0.0000    0.0000    0.0000    0.0000    3.8160    0.0461   -0.5972    1.2717  121.0938 
  10.7916 4292.0537   32.2716    0.5985  160.6840  139.4256   28.4259 -184.0948   -6.7532   -6.3314    0.0000    0.0000    0.0000    0.0000    3.8160    0.1406   -0.4924    0.9749    0.0000 
  10.8341 4292.0112   36.9517   -0.4608  154.1052  152.9144   44.3561 -120.8624   -6.7532   -6.3314    0.0000    0.0000    0.0000    0.0000    3.8160   -0.0190   -0.5215    0.9563  138.2446 
  10.8766 4291.9688   40.6730   -3.4350  145.4162  131.7351   59.9811 -175.4889   -6.7532   -6.3314    0.0000    0.0000    0.0000    0.0000    3.8160    0.0500   -0.3142    0.8645    0.0000 
  10.9191 4291.9263   42.9579   -7.3912  135.1564  102.6214   45.5768 -202.9547   -6.7532   -6.3314    0.0000    0.0000    0.0000    0.0000    3.8160    0.1667   -0.2327    0.7480   87.9517 
  10.9616 4291.8838   42.4054  -13.0217  121.4548   70.4559   75.3619 -272.5958   -6.7532   -6.3314    0.0000    0.0000    0.0000    0.0000    3.8160   -0.1658   -0.5552    0.7849    0.0000 
  11.0041 4291.8413   41.8131  -18.9208  108.1248  101.2786   31.2946 -173.8409   -6.7532   -6.3314    0.0000    0.0000    0.0000    0.0000    3.8160   -0.0042   -0.2195    0.6787   86.6089 
  11.0466 4291.7988   41.0704  -21.5665   99.9785   56.0516   49.5441 -171.5826   -6.7532   -6.3314    0.0000    0.0000    0.0000    0.0000    3.8160    0.0215   -0.3645    0.5706    0.0000 
  11.0891 4291.7563   37.8583  -23.9549   90.2770   36.8255   66.2067 -188.6725   -6.7532   -6.3314    0.0000    0.0000    0.0000    0.0000    3.8080   -0.3477   -0.2793    0.7412   22.1558 
  11.1316 4291.7139   34.2048  -26.1588   82.4256   25.6561   39.8395 -124.5856   -6.7532   -6.3314    0.0000    0.0000    0.0000    0.0000    3.8160   -0.2542   -0.3325    0.6042    0.0000 
  11.1741 4291.6714   30.8840  -25.6098   76.8893    7.2234   72.3102 -154.3707   -6.7532   -6.3314    0.0000    0.0000    0.0000    0.0000    3.8080   -0.3015   -0.3484    0.5894   -7.4463 
  11.2166 4291.6284   26.3267  -26.1750   70.4599    6.9183   53.2062 -104.6881   -6.7532   -6.3314    0.0000    0.0000    0.0000    0.0000    3.8160   -0.2888   -0.2341    0.6382    0.0000 
  11.2591 4291.5859   24.3284  -25.6453   66.8517  -23.1110   61.2018 -100.7208   -6.7532   -6.3314    0.0000    0.0000    0.0000    0.0000    3.8160   -0.3887   -0.3813    0.6792  -37.7808 
  11.3016 4291.5435   22.5507  -26.3835   62.0800  -27.5666   50.0934 -107.4347   -6.7532   -6.3314    0.0000    0.0000    0.0000    0.0000    3.8160   -0.4026   -0.3728    0.7195    0.0000 
  11.3441 4291.5010   21.6806  -25.2931   59.7020  -24.0266   35.0787  -41.6388   -6.7532   -6.3314    0.0000    0.0000    0.0000    0.0000    3.8160   -0.4089   -0.3779    0.8130  -38.6963 
  11.3866 4291.4585   21.2974  -25.7287   58.5203  -38.8581   29.2804  -47.8644   -6.7532   -6.3314    0.0000    0.0000    0.0000    0.0000    3.8160   -0.4739   -0.3979    0.8799    0.0000 
  11.4291 4291.4160   19.1866  -24.3575   57.0191  -54.7272   16.6461  -61.5363   -6.7532   -6.3314    0.0000    0.0000    0.0000    0.0000    3.8160   -0.4509   -0.3669    0.9282  -69.3970 
  11.4716 4291.3735   18.7379  -25.7312   56.3083  -17.3737  -17.7777   10.4852   -6.7532   -6.3314    0.0000    0.0000    0.0000    0.0000    3.8160   -0.5017   -0.4700    0.9226  -32.0435 
  11.5141 4291.3311   20.5216  -26.2182   57.5829  -20.3645  -42.3138    7.5555   -6.7532   -6.3314    0.0000    0.0000    0.0000    0.0000    3.8160   -0.4644   -0.4292    1.0112  -35.0342 
  11.5566 4291.2886   21.1924  -27.4092   58.0073  -10.9650  -34.6234   -2.2101   -6.7532   -6.3314    0.0000    0.0000    0.0000    0.0000    3.8160   -0.5447   -0.4417    0.9204    0.0000 
  11.5991 4291.2461   23.5600  -29.4321   57.5102   29.5013  -46.2201  -14.6002   -6.7532   -6.3314    0.0000    0.0000    0.0000    0.0000    3.8160   -0.3838   -0.4229    0.7654   14.8315 
  11.6416 4291.2036   23.2897  -29.8017   55.7857   23.9471  -17.6556  -70.2032   -6.7532   -6.3314    0.0000    0.0000    0.0000    0.0000    3.8160   -0.4004   -0.2490    0.8533    0.0000 
  11.6841 4291.1611   20.3962  -30.1145   52.1488   17.3553   -3.7396 -112.4396   -6.7532   -6.3314    0.0000    0.0000    0.0000    0.0000    3.8160   -0.3669   -0.2539    0.8599    2.6855 
  11.7266 4291.1187   18.2354  -29.5678   48.1867   34.8724    2.0587  -91.4435   -6.7532   -6.3314    0.0000    0.0000    0.0000    0.0000    3.8160   -0.3740   -0.2202    0.8494    0.0000 
  11.7691 4291.0762   16.1617  -28.9641   44.4987   25.6561    6.5753  -87.5983   -6.7532   -6.3314    0.0000    0.0000    0.0000    0.0000    3.8160   -0.4080   -0.1501    0.8796   10.9863 
  11.8116 4291.0337   13.4061  -29.0890   41.2131   33.7127  -19.4257  -53.9679   -6.7532   -6.3314    0.0000    0.0000    0.0000    0.0000    3.8160   -0.4028   -0.1921    0.7490    0.0000 
  11.8541 4290.9912   14.1482  -28.6648   39.9077   44.0887  -19.3646    1.6962   -6.7532   -6.3314    0.0000    0.0000    0.0000    0.0000    3.8160   -0.3923   -0.1965    0.6748   29.4189 
  11.8966 4290.9487   16.0251  -31.4416   38.2121   37.1917   -5.8148  -26.9904   -6.7532   -6.3314    0.0000    0.0000    0.0000    0.0000    3.8160   -0.5828   -0.2793    0.7036    0.0000 
  11.9391 4290.9062   17.9518  -34.7018   35.8323   69.7845  -24.3085    8.4711   -6.7532   -6.3314    0.0000    0.0000    0.0000    0.0000    3.8160   -0.6313   -0.3335    0.7461   55.1147 
  11.9816 4290.8638   22.8601  -35.6254   34.6701   73.0804    1.2653   21.7157   -6.7532   -6.3314    0.0000    0.0000    0.0000    0.0000    3.8240   -0.5588   -0.4651    0.8965    0.0000 
  12.0241 4290.8213   24.7076  -33.0452   33.0350   24.1302   63.6432  -88.1476   -6.7532   -6.3314    0.0000    0.0000    0.0000    0.0000    3.8240   -0.8140   -0.7100    1.2483    9.4604 
  12.0666 4290.7788   24.3743  -34.0123   27.4966   66.5496   41.9147  -67.7008   -6.7532   -6.3314    0.0000    0.0000    0.0000    0.0000    3.8240   -0.7944   -0.6079    1.1355    0.0000 
  12.1091 4290.7363   24.7627  -32.3043   24.8576   35.1775   45.5768  -85.0348   -6.7532   -6.3314    0.0000    0.0000    0.0000    0.0000    3.8240   -0.4360   -0.2937    0.8965   20.5078 
  12.1516 4290.6938   20.6147  -31.8082   19.7658   19.8577   35.7501 -124.2804   -6.7532   -6.3314    0.0000    0.0000    0.0000    0.0000    3.8240   -0.6104   -0.2959    0.9211    0.0000 
  12.1941 4290.6514   17.4423  -32.2551   16.2978   24.7405    3.5236  -47.8033   -6.7532   -6.3314    0.0000    0.0000    0.0000    0.0000    3.8240   -0.4727   -0.2195    0.7473   10.0708 
  12.2366 4290.6089   15.4862  -30.9953   14.2393   14.0594   11.2140  -58.9117   -6.7532   -6.3314    0.0000    0.0000    0.0000    0.0000    3.8240   -0.3813   -0.2029    0.6968    0.0000 
  12.2791 4290.5659   15.6813  -30.4928   11.8784  -11.0261   15.6696  -75.5743   -6.7532   -6.3314    0.0000    0.0000    0.0000    0.0000    3.8240   -0.4751   -0.2681    0.7756  -25.6958 
  12.3216 4290.5234   15.6158  -31.2970   10.0176   -7.8522    3.2794  -21.4362   -6.7532   -6.3314    0.0000    0.0000    0.0000    0.0000    3.8240   -0.5354   -0.2695    0.8459    0.0000 
  12.3641 4290.4810   14.3770  -30.5660   10.1472  -23.5993   -6.6693  -15.8820   -6.7532   -6.3314    0.0000    0.0000    0.0000    0.0000    3.8240   -0.5034   -0.2637    0.8501  -38.2690 
  12.4066 4290.4385   14.6672  -29.4826   10.5273  -38.2478  -10.8807   -9.2902   -6.7532   -6.3314    0.0000    0.0000    0.0000    0.0000    3.8240   -0.4709   -0.3247    0.9080    0.0000 
  12.4491 4290.3960   13.2984  -28.1722   12.3317  -45.4499  -30.9613   26.5985   -6.7532   -6.3314    0.0000    0.0000    0.0000    0.0000    3.8160   -0.5813   -0.2720    1.0659  -60.1196 
  12.4916 4290.3535   13.1204  -27.1663   14.9833  -51.1872  -27.9706   39.1107   -6.7532   -6.3314    0.0000    0.0000    0.0000    0.0000    3.8240   -0.2969   -0.3503    1.0342    0.0000 
  12.5341 4290.3110   13.7607  -26.0623   18.2207  -35.3181   -9.0497   77.5018   -6.7532   -6.3314    0.0000    0.0000    0.0000    0.0000    3.8160   -0.8257   -0.4080    1.2869  -49.9878 
  12.5766 4290.2686   17.2693  -28.2328   22.5416    9.3597  -75.0897  136.3397   -6.7532   -6.3314    0.0000    0.0000    0.0000    0.0000    3.8240   -0.4614   -0.3774    0.8640    0.0000 
  12.6191 4290.2261   19.0234  -27.3867   26.1029   -9.3781   -7.7069    4.0155   -6.7532   -6.3314    0.0000    0.0000    0.0000    0.0000    3.8160   -0.3047   -0.1165    0.7351  -24.0479 
  12.6616 4290.1836   14.9177  -27.2922   24.9123  -30.7404   11.1530  -45.1788   -6.7532   -6.3314    0.0000    0.0000    0.0000    0.0000    3.8240   -0.6062    0.0259    0.9019    0.0000 
  12.7041 4290.1411   11.9523  -28.7610   25.7551  -24.0266  -41.5204   54.4916   -6.7532   -6.3314    0.0000    0.0000    0.0000    0.0000    3.8240   -0.4373   -0.0537    0.6907  -38.6963 
  12.7466 4290.0986   12.3350  -31.4279   28.5751  -27.9328  -28.1537   68.5907   -6.7532   -6.3314    0.0000    0.0000    0.0000    0.0000    3.8240   -0.4419   -0.1912    0.5947    0.0000 
  12.7891 4290.0562   14.3104  -33.4524   31.0725  -19.5710  -21.4398   59.5575   -6.7532   -6.3314    0.0000    0.0000    0.0000    0.0000    3.8240   -0.5237   -0.2915    0.6201  -34.2407 
  12.8316 4290.0137   16.9502  -35.0584   33.2067   -2.7863   -8.9886   68.2245   -6.7532   -6.3314    0.0000    0.0000    0.0000    0.0000    3.8240   -0.6221   -0.3357    0.6377    0.0000 
  12.8741 4289.9712   18.8164  -36.8017   34.7214    3.5613   -5.0214   46.0077   -6.7532   -6.3314    0.0000    0.0000    0.0000    0.0000    3.8240   -0.7473   -0.2864    0.6628  -11.1084 
  12.9166 4289.9287   19.5004  -39.0320   34.7547   16.8060   -2.3968   31.4203   -6.7532   -6.3314    0.0000    0.0000    0.0000    0.0000    3.8240   -0.7058   -0.2727    0.6602    0.0000 
  12.9591 4289.8862   19.8641  -40.6001   34.8035   21.5057    0.2887   32.3358   -6.7532   -6.3314    0.0000    0.0000    0.0000    0.0000    3.8240   -0.7529   -0.3372    0.8013    6.8359 
  13.0016 4289.8438   21.3653  -38.6850   34.9967    5.5755   34.4684  -26.1359   -6.7532   -6.3314    0.0000    0.0000    0.0000    0.0000    3.8240   -0.8989   -0.5579    1.1062    0.0000 
  13.0441 4289.8013   20.5684  -36.4078   34.3617   18.0267   27.5104    2.4896   -6.7532   -6.3314    0.0000    0.0000    0.0000    0.0000    3.8240   -0.8855   -0.5027    1.1509    3.3569 
  13.0866 4289.7588   20.6284  -33.8727   34.5070    8.1390   23.7872  -23.7555   -6.7532   -6.3314    0.0000    0.0000    0.0000    0.0000    3.8240   -0.5635   -0.3999    0.9670    0.0000 
  13.1291 4289.7163   17.2466  -33.3722   32.2656  -19.5710   18.9044 -101.9415   -6.7532   -6.3314    0.0000    0.0000    0.0000    0.0000    3.8240   -0.8496   -0.3953    1.1143  -34.2407 
  13.1716 4289.6738   14.0194  -35.3935   29.4776    0.5706  -31.2054  -35.1691   -6.7532   -6.3314    0.0000    0.0000    0.0000    0.0000    3.8240   -0.5637   -0.1782    0.8083    0.0000 
  13.2141 4289.6313   11.0236  -35.7741   28.5794  -18.2893  -30.6561  -55.9821   -6.7532   -6.3314    0.0000    0.0000    0.0000    0.0000    3.8240   -0.3916   -0.0623    0.7151  -32.9590 
  13.2566 4289.5889    8.0648  -35.2132   27.5831  -43.3137  -23.5760  -55.6158   -6.7532   -6.3314    0.0000    0.0000    0.0000    0.0000    3.8240   -0.3521   -0.1709    0.6838    0.0000 
  13.2991 4289.5464    7.8869  -34.7417   27.5276  -23.3552  -23.0878   -6.1163   -6.7532   -6.3314    0.0000    0.0000    0.0000    0.0000    3.8240   -0.4536   -0.2283    0.7571  -38.0249 
  13.3416 4289.5034    8.1469  -34.1114   28.9704  -31.2897  -41.3983   23.5468   -6.7532   -6.3314    0.0000    0.0000    0.0000    0.0000    3.8240   -0.4453   -0.1128    0.7830    0.0000 
  13.3841 4289.4609    7.7912  -33.4606   30.7566  -44.8396  -29.8016   17.5653   -6.7532   -6.3314    0.0000    0.0000    0.0000    0.0000    3.8240   -0.4121   -0.2158    0.7993  -59.5093 
  13.4266 4289.4185    8.7906  -32.6747   33.5186  -38.6750  -37.0648   62.1210   -6.7532   -6.3314    0.0000    0.0000    0.0000    0.0000    3.8160   -0.4998   -0.1677    0.8828    0.0000 
  13.4691 4289.3760    9.3284  -31.4362   37.4138  -67.3615   -6.9745   44.9091   -6.7532   -6.3314    0.0000    0.0000    0.0000    0.0000    3.8240   -0.3752   -0.2371    1.0049  -82.0312 
  13.5116 4289.3335    8.0038  -29.7389   40.2284  -87.6862   32.6373   19.3353   -6.7532   -6.3314    0.0000    0.0000    0.0000    0.0000    3.8160   -1.0095   -0.3040    1.3167    0.0000 
  13.5541 4289.2910    9.3762  -30.7137   43.7629  -36.2946  -44.8773  111.0712   -6.7532   -6.3314    0.0000    0.0000    0.0000    0.0000    3.8240   -0.5989   -0.3115    1.0122  -50.9644 
  13.5966 4289.2485   10.0780  -28.7693   47.3246  -81.2165   46.6754  -30.5914   -6.7532   -6.3314    0.0000    0.0000    0.0000    0.0000    3.8240   -0.3528   -0.1743    0.8401    0.0000 
  13.6391 4289.2061    4.3174  -27.0073   45.1864  -58.6335   78.5968 -107.3126   -6.7532   -6.3314    0.0000    0.0000    0.0000    0.0000    3.8240   -0.7061   -0.0166    0.9832  -73.3032 
  13.6816 4289.1636    0.8705  -27.3583   45.0142  -40.2009   -2.3968   45.1532   -6.7532   -6.3314    0.0000    0.0000    0.0000    0.0000    3.8240   -0.5039    0.0933    0.7129    0.0000 
  13.7241 4289.1211   -0.1903  -29.6715   49.2972  -66.0188   -0.1996   85.1312   -6.7532   -6.3314    0.0000    0.0000    0.0000    0.0000    3.8240   -0.4709   -0.0554    0.6042  -80.6885 
  13.7666 4289.0786   -0.6716  -31.6376   52.0072  -42.0930  -11.6742   19.9457   -6.7532   -6.3314    0.0000    0.0000    0.0000    0.0000    3.8240   -0.6252   -0.0330    0.7244    0.0000 
  13.8091 4289.0361   -0.0692  -34.9598   55.5381  -34.2194  -24.6136  102.7704   -6.7532   -6.3314    0.0000    0.0000    0.0000    0.0000    3.8240   -0.4958   -0.0186    0.5676  -48.8892 
  13.8516 4288.9937    1.1158  -36.3782   59.2361  -34.2805  -27.7264   63.0975   -6.7532   -6.3314    0.0000    0.0000    0.0000    0.0000    3.8240   -0.5422    0.1523    0.8267    0.0000 
  13.8941 4288.9512    0.0404  -35.7774   62.5603  -72.7326   -0.5048   49.1205   -6.7532   -6.3314    0.0000    0.0000    0.0000    0.0000    3.8240   -0.4756   -0.3503    0.7500  -87.4023 
  13.9366 4288.9087    2.5829  -34.6922   65.0970    3.7444   -4.2279   74.1449   -6.7532   -6.3314    0.0000    0.0000    0.0000    0.0000    3.8240   -0.3633   -0.3000    1.3779    0.0000 
  13.9791 4288.8662    4.4976  -31.8785   67.9586  -40.6892   44.6002   30.9930   -6.7532   -6.3314    0.0000    0.0000    0.0000    0.0000    3.8240   -0.8208   -0.4497    1.4829  -55.3589 
  14.0216 4288.8237    7.7029  -30.2127   69.8910   15.4632  -11.0638   90.1361   -6.7532   -6.3314    0.0000    0.0000    0.0000    0.0000    3.8240   -0.4692   -0.5049    1.1958    0.0000 
  14.0641 4288.7812   10.8251  -28.4097   72.3337  -16.1530   18.6603  -10.7550   -6.7532   -6.3314    0.0000    0.0000    0.0000    0.0000    3.8240   -0.4297   -0.3179    1.0681  -30.8228 
  14.1066 4288.7388    7.8690  -25.5795   70.9896  -30.0690   29.2804  -50.7330   -6.7532   -6.3314    0.0000    0.0000    0.0000    0.0000    3.8240   -0.3511    0.0159    0.9407    0.0000 
  14.1491 4288.6963    5.4240  -26.2099   71.7463  -20.6086  -13.2001   52.6605   -6.7532   -6.3314    0.0000    0.0000    0.0000    0.0000    3.8240   -0.6628   -0.0933    1.1033  -35.2783 
  14.1916 4288.6538    7.6999  -27.2941   76.6044  -59.9152  -54.3378   99.1693   -6.7532   -6.3314    0.0000    0.0000    0.0000    0.0000    3.8240   -0.3418   -0.3105    0.6953    0.0000 
  14.2341 4288.6113    8.0679  -27.8336   79.1187  -65.5915  -11.9183  -16.7975   -6.7532   -6.3314    0.0000    0.0000    0.0000    0.0000    3.8240   -0.2349   -0.2444    0.6199  -80.2612 
  14.2766 4288.5688    6.1200  -26.2732   81.8868  -66.5070  -17.6556   86.9013   -6.7532   -6.3314    0.0000    0.0000    0.0000    0.0000    3.8240   -0.3169   -0.0159    0.8813    0.0000 
  14.3191 4288.5264    7.1284  -26.2879   87.6208  -41.4216  -24.5526  137.0111   -6.7532   -6.3314    0.0000    0.0000    0.0000    0.0000    3.8240   -0.8127   -0.4546    1.0435  -56.0913 
  14.3616 4288.4839   10.5549  -28.4511   93.5628  -31.5339  -32.2430  148.6688   -6.7532   -6.3314    0.0000    0.0000    0.0000    0.0000    3.8240   -0.8088   -0.2717    0.9905    0.0000 
  14.4041 4288.4409   11.3696  -29.9390   97.4133  -64.3098   28.7921   10.4242   -6.7532   -6.3314    0.0000    0.0000    0.0000    0.0000    3.8240   -0.7407   -0.3586    0.8579  -78.9795 
  14.4466 4288.3984    9.6224  -29.9170   97.1240  -36.6608   32.3932  -27.9669   -6.7532   -6.3314    0.0000    0.0000    0.0000    0.0000    3.8240   -1.1033   -0.2942    1.2461    0.0000 
  14.4891 4288.3560    9.8647  -31.6418   99.5226  -51.6145  -34.9896  101.6718   -6.7532   -6.3314    0.0000    0.0000    0.0000    0.0000    3.8240   -0.6072   -0.2634    0.9395  -66.2842 
  14.5316 4288.3135   12.1411  -31.6491  104.1375  -47.2199   15.9747   44.5428   -6.7532   -6.3314    0.0000    0.0000    0.0000    0.0000    3.8240   -0.6675   -0.3425    0.7979    0.0000 
  14.5741 4288.2710   11.0686  -32.6357  105.8318  -25.7355  -18.0219   52.2943   -6.7532   -6.3314    0.0000    0.0000    0.0000    0.0000    3.8240   -0.5549   -0.0745    0.8010  -40.4053 
  14.6166 4288.2285    9.6147  -33.8239  108.8522  -30.0080  -21.6229   63.2806   -6.7532   -6.3314    0.0000    0.0000    0.0000    0.0000    3.8240   -0.5422   -0.1301    0.7451    0.0000 
  14.6591 4288.1860    8.2558  -36.0332  110.5306  -34.4636   -7.3407   10.4242   -6.7532   -6.3314    0.0000    0.0000    0.0000    0.0000    3.8240   -0.5205   -0.0845    0.6240  -49.1333 
  14.7016 4288.1436    7.7925  -38.0460  111.0543   -9.9274    0.4108   14.5746   -6.7532   -6.3314    0.0000    0.0000    0.0000    0.0000    3.8240   -0.6436   -0.1057    0.6936    0.0000 
  14.7441 4288.1011    6.2036  -39.3636  111.9398  -13.8947   -9.2328   11.5228   -6.7532   -6.3314    0.0000    0.0000    0.0000    0.0000    3.8240   -0.7129   -0.0173    0.7822  -28.5645 
  14.7866 4288.0586    3.2887  -40.6855  111.7671  -10.7819   -9.9652  -25.8917   -6.7532   -6.3314    0.0000    0.0000    0.0000    0.0000    3.8240   -0.6150   -0.0352    0.6804    0.0000 
  14.8291 4288.0161    4.6874  -42.2404  111.2063   11.8621   -6.4862   -6.8488   -6.7532   -6.3314    0.0000    0.0000    0.0000    0.0000    3.8240   -0.7319   -0.1284    0.6975   -2.8076 
  14.8716 4287.9736    4.7649  -43.8093  109.8618   31.0882   -8.3783  -32.9108   -6.7532   -6.3314    0.0000    0.0000    0.0000    0.0000    3.8240   -0.6948   -0.0867    0.7039    0.0000 
  14.9141 4287.9312    5.8533  -42.7497  107.1210   37.4969   17.4396  -76.3068   -6.7532   -6.3314    0.0000    0.0000    0.0000    0.0000    3.8240   -0.6841   -0.3975    0.9111   22.8271 
  14.9566 4287.8887    8.0254  -41.1324  103.9235   58.6150   28.8531  -44.5074   -6.7532   -6.3314    0.0000    0.0000    0.0000    0.0000    3.8240   -0.9961   -0.4543    1.2168    0.0000 
  14.9991 4287.8462   10.0454  -39.5632  101.1754   40.9148    3.5236  -49.8785   -6.7532   -6.3314    0.0000    0.0000    0.0000    0.0000    3.8240   -0.5344   -0.2734    0.8511   26.2451 
  15.0416 4287.8037   10.2613  -37.1456   98.1410   32.1868   41.4874  -94.4952   -6.7532   -6.3314    0.0000    0.0000    0.0000    0.0000    3.8240   -0.4944   -0.2375    0.8369    0.0000 
  15.0841 4287.7612    9.7339  -34.3675   94.3894   40.4266   19.5758  -76.5509   -6.7532   -6.3314    0.0000    0.0000    0.0000    0.0000    3.8240   -0.5410   -0.1541    0.8196   25.7568 
  15.1266 4287.7188    8.7670  -32.4302   91.7982   27.4871   22.0782  -51.0382   -6.7532   -6.3314    0.0000    0.0000    0.0000    0.0000    3.8240   -0.3562   -0.0334    0.7537    0.0000 
  15.1691 4287.6763    5.7034  -29.5989   89.1677   -7.3029   38.8629  -84.2413   -6.7532   -6.3314    0.0000    0.0000    0.0000    0.0000    3.8240   -0.4580   -0.0322    0.8936  -21.9727 
  15.2116 4287.6338    3.8508  -27.5645   87.3845   -9.9274   12.7399  -30.3473   -6.7532   -6.3314    0.0000    0.0000    0.0000    0.0000    3.8320   -0.5098   -0.0603    0.9131    0.0000 
  15.2541 4287.5913    2.0753  -26.9966   87.1118   -9.6833  -15.6415   14.0863   -6.7532   -6.3314    0.0000    0.0000    0.0000    0.0000    3.8320   -0.4197    0.0632    0.8879  -24.3530 
  15.2966 4287.5488    0.5097  -26.0181   88.7995  -39.2854  -14.4208   34.6552   -6.7532   -6.3314    0.0000    0.0000    0.0000    0.0000    3.8320   -0.2329   -0.0115    0.7983    0.0000 
  15.3391 4287.5063    1.0529  -25.4389   90.7428  -44.3513    4.9884   33.3734   -6.7532   -6.3314    0.0000    0.0000    0.0000    0.0000    3.8320   -0.5876   -0.1228    1.0549  -59.0210 
  15.3816 4287.4639    2.8191  -26.2693   94.2472  -44.9006  -33.5858   96.3007   -6.7532   -6.3314    0.0000    0.0000    0.0000    0.0000    3.8240   -0.4255   -0.1990    1.0386    0.0000 
  15.4241 4287.4214    4.8294  -26.0808   98.2512  -41.9709   24.5197   62.0599   -6.7532   -6.3314    0.0000    0.0000    0.0000    0.0000    3.8240   -0.8975   -0.4353    1.2095  -56.6406 
  15.4666 4287.3784    6.1266  -28.0023  100.8911  -19.5100  -44.4501   74.3890   -6.7532   -6.3314    0.0000    0.0000    0.0000    0.0000    3.8320   -0.6775   -0.1638    1.0667    0.0000 
  15.5091 4287.3359    7.8652  -27.7917  104.3230  -44.3513  -12.7728   46.2518   -6.7532   -6.3314    0.0000    0.0000    0.0000    0.0000    3.8320   -0.3706   -0.1741    0.7983  -59.0210 
  15.5516 4287.2935    5.8298  -26.7244  105.6570  -39.7126   15.0592    1.2079   -6.7532   -6.3314    0.0000    0.0000    0.0000    0.0000    3.8320   -0.5154   -0.0457    0.8796    0.0000 
  15.5941 4287.2510    3.1006  -27.9876  107.2641  -33.3039  -31.5717   53.7592   -6.7532   -6.3314    0.0000    0.0000    0.0000    0.0000    3.8320   -0.4175    0.0754    0.7693  -47.9736 
  15.6366 4287.2085    1.8515  -28.5603  110.5614  -54.6052  -11.7963   60.9003   -6.7532   -6.3314    0.0000    0.0000    0.0000    0.0000    3.8240   -0.4016   -0.0615    0.6235    0.0000 
  15.6791 4287.1660    2.6284  -30.7093  113.3894  -28.9704  -11.4911   54.4916   -6.7532   -6.3314    0.0000    0.0000    0.0000    0.0000    3.8240   -0.5283   -0.0715    0.6675  -43.6401 
  15.7216 4287.1235    3.6723  -33.2440  115.9688  -24.3928  -13.5663   60.5341   -6.7532   -6.3314    0.0000    0.0000    0.0000    0.0000    3.8320   -0.6414   -0.0835    0.7766    0.0000 
  15.7641 4287.0811    4.8361  -35.6198  118.0812  -10.8430  -11.1249   42.9559   -6.7532   -6.3314    0.0000    0.0000    0.0000    0.0000    3.8240   -0.7224   -0.0662    0.8105  -25.5127 
  15.8066 4287.0386    3.7895  -37.2961  119.3638  -10.5378   -4.3500   32.0306   -6.7532   -6.3314    0.0000    0.0000    0.0000    0.0000    3.8320   -0.6802   -0.0020    0.8340    0.0000 
  15.8491 4286.9961    2.7798  -37.3607  120.2753  -15.0544   13.5333    1.6351   -6.7532   -6.3314    0.0000    0.0000    0.0000    0.0000    3.8320   -0.6260   -0.1294    0.9026  -29.7241 
  15.8916 4286.9536    4.2557  -34.9210  120.6772  -15.9089   63.0939   -5.9332   -6.7532   -6.3314    0.0000    0.0000    0.0000    0.0000    3.8240   -0.8901   -0.2729    1.1960    0.0000 
  15.9341 4286.9111    5.5615  -34.2767  120.5349    7.5286   22.1393   12.8046   -6.7532   -6.3314    0.0000    0.0000    0.0000    0.0000    3.8320   -0.8311   -0.1265    1.0710   -7.1411 
  15.9766 4286.8687    5.5960  -32.8767  121.4004   -9.8664   15.3033   12.5604   -6.7532   -6.3314    0.0000    0.0000    0.0000    0.0000    3.8240   -0.4368   -0.0938    0.8240    0.0000 
  16.0191 4286.8262    5.8945  -30.0246  121.0279  -34.5246   62.5446  -65.4425   -6.7532   -6.3314    0.0000    0.0000    0.0000    0.0000    3.8320   -0.5552   -0.1411    0.9207  -49.1943 
  16.0616 4286.7837    1.6882  -28.7655  118.9734  -25.4304   41.0602  -66.7242   -6.7532   -6.3314    0.0000    0.0000    0.0000    0.0000    3.8240   -0.5752   -0.0107    0.9912  -40.1001 
  16.1041 4286.7412    0.4565  -25.7786  117.6767  -30.9235   24.2755  -35.5963   -6.7532   -6.3314    0.0000    0.0000    0.0000    0.0000    3.8320   -0.3228   -0.0286    0.8506  -45.5933 
  16.1466 4286.6987   -0.1420  -23.2025  117.1256  -44.7785   43.1964  -38.5260   -6.7532   -6.3314    0.0000    0.0000    0.0000    0.0000    3.8240   -0.4565   -0.0483    0.9246    0.0000 
  16.1891 4286.6562   -0.5714  -22.7529  116.4628  -33.4260    8.3453  -16.9806   -6.7532   -6.3314    0.0000    0.0000    0.0000    0.0000    3.8320   -0.3357   -0.0129    0.8606  -48.0957 
  16.2316 4286.6138   -0.5858  -20.5294  117.9419  -36.2946   18.8434   34.9603   -6.7532   -6.3314    0.0000    0.0000    0.0000    0.0000    3.8240   -0.2695   -0.0791    0.8838    0.0000 
  16.2741 4286.5713   -0.0214  -19.6424  119.1465  -53.3234   29.5856   -5.8722   -6.7532   -6.3314    0.0000    0.0000    0.0000    0.0000    3.8320   -0.4526   -0.0332    1.0767  -67.9932 
  16.3166 4286.5288    0.2222  -18.5505  120.3611  -33.9753    6.8195   43.5053   -6.7532   -6.3314    0.0000    0.0000    0.0000    0.0000    3.8320   -0.1475   -0.1816    1.0405    0.0000 
  16.3591 4286.4863    2.2078  -16.5508  122.9019   -4.3732   38.8629   56.4447   -6.7532   -6.3314    0.0000    0.0000    0.0000    0.0000    3.8240   -0.4058   -0.1948    1.2583  -19.0430 
  16.4016 4286.4438    2.4239  -16.5820  124.9247    6.9793    4.8053   49.9750   -6.7532   -6.3314    0.0000    0.0000    0.0000    0.0000    3.8320   -0.3901    0.0686    1.2693    0.0000 
  16.4441 4286.4014    1.3452  -14.4779  126.2280  -20.1203   18.5382    3.7103   -6.7532   -6.3314    0.0000    0.0000    0.0000    0.0000    3.8320   -0.0647    0.0017    1.1138  -34.7900 
  16.4866 4286.3589   -0.6569  -11.3650  126.1901   -6.8757   39.1071   -2.8204   -6.7532   -6.3314    0.0000    0.0000    0.0000    0.0000    3.8320   -0.2424    0.1318    1.0676    0.0000 
  16.5291 4286.3159   -3.0978  -10.8414  126.7060   -4.5564    4.5612   24.8895   -6.7532   -6.3314    0.0000    0.0000    0.0000    0.0000    3.8320   -0.1765    0.2139    0.9719  -19.2261 
  16.5716 4286.2734   -5.6834  -10.9811  128.2413  -24.7590   16.8903   32.6410   -6.7532   -6.3314    0.0000    0.0000    0.0000    0.0000    3.8320   -0.2659    0.1960    0.9172    0.0000 
  16.6141 4286.2310   -8.2716  -12.4100  130.0419  -31.9001    3.5236   33.3734   -6.7532   -6.3314    0.0000    0.0000    0.0000    0.0000    3.8320   -0.2695    0.1921    0.8376  -46.5698 
  16.6566 4286.1885  -10.3167  -14.3909  132.1095  -31.5949   11.2750   28.0634   -6.7532   -6.3314    0.0000    0.0000    0.0000    0.0000    3.8320   -0.2881    0.1660    0.8672    0.0000 
  16.6991 4286.1460  -11.1453  -16.3575  133.6622  -26.7121   11.6412   16.0394   -6.7532   -6.3314    0.0000    0.0000    0.0000    0.0000    3.8320   -0.2986    0.2214    0.9272  -41.3818 
  16.7416 4286.1035  -12.0944  -17.2269  135.3398  -30.6184   12.7399   25.3778   -6.7532   -6.3314    0.0000    0.0000    0.0000    0.0000    3.8320   -0.2959    0.1797    0.9294    0.0000 
  16.7841 4286.0610  -10.7803  -16.6356  136.1906  -18.5334   21.8951    9.5087   -6.7532   -6.3314    0.0000    0.0000    0.0000    0.0000    3.8240   -0.3801    0.1863    1.0354  -33.2031 
  16.8266 4286.0186  -11.2650  -16.8171  136.9123  -25.1862   -4.4110    6.9452   -6.7532   -6.3314    0.0000    0.0000    0.0000    0.0000    3.8320   -0.2498    0.2200    1.0737    0.0000 
  16.8691 4285.9761  -11.4566  -15.0207  137.0868  -32.3884   10.4816   -3.0035   -6.7532   -6.3314    0.0000    0.0000    0.0000    0.0000    3.8320   -0.0825   -0.0281    1.0457  -47.0581 
  16.9116 4285.9336   -9.6880  -13.1570  137.3340   10.9466   23.3600   34.2279   -6.7532   -6.3314    0.0000    0.0000    0.0000    0.0000    3.8320   -0.1545   -0.0649    1.0322    0.0000 
  16.9541 4285.8911   -7.2412  -10.7466  138.4355   -1.6267   33.6139   12.3163   -6.7532   -6.3314    0.0000    0.0000    0.0000    0.0000    3.8240   -0.0750    0.0369    1.1492  -16.2964 
  16.9966 4285.8486   -6.0724   -6.8964  137.5720   -6.3874   60.9576  -34.7418   -6.7532   -6.3314    0.0000    0.0000    0.0000    0.0000    3.8320    0.0459   -0.0664    1.0640    0.0000 
  17.0391 4285.8062   -3.9859   -3.9715  136.5961   12.7166   58.3331   -3.7970   -6.7532   -6.3314    0.0000    0.0000    0.0000    0.0000    3.8320   -0.2903   -0.1050    1.2380   -1.9531 
  17.0816 4285.7637   -1.3784   -3.5048  137.6456    8.1390    3.3405   54.6747   -6.7532   -6.3314    0.0000    0.0000    0.0000    0.0000    3.8320   -0.0098   -0.0715    1.1084    0.0000 
  17.1241 4285.7212    0.4649   -1.5422  140.5482   15.4632   20.7965   64.0741   -6.7532   -6.3314    0.0000    0.0000    0.0000    0.0000    3.8320   -0.0117   -0.0408    1.1331    0.7935 
  17.1666 4285.6787    1.5279   -1.9427  141.7351    9.4207   29.0363    9.2645   -6.7532   -6.3314    0.0000    0.0000    0.0000    0.0000    3.8320   -0.2258   -0.0178    1.1533    0.0000 
  17.2091 4285.6362    3.1708   -2.4958  141.8090  -11.6975   -2.1527   -0.4401   -6.7532   -6.3314    0.0000    0.0000    0.0000    0.0000    3.8320    0.0076   -0.1799    0.9836  -26.3672 
  17.2516 4285.5938    5.3594   -0.3933  141.7748   12.7166   32.5153  -11.4264   -6.7532   -6.3314    0.0000    0.0000    0.0000    0.0000    3.8320   -0.0056   -0.1426    1.0342    0.0000 
  17.2941 4285.5513    5.5301   -0.9045  141.5302   19.9798   23.9093   22.6923   -6.7532   -6.3314    0.0000    0.0000    0.0000    0.0000    3.8320   -0.1196    0.0471    1.1799    5.3101 
  17.3366 4285.5088    3.5754   -0.8867  142.7437   -8.7067   -4.7162   18.7860   -6.7532   -6.3314    0.0000    0.0000    0.0000    0.0000    3.8320   -0.0352   -0.0178    1.1646    0.0000 
  17.3791 4285.4663    3.8238   -1.5984  142.4537   10.9466   31.2946  -19.9713   -6.7532   -6.3314    0.0000    0.0000    0.0000    0.0000    3.8320   -0.1404   -0.0833    1.1487   -3.7231 
  17.4216 4285.4238    3.5886   -0.7529  141.9053    7.6507   13.0450   -7.8864   -6.7532   -6.3314    0.0000    0.0000    0.0000    0.0000    3.8240    0.0095   -0.0439    1.0649    0.0000 
  17.4641 4285.3813    2.1234    0.4803  141.3663   24.0691   44.9054   -8.6798   -6.7532   -6.3314    0.0000    0.0000    0.0000    0.0000    3.8320    0.0525    0.0586    1.2683    9.3994 
  17.5066 4285.3389    3.1485    5.7746  142.2903   62.8265  107.4054   48.0829   -6.7532   -6.3314    0.0000    0.0000    0.0000    0.0000    3.8320    0.0476    0.0386    1.1177    0.0000 
  17.5491 4285.2964    5.3646    4.6651  143.9269  -45.5109   38.7408   40.9418   -6.7532   -6.3314    0.0000    0.0000    0.0000    0.0000    3.8320    0.1465   -0.0205    1.0854  -60.1807 
  17.5916 4285.2534    7.6325    4.7164  142.7507   -0.4060    4.0729  -33.5211   -6.7532   -6.3314    0.0000    0.0000    0.0000    0.0000    3.8240    0.1287   -0.2805    1.0542    0.0000 
  17.6341 4285.2109    5.7466    3.7727  142.1593    9.2376   -7.1576   -2.0880   -6.7532   -6.3314    0.0000    0.0000    0.0000    0.0000    3.8320    0.0339   -0.0461    1.0708   -5.4321 
  17.6766 4285.1685    3.3496    2.8314  142.0228    4.6600    2.1198    0.2313   -6.7532   -6.3314    0.0000    0.0000    0.0000    0.0000    3.8240    0.0579    0.0049    1.0613    0.0000 
  17.7191 4285.1260    2.0756    1.7703  141.9797   -2.3591    5.2325   -0.1349   -6.7532   -6.3314    0.0000    0.0000    0.0000    0.0000    3.8320    0.0537    0.0220    1.1741  -17.0288 
  17.7616 4285.0835    2.0767    1.7556  141.9692   -3.8239   -0.5658   -0.6232   -6.7532   -6.3314    0.0000    0.0000    0.0000    0.0000    3.8320    0.0212    0.0178    1.0964    0.0000 
  17.8041 4285.0410    1.5748    1.7367  141.9585   -1.5046   -0.0165   -0.5621   -6.7532   -6.3314    0.0000    0.0000    0.0000    0.0000    3.8320    0.0168   -0.0020    1.0723  -16.1743 
  17.8466 4284.9985    1.0011    1.7259  141.9464    0.5096    0.5328   -0.1959   -6.7532   -6.3314    0.0000    0.0000    0.0000    0.0000    3.8320    0.0149   -0.0078    1.0952    0.0000 
  17.8891 4284.9561    1.5273    1.8196  141.9341   -0.0397    0.1056   -0.0128   -6.7532   -6.3314    0.0000    0.0000    0.0000    0.0000    3.8320    0.0161   -0.0195    1.0801  -14.7095 
  17.9316 4284.9136    1.8279    1.4331  141.9198    0.5706   -0.2606   -0.0738   -6.7532   -6.3314    0.0000    0.0000    0.0000    0.0000    3.8320    0.0103   -0.0229    1.0903    0.0000 
  17.9741 4284.8711    1.5488    1.9184  141.9259   -0.0397   -0.0775    0.2924   -6.7532   -6.3314    0.0000    0.0000    0.0000    0.0000    3.8320    0.0183   -0.0166    1.0781  -14.7095 
  18.0166 4284.8286    1.5228    2.1316  141.9222    0.8147    0.2887   -0.5011   -6.7532   -6.3314    0.0000    0.0000    0.0000    0.0000    3.8320    0.0283   -0.0195    1.0881    0.0000 
  18.0591 4284.7861    1.9090    2.0189  141.9115   -0.1618   -0.2606   -0.3180   -6.7532   -6.3314    0.0000    0.0000    0.0000    0.0000    3.8320    0.0181   -0.0278    1.0771  -14.8315 
  18.1016 4284.7437    1.8874    2.1036  141.8969    0.0213    0.5939   -0.2570   -6.7532   -6.3314    0.0000    0.0000    0.0000    0.0000    3.8320    0.0217   -0.0229    1.0918    0.0000 
  18.1441 4284.7012    1.6601    2.0812  141.8842    0.6316   -0.5048   -0.6842   -6.7532   -6.3314    0.0000    0.0000    0.0000    0.0000    3.8320    0.0200   -0.0217    1.0825  -14.0381 
  18.1866 4284.6587    1.4586    1.3252  141.8687   -0.2229    0.2887   -0.3790   -6.7532   -6.3314    0.0000    0.0000    0.0000    0.0000    3.8320    0.0071   -0.0166    1.0737    0.0000 
  18.2291 4284.6162    1.6092    1.8016  141.8666    0.3265   -0.2606   -0.1959   -6.7532   -6.3314    0.0000    0.0000    0.0000    0.0000    3.8320    0.0173   -0.0195    1.0793  -14.3433 
  18.2716 4284.5737    1.8213    1.9304  141.8571    0.9368    0.0446   -0.2570   -6.7532   -6.3314    0.0000    0.0000    0.0000    0.0000    3.8320    0.0193   -0.0251    1.0688    0.0000 
  18.3141 4284.5312    1.7094    1.5669  141.8377   -0.7722   -0.3217   -0.3180   -6.7532   -6.3314    0.0000    0.0000    0.0000    0.0000    3.8320    0.0103   -0.0237    1.0862  -15.4419 
  18.3566 4284.4888    1.8424    1.9223  141.8419   -0.3449    0.0446    0.0482   -6.7532   -6.3314    0.0000    0.0000    0.0000    0.0000    3.8320    0.0161   -0.0271    1.0728    0.0000 
  18.3991 4284.4463    1.4521    2.0832  141.8414    0.9368    0.0446   -0.0738   -6.7532   -6.3314    0.0000    0.0000    0.0000    0.0000    3.8320    0.0217   -0.0146    1.0793  -13.7329 
  18.4416 4284.4038    1.4870    2.1147  141.8339   -0.6501   -0.0775    0.1703   -6.7532   -6.3314    0.0000    0.0000    0.0000    0.0000    3.8320    0.0249   -0.0215    1.0859    0.0000 
  18.4841 4284.3613    1.5349    2.1695  141.8344   -0.2839   -0.1996   -0.0738   -6.7532   -6.3314    0.0000    0.0000    0.0000    0.0000    3.8320    0.0266   -0.0217    1.0815  -14.9536 
  18.5266 4284.3188    1.4646    1.9691  141.8159   -0.5891   -0.1996   -0.2570   -6.7532   -6.3314    0.0000    0.0000    0.0000    0.0000    3.8320    0.0222   -0.0125    1.0862    0.0000 
  18.5691 4284.2764    1.3438    1.8908  141.8058   -0.2839    0.0446    0.1093   -6.7532   -6.3314    0.0000    0.0000    0.0000    0.0000    3.8320    0.0315   -0.0127    1.0820  -14.9536 
  18.6116 4284.2339    2.0164    1.9704  141.7928    0.1434   -0.0165   -0.3180   -6.7532   -6.3314    0.0000    0.0000    0.0000    0.0000    3.8320    0.0200   -0.0293    1.0798    0.0000 
  18.6541 4284.1909    1.2661    2.2634  141.7881    0.0823    0.0446    0.1093   -6.7532   -6.3314    0.0000    0.0000    0.0000    0.0000    3.8320    0.0278   -0.0125    1.0815  -14.5874 
  18.6966 4284.1484    1.5332    1.7145  141.7732    1.0589   -0.1385   -0.5011   -6.7532   -6.3314    0.0000    0.0000    0.0000    0.0000    3.8320    0.0137   -0.0269    1.0793    0.0000 
  18.7391 4284.1060    1.6842    1.7892  141.7664    0.0823   -0.0165    0.0482   -6.7532   -6.3314    0.0000    0.0000    0.0000    0.0000    3.8240    0.0151   -0.0205    1.0767  -14.5874 
  18.7816 4284.0635    1.5543    2.1418  141.7697   -1.0163   -0.0775   -0.2570   -6.7532   -6.3314    0.0000    0.0000    0.0000    0.0000    3.8320    0.0225   -0.0186    1.0916    0.0000 
  18.8241 4284.0210    1.3748    1.6890  141.7482   -0.9553   -0.1385   -0.5621   -6.7532   -6.3314    0.0000    0.0000    0.0000    0.0000    3.8320    0.0151   -0.0161    1.0840  -15.6250 
  18.8666 4283.9785    1.7320    2.2272  141.7434    0.5706   -0.0775   -0.3180   -6.7532   -6.3314    0.0000    0.0000    0.0000    0.0000    3.8320    0.0239   -0.0210    1.0740    0.0000 
  18.9091 4283.9360    1.7085    2.2563  141.7370   -0.1008   -0.4437   -0.1959   -6.7532   -6.3314    0.0000    0.0000    0.0000    0.0000    3.8320    0.0269   -0.0249    1.0796  -14.7705 
  18.9516 4283.8936    0.8139    2.0680  141.7142   -0.4060   -0.1385   -0.8063   -6.7532   -6.3314    0.0000    0.0000    0.0000    0.0000    3.8320    0.0212   -0.0054    1.0840    0.0000 
  18.9941 4283.8511    1.5158    1.9859  141.7213    0.4485   -0.0165    0.0482   -6.7532   -6.3314    0.0000    0.0000    0.0000    0.0000    3.8320    0.0229   -0.0142    1.0833  -14.2212 
  19.0366 4283.8086    1.5187   