   0.0016 4290.9995   -0.1237   -0.0700  179.9993    0.5427   -0.0660   -0.2930    0.0000    0.0000    0.0000    0.0000    0.0000    0.0000    4.1440   -0.0046    0.0083    1.0842    0.0000 
   0.0441 4290.9570   -0.5889   -0.1137  180.0038   -0.0677   -0.0660    0.5004    0.0000    0.0000    0.0000    0.0000    0.0000    0.0000    4.1360   -0.0032    0.0107    1.0808  -15.8691 
   0.0866 4290.9146   -0.3491   -0.3393  180.0134   -0.6780   -0.6153    0.4394    0.0000    0.0000    0.0000    0.0000    0.0000    0.0000    4.1440   -0.0059    0.0105    1.0852  -16.4795 
   0.1291 4290.8721   -0.3342   -0.4922  180.0163   -0.1897    0.1781    0.1342    0.0000    0.0000    0.0000    0.0000    0.0000    0.0000    4.1440   -0.0139    0.0093    1.0942  -15.9912 
   0.1716 4290.8296   -0.1016   -0.6394  180.0091    0.1154    0.1781   -0.0489    0.0000    0.0000    0.0000    0.0000    0.0000    0.0000    4.1440   -0.0115    0.0144    1.0710  -15.6860 
   0.2141 4290.7871   -0.1470   -0.6464  180.0147   -0.1287    0.2392   -0.1710    0.0000    0.0000    0.0000    0.0000    0.0000    0.0000    4.1360   -0.0095    0.0061    1.0830  -15.9302 
   0.2566 4290.7446   -0.3473   -0.4471  180.0104    0.1154    0.0561   -0.1710    0.0000    0.0000    0.0000    0.0000    0.0000    0.0000    4.1440   -0.0117    0.0022    1.0776  -15.6860 
   0.2991 4290.7021   -0.4031   -0.7166  180.0092    0.2985    0.1171    0.3173    0.0000    0.0000    0.0000    0.0000    0.0000    0.0000    4.1360   -0.0151    0.0100    1.0840  -15.5029 
   0.3416 4290.6597   -0.2448   -0.3414  180.0129   -0.0677   -0.0050    0.3784    0.0000    0.0000    0.0000    0.0000    0.0000    0.0000    4.1440   -0.0044    0.0085    1.0835  -15.8691 
   0.3841 4290.6172   -0.2831   -0.2443  180.0180   -0.2508    0.0561    0.0732    0.0000    0.0000    0.0000    0.0000    0.0000    0.0000    4.1440   -0.0032    0.0046    1.0847  -16.0522 
   0.4266 4290.5747   -0.3552   -0.5924  180.0272    0.2985    0.0561   -0.2320    0.0000    0.0000    0.0000    0.0000    0.0000    0.0000    4.1440   -0.0090    0.0107    1.0908    0.0000 
   0.4691 4290.5322   -0.4500   -0.3993  180.0350   -0.1897   -0.2491    0.0732    0.0000    0.0000    0.0000    0.0000    0.0000    0.0000    4.1440   -0.0083    0.0083    1.0835  -15.9912 
   0.5116 4290.4897   -0.3825   -0.3104  180.0358   -0.1287    0.1171    0.0732    0.0000    0.0000    0.0000    0.0000    0.0000    0.0000    4.1440   -0.0046    0.0083    1.0813  -15.9302 
   0.5541 4290.4473   -0.5583   -0.3801  180.0372    0.2985    0.4223    0.1342    0.0000    0.0000    0.0000    0.0000    0.0000    0.0000    4.1440   -0.0063    0.0103    1.0762  -15.5029 
   0.5966 4290.4048   -0.3271   -0.2635  180.0392   -0.8001   -0.3712    0.0121    0.0000    0.0000    0.0000    0.0000    0.0000    0.0000    4.1280   -0.0103    0.0005    1.0820    0.0000 
   0.6391 4290.3623   -0.4082   -0.7818  180.0491    0.0544    0.0561    0.3173    0.0000    0.0000    0.0000    0.0000    0.0000    0.0000    4.1440   -0.0107    0.0061    1.0850  -15.7471 
   0.6816 4290.3198   -0.0232   -0.4871  180.0498   -0.0066   -0.0660   -0.1099    0.0000    0.0000    0.0000    0.0000    0.0000    0.0000    4.1440   -0.0093    0.0002    1.0784  -15.8081 
   0.7241 4290.2773   -0.2295   -0.6090  180.0504   -0.0066    0.1781   -0.5982    0.0000    0.0000    0.0000    0.0000    0.0000    0.0000    4.1440   -0.0139    0.0029    1.0825  -15.8081 
   0.7666 4290.2349   -0.2668   -0.8422  180.0440   -0.4339   -0.0050   -0.3541    0.0000    0.0000    0.0000    0.0000    0.0000    0.0000    4.1440   -0.0139    0.0059    1.0869    0.0000 
   0.8091 4290.1924   -0.3934   -0.1639  180.0398    0.0544    0.1171    0.3173    0.0000    0.0000    0.0000    0.0000    0.0000    0.0000    4.1440   -0.0032    0.0090    1.0916  -15.7471 
   0.8516 4290.1499   -0.4609   -0.6414  180.0505   -0.7391   -0.3712   -0.1099    0.0000    0.0000    0.0000    0.0000    0.0000    0.0000    4.1440   -0.0134    0.0081    1.0808  -16.5405 
   0.8941 4290.1069   -0.6315   -0.0691  180.0453    0.2985    0.0561   -0.2320    0.0000    0.0000    0.0000    0.0000    0.0000    0.0000    4.1440   -0.0024    0.0117    1.0842  -15.5029 
   0.9366 4290.0645   -0.4320   -0.6036  180.0501    0.2375   -0.1270   -0.1710    0.0000    0.0000    0.0000    0.0000    0.0000    0.0000    4.1360   -0.0017    0.0095    1.0903  -15.5640 
   0.9791 4290.0220   -0.3110   -0.4890  180.0530   -0.3118   -0.3712    0.0121    0.0000    0.0000    0.0000    0.0000    0.0000    0.0000    4.1440   -0.0090    0.0037    1.0852  -16.1133 
   1.0216 4289.9795   -0.0638   -0.3028  180.0519    0.3596    0.3002   -0.4151    0.0000    0.0000    0.0000    0.0000    0.0000    0.0000    4.1440   -0.0037    0.0007    1.0823  -15.4419 
   1.0641 4289.9370   -0.1673   -0.4847  180.0465   -0.1897   -0.1270    0.0121    0.0000    0.0000    0.0000    0.0000    0.0000    0.0000    4.1440   -0.0007    0.0112    1.0815  -15.9912 
   1.1066 4289.8945   -0.2537   -0.5804  180.0478   -0.4339   -0.0660    0.1952    0.0000    0.0000    0.0000    0.0000    0.0000    0.0000    4.1440   -0.0095    0.0002    1.0847  -16.2354 
   1.1491 4289.8521   -0.1464   -0.6877  180.0520    0.2375    0.0561    0.0732    0.0000    0.0000    0.0000    0.0000    0.0000    0.0000    4.1440   -0.0120    0.0039    1.0864  -15.5640 
   1.1916 4289.8096   -0.1738   -0.4929  180.0587   -0.1287    0.0561    0.2563    0.0000    0.0000    0.0000    0.0000    0.0000    0.0000    4.1440   -0.0105    0.0044    1.0806  -15.9302 
   1.2341 4289.7671   -0.3070   -0.5761  180.0708    0.1154    0.1781    0.0732    0.0000    0.0000    0.0000    0.0000    0.0000    0.0000    4.1440   -0.0103    0.0020    1.0872  -15.6860 
   1.2766 4289.7246   -0.1573   -0.4484  180.0743   -0.1287   -0.2491    0.3173    0.0000    0.0000    0.0000    0.0000    0.0000    0.0000    4.1440   -0.0085    0.0034    1.0811  -15.9302 
   1.3191 4289.6821   -0.4732   -0.5699  180.0660   -0.3729   -0.5543   -0.1099    0.0000    0.0000    0.0000    0.0000    0.0000    0.0000    4.1440   -0.0117    0.0005    1.0798  -16.1743 
   1.3616 4289.6396   -0.1853   -0.9890  180.0690   -0.9222   -0.2491    0.1952    0.0000    0.0000    0.0000    0.0000    0.0000    0.0000    4.1440   -0.0229    0.0010    1.0845  -16.7236 
   1.4041 4289.5972   -0.0027   -0.4805  180.0662   -0.4339   -0.0660    0.3173    0.0000    0.0000    0.0000    0.0000    0.0000    0.0000    4.1440   -0.0103   -0.0020    1.0771  -16.2354 
   1.4466 4289.5547   -0.3154   -0.4184  180.0766   -0.5560   -0.4932    0.4394    0.0000    0.0000    0.0000    0.0000    0.0000    0.0000    4.1440   -0.0051    0.0090    1.0781  -16.3574 
   1.4891 4289.5122   -0.2958   -0.7083  180.0808    0.2985   -0.1881   -0.1710    0.0000    0.0000    0.0000    0.0000    0.0000    0.0000    4.1360   -0.0154    0.0046    1.0762  -15.5029 
   1.5991    0.0010    0.0000    0.0000  180.0758   -0.3118    0.1171   -0.0489    0.0000    0.0000    0.0000    0.0000    0.0000    0.0739    4.1440   -0.0107    0.0066    1.0896  -16.1133 
   1.6416    0.0015   -0.1644   -0.3583  180.0844   -0.0066    0.0561    0.1342    2.9024    2.0165    9.2005    4.7496    1.9726    0.2051    4.0800   -0.0166    0.0098    1.0796    0.0321 
   1.6841    0.0010   -0.0953   -0.1893  180.0552   -0.0066    0.4223   -3.1006    4.0131    0.8920   12.3254    2.1625   -3.9452    0.1256    4.0640   -0.0208    0.0178    1.0820   -0.0147 
   1.7266    0.0009    0.0000    0.0000  180.0336   -0.8611    1.6430   -0.4761    4.0131    0.8920    0.0000    0.0000    0.0000    0.0000    4.1360   -0.0105    0.0427    1.0977  -16.6626 
   1.7691    0.0009    0.0000    0.0000  180.0333   -0.6170   -0.9815   -1.0255    4.0131    0.8920    0.0000    0.0000    0.0000    0.0000    4.1360   -0.0320    0.0020    1.0840  -16.4185 
   1.8116    0.0014    0.0000    0.0000  180.0421    0.5427   -2.6295   -1.4527    4.0131    0.8920    0.0000    0.0000    0.0000    0.0000    4.1360   -0.0381    0.0068    1.0815  -15.2588 
   1.8541    0.0009    0.0000    0.0000  180.0439    1.0920   -6.6578   -1.1475    4.0131    0.8920    0.0000    0.0000    0.0000    0.0000    4.1440   -0.0608   -0.0112    1.0837  -14.7095 
   1.8966    0.0009    0.0000    0.0000  180.0496    0.2375    5.6713   -0.4151    4.0131    0.8920    0.0000    0.0000    0.0000    0.0000    4.1440    0.0247    0.0107    1.0986    0.0000 
   1.9391    0.0009    0.0000    0.0000  180.0399    0.4816   -3.6671    0.5615    4.0131    0.8920    0.0000    0.0000    0.0000    0.0000    4.1440   -0.0073    0.0005    1.0886  -15.3198 
   1.9816    0.0014    0.0000    0.0000  180.0460   -1.1053   -5.1319   -0.1710    4.0131    0.8920    0.0000    0.0000    0.0000    0.0000    4.1360   -0.0498    0.0251    1.0850  -16.9067 
   2.0241    0.0009    0.0000    0.0000  180.0474   -0.1897   -0.9205    0.0121    4.0131    0.8920    0.0000    0.0000    0.0000    0.0000    4.1440   -0.0266   -0.0154    1.0864  -15.9912 
   2.0666    0.0009    0.0000    0.0000  180.0636   -0.6170    3.5351    0.2563    4.0131    0.8920    0.0000    0.0000    0.0000    0.0000    4.1440    0.0005   -0.0107    1.0916    0.0000 
   2.1091    0.0009    0.0000    0.0000  180.0624    0.4206   -0.7984   -0.2930    4.0131    0.8920    0.0000    0.0000    0.0000    0.0000    4.1440   -0.0210    0.0029    1.0933  -15.3809 
   2.1516    0.0014    0.0000    0.0000  180.0482    0.2375   -0.1270   -0.4761    4.0131    0.8920    0.0000    0.0000    0.0000    0.0000    4.1360    0.0034    0.0085    1.0828  -15.5640 
   2.1941    0.0009    0.0000    0.0000  180.0537    0.3596   -0.2491    0.0732    4.0131    0.8920    0.0000    0.0000    0.0000    0.0000    4.1360   -0.0103   -0.0100    1.0852  -15.4419 
   2.2366    0.0009    0.0000    0.0000  180.0510   -0.1287   -0.0660   -0.1099    4.0131    0.8920    0.0000    0.0000    0.0000    0.0000    4.1360   -0.0129    0.0015    1.0879  -15.9302 
   2.2791    0.0009    0.0000    0.0000  180.0372   -0.2508    0.3002    0.3173    4.0131    0.8920    0.0000    0.0000    0.0000    0.0000    4.1440   -0.0095    0.0002    1.0833  -16.0522 
   2.3216    0.0014    0.0000    0.0000  180.0298   -0.3118   -0.0050   -0.3541    4.0131    0.8920    0.0000    0.0000    0.0000    0.0000    4.1360   -0.0039    0.0015    1.0942  -16.1133 
   2.3641    0.0009    0.0000    0.0000  180.0256   -0.0677   -0.1881   -0.0489    4.0131    0.8920    0.0000    0.0000    0.0000    0.0000    4.1360   -0.0046    0.0115    1.0889  -15.8691 
   2.4066    0.0009    0.0000    0.0000  180.0249   -0.0066   -0.0660   -0.2320    4.0131    0.8920    0.0000    0.0000    0.0000    0.0000    4.1440   -0.0093    0.0046    1.0811    0.0000 
   2.4491    0.0009    0.0000    0.0000  180.0263    0.6037    0.1171   -0.4151    4.0131    0.8920    0.0000    0.0000    0.0000    0.0000    4.1360   -0.0061    0.0110    1.0825  -15.1978 
   2.4916    0.0014    0.0000    0.0000  180.0228   -0.6170    0.0561    0.0732    4.0131    0.8920    0.0000    0.0000    0.0000    0.0190    4.1360   -0.0142    0.0078    1.0852  -16.4185 
   2.5341    0.0009    0.0000    0.0000  180.0214   -0.4339   -0.1881    0.0121    4.0131    0.8920    0.0000    0.0000    0.0000    0.0857    4.1360   -0.0161    0.0132    1.0808  -16.2354 
   2.5766    0.0011   -0.0154   -0.2084  180.0158   -0.1897   -0.3101   -0.7813    0.5573   -0.2508    1.7183   -0.0847    0.0000    0.1030    4.1440   -0.0154    0.0081    1.0842    0.0136 
   2.6191    0.0010    0.0484   -0.0662  180.0060   -0.8001   -0.1270   -0.0489    0.2127   -0.3530    0.4930   -0.5735    0.0000    0.1087    4.1040   -0.0034    0.0056    1.0950    0.0009 
   2.6616    0.0015   -0.3073   -0.2521  180.0141    0.0544   -0.4932    0.2563   -0.9018   -0.3037   -1.7834   -0.1031    0.0000    0.1030    4.1120   -0.0137    0.0186    1.0918   -0.0045 
   2.7041    0.0010    0.0497    0.1423  180.0084    0.2985   -1.4088   -0.1099   -0.5529    0.3275   -1.8077    0.3703    0.0000    0.1200    4.0960   -0.0039    0.0339    1.0754    0.0019 
   2.7466    0.0010    0.4227   -0.6059  180.0099   -0.3118   -1.5308    0.6835   -0.0955    0.0125   -1.5547    1.2370    0.0000    0.1367    4.0960   -0.0371   -0.0017    1.0786   -0.0119 
   2.7891    0.0010    0.4295   -0.1835  180.0076   -0.1897    1.5820    2.5146   -0.2621   -1.3559   -2.0746   -2.3448    0.0000    0.1422    4.0880    0.0122   -0.0168    1.0728   -0.0439 
   2.8316    0.0015   -0.0735   -0.5341  180.0042   -0.9832   -0.9205   -0.1710    0.6709   -0.4345    2.2331    0.1992    0.0000    0.1795    4.0720   -0.0386    0.0115    1.0903    0.0030 
   2.8741    0.0010   -0.4394   -0.1352  180.0094    4.2048    1.1547    2.3925   -0.0537   -0.0832    1.1572    0.1040    0.0000    0.1950    4.0560    0.0198    0.1152    1.0403   -0.0418 
   2.9166    0.0010   -0.5445    0.1340  180.0874   -2.1429    1.2768    4.1015    0.3158   -0.7643    2.5807   -1.7965    0.0000    0.2346    4.0320    0.0012    0.0708    1.0630   -0.0716 
   2.9591    0.0010   -0.3838    0.5084  180.2320   -2.6922   -2.5684    4.1015   -0.2049   -0.2791    0.5368   -1.5750    0.0000    0.2536    4.0240   -0.3257    0.0835    1.1917   -0.0716 
   3.0016    0.0015    0.0347    0.4147  180.4392   -1.1053   -6.4137    6.3598   -0.3880   -0.4926   -1.2682   -1.8146    0.0000    0.2582    4.0160   -0.4541   -0.1040    1.0671   -0.1110 
   3.0441    0.0010    0.0764    0.7668  180.5765   -1.7156    6.8920    0.0732    0.0908   -0.7534    0.0432   -3.0405    0.0000    0.2582    4.0160    0.0378   -0.4177    0.8899   -0.0013 
   3.0866    0.0010    0.6262    0.4679  180.5365    3.4113   -2.7515    2.5756   -0.4729    0.0864   -3.2972   -0.7630    0.0000    0.2628    4.0160   -0.0828   -0.5042    1.3401   -0.0450 
   3.1291    0.0010   -0.5427    0.0332  180.8258   -0.4339   -1.9581    9.6557    0.0423   -0.4917    1.7549   -1.0498    0.0000    0.2765    4.0160    0.0076   -0.0935    1.0320   -0.1685 
   3.1716    0.0015   -0.4264   -0.2904  180.8862   -4.2181   -2.9346    0.9277    0.2117   -0.1611    1.9143    0.2586    0.0000    0.2898    4.0000   -0.0513    0.2847    2.0229   -0.0162 
   3.2141    0.0010   -0.7051    0.2083  181.0338   16.1066    5.8544    8.8622    0.5256    0.3497    3.6920    0.2827    0.0000    0.3199    3.9840   -0.1702    0.8972    1.0015   -0.1547 
   3.2566    0.0010   -2.0184   -0.4291  181.3707   -7.0867  -14.0430    8.0688    0.6097    0.4801    7.8844    1.8183    0.0000    0.3322    3.9600    0.3704    0.3635   -1.0435   -0.1408 
   3.2991    0.0010   -0.5316    0.9145  181.5047   11.9562    6.7089    0.3784   -0.1556   -0.2201    1.1279   -2.2692    0.0000    0.3363    3.9600    0.2454   -0.3816    0.4688   -0.0066 
   3.3416    0.0015   -0.0012    1.9509  181.5053   12.6887   17.2070    0.1952   -0.4489   -0.0377   -1.3432   -3.9772    0.0000    0.3363    3.9680    0.5200    0.2173    0.8667   -0.0034 
   3.3841    0.0010   -1.2001    1.1399  181.5686    8.9655  -32.1095   -2.4903   -0.1073    0.7240    3.2782   -0.8317    0.0000    0.3363    3.9680   -0.4783    0.8943    1.1511    0.0435 
   3.4266    0.0010   -0.3050    0.1344  181.6263   -7.8802   10.0658    3.8574    0.1994   -0.4666    1.5131   -1.2020    0.0000    0.3363    3.9680    0.4768   -0.6238    0.7483   -0.0673 
   3.4691    0.0010   -1.3467    1.2217  181.6063   -2.5091   38.0199   -2.3072   -0.1867   -0.4439    3.4802   -3.3312    0.0000    0.3522    3.9520   -0.2217    0.1946    1.3325    0.0403 
   3.5116    0.0015   -0.9341    2.2190  181.5759   -9.7723  -39.7999    2.8198   -0.3303    1.0057    1.8112   -2.4266    0.0000    0.3600    3.9440    0.3889    0.3931    1.7163   -0.0492 
   3.5541    0.0010    0.0989    1.3480  181.3932  -23.5052   -6.1085   -4.1993    0.3000   -0.1043    0.6031   -2.9046    0.0000    0.3638    3.9520    0.2253   -0.1946    2.2776    0.0733 
   3.5966    0.0010   -0.0271    1.5812  181.2540   -2.9974   -0.3712   -1.8189    0.4336    0.0993    1.3820   -2.9638    0.0000    0.3638    3.9440   -0.6716   -0.1104    1.1301    0.0317 
   3.6391    0.0010    0.4452    1.7821  181.3696   17.3884    2.0092    4.6508    0.2148    0.2110   -0.6913   -3.1423    0.0000    0.3752    3.9360   -0.1833   -0.2705    1.5173   -0.0812 
   3.6816    0.0015   -0.7705    2.7534  181.5151    1.7634    1.2768   -1.0255   -0.3134    0.7740    1.3715   -3.9588    0.0000    0.3862    3.9280   -0.6865    1.3071    1.2400    0.0179 
   3.7241    0.0010   -0.3458    1.3559  181.4698   13.7263  -25.2125   -2.0020   -0.2649    0.0361    0.2427   -2.6397    0.0000    0.4110    3.8960   -0.7483   -0.8525    1.3113    0.0349 
   3.7666    0.0010    0.0631    1.2425  181.5825   12.1394   12.8124    5.6884   -0.2109    0.4480   -0.8221   -1.5890    0.0000    0.4144    3.9120    0.7053    1.0918    1.6575   -0.0993 
   3.8091    0.0010   -0.3709    0.8439  181.5692  -10.7488   -3.6060   -3.6500   -0.4093    0.2975   -0.1151   -1.0928    0.0000    0.4144    3.9040   -0.5283   -0.0259    1.6511    0.0637 
   3.8516    0.0015   -1.2443    0.6570  181.6208  -36.8719    3.2299    0.1342   -0.5608   -0.8416    2.0504   -2.9972    0.0000    0.4178    3.8960    0.3059    0.5464    0.2930   -0.0023 
   3.8941    0.0010   -0.2717    1.3293  181.5108   13.6042    7.0141    1.9653   -0.9845    1.4779   -2.1385    0.2972    0.0000    0.4311    3.8880    0.5681   -0.7837    0.3699   -0.0343 
   3.9366    0.0010   -0.5375    0.2230  181.5401   15.6184  -31.4381    1.3549   -0.5743    0.3566   -0.1102    0.2670    0.0000    0.4471    3.8720   -0.3489   -0.0312    1.5840   -0.0236 
   3.9791    0.0010   -0.6529   -0.3828  181.4838  -14.7161   23.2494   -2.3682   -0.8560    0.0865   -0.6093    0.9385    0.0000    0.4471    3.8720   -0.1909   -0.0930    0.9429    0.0413 
   4.0216    0.0015   -0.4950    0.7818  181.5765    4.6931    6.0986    1.8432   -1.1003    0.7541   -1.8159   -0.0555    0.0000    0.4471    3.8720    0.1230    0.3542    0.7485   -0.0322 
   4.0641    0.0010    0.2896   -0.0750  181.5842   14.0314  -17.9493   -2.9175   -1.2109    0.3021   -4.5015    0.7541    0.0000    0.4594    3.8640    0.0942   -0.6667    1.4861    0.0509 
   4.1066    0.0010    0.2078    0.3118  181.6029  -10.8099   28.4985    1.4160   -0.2035    0.2143   -1.2337   -0.1950    0.0000    0.4653    3.8480   -0.2446   -0.3079    0.5322   -0.0247 
   4.1491    0.0010   -0.2309    0.4499  181.6053    0.7258  -19.8414    1.0497   -1.3011    0.1178   -3.2105   -0.6642    0.0000    0.4712    3.8480   -0.2446    0.7729    1.1189   -0.0183 
   4.1916    0.0015    0.8111    0.4315  181.5962  -11.0540   14.1552   -1.3306   -0.8172    0.8383   -4.8849    0.8135    0.0000    0.4712    3.8560    0.2717    1.3208    0.9946    0.0232 
   4.2341    0.0010    0.0258    0.9212  181.6014  -15.8758    9.2724   -2.6124   -1.0724    0.2993   -3.2946   -1.2439    0.0000    0.4712    3.8480   -0.1174    0.8516    1.2329    0.0456 
   4.2766    0.0010   -0.3114    0.7287  181.5845    8.7214  -11.4796    0.5004   -1.2173    0.6484   -2.7178   -0.1605    0.0000    0.4712    3.8480   -0.2112   -0.3545    0.5955   -0.0087 
   4.3191    0.0010    0.6168    0.1529  181.5232   20.1960    2.1313   -1.5748   -0.2993    0.0126   -2.7483   -0.2805    0.0000    0.4770    3.8400    0.3833   -0.7368    0.6450    0.0275 
   4.3616    0.0015    0.3591    0.3788  181.4467   -9.0398   13.9721   -1.2696   -0.0846    0.4376   -1.3311    0.1176    0.0000    0.4826    3.8320   -0.0579   -1.2256    0.3997    0.0222 
   4.4041    0.0010   -0.7874    0.8874  181.3914  -22.3455   -0.6153   -4.5045   -0.4289    0.7691    1.0754   -0.2366    0.0000    0.4990    3.8160    0.3333    1.4326    0.3398    0.0786 
   4.4466    0.0011   -1.4030    0.2083  181.4032   14.9470  -23.2594    0.8666   -0.4890    0.3063    2.7420    0.1960    0.0000    0.5042    3.8080   -0.0989    0.5007    0.9924   -0.0151 
   4.4891    0.0010   -0.0775   -0.0135  181.3028   35.7600   14.7045    0.4394   -0.2943   -0.7975   -0.6506   -1.5680    0.0000    0.5042    3.8080   -0.5034   -1.6165    1.6140   -0.0077 
   4.5316    0.0015   -0.1451    0.2836  181.2878  -13.1292    7.6855   -3.0396   -0.6252    1.3316   -1.4405    2.0959    0.0000    0.5042    3.8160   -0.0417    0.0347    1.9343    0.0531 
   4.5741    0.0010   -1.5228   -0.2044  181.2340  -41.1443  -24.2970   -0.7813   -0.5159    0.5255    3.0208    1.4597    0.0000    0.5042    3.8160    0.8713   -0.0630    0.7646    0.0136 
   4.6166    0.0010   -1.6782   -0.4491  181.3005   21.4777   15.7421   -2.3072   -0.0390    0.2888    4.9177    1.4758    0.0000    0.5068    3.8000    0.2207   -0.3386    1.2507    0.0403 
   4.6591    0.0010   -0.3215    0.4249  181.2562   29.0461    9.6996   -0.5982   -0.4709    0.8420   -0.4484    0.8341    0.0000    0.5094    3.8000   -0.0217   -0.2393    1.3828    0.0104 
   4.7016    0.0015   -0.5153   -0.1645  181.2307  -37.2991  -28.2032   -1.9410    0.1002    0.8907    1.8466    2.1102    0.0000    0.5119    3.8000    0.1106    1.8440    1.5728    0.0339 
   4.7441    0.0010   -2.1069   -0.8205  181.2927  -35.6512    0.3002    0.8056    0.0922   -0.5426    6.5973    0.5559    0.0000    0.5119    3.8000   -0.4382   -0.8486    0.5791   -0.0141 
   4.7866    0.0010   -2.2599    0.1141  181.2612   28.8020   26.7895   -0.8423   -0.0716   -0.2759    6.5650   -0.7801    0.0000    0.5119    3.8000   -0.0159    0.5354    0.4700    0.0147 
   4.8291    0.0010    0.1976    0.2021  181.2481   46.6853  -19.7193    2.3315    1.2438    0.1201    3.1388   -0.1642    0.0000    0.5094    3.8000   -0.5837   -0.9272    1.0210   -0.0407 
   4.8716    0.0015   -0.1548   -0.7837  181.1936  -27.6556  -30.2784   -2.4903    0.5660    0.2386    2.1625    2.0445    0.0000    0.5119    3.8000   -1.2751    0.1721    1.4260    0.0435 
   4.9141    0.0010   -2.0475    0.0030  181.2073  -43.0364   37.8368   -1.8799    0.6373    0.1000    8.0547    0.1941    0.0000    0.5169    3.7840    1.2119    0.2122   -0.0015    0.0328 
   4.9566    0.0010   -1.4074    0.8848  181.1482   66.5827   10.9814    1.9042    2.2740    1.0940   11.0441    0.4183    0.0000    0.5194    3.7920    0.6057   -1.2578    1.0100   -0.0332 
   4.9991    0.0010    0.7641   -0.1343  181.1348   27.5812  -43.5841   -4.2603    2.9938   -1.4269    6.6891   -2.5852    0.0000    0.5218    3.7760    1.3943   -0.3948    0.3926    0.0744 
   5.0416    0.0015    0.0664   -1.7751  181.1117  -50.8489    2.9247    3.0639    3.5488   -0.1893   10.4471    3.1715    0.0000    0.5218    3.7840   -0.1326   -3.1624    1.5696   -0.0535 
   5.0841    0.0010   -1.6822    0.4853  181.0569  -21.0027   67.7441   -6.4576    3.8508    0.1800   16.5992   -0.6108    0.0000    0.5243    3.7680    0.4927    0.7800    1.2002    0.1127 
   5.1266    0.0010    0.3925    1.7560  181.0567   87.2126  -13.5548    2.4536    2.0282   -0.5734    4.9070   -4.6587    0.2818    0.5243    3.7760    0.7493   -1.2400    1.0022   -0.0379 
   5.1691    0.0010    3.7256   -0.7242  180.9419   40.8869  -72.7589   -5.7862    3.9836    0.4365    0.7743    2.3212    0.0000    0.5218    3.7520    0.2585    2.0383    1.4946    0.1010 
   5.2116    0.0015    2.9412   -1.3694  180.9354  -56.2811   45.8935    1.1108    3.4731    0.1758    1.5957    3.0905    0.0000    0.5243    3.7680    1.3345   -1.8293    0.3521   -0.0194 
   5.2541    0.0010    0.4733    2.3930  180.7150  -30.7073   80.1342   -8.1055    4.0665   -0.2597   10.7794   -5.3053    0.0000    0.5243    3.7680   -0.3674    1.4041    1.6445    0.1415 
   5.2966    0.0010    1.4498    2.4626  180.7304   46.8684  -73.8575    1.7211    4.2641    0.3928    8.4431   -4.1396    0.0000    0.5243    3.7680   -0.6604    0.0205    0.6660   -0.0300 
   5.3391    0.0010    3.4680   -1.6380  180.6393   36.1872  -57.4390   -1.6968    4.9649   -0.6874    4.4905    1.9011    0.0000    0.5267    3.7680    0.3928    0.3184    0.6479    0.0296 
   5.3816    0.0015    4.4796   -0.5187  180.5613  -20.5145  102.2900    0.3173    4.8945   -1.1540    1.2448   -1.2707    0.2818    0.5267    3.7520    0.3276   -0.0767    0.1145   -0.0006 
   5.4241    0.0010    2.4754    3.4462  180.3962  -41.8157   46.0155   -5.7862    3.5147   -0.9451    3.1179   -8.7825    0.0000    0.5267    3.7760    1.0857    1.9502    1.1199    0.1010 
   5.4666    0.0010    1.9584    0.6464  180.3195   41.3752 -134.6485    0.3173    4.4020   -0.1782    7.3308   -1.6493    0.0000    0.5267    3.7520   -0.7463    1.0898    1.5574   -0.0055 
   5.5091    0.0010    3.7023   -3.1623  180.2380   56.0847  -17.5221   -5.3589    4.9111   -0.1720    3.6264    5.9806    0.2818    0.5290    3.7680    0.9065   -2.3149    1.1301    0.0984 
   5.5516    0.0015    4.6336    0.5734  180.1947   -2.5701  152.0946    5.8105    5.0902   -0.8077    1.3697   -2.7623    0.2818    0.5290    3.7120    0.9849   -1.2546    0.8381   -0.0965 
   5.5941    0.0010    3.1939    4.0137  180.0905  -29.1814   -6.9019   -1.5137    4.5217   -0.5023    3.9834   -9.0321    0.2818    0.5290    3.7760    0.3518    2.9668    1.2280    0.0313 
   5.6366    0.0010    2.8609   -1.0766  180.2036   15.3742 -147.0997    7.7026    5.0604   -1.1816    6.5987   -0.2101    0.2818    0.5290    3.7040    0.3872   -2.6482    1.3225   -0.1295 
   5.6791    0.0010    3.3613   -3.2593  180.1928   28.4357   78.7914    0.7446    4.4679   -0.7287    3.3200    5.0612    0.2818    0.5290    3.7600   -0.5305   -2.2961    2.2144   -0.0081 
   5.7216    0.0015    4.4967    2.9767  180.2505   -2.3870  145.5639    4.4677    4.2675   -0.6517   -0.6876   -7.2569    0.2818    0.5267    3.6800    0.8118   -1.9854    1.3030   -0.0731 
   5.7641    0.0010    4.3326    3.6481  180.2539   -3.8519 -104.8634   -0.6592    3.9417   -0.2147   -1.1726   -7.7257    0.2818    0.5290    3.7440    0.1538   -2.0408    1.0315    0.0164 
   5.8066    0.0010    3.4682   -2.8104  180.3479   -8.6126 -130.0709    1.2939    3.9945   -0.5726    1.5790    4.4756    0.2818    0.5290    3.7040    0.2356    3.7766    0.5908   -0.0177 
   5.8491    0.0010    3.2530   -2.1399  180.3426   11.4680  131.8920   -3.1617    3.8430   -0.4997    1.7700    3.2804    0.2818    0.5290    3.7360    0.1028    1.6467    0.5181    0.0601 
   5.8916    0.0015    4.3217    4.9590  180.4048   16.5339  112.1777    0.1342    4.4298   -0.0055    0.3243   -9.9290    0.2818    0.5290    3.7200    0.0579    4.7661    0.4197    0.0026 
   5.9341    0.0010    4.6388    3.2192  180.4402   -6.2322 -154.9732    2.2094    3.6046   -0.5041   -3.1024   -7.4466    0.2818    0.5290    3.6960    1.6150   -0.0740    0.1282   -0.0336 
   5.9766    0.0010    3.8613   -3.5723  180.4374   -5.3167  -48.7721    0.0732    2.8185   -0.0940   -3.1284    6.9566    0.2818    0.5290    3.7360    1.3535   -1.0969    0.2817    0.0036 
   6.0191    0.0010    4.1970    0.3539  180.3973    5.9748  192.0116   -0.6592    2.5716   -0.4077   -4.8763   -1.5231    0.2818    0.5290    3.6640    0.2942    1.4285    1.1899    0.0164 
   6.0616    0.0015    3.7321    5.7606  180.2783   -1.1053   14.3993   -5.1148    3.7585   -0.7917    0.0792  -13.1047    0.2818    0.5290    3.7760   -1.0422   -0.8535    0.7644    0.0942 
   6.1041    0.0010    3.5886    0.4670  180.2378    3.5944 -212.7125   -2.0020    3.5031   -0.5439   -0.2564   -2.0219    0.2818    0.5267    3.6400   -0.8474   -0.1843    1.5259    0.0399 
   6.1466    0.0010    3.2306   -4.4718  180.1308    6.3410   15.1928   -1.8799    3.3716   -0.7679    0.4231    7.4077    0.5636    0.5290    3.7680    0.3772   -0.3857    0.2424    0.0426 
   6.1891    0.0010    3.8613    2.7995  180.0741   -3.6688  215.1440    0.0732    3.1368   -1.7150   -2.1737   -9.0291    0.2818    0.5290    3.6320    0.3135   -0.8694    1.2725    0.0036 
   6.2316    0.0015    2.9759    6.1779  179.9276  -21.6131  -60.4908   -2.0631    3.3770   -1.5746    1.2033  -15.5052    0.2818    0.5290    3.7520   -0.0723   -0.0850    0.8904    0.0409 
   6.2741    0.0010    3.3728   -2.3519  179.9418   -5.6219 -230.5347    0.0732    2.8494   -1.2637   -1.5702    2.1764    0.2818    0.5267    3.6080    0.2744   -1.3584    1.4482    0.0036 
   6.3166    0.0010    3.7037   -4.2782  179.7840   12.3835  144.7094    2.0263    2.4783   -1.2987   -3.6761    5.9590    0.2818    0.5290    3.7440   -0.0818    0.9939    1.0537   -0.0304 
   6.3591    0.0010    3.2004    4.3622  179.7511  -29.1814  176.3866   -0.2930    2.2527   -0.8930   -2.8429  -10.5105    0.2818    0.5290    3.6480    0.3708   -0.4207    0.7722    0.0100 
   6.4016    0.0015    2.5464    4.4908  179.5703  -24.3597 -157.5367   -0.2930    3.3396   -1.6956    2.3797  -12.3728    0.2818    0.5267    3.7360   -0.1514    2.9436    1.1917    0.0100 
   6.4441    0.0010    2.4769   -3.6967  179.5828   26.9099 -161.9923   -0.3541    2.3843   -1.3537   -0.2778    4.6861    0.2818    0.5267    3.6720    0.1853   -1.0571    1.7449    0.0111 
   6.4866    0.0010    2.7495   -2.7574  179.4529    3.2893  185.9691    2.6367    2.4244   -0.6658   -0.9753    4.1831    0.2818    0.5267    3.6720   -1.5425   -0.9900    2.0598   -0.0411 
   6.5291    0.0010    1.9903    5.7044  179.3411  -19.4769  127.7416   -8.6548    2.1726   -1.5832    0.5469  -14.5752    0.2818    0.5267    3.6720   -1.4514    0.3213    1.6870    0.1560 
   6.5716    0.0015    1.6441    2.6086  179.1293   -7.4529 -204.8389   -1.9410    2.6531   -0.2492    3.0271   -5.7158    0.2818    0.5290    3.6080   -0.6855   -2.6304    1.0447    0.0388 
   6.6141    0.0010    1.7298   -4.9990  179.2106   17.9987 -111.5772   -1.2696    1.9100   -1.3091    0.5407    7.3798    0.2818    0.5290    3.7040    0.3479    1.1736    1.4905    0.0271 
   6.6566    0.0010    3.4817   -0.2588  179.1207  -15.8758  232.9662    0.3784    0.1188   -0.0434  -10.0886    0.4308    0.2818    0.5290    3.6240    0.5571   -2.6709    0.8450   -0.0017 
   6.6991    0.0010    2.6483    6.3873  178.9619  -29.1814   15.8031    0.9277    0.2618   -0.2695   -7.1595  -13.3135    0.2818    0.5194    3.7600    1.2827   -0.5349    1.1140   -0.0113 
   6.7416    0.0015    1.3508    0.6400  178.8956   -1.0442 -233.5255    1.7822    0.5558   -1.7109   -2.3850   -4.7020    0.2818    0.5119    3.6240   -0.5210    0.2593    0.6628   -0.0262 
   6.7841    0.0010    2.0659   -5.0912  178.8455   21.5998   11.9579   -4.7486    0.2439   -0.9296   -5.4661    8.3232    0.2818    0.5119    3.7840   -1.2327    1.1001    2.1387    0.0878 
   6.8266    0.0010    2.6793    2.0539  178.7610   -3.7298  229.3652    0.4394    0.4087   -0.4387   -6.8120   -4.9853    0.2818    0.5144    3.6080   -0.9094    1.3167    0.9873   -0.0028 
   6.8691    0.0010    1.5725    6.5749  178.4900  -28.2049  -40.8375   -6.7628    1.2966   -0.5600   -0.8279  -14.2699    0.2818    0.5119    3.7680    0.6936    0.1650    2.0981    0.1230 
   6.9116    0.0015   -0.0153   -1.5458  178.4700   -7.8802 -236.6993    4.8950    0.1203   -0.7896    0.4070    1.5124    0.2818    0.5119    3.6080    0.8245    1.5061    1.0251   -0.0805 
   6.9541    0.0010    1.5866   -4.8384  178.2484   28.6799   70.4296   -5.9083   -0.9951   -0.4680   -7.7450    8.7407    0.2818    0.5119    3.7600   -0.0815   -0.5081    1.6833    0.1080 
   6.9966    0.0010    1.4187    3.8089  178.1902  -25.0921  214.1064   -0.7203    1.4153   -0.1231   -0.0100   -7.8640    0.2818    0.5119    3.6160    0.2659   -1.3650    1.1707    0.0175 
   7.0391    0.0011    0.2974    6.7911  177.8308  -35.3460 -139.5313   -4.9927    0.8602   -0.8564    1.6884  -15.2950    0.2818    0.5119    3.7520   -1.4460    1.1794    1.2585    0.0921 
   7.0816    0.0015    0.0792   -2.6341  177.8278   41.1921 -204.0455   -1.2696    0.6958   -0.7820    1.8499    3.7041    0.2818    0.5119    3.6240    0.6292   -2.7285    1.1392    0.0271 
   7.1241    0.0010    1.9404   -4.2472  177.4025   49.6760  160.2123   -0.5372    0.2798    0.7467   -4.9819    9.9879    0.5636    0.5119    3.7200   -0.0833   -0.0864    0.8062    0.0192 
   7.1666    0.0010    2.0553    5.0870  177.4510  -14.9603  190.8520   -7.1900    0.3801    0.3681   -5.0256   -9.4378    0.5636    0.5119    3.6320   -1.5334   -0.4585    1.2102    0.1353 
   7.2091    0.0010    0.3514    5.4433  177.1098  -47.3089 -160.6495    1.2328    0.8849   -1.7183    1.6005  -14.3233    0.2818    0.5094    3.7040    0.6907   -0.6379    1.2922   -0.0166 
   7.2516    0.0015    0.8023   -4.2038  177.1808   20.5622 -187.8101   -2.3682   -1.1247   -0.2786   -5.7810    7.8504    0.2818    0.5119    3.6480   -1.9424    1.5613    1.8396    0.0463 
   7.2941    0.0010    2.6688   -1.9756  176.9013   37.1027  196.2841    2.7587    0.4577    0.0008   -6.6332    3.9526    0.2818    0.4826    3.6800    1.2319    0.4529    0.0767   -0.0432 
   7.3366    0.0011    2.9116    7.9412  176.9342  -45.1116  136.7748   -1.6968    0.0669   -1.0388   -8.5339  -17.9602    0.2818    0.4653    3.7280    0.7158   -1.0771    0.3914    0.0345 
   7.3791    0.0010    1.0406    5.9328  176.5083  -22.5286 -206.6090   -1.1475    0.3038    0.0935   -2.2106  -11.6786    0.5636    0.4653    3.7360   -0.0188   -3.0620    1.6077    0.0299 
   7.4216    0.0015    1.1865   -3.2686  176.6331   29.8395 -153.5694    0.9887    0.8241   -0.9678   -1.0872    4.6015    0.5636    0.4653    3.7360    0.0427   -0.9507    1.0447   -0.0074 
   7.4641    0.0010    2.6486   -2.1882  176.4693   29.2292  189.0819    3.7353    0.4419   -0.8910   -6.6201    2.5942    0.2818    0.4653    3.7280    0.6213   -1.6677    0.4382   -0.0603 
   7.5066    0.0010    1.5939    6.9887  176.5101  -29.6697  156.4281   -2.8565    0.5423   -0.2223   -3.1546  -14.4220    0.5636    0.4653    3.7280    0.5383    1.0315    1.1348    0.0597 
   7.5491    0.0010    0.2748    5.5376  176.2153  -29.7308 -175.4810    0.8666    0.5445   -1.4973    0.8094  -14.0699    0.5636    0.4653    3.7760    0.7693    3.1401    0.9812   -0.0053 
   7.5916    0.0015    0.6171   -3.9781  176.2920   32.1589 -175.4810    0.5004    0.3348   -0.5110   -0.8468    6.9342    0.5636    0.4653    3.7360    1.2234   -0.8679    0.4548    0.0011 
   7.6341    0.0010    1.6723   -2.5939  176.1875   24.8347  174.7997   -0.2320    0.3758   -0.8197   -3.8895    3.5482    0.5636    0.4653    3.6960    1.2173   -0.3645    0.5859    0.0139 
   7.6766    0.0010    1.3143    6.4451  176.2150  -26.5569  182.7343   -1.6358   -0.0851   -1.1438   -4.1983  -15.1779    0.5636    0.4653    3.7200    0.2747   -2.0798    0.8882    0.0384 
   7.7191    0.0011    0.3725    5.1328  175.9504  -10.7488 -204.4117    3.3691   -0.0472   -0.6213   -1.2593  -11.5084    0.5636    0.4653    3.7760    0.4883   -3.4883    1.0815   -0.0490 
   7.7616    0.0015    0.8812   -4.1935  176.0529   33.0744 -160.9547   -3.2227    0.5292   -0.9582   -1.0561    6.4704    0.5636    0.4683    3.7040   -0.7776   -0.6873    1.5640    0.0661 
   7.8041    0.0010    1.9562   -2.8260  175.9156   36.8586  184.5043    5.3832    0.8530   -1.1138   -3.3096    3.4243    0.8454    0.4653    3.7120   -1.0576    0.2329    1.9172   -0.0792 
   7.8466    0.0010    2.1237    6.5767  176.1169  -12.8851  160.6396    2.1484    0.0632   -0.2273   -6.1816  -13.6083    0.8454    0.4683    3.7280   -1.1655   -1.2859    0.8357   -0.0227 
   7.8891    0.0010    1.4195    5.3962  176.0794   -9.5892 -191.5943    2.0263    0.2065   -0.3009   -3.6390  -11.3944    0.8454    0.4683    3.7520    0.8191   -0.2029    0.8774   -0.0206 
   7.9316    0.0015    1.1090   -4.8957  176.2708  -11.6033 -189.5191    2.8198    1.5036   -0.7279    1.1840    8.3355    0.8454    0.4683    3.6960   -1.3123   -1.2373    1.7314   -0.0345 
   7.9741    0.0010    0.4406   -3.6997  176.4986  -11.7254  171.1987    3.3080    0.7773   -0.4156    1.0102    6.5682    0.8454    0.4741    3.7040   -0.9268   -0.8726    1.7473   -0.0430 
   8.0166    0.0010    0.3270    6.5222  176.5566   13.7263  204.8901   -0.8423   -0.7741    0.3650   -3.3032  -12.3144    0.8454    0.4741    3.6960   -0.6184   -1.0317    0.6072    0.0295 
   8.0591    0.0010    0.9136    5.6923  176.7544   15.6794 -203.0689    0.6225    0.8653   -0.8503   -0.1448  -13.0854    0.8454    0.4741    3.7680   -0.8582   -0.1033    1.5613    0.0039 
   8.1016    0.0015    1.1354   -4.5864  176.9134   -6.4153 -171.4527    4.6508    0.5766   -1.9826   -1.6764    5.2075    0.8454    0.4741    3.6880    0.1665   -0.6707    0.2180   -0.0664 
   8.1441    0.0011    0.6868   -3.7858  177.1361  -23.4441  204.5849    2.9418    0.8086   -0.1676    0.3652    7.2364    0.8454    0.4741    3.7120    0.5471    0.9956    0.7576   -0.0366 
   8.1866    0.0010    0.0319    6.8175  177.1241    9.5148  181.3915   -2.5513    0.1451    0.7661    0.3396  -12.1030    0.8454    0.4741    3.7120    0.6956    0.0408    0.8572    0.0593 
   8.2291 4294.9482   -0.0232   -6.1641  177.1267 -102.1185 -221.0133   -0.1710    0.1447   -0.1334   -4.1530   -0.4873    1.1272    0.4741    4.0480    0.7695   -2.3740   -0.2874 -117.9199 
   8.2716 4294.9058   -4.4805  -16.8102  177.9002  -75.3851 -277.0435    1.9042    0.1447   -0.1334   -4.1530   -0.4873    1.1272    0.4741    4.0560   -0.4976    0.9373    1.4993    0.0000 
   8.3141 4294.8633   -2.2897  -24.4427  177.7709  191.9489 -118.0470   46.0937    0.1447   -0.1334   -4.1530   -0.4873    1.1272    0.4741    4.0560   -0.2898    0.2971    0.4958  176.1475 
   8.3566 4294.8208    0.5183  -19.7345  177.0777   58.2209  250.0561   19.9096    0.1447   -0.1334   -4.1530   -0.4873    1.1272    0.4741    4.0560   -0.6536   -0.5039    2.0774   42.4194 
   8.3991 4294.7783    0.0349   -1.8269  176.8310  -84.0521  539.6678  -26.2940    0.1447   -0.1334   -4.1530   -0.4873    1.1272    0.4741    4.0640   -2.4265    0.5496    3.7361  -99.8535 
   8.4416 4294.7358   -0.7662    8.4396  175.5346  136.4069   57.3070  -20.1295    0.1447   -0.1334   -4.1530   -0.4873    1.1272    0.4741    4.0560   -0.1602    0.1577    0.8667    0.0000 
   8.4841 4294.6934    2.0993    1.4075  176.4742  -89.9725 -274.1749   38.0370    0.1447   -0.1334   -4.1530   -0.4873    1.1272    0.4741    4.0640   -0.1274    0.1062   -0.2175 -105.7739 
   8.5266 4294.6509    0.1532    0.0976  177.7680  -48.0413   94.1113   16.7358    0.1447   -0.1334   -4.1530   -0.4873    1.1272    0.4741    4.0640   -0.0874    0.0408    0.7781  -63.8428 
   8.5691 4294.6084    0.2721    1.9555  179.0327  -24.1766  -30.4615   30.8349    0.1447   -0.1334   -4.1530   -0.4873    1.1272    0.4741    4.0640    0.0571    0.1506    1.0862  -39.9780 
   8.6116 4294.5659    0.3969    0.3701  179.9494  -12.2747    8.3569   20.3369    0.1447   -0.1334   -4.1530   -0.4873    1.1272    0.4741    4.0640    0.0537    0.1528    1.0103    0.0000 
   8.6541 4294.5234   -0.2601    0.9863  180.4980    6.4020   -5.4371    3.8574    0.1447   -0.1334   -4.1530   -0.4873    1.1272    0.4741    4.0640    0.0471   -0.0193    1.0627   -9.3994 
   8.6966 4294.4810    0.0895    0.1562  180.5413    0.1765   14.8876   -0.4151    0.1447   -0.1334   -4.1530   -0.4873    1.1272    0.4741    4.0720   -0.0022   -0.0183    1.0994  -15.6250 
   8.7391 4294.4385   -0.0519   -0.0044  180.5429    1.0920   -1.5919   -1.2086    0.1447   -0.1334   -4.1530   -0.4873    1.1272    0.4741    4.0640   -0.0632    0.0049    1.0850  -14.7095 
   8.7816 4294.3960   -0.0186   -0.0392  180.5480   -0.4339   -3.3619   -0.9034    0.1447   -0.1334   -4.1530   -0.4873    1.1272    0.4741    4.0720   -0.0125    0.0303    1.0833    0.0000 
   8.8241 4294.3535   -0.1820   -0.7331  180.5349    1.0920    2.4364   -2.6734    0.1447   -0.1334   -4.1530   -0.4873    1.1272    0.4741    4.0640   -0.0400   -0.0061    1.0798  -14.7095 
   8.8666 4294.3110   -0.3895   -0.3330  180.5372    0.2985    1.8261   -1.0255    0.1447   -0.1334   -4.1530   -0.4873    1.1272    0.4741    4.0720   -0.0320    0.0090    1.0757  -15.5029 
   8.9091 4294.2686    0.3094   -0.1397  180.5137    0.3596   -2.2022   -0.1099    0.1447   -0.1334   -4.1530   -0.4873    1.1272    0.4741    4.0720   -0.0251   -0.0208    1.0703  -15.4419 
   8.9516 4294.2261   -0.2882   -0.2296  180.5052   -0.2508    2.4364   -0.2930    0.1447   -0.1334   -4.1530   -0.4873    1.1272    0.4741    4.0720   -0.0156    0.0093    1.0862    0.0000 
   8.9941 4294.1831    0.2343   -0.1223  180.4995    0.2375   -0.9815    0.6225    0.1447   -0.1334   -4.1530   -0.4873    1.1272    0.4741    4.0640   -0.0176   -0.0015    1.0916  -15.5640 
   9.1091    0.0009    0.0000    0.0000  180.4906   -0.1287    1.7651   -0.0489    0.1447   -0.1334    0.0000    0.0000    0.0000    0.0000    4.0720   -0.0210    0.0024    1.0776  -15.9302 
   9.1516    0.0015   -0.5647   -0.0062  180.4766   -0.5560   -0.1270   -0.1099   -0.0711    1.4304    1.4808    2.8733   -1.1272    0.1476    4.0320   -0.0103    0.0198    1.0891   -0.0178 
   9.1941    0.0010   -0.1521   -0.2785  180.4644   -0.6780   -1.5919   -0.0489    2.7976    3.7283    8.8490    8.0135   -1.9726    0.1530    4.0160   -0.0610   -0.0190    1.0845   -0.0336 
   9.2366    0.0010   -0.1861    0.1348  180.4573    0.4816    6.2206   -2.4293    2.0977    2.9758    6.8511    5.6820   -1.9726    0.1530    4.0240    0.0583    0.0244    1.0793    0.0080 
   9.2791    0.0010   -0.5615    0.2593  180.4464    0.7868   -2.4464   -3.7720    0.0964    1.1887    1.9737    1.8588   -1.9726    0.1530    4.0240   -0.0698    0.0100    1.0830    0.0314 
   9.3216    0.0015   -0.3401    0.0606  180.4714   -0.4949   -1.8971    0.1952    0.6116    0.8326    2.8552    1.5441   -1.9726    0.1530    4.0240   -0.0295    0.0317    1.0686   -0.0378 
   9.3641    0.0010   -0.1532    0.3599  180.4704    2.7399   -1.1646   -0.3541    1.7698    1.6787    5.7690    2.6377   -1.9726    0.1530    4.0240   -0.0979    0.0137    1.0918   -0.0282 
   9.4066    0.0010   -0.1442    0.3981  180.5188    4.0827    3.3520    2.6977    0.4863    2.7613    1.8915    4.7263   -1.9726    0.1530    4.0320    0.1165   -0.0630    0.9209   -0.0815 
   9.4491    0.0010   -0.9195    0.0758  180.5244    5.3034   -2.3243    3.7353   -0.4036    2.4966    1.5478    4.8415   -1.9726    0.1530    4.0240    0.0703   -0.1362    1.0571   -0.0996 
   9.4916    0.0015   -0.6849    0.9302  180.5893    3.5944   11.2255   -1.4527    2.7477    1.6034   10.2978    1.3463   -1.9726    0.1530    4.0240   -0.0134    0.0510    0.7192   -0.0091 
   9.5341    0.0010   -1.2183    0.8780  180.5475    3.1061   -2.0802   -1.9410    3.3514    0.5359   13.7092   -0.6841   -1.9726    0.1530    4.0240   -0.1667   -0.0881    1.0149   -0.0006 
   9.5766    0.0010   -1.4329    1.2770  180.6759    4.5100   -5.1929    2.5756    2.2317    2.0929   10.9939    1.6318   -1.9726    0.1530    4.0320    0.1296    0.0945    1.0483   -0.0794 
   9.6191    0.0010   -1.6055    0.9687  180.7695    6.2800   15.2538   -1.3917    4.1938    1.6164   17.3981    1.2954   -1.9726    0.1530    4.0240    0.0032    0.0181    0.5552   -0.0101 
   9.6616    0.0015    0.0000    0.0000  180.7914    2.6789    4.6947    2.2094    3.4762    1.3193    0.0000    0.0000    0.0000    0.0973    4.0480    0.0208    0.0127    1.0437  -13.1226 
   9.7041    0.0009    0.0000    0.0000  180.8800    1.8854    4.7558    3.6132    3.4762    1.3193    0.0000    0.0000    0.0000    0.0000    4.0800    0.1008   -0.0457    1.1328  -13.9160 
   9.8141 4294.8833    0.3225   -1.0626  180.8581    5.5476    1.4599    1.0497    3.4762    1.3193    0.0000    0.0000    0.0000    0.0000    4.0800    0.0491   -0.0044    1.1204  -10.2539 
   9.8566 4294.8408   -0.0933   -1.3927  180.8726    0.7258   -3.4229   -2.1241    3.4762    1.3193    0.0000    0.0000    0.0000    0.0000    4.0800   -0.0464    0.0085    1.0698  -15.0757 
   9.8991 4294.7983    0.1179   -1.3444  180.8671   -1.4715   -1.4088    2.8808    3.4762    1.3193    0.0000    0.0000    0.0000    0.0000    4.0800   -0.0369    0.0630    1.0657  -17.2729 
   9.9416 4294.7559    0.4926   -1.3085  180.8587    1.4582   -0.0050   -0.6592    3.4762    1.3193    0.0000    0.0000    0.0000    0.0000    4.0720   -0.0254   -0.0059    1.0654  -14.3433 
   9.9841 4294.7134    1.1510   -0.9794  180.8524    0.8478   -2.0802    0.5004    3.4762    1.3193    0.0000    0.0000    0.0000    0.0000    4.0800   -0.0403   -0.0286    1.0813  -14.9536 
  10.0266 4294.6709    1.0210   -1.1862  180.8570    0.4206   -0.1881    0.4394    3.4762    1.3193    0.0000    0.0000    0.0000    0.0000    4.0720    0.0093    0.0076    1.0811  -15.3809 
  10.0691 4294.6284    0.9461   -1.5748  180.8529   -0.6170    1.1547   -1.4527    3.4762    1.3193    0.0000    0.0000    0.0000    0.0000    4.0800    0.0027   -0.0007    1.0789  -16.4185 
  10.1116 4294.5859    0.8702   -1.5755  180.8292   -0.1897   -0.5543    0.8666    3.4762    1.3193    0.0000    0.0000    0.0000    0.0000    4.0800   -0.0378    0.0020    1.0762  -15.9912 
  10.1541 4294.5430    0.9323   -1.7556  180.8211    0.0544    3.4130   -0.9644    3.4762    1.3193    0.0000    0.0000    0.0000    0.0000    4.0800    0.0166    0.0186    1.0789  -15.7471 
  10.1966 4294.5005    0.9577   -1.2545  180.8154    0.1154   -3.7281    0.5004    3.4762    1.3193    0.0000    0.0000    0.0000    0.0000    4.0800   -0.0325   -0.0085    1.0830  -15.6860 
  10.2391 4294.4580    0.7859   -1.6170  180.8016    0.6037   -4.8878   -0.2930    3.4762    1.3193    0.0000    0.0000    0.0000    0.0000    4.0800   -0.0437    0.0015    1.0796  -15.1978 
  10.2816 4294.4155    0.7859   -1.3559  180.7945    0.0544   -0.3712   -0.0489    3.4762    1.3193    0.0000    0.0000    0.0000    0.0000    4.0800   -0.0317    0.0100    1.0835  -15.7471 
  10.3241 4294.3730    0.9327   -1.2106  180.7878    0.2985    0.1171   -0.3541    3.4762    1.3193    0.0000    0.0000    0.0000    0.0000    4.0800   -0.0098    0.0107    1.0754  -15.5029 
  10.3666 4294.3306    1.1367   -1.3440  180.7760   -0.1287   -0.6763   -0.5982    3.4762    1.3193    0.0000    0.0000    0.0000    0.0000    4.0800   -0.0154   -0.0039    1.0801  -15.9302 
  10.4091 4294.2881    1.1025   -1.5869  180.7701    1.0920    0.6664    0.4394    3.4762    1.3193    0.0000    0.0000    0.0000    0.0000    4.0800   -0.0159   -0.0015    1.0896  -14.7095 
  10.4516 4294.2456    0.9082   -1.4451  180.7672   -0.1287   -0.3101    0.1342    3.4762    1.3193    0.0000    0.0000    0.0000    0.0000    4.0800   -0.0132    0.0007    1.0854  -15.9302 
  10.4941 4294.2031    0.8100   -1.3672  180.7647   -0.6780   -0.0660    0.0732    3.4762    1.3193    0.0000    0.0000    0.0000    0.0000    4.0800   -0.0127    0.0059    1.0886  -16.4795 
  10.5366 4294.1606    0.7415   -1.2614  180.7591    0.4816   -0.4322    0.0732    3.4762    1.3193    0.0000    0.0000    0.0000    0.0000    4.0800   -0.0151    0.0093    1.0793  -15.3198 
  10.5791 4294.1182    0.8482   -1.4870  180.7525   -0.4339    0.4833   -0.5982    3.4762    1.3193    0.0000    0.0000    0.0000    0.0000    4.0800   -0.0144    0.0071    1.0850  -16.2354 
  10.6216 4294.0757    1.0073   -1.4209  180.7494   -0.1287    0.1171   -0.2930    3.4762    1.3193    0.0000    0.0000    0.0000    0.0000    4.0880   -0.0173    0.0054    1.0906  -15.9302 
  10.6641 4294.0332    0.5955   -1.2367  180.7349    0.6647   -0.3101   -0.1099    3.4762    1.3193    0.0000    0.0000    0.0000    0.0000    4.0880   -0.0083    0.0122    1.0857  -15.1367 
  10.7066 4293.9907    0.7525   -1.2067  180.7235    0.8478    0.0561   -0.1099    3.4762    1.3193    0.0000    0.0000    0.0000    0.0000    4.0880   -0.0103    0.0098    1.0811  -14.9536 
  10.7491 4293.9482    0.9158   -0.9851  180.7183   -0.0066   -0.1881    0.2563    3.4762    1.3193    0.0000    0.0000    0.0000    0.0000    4.0880   -0.0027    0.0037    1.0771  -15.8081 
  10.7916 4293.9058    0.6080   -1.6136  180.7159   -0.8001   -0.0660    0.3173    3.4762    1.3193    0.0000    0.0000    0.0000    0.0000    4.0880   -0.0100    0.0115    1.0774  -16.6016 
  10.8341 4293.8633    0.6314   -1.2673  180.7181    0.0544   -0.2491    0.5004    3.4762    1.3193    0.0000    0.0000    0.0000    0.0000    4.0880   -0.0081    0.0120    1.0769  -15.7471 
  10.8766 4293.8208    0.7811   -1.6164  180.7191    0.6647    0.1781   -0.2930    3.4762    1.3193    0.0000    0.0000    0.0000    0.0000    4.0880   -0.0215    0.0083    1.0791  -15.1367 
  10.9191 4293.7783    1.0224   -1.2462  180.6980    1.1530    0.1781   -0.3541    3.4762    1.3193    0.0000    0.0000    0.0000    0.0000    4.0880   -0.0037    0.0034    1.0803  -14.6484 
  10.9616 4293.7358    1.2470   -1.5640  180.6824    0.7258    0.0561   -0.5372    3.4762    1.3193    0.0000    0.0000    0.0000    0.0000    4.0880   -0.0166    0.0010    1.0842  -15.0757 
  11.0041 4293.6934    0.9727   -1.3178  180.6853   -0.8611   -0.1881    0.0732    3.4762    1.3193    0.0000    0.0000    0.0000    0.0000    4.0880   -0.0120    0.0049    1.0842  -16.6626 
  11.0466 4293.6509    0.8768   -1.4411  180.6894   -0.0066    0.3612    0.2563    3.4762    1.3193    0.0000    0.0000    0.0000    0.0000    4.0880   -0.0171    0.0054    1.0833    0.0000 
  11.0891 4293.6084    1.1000   -1.4566  180.6802    0.3596    0.0561   -0.5372    3.4762    1.3193    0.0000    0.0000    0.0000    0.0000    4.0880   -0.0173   -0.0024    1.0933  -15.4419 
  11.1316 4293.5659    1.0920   -1.5185  180.6745   -0.0066    0.0561    0.3784    3.4762    1.3193    0.0000    0.0000    0.0000    0.0000    4.0880   -0.0193    0.0044    1.0769  -15.8081 
  11.1741 4293.5234    0.6744   -1.2360  180.6659   -0.9832   -0.3712    0.0121    3.4762    1.3193    0.0000    0.0000    0.0000    0.0000    4.0880   -0.0146    0.0076    1.0815  -16.7847 
  11.2166 4293.4805    0.9311   -1.3644  180.6646    0.7868    0.2392   -0.5372    3.4762    1.3193    0.0000    0.0000    0.0000    0.0000    4.0880   -0.0142    0.0071    1.0952  -15.0146 
  11.2591 4293.4380    0.7627   -1.4944  180.6610   -0.0677   -0.1270    0.0732    3.4762    1.3193    0.0000    0.0000    0.0000    0.0000    4.0880   -0.0078    0.0144    1.0764  -15.8691 
  11.3016 4293.3955    0.4607   -1.3474  180.6574    0.1765    0.1171    0.0121    3.4762    1.3193    0.0000    0.0000    0.0000    0.0000    4.0880   -0.0127    0.0134    1.0823  -15.6250 
  11.3441 4293.3530    0.5679   -1.4018  180.6534    0.4816    0.0561   -0.4151    3.4762    1.3193    0.0000    0.0000    0.0000    0.0000    4.0880   -0.0137    0.0125    1.0916  -15.3198 
  11.3866 4293.3105    1.0474   -1.3398  180.6439    1.0920    0.3002   -0.3541    3.4762    1.3193    0.0000    0.0000    0.0000    0.0000    4.0880   -0.0205    0.0020    1.0894  -14.7095 
  11.4291 4293.2681    0.9724   -1.4270  180.6372    0.0544   -0.1881   -0.2320    3.4762    1.3193    0.0000    0.0000    0.0000    0.0000    4.0800   -0.0146    0.0044    1.0852  -15.7471 
  11.4716 4293.2256    0.8976   -1.6777  180.6341    0.6037   -0.3712   -0.4761    3.4762    1.3193    0.0000    0.0000    0.0000    0.0000    4.0880   -0.0188    0.0056    1.0874  -15.1978 
  11.5141 4293.1831    0.8221   -1.1729  180.6237   -0.6170   -0.1881    0.2563    3.4762    1.3193    0.0000    0.0000    0.0000    0.0000    4.0880   -0.0095    0.0071    1.0840  -16.4185 
  11.5566 4293.1406    0.8180   -1.3319  180.6252    0.1765   -0.2491   -0.5982    3.4762    1.3193    0.0000    0.0000    0.0000    0.0000    4.0880   -0.0098    0.0093    1.0813  -15.6250 
  11.5991 4293.0981    0.8329   -1.0283  180.6191    1.6413    0.1781   -0.6592    3.4762    1.3193    0.0000    0.0000    0.0000    0.0000    4.0800   -0.0088    0.0063    1.0835  -14.1602 
  11.6416 4293.0557    0.6724   -1.2728  180.6154    1.1530    0.1171   -0.1710    3.4762    1.3193    0.0000    0.0000    0.0000    0.0000    4.0880   -0.0127    0.0083    1.0872  -14.6484 
  11.6841 4293.0132    0.5168   -1.3080  180.6117    0.1765   -0.0660    0.5004    3.4762    1.3193    0.0000    0.0000    0.0000    0.0000    4.0880   -0.0117    0.0103    1.0876  -15.6250 
  11.7266 4292.9707    1.0203   -1.2164  180.6118    0.7258    0.0561   -0.5982    3.4762    1.3193    0.0000    0.0000    0.0000    0.0000    4.0880   -0.0110    0.0039    1.0886  -15.0757 
  11.7691 4292.9282    0.6295   -1.3934  180.6009    0.1154   -0.3101   -0.1710    3.4762    1.3193    0.0000    0.0000    0.0000    0.0000    4.0880   -0.0144    0.0125    1.0830  -15.6860 
  11.8116 4292.8857    0.8856   -1.4650  180.6046   -1.5325    0.0561    0.1342    3.4762    1.3193    0.0000    0.0000    0.0000    0.0000    4.0880   -0.0132    0.0042    1.0881  -17.3340 
  11.8541 4292.8433    0.7603   -1.0700  180.5928    0.2985    0.3612   -0.1710    3.4762    1.3193    0.0000    0.0000    0.0000    0.0000    4.0880   -0.0122    0.0139    1.0837  -15.5029 
  11.8966 4292.8008    0.8099   -1.5974  180.5891    1.2751   -0.0050   -0.5372    3.4762    1.3193    0.0000    0.0000    0.0000    0.0000    4.0880   -0.0193   -0.0002    1.0833    0.0000 
  11.9391 4292.7583    0.6072   -1.1356  180.5826    1.0310    0.0561    0.0121    3.4762    1.3193    0.0000    0.0000    0.0000    0.0000    4.0880   -0.0037    0.0132    1.0876  -14.7705 
  11.9816 4292.7158    0.7687   -1.5046  180.5803    1.3972    0.3002   -0.4761    3.4762    1.3193    0.0000    0.0000    0.0000    0.0000    4.0880   -0.0166    0.0093    1.0938  -14.4043 
  12.0241 4292.6733    0.6597   -1.2830  180.5715    0.3596    0.3612    0.4394    3.4762    1.3193    0.0000    0.0000    0.0000    0.0000    4.0880   -0.0117    0.0088    1.0867  -15.4419 
  12.0666 4292.6309    0.8450   -1.6902  180.5700   -0.1287    0.2392    0.0732    3.4762    1.3193    0.0000    0.0000    0.0000    0.0000    4.0880   -0.0193    0.0081    1.0811  -15.9302 
  12.1091 4292.5884    0.8253   -1.5280  180.5759   -1.2884   -0.1270    0.5004    3.4762    1.3193    0.0000    0.0000    0.0000    0.0000    4.0880   -0.0142    0.0063    1.0869  -17.0898 
  12.1516 4292.5459    0.7384   -1.5021  180.5681    0.2375    0.3612   -0.0489    3.4762    1.3193    0.0000    0.0000    0.0000    0.0000    4.0880   -0.0146    0.0107    1.0811  -15.5640 
  12.1941 4292.5034    0.6985   -1.3602  180.5543    1.2141    0.2392   -0.7203    3.4762    1.3193    0.0000    0.0000    0.0000    0.0000    4.0960   -0.0159    0.0093    1.0769  -14.5874 
  12.2366 4292.4609    0.8932   -1.5052  180.5564   -0.3729    0.1781    0.2563    3.4762    1.3193    0.0000    0.0000    0.0000    0.0000    4.0880   -0.0073    0.0063    1.0833  -16.1743 
  12.2791 4292.4180    0.7396   -1.4782  180.5522    1.2141    0.1781   -0.5372    3.4762    1.3193    0.0000    0.0000    0.0000    0.0000    4.0960   -0.0142    0.0090    1.0823  -14.5874 
  12.3216 4292.3755    0.5041