   0.0016 4290.9966   -0.1298   -0.0569  179.9962    0.3552    0.7043   -1.5490    0.0000    0.0000    0.0000    0.0000    0.0000    0.0000    4.1200   -0.0054    0.0120    1.0864    0.0000 
   0.0441 4290.9541   -0.5290   -0.9363  179.9249   -0.3162    0.5212   -1.4880    0.0000    0.0000    0.0000    0.0000    0.0000    0.0000    4.1280   -0.0168    0.0134    1.0771  -16.2354 
   0.0866 4290.9116   -0.3981   -0.9765  179.8452    0.2332    0.0939   -1.9763    0.0000    0.0000    0.0000    0.0000    0.0000    0.0000    4.1200   -0.0239    0.0083    1.0886  -15.6860 
   0.1291 4290.8691   -0.3202   -0.8960  179.7745   -0.4382    0.8263   -1.4880    0.0000    0.0000    0.0000    0.0000    0.0000    0.0000    4.1280   -0.0181    0.0081    1.0920  -16.3574 
   0.1716 4290.8267   -0.4400   -0.8723  179.7027    0.1111    0.8874   -2.0373    0.0000    0.0000    0.0000    0.0000    0.0000    0.0000    4.1200   -0.0139    0.0034    1.0786  -15.8081 
   0.2141 4290.7842   -0.8101   -0.9529  179.6269   -0.0110    0.7653   -1.9153    0.0000    0.0000    0.0000    0.0000    0.0000    0.0000    4.1280   -0.0176    0.0137    1.0847  -15.9302 
   0.2566 4290.7417   -0.7226   -0.6067  179.5414   -0.0110    0.7043   -1.3049    0.0000    0.0000    0.0000    0.0000    0.0000    0.0000    4.1280   -0.0117    0.0117    1.0764  -15.9302 
   0.2991 4290.6992   -0.6968   -0.9731  179.4694   -0.5603    0.7653   -1.9153    0.0000    0.0000    0.0000    0.0000    0.0000    0.0000    4.1280   -0.0183    0.0156    1.0867  -16.4795 
   0.3416 4290.6567   -0.1789   -0.7617  179.3907    0.1111    0.7653   -1.4880    0.0000    0.0000    0.0000    0.0000    0.0000    0.0000    4.1200   -0.0190    0.0027    1.0874  -15.8081 
   0.3841 4290.6143   -0.8150   -0.7538  179.3165   -0.2551    0.5822   -1.6711    0.0000    0.0000    0.0000    0.0000    0.0000    0.0000    4.1280   -0.0144    0.0144    1.0771  -16.1743 
   0.4266 4290.5718   -0.2756   -0.8770  179.2397    0.1111    0.3991   -2.1594    0.0000    0.0000    0.0000    0.0000    0.0000    0.0000    4.1280   -0.0154    0.0046    1.0847    0.0000 
   0.4691 4290.5293   -0.2097   -0.8354  179.1667    0.2942    0.6432   -1.9153    0.0000    0.0000    0.0000    0.0000    0.0000    0.0000    4.1280   -0.0151    0.0049    1.0903  -15.6250 
   0.5116 4290.4868   -0.2583   -0.5930  179.0986    0.0500    0.4601   -1.4270    0.0000    0.0000    0.0000    0.0000    0.0000    0.0000    4.1280   -0.0105    0.0024    1.0808  -15.8691 
   0.5541 4290.4443   -0.6231   -0.5236  179.0252   -0.3162    0.8263   -1.6101    0.0000    0.0000    0.0000    0.0000    0.0000    0.0000    4.1280   -0.0095    0.0061    1.0847  -16.2354 
   0.5966 4290.4019   -0.4362   -0.5798  178.9529    0.3552    0.8874   -1.4880    0.0000    0.0000    0.0000    0.0000    0.0000    0.0000    4.1280   -0.0171    0.0088    1.0818  -15.5640 
   0.6391 4290.3594   -0.4870   -0.6958  178.8721    0.8435    0.8263   -2.2815    0.0000    0.0000    0.0000    0.0000    0.0000    0.0000    4.1200   -0.0181    0.0117    1.0779  -15.0757 
   0.6816 4290.3169   -0.6162   -0.4467  178.7939    0.2942    0.8263   -1.9763    0.0000    0.0000    0.0000    0.0000    0.0000    0.0000    4.1280   -0.0137    0.0142    1.0840  -15.6250 
   0.7241 4290.2739   -0.2694   -0.9451  178.7216    0.4163    0.9484   -1.7322    0.0000    0.0000    0.0000    0.0000    0.0000    0.0000    4.1280   -0.0188    0.0020    1.0872  -15.5029 
   0.7666 4290.2314   -0.2334   -0.5625  178.6497   -0.4993    0.7043   -1.7932    0.0000    0.0000    0.0000    0.0000    0.0000    0.0000    4.1280   -0.0095    0.0056    1.0813  -16.4185 
   0.8091 4290.1890   -0.5964   -0.8400  178.5850   -0.8655    0.5822   -1.2439    0.0000    0.0000    0.0000    0.0000    0.0000    0.0000    4.1280   -0.0144    0.0120    1.0830  -16.7847 
   0.8516 4290.1465   -0.5196   -0.7021  178.5100   -0.2551    0.6432   -1.4270    0.0000    0.0000    0.0000    0.0000    0.0000    0.0000    4.1280   -0.0132    0.0103    1.0884  -16.1743 
   0.8941 4290.1040   -0.6183   -0.7173  178.4349   -0.6213    0.7043   -1.7932    0.0000    0.0000    0.0000    0.0000    0.0000    0.0000    4.1280   -0.0149    0.0046    1.0903  -16.5405 
   0.9366 4290.0615   -0.0282   -0.5755  178.3638    0.2942    0.7043   -1.7322    0.0000    0.0000    0.0000    0.0000    0.0000    0.0000    4.1280   -0.0105    0.0166    1.0806  -15.6250 
   0.9791 4290.0190   -0.6758   -0.7067  178.2948    0.5383    1.0705   -2.0373    0.0000    0.0000    0.0000    0.0000    0.0000    0.0000    4.1280   -0.0103    0.0071    1.0876  -15.3809 
   1.0216 4289.9766   -0.5424   -0.7512  178.2182    0.0500    0.3381   -1.8542    0.0000    0.0000    0.0000    0.0000    0.0000    0.0000    4.1200   -0.0137    0.0125    1.0867  -15.8691 
   1.1616    0.0014    0.0000    0.0000  177.9687   -0.4382    0.7043   -1.4270    0.0000    0.0000    0.0000    0.0000    0.0000    0.0000    4.1280   -0.0146    0.0042    1.0852  -16.3574 
   1.2041    0.0009    0.0000    0.0000  177.8908   -0.4993    0.5212   -1.7322    0.0000    0.0000    0.0000    0.0000    0.0000    0.0000    4.1280   -0.0159    0.0044    1.0793  -16.4185 
   1.2466    0.0009    0.0000    0.0000  177.8181    0.3552    0.9484   -1.7932    0.0000    0.0000    0.0000    0.0000    0.0000    0.0190    4.1280   -0.0217    0.0034    1.0762  -15.5640 
   1.2891    0.0009    0.0000    0.0000  177.7454   -0.0720    0.8874   -1.9763    0.0000    0.0000    0.0000    0.0000    0.0000    0.0620    4.1280   -0.0115    0.0054    1.0771  -15.9912 
   1.3316    0.0014    0.0000    0.0000  177.6619   -0.1941    0.3991   -1.8542    0.0000    0.0000    0.0000    0.0000    0.0000    0.0680    4.1200   -0.0212    0.0059    1.0857  -16.1133 
   1.3741    0.0009    0.0000    0.0000  177.5861    0.0500    0.5822   -1.7932    0.0000    0.0000    0.0000    0.0000    0.0000    0.0680    4.1280   -0.0193    0.0059    1.0857  -15.8691 
   1.4166    0.0009    0.0000    0.0000  177.5177    0.4773    0.6432   -1.6711    0.0000    0.0000    0.0000    0.0000    0.0000    0.0680    4.1200   -0.0186    0.0081    1.0884  -15.4419 
   1.4591    0.0009    0.0000    0.0000  177.4418   -0.6824    0.4601   -1.7322    0.0000    0.0000    0.0000    0.0000    0.0000    0.0680    4.1280   -0.0095   -0.0017    1.0776  -16.6016 
   1.5016    0.0014    0.0000    0.0000  177.3594   -0.5603    0.8263   -1.1828    0.0000    0.0000    0.0000    0.0000    0.0000    0.0680    4.1200   -0.0076    0.0027    1.0872  -16.4795 
   1.5441    0.0009    0.0000    0.0000  177.2866    0.1721    0.8263   -1.9763    0.0000    0.0000    0.0000    0.0000    0.0000    0.0680    4.1280   -0.0134    0.0100    1.0911  -15.7471 
   1.5866    0.0009    0.0000    0.0000  177.2174    0.4773    0.8263   -1.9763    0.0000    0.0000    0.0000    0.0000    0.0000    0.0680    4.1200   -0.0134    0.0054    1.0720  -15.4419 
   1.6291    0.0009    0.0000    0.0000  177.1283    0.6604    0.7653   -1.6101    0.0000    0.0000    0.0000    0.0000    0.0000    0.0798    4.1280   -0.0142    0.0066    1.0850  -15.2588 
   1.6716    0.0016   -0.0115    0.1449  177.0544   -0.1331    0.8263   -1.1828    0.5196   -0.0068    1.0621   -0.1517    0.0000    0.1087    4.1200   -0.0081    0.0100    1.0776    0.0206 
   1.7141    0.0010    0.0785    0.0168  176.9974   -0.1331    0.9484   -1.4270    1.2702    0.5895    2.3834    0.5726    0.0000    0.1367    4.0720   -0.0193    0.0222    1.0894    0.0249 
   1.7566    0.0010   -0.2823   -0.0377  176.9296    0.1111   -0.3333   -1.7322    2.3973    0.5124    5.3592    0.5501    0.0000    0.1584    4.0720   -0.0159   -0.0049    1.0850    0.0302 
   1.7991    0.0010   -0.3853    0.4933  176.8433   -1.0486    5.8923   -1.9763    2.1774   -0.1907    5.1254   -0.6839   -0.2818    0.1795    4.0480    0.0422    0.0117    1.0835    0.0296 
   1.8416    0.0015   -0.0989   -0.1270  176.7812    1.5759   -3.2020   -2.5256    1.7111    0.5625    3.6199    0.6895   -0.2818    0.2101    4.0400   -0.0427    0.0083    1.0813    0.0392 
   1.8841    0.0010   -0.1190    0.1169  176.7572   -0.4993   -1.4930   -0.2673    1.1997    0.6557    2.6375    0.5389    0.0000    0.2101    4.0320   -0.0381   -0.0042    1.0100    0.0047 
   1.9266    0.0010    0.6948   -0.2162  176.8833   -1.4148    1.8029    3.5779    1.0523    0.6783    0.7151    0.8945    0.0000    0.2101    4.0400    0.0081   -0.0291    1.0725   -0.0624 
   1.9691    0.0010    0.8202   -1.0119  176.9126    1.2708    0.0329    0.1599    2.1253   -0.3574    2.6101    0.6545    0.0000    0.2200    4.0240   -0.0942    0.0125    1.0808   -0.0028 
   2.0116    0.0015    0.3373   -1.0034  176.8299   -0.9875    2.0470   -2.0984    1.3213    0.3211    1.9680    1.3245   -0.2818    0.2489    4.0080    0.0745   -0.1001    1.1506    0.0317 
   2.0541    0.0010    0.4609   -0.8043  176.7424   -1.1096    0.2160   -1.4880    1.0898    0.1860    1.2579    0.9903    0.0000    0.2582    4.0080    0.2378    0.2251    1.0259    0.0260 
   2.0966    0.0011    0.1273   -0.4116  176.9556   -1.5979    5.2819   11.0242    1.4849    0.1764    2.7152    0.5880   -0.2818    0.2765    4.0080    0.0312    0.1150    1.1311   -0.1973 
   2.1391    0.0010    0.1269   -0.8035  177.5718    1.8201    5.2209   14.6863    1.5281    0.8018    2.8025    1.6053    0.0000    0.2942    3.9840   -0.3191    0.1123    1.3215   -0.2563 
   2.1816    0.0015   -0.2919    0.2501  178.0920  -17.2229   52.5231    6.6297    1.2508    0.7249    3.0853    0.4748    0.0000    0.2942    3.9760    0.1262    0.4543    0.2581   -0.1157 
   2.2241    0.0010    0.9450   -0.2555  178.4950   46.9861  -51.9691   13.8318    2.2813   -0.3228    2.6727   -0.0673   -0.2818    0.2942    3.9760   -0.0842   -0.5796    1.7742   -0.2463 
   2.2666    0.0010    0.3936   -1.0902  178.7085   18.7878   62.8381    0.5872    0.8075    0.6635    0.8277    1.7537    0.0000    0.3281    3.9600   -0.3416    0.6960    0.2954   -0.0102 
   2.3091    0.0010    1.7270    0.2349  179.0200  -17.3450  -41.6541    3.9441    0.9797   -0.2228   -1.4946   -0.4577    0.0000    0.3638    3.9360   -0.1675   -0.2273    1.8933   -0.0688 
   2.3516    0.0015    0.3341   -0.1380  179.2496   29.5300    9.2492    6.5686    1.0369    1.0491    1.4056    1.1872   -0.2818    0.4076    3.8960   -0.0554    0.1780    1.7449   -0.1196 
   2.3941    0.0010    0.3694    0.4224  179.4049  -32.9700   12.3620   -0.4504    1.3553    0.1739    1.9719   -0.2485   -0.2818    0.4076    3.8960    0.2200   -0.2334    0.8674    0.0029 
   2.4366    0.0010   -0.4448    0.1356  179.4446   15.6750  -14.7376    1.0144    1.6227    0.7990    4.1350    0.6634    0.0000    0.4110    3.9040   -0.1414   -0.8289    1.8118   -0.0177 
   2.4791    0.0010    0.8645    0.0446  179.5482  -16.0632   13.4606    4.6765    0.8623   -0.5292   -0.0045   -0.5738   -0.2818    0.4144    3.9040    0.8276   -1.1470    0.4421   -0.0865 
   2.5216    0.0015   -0.5344   -0.0506  179.6010   38.9294   16.6344   -1.0608    1.1359    0.8451    3.3405    0.8957    0.0000    0.4178    3.8960   -0.5000    0.5747    1.1694    0.0185 
   2.5641    0.0010   -0.4828   -0.7415  179.6007  -64.7082  -10.9534   -2.0373    1.4035    0.0542    3.7726    0.7957    0.0000    0.4278    3.8960   -0.0503    1.0632    1.2004    0.0356 
   2.6066    0.0010   -0.0777   -0.4952  179.6594   53.2727   20.5407    3.6389    1.2459    0.6795    2.6473    1.1748   -0.2818    0.4563    3.8560    0.0066    0.9136    1.9619   -0.0684 
   2.6491    0.0010   -0.0008   -0.9115  179.6293  -42.1863  -10.8314   -1.7322    2.2394    0.9506    4.4804    1.8621    0.0000    0.4624    3.8560   -0.1846   -0.5696    1.3352    0.0302 
   2.6916    0.0015   -0.2620    0.2664  179.5400   18.6047   22.7380   -3.1970    1.3368    0.1715    3.1976   -0.0948   -0.2818    0.4653    3.8400    0.3474    0.1418    0.7637    0.0509 
   2.7341    0.0011   -0.0890   -0.2304  179.5879  -33.7634  -35.4285    2.5403    1.1554    0.4218    2.4890    0.6522    0.0000    0.4683    3.8400    0.7485   -0.2412    1.0212   -0.0443 
   2.7766    0.0011   -0.5834   -0.0326  179.5960   24.7693   22.6769   -2.6477    1.8656    1.0118    4.8982    1.0444   -0.2818    0.4712    3.8400   -1.2925    0.5447    2.1338    0.0413 
   2.8191    0.0010   -0.1716    1.3599  179.5010    0.7825    4.3664   -1.4270    1.2601   -0.1196    2.8636   -1.4796   -0.2818    0.4712    3.8400   -1.1589    0.4421    1.6484    0.0200 
   2.8616    0.0015   -0.7985   -0.2015  179.4221   -4.7717  -50.4432   -2.1594    1.0789    0.4277    3.7548    0.6292   -0.2818    0.4741    3.8320   -1.0405   -0.4937    2.1028    0.0328 
   2.9041    0.0010    0.1525    0.1634  179.2967  -12.6453   40.0719   -6.3098    1.5063    1.0728    2.7077    0.9095   -0.2818    0.5016    3.8000   -0.1614    0.4998    1.0449    0.1052 
   2.9466    0.0010   -0.4857    1.6099  179.0766  -12.4011   -0.3333   -3.2580    2.3127    0.2924    5.5968   -1.3176   -0.2818    0.5267    3.7840    0.9146    1.3647    0.9590    0.0519 
   2.9891    0.0010   -0.9723   -0.1610  179.0387   -3.5510  -49.1004    0.2820    0.9768    1.4659    3.8982    1.6270   -0.2818    0.5267    3.7760    0.2310    1.3193    0.6172   -0.0098 
   3.0316    0.0015    0.3223    0.3125  178.9911   15.8582   63.1432   -2.7698    2.2917    1.1678    3.9388    0.8552   -0.2818    0.5267    3.7680    0.1953    2.6741    0.8447    0.0434 
   3.0741    0.0010   -0.0958    2.3267  178.8620  -29.1858   15.0475   -4.5398    1.7095   -0.3533    3.6107   -2.6800   -0.2818    0.5267    3.7920   -1.8354    2.3027    1.2324    0.0743 
   3.1166    0.0010   -1.8054    0.2520  178.7678  -18.5657  -81.6932    1.1975    2.0711    1.4338    7.7531    1.1818   -0.2818    0.5493    3.7520   -0.5737    0.4934    2.0386   -0.0258 
   3.1591    0.0010   -1.5595   -0.9102  178.7236   36.0608   24.9963   -0.5725    1.7618    0.2729    6.6425    1.1832   -0.2818    0.5536    3.7520    0.3340    0.4187    0.8960    0.0051 
   3.2016    0.0015    0.8204    2.1945  178.7147   14.7595   85.9704    3.7000    1.7053    1.0745    1.7700   -1.1200   -0.2818    0.5536    3.7360    0.6411   -2.0139    0.7917   -0.0695 
   3.2441    0.0011   -0.3883    1.7987  178.5944  -21.8005  -73.9417   -1.6101    0.9593    0.7314    2.6953   -1.0673   -0.2818    0.5515    3.7600    0.2285    1.6819    1.7356    0.0232 
   3.2866    0.0010   -1.4565   -1.5793  178.6413   -1.9641  -34.1468   -0.6946    2.2327    0.5688    7.3785    2.1482   -0.2818    0.5536    3.7440    0.9661    2.6313    0.4192    0.0072 
   3.3291    0.0010   -0.7414    0.6608  178.5953   38.5632  107.6379   -0.3283    1.8674    0.6310    5.2176   -0.0298   -0.2818    0.5536    3.7200   -0.5811   -2.9434    1.9009    0.0008 
   3.3716    0.0015    0.2855    4.2145  178.6708   20.3137   19.8693    5.2869    1.2169    0.3443    1.8630   -3.8701   -0.2818    0.5536    3.7600    0.1013    1.2241    0.3000   -0.0972 
   3.4141    0.0010    0.1722    0.7391  178.6474  -24.4250 -125.6385   -1.6101    2.1102    1.0344    3.8761    0.2954   -0.2818    0.5536    3.7120   -0.6162    3.1912    0.6345    0.0232 
   3.4566    0.0010   -1.1340   -1.4340  178.7146  -23.9978   48.1286    0.1599    1.4662    0.8010    5.2004    2.2350   -0.2818    0.5515    3.7440    1.1772    0.0952   -0.0300   -0.0077 
   3.4991    0.0010   -1.5691    4.1614  178.6057   22.0837  116.9762   -3.8073    1.7568    0.0609    6.6519   -4.1004   -0.2818    0.5536    3.7040   -0.6492   -1.4939    1.0820    0.0615 
   3.5416    0.0015    0.5392    4.2081  178.6819   48.8171  -82.8529   -1.9763    1.5960    0.6358    2.1136   -3.5724   -0.2818    0.5536    3.7360    2.2537   -0.1963    1.2788    0.0296 
   3.5841    0.0010    1.0863   -1.5568  178.5320  -17.9553  -70.2796   -7.9577    1.8033    0.4275    1.4339    1.9843   -0.2818    0.5515    3.7360   -0.0959   -3.4253    1.8667    0.1340 
   3.6266    0.0010    0.3989    0.8223  178.4646  -16.5515  141.3293   -4.4177    0.8151    1.3930    0.8324    0.5708   -0.2818    0.5536    3.6960   -0.6978   -0.7048    0.8215    0.0722 
   3.6691    0.0010    0.3831    5.9088  178.2363    3.0408   30.7946   -2.8308    2.0930    0.5736    3.4199   -5.3352   -0.2818    0.5536    3.7440    0.3162    3.0217    0.7131    0.0445 
   3.7116    0.0015    1.6747    2.0928  178.1993   23.3655 -158.7195   -3.9905    2.3155    0.2466    1.2817   -1.8462   -0.2818    0.5536    3.6880   -0.1826    0.0066    1.5352    0.0647 
   3.7541    0.0010    2.1828   -1.5103  178.0412   -8.2507   17.9162   -0.5115    2.2586    0.4077    0.1517    1.9180   -0.2818    0.5536    3.7520   -1.7041   -0.7983    2.5305    0.0040 
   3.7966    0.0010    1.7110    3.6743  177.9166  -10.0818  149.6911   -4.9670    1.9541    0.5637    0.4862   -3.1106   -0.2818    0.5536    3.6800   -1.0430    1.6252    0.9934    0.0818 
   3.8391    0.0010    1.7551    5.8331  177.7168  -10.3259  -72.1717    1.3196    1.9000    0.9554    0.2899   -4.8776   -0.2818    0.5536    3.7280    0.0854   -2.1343    1.5454   -0.0279 
   3.8816    0.0015    0.3412    0.0851  177.6850   -1.4148 -130.2772   -1.7322    1.6762    0.6762    2.6701    0.5911   -0.2818    0.5536    3.6960   -0.4763    2.4443    1.8743    0.0253 
   3.9241    0.0010    0.2665    0.9905  177.5817   13.1116  142.3058   -1.9763    1.4997    0.8293    2.4665   -0.1612   -0.2818    0.5515    3.6800    1.1409    0.8149    0.4854    0.0296 
   3.9666    0.0010    0.0138    6.3876  177.4376  -19.8474   58.9928   -3.3801    1.7826   -0.1091    3.5376   -6.4967   -0.2818    0.5536    3.7360    0.2454   -0.9409    1.5156    0.0541 
   4.0091    0.0010   -0.5673    3.6325  177.2358   -3.2458 -175.0159   -0.9387    1.1938    0.9966    3.5224   -2.6359   -0.2818    0.5536    3.6880   -1.9133    1.0376    1.3560    0.0115 
   4.0516    0.0015    0.2556   -0.3673  177.0766   14.9426   -2.0423   -4.6618    1.0170    0.3456    1.5228    0.7130   -0.2818    0.5493    3.7520   -1.9983   -0.6504    2.6985    0.0764 
   4.0941    0.0010    0.2210    4.5543  176.9606  -25.1575  171.4196   -4.1125   -0.0747    0.4070   -0.5914   -4.1473   -0.2818    0.5515    3.6480   -1.0452    2.9658    1.6523    0.0669 
   4.1366    0.0010   -0.0666    7.2178  176.6384  -27.5989  -44.2176    0.9534   -0.8534    0.9071   -1.5735   -6.3107   -0.2818    0.5337    3.7600    0.8518   -1.1853    0.7625   -0.0216 
   4.1791    0.0010   -1.2923    1.2096  176.5822  -11.3635 -154.3861    1.8689   -0.3866   -0.0896    1.8115   -1.2992    0.2818    0.5267    3.6880    1.0486    1.5994    0.2332   -0.0277 
   4.2216    0.0015    0.4878   -0.4722  176.4528   27.7600   82.4303   -1.9153   -0.3848    0.4240   -1.7452    0.8963    0.2818    0.5267    3.7440    0.0049   -0.9556    0.4395    0.0383 
   4.2641    0.0010    1.0498    5.9237  176.3986  -20.1526  118.0138   -3.8684   -0.4797    0.9546   -3.0590   -4.9691    0.2818    0.5267    3.7120    0.0950   -0.6675    1.2859    0.0724 
   4.3066    0.0010   -0.1678    5.5294  176.1244  -32.4207 -141.5687    1.1975    0.0724    0.5832    0.4804   -4.9461    1.1272    0.5218    3.7280    0.4248    0.9417    0.5415   -0.0012 
   4.3491    0.0010   -0.5869   -0.8079  176.1328    7.1912  -98.5999   -0.2673   -0.9337   -0.6326   -0.6934    0.1753    1.1272    0.5119    3.7600   -0.5574   -0.7996    1.9714    0.0243 
   4.3916    0.0015    0.6266    0.9549  176.0716   24.7693  149.7521    0.8924   -0.5732    1.0103   -2.3996    0.0554    1.1272    0.5119    3.7120   -0.3462   -2.1516    1.2800    0.0041 
   4.4341    0.0010   -0.0124    6.6602  175.9877  -27.6599   63.3874   -3.4411   -0.4657    0.6111   -0.9065   -6.0491    1.1272    0.5119    3.7680   -0.3606    1.8506    0.6768    0.0797 
   4.4766    0.0010   -1.4687    3.2326  175.7886  -35.9607 -170.8045    4.6765   -0.9496    0.1810    1.0384   -3.0517    1.1272    0.5119    3.6960   -1.1370    0.1780    0.8706   -0.0619 
   4.5191    0.0010   -1.7468   -1.7475  175.8580   21.7786  -38.1751    1.3196   -1.6409    0.6930    0.2119    2.4405    1.1272    0.5119    3.7760    1.2439    1.6177    0.5396   -0.0034 
   4.5616    0.0015   -0.6627    2.0720  175.7962    6.2146  167.0251   -1.6711   -0.7782    0.4976   -0.2308   -1.5744    1.4090    0.5119    3.6800    0.1755    0.4121    1.0835    0.0538 
   4.6041    0.0010   -0.9804    6.0694  175.6442  -41.2097  -33.8416   -2.8918   -0.7120    0.1906    0.5370   -5.8788    1.1272    0.5144    3.7760    0.1365   -1.5251    0.7820    0.0701 
   4.6466    0.0010   -2.2625    0.3952  175.6121   -3.7341 -168.3021    5.9583   -0.3971    0.1423    3.7308   -0.2529    1.1272    0.5144    3.6880   -0.3562    2.8433    1.2222   -0.0843 
   4.6891    0.0011   -1.2067   -3.0677  175.5608   45.7043   61.7394   -3.7463   -1.4288    0.8681   -0.4441    3.9358    1.1272    0.5144    3.7760    0.0203    0.8125    1.1440    0.0851 
   4.7316    0.0015   -1.0953    3.1405  175.5915  -16.6736  153.7804   -0.5725   -1.2718   -0.1607   -0.3530   -3.3012    1.1272    0.5144    3.6800    0.0930    0.7358    1.3027    0.0297 
   4.7741    0.0010   -2.9392    4.3228  175.3889  -44.3835  -98.9661   -4.2956   -0.7557    0.5039    4.3672   -3.8189    1.1272    0.5169    3.7520   -0.3499   -0.3164    1.2437    0.0946 
   4.8166    0.0010   -3.9021   -2.2990  175.5670    1.0266 -147.4891    2.8455   -0.7622    0.4373    6.2799    2.7363    1.1272    0.5169    3.6960    0.2559   -0.0862    1.4983   -0.0300 
   4.8591    0.0010   -3.0317   -2.2455  175.5146   36.3660  117.6476    5.3479   -1.5867    0.6554    2.8900    2.9009    1.1272    0.5169    3.7360    0.8306    0.7532    0.7498   -0.0737 
   4.9016    0.0015   -2.3160    4.6308  175.5833  -18.9319  121.4318    1.7469   -1.7439    0.3352    1.1443   -4.2956    1.1272    0.5194    3.7280    0.4514    1.2417    0.9614   -0.0108 
   4.9441    0.0011   -3.6008    2.8377  175.4636  -37.3645 -152.9823    5.4700   -2.1425    1.5525    2.9165   -1.2852    1.1272    0.5169    3.6960    1.1440    0.7515    0.8027   -0.0758 
   4.9866    0.0010   -4.0578   -3.7780  175.5603   13.7830  -65.6409    1.7469   -2.0967    1.3356    3.9224    5.1136    1.1272    0.5218    3.7280   -1.0344   -1.9673    1.6770   -0.0108 
   5.0291    0.0010   -3.3247   -0.7135  175.6274    7.9846  187.1667    1.0755   -2.8713    1.2574    0.9069    1.9709    1.1272    0.5218    3.6800   -0.4587   -2.3767    1.9197    0.0009 
   5.0716    0.0015   -3.5675    4.5345  175.6410  -28.8196   25.7287   -1.6711   -2.3287    2.1433    2.4776   -2.3913    1.4090    0.5243    3.7600    0.6968    0.0146    1.3604    0.0538 
   5.1141    0.0010   -5.0470   -0.2625  175.6679  -15.6970 -199.4910   10.5359   -3.2040    1.8420    3.6859    2.1045    1.1272    0.5243    3.6400   -0.0400   -3.5952    1.7322   -0.1642 
   5.1566    0.0011   -5.9108   -5.2349  176.1061    2.2473   15.2917    9.4983   -3.6233    1.7104    4.5750    6.9453    1.1272    0.5267    3.7760   -0.0254    0.6714    0.5349   -0.1461 
   5.1991    0.0010   -6.2154    1.4617  176.1465   -1.2317  198.3971   -3.7463   -2.8858    2.2263    6.6594    0.7646    1.1272    0.5243    3.6560    0.0098   -1.1436   -0.2529    0.0851 
   5.2416    0.0015   -5.2603    4.7634  176.2241   18.6658  -46.9032    2.0520   -2.0717    1.7750    6.3772   -2.9885    1.1272    0.5243    3.7440    0.5608   -0.6321    0.9404   -0.0161 
   5.2841    0.0010   -5.1698   -2.1577  176.4089    8.3508 -176.4808    3.8831   -2.7678    1.5534    4.8041    3.7111    1.1272    0.5267    3.6720    1.1150    3.6235    0.6316   -0.0481 
   5.3266    0.0010   -4.8486   -3.1573  176.3851   -9.4104  125.5212    4.7376   -1.4003    1.3270    6.8968    4.4843    1.1272    0.5267    3.7440    0.0769    1.6511    1.4485   -0.0630 
   5.3691    0.0010   -5.1112    4.1634  176.4333   -3.8562  138.5217   -2.8308   -2.0959    1.5902    6.0306   -2.5732    1.1272    0.5243    3.6800    0.6152    3.0667    1.2971    0.0691 
   5.4116    0.0015   -4.2074    3.1370  176.5960   34.1077 -155.0574    2.1741   -1.9791    1.6680    4.4566   -1.4690    1.1272    0.5267    3.7040   -0.8186   -0.3748    1.5066   -0.0183 
   5.4541    0.0010   -2.9829   -4.1244  176.5816   15.3699 -106.7786   -5.3943   -2.8516    1.6965    0.2627    5.8210    1.1272    0.5243    3.7520    0.2734   -1.9429    1.2183    0.1138 
   5.4966    0.0010   -2.1280   -1.1493  176.3691   16.7737  188.0212   -0.0232   -2.4344    2.3482   -0.6127    3.4975    1.1272    0.5267    3.6640    1.6741   -2.1416    0.4070    0.0201 
   5.5391    0.0010   -1.9233    5.5511  176.1299   -1.8420   66.1340   -6.4319   -1.4394    1.6300    0.9680   -3.9211    1.1272    0.5267    3.7360   -0.7327   -0.5850    1.0691    0.1319 
   5.5816    0.0015   -1.5284    1.1642  175.9268   29.2859 -196.9886   -4.7839   -1.6535    2.1784   -0.2501    1.0141    1.1272    0.5243    3.6240    0.6157   -1.0474    0.6675    0.1032 
   5.6241    0.0010    1.6855   -4.6899  175.4348   77.7478  -23.7098   -7.1032   -2.4717    1.4873   -8.3143    6.1772    1.1272    0.5267    3.7440   -0.4807   -0.5068    1.5410    0.1436 
   5.6666    0.0010    4.0010    1.3661  175.0567   -1.7200  218.4777    1.0144   -1.6945    1.5911  -11.3910    0.2250    1.1272    0.5267    3.6240   -0.2490   -0.3438    0.6233    0.0020 
   5.7091    0.0010    2.6048    5.7639  174.5858  -88.6340  -57.0960   -8.3240   -2.2235    1.6970   -9.6564   -4.0669    1.1272    0.5267    3.7360    0.4844    2.3320    0.0789    0.1650 
   5.7516    0.0015    1.1223   -1.3951  174.4119   37.2815 -193.8148    1.2586   -1.9867    1.0787   -6.2180    2.4738    1.1272    0.5267    3.6320   -1.2900   -1.4949    1.6401   -0.0023 
   5.7941    0.0010    4.8257   -3.0885  173.9201  104.9085  118.8683   -5.3943   -1.6398    2.1356  -12.9310    5.2240    1.1272    0.5243    3.7200    0.8428   -0.1760    0.1565    0.1138 
   5.8366    0.0010    5.8916    5.5301  173.9223  -37.8528  191.6222    1.4417   -1.4258    1.8214  -14.6347   -3.7087    1.1272    0.5267    3.6320    0.8452   -0.3894    1.4927   -0.0055 
   5.8791    0.0010    2.7329    6.1515  173.1499  -91.8689 -126.9202   -5.3943   -1.3327    1.4877   -8.1311   -4.6638    1.1272    0.5243    3.7040    0.2507   -0.2231    1.9314    0.1138 
   5.9216    0.0015    1.1921   -1.2199  173.2738   49.8547 -153.7147    3.9441   -1.3428    1.9608   -5.0697    3.1807    1.1272    0.5267    3.6960    1.3057   -0.0637    0.6904   -0.0492 
   5.9641    0.0010    4.7476    0.8485  172.9563   79.2126  171.9079   -1.7932   -1.9805    1.9193  -13.4562    1.0707    1.1272    0.5267    3.6640    0.4871   -1.2488    1.4373    0.0510 
   6.0066    0.0010    4.7717    7.6660  172.9643  -68.6755   80.1720   -4.8449   -1.7409    2.5188  -13.0253   -5.1472    1.4090    0.5267    3.7040   -1.2375    0.5012    0.7576    0.1092 
   6.0491    0.0010    1.1257    3.7333  172.4091  -67.7600 -191.7396    6.2024   -1.4499    1.7327   -5.1511   -2.0006    1.1272    0.5267    3.6400    1.2168    1.7073    0.0420   -0.0886 
   6.0916    0.0015    0.7844   -2.8700  172.5455   55.2869  -29.5692   -4.2346   -1.3084    1.8931   -4.1856    4.7631    1.1272    0.5267    3.7360   -1.1873   -2.4629    1.7129    0.0936 
   6.1341    0.0010    3.3844    2.8164  172.4844   40.8826  203.1579    2.1741   -2.4376    2.0828  -11.6440   -0.7336    1.1272    0.5267    3.6320   -0.4822   -0.7937    1.6282   -0.0183 
   6.1766    0.0010    2.5346    7.8245  172.3554  -69.8352   -0.2113   -4.4177   -2.1611    2.2041   -9.3913   -5.6204    1.1272    0.5267    3.7360    1.0552    1.0005    1.5142    0.0968 
   6.2191    0.0010   -0.2004    1.4409  172.1121  -55.5530 -198.6976    2.7844   -2.0486    1.8625   -3.6963    0.4216    1.1272    0.5267    3.6320   -1.3101    1.9158    1.3521   -0.0289 
   6.2616    0.0015    0.3120   -2.0236  172.0815   51.4417   56.2463   -0.3283   -1.4116    1.2142   -3.4471    3.2378    1.1272    0.5267    3.7200    1.0552    1.9607    0.9492    0.0254 
   6.3041    0.0010    2.3194    5.1024  172.1512   19.6423  197.6647    5.4700   -2.0643    1.6681   -8.7674   -3.4343    1.1272    0.5267    3.6400    1.8184   -3.6917    0.6729   -0.0758 
   6.3466    0.0010    0.0242    6.3659  171.8782  -66.7834 -128.0189   -1.7322   -2.6503    1.6961   -5.3489   -4.6698    1.1272    0.5267    3.7120   -0.3757    1.5652    1.0085    0.0499 
   6.3891    0.0010   -2.1860   -1.0293  171.8737    9.6326 -141.6908    3.7610   -2.2374    1.9101   -0.1027    2.9394    1.1272    0.5267    3.6640    1.8625    0.5193    0.5486   -0.0460 
   6.4316    0.0015   -0.4821   -0.4598  171.6738   53.8220  158.2360   -1.7932   -1.5265    1.3301   -2.0887    1.7899    1.1272    0.5267    3.6720    0.1702    1.1809    1.4827    0.0510 
   6.4741    0.0010    0.0696    6.5179  171.7325  -27.3547  114.6569   -2.7698   -1.9262    1.3419   -3.9916   -5.1760    1.1272    0.5267    3.6880    0.8779    1.2944    1.3223    0.0680 
   6.5166    0.0010   -1.6634    4.2913  171.3765  -50.7312 -173.9783    4.0052   -1.8158    1.8575   -0.3047   -2.4339    1.1272    0.5267    3.6480    2.1956    0.6016    0.5842   -0.0502 
   6.5591    0.0010   -1.7228   -2.5671  171.4259   34.0466  -82.1815    1.1975   -1.3873    2.1577    0.6710    4.7247    1.1272    0.5267    3.7280    0.5232    1.7083    0.9978   -0.0012 
   6.6016    0.0015    0.9787    1.6276  171.2262   49.1223  178.9269   -0.3894   -1.9986    1.5168   -5.9545   -0.1108    1.1272    0.5267    3.6480   -1.4709    0.7808    2.2722    0.0265 
   6.6441    0.0011   -0.2990    7.2808  171.1298  -58.8489   38.1799   -7.6526   -1.8560    1.4611   -3.1139   -5.8198    1.1272    0.5267    3.7360   -0.7581    2.0190    0.2246    0.1532 
   6.6866    0.0010   -2.8417    1.9998  170.8390  -29.9182 -188.6268    5.4700   -1.7112    1.8852    2.2610   -0.1146    1.1272    0.5267    3.6320   -1.3342   -0.1042    1.9780   -0.0758 
   6.7291    0.0010   -1.8851   -2.4290  170.7553   80.1282   39.2175   -3.4411   -1.3015    1.8111    1.1672    4.2401    1.1272    0.5267    3.7280    0.1638    0.2290    1.0481    0.0797 
   6.7716    0.0015    0.5397    3.6534  170.7035    8.1067  165.7433    4.1883   -1.3017    0.8835   -3.6829   -2.7699    1.1272    0.5267    3.6400   -0.4119   -0.2241    1.4609   -0.0534 
   6.8141    0.0010   -1.6572    5.3419  170.4375  -91.8689  -77.6649   -3.8073   -2.3163    1.4641   -1.3180   -3.8778    1.1272    0.5267    3.7280   -0.2422   -0.0911    0.7043    0.0861 
   6.8566    0.0010   -4.0675   -0.8645  170.4949  -25.3406 -160.1234    7.6062   -1.7947    2.2104    4.5458    3.0748    0.8454    0.5267    3.6640   -1.7744   -0.0300    1.7019   -0.1180 
   6.8991    0.0011   -2.1175   -1.2687  170.4490   66.8225  111.2389    1.4417   -1.1203    0.9797    1.9945    2.2484    0.8454    0.5267    3.6800    0.3000    1.2163    0.1777   -0.0104 
   6.9416    0.0015   -0.2101    5.5253  170.7369   18.1775  125.0329    3.0286   -1.6654    0.8196   -2.9107   -4.7058    0.8454    0.5267    3.6640   -0.5686   -1.2925    1.6672   -0.0381 
   6.9841    0.0010   -1.3083    3.6697  170.7239  -50.7922 -152.4329    4.9817   -2.4110    0.8765   -2.2054   -2.7933    1.1272    0.5243    3.6640   -1.9431   -0.3938    1.1943   -0.0673 
   7.0266    0.0010   -2.0134   -2.9715  171.0272  -10.9363  -65.8241    1.0144   -1.6818    1.3172    0.6631    4.2887    0.5636    0.4624    3.7760    0.4695   -0.8110    0.8804   -0.0079 
   7.0691    0.0010   -0.8655   -0.6056  171.1492   22.2058  177.2179    3.6389   -1.7056   -0.7104   -1.6801   -0.1048    0.2818    0.3676    3.8080   -0.9792   -1.6719    1.6006   -0.0586 
   7.1116    0.0015   -0.1705    7.0889  171.3916   16.8958  128.4508    3.2117   -2.0893    0.7057   -3.8376   -6.3832    0.2818    0.3443    3.8400    0.1064    2.3516    0.9019   -0.0511 
   7.1541    0.0011    1.1621    7.3074  171.7037    3.8342 -102.3841    1.6248   -1.5342    1.9606   -5.3925   -5.3468    0.2818    0.3403    3.8800    0.3481    0.7178    0.9355   -0.0234 
   7.1966    0.0010    1.1031    0.1238  171.8044  -17.4060 -202.1156    3.9441   -1.5326   -0.1912   -5.2712   -0.3150    0.2818    0.2810    3.8640   -0.2524    0.9321    0.6218   -0.0639 
   7.2391    0.0010   -0.5427   -5.7471  172.0045   -6.8469  -64.2371    4.8596   -2.0605    0.1538   -3.0356    5.9009    0.2818    0.2582    3.9360    0.1934    0.4534    0.2842   -0.0799 
   7.2816    0.0015   -2.0356   -3.9449  172.0445   23.8538  115.8776    2.4793   -1.7895    0.4176    0.4923    4.3625    0.2818    0.2441    3.9360    0.0481    0.7964    0.5679   -0.0384 
   7.3241 4294.9331   -2.4120   10.2148  174.0195  -14.4763  622.5305   -6.0656   -2.1920    0.7650   -0.1476    4.0713    0.2818    0.2394    4.0400   -0.2285    0.6345    1.8298  -30.3955 
   7.3666 4294.8906   -3.8396   34.3774  173.1613  -69.5911  389.4982  -15.4651   -2.1920    0.7650   -0.1476    4.0713    0.2818    0.2394    4.0400    0.0461    0.1050   -0.1528    0.0000 
   7.4091 4294.8481   -4.0715   46.0491  170.8653  -94.3713  -23.0384    6.4466   -2.1920    0.7650   -0.1476    4.0713    0.2818    0.2394    4.0400   -0.8147    1.7170    1.7407 -110.2905 
   7.4516 4294.8057   -4.1354   36.7500  168.3139  -91.9299 -322.9651  -22.6672   -2.1920    0.7650   -0.1476    4.0713    0.2818    0.2394    4.0480    0.0000    0.0605    0.0637 -107.8491 
   7.4941 4294.7632   -3.5115   20.0209  165.0906  -46.8860 -494.5960  -60.6311   -2.1920    0.7650   -0.1476    4.0713    0.2818    0.2394    4.0480    0.1206    0.0098    0.8218  -62.8052 
   7.5366 4294.7207   -3.2782   -6.2888  162.2993  -23.2654 -811.9788  -49.6448   -2.1920    0.7650   -0.1476    4.0713    0.2818    0.2394    4.0480    0.9377   -0.0100    4.2192  -39.1846 
   7.5791 4294.6782    3.3976  -10.6583  159.7123   55.5310  127.8405  -15.4040   -2.1920    0.7650   -0.1476    4.0713    0.2818    0.2394    4.0480   -0.1038   -0.0408   -0.2051   39.6118 
   7.6216 4294.6357   -4.2142   -2.8122  160.1492 -443.9196  -14.3714  -21.9348   -2.1920    0.7650   -0.1476    4.0713    0.2818    0.2394    4.0480    0.0029   -0.2080    0.1558    0.0000 
   7.6641 4294.5933   -5.0985   -2.1963  157.9093  208.1189   11.3854  -53.0017   -2.1920    0.7650   -0.1476    4.0713    0.2818    0.2394    4.0480    0.0266    0.2949    1.3450  192.1997 
   7.7066 4294.5508   -0.0844   -2.3412  156.3754  -73.1311   13.0944  -27.4890   -2.1920    0.7650   -0.1476    4.0713    0.2818    0.2394    4.0480   -0.0457   -0.1143    1.0071  -89.0503 
   7.7491 4294.5083   -3.9202   -1.0372  155.3973   34.9622   21.4562  -23.0945   -2.1920    0.7650   -0.1476    4.0713    0.2818    0.2394    4.0480   -0.0056    0.0925    0.9329   19.0430 
   7.7916 4294.4658   -0.0024   -0.8588  154.3728  -20.0916  -44.4617  -20.4699   -2.1920    0.7650   -0.1476    4.0713    0.2818    0.2394    4.0480   -0.0037   -0.1243    1.0073  -36.0107 
   7.8341 4294.4233   -2.0321   -1.7555  153.5985   67.2498   24.7521  -17.4792   -2.1920    0.7650   -0.1476    4.0713    0.2818    0.2394    4.0480    0.0159   -0.2222    1.1519   51.3306 
   7.8766 4294.3809   -1.9158    0.3958  152.8932  -41.4539   -1.5540  -14.1833   -2.1920    0.7650   -0.1476    4.0713    0.2818    0.2394    4.0480   -0.0022    0.1284    0.9780  -57.3730 
   7.9191 4294.3384   -0.1152    0.1749  152.3891  -20.5798  -44.7669  -10.7654   -2.1920    0.7650   -0.1476    4.0713    0.2818    0.2394    4.0560    0.0037   -0.1169    1.0374  -36.4990 
   7.9616 4294.2959   -0.6900   -0.8973  152.0794  -20.2747   25.4845   -7.8357   -2.1920    0.7650   -0.1476    4.0713    0.2818    0.2394    4.0560   -0.0623    0.0479    1.0630  -36.1938 
   8.0041 4294.2534   -1.3147    0.7939  151.8178  -13.3166  -11.0755   -4.0515   -2.1920    0.7650   -0.1476    4.0713    0.2818    0.2394    4.0560   -0.0530    0.1794    0.9900  -29.2358 
   8.0466 4294.2109   -0.1866    0.3893  151.6523   -7.0911    9.3102   -2.4646   -2.1920    0.7650   -0.1476    4.0713    0.2818    0.2394    4.0560   -0.0137   -0.0430    1.0383  -23.0103 
   8.0891 4294.1685    0.1612    0.0348  151.5782    0.4163    4.7936   -1.8542   -2.1920    0.7650   -0.1476    4.0713    0.2818    0.2394    4.0560   -0.0322   -0.0330    1.0569  -15.5029 
   8.1316 4294.1260    0.3238   -0.0201  151.4989   -0.0110    4.0612   -1.6101   -2.1920    0.7650   -0.1476    4.0713    0.2818    0.2394    4.0560    0.0029    0.0073    1.0837  -15.9302 
   8.2366    0.0009    0.0000    0.0000  151.3048   -0.1941   -0.3333   -2.0373   -2.1920    0.7650    0.0000    0.0000    0.0000    0.0000    4.0560   -0.0183    0.0146    1.0767  -16.1133 
   8.2791    0.0009    0.0000    0.0000  151.2307   -0.4382    1.4367   -1.6101   -2.1920    0.7650    0.0000    0.0000    0.0000    0.0915    4.0560    0.0010   -0.0005    1.0901  -16.3574 
   8.3216    0.0015   -0.2381   -0.2139  151.1571    0.3552    0.0939   -1.8542   -0.2086    1.2447    0.0590    1.4586   -5.6360    0.1743    3.9840   -0.0288    0.0271    1.0840   -0.0660 
   8.3641    0.0011   -0.3265   -0.1117  151.0768    0.5994    5.2209    0.5872   -2.3577    1.2016   -4.0624    1.3133   -5.9178    0.1950    3.9760    0.0515   -0.0090    1.0835   -0.1135 
   8.4066    0.0011   -0.0938    0.0720  151.0200   -0.6213   -1.0657   -1.7932   -4.4531   -0.6987   -8.7186   -0.7707   -5.9178    0.1898    3.9920   -0.0483    0.0020    1.1123   -0.0720 
   8.4491    0.0011   -0.2080   -0.5006  150.9248    0.9656   -2.5306   -3.2580   -6.3216   -0.6984  -12.2274   -0.1978   -5.9178    0.1898    3.9840   -0.0610    0.0525    1.0955   -0.0464 
   8.4916    0.0015   -0.4938   -0.2572  150.8930    5.2380   -1.4930   -3.5632   -7.7381    1.6341  -14.4887    1.8913   -5.6360    0.1950    3.9840   -0.0608   -0.1233    1.1536   -0.0362 
   8.5341    0.0011   -0.8379    0.0567  150.7862   -2.8796    2.9015   -0.6946   -7.0478    2.7300  -12.4197    2.6733   -5.6360    0.1950    3.9920    0.0483   -0.1248    1.0381   -0.0862 
   8.5766    0.0011   -0.5180   -0.1719  150.7392   -0.6824   -0.6995    1.5637   -8.7438    5.9841  -16.4516    6.1560   -5.9178    0.1898    3.9920   -0.2524   -0.0566    1.0288   -0.1306 
   8.6191    0.0011   -0.5952    0.4391  150.7834   -3.4900    4.3053    0.3430   -8.5859    9.6451  -15.9814    9.2060   -5.9178    0.1898    3.9840    0.2085    0.0022    1.1587   -0.1093 
   8.6616    0.0015   -0.5224    0.0326  150.5403   -0.3772    0.8263   -0.5115   -7.4223   13.1585  -13.7999   13.1259   -5.9178    0.1950    3.9840   -0.0840    0.1477    1.1038   -0.0944 
   8.7041    0.0011   -0.4931   -0.0969  150.5008   -1.4758   -0.2113   -3.1360   -7.1090   13.2663  -13.2320   13.3632   -5.3542    0.1898    3.9920   -0.0203   -0.1221    1.0852   -0.0387 
   8.7466    0.0011   -0.0382   -0.1150  150.3078    0.7825   -0.3333   -8.6902   -6.1455   15.4173  -12.2146   15.5323   -3.3816    0.1898    3.9840   -0.1294   -0.0664    0.9353    0.0927 
   8.7891    0.0009    0.0000    0.0000  150.0644   -1.4758    1.8639   -5.0281   -6.1455   15.4173    0.0000    0.0000    0.0000    0.0000    4.0560   -0.0686    0.0352    1.1287  -17.3950 
   8.9141 4294.8506   -0.2076   -0.2059  149.0890    2.2473   -1.3099   -8.6902   -6.1455   15.4173    0.0000    0.0000    0.0000    0.0000    4.0560   -0.0054   -0.0105    1.0562  -13.6719 
   8.9566 4294.8081    0.5458    0.1266  148.9143    5.1160    1.1926   -4.6008   -6.1455   15.4173    0.0000    0.0000    0.0000    0.0000    4.0560   -0.0020   -0.0569    1.0806  -10.8032 
   8.9991 4294.7656    0.5555   -0.2362  148.8108    6.6418    0.5822   -0.6335   -6.1455   15.4173    0.0000    0.0000    0.0000    0.0000    4.0560   -0.0535   -0.0623    1.0627   -9.2773 
   9.0416 4294.7231    1.1183    0.2372  148.7256   -3.9172    2.6574   -2.6477   -6.1455   15.4173    0.0000    0.0000    0.0000    0.0000    4.0640    0.0847    0.0962    1.0620  -19.8364 
   9.0841 4294.6807    1.2284    0.4354  148.6654    3.8342    2.5353   -0.2673   -6.1455   15.4173    0.0000    0.0000    0.0000    0.0000    4.0560    0.0347   -0.0032    1.1340  -12.0850 
   9.1266 4294.6382    0.9724    0.4194  148.5553    1.7590   -4.2396   -3.6242   -6.1455   15.4173    0.0000    0.0000    0.0000    0.0000    4.0640    0.0068   -0.0403    1.0793  -14.1602 
   9.1691 4294.5957    1.0222    0.6608  148.4668    0.1721  -11.0145   -0.9387   -6.1455   15.4173    0.0000    0.0000    0.0000    0.0000    4.0560   -0.0430   -0.0017    1.0610  -15.7471 
   9.2116 4294.5532    0.4697    0.9070  148.3894    2.5525   -5.3992    0.4041   -6.1455   15.4173    0.0000    0.0000    0.0000    0.0000    4.0640    0.0188   -0.0117    1.0840  -13.3667 
   9.2541 4294.5107    0.2492    0.2292  148.3114   -0.5603    0.1550   -3.3191   -6.1455   15.4173    0.0000    0.0000    0.0000    0.0000    4.0560    0.0044    0.0251    1.0828  -16.4795 
   9.2966 4294.4683   -0.1224    0.8810  148.2479    0.2332   -3.4461   -1.7932   -6.1455   15.4173    0.0000    0.0000    0.0000    0.0000    4.0640   -0.0115    0.0090    1.0784  -15.6860 
   9.3391 4294.4258   -0.1407   -0.1138  148.1716    0.8435   -2.4085   -2.4646   -6.1455   15.4173    0.0000    0.0000    0.0000    0.0000    4.0560   -0.0393    0.0281    1.0806  -15.0757 
   9.3816 4294.3833   -0.1241   -0.5147  148.1054   -0.3772    4.4884   -1.1828   -6.1455   15.4173    0.0000    0.0000    0.0000    0.0000    4.0640   -0.0332    0.0093    1.0762  -16.2964 
   9.4241 4294.3408    0.1521    0.1853  148.0245   -0.7434    7.4792   -1.7932   -6.1455   15.4173    0.0000    0.0000    0.0000    0.0000    4.0640    0.0247    0.0005    1.0908  -16.6626 
   9.4666 4294.2983    0.0084    0.3878  147.9458   -0.6213    2.8405   -1.8542   -6.1455   15.4173    0.0000    0.0000    0.0000    0.0000    4.0640    0.0386   -0.0042    1.0957    0.0000 
   9.5091 4294.2559    0.0473    0.4693  147.8706    0.3552   -1.4930   -2.2204   -6.1455   15.4173    0.0000    0.0000    0.0000    0.0000    4.0640   -0.0383    0.0105    1.0894  -15.5640 
   9.5516 4294.2134    0.1896   -0.2338  147.7914   -0.0110    0.5212   -1.7932   -6.1455   15.4173    0.0000    0.0000    0.0000    0.0000    4.0560   -0.0120   -0.0010    1.0747  -15.9302 
   9.5941 4294.1709    0.1600    0.3633  147.7184    0.7214    1.5588   -1.6711   -6.1455   15.4173    0.0000    0.0000    0.0000    0.0000    4.0640    0.0020    0.0042    1.0867  -15.1978 
   9.6366 4294.1284    0.1326    0.4415  147.6432    0.1111    0.7653   -1.4880   -6.1455   15.4173    0.0000    0.0000    0.0000    0.0000    4.0560   -0.0046    0.0188    1.0886  -15.8081 
   9.6791 4294.0859    0.2417   -0.0888  147.5670    0.1721    0.7653   -1.9153   -6.1455   15.4173    0.0000    0.0000    0.0000    0.0000    4.0640   -0.0127    0.0020    1.0728  -15.7471 
   9.7216 4294.0435    0.0584    0.3479  147.4867    0.7825    1.0094   -1.7322   -6.1455   15.4173    0.0000    0.0000    0.0000    0.0000    4.0640   -0.0022    0.0059    1.0835    0.0000 
   9.7641 4294.0010    0.1594    0.4183  147.4151    0.8435    0.3991   -1.9763   -6.1455   15.4173    0.0000    0.0000    0.0000    0.0000    4.0640    0.0017    0.0063    1.0776  -15.0757 
   9.8066 4293.9585    0.3223    0.3256  147.3353   -0.1941    0.7653   -1.9763   -6.1455   15.4173    0.0000    0.0000    0.0000    0.0000    4.0640   -0.0032   -0.0010    1.0820  -16.1133 
   9.8491 4293.9155   -0.0966    0.2086  147.2584    0.3552    0.7043   -1.5490   -6.1455   15.4173    0.0000    0.0000    0.0000    0.0000    4.0640   -0.0051    0.0137    1.0869  -15.5640 
   9.8916 4293.8730    0.1520   -0.0299  147.1881    0.4163    0.7043   -1.7932   -6.1455   15.4173    0.0000    0.0000    0.0000    0.0000    4.0640   -0.0098   -0.0015    1.0769  -15.5029 
   9.9341 4293.8306    0.0162    0.3375  147.0999   -0.2551    1.0094   -1.6101   -6.1455   15.4173    0.0000    0.0000    0.0000    0.0000    4.0640    0.0039    0.0073    1.0806  -16.1743 
   9.9766 4293.7881    0.3311    0.1378  147.0354    0.7825    0.8263   -1.7932   -6.1455   15.4173    0.0000    0.0000    0.0000    0.0000    4.0640   -0.0107   -0.0039    1.0811    0.0000 
  10.0191 4293.7456    0.0715    0.4495  146.9559    0.2332    0.8263   -1.8542   -6.1455   15.4173    0.0000    0.0000    0.0000    0.0000    4.0640   -0.0020    0.0051    1.0833  -15.6860 
  10.0616 4293.7031    0.1895    0.1896  146.8823   -0.1331    0.8874   -1.9763   -6.1455   15.4173    0.0000    0.0000    0.0000    0.0000    4.0640   -0.0063    0.0034    1.0793  -16.0522 
  10.1041 4293.6606    0.1820    0.1822  146.7992    0.4163    0.7653   -1.9153   -6.1455   15.4173    0.0000    0.0000    0.0000    0.0000    4.0640   -0.0032    0.0056    1.0791  -15.5029 
  10.1466 4293.6182    0.0992    0.3453  146.7243    0.5383    0.5822   -1.2439   -6.1455   15.4173    0.0000    0.0000    0.0000    0.0000    4.0640   -0.0029    0.0056    1.0793  -15.3809 
  10.1891 4293.5757    0.1929    0.3230  146.6467    0.1721    1.0094   -1.8542   -6.1455   15.4173    0.0000    0.0000    0.0000    0.0000    4.0640   -0.0122    0.0024    1.0828  -15.7471 
  10.2316 4293.5332    0.0032    0.0810  146.5685    0.1721    1.1926   -1.6101   -6.1455   15.4173    0.0000    0.0000    0.0000    0.0000    4.0640   -0.0078    0.0073    1.0784  -15.7471 
  10.2741 4293.4907    0.1701    0.1974  146.4880   -0.3772    0.7043   -1.7932   -6.1455   15.4173    0.0000    0.0000    0.0000    0.0000    4.0640   -0.0054    0.0042    1.0891  -16.2964 
  10.3166 4293.4482    0.2106    0.6298  146.4023    1.1487    1.1315   -1.9153   -6.1455   15.4173    0.0000    0.0000    0.0000    0.0000    4.0720    0.0032    0.0029    1.0815  -14.7705 
  10.3591 4293.4058    0.1438    0.3037  146.3232   -0.0720    0.5822   -1.9153   -6.1455   15.4173    0.0000    0.0000    0.0000    0.0000    4.0640   -0.0010    0.0039    1.0840  -15.9912 
  10.4016 4293.3633    0.1163    0.4199  146.2425    0.1721    0.9484   -1.6101   -6.1455   15.4173    0.0000    0.0000    0.0000    0.0000    4.0720   -0.0122    0.0037    1.0696  -15.7471 
  10.4441 4293.3208    0.1741    0.2717  146.1647    0.4773    0.8263   -1.9153   -6.1455   15.4173    0.0000    0.0000    0.0000    0.0000    4.0720   -0.0007   -0.0042    1.0845  -15.4419 
  10.4866 4293.2783   -0.1702    0.3489  146.0811    0.0500    0.4601   -2.4035   -6.1455   15.4173    0.0000    0.0000    0.0000    0.0000    4.0720   -0.0027    0.0105    1.0811  -15.8691 
  10.5291 4293.2358    0.3352    0.3084  146.0177    0.0500    0.8874   -1.4270   -6.1455   15.4173    0.0000    0.0000    0.0000    0.0000    4.0720   -0.0081   -0.0034    1.0742  -15.8691 
  10.5716 4293.1934    0.3804    0.1077  145.9523    0.7825    0.9484   -1.2439   -6.1455   15.4173    0.0000    0.0000    0.0000    0.0000    4.0720   -0.0078   -0.0027    1.0776  -15.1367 
  10.6141 4293.1509    0.1429    0.0168  145.8887    0.0500    0.5212   -1.9763   -6.1455   15.4173    0.0000    0.0000    0.0000    0.0000    4.0720   -0.0049   -0.0073    1.0884  -15.8691 
  10.6566 4293.1084    0.0648    0.2405  145.8195    0.6604    0.7043   -1.5490   -6.1455   15.4173    0.0000    0.0000    0.0000    0.0000    4.0720   -0.0049    0.0081    1.0867  -15.2588 
  10.6991 4293.0659    0.3421    0.0743  145.7425   -0.0110    0.6432   -2.0373   -6.1455   15.4173    0.0000    0.0000    0.0000    0.0000    4.0720   -0.0149   -0.0017    1.0830  -15.9302 
  10.7416 4293.0234    0.3167    0.0147  145.6576    0.0500    0.8263   -2.1594   -6.1455   15.4173    0.0000    0.0000    0.0000    0.0000    4.0720   -0.0093    0.0012    1.0930  -15.8691 
  10.7841 4292.9810    0.2937    0.1249  145.5769    1.1487    0.5822   -2.1594   -6.1455   15.4173    0.0000    0.0000    0.0000    0.0000    4.0720   -0.0142    0.0054    1.0898  -14.7705 
  10.8266 4292.9385    0.1960   -0.0190  145.4976    0.2942    0.8874   -1.3049   -6.1455   15.4173    0.0000    0.0000    0.0000    0.0000    4.0720   -0.0112    0.0037    1.0828  -15.6250 
  10.8691 4292.8960    0.1609    0.0636  145.4336   -0.1331    0.6432   -1.6711   -6.1455   15.4173    0.0000    0.0000    0.0000    0.0000    4.0720   -0.0112    0.0032    1.0808  -16.0522 
  10.9116 4292.8530    0.1962    0.0179  145.3537    0.9656    0.5212   -1.9763   -6.1455   15.4173    0.0000    0.0000    0.0000    0.0000    4.0720   -0.0090    0.0022    1.0823    0.0000 
  10.9541 4292.8105    0.0899    0.1677  145.2733    0.4773    0.6432   -1.4880   -6.1455   15.4173    0.0000    0.0000    0.0000    0.0000    4.0720   -0.0066    0.0054    1.0830  -15.4419 
  10.9966 4292.7681    0.2244    0.3543  145.1924    0.9656    0.6432   -1.7322   -6.1455   15.4173    0.0000    0.0000    0.0000    0.0000    4.0640   -0.0034    0.0012    1.0806  -14.9536 
  11.0391 4292.7256    0.0393    0.4101  145.1350   -0.8044    0.8874   -1.1828   -6.1455   15.4173    0.0000    0.0000    0.0000    0.0000    4.0720   -0.0002    0.0020    1.0806  -16.7236 
  11.0816 4292.6831    0.3450    0.1636  145.0554    0.2332    0.7653   -1.6711   -6.1455   15.4173    0.0000    0.0000    0.0000    0.0000    4.0720   -0.0059    0.0010    1.0908  -15.6860 
  11.1241 4292.6406   -0.0656    0.0228  144.9785    0.8435    0.6432   -1.7322   -6.1455   15.4173    0.0000    0.0000    0.0000    0.0000    4.0720   -0.0042    0.0083    1.0947  -15.0757 
  11.1666 4292.5981    0.2381    0.1588  144.8886    0.5994    0.9484   -2.4035   -6.1455   15.4173    0.0000    0.0000    0.0000    0.0000    4.0720   -0.0073    0.0029    1.0898  -15.3198 
  11.2091 4292.5557    0.1772    0.1006  144.8130   -0.1331    1.0094   -1.7932   -6.1455   15.4173    0.0000    0.0000    0.0000    0.0000    4.0720   -0.0115    0.0020    1.0798  -16.0522 
  11.2516 4292.5132    0.0437    0.5199  144.7201    0.1111   -0.0892   -0.9997   -6.1455   15.4173    0.0000    0.0000    0.0000    0.0000    4.0720    0.0029    0.0103    1.0847  -15.8081 
  11.2941 4292.4707   -0.3186    0.3117  144.6466    0.4163    1.5588   -2.8918   -6.1455   15.4173    0.0000    0.0000    0.0000    0.0000    4.0720   -0.0222    0.0061    1.0938  -15.5029 
  11.3366 4292.4282    1.6181    0.5224  144.0054    0.1721  -11.4417  -25.6579   -6.1455   15.4173    0.0000    0.0000    0.0000    0.0000    4.0720    0.1274    0.0867    1.0881  -15.7471 
  11.3791 4292.3857    1.0262   -1.8567  143.0459   23.5486  -22.0618  -15.0378   -6.1455   15.4173    0.0000    0.0000    0.0000    0.0000    4.0720   -0.0046   -0.0759    1.0845    7.6294 
  11.4216 4292.3433    4.4316   -0.8895  142.5994  176.1975   16.0241    4.8596   -6.1455   15.4173    0.0000    0.0000    0.0000    0.0000    4.0720    0.1572   -0.1831    1.4172  160.2783 
  11.4641 4292.3008    8.5527    0.5246  144.2459   57.4841   -2.7747   40.0159   -6.1455   15.4173    0.0000    0.0000    0.0000    0.0000    4.0720    0.0806   -0.1848    1.5645   41.5649 
  11.5066 4292.2583    9.8965    3.8277  145.4192   61.3904   31.5881   -1.1218   -6.1455   15.4173    0.0000    0.0000    0.0000    0.0000    4.0720    0.2083   -0.2339    1.5789   45.4712 
  11.5491 4292.2158   12.3023    7.4785  144.0783   90.6872   49.8986  -89.6838   -6.1455   15.4173    0.0000    0.0000    0.0000    0.0000    4.0720    0.2947   -0.2659    1.6013   74.7681 
  11.5916 4292.1733   13.8163    9.7506  140.7536   51.3806   84.0783  -58.8611   -6.1455   15.4173    0.0000    0.0000    0.0000    0.0000    4.0720    0.1360   -0.1589    1.4934   35.4614 
  11.6341 4292.1309   14.8334   12.3640  139.8317   91.8469   92.9894   -6.3708   -6.1455   15.4173    0.0000    0.0000    0.0000    0.0000    4.0720    0.2925   -0.2693    1.5081   75.9277 
  11.6766 4292.0884   17.3862   15.5577  140.2575   86.4758  116.6711   -7.1643   -6.1455   15.4173    0.0000    0.0000    0.0000    0.0000    4.0720    0.1658   -0.3711    1.3450   70.5566 
  11.7191 4292.0459   20.0195   17.9924  139.5762   81.6541  108.2482  -32.7380   -6.1455   15.4173    0.0000    0.0000    0.0000    0.0000    4.0720    0.2207   -0.3291    1.3376   65.7349 
  11.7616 4292.0034   22.4271   21.5142  140.1930   94.4714  128.8170   39.6497   -6.1455   15.4173    0.0000    0.0000    0.0000    0.0000    4.0720    0.2493   -0.3794    1.2295   78.5522 
  11.8041 4291.9609   24.2551   26.6305  142.9143   63.2825  143.2824   44.4104   -6.1455   15.4173    0.0000    0.0000    0.0000    0.0000    4.0720    0.1321   -0.3865    1.1606   47.3633 
  11.8466 4291.9185   24.8619   31.0989  145.0548   69.4470  108.0651   46.6687   -6.1455   15.4173    0.0000    0.0000    0.0000    0.0000    4.0720    0.2412   -0.3269    1.0405   53.5278 
  11.8891 4291.8760   23.8990   35.5822  148.5474    3.0408  119.1735  120.0940   -6.1455   15.4173    0.0000    0.0000    0.0000    0.0000    4.0720    0.0662   -0.0488    0.7539  -12.8784 
  11.9316 4291.8335   19.3843   39.2375  151.3286  -78.9294   73.2751   98.2434   -6.1455   15.4173    0.0000    0.0000    0.0000    0.0000    4.0720    0.4487   -0.1675    0.9558  -94.8486 
  11.9741 4291.7905   13.5221   41.2535  151.2522  -69.1028  105.1354   28.3582   -6.1455   15.4173    0.0000    0.0000    0.0000    0.0000    4.0720    0.3254    0.0164    0.8052  -85.0220 
  12.0166 4291.7480   10.7326   42.8997  147.2913  -99.2542   71.3219  -47.2644   -6.1455   15.4173    0.0000    0.0000    0.0000    0.0000    4.0720    0.1973   -0.0281    0.5811 -115.1733 
  12.0591 4291.7056    5.3078   42.1945  143.6979 -175.6091   30.4894   70.7776   -6.1455   15.4173    0.0000    0.0000    0.0000    0.0000    4.0800    0.4094   -0.0591    0.4712 -191.5283 
  12.1016 4291.6631    1.8620   42.9045  140.6375 -113.9636   21.0900   -5.5163   -6.1455   15.4173    0.0000    0.0000    0.0000    0.0000    4.0720    0.1504   -0.1523    0.2319 -129.8828 
  12.1441 4291.6206    0.0668   41.5634  135.6032 -184.3372  -79.8621  -29.9304   -6.1455   15.4173    0.0000    0.0000    0.0000    0.0000    4.0800    0.3616   -0.0383    0.3140 -200.2563 
  12.1866 4291.5781   -3.2702   37.7635  130.4234 -153.2703 -127.7747  -12.3523   -6.1455   15.4173    0.0000    0.0000    0.0000    0.0000    4.0720    0.6702   -0.4705    0.3560 -169.1895 
  12.2291 4291.5356   -2.9933   35.9375  125.9298  -84.1174  -45.4993 -115.5017   -6.1455   15.4173    0.0000    0.0000    0.0000    0.0000    4.0720    0.5793   -0.1675    0.4768 -100.0366 
  12.2716 4291.4932   -2.5295   32.7630  120.0998 -112.8650 -141.8739  -22.6062   -6.1455   15.4173    0.0000    0.0000    0.0000    0.0000    4.0800    0.2224   -0.5049    0.5745    0.0000 
  12.3141 4291.4507   -5.6604   26.7074  118.8633 -146.2512 -182.8284   41.4807   -6.1455   15.4173    0.0000    0.0000    0.0000    0.0000    4.0720    1.1929   -0.6235    1.0989 -162.1704 
  12.3566 4291.4082   -3.9854   19.8563  115.2453  -41.4539 -129.3006  -43.6633   -6.1455   15.4173    0.0000    0.0000    0.0000    0.0000    4.0800    0.2297   -0.2441    0.9380  -57.3730 
  12.3991 4291.3657   -2.6797    8.0542  115.0461   27.6990 -368.6194   34.4617   -6.1455   15.4173    0.0000    0.0000    0.0000    0.0000    4.0800    0.3057   -0.3293    1.5322   11.7798 
  12.4416 4291.3232    1.7550   -0.8178  115.7458   10.3650  -46.2928  -26.8786   -6.1455   15.4173    0.0000    0.0000    0.0000    0.0000    4.0800    0.3105    0.0068    1.0500    0.0000 
  12.4841 4291.2808   -0.9382   -1.2386  115.3741  -52.9285  -50.4432   11.8787   -6.1455   15.4173    0.0000    0.0000    0.0000    0.0000    4.0720   -0.1340    0.0750    1.3037  -68.8477 
  12.5266 4291.2383   -1.1361   -2.0803  117.8904    4.4446  -11.0755   67.0545   -6.1455   15.4173    0.0000    0.0000    0.0000    0.0000    4.0800   -0.2051   -0.2581    1.0796  -11.4746 
  12.5691 4291.1958    0.3322   -2.4184  119.7867   -0.0720   19.4421    9.4983   -6.1455   15.4173    0.0000    0.0000    0.0000    0.0000    4.0720   -0.0452   -0.0747    1.1040  -15.9912 
  12.6116 4291.1533    0.3992   -1.1940  119.7767   -0.9265    1.0705   -1.9153   -6.1455   15.4173    0.0000    0.0000    0.0000    0.0000    4.0800   -0.0291   -0.0093    1.0713  -16.8457 
  12.6541 4291.1108    0.8321   -0.1085  119.6964   -0.5603   -1.1878   -2.0984   -6.1455   15.4173    0.0000    0.0000    0.0000    0.0000    4.0800   -0.0190   -0.0071    1.0818  -16.4795 
  12.6966 4291.0684    0.5986    0.0283  119.6183   -0.6824   -0.5775   -1.7932   -6.1455   15.4173    0.0000    0.0000    0.0000    0.0000    4.0800   -0.0156   -0.0107    1.0811  -16.6016 
  12.7391 4291.0259    0.4241    0.3305  119.5489   -0.1941    0.3991   -2.0373   -6.1455   15.4173    0.0000    0.0000    0.0000    0.0000    4.0800   -0.0039   -0.0010    1.0901  -16.1133 
  12.7816 4290.9834    0.4503    0.2478  119.4714    0.5994    0.3991   -1.8542   -6.1455   15.4173    0.0000    0.0000    0.0000    0.0000    4.0800   -0.0046   -0.0010    1.0815  -15.3198 
  12.8241 4290.9409    0.1264    0.4009  119.4022    0.8435    0.7043   -1.6101   -6.1455   15.4173    0.0000    0.0000    0.0000    0.0000    4.0800   -0.0037    0.0032    1.0811  -15.0757 
  12.8666 4290.8984    0.4324    0.4376  119.3319    0.1721    0.7653   -1.5490   -6.1455   15.4173    0.0000    0.0000    0.0000    0.0000    4.0800   -0.0007   -0.0012    1.0854    0.0000 
  12.9091 4290.8560    0.8576    0.0883  119.2595    0.1721    0.7653   -1.6711   -6.1455   15.4173    0.0000    0.0000    0.0000    0.0000    4.0800   -0.0083   -0.0105    1.0901  -15.7471 
  12.9516 4290.8135    0.6162    0.0939  119.1723    0.2332    0.5822   -2.0373   -6.1455   15.4173    0.0000    0.0000    0.0000    0.0000    4.0800   -0.0068   -0.0046    1.0835  -15.6860 
  12.9941 4290.7710    0.4310    0.1831  119.0913    0.1721    0.8874   -1.5490   -6.1455   15.4173    0.0000    0.0000    0.0000    0.0000    4.0800   -0.0085    0.0034    1.0872  -15.7471 
  13.0366 4290.7280    0.5470    0.2349  119.0260    0.2942    0.8263   -1.6711   -6.1455   15.4173    0.0000    0.0000    0.0000    0.0000    4.0800   -0.0056   -0.0042    1.0879  -15.6250 
  13.0791 4290.6855    0.5282    0.3361  118.9507    0.7825    1.3146   -1.8542   -6.1455   15.4173    0.0000    0.0000    0.0000    0.0000    4.0800   -0.0037   -0.0015    1.0774  -15.1367 
  13.1216 4290.6431    0.4381    0.0872  118.8756    0.5994    0.7043   -1.8542   -6.1455   15.4173    0.0000    0.0000    0.0000    0.0000    4.0720   -0.0054    0.0002    1.0837  -15.3198 
  13.1641 4290.6006    0.5504    0.2725  118.7985    0.2332    0.4601   -1.7932   -6.1455   15.4173    0.0000    0.0000    0.0000    0.0000    4.0800   -0.0024   -0.0037    1.0867  -15.6860 
  13.2066 4290.5581    0.2054    0.3395  118.7245    0.9045    0.6432   -2.0373   -6.1455   15.4173    0.0000    0.0000    0.0000    0.0000    4.0800   -0.0027    0.0037    1.0776  -15.0146 
  13.2491 4290.5156    0.6179    0.3271  118.6446    0.7214    1.0094   -1.6711   -6.1455   15.4173    0.0000    0.0000    0.0000    0.0000    4.0800   -0.0049   -0.0029    1.0728  -15.1978 
  13.2916 4290.4731    0.4410    0.1956  118.5668   -0.0110    0.7043   -1.9763   -6.1455   15.4173    0.0000    0.0000    0.0000    0.0000    4.0720   -0.0066    0.0005    1.0808  -15.9302 
  13.3341 4290.4307    0.3165    0.3191  118.4848    0.1721    1.1315   -1.9763   -6.1455   15.4173    0.0000    0.0000    0.0000    0.0000    4.0800   -0.0044    0.0012    1.0850  -15.7471 
  13.3766 4290.3882    0.5625    0.3355  118.4008   -0.2551    0.7043   -1.4880   -6.1455   15.4173    0.0000    0.0000    0.0000    0.0000    4.0800   -0.0032   -0.0027    1.0818  -16.1743 
  13.4191 4290.3457    0.1822    0.1479  118.3252    0.0500    0.6432   -1.7322   -6.1455   15.4173    0.0000    0.0000    0.0000    0.0000    4.0720   -0.0063    0.0044    1.0825  -15.8691 
  13.4616 4290.3032    0.1213    0.2259  118.2567    0.9045    0.7043   -1.5490   -6.1455   15.4173    0.0000    0.0000    0.0000    0.0000    4.0800   -0.0071    0.0093    1.0913  -15.0146 
  13.5041 4290.2607    0.2602    0.2951  118.1860   -0.0110    0.9484   -1.9153   -6.1455   15.4173    0.0000    0.0000    0.0000    0.0000    4.0720   -0.0039    0.0024    1.0859  -15.9302 
  13.5466 4290.2183    0.5074    0.2862  118.1135   -0.2551    0.3991   -1.6101   -6.1455   15.4173    0.0000    0.0000    0.0000    0.0000    4.0800    0.0046   -0.0007    1.0806  -16.1743 
  13.5891 4290.1758    0.5019    0.3884  118.0339    0.0500    0.6432   -2.1594   -6.1455   15.4173    0.0000    0.0000    0.0000    0.0000    4.0720   -0.0010   -0.0034    1.0796  -15.8691 
  13.6316 4290.1333    0.5811    0.0563  117.9416    0.5994    0.9484   -2.5866   -6.1455   15.4173    0.0000    0.0000    0.0000    0.0000    4.0800   -0.0112   -0.0061    1.0811  -15.3198 
  13.6741 4290.0908    0.6314    0.1528  117.8603    0.5383    0.6432   -1.4270   -6.1455   15.4173    0.0000    0.0000    0.0000    0.0000    4.0800   -0.0088   -0.0071    1.0823  -15.3809 
  13.7166 4290.0483    0.1922    0.1577  117.8069    0.1111    0.8874   -1.5490   -6.1455   15.4173    0.0000    0.0000    0.0000    0.0000    4.0800   -0.0105   -0.0012    1.0867  -15.8081 
  13.7591 4290.0059    0.5133    0.1793  117.7391    1.2708    0.8874   -1.9763   -6.1455   15.4173    0.0000    0.0000    0.0000    0.0000    4.0720   -0.0076    0.0000    1.0833  -14.6484 
  13.8016 4289.9634    0.6040    0.2365  117.6628    0.1721    1.1315   -1.4880   -6.1455   15.4173    0.0000    0.0000    0.0000    0.0000    4.0800   -0.0039   -0.0049    1.0803    0.0000 
  13.8441 4289.9209    0.6479    0.2544  117.5917   -0.1941    0.7043   -1.3659   -6.1455   15.4173    0.0000    0.0000    0.0000    0.0000    4.0800   -0.0039   -0.0037    1.0857  -16.1133 
  13.8866 4289.8784    0.2920    0.1348  117.5166   -0.3162    0.7653   -1.7932   -6.1455   15.4173    0.0000    0.0000    0.0000    0.0000    4.0800   -0.0068    0.0046    1.0825  -16.2354 
  13.9291 4289.8359    0.4506   -0.0089  117.4424   -0.3772    0.5212   -2.0373   -6.1455   15.4173    0.0000    0.0000    0.0000    0.0000    4.0800   -0.0098   -0.0007    1.0837  -16.2964 
  13.9716 4289.7935    0.2049    0.1852  117.3677   -0.4993    0.6432   -1.2439   -6.1455   15.4173    0.0000    0.0000    0.0000    0.0000    4.0800   -0.0039    0.0083    1.0825  -16.4185 
  14.0141 4289.7510    0.4858    0.0186  117.2941    0.1111    0.7653   -1.8542   -6.1455   15.4173    0.0000    0.0000    0.0000    0.0000    4.0800   -0.0105   -0.0002    1.0837  -15.8081 
  14.0566 4289.7085    0.7048    0.3371  117.2142    0.4163    0.6432   -1.7932   -6.1455   15.4173    0.0000    0.0000    0.0000    0.0000    4.0800   -0.0027    0.0032    1.0854    0.0000 
  14.0991 4289.6655    0.8212    0.3201  117.1355    0.9656    0.5212   -1.5490   -6.1455  