   0.0016 4291.0015   -0.0831   -0.1164  180.0005    0.1310    0.0220    0.1469    0.0000    0.0000    0.0000    0.0000    0.0000    0.0000    3.9920   -0.0259    0.0186    1.0652    0.0000 
   0.0441 4290.9590   -1.0374   -1.5216  180.0242   -0.9066    0.0220    0.1469    0.0000    0.0000    0.0000    0.0000    0.0000    0.0000    3.9920   -0.0273    0.0203    1.0632  -16.0522 
   0.0866 4290.9165   -1.1286   -1.4074  180.0245    0.3751    0.1441    0.0248    0.0000    0.0000    0.0000    0.0000    0.0000    0.0000    3.9920   -0.0273    0.0205    1.0659    0.0000 
   0.1291 4290.8740   -1.0900   -1.2661  180.0236   -0.0521    0.0220    0.1469    0.0000    0.0000    0.0000    0.0000    0.0000    0.0000    3.9920   -0.0249    0.0200    1.0649  -15.1978 
   0.1716 4290.8315   -1.0973   -1.5881  180.0258    0.0089   -0.0390   -0.4024    0.0000    0.0000    0.0000    0.0000    0.0000    0.0000    3.9920   -0.0300    0.0210    1.0688  -15.1367 
   0.2141 4290.7891   -1.2193   -1.1234  180.0104    0.9855    0.3272   -0.0362    0.0000    0.0000    0.0000    0.0000    0.0000    0.0000    3.9920   -0.0229    0.0229    1.0681  -14.1602 
   0.2566 4290.7466   -0.9585   -1.2932  180.0195   -1.0287   -0.2221    0.2690    0.0000    0.0000    0.0000    0.0000    0.0000    0.0000    3.9920   -0.0251    0.0168    1.0645    0.0000 
   0.2991 4290.7041   -0.8417   -1.3520  180.0334   -0.4183    0.0831    0.1469    0.0000    0.0000    0.0000    0.0000    0.0000    0.0000    3.9920   -0.0249    0.0164    1.0652  -15.5640 
   0.3416 4290.6616   -1.3306   -1.4033  180.0358    0.9855    0.3272   -0.1583    0.0000    0.0000    0.0000    0.0000    0.0000    0.0000    3.9920   -0.0254    0.0237    1.0681  -14.1602 
   0.3841 4290.6191   -1.3248   -1.6451  180.0393    0.1920   -0.0390    0.0858    0.0000    0.0000    0.0000    0.0000    0.0000    0.0000    3.9920   -0.0288    0.0242    1.0645  -14.9536 
   0.4266 4290.5767   -1.1033   -1.4018  180.0354   -0.4794    0.1441    0.0248    0.0000    0.0000    0.0000    0.0000    0.0000    0.0000    3.9920   -0.0247    0.0215    1.0649    0.0000 
   0.4691 4290.5342   -1.1156   -1.3012  180.0284    0.4972    0.0831    0.0248    0.0000    0.0000    0.0000    0.0000    0.0000    0.0000    3.9920   -0.0249    0.0193    1.0647  -14.6484 
   0.5116 4290.4917   -1.1959   -1.3843  180.0291    0.6803    0.0831    0.0858    0.0000    0.0000    0.0000    0.0000    0.0000    0.0000    3.9920   -0.0256    0.0225    1.0659  -14.4653 
   0.5541 4290.4492   -1.0457   -1.2214  180.0304    0.8024   -0.0390   -0.0362    0.0000    0.0000    0.0000    0.0000    0.0000    0.0000    3.9840   -0.0227    0.0208    1.0681  -14.3433 
   0.5966 4290.4067   -1.2020   -1.2052  180.0229    0.4972    0.0220   -0.2804    0.0000    0.0000    0.0000    0.0000    0.0000    0.0000    3.9920   -0.0247    0.0210    1.0701    0.0000 
   0.6391 4290.3643   -1.1037   -1.4614  180.0238    0.3751   -0.0390   -0.1583    0.0000    0.0000    0.0000    0.0000    0.0000    0.0000    3.9920   -0.0259    0.0205    1.0701  -14.7705 
   0.6816 4290.3218   -1.0240   -1.4861  180.0154    0.8024   -0.0390   -0.2193    0.0000    0.0000    0.0000    0.0000    0.0000    0.0000    3.9920   -0.0254    0.0200    1.0654  -14.3433 
   0.7241 4290.2793   -1.1705   -1.3737  180.0113    0.9244    0.0831    0.0248    0.0000    0.0000    0.0000    0.0000    0.0000    0.0000    3.9920   -0.0256    0.0212    1.0657  -14.2212 
   0.7666 4290.2368   -1.1702   -1.2231  180.0075    0.1310    0.0220    0.1469    0.0000    0.0000    0.0000    0.0000    0.0000    0.0000    3.9920   -0.0249    0.0210    1.0649    0.0000 
   0.8091 4290.1943   -1.0414   -1.0762  180.0037   -0.2352   -0.0390   -0.1583    0.0000    0.0000    0.0000    0.0000    0.0000    0.0000    3.9920   -0.0200    0.0193    1.0632  -15.3809 
   0.8516 4290.1519   -1.0444   -1.2518  180.0105   -0.2352   -0.0390   -0.0362    0.0000    0.0000    0.0000    0.0000    0.0000    0.0000    3.9920   -0.0227    0.0193    1.0632  -15.3809 
   0.8941 4290.1089   -1.0091   -1.3326  180.0106    0.3751   -0.0390   -0.1583    0.0000    0.0000    0.0000    0.0000    0.0000    0.0000    3.9920   -0.0244    0.0186    1.0654  -14.7705 
   0.9366 4290.0664   -1.3156   -1.3126  180.0018   -0.4183   -0.1611    0.0858    0.0000    0.0000    0.0000    0.0000    0.0000    0.0000    3.9920   -0.0237    0.0234    1.0642    0.0000 
   0.9791 4290.0239   -1.1264   -1.2752  179.9973    0.5582   -0.0390   -0.2193    0.0000    0.0000    0.0000    0.0000    0.0000    0.0000    3.9840   -0.0232    0.0208    1.0635  -14.5874 
   1.0216 4289.9814   -1.0951   -1.4092  179.9943    0.3141    0.2662   -0.0973    0.0000    0.0000    0.0000    0.0000    0.0000    0.0000    3.9920   -0.0249    0.0215    1.0645  -14.8315 
   1.0641 4289.9390   -0.9251   -1.2067  179.9805    0.5582   -0.0390   -0.0362    0.0000    0.0000    0.0000    0.0000    0.0000    0.0000    3.9920   -0.0244    0.0183    1.0620  -14.5874 
   1.1066 4289.8965   -0.9324   -1.4634  179.9823    0.2530   -0.0390    0.0248    0.0000    0.0000    0.0000    0.0000    0.0000    0.0000    3.9920   -0.0266    0.0193    1.0669    0.0000 
   1.1491 4289.8540   -1.0999   -1.2898  179.9816   -0.0521   -0.1611   -0.0362    0.0000    0.0000    0.0000    0.0000    0.0000    0.0000    3.9920   -0.0256    0.0200    1.0642  -15.1978 
   1.1916 4289.8115   -1.1385   -1.2501  179.9792    0.5582    0.0220   -0.0362    0.0000    0.0000    0.0000    0.0000    0.0000    0.0000    3.9840   -0.0244    0.0203    1.0681  -14.5874 
   1.2341 4289.7690   -1.0028   -1.4086  179.9758    0.1920   -0.0390   -0.1583    0.0000    0.0000    0.0000    0.0000    0.0000    0.0000    3.9920   -0.0261    0.0186    1.0654  -14.9536 
   1.2766 4289.7266   -1.1397   -1.2887  179.9691    0.9855    0.1441   -0.3414    0.0000    0.0000    0.0000    0.0000    0.0000    0.0000    3.9840   -0.0244    0.0212    1.0706    0.0000 
   1.3191 4289.6841   -1.0860   -1.3877  179.9644    0.9244    0.1441   -0.1583    0.0000    0.0000    0.0000    0.0000    0.0000    0.0000    3.9920   -0.0278    0.0212    1.0669  -14.2212 
   1.3616 4289.6416   -1.2514   -1.4545  179.9643    1.0465    0.2052   -0.2193    0.0000    0.0000    0.0000    0.0000    0.0000    0.0000    3.9920   -0.0271    0.0229    1.0664    0.0000 
   1.4041 4289.5991   -1.1066   -1.4446  179.9628    0.6803    0.0831    0.0248    0.0000    0.0000    0.0000    0.0000    0.0000    0.0000    3.9920   -0.0286    0.0212    1.0647  -14.4653 
   1.4466 4289.5566   -1.2778   -1.4372  179.9556    0.6193    0.2662   -0.2193    0.0000    0.0000    0.0000    0.0000    0.0000    0.0000    3.9920   -0.0266    0.0237    1.0669    0.0000 
   1.4891 4289.5142   -0.9571   -1.3524  179.9529    0.5582   -0.1000   -0.0973    0.0000    0.0000    0.0000    0.0000    0.0000    0.0000    3.9920   -0.0273    0.0173    1.0706  -14.5874 
   1.5316 4289.4717   -1.2199   -1.3659  179.9487    0.8024    0.2052   -0.0973    0.0000    0.0000    0.0000    0.0000    0.0000    0.0000    3.9920   -0.0254    0.0225    1.0706    0.0000 
   1.5741 4289.4292   -1.3365   -1.4103  179.9438    0.8024    0.2662   -0.0362    0.0000    0.0000    0.0000    0.0000    0.0000    0.0000    3.9920   -0.0254    0.0234    1.0627  -14.3433 
   1.6166 4289.3867   -1.1114   -1.4199  179.9456    0.6803    0.0831    0.0858    0.0000    0.0000    0.0000    0.0000    0.0000    0.0000    3.9920   -0.0264    0.0205    1.0676    0.0000 
   1.6591 4289.3442   -0.9722   -1.2665  179.9370    0.8024    0.1441   -0.2193    0.0000    0.0000    0.0000    0.0000    0.0000    0.0000    3.9920   -0.0239    0.0176    1.0659  -14.3433 
   1.7016 4289.3018   -1.0704   -1.4236  179.9365    0.3751    0.0220    0.0858    0.0000    0.0000    0.0000    0.0000    0.0000    0.0000    3.9920   -0.0259    0.0220    1.0659    0.0000 
   1.7441 4289.2593   -1.0819   -1.3624  179.9269    0.6193    0.0831   -0.2193    0.0000    0.0000    0.0000    0.0000    0.0000    0.0000    3.9920   -0.0256    0.0203    1.0659  -14.5264 
   1.7866 4289.2168   -1.2183   -1.3187  179.9223    0.4972    0.0220    0.0248    0.0000    0.0000    0.0000    0.0000    0.0000    0.0000    3.9920   -0.0242    0.0205    1.0669    0.0000 
   1.8291 4289.1743   -1.0245   -1.4754  179.9208    0.9244    0.2052   -0.2193    0.0000    0.0000    0.0000    0.0000    0.0000    0.0000    3.9920   -0.0273    0.0183    1.0637  -14.2212 
   1.8716 4289.1318   -0.9754   -1.5686  179.9108    1.1686    0.2662   -0.4635    0.0000    0.0000    0.0000    0.0000    0.0000    0.0000    3.9920   -0.0276    0.0178    1.0679  -13.9771 
   1.9141 4289.0894   -1.0684   -1.4469  179.9021    0.4362    0.0220    0.0248    0.0000    0.0000    0.0000    0.0000    0.0000    0.0000    3.9920   -0.0288    0.0210    1.0662  -14.7095 
   1.9566 4289.0464   -1.0358   -1.3967  179.9006    0.1310    0.0220   -0.0362    0.0000    0.0000    0.0000    0.0000    0.0000    0.0000    3.9920   -0.0264    0.0181    1.0642    0.0000 
   1.9991 4289.0039   -1.1508   -1.2450  179.8981    0.0699    0.0831    0.2690    0.0000    0.0000    0.0000    0.0000    0.0000    0.0000    3.9920   -0.0244    0.0222    1.0686  -15.0757 
   2.0416 4288.9614   -0.9781   -1.2265  179.9012    0.5582   -0.0390   -0.0973    0.0000    0.0000    0.0000    0.0000    0.0000    0.0000    3.9920   -0.0229    0.0188    1.0698  -14.5874 
   2.0841 4288.9189   -0.9666   -1.6386  179.8992    0.5582    0.0831   -0.2804    0.0000    0.0000    0.0000    0.0000    0.0000    0.0000    3.9920   -0.0278    0.0183    1.0649  -14.5874 
   2.1266 4288.8765   -1.3002   -1.3481  179.8888    0.3751    0.0831   -0.0362    0.0000    0.0000    0.0000    0.0000    0.0000    0.0000    3.9920   -0.0256    0.0234    1.0669    0.0000 
   2.1691 4288.8340   -1.1459   -1.5883  179.8801    0.4972    0.0220   -0.2804    0.0000    0.0000    0.0000    0.0000    0.0000    0.0000    3.9920   -0.0300    0.0212    1.0659  -14.6484 
   2.2116 4288.7915   -1.3393   -1.3645  179.8689    1.4127    0.3272   -0.2804    0.0000    0.0000    0.0000    0.0000    0.0000    0.0000    3.9920   -0.0256    0.0254    1.0647  -13.7329 
   2.2541 4288.7490   -1.1295   -1.2249  179.8540    1.1075    0.1441   -0.2804    0.0000    0.0000    0.0000    0.0000    0.0000    0.0000    3.9920   -0.0229    0.0220    1.0662  -14.0381 
   2.2966 4288.7065   -1.1003   -1.3570  179.8471    0.8634    0.1441   -0.1583    0.0000    0.0000    0.0000    0.0000    0.0000    0.0000    3.9840   -0.0242    0.0215    1.0645    0.0000 
   2.3391 4288.6641   -1.0193   -1.2538  179.8428    0.9855    0.2662   -0.2804    0.0000    0.0000    0.0000    0.0000    0.0000    0.0000    3.9920   -0.0244    0.0195    1.0671  -14.1602 
   2.3816 4288.6216   -1.1282   -1.2611  179.8297    0.9855    0.2052   -0.2193    0.0000    0.0000    0.0000    0.0000    0.0000    0.0000    3.9920   -0.0222    0.0203    1.0659  -14.1602 
   2.4241 4288.5791   -1.0782   -1.4162  179.8255    0.5582    0.0220    0.0248    0.0000    0.0000    0.0000    0.0000    0.0000    0.0000    3.9920   -0.0244    0.0210    1.0703  -14.5874 
   2.4666 4288.5366   -1.3436   -1.3783  179.8158    0.6803   -0.0390   -0.2193    0.0000    0.0000    0.0000    0.0000    0.0000    0.0000    3.9920   -0.0256    0.0227    1.0659    0.0000 
   2.5091 4288.4941   -0.9090   -1.3267  179.8051    0.6803    0.0220   -0.0362    0.0000    0.0000    0.0000    0.0000    0.0000    0.0000    3.9920   -0.0261    0.0168    1.0669  -14.4653 
   2.5516 4288.4517   -1.0873   -1.4559  179.8049    1.0465   -0.0390   -0.2193    0.0000    0.0000    0.0000    0.0000    0.0000    0.0000    3.9920   -0.0261    0.0188    1.0671  -14.0991 
   2.5941 4288.4092   -0.9873   -1.6198  179.7996    0.8634    0.2052   -0.0362    0.0000    0.0000    0.0000    0.0000    0.0000    0.0000    3.9920   -0.0286    0.0183    1.0652  -14.2822 
   2.6366 4288.3667   -1.1316   -1.3575  179.7828    1.1075    0.3883   -0.3414    0.0000    0.0000    0.0000    0.0000    0.0000    0.0000    3.9920   -0.0254    0.0203    1.0657  -14.0381 
   2.6791 4288.3242   -1.0317   -1.4157  179.7787    1.3517    0.2662   -0.1583    0.0000    0.0000    0.0000    0.0000    0.0000    0.0000    3.9920   -0.0264    0.0195    1.0730  -13.7939 
   2.7216 4288.2817   -1.0770   -1.4409  179.7691    1.2296    0.0220   -0.2193    0.0000    0.0000    0.0000    0.0000    0.0000    0.0000    3.9920   -0.0283    0.0183    1.0632  -13.9160 
   2.7641 4288.2393   -0.8833   -1.5787  179.7687    0.8634    0.0220   -0.0973    0.0000    0.0000    0.0000    0.0000    0.0000    0.0000    3.9920   -0.0295    0.0173    1.0718  -14.2822 
   2.8066 4288.1968   -1.0888   -1.4378  179.7581    0.8024    0.0831   -0.0973    0.0000    0.0000    0.0000    0.0000    0.0000    0.0000    3.9920   -0.0264    0.0198    1.0645    0.0000 
   2.8491 4288.1543   -0.9926   -1.3485  179.7456    1.1686   -0.0390   -0.4024    0.0000    0.0000    0.0000    0.0000    0.0000    0.0000    3.9920   -0.0251    0.0186    1.0657  -13.9771 
   2.8916 4288.1118   -0.9422   -1.3743  179.7260    1.2296    0.0831   -0.2193    0.0000    0.0000    0.0000    0.0000    0.0000    0.0000    3.9920   -0.0269    0.0173    1.0686  -13.9160 
   2.9341 4288.0693   -0.9912   -1.2450  179.7177    0.6193    0.3272   -0.2193    0.0000    0.0000    0.0000    0.0000    0.0000    0.0000    3.9920   -0.0239    0.0183    1.0667  -14.5264 
   2.9766 4288.0269   -1.0551   -1.3216  179.7089    0.6193    0.0831   -0.0362    0.0000    0.0000    0.0000    0.0000    0.0000    0.0000    3.9920   -0.0251    0.0200    1.0659    0.0000 
   3.0191 4287.9839   -0.8850   -1.3384  179.6972    1.1686    0.3272   -0.2804    0.0000    0.0000    0.0000    0.0000    0.0000    0.0000    3.9920   -0.0249    0.0176    1.0681  -13.9771 
   3.0616 4287.9414   -1.0468   -1.3983  179.6936    0.9244    0.2662    0.0858    0.0000    0.0000    0.0000    0.0000    0.0000    0.0000    3.9920   -0.0283    0.0190    1.0720    0.0000 
   3.1041 4287.8989   -1.0258   -1.4672  179.6892    0.7413    0.2662    0.0248    0.0000    0.0000    0.0000    0.0000    0.0000    0.0000    3.9920   -0.0249    0.0195    1.0671  -14.4043 
   3.1466 4287.8564   -1.0266   -1.2684  179.6811    1.1686    0.2052   -0.0973    0.0000    0.0000    0.0000    0.0000    0.0000    0.0000    3.9920   -0.0259    0.0198    1.0640    0.0000 
   3.1891 4287.8140   -1.1395   -1.4350  179.6775    0.7413    0.1441   -0.2193    0.0000    0.0000    0.0000    0.0000    0.0000    0.0000    3.9840   -0.0271    0.0212    1.0664  -14.4043 
   3.2316 4287.7715   -1.0655   -1.2174  179.6596    0.6803   -0.0390   -0.2193    0.0000    0.0000    0.0000    0.0000    0.0000    0.0000    3.9920   -0.0239    0.0205    1.0706  -14.4653 
   3.2741 4287.7290   -1.0929   -1.5915  179.6621    0.6193    0.0831   -0.1583    0.0000    0.0000    0.0000    0.0000    0.0000    0.0000    3.9920   -0.0288    0.0193    1.0698  -14.5264 
   3.3166 4287.6865   -1.3229   -1.5442  179.6539    0.8634    0.0831   -0.1583    0.0000    0.0000    0.0000    0.0000    0.0000    0.0000    3.9920   -0.0283    0.0234    1.0703    0.0000 
   3.3591 4287.6440   -1.0277   -1.1946  179.6376    0.7413    0.0831   -0.3414    0.0000    0.0000    0.0000    0.0000    0.0000    0.0000    3.9920   -0.0220    0.0190    1.0652  -14.4043 
   3.4841    0.0009    0.0000    0.0000  179.6103    0.9855    0.2662   -0.1583    0.0000    0.0000    0.0000    0.0000    0.0000    0.0000    3.9920   -0.0303    0.0193    1.0623  -14.1602 
   3.5266    0.0009    0.0000    0.0000  179.5897    0.5582    0.0220   -0.2193    0.0000    0.0000    0.0000    0.0000    0.0000    0.0000    3.9840   -0.0232    0.0200    1.0654  -14.5874 
   3.5691    0.0009    0.0000    0.0000  179.5770    0.4972   -0.0390   -0.0973    0.0000    0.0000    0.0000    0.0000    0.0000    0.0000    3.9840   -0.0237    0.0195    1.0679  -14.6484 
   3.6116    0.0013    0.0000    0.0000  179.5708    0.8024    0.1441   -0.3414    0.0000    0.0000    0.0000    0.0000    0.0000    0.0000    3.9920   -0.0269    0.0225    1.0659  -14.3433 
   3.6541    0.0009    0.0000    0.0000  179.5662    0.9855    0.2662   -0.1583    0.0000    0.0000    0.0000    0.0000    0.0000    0.0000    3.9840   -0.0273    0.0186    1.0698  -14.1602 
   3.6966    0.0009    0.0000    0.0000  179.5553    0.6193    0.2052   -0.2193    0.0000    0.0000    0.0000    0.0000    0.0000    0.0000    3.9920   -0.0269    0.0215    1.0688  -14.5264 
   3.7391    0.0009    0.0000    0.0000  179.5451    0.6803    0.0831   -0.0362    0.0000    0.0000    0.0000    0.0000    0.0000    0.0000    3.9840   -0.0264    0.0203    1.0686  -14.4653 
   3.7816    0.0013    0.0000    0.0000  179.5414    0.8024    0.2052    0.0248    0.0000    0.0000    0.0000    0.0000    0.0000    0.0000    3.9920   -0.0242    0.0181    1.0654  -14.3433 
   3.8241    0.0009    0.0000    0.0000  179.5442    0.9855    0.0831   -0.0362    0.0000    0.0000    0.0000    0.0000    0.0000    0.0000    3.9840   -0.0286    0.0227    1.0681  -14.1602 
   3.8666    0.0009    0.0000    0.0000  179.5358    0.6193    0.0831   -0.1583    0.0000    0.0000    0.0000    0.0000    0.0000    0.0000    3.9920   -0.0278    0.0212    1.0664  -14.5264 
   3.9091    0.0010    0.0000    0.0000  179.5313    1.1075    0.2052   -0.0362    0.0000    0.0000    0.0000    0.0000    0.0000    0.0000    3.9840   -0.0298    0.0181    1.0659  -14.0381 
   3.9516    0.0013    0.0000    0.0000  179.5234    1.4737    0.2662   -0.0362    0.0000    0.0000    0.0000    0.0000    0.0000    0.0000    3.9920   -0.0295    0.0183    1.0647  -13.6719 
   3.9941    0.0009    0.0000    0.0000  179.5133    0.5582   -0.0390    0.0248    0.0000    0.0000    0.0000    0.0000    0.0000    0.0000    3.9840   -0.0237    0.0220    1.0667  -14.5874 
   4.0366    0.0009    0.0000    0.0000  179.5047    0.8024    0.2052   -0.4024    0.0000    0.0000    0.0000    0.0000    0.0000    0.0000    3.9840   -0.0247    0.0222    1.0681  -14.3433 
   4.0791    0.0009    0.0000    0.0000  179.4928    0.8024    0.1441   -0.2804    0.0000    0.0000    0.0000    0.0000    0.0000    0.0000    3.9840   -0.0229    0.0183    1.0674  -14.3433 
   4.1216    0.0013    0.0000    0.0000  179.4877    0.8634    0.0831    0.0858    0.0000    0.0000    0.0000    0.0000    0.0000    0.0000    3.9840   -0.0239    0.0208    1.0647  -14.2822 
   4.1641    0.0009    0.0000    0.0000  179.4896    0.8024    0.1441    0.0858    0.0000    0.0000    0.0000    0.0000    0.0000    0.0127    3.9920   -0.0239    0.0198    1.0693  -14.3433 
   4.2066    0.0009    0.0000    0.0000  179.4858    1.4127    0.1441   -0.1583    0.0000    0.0000    0.0000    0.0000    0.0000    0.0315    3.9840   -0.0210    0.0200    1.0649  -13.7329 
   4.2491    0.0010    0.0496   -0.1330  179.4827    1.2906    0.1441   -0.2193    0.0930    0.5980    0.0000    0.0000    0.2818    0.1030    3.9920   -0.0271    0.0186    1.0664    0.0087 
   4.2916    0.0014    0.0694   -0.0010  179.4763    0.8024    0.1441    0.0248   -0.0033    0.3442   -0.0000    0.0000    0.2818    0.1530    3.9280   -0.0256    0.0188    1.0674    0.0045 
   4.3341    0.0010   -0.1555   -0.0367  179.4672    1.1686    0.3272   -0.4024   -0.4607   -0.3632   -0.0000   -0.0000    0.2818    0.1637    3.9280   -0.0283    0.0225    1.0723    0.0119 
   4.3766    0.0010    0.0624    0.1436  179.4536    1.1686    0.2052    0.1469   -0.4997   -0.8237   -0.0000   -0.0000    0.2818    0.2536    3.8640   -0.0215    0.0142    1.0671    0.0024 
   4.4191    0.0010   -0.0791    0.0078  179.4696    0.6803   -0.6493   -0.5245   -1.5890    0.3134   -0.0000    0.0000    0.2818    0.3072    3.8240   -0.0632    0.0161    1.0769    0.0141 
   4.4616    0.0014    0.1056   -0.9741  179.4718    1.1686    0.3272    0.2690   -0.9736   -0.2050   -0.0000    0.0000    0.2818    0.3072    3.8480   -0.0015    0.0391    1.0459    0.0002 
   4.5041    0.0010   -0.7529   -1.1905  179.5385   -0.1132   -0.0390    3.6259   -1.9485    0.2799   -0.0000    0.0000    0.2818    0.3029    3.8480   -0.0183    0.0593    1.1250   -0.0584 
   4.5466    0.0010   -1.3517    0.0984  179.5129   -3.8973    3.1959   -4.3697   -1.1791   -1.7601   -0.0000   -0.0000    0.2818    0.3072    3.8480    0.0581    0.0002    1.0298    0.0812 
   4.5891    0.0011    0.0950    0.4832  179.3397   -1.8221   -0.1611   -0.3414   -1.1910   -1.7707   -0.0000   -0.0000    0.2818    0.3072    3.8480   -0.0654    0.0706    1.1125    0.0109 
   4.6316    0.0014    0.4608   -0.8174  179.5412   -0.1742    1.3648    1.8559   -1.8921   -0.9254   -0.0000   -0.0000    0.2818    0.3072    3.8400   -0.0479   -0.0813    1.0334   -0.0275 
   4.6741    0.0010    1.3861    0.3821  179.6796   -1.9442   -1.2597    4.6635   -1.4581   -0.9477   -0.0000   -0.0000    0.2818    0.3072    3.8400   -0.0115    0.0342    1.2144   -0.0765 
   4.7166    0.0010    0.3854    0.8782  179.9518   -4.8739    3.2569    6.4335   -2.1839   -0.9100   -0.0000   -0.0000    0.2818    0.3029    3.8480   -0.0063   -0.0583    0.9812   -0.1074 
   4.7591    0.0011    2.6483    0.1236  180.0023  -15.6771   -2.3583   -2.4166   -1.9137   -1.0532   -0.0000   -0.0000    0.2818    0.3072    3.8320   -0.0444   -0.0806    0.9287    0.0471 
   4.8016    0.0014    1.2565    0.4434  180.0106    4.4034  -11.8188    1.9779   -1.9404   -1.1474   -0.0000   -0.0000    0.2818    0.3114    3.8400    0.0356   -0.0254    0.9185   -0.0296 
   4.8441    0.0010   -0.6801    0.9543  179.8215  -27.4569   -5.0439   -5.0411   -3.0957   -1.4499   -0.0000   -0.0000    0.2818    0.3240    3.8240    0.0254    0.0417    1.1609    0.0929 
   4.8866    0.0010   -2.0064    1.5135  179.8803    7.5162   -5.7153    8.1425   -2.3674   -1.4470   -0.0000   -0.0000    0.2818    0.3322    3.8240   -0.0027    0.0518    1.0100   -0.1372 
   4.9291    0.0010   -1.1500    1.6460  180.2860   13.1925    4.8438   10.6449   -1.9612   -1.3645   -0.0000   -0.0000    0.2818    0.3322    3.8320   -0.0481   -0.0610    1.0098   -0.1809 
   4.9716    0.0014    0.4084    1.1154  180.5120   -1.9442    0.8765    0.8183   -1.8548   -1.7967   -0.0000   -0.0000    0.2818    0.3363    3.8240    0.0437   -0.0181    1.0342   -0.0094 
   5.0141    0.0010   -0.9368    2.8797  180.5740   -0.8456   -4.4335    3.8700   -2.4344   -1.8726   -0.0000   -0.0000    0.2818    0.3403    3.8240    0.0383    0.1387    1.1633   -0.0626 
   5.0566    0.0010   -1.9543    1.0117  180.6480    1.4127    0.6324   -4.4918   -1.2771   -1.9934   -0.0000   -0.0000    0.2818    0.3522    3.8240   -0.1321    0.0322    0.9263    0.0833 
   5.0991    0.0010   -0.2947    0.9533  180.4960  -10.4281    0.1441    0.5131   -1.4516   -1.5142   -0.0000   -0.0000    0.2818    0.3522    3.8160    0.0557   -0.0938    1.3057   -0.0040 
   5.1416    0.0014   -1.0030    1.1867  180.7197   -3.1039   -6.0815    7.8983   -2.3712   -2.0236   -0.0000   -0.0000    0.2818    0.3638    3.8000    0.0144    0.0332    1.0867   -0.1329 
   5.1841    0.0010   -0.4502   -0.1476  180.9823    4.9528    1.0596    1.6117   -1.9834   -1.8266   -0.0000   -0.0000    0.2818    0.3676    3.8000   -0.0234   -0.0073    1.1707   -0.0232 
   5.2266    0.0010   -0.3897    0.6474  180.7645   -0.5404    0.0831   -5.1632   -1.6830   -2.0724   -0.0000   -0.0000    0.2818    0.3676    3.8000    0.0098   -0.0454    1.0913    0.0950 
   5.2691    0.0010   -0.4773    0.3820  180.7941   -7.6205    3.2569    5.1518   -1.5607   -1.9510   -0.0000   -0.0000    0.2818    0.3714    3.7920   -0.0251    0.0552    1.1672   -0.0850 
   5.3116    0.0014   -1.0086    0.7008  180.8643   -2.1884   -3.0907    1.5507   -1.5607   -1.9510   -0.0000   -0.0000    0.2818    0.3714    3.8000   -0.0303    0.1211    1.1365   -0.0221 
   5.3541    0.0010   -0.2441    0.5166  180.9799    8.4928  -13.7109    2.4052   -1.4527   -1.1700   -0.0000   -0.0000    0.2818    0.3826    3.7760   -0.0105    0.0444    1.0300   -0.0371 
   5.3966    0.0010   -0.4890    0.9042  180.9916   -2.8597   14.4874    0.5131   -1.6002   -1.1446   -0.0000   -0.0000    0.2818    0.3935    3.7680   -0.0938    0.1248    1.0745   -0.0040 
   5.4391    0.0010   -0.4249    0.3190  181.1343   13.0094  -16.5795   -0.7076   -2.2669   -1.9099   -0.0000   -0.0000    0.2818    0.3970    3.7680   -0.1064    0.0774    1.0471    0.0173 
   5.4816    0.0014   -0.0003   -0.3265  180.6989  -14.7006    4.5997  -13.9522   -2.2669   -1.9099   -0.0000   -0.0000    0.2818    0.3970    3.7680   -0.0171   -0.0032    1.1003    0.2484 
   5.5241    0.0010   -0.0837   -0.3481  180.4712    6.6007  -10.5981    1.0014   -2.0387   -2.0845   -0.0000   -0.0000    0.2818    0.4006    3.7680    0.0496    0.0244    0.9451   -0.0126 
   5.5666    0.0010    0.8843    0.0269  180.3791   -4.4467   -1.5038   -4.5528   -1.4508   -2.0283   -0.0000   -0.0000    0.2818    0.3970    3.7760   -0.0344   -0.1453    1.1824    0.0844 
   5.6091    0.0010    0.6678   -0.1731  180.1210   -4.6298   -0.9545   -6.5060   -1.4933   -1.4661   -0.0000   -0.0000    0.2818    0.3970    3.7760   -0.0623    0.0981    1.1389    0.1185 
   5.6516    0.0014    0.5251    0.5359  180.0057  -10.7943    5.2711    0.8183   -1.2557   -1.9987   -0.0000   -0.0000    0.2818    0.4006    3.7680    0.0393    0.0876    0.9421   -0.0094 
   5.6941    0.0010    0.8521   -0.1202  180.1344   11.1173  -14.9316    4.0531   -1.6783   -1.6338   -0.0000   -0.0000    0.2818    0.4041    3.7600   -0.0942   -0.1282    1.1111   -0.0658 
   5.7366    0.0010   -0.0345    0.6022  180.1264   -9.8178   15.7691   -1.5011   -1.1253   -1.6499   -0.0000   -0.0000    0.2818    0.4076    3.7600    0.0078    0.0784    1.0718    0.0311 
   5.7791    0.0010    0.5306    0.2444  180.2531   11.4225  -11.3915    5.0907   -1.0364   -1.8842   -0.0000   -0.0000    0.2818    0.4144    3.7440    0.0122   -0.0234    1.0449   -0.0839 
   5.8216    0.0014    0.6428   -0.2194  180.4353   -6.6439   12.9005    0.7572   -2.2269   -1.8803   -0.0000   -0.0000    0.2818    0.4212    3.7440   -0.0933   -0.0046    1.1604   -0.0083 
   5.8641    0.0010    0.7734   -0.1511  180.4698    4.4034   -1.9921    2.9545   -2.1049   -2.4670   -0.0000   -0.0000    0.2818    0.4212    3.7520   -0.0344    0.1604    1.0491   -0.0466 
   5.9066    0.0010    1.2143   -0.6583  180.7120    1.5348   -6.9970    6.4335   -2.2649   -1.3517   -0.0000   -0.0000    0.2818    0.4278    3.7440    0.0061   -0.1279    1.0671   -0.1074 
   5.9491    0.0010    0.5372    0.6107  180.9473  -19.5223   22.7882    3.8700   -1.9320   -1.5403   -0.0000   -0.0000    0.2818    0.4343    3.7280   -0.0605    0.0547    1.1426   -0.0626 
   5.9916    0.0014    0.4747    0.7418  181.1188   30.7096  -19.9975    3.2597   -1.7676   -1.3258   -0.0000   -0.0000    0.2818    0.4343    3.7280    0.0510    0.1543    1.0215   -0.0520 
   6.0341    0.0010    1.1771   -0.0325  181.2516   -7.9867    8.2618    2.1000   -1.7676   -1.3258   -0.0000   -0.0000    0.2818    0.4343    3.7360   -0.0737   -0.1333    1.1379   -0.0317 
   6.0766    0.0010    0.8969   -0.0313  181.2993    2.0231    6.8580    1.2455   -1.2356   -1.6642   -0.0000   -0.0000    0.2818    0.4408    3.7280   -0.0366   -0.0012    1.1011   -0.0168 
   6.1191    0.0010    0.8205   -0.2916  181.4507   13.4366  -12.7343    3.3817   -1.3689   -2.3099   -0.0000   -0.0000    0.2818    0.4683    3.7040   -0.0522    0.1174    1.1074   -0.0541 
   6.1616    0.0014    0.5195    0.0894  181.4707    0.6193   15.7691    1.5507   -1.8671   -2.7680   -0.0000   -0.0000    0.2818    0.4990    3.6640   -0.1594   -0.1484    1.0842   -0.0221 
   6.2041    0.0010    0.2314   -0.1585  181.6905   -1.4559  -18.2275    6.3114   -1.4131   -0.9918   -0.0000   -0.0000    0.0000    0.5016    3.6560    0.0645   -0.0273    1.0476   -0.1102 
   6.2466    0.0010    0.7274   -0.1452  181.6690    6.2955    9.0553   -4.0645   -1.5326   -1.5785   -0.0000   -0.0000    0.2818    0.5169    3.6640   -0.1162   -0.0115    0.9717    0.0759 
   6.2891    0.0010   -0.1182    0.6647  181.6612  -33.4994   19.9195    4.9076   -2.2416   -2.3858   -0.0000   -0.0000    0.0000    0.5598    3.6000   -0.0623    0.0308    1.0688   -0.0857 
   6.3316    0.0014   -0.5687    1.2060  181.7943   -4.7518   -7.8515    0.3910   -1.6563   -2.3944   -0.0000   -0.0000    0.0000    0.5619    3.6080    0.0378    0.0488    1.0657   -0.0068 
   6.3741    0.0010    0.5556    0.5032  181.8072   32.9679  -23.9648    1.9169   -1.5408   -2.3513   -0.0000   -0.0000    0.2818    0.5619    3.6080    0.0029   -0.0325    1.2278   -0.0285 
   6.4166    0.0010    2.1316    1.1232  181.8219   15.5118   19.5533   -0.6466   -1.8413   -2.6930   -0.0000   -0.0000    0.0000    0.5639    3.6080    0.0718    0.1575    1.1172    0.0113 
   6.4591    0.0010    2.0797    2.8867  181.8436  -40.2743   48.4229    2.0390   -0.9710   -2.4798   -0.0000   -0.0000    0.2818    0.5811    3.5920   -0.0010   -0.2354    1.1169   -0.0307 
   6.5016    0.0014   -0.0821    3.4303  181.7960  -23.0013  -16.4574    0.8183   -1.2607   -2.2679   -0.0000   -0.0000    0.0000    0.5811    3.5840   -0.0178   -0.3340    1.1167   -0.0143 
   6.5441    0.0010   -0.0887    1.1902  181.8057   41.0245  -63.0883   -0.9518   -1.7924   -2.3812   -0.0000   -0.0000    0.0000    0.5811    3.5840   -0.0754   -0.3291    0.9858    0.0166 
   6.5866    0.0011    1.8428    0.6182  181.6712   42.4283   11.3136   -3.9425   -1.1254   -2.5270   -0.0000   -0.0000    0.0000    0.5811    3.5920    0.0215   -0.0879    1.1782    0.0688 
   6.6291    0.0010    2.2201    3.3406  181.6579  -26.9686   97.4342    2.1610   -1.2502   -2.9045   -0.0000   -0.0000    0.0000    0.5811    3.5840   -0.0273    0.0833    1.1802   -0.0377 
   6.6716    0.0014    0.5356    5.2652  181.5136  -54.3124   24.9244   -2.6607   -1.9155   -2.2008   -0.0000   -0.0000    0.0000    0.5792    3.5920    0.0740   -0.0232    1.2107    0.0464 
   6.7141    0.0010    0.5205    2.1646  181.4365   22.7140 -106.4233    1.5507   -1.1257   -2.9552   -0.0000   -0.0000    0.0000    0.5811    3.5680   -0.1133   -0.0889    1.0466   -0.0271 
   6.7566    0.0010    2.6359   -1.5836  181.2359   88.1437  -70.5346   -8.7032   -1.0979   -3.0197   -0.0000   -0.0000    0.0000    0.5811    3.5760    0.1406   -0.1135    1.0107    0.1519 
   6.7991    0.0010    3.7351    0.3940  180.8150   16.7325  104.0259   -3.3321   -0.7160   -2.6023   -0.0000   -0.0000    0.0000    0.5811    3.5600   -0.0977    0.0334    1.0745    0.0582 
   6.8416    0.0014    1.3213    6.0150  180.6862 -100.8822  111.3502   -5.8346   -0.6207   -2.8757   -0.0000   -0.0000    0.0000    0.5811    3.5520   -0.2488   -0.0288    0.9043    0.1018 
   6.8841    0.0010   -1.3111    5.4869  180.0542  -28.1283  -92.9345   -2.9049   -0.9494   -2.9446   -0.0000   -0.0000    0.0000    0.5811    3.5760   -0.0293   -0.2283    1.0588    0.0507 
   6.9266    0.0010    1.4355   -1.3393  180.0523  120.5533 -163.8574   -2.5997   -0.8205   -3.6309   -0.0000   -0.0000    0.0000    0.5811    3.5200   -0.0039    0.3000    1.0720    0.0454 
   6.9691    0.0010    5.8973   -3.2516  179.1800   94.1251   42.9908  -14.9288   -0.9640   -3.6029   -0.0000   -0.0000    0.0000    0.5811    3.5680   -0.0632    0.0920    1.0254    0.2606 
   7.0116    0.0014    4.6562    4.0648  179.0163 -105.0326  205.4053    4.2973   -1.0047   -3.5320   -0.0000   -0.0000    0.0000    0.5811    3.5200   -0.0349    0.3511    1.0725   -0.0750 
   7.0541    0.0010   -2.0396    8.7507  177.9846 -163.0770   36.4600  -16.0885   -0.9294   -3.9674   -0.0000   -0.0000    0.0000    0.5811    3.5520   -0.0923   -0.1567    1.0459    0.2808 
   7.0966    0.0010   -2.9958    2.7831  177.5396   59.7623 -206.7040    5.2738   -0.9822   -2.3172   -0.0000   -0.0000    0.0000    0.5811    3.4960    0.0276    0.0032    1.0659   -0.0920 
   7.1391    0.0010    4.3636   -4.7653  176.9628  230.8439 -134.1943  -15.8443   -0.2485   -3.8620   -0.0000   -0.0000    0.0000    0.5811    3.5200    0.1921   -0.1497    0.9929    0.2765 
   7.1816    0.0014    8.9503   -1.2122  175.7032    7.9435  197.4097   -2.9049   -0.9410   -3.6319   -0.0000   -0.0000    0.0000    0.5811    3.5280   -0.0615    0.1836    1.0049    0.0507 
   7.2241    0.0010    1.4494    7.8237  175.3715 -289.9081  179.6485   -8.0318   -0.9506   -3.4197   -0.0000   -0.0000    0.0000    0.5811    3.4720   -0.1025   -0.0061    0.9202    0.1402 
   7.2666    0.0010   -8.7312    7.4990  173.4124 -103.4457 -127.7245  -23.9620   -0.5114   -4.0325   -0.0000   -0.0000    0.0000    0.5811    3.5360   -0.0300    0.3291    1.1174    0.4182 
   7.3091    0.0010   -1.9656   -1.9960  173.3113  289.6207 -239.2358   12.1098   -0.0215   -3.3438   -0.0000   -0.0000    0.0000    0.5811    3.4800    0.0632   -0.2014    1.1128   -0.2114 
   7.3516    0.0014   11.7889   -6.0269  171.4850  266.9767   22.7882  -23.6568   -0.1497   -3.5894   -0.0000   -0.0000    0.0000    0.5811    3.4960    0.0771   -0.1079    1.1274    0.4129 
   7.3941    0.0010   10.4413    1.8397  171.0373 -205.0082  235.9840    7.7763   -0.7598   -3.4615   -0.0000   -0.0000    0.0000    0.5811    3.4720   -0.0090   -0.0547    1.1768   -0.1357 
   7.4366    0.0010   -6.2418    8.3731  169.3361 -442.3129   71.3111  -23.4127   -1.0839   -3.1645   -0.0000   -0.0000    0.0000    0.5811    3.4080   -0.1216   -0.3386    1.1841    0.4086 
   7.4791    0.0010  -13.0116    3.2619  169.0476   33.9445 -183.5717   32.9838   -0.7401   -3.7469   -0.0000   -0.0000    0.0000    0.5792    3.4960    0.0378   -0.0618    0.9963   -0.5757 
   7.5216    0.0014    0.7278   -3.2093  167.8003  420.8463 -109.1088  -38.0611   -0.1520   -4.0351   -0.0000   -0.0000    0.0000    0.5811    3.4160   -0.0232   -0.0181    1.2498    0.6643 
   7.5641    0.0010   13.9044   -1.5772  165.8468  135.8732  100.6080    1.0014   -0.4412   -3.7524   -0.0000   -0.0000    0.0000    0.5792    3.5440    0.0408   -0.2173    1.1272   -0.0175 
   7.6066    0.0011    5.7418    2.9515  166.2240 -385.6112   81.0157    4.2362   -0.6231   -3.9095   -0.0000   -0.0000    0.0000    0.5811    3.4480   -0.0718   -0.0098    1.1665   -0.0739 
   7.6491    0.0012  -11.5862    2.1760  165.3432 -223.1967  -86.6479   -7.3604    0.1599   -4.2106   -0.0000   -0.0000    0.0000    0.5811    3.4560   -0.1006   -0.0906    1.1633    0.1285 
   7.6916    0.0014   -9.5483   -2.6314  165.7267  229.3180 -101.7236   22.0585   -1.1193   -3.3463   -0.0000   -0.0000    0.0000    0.5811    3.5040    0.1013   -0.1260    1.0378   -0.3850 
   7.7341    0.0010    7.3390   -2.0596  164.5341  430.7340   74.9732   -6.9332    0.0787   -3.0115   -0.0000   -0.0000    0.0000    0.5811    3.4000   -0.0247    0.3645    1.1160    0.1210 
   7.7766    0.0010   15.0196    5.4501  164.7479    5.9293  173.8502   19.3119    1.6351   -4.2476   -0.0000   -0.0000   -0.2818    0.4343    3.6720    0.1045    0.2002    1.1504   -0.3420 
   7.8191    0.0010    0.1862    8.6772  163.5967 -462.0272   26.3892   -1.8062   -0.0818   -4.7355   -0.0000   -0.0000   -0.5636    0.3443    3.6400    0.0247    0.0740    1.0964    0.0217 
   7.8616    0.0014  -18.3787    4.0372  161.7375 -350.7601 -167.7026   16.7484   -0.1432   -3.8840   -0.0000   -0.0000   -0.8454    0.3600    3.6320   -0.0713   -0.4131    0.8369   -0.3071 
   7.9041    0.0010  -21.2903   -3.5340  163.0410  136.4225 -137.5512   32.6176   -0.8855   -4.0864   -0.0000   -0.0000   -0.8454    0.4311    3.6400    0.1006   -0.0293    0.7817   -0.5840 
   7.9466    0.0010   -6.4964   -4.6022  161.5167  411.5079   48.3619  -15.1729    0.2355   -3.7230   -0.0000   -0.0000   -0.8454    0.4311    3.5680    0.0813    0.0703    0.8115    0.2501 
   7.9891    0.0010    8.1797    2.4631  160.5818  226.6324  189.5972   20.9599   -0.2403   -4.8254   -0.0000   -0.0000   -0.8454    0.4311    3.6240    0.0940    0.0806    0.8242   -0.3806 
   8.0316    0.0014    6.7152    7.8171  161.3572 -180.4110   90.1710   13.2694    0.1537   -4.1554   -0.0000   -0.0000   -0.5636    0.4408    3.6560    0.0334   -0.1128    0.8740   -0.2414 
   8.0741    0.0010   -4.6038    5.0624  159.9782 -286.6122 -130.5322   -6.2008    0.1435   -4.9866   -0.0000   -0.0000   -0.2818    0.4502    3.5920   -0.0349   -0.0979    0.8467    0.1033 
   8.1166    0.0010   -9.5179   -2.6110  160.5166   12.5821 -202.4926   31.4579   -0.0942   -3.7597   -0.0000   -0.0000   -0.5636    0.4563    3.6000    0.0674   -0.0134    0.7795   -0.5589 
   8.1591    0.0010   -0.4522   -5.7106  159.7114  304.6354  -12.1850  -11.3888   -0.4827   -4.6648   -0.0000   -0.0000   -0.2818    0.4533    3.6160   -0.0208    0.0767    0.9182    0.1939 
   8.2016    0.0014   10.7410    1.5701  158.4922  208.6881  228.6597   15.2226    0.3382   -3.9089   -0.0000   -0.0000   -0.2818    0.4563    3.5840   -0.0134    0.0881    0.8472   -0.2706 
   8.2441    0.0010   10.5325    9.7093  159.4013 -116.3851  123.8624   16.2602   -0.0266   -3.5195   -0.0000   -0.0000   -0.5636    0.4311    3.6480   -0.0134    0.0696    0.7468   -0.2936 
   8.2866    0.0010    2.1783    7.5035  158.1261 -192.0687 -143.3495   -5.4073    0.1611   -3.7797   -0.0000   -0.0000   -0.5636    0.3970    3.6720   -0.0181    0.1812    0.8093    0.0845 
   8.3291    0.0009    0.0000    0.0000  158.3984   18.4415 -280.5565   24.3778    0.1026   -5.0174    0.0000    0.0000    0.0000    0.0127    3.8240    0.1108    0.0586    0.8123    3.2959 
   8.3716    0.0013    0.0000    0.0000  158.3460  243.4781 -252.6024   28.0399    0.1026   -5.0174    0.0000    0.0000    0.0000    0.0000    3.9200    0.0229   -0.0312    0.5049  228.3325 
   8.4141    0.0009    0.0000    0.0000  155.0278  408.5172 -209.6948   28.5282    0.1026   -5.0174    0.0000    0.0000    0.0000    0.0000    3.9200   -0.0127    0.0332    0.4429  393.3716 
   8.4566    0.0009    0.0000    0.0000  145.8742  552.6212 -137.3071   27.0634    0.1026   -5.0174    0.0000    0.0000    0.0000    0.0000    3.9200    0.0054   -0.0833    0.3994    0.0000 
   8.4991    0.0009    0.0000    0.0000  123.5556  663.4611  -13.1005   28.7724    0.1026   -5.0174    0.0000    0.0000    0.0000    0.0000    3.9280    0.0037    0.0222    0.3533  648.3154 
   8.5416    0.0013    0.0000    0.0000   71.4890  669.8698  142.5391   36.5849    0.1026   -5.0174    0.0000    0.0000    0.0000    0.0000    3.9280   -0.0029    0.0442    0.3125  654.7241 
   8.5841    0.0009    0.0000    0.0000   19.9599  600.9611  201.2550   46.0453    0.1026   -5.0174    0.0000    0.0000    0.0000    0.0000    3.9280   -0.0046   -0.0159    0.2205  585.8154 
   8.6266    0.0009    0.0000    0.0000  353.5623  392.6481  -38.1249  132.6542    0.1026   -5.0174    0.0000    0.0000    0.0000    0.0000    3.9280   -4.2693   -5.5459   -2.2849    0.0000 
   8.6691    0.0009    0.0000    0.0000  268.0265 -682.9745 -675.3320 1979.5780    0.1026   -5.0174    0.0000    0.0000    0.0000    0.0000    3.9280   -0.1741   -0.2874   -0.7510 -698.1201 
   8.7116    0.0013    0.0000    0.0000  200.6108 -1010.5502 -137.6733 1979.5780    0.1026   -5.0174    0.0000    0.0000    0.0000    0.0000    3.9280    0.2600    0.1155    0.1711 -1025.6958 
   8.7541    0.0009    0.0000    0.0000   76.9038 -737.8450  506.4308 1979.5780    0.1026   -5.0174    0.0000    0.0000    0.0000    0.0000    3.9280    0.0349    0.1365    0.0647 -752.9907 
   8.7966    0.0009    0.0000    0.0000   30.7982   27.5968  776.8165 1583.8260    0.1026   -5.0174    0.0000    0.0000    0.0000    0.0000    3.9280   -1.8809   -1.1228    0.4961    0.0000 
   8.8391    0.0009    0.0000    0.0000  278.0749  700.4484  546.1036 1666.2235    0.1026   -5.0174    0.0000    0.0000    0.0000    0.0000    3.9280   -0.2864   -0.1589    0.2100  685.3027 
   8.8816    0.0013    0.0000    0.0000  209.4718  394.4791 -145.5468 1603.6016    0.1026   -5.0174    0.0000    0.0000    0.0000    0.0000    3.9280    0.4038    0.3684   -0.4424  379.3335 
   8.9241    0.0009    0.0000    0.0000  195.3009  418.2828  -22.3779    3.3817    0.1026   -5.0174    0.0000    0.0000    0.0000    0.0000    3.9280    0.2183    0.5901    0.3589  403.1372 
   8.9666    0.0009    0.0000    0.0000  218.7802  444.0396   44.2725 -239.9654    0.1026   -5.0174    0.0000    0.0000    0.0000    0.0000    3.9280    0.9114    0.2385   -0.2483    0.0000 
   9.0091    0.0009    0.0000    0.0000  244.4909  359.9332 -359.5971 -138.1588    0.1026   -5.0174    0.0000    0.0000    0.0000    0.0000    3.9280    1.3259   -0.1379   -0.1714  344.7876 
   9.0516    0.0013    0.0000    0.0000  259.9902  348.8859 -538.4911  115.0761    0.1026   -5.0174    0.0000    0.0000    0.0000    0.0000    3.9280    0.6296   -0.0281    0.3035  333.7402 
   9.0941    0.0009    0.0000    0.0000  273.4029  171.2125 -539.2846  168.5429    0.1026   -5.0174    0.0000    0.0000    0.0000    0.0000    3.9280    0.4912   -0.0681    0.2781  156.0669 
   9.1366    0.0010    0.0000    0.0000  282.6013   85.6412 -751.9921  130.9452    0.1026   -5.0174    0.0000    0.0000    0.0000    0.0000    3.9280    0.1121   -0.0159    0.3730   70.4956 
   9.1791    0.0009    0.0000    0.0000  287.0607   21.1881 -469.3993   82.3612    0.1026   -5.0174    0.0000    0.0000    0.0000    0.0000    3.9360    0.0693   -0.1008    0.6045    6.0425 
   9.2216    0.0013    0.0000    0.0000  290.4377  -43.8143   36.1549   77.3564    0.1026   -5.0174    0.0000    0.0000    0.0000    0.0000    3.9360   -0.1260   -0.0400    0.6296  -58.9600 
   9.2641    0.0009    0.0000    0.0000  294.0918 -116.8734  439.1700   70.2763    0.1026   -5.0174    0.0000    0.0000    0.0000    0.0000    3.9360   -0.5505   -0.1658    2.5559 -132.0190 
   9.3066    0.0009    0.0000    0.0000  296.6245  104.8673   60.5689   41.9560    0.1026   -5.0174    0.0000    0.0000    0.0000    0.0000    3.9360    0.0583   -0.0061    1.0857    0.0000 
   9.3491    0.0009    0.0000    0.0000  298.5695  -76.2850 -153.6645   54.5292    0.1026   -5.0174    0.0000    0.0000    0.0000    0.0000    3.9360    0.0100   -0.0544    1.1616  -91.4307 
   9.3916    0.0013    0.0000    0.0000  300.8505  -76.5292   53.9771   33.1059    0.1026   -5.0174    0.0000    0.0000    0.0000    0.0000    3.9360   -0.0339    0.0244    1.0645  -91.6748 
   9.4341    0.0009    0.0000    0.0000  301.6832   53.4757  -46.8530   14.0629    0.1026   -5.0174    0.0000    0.0000    0.0000    0.0000    3.9360    0.0337    0.0071    1.1458   38.3301 
   9.4766    0.0009    0.0000    0.0000  301.9445  -15.4330   16.1964   -0.0973    0.1026   -5.0174    0.0000    0.0000    0.0000    0.0000    3.9360   -0.0969   -0.0002    1.0659    0.0000 
   9.5191    0.0009    0.0000    0.0000  301.8416  -12.8695    2.8907   -2.4166    0.1026   -5.0174    0.0000    0.0000    0.0000    0.0000    3.9360    0.0527   -0.0017    1.0640  -28.0151 
   9.5616    0.0013    0.0000    0.0000  301.8029    2.1451   -4.3114    0.0248    0.1026   -5.0174    0.0000    0.0000    0.0000    0.0000    3.9360   -0.0554    0.0388    1.0442  -13.0005 
   9.6041    0.0009    0.0000    0.0000  301.7946   -1.0287    3.3790   -0.1583    0.1026   -5.0174    0.0000    0.0000    0.0000    0.0000    3.9360    0.0210    0.0205    1.0549  -16.1743 
   9.6466    0.0009    0.0000    0.0000  301.7942    0.9244   -2.7856    0.0858    0.1026   -5.0174    0.0000    0.0000    0.0000    0.0000    3.9360   -0.0442    0.0095    1.0620    0.0000 
   9.6891    0.0009    0.0000    0.0000  301.7852    3.2438   -4.1894   -0.2804    0.1026   -5.0174    0.0000    0.0000    0.0000    0.0000    3.9360   -0.0076   -0.0085    1.0657  -11.9019 
   9.7316    0.0013    0.0000    0.0000  301.7674    0.6193    2.4024   -0.2804    0.1026   -5.0174    0.0000    0.0000    0.0000    0.0000    3.9360   -0.0034    0.0032    1.0669  -14.5264 
   9.7741    0.0010    0.0000    0.0000  301.7480    0.7413    1.6090   -0.3414    0.1026   -5.0174    0.0000    0.0000    0.0000    0.0000    3.9360   -0.0059   -0.0017    1.0647  -14.4043 
   9.8166    0.0009    0.0000    0.0000  301.7333    0.4972    0.5714   -0.2193    0.1026   -5.0174    0.0000    0.0000    0.0000    0.0000    3.9360   -0.0129    0.0032    1.0662    0.0000 
   9.8591    0.0009    0.0000    0.0000  301.7241    0.7413   -0.0390   -0.4024    0.1026   -5.0174    0.0000    0.0000    0.0000    0.0000    3.9360   -0.0186   -0.0039    1.0669  -14.4043 
   9.9016    0.0013    0.0000    0.0000  301.7042    0.5582   -0.0390   -0.3414    0.1026   -5.0174    0.0000    0.0000    0.0000    0.0000    3.9360   -0.0173    0.0002    1.0625  -14.5874 
   9.9441    0.0009    0.0000    0.0000  301.6883    0.3751    0.2662   -0.2804    0.1026   -5.0174    0.0000    0.0000    0.0000    0.0000    3.9360   -0.0168   -0.0005    1.0667  -14.7705 
   9.9866    0.0009    0.0000    0.0000  301.6805    0.9855    0.4493   -0.1583    0.1026   -5.0174    0.0000    0.0000    0.0000    0.0000    3.9360   -0.0154    0.0000    1.0669    0.0000 
  10.0291    0.0009    0.0000    0.0000  301.6762    0.7413    0.3272   -0.0362    0.1026   -5.0174    0.0000    0.0000    0.0000    0.0000    3.9360   -0.0183    0.0034    1.0671  -14.4043 
  10.0716    0.0013    0.0000    0.0000  301.6662    0.8634    0.2662   -0.2804    0.1026   -5.0174    0.0000    0.0000    0.0000    0.0000    3.9360   -0.0154   -0.0010    1.0671  -14.2822 
  10.1141    0.0009    0.0000    0.0000  301.6512    0.2530    0.2052   -0.2193    0.1026   -5.0174    0.0000    0.0000    0.0000    0.0000    3.9360   -0.0159    0.0000    1.0679  -14.8926 
  10.1566    0.0009    0.0000    0.0000  301.6404    1.0465    0.2052   -0.4024    0.1026   -5.0174    0.0000    0.0000    0.0000    0.0000    3.9440   -0.0186    0.0002    1.0662    0.0000 
  10.1991    0.0009    0.0000    0.0000  301.6242    0.6803    0.3272   -0.2804    0.1026   -5.0174    0.0000    0.0000    0.0000    0.0000    3.9360   -0.0186    0.0020    1.0637  -14.4653 
  10.2416    0.0013    0.0000    0.0000  301.6085    0.7413    0.2662   -0.4635    0.1026   -5.0174    0.0000    0.0000    0.0000    0.0000    3.9360   -0.0161   -0.0007    1.0649  -14.4043 
  10.3441 4294.8687   -0.4138    0.1538  301.5803    0.8634   -0.0390   -0.1583    0.1026   -5.0174    0.0000    0.0000    0.0000    0.0000    3.9440   -0.0154    0.0054    1.0681  -14.2822 
  10.3866 4294.8262   -0.1739    0.1386  301.5680    0.6193    0.0831   -0.2804    0.1026   -5.0174    0.0000    0.0000    0.0000    0.0000    3.9440   -0.0151    0.0017    1.0679    0.0000 
  10.4291 4294.7837   -0.1061    0.0878  301.5553    0.3751    0.3272   -0.5855    0.1026   -5.0174    0.0000    0.0000    0.0000    0.0000    3.9440   -0.0154   -0.0002    1.0671  -14.7705 
  10.4716 4294.7412   -0.3105    0.1789  301.5444    0.6193    0.2662   -0.0973    0.1026   -5.0174    0.0000    0.0000    0.0000    0.0000    3.9440   -0.0139    0.0020    1.0669    0.0000 
  10.5141 4294.6987   -0.2228    0.1924  301.5353    1.1075    0.2662   -0.2804    0.1026   -5.0174    0.0000    0.0000    0.0000    0.0000    3.9440   -0.0166    0.0017    1.0676  -14.0381 
  10.5566 4294.6562   -0.1892   -0.1179  301.5251    0.7413    0.0220   -0.3414    0.1026   -5.0174    0.0000    0.0000    0.0000    0.0000    3.9360   -0.0208    0.0007    1.0669    0.0000 
  10.5991 4294.6133   -0.2416    0.0375  301.5424    0.0699    0.0831   -0.1583    0.1026   -5.0174    0.0000    0.0000    0.0000    0.0000    3.9440   -0.0171    0.0022    1.0652  -15.0757 
  10.6416 4294.5708   -0.2423    0.1330  301.5340    1.2906   -0.0390   -0.2804    0.1026   -5.0174    0.0000    0.0000    0.0000    0.0000    3.9440   -0.0151    0.0029    1.0630    0.0000 
  10.6841 4294.5283   -0.2623    0.0569  301.5204    1.2296    0.2662   -0.3414    0.1026   -5.0174    0.0000    0.0000    0.0000    0.0000    3.9360   -0.0151    0.0037    1.0671  -13.9160 
  10.7266 4294.4858   -0.1834   -0.0394  301.5059    0.6193    0.1441   -0.3414    0.1026   -5.0174    0.0000    0.0000    0.0000    0.0000    3.9440   -0.0186    0.0007    1.0693    0.0000 
  10.7691 4294.4434   -0.2558    0.3901  301.4931    0.4362    0.0220   -0.0973    0.1026   -5.0174    0.0000    0.0000    0.0000    0.0000    3.9440   -0.0112    0.0027    1.0659  -14.7095 
  10.8116 4294.4009   -0.0193    0.0457  301.4875    0.6803    0.1441   -0.3414    0.1026   -5.0174    0.0000    0.0000    0.0000    0.0000    3.9440   -0.0166    0.0012    1.0684  -14.4653 
  10.8541 4294.3584   -0.1600    0.0436  301.4758    0.2530    0.0831   -0.2193    0.1026   -5.0174    0.0000    0.0000    0.0000    0.0000    3.9360   -0.0168    0.0002    1.0679  -14.8926 
  10.8966 4294.3159   -0.2672    0.0323  301.4654   -0.1132   -0.0390   -0.0973    0.1026   -5.0174    0.0000    0.0000    0.0000    0.0000    3.9440   -0.0183    0.0012    1.0698    0.0000 
  10.9391 4294.2734   -0.3700    0.1134  301.4535    0.6193    0.1441   -0.4024    0.1026   -5.0174    0.0000    0.0000    0.0000    0.0000    3.9440   -0.0156    0.0054    1.0671  -14.5264 
  10.9816 4294.2310   -0.2067    0.0014  301.4341    0.4362    0.0831   -0.3414    0.1026   -5.0174    0.0000    0.0000    0.0000    0.0000    3.9360   -0.0166    0.0015    1.0659    0.0000 
  11.0241 4294.1885    0.0246    0.0266  301.4134    0.3751    0.1441   -0.4635    0.1026   -5.0174    0.0000    0.0000    0.0000    0.0000    3.9440   -0.0176   -0.0022    1.0684  -14.7705 
  11.0666 4294.1460    0.0085    0.1911  301.4001    0.3751    0.0831   -0.0362    0.1026   -5.0174    0.0000    0.0000    0.0000    0.0000    3.9360   -0.0142   -0.0017    1.0671    0.0000 
  11.1091 4294.1035   -0.1441    0.0480  301.3917    0.6193    0.0220   -0.4635    0.1026   -5.0174    0.0000    0.0000    0.0000    0.0000    3.9440   -0.0168    0.0012    1.0667  -14.5264 
  11.1516 4294.0610   -0.1066    0.0576  301.3818    0.3751    0.0220   -0.2193    0.1026   -5.0174    0.0000    0.0000    0.0000    0.0000    3.9440   -0.0166    0.0012    1.0676    0.0000 
  11.1941 4294.0186   -0.0553   -0.0851  301.3768    0.0089    0.0220   -0.2193    0.1026   -5.0174    0.0000    0.0000    0.0000    0.0000    3.9440   -0.0176   -0.0010    1.0703  -15.1367 
  11.2366 4293.9761   -0.0458    0.0762  301.3644    0.4362    0.1441   -0.3414    0.1026   -5.0174    0.0000    0.0000    0.0000    0.0000    3.9440   -0.0156    0.0005    1.0649    0.0000 
  11.2791 4293.9336   -0.0362    0.0175  301.3493    0.4972    0.0831   -0.3414    0.1026   -5.0174    0.0000    0.0000    0.0000    0.0000    3.9440   -0.0176   -0.0005    1.0637  -14.6484 
  11.3216 4293.8911    0.0980    0.1601  301.3352    0.6803    0.0831   -0.4024    0.1026   -5.0174    0.0000    0.0000    0.0000    0.0000    3.9440   -0.0144   -0.0027    1.0664    0.0000 
  11.3641 4293.8486   -0.3614    0.1625  301.3222    0.6193    0.0831   -0.4024    0.1026   -5.0174    0.0000    0.0000    0.0000    0.0000    3.9440   -0.0151    0.0061    1.0645  -14.5264 
  11.4066 4293.8062   -0.2268    0.3574  301.3086    0.4362    0.0831   -0.2193    0.1026   -5.0174    0.0000    0.0000    0.0000    0.0000    3.9440   -0.0120    0.0029    1.0649    0.0000 
  11.4491 4293.7637   -0.2000   -0.0072  301.2940    0.8024    0.1441   -0.3414    0.1026   -5.0174    0.0000    0.0000    0.0000    0.0000    3.9440   -0.0173    0.0017    1.0657  -14.3433 
  11.4916 4293.7212   -0.1721    0.0249  301.2819    0.7413    0.0220   -0.2193    0.1026   -5.0174    0.0000    0.0000    0.0000    0.0000    3.9440   -0.0164    0.0002    1.0679    0.0000 
  11.5341 4293.6787   -0.1892   -0.0244  301.2678    0.7413    0.2052   -0.4635    0.1026   -5.0174    0.0000    0.0000    0.0000    0.0000    3.9440   -0.0173    0.0020    1.0649  -14.4043 
  11.5766 4293.6362   -0.1185   -0.1089  301.2490    0.6803    0.3272   -0.3414    0.1026   -5.0174    0.0000    0.0000    0.0000    0.0000    3.9440   -0.0198    0.0002    1.0662    0.0000 
  11.6191 4293.5938   -0.1175    0.0542  301.2379    0.3141    0.2052   -0.3414    0.1026   -5.0174    0.0000    0.0000    0.0000    0.0000    3.9440   -0.0161    0.0000    1.0657  -14.8315 
  11.6616 4293.5508   -0.1193    0.1357  301.2327    0.8024    0.0831   -0.3414    0.1026   -5.0174    0.0000    0.0000    0.0000    0.0000    3.9440   -0.0168    0.0022    1.0674    0.0000 
  11.7041 4293.5083   -0.1348    0.1512  301.2201    0.4362    0.0220   -0.2193    0.1026   -5.0174    0.0000    0.0000    0.0000    0.0000    3.9360   -0.0178   -0.0002    1.0710  -14.7095 
  11.7466 4293.4658   -0.0368    0.0389  301.2113    0.3141    0.1441   -0.2804    0.1026   -5.0174    0.0000    0.0000    0.0000    0.0000    3.9440   -0.0159    0.0000    1.0710    0.0000 
  11.7891 4293.4233   -0.2150   -0.2552  301.2111   -0.2963    1.6700    0.5741    0.1026   -5.0174    0.0000    0.0000    0.0000    0.0000    3.9440   -0.0208    0.0046    1.0703  -15.4419 
  11.8316 4293.3809   -0.0034    0.0123  301.1149    0.6193    2.4635   -5.9566    0.1026   -5.0174    0.0000    0.0000    0.0000    0.0000    3.9440   -0.0186    0.0010    1.0693    0.0000 
  11.8741 4293.3384    0.3179    0.1130  300.8122    0.0089  -17.0678   -1.3180    0.1026   -5.0174    0.0000    0.0000    0.0000    0.0000    3.9440    0.0139    0.0068    1.0691  -15.1367 
  11.9166 4293.2959    1.2585    0.2925  301.2145   -1.0897   -2.1142   22.9130    0.1026   -5.0174    0.0000    0.0000    0.0000    0.0000    3.9440    0.0032   -0.0479    1.0693    0.0000 
  11.9591 4293.2534    2.8502   -0.5450  303.1738   -1.9442    2.2193   47.9984    0.1026   -5.0174    0.0000    0.0000    0.0000    0.0000    3.9440   -0.1255   -0.1458    1.0667  -17.0898 
  12.0016 4293.2109    1.6317   -0.0984  305.4356  -10.6722    8.4449   95.3007    0.1026   -5.0174    0.0000    0.0000    0.0000    0.0000    3.9440    0.0005    0.0459    1.0789    0.0000 
  12.0441 4293.1685    1.1856    1.7412  310.2334    5.9293   22.9713   81.0795    0.1026   -5.0174    0.0000    0.0000    0.0000    0.0000    3.9440    0.0061   -0.0579    1.1858   -9.2163 
  12.0866 4293.1260    2.4705    0.1105  311.3112   32.4186   -8.1567    5.8232    0.1026   -5.0174    0.0000    0.0000    0.0000    0.0000    3.9440   -0.2388   -0.0928    1.3718    0.0000 
  12.1291 4293.0835    4.4102   -4.0598  311.9620    3.9152  -81.3988   15.0395    0.1026   -5.0174    0.0000    0.0000    0.0000    0.0000    3.9440   -0.3245   -0.3481    1.3823  -11.2305 
  12.1716 4293.0410    6.4323   -9.1726  311.1121    4.8307  -92.6904  -43.9205    0.1026   -5.0174    0.0000    0.0000    0.0000    0.0000    3.9440   -0.3833   -0.4133    1.3982    0.0000 
  12.2141 4292.9985    8.6973  -14.8356  308.7190   25.1554 -104.4701  -43.9205    0.1026   -5.0174    0.0000    0.0000    0.0000    0.0000    3.9520   -0.4504   -0.4238    1.3250   10.0098 
  12.2566 4292.9561   11.1663  -19.2608  307.5974   16.0001 -138.8329   -2.6607    0.1026   -5.0174    0.0000    0.0000    0.0000    0.0000    3.9440   -0.3379   -0.3430    1.4690    0.0000 
  12.2991 4292.9136   12.1381  -22.5918  308.1767   30.6486 -123.1469    8.4477    0.1026   -5.0174    0.0000    0.0000    0.0000    0.0000    3.9520   -0.3013   -0.2861    1.3203   15.5029 
  12.3416 4292.8711   13.9216  -25.8944  307.3364   49.8136 -122.4145    0.3910    0.1026   -5.0174    0.0000    0.0000    0.0000    0.0000    3.9440   -0.2480   -0.3230    1.3008    0.0000 
  12.3841 4292.8286   15.6313  -27.6266  308.5368   35.5314  -66.2011   72.2294    0.1026   -5.0174    0.0000    0.0000    0.0000    0.0000    3.9440   -0.4177   -0.0959    1.2119   20.3857 
  12.4266 4292.7861   16.2637  -28.5708  311.7591   13.6197  -70.5956   96.7045    0.1026   -5.0174    0.0000    0.0000    0.0000    0.0000    3.9520   -0.4990   -0.1328    1.0596    0.0000 
  12.4691 4292.7437   16.8511  -29.4901  315.1050   19.0519  -50.5761   87.4882    0.1026   -5.0174    0.0000    0.0000    0.0000    0.0000    3.9520   -0.4802   -0.0422    1.0557    3.9062 
  12.5116 4292.7012   16.7334  -29.5480  319.1700  -27.2128  -36.1718  111.9023    0.1026   -5.0174    0.0000    0.0000    0.0000    0.0000    3.9440   -0.5076   -0.0701    0.9041    0.0000 
  12.5541 4292.6587   15.1717  -29.3645  324.5583  -58.7680  -37.2704  110.7426    0.1026   -5.0174    0.0000    0.0000    0.0000    0.0000    3.9440   -0.4683   -0.1411    0.8457  -73.9136 
  12.5966 4292.6162   13.2060  -28.5304  330.4619  -66.8246  -37.1484  107.2636    0.1026   -5.0174    0.0000    0.0000    0.0000    0.0000    3.9520   -0.4092   -0.1956    0.7534    0.0000 
  12.6391 4292.5737   11.3111  -27.3110  335.8437  -71.6464  -30.1904   90.0517    0.1026   -5.0174    0.0000    0.0000    0.0000    0.0000    3.9440   -0.4163   -0.1335    0.8362  -86.7920 
  12.6816 4292.5312    8.7620  -25.7583  341.6504 -120.9018  -25.2465   91.6386    0.1026   -5.0174    0.0000    0.0000    0.0000    0.0000    3.9520   -0.3218   -0.1868    0.8521    0.0000 
  12.7241 4292.4883    7.6652  -23.5526  347.3724  -96.7318    7.9566   83.1547    0.1026   -5.0174    0.0000    0.0000    0.0000    0.0000    3.9440   -0.3125   -0.1978    0.8052 -111.8774 
  12.7666 4292.4458    7.5621  -22.3521  352.8870 -118.7655    2.5855  112.0243    0.1026   -5.0174    0.0000    0.0000    0.0000    0.0000    3.9520   -0.3450   -0.2156    0.7773    0.0000 
  12.8091 4292.4033    7.0678  -21.5867  359.6942 -113.0892   18.5767  122.3393    0.1026   -5.0174    0.0000    0.0000    0.0000    0.0000    3.9440   -0.3877   -0.2744    0.6992 -128.2349 
  12.8516 4292.3608    7.0952  -21.3753    5.6762  -83.1820   16.9898  114.9540    0.1026   -5.0174    0.0000    0.0000    0.0000    0.0000    3.9520   -0.4138   -0.2166    0.7090    0.0000 
  12.8941 4292.3184    7.0078  -21.9859   11.2853  -77.4447   13.2056  114.4047    0.1026   -5.0174    0.0000    0.0000    0.0000    0.0000    3.9440   -0.3975   -0.1328    0.7690  -92.5903 
  12.9366 4292.2759    7.2364  -22.2890   16.6306  -84.2806   11.1915   96.9486    0.1026   -5.0174    0.0000    0.0000    0.0000    0.0000    3.9520   -0.3494   -0.1511    0.7827    0.0000 
  12.9791 4292.2334    7.6530  -22.2511   21.7713  -88.7362    1.3648  102.3808    0.1026   -5.0174    0.0000    0.0000    0.0000    0.0000    3.9440   -0.3779   -0.1982    0.7615 -103.8818 
  13.0216 4292.1909    7.8090  -22.5286   27.7665 -102.8964   -6.5087  119.5316    0.1026   -5.0174    0.0000    0.0000    0.0000    0.0000    3.9520   -0.3938   -0.2424    0.8157    0.0000 
  13.0641 4292.1484    8.2547  -22.3411   34.5120 -100.2719  -10.1098  131.8607    0.1026   -5.0174    0.0000    0.0000    0.0000    0.0000    3.9520   -0.3682   -0.2749    0.8044 -115.4175 
  13.1066 4292.1060    8.8198  -22.1946   41.5431 -104.6664  -13.3447  136.2553    0.1026   -5.0174    0.0000    0.0000    0.0000    0.0000    3.9520   -0.3765   -0.3184    0.7578    0.0000 
  13.1491 4292.0635    9.5965  -22.3765   47.8025  -66.2142    1.1207  109.7660    0.1026   -5.0174    0.0000    0.0000    0.0000    0.0000    3.9520   -0.4080   -0.2424    0.7490  -81.3599 
  13.1916 4292.0210    9.9666  -23.4883   52.0841  -38.0160    2.0972   87.7934    0.1026   -5.0174    0.0000    0.0000    0.0000    0.0000    3.9440   -0.4192   -0.1250    0.7903    0.0000 
  13.2341 4291.9785    7.8605  -24.1557   55.8760  -40.4574   -0.4662   80.4081    0.1026   -5.0174    0.0000    0.0000    0.0000    0.0000    3.9520   -0.4216   -0.0574    0.8079  -55.6030 
  13.2766 4291.9360    6.5588  -25.3678   59.5957  -20.4989   -8.4618   96.0941    0.1026   -5.0174    0.0000    0.0000    0.0000    0.0000    3.9520   -0.5090    0.0127    0.8105    0.0000 
  13.3191 4291.8936    5.5079  -26.5472   64.2112  -32.0345  -18.5937  118.8603    0.1026   -5.0174    0.0000    0.0000    0.0000    0.0000    3.9520   -0.5000    0.0222    0.8459  -47.1802 
  13.3616 4291.8511    4.8336  -28.0938   68.5666  -13.2968  -18.6547   98.4745    0.1026   -5.0174    0.0000    0.0000    0.0000    0.0000    3.9520   -0.5674    0.0039    0.9006    0.0000 
  13.4041 4291.8086    4.4808  -29.7177   72.0862   -3.4701   -6.5697   86.7558    0.1026   -5.0174    0.0000    0.0000    0.0000    0.0000    3.9520   -0.7173    0.0127    1.0588  -18.6157 
  13.4466 4291.7661    4.3080  -31.5066   74.9157   -7.5595  -13.4667   64.5390    0.1026   -5.0174    0.0000    0.0000    0.0000    0.0000    3.9520   -0.8853    0.0173    1.0991    0.0000 
  13.4891 4291.7236    3.6262  -34.2837   77.0647  -30.8138  -41.4208   45.6791    0.1026   -5.0174    0.0000    0.0000    0.0000    0.0000    3.9520   -0.8530    0.0286    0.9329  -45.9595 
  13.5316 4291.6812    2.7678  -37.0699   78.9584  -23.7948  -42.4584   16.0160    0.1026   -5.0174    0.0000    0.0000    0.0000    0.0000    3.9520   -0.6147   -0.0754    0.8518    0.0000 
  13.5741 4291.6387    2.1401  -36.4821   78.8609  -14.7006  -26.1010  -44.8360    0.1026   -5.0174    0.0000    0.0000    0.0000    0.0000    3.9520   -0.6304   -0.0320    0.8972  -29.8462 
  13.6166 4291.5962    0.1931  -37.4991   78.1386  -43.3261  -32.2655  -35.4366    0.1026   -5.0174    0.0000    0.0000    0.0000    0.0000    3.9520   -0.6851   -0.0415    0.8386    0.0000 
  13.6591 4291.5537    0.4719  -39.4991   78.9727  -52.6034  -44.1674   -6.7501    0.1026   -5.0174    0.0000    0.0000    0.0000    0.0000    3.9520   -0.6790   -0.1216    0.8025  -67.7490 
  13.7016 4291.5112    0.8922  -40.8719   80.2775  -52.2372  -52.7123   -2.5997    0.1026   -5.0174    0.0000    0.0000    0.0000    0.0000    3.9520   -0.6279   -0.1543    0.8154    0.0000 
  13.7441 4291.4688    1.4276  -41.8817   82.2641  -61.4535  -51.4306   25.2323    0.1026   -5.0174    0.0000    0.0000    0.0000    0.0000    3.9520   -0.6082   -0.2024    0.7915  -76.5991 
  13.7866 4291.4258    2.6692  -42.7441   84.7583  -40.8847  -45.6322   25.7206    0.1026   -5.0174    0.0000    0.0000    0.0000    0.0000    3.9520   -0.6353   -0.1885    0.7825    0.0000 
  13.8291 4291.3833    3.9889  -43.2834   86.5879  -32.9501  -46.7309   23.5844    0.1026   -5.0174    0.0000    0.0000    0.0000    0.0000    3.9520   -0.6355   -0.1570    0.7876  -48.0957 
  13.8716 4291.3408    4.9682  -43.0491   88.1743  -11.0995  -33.3031   20.8988    0.1026   -5.0174    0.0000    0.0000    0.0000    0.0000    3.9520   -0.5691   -0.1089    0.7935    0.0000 
  13.9141 4291.2983    4.6032  -42.1374   88.5018    7.1500  -13.7719   -9.2525    0.1026   -5.0174    0.0000    0.0000    0.0000    0.0000    3.9520   -0.6167    0.0198    0.8809   -7.9956 
  13.9566 4291.2559    2.9916  -40.9008   88.0923   -4.6908   -7.1801  -11.9381    0.1026   -5.0174    0.0000    0.0000    0.0000    0.0000    3.9520   -0.6221    0.0762    0.9597    0.0000 
  13.9991 4291.2134    1.4418  -39.3713   88.4628  -14.2123   -0.7714   14.0629    0.1026   -5.0174    0.0000    0.0000    0.0000    0.0000    3.9520   -0.6455    0.0784    0.9929  -29.3579 
  14.0416 4291.1709    1.1554  -37.4861   90.7554  -44.8519   -1.1987   61.3041    0.1026   -5.0174    0.0000    0.0000    0.0000    0.0000    3.9520   -0.6538   -0.0544    1.0732    0.0000 
  14.0841 4291.1284    0.3765  -36.4596   94.5905  -58.4017    9.3604   83.0937    0.1026   -5.0174    0.0000    0.0000    0.0000    0.0000    3.9520   -0.8733    0.0994    0.9070  -73.5474 
  14.1266 4291.0859   -0.4542  -38.8104   99.1242  -65.6039  -27.7489   67.1024    0.1026   -5.0174    0.0000    0.0000    0.0000    0.0000    3.9520   -0.8555    0.0059    0.7017    0.0000 
  14.1691 4291.0435   -0.7248  -41.1622  101.3007  -31.4852  -27.6269  -13.3419    0.1026   -5.0174    0.0000    0.0000    0.0000    0.0000    3.9520   -0.6421    0.0110    0.7773  -46.6309 
  14.2116 4291.0010   -3.2269  -40.2424  101.2695  -45.7064  -23.2934  -34.3380    0.1026   -5.0174    0.0000    0.0000    0.0000    0.0000    3.9520   -0.5618    0.1011    0.7852    0.0000 
  14.2541 4290.9585   -5.9253  -40.2066  102.6319  -79.0927  -47.8905   24.1947    0.1026   -5.0174    0.0000    0.0000    0.0000    0.0000    3.9520   -0.5769    0.0645    0.6719  -94.2383 
  14.2966 4290.9160   -4.8021  -43.5928  106.5704  -64.5053  -41.9091   57.6420    0.1026   -5.0174    0.0000    0.0000    0.0000    0.0000    3.9520   -0.6587    0.0098    0.5513    0.0000 
  14.3391 4290.8735   -4.8238  -47.1647  108.9263  -36.7343  -30.0072   -2.7218    0.1026   -5.0174    0.0000    0.0000    0.0000    0.0000    3.9520   -0.6670    0.0649    0.5540  -51.8799 
  14.3816 4290.8311   -7.6198  -48.6119  109.1968   -6.5829  -11.6967  -15.6002    0.1026   -5.0174    0.0000    0.0000    0.0000    0.0000    3.9520   -0.6812    0.1284    0.5735    0.0000 
  14.4241 4290.7886  -10.2191  -49.8942  108.6147    6.6007  -18.5937  -24.6334    0.1026   -5.0174    0.0000    0.0000    0.0000    0.0000    3.9520   -0.7876    0.2507    0.6194   -8.5449 
  14.4666 4290.7461  -11.5662  -50.4334  108.1706    5.1969  -27.3217    5.5180    0.1026   -5.0174    0.0000    0.0000    0.0000    0.0000    3.9520   -0.7732    0.1833    0.6270    0.0000 
  14.5091 4290.7036   -9.1541  -50.2051  107.3586   28.3292  -10.2319  -16.2716    0.1026   -5.0174    0.0000    0.0000    0.0000    0.0000    3.9520   -0.8291    0.1113    0.7209   13.1836 
  14.5516 4290.6611   -6.7734  -49.0489  105.6843   36.7521    6.4918   -7.6656    0.1026   -5.0174    0.0000    0.0000    0.0000    0.0000    3.9520   -0.9768    0.0486    0.8276    0.0000 
  14.5941 4290.6187   -4.9664  -49.7927  104.3134   38.4000   16.7457   -9.4967    0.1026   -5.0174    0.0000    0.0000    0.0000    0.0000    3.9520   -1.2144    0.1616    0.8005   23.2544 
  14.6366 4290.5762   -5.0704  -51.3611  102.6936   33.3951   -6.8749  -48.3150    0.1026   -5.0174    0.0000    0.0000    0.0000    0.0000    3.9520   -1.0273    0.0513    0.6953    0.0000 
  14.6791 4290.5337   -4.7986  -50.6713   99.0321   52.6212    3.1348 -108.6788    0.1026   -5.0174    0.0000    0.0000    0.0000    0.0000    3.9520   -0.7529   -0.0022    0.7263   37.4756 
  14.7216 4290.4912   -7.2166  -47.9690   93.7131   41.9401    7.0411 -130.3463    0.1026   -5.0174    0.0000    0.0000    0.0000    0.0000    3.9520   -0.6929    0.1309    0.7969    0.0000 
  14.7641 4290.4487   -9.8114  -45.6071   89.8787   -0.7846  -11.7577  -68.7008    0.1026   -5.0174    0.0000    0.0000    0.0000    0.0000    3.9520   -0.6125    0.1306    0.7822  -15.9302 
  14.8066 4290.4062  -10.8156  -44.3029   88.4409  -22.0248  -19.2651  -30.7369    0.1026   -5.0174    0.0000    0.0000    0.0000    0.0000    3.9520   -0.5117    0.0779    0.7134    0.0000 
  14.8491 4290.3633  -11.2564  -43.4031   88.8247  -46.2557  -13.9550    9.8515    0.1026   -5.0174    0.0000    0.0000    0.0000    0.0000    3.9520   -0.4414    0.0522    0.6658  -61.4014 
  14.8916 4290.3208  -10.5453  -43.0016   90.5453  -46.6220  -14.1991   25.8427    0.1026   -5.0174    0.0000    0.0000    0.0000    0.0000    3.9520   -0.4714   -0.0159    0.5996    0.0000 
  14.9341 4290.2783   -8.8218  -42.5573   92.6668  -30.7528    5.8814   38.6601    0.1026   -5.0174    0.0000    0.0000    0.0000    0.0000    3.9520   -0.4417   -0.0156    0.6091  -45.8984 
  14.9766 4290.2358   -6.9827  -40.6823   94.2061  -21.9638   27.3048   29.9320    0.1026   -5.0174    0.0000    0.0000    0.0000    0.0000    3.9520   -0.5791    0.0042    0.7473    0.0000 
  15.0191 4290.1934   -4.9472  -39.9502   96.1167  -24.2831   31.3941   51.4164    0.1026   -5.0174    0.0000    0.0000    0.0000    0.0000    3.9520   -0.8486    0.1125    0.9250  -39.4287 
  15.0616 4290.1509   -3.0888  -39.7406   99.3343  -43.3871   25.0465   78.4550    0.1026   -5.0174    0.0000    0.0000    0.0000    0.0000    3.9520   -0.8442    0.0063    1.0391    0.0000 
  15.1041 4290.1084   -1.5196  -39.2776  103.4054  -57.0590   28.4034   76.1357    0.1026   -5.0174    0.0000    0.0000    0.0000    0.0000    3.9520   -0.9871    0.1240    0.9597  -72.2046 
  15.1466 4290.0659   -2.8232  -40.6808  108.1973  -88.9803   -5.2270  104.9442    0.1026   -5.0174    0.0000    0.0000    0.0000    0.0000    3.9520   -0.8362    0.1257    0.7986    0.0000 
  15.1891 4290.0234   -2.7023  -42.6635  113.8851  -76.8954    2.8297   75.0370    0.1026   -5.0174    0.0000    0.0000    0.0000    0.0000    3.9520   -0.6838    0.0442    0.7200  -92.0410 
  15.2316 4289.9810   -5.2610  -42.6236  117.3747  -70.5477   11.8018   28.2841    0.1026   -5.0174    0.0000    0.0000    0.0000    0.0000    3.9520   -0.6846    0.1055    0.7048    0.0000 
  15.2741 4289.9385   -8.0355  -44.2351  121.2763  -95.3280   -5.6542   67.4076    0.1026   -5.0174    0.0000    0.0000    0.0000    0.0000    3.9520   -0.6460    0.1250    0.6260 -110.4736 
  15.3166 4289.8960   -7.1626  -47.2623  127.2903 -104.9105  -16.2743   97.5590    0.1026   -5.0174    0.0000    0.0000    0.0000    0.0000    3.9440   -0.6406    0.0613    0.5093    0.0000 
  15.3591 4289.8535   -5.4450  -50.5451  133.4714  -87.8207  -20.2416  100.0614    0.1026   -5.0174    0.0000    0.0000    0.0000    0.0000    3.9520   -0.6824    0.0332    0.4302 -102.9663 
  15.4016 4289.8110   -4.0809  -53.3648  138.2807  -58.5848   -6.2035   78.3940    0.1026   -5.0174    0.0000    0.0000    0.0000    0.0000    3.9520   -0.7749    0.0881    0.4382    0.0000 
  15.4441 4289.7686   -3.6114  -55.4934  141.6500  -32.2177   -2.9687   59.4120    0.1026   -5.0174    0.0000    0.0000    0.0000    0.0000    3.9520   -0.8994    0.1267    0.4292  -47.3633 
  15.4866 4289.7261   -3.1126  -57.4643  143.5374   -3.3480   -0.5883   37.9887    0.1026   -5.0174    0.0000    0.0000    0.0000    0.0000    3.9520   -1.0115    0.1252    0.4988    0.0000 
  15.5291 4289.6836   -3.7056  -58.7463  143.7004   22.1036    5.2711    2.9545    0.1026   -5.0174    0.0000    0.0000    0.0000    0.0000    3.9520   -1.0959    0.1279    0.6262    6.9580 
  15.5716 4289.6411   -4.3220  -57.3685  142.6826   32.2965    0.0831    9.2411    0.1026   -5.0174    0.0000    0.0000    0.0000    0.0000    3.9520   -1.1423    0.0979    0.7769    0.0000 
  15.6141 4289.5986   -2.9602  -56.2261  141.6119   31.9913    9.5435   -5.7125    0.1026   -5.0174    0.0000    0.0000    0.0000    0.0000    3.9520   -1.2256    0.0767    0.7578   16.8457 
  15.6566 4289.5562   -2.7276  -57.4962  139.7163   36.5079    1.5479  -64.1231    0.1026   -5.0174    0.0000    0.0000    0.0000    0.0000    3.9520   -1.0437   -0.0090    0.6143    0.0000 
  15.6991 4289.5137   -2.7685  -56.1666  135.9996   58.6637   11.7408  -95.1900    0.1026   -5.0174    0.0000    0.0000    0.0000    0.0000    3.9520   -0.8447   -0.0095    0.6531   43.5181 
  15.7416 4289.4712   -5.1501  -53.4201  131.3100   45.3580   10.8253 -113.3785    0.1026   -5.0174    0.0000    0.0000    0.0000    0.0000    3.9520   -0.8381    0.1008    0.7151    0.0000 
  15.7841 4289.4287   -7.3742  -51.2726  127.7939    8.3707  -10.1098  -80.1754    0.1026   -5.0174    0.0000    0.0000    0.0000    0.0000    3.9520   -0.7739    0.0850    0.6863   -6.7749 
  15.8266 4289.3862   -8.3269  -50.1041  125.7541   -9.5126  -16.3354  -59.7896    0.1026   -5.0174    0.0000    0.0000    0.0000    0.0000    3.9520   -0.6545    0.0344    0.6409    0.0000 
  15.8691 4289.3438   -8.9880  -49.2848  124.5863  -18.7899  -17.8613  -46.9723    0.1026   -5.0174    0.0000    0.0000    0.0000    0.0000    3.9520   -0.5415    0.0144    0.6099  -33.9355 
  15.9116 4289.3008   -9.4907  -48.3292  124.2247  -30.5087  -15.3588  -10.1681    0.1026   -5.0174    0.0000    0.0000    0.0000    0.0000    3.9520   -0.4851    0.0332    0.5959    0.0000 
  15.9541 4289.2583   -8.7662  -47.6604  125.4540  -32.8280  -10.4760   26.8192    0.1026   -5.0174    0.0000    0.0000    0.0000    0.0000    3.9520   -0.4387   -0.0132    0.5386  -47.9736 
  15.9966 4289.2158   -7.0989  -46.1883  126.8384  -17.2640   14.3043   32.0072    0.1026   -5.0174    0.0000    0.0000    0.0000    0.0000    3.9520   -0.5679    0.0505    0.6248    0.0000 
  16.0391 4289.1733   -5.7476  -45.1818  128.6771  -24.8934   20.4688   51.9657    0.1026   -5.0174    0.0000    0.0000    0.0000    0.0000    3.9520   -0.7917    0.1194    0.7410  -40.0391 
  16.0816 4289.1309   -5.0637  -46.4581  131.6926  -31.9735   18.9429   71.6801    0.1026   -5.0174    0.0000    0.0000    0.0000    0.0000    3.9520   -0.8945    0.1040    0.8123    0.0000 
  16.1241 4289.0884   -3.5733  -44.5347  134.4561  -27.1517   41.9532   51.4774    0.1026   -5.0174    0.0000    0.0000    0.0000    0.0000    3.9520   -0.9917    0.0991    0.9646  -42.2974 
  16.1666 4289.0459   -4.9168  -44.6222  137.0345  -63.5287   19.7974   43.8481    0.1026   -5.0174    0.0000    0.0000    0.0000    0.0000    3.9520   -1.1030    0.2131    0.8608    0.0000 
  16.2091 4289.0034   -5.0930  -46.9623  141.6447  -78.8485   -9.9877   83.1547    0.1026   -5.0174    0.0000    0.0000    0.0000    0.0000    3.9520   -0.8765    0.0298    0.6736  -93.9941 
  16.2516 4288.9609   -3.2827  -47.9093  145.2527  -54.6176    1.2428   19.9833    0.1026   -5.0174    0.0000    0.0000    0.0000    0.0000    3.9520   -0.7249    0.0510    0.6555    0.0000 
  16.2941 4288.9185   -6.3042  -47.2110  147.4666  -64.3222   -0.1000   26.1479    0.1026   -5.0174    0.0000    0.0000    0.0000    0.0000    3.9600   -0.6494    0.1152    0.5752  -79.4678 
  16.3366 4288.8760   -7.1417  -49.6309  151.3384  -73.1112  -11.1474   61.9755    0.1026   -5.0174    0.0000    0.0000    0.0000    0.0000    3.9520   -0.6055    0.0818    0.4575    0.0000 
  16.3791 4288.8335   -6.2800  -52.4281  155.7603  -69.4491   -7.4242   69.6659    0.1026   -5.0174    0.0000    0.0000    0.0000    0.0000    3.9520   -0.6726    0.0630    0.3730  -84.5947 
  16.4216 4288.7910   -5.0221  -54.8439  159.4725  -43.6312    1.1817   56.5434    0.1026   -5.0174    0.0000    0.0000    0.0000    0.0000    3.9520   -0.7629    0.0352    0.3313    0.0000 
  16.4641 4288.7485   -4.1393  -56.4631  161.5429   -8.5971    8.3228   40.9794    0.1026   -5.0174    0.0000    0.0000    0.0000    0.0000    3.9520   -0.9402    0.1580    0.3643  -23.7427 
  16.5066 4288.7061   -3.8943  -58.2008  162.3638   12.9484   -3.9452   22.1195    0.1026   -5.0174    0.0000    0.0000    0.0000    0.0000    3.9600   -0.9778    0.1572    0.4119    0.0000 
  16.5491 4288.6636   -4.2943  -59.7353  161.8264   34.6769    3.3790   -0.0362    0.1026   -5.0174    0.0000    0.0000    0.0000    0.0000    3.9520   -1.0378    0.1316    0.5476   19.5312 
  16.5916 4288.6211   -3.4041  -58.2603  159.8989   55.0016   19.7364  -18.0416    0.1026   -5.0174    0.0000    0.0000    0.0000    0.0000    3.9520   -1.2317    0.0432    0.7771    0.0000 
  16.6341 4288.5786   -1.6889  -57.4344  157.3690   51.8888   14.6705  -29.3331    0.1026   -5.0174    0.0000    0.0000    0.0000    0.0000    3.9520   -1.3970    0.0627    0.8066   36.7432 
  16.6766 4288.5361   -2.3713  -59.1086  154.8183   48.0436  -16.2743  -43.4933    0.1026   -5.0174    0.0000    0.0000    0.0000    0.0000    3.9520   -1.0906    0.0164    0.5576    0.0000 
  16.7191 4288.4937   -1.3748  -59.0465  150.9747   90.6461   -4.9218  -80.9078    0.1026   -5.0174    0.0000    0.0000    0.0000    0.0000    3.9520   -0.6628   -0.0710    0.5437   75.5005 
  16.7616 4288.4512   -3.4125  -56.3507  144.6533   96.0172   26.5723 -138.7081    0.1026   -5.0174    0.0000    0.0000    0.0000    0.0000    3.9520   -0.7542    0.1240    0.7009    0.0000 
  16.8041 4288.4087   -6.9902  -53.4638  139.2069   44.3815    3.8673  -85.4854    0.1026   -5.0174    0.0000    0.0000    0.0000    0.0000    3.9520   -0.8491    0.1541    0.6824   29.2358 
  16.8466 4288.3662   -6.9239  -52.0338  136.1424   24.6671   -7.4242  -64.0011    0.1026   -5.0174    0.0000    0.0000    0.0000    0.0000    3.9520   -0.7854    0.0667    0.6111    0.0000 
  16.8891 4288.3237   -6.9803  -50.9070  133.6702    5.9903   -7.3632  -65.7101    0.1026   -5.0174    0.0000    0.0000    0.0000    0.0000    3.9520   -0.7056    0.0806    0.5845   -9.1553 
  16.9316 4288.2812   -6.5317  -51.0013  132.6533  -17.8134  -19.0209  -27.1969    0.1026   -5.0174    0.0000    0.0000    0.0000    0.0000    3.9600   -0.6604    0.0305    0.5132    0.0000 
  16.9741 4288.2383   -5.0175  -51.7580  132.9191  -18.0575  -15.4198   -4.7970    0.1026   -5.0174    0.0000    0.0000    0.0000    0.0000    3.9520   -0.6182    0.0024    0.4768  -33.2031 
  17.0166 4288.1958   -3.0477  -52.1810  133.5748  -20.3768   -6.0815    5.5790    0.1026   -5.0174    0.0000    0.0000    0.0000    0.0000    3.9520   -0.6736   -0.0217    0.5083    0.0000 
  17.0591 4288.1533   -0.6706  -51.8718  134.3341   -8.4139    7.0411   14.3070    0.1026   -5.0174    0.0000    0.0000    0.0000    0.0000    3.9520   -0.8115   -0.0132    0.6213  -23.5596 
  17.1016 4288.1108    0.0757  -49.9176  135.3611  -17.5692    6.5528   33.3500    0.1026   -5.0174    0.0000    0.0000    0.0000    0.0000    3.9520   -0.9023   -0.0256    0.7952    0.0000 
  17.1441 4288.0684    0.9515  -49.1921  137.1561  -15.1888    6.0645   57.8251    0.1026   -5.0174    0.0000    0.0000    0.0000    0.0000    3.9600   -1.0989    0.0500    0.8582  -30.3345 
  17.1866 4288.0259    0.5851  -50.5830  139.5899  -17.2030  -20.6689   67.3466    0.1026   -5.0174    0.0000    0.0000    0.0000    0.0000    3.9600   -0.9580    0.1472    0.6831  -32.3486 
  17.2291 4287.9834   -0.2433  -50.9931  140.8439    9.4694  -10.8422   11.0722    0.1026   -5.0174    0.0000    0.0000    0.0000    0.0000    3.9600   -0.6602    0.1682    0.6614   -5.6763 
  17.2716 4287.9409   -2.0503  -49.6534  140.0653    8.6759    7.3463  -26.2203    0.1026   -5.0174    0.0000    0.0000    0.0000    0.0000    3.9600   -0.6826    0.2224    0.7327    0.0000 
  17.3141 4287.8984   -4.8531  -48.7126  139.9180  -23.7948   -3.0297    5.3349    0.1026   -5.0174    0.0000    0.0000    0.0000    0.0000    3.9600   -0.7703    0.2363    0.6521  -38.9404 
  17.3566 4287.8560   -6.9707  -50.2410  141.7735  -36.5512  -15.2978   36.4628    0.1026   -5.0174    0.0000    0.0000    0.0000    0.0000    3.9600   -0.7114    0.1550    0.5112    0.0000 
  17.3991 4287.8135   -7.0230  -52.8183  143.9753  -25.5038   -4.3725   25.2934    0.1026   -5.0174    0.0000    0.0000    0.0000    0.0000    3.9600   -0.7100    0.0901    0.4250  -40.6494 
  17.4416 4287.7710   -7.0312  -54.6880  144.9727   -3.1649    4.8438    9.9125    0.1026   -5.0174    0.0000    0.0000    0.0000    0.0000    3.9600   -0.7761    0.1436    0.4319    0.0000 
  17.4841 4287.7285   -7.9502  -56.1741  145.3704    0.0089    2.5245    5.6400    0.1026   -5.0174    0.0000    0.0000    0.0000    0.0000    3.9520   -0.8411    0.1858    0.4504  -15.1367 
  17.5266 4287.6860   -8.1491  -58.0444  145.6863   11.1173   -2.1142    9.2411    0.1026   -5.0174    0.0000    0.0000    0.0000    0.0000    3.9600   -0.8704    0.1577    0.4568    0.0000 
  17.5691 4287.6436   -9.3533  -58.9564  145.2576   16.1222   -4.7387   -6.0177    0.1026   -5.0174    0.0000    0.0000    0.0000    0.0000    3.9600   -0.9197    0.1799    0.5405    0.9766 
  17.6116 4287.6011   -7.5721  -57.8217  144.4353   19.9064   -2.0531    5.8842    0.1026   -5.0174    0.0000    0.0000    0.0000    0.0000    3.9600   -0.9565    0.0671    0.6348    0.0000 
  17.6541 4287.5586   -4.8586  -56.3430  143.5707   25.7657   12.5953    6.3725    0.1026   -5.0174    0.0000    0.0000    0.0000    0.0000    3.9520   -1.1731    0.0796    0.7734   10.6201 
  17.6966 4287.5161   -4.1781  -57.5954  143.3016    6.4786   -7.9125    8.7528    0.1026   -5.0174    0.0000    0.0000    0.0000    0.0000    3.9600   -1.1147    0.0798    0.6003    0.0000 
  17.7391 4287.4736   -1.8935  -58.4693  142.5972   41.8790   -0.6493  -19.9337    0.1026   -5.0174    0.0000    0.0000    0.0000    0.0000    3.9600   -0.7646   -0.0762    0.5110   26.7334 
  17.7816 4287.4312   -1.6860  -55.8973  138.8003   75.5094   35.5445  -91.7110    0.1026   -5.0174    0.0000    0.0000    0.0000    0.0000    3.9600   -0.8105    0.0176    0.7124    0.0000 
  17.8241 4287.3887   -4.5497  -52.5522  133.9918   52.3771   26.1451  -87.0724    0.1026   -5.0174    0.0000    0.0000    0.0000    0.0000    3.9600   -0.9333    0.2322    0.8174   37.2314 
  17.8666 4287.3462   -7.1362  -50.7610  132.0140   -2.2494   -6.8139  -17.9195    0.1026   -5.0174    0.0000    0.0000    0.0000    0.0000    3.9600   -0.7429    0.1704    0.6895    0.0000 
  17.9091 4287.3037   -8.4256  -48.9000  131.3947  -11.6488    4.8438  -29.6993    0.1026   -5.0174    0.0000    0.0000    0.0000    0.0000    3.9600   -0.5869    0.1262    0.6118  -26.7944 
  17.9516 4287.2612   -9.6065  -46.5625  130.8028  -27.1517   12.6563  -29.0890    0.1026   -5.0174    0.0000    0.0000    0.0000    0.0000    3.9600   -0.6042    0.1135    0.5835    0.0000 
  17.9941 4287.2188   -8.7241  -46.3011  131.4946  -36.8563   12.7174   -0.0362    0.1026   -5.0174    0.0000    0.0000    0.0000    0.0000    3.9600   -0.6252    0.0781    0.5522  -52.0020 
  18.0366 4287.1758   -7.7978  -47.1681  133.0450  -39.5419   17.6612    8.8139    0.1026   -5.0174    0.0000    0.0000    0.0000    0.0000    3.9520   -0.6870    0.0867    0.5652    0.0000 
  18.0791 4287.1333   -7.0655  -48.2059  135.0270  -43.8143   21.9947   20.0443    0.1026   -5.0174    0.0000    0.0000    0.0000    0.0000    3.9600   -0.7314    0.0837    0.5969  -58.9600 
  18.1216 4287.0908   -7.7584  -48.2591  137.3401  -47.4764   24.3140   31.8241    0.1026   -5.0174    0.0000    0.0000    0.0000    0.0000    3.9600   -0.7891    0.1436    0.6833    0.0000 
  18.1641 4287.0483   -8.4034  -45.8909  140.0148  -62.1249   20.5299   48.3647    0.1026   -5.0174    0.0000    0.0000    0.0000    0.0000    3.9600   -0.7632    0.1482    0.7439  -77.2705 
  18.2066 4287.0059   -7.5378  -43.8513  143.6662  -72.4398   26.2672   63.8676    0.1026   -5.0174    0.0000    0.0000    0.0000    0.0000    3.9600   -0.7737    0.0867    0.8533    0.0000 
  18.2491 4286.9634   -6.1946  -41.3627  147.7724  -76.0409   40.7935   79.0653    0.1026   -5.0174    0.0000    0.0000    0.0000    0.0000    3.9600   -0.8159    0.0615    0.9680  -91.1865 
  18.2916 4286.9209   -5.2639  -41.6931  153.0954  -83.2430   21.6285  100.1225    0.1026   -5.0174    0.0000    0.0000    0.0000    0.0000    3.9600   -0.9934    0.1453    0.8428    0.0000 
  18.3341 4286.8784   -5.3146  -43.6596  158.1954  -52.4203    4.8438   73.9994    0.1026   -5.0174    0.0000    0.0000    0.0000    0.0000    3.9600   -0.8503    0.1643    0.7622  -67.5659 
  18.3766 4286.8359   -7.0805  -42.1356  160.2283  -36.3680   25.9010   -6.6280    0.1026   -5.0174    0.0000    0.0000    0.0000    0.0000    3.9600   -0.5632    0.2012    0.8506    0.0000 
  18.4191 4286.7935  -10.0877  -38.7965  160.1945  -46.6830   35.3004  -28.8448    0.1026   -5.0174    0.0000    0.0000    0.0000    0.0000    3.9600   -0.5938    0.2578    0.8665  -61.8286 
  18.4616 4286.7510  -13.0888  -38.4929  161.9558  -69.3270    8.9942   29.0775    0.1026   -5.0174    0.0000    0.0000    0.0000    0.0000    3.9600   -0.6450    0.2126    0.7585    0.0000 
  18.5041 4286.7085  -12.1947  -40.6471  165.9110  -62.0028   10.9473   50.5619    0.1026   -5.0174    0.0000    0.0000    0.0000    0.0000    3.9600   -0.6467    0.1892    0.7063  -77.1484 
  18.5466 4286.6660  -13.5607  -40.2637  167.9452  -49.5516   28.7086   -8.7643    0.1026   -5.0174    0.0000    0.0000    0.0000    0.0000    3.9600   -0.6426    0.2439    0.7336    0.0000 
  18.5891 4286.6235  -16.0288  -40.6179  169.6048  -54.5565   27.7320    5.4569    0.1026   -5.0174    0.0000    0.0000    0.0000    0.0000    3.9520   -0.6724    0.2861    0.7566  -69.7021 
  18.6316 4286.5811  -17.0489  -40.3962  172.0423  -66.2142   18.3326   32.2514    0.1026   -5.0174    0.0000    0.0000    0.0000    0.0000    3.9600   -0.6555    0.2976    0.7373    0.0000 
  18.6741 4286.5386  -16.8145  -41.8473  175.4928  -65.2987   13.5108   28.8334    0.1026   -5.0174    0.0000    0.0000    0.0000    0.0000    3.9600   -0.6145    0.2749    0.6633  -80.4443 
  18.7166 4286.4961  -20.2329  -41.6738  178.2143  -59.8055   20.0416   31.2748    0.1026   -5.0174    0.0000    0.0000    0.0000    0.0000    3.9600   -0.5789    0.3352    0.6382    0.0000 
  18.7591 4286.4536  -21.7035  -43.0670  181.3991  -51.3827   29.2579   18.5795    0.1026   -5.0174    0.0000    0.0000    0.0000    0.0000    3.9600   -0.6248    0.3376    0.6187  -66.5283 
  18.8016 4286.4111  -22.7283  -42.9094  183.3191  -36.7343   28.8306   13.4525    0.1026   -5.0174    0.0000    0.0000    0.0000    0.0000    3.9600   -0.6436    0.3884    0.6711    0.0000 
  18.8441 4286.3687  -23.4118  -40.2304  184.3934  -40.4574   32.6759   25.3544    0.1026   -5.0174    0.0000    0.0000    0.0000    0.0000    3.9600   -0.5864    0.3940    0.7354  -55.6030 
  18.8866 4286.3262  -22.4743  -38.6808  186.2025  -36.5512   41.4039   25.5375    0.1026   -5.0174    0.0000    0.0000    0.0000    0.0000    3.9520   -0.6169    0.3774    0.7283    0.0000 
  18.9291 4286.2837  -21.0947  -38.8308  188.3326  -31.0580   42.2584    8.6918    0.1026   -5.0174    0.0000    0.0000    0.0000    0.0000    3.9600   -0.6257    0.3630    0.7549  -46.2036 
  18.9716 4286.2412  -20.2917  -35.9247  188.9370  -24.8324   48.7891   14.1850    0.1026   -5.0174    0.0000    0.0000    0.0000    0.0000    3.9520   -0.5483    0.2820    0.8262    0.0000 
  19.0141 4286.1987  -18.3115  -33.3117  190.0347  -14.0292   61.9117   24.4999    0.1026   -5.0174    0.0000    0.0000    0.0000    0.0000    3.9600   -0.6233    0.2217    0.9031  -29.1748 
  19.0566 4286.1562  -15.8158  -31.1188  191.0360   -0.6014   66.6724   17.2978    0.1026   -5.0174    0.0000    0.0000    0.0000    0.0000    3.9520   -0.6406    0.1455    0.9531    0.0000 
  19.0991 4286.1133  -12.5571  -28.8399  191.9184   12.9484   63.9259   33.0448    0.1026   -5.0174    0.0000    0.0000    0.0000    0.0000    3.9600   -0.5186    0.1772    0.9094   -2.1973 
  19.1416 4286.0708  -11.0331  -26.2631  192.2437   32.5406   71.1280    5.5790    0.1026   -5.0174    0.0000    0.0000    0.0000    0.0000    3.9600   -0.5200    0.2488    0.9636    0.0000 
  19.1841 4286.0283  -10.8433  -23.2797  191.7774   12.4601   51.6578    7.6542    0.1026   -5.0174    0.0000    0.0000    0.0000    0.0000    3.9600   -0.4067    0.1682    0.9688   -2.6855 
  19.2266 4285.9858   -8.1002  -20.2093  191.8669   30.7706   68.9307    4.9076    0.1026   -5.0174    0.0000    0.0000    0.0000    0.0000    3.9600   -0.4221    0.1504    0.9207    0.0000 
  19.2691 4285.9434   -7.3589  -19.9954  191.9660   15.0846   40.0001   17.6640    0.1026   -5.0174    0.0000    0.0000    0.0000    0.0000    3.9600   -0.4272    0.1248    0.9648   -0.0610 
  19.3116 4285.9009   -6.1202  -18.6360  192.8990   23.3243   45.2491   29.7489    0.1026   -5.0174    0.0000    0.0000    0.0000    0.0000    3.9600   -0.3557    0.1362    0.9622    0.0000 
  19.3541 4285.8584   -7.1995  -17.9583  193.5975    7.5773   39.3897   12.6591    0.1026   -5.0174    0.0000    0.0000    0.0000    0.0000    3.9600   -0.3398    0.1340    0.9695   -7.5684 
  19.3966 4285.8159   -4.7762  -15.4712  193.5038   19.6012   58.7989  -14.1353    0.1026   -5.0174    0.0000    0.0000    0.0000    0.0000    3.9600   -0.2773    0.0466    0.9656    0.0000 
  19.4391 4285.7734   -5.4801  -12.9006  192.3664   22.0426   53.1837  -16.1495    0.1026   -5.0174    0.0000    0.0000    0.0000    0.0000    3.9600   -0.2493    0.2085    1.0564    6.8970 
  19.4816 4285.7310   -7.3904   -9.9499  191.0249   18.6857   53.5499  -45.6295    0.1026   -5.0174    0.0000    0.0000    0.0000    0.0000    3.9600   -0.2065    0.1580    1.0496    0.0000 
  19.5241 4285.6885   -7.6936   -9.8316  189.3012   27.5968   38.3521  -24.5724    0.1026   -5.0174    0.0000    0.0000    0.0000    0.0000    3.9600   -0.2334    0.1724    1.0796   12.4512 
  19.5666 4285.6460   -8.7774   -9.7065  189.3246   10.3849   31.3331   -3.2101    0.1026   -5.0174    0.0000    0.0000    0.0000    0.0000    3.9520   -0.2366    0.1760    1.0479    0.0000 
  19.6091 4285.6035   -7.7531   -9.5411  188.6843   15.5118   19.7364  -15.2340    0.1026   -5.0174    0.0000    0.0000    0.0000    0.0000    3.9600   -0.1704    0.1433    1.0559    0.3662 
  19.6516 4285.5610   -7.4504   -6.2611  188.7089   19.4791   35.0562   26.6972    0.1026   -5.0174    0.0000    0.0000    0.0000    0.0000    3.9520   -0.1172    0.1694    1.0593    0.0000 
  19.6941 4285.5186   -7.8876   -5.7866  188.7120   11.5445   33.9576  -36.4742    0.1026   -5.0174    0.0000    0.0000    0.0000    0.0000    3.9600   -0.1799    0.1172    1.0967   -3.6011 
  19.7366 4285.4761   -5.5700   -5.3195  187.1554   10.0187   27.5489  -23.0465    0.1026   -5.0174    0.0000    0.0000    0.0000    0.0000    3.9600   -0.1196    0.0388    1.0437    0.0000 
  19.7791 4285.4336   -6.1383   -4.6205  186.8268   23.0192   26.6334   -5.4073    0.1026   -5.0174    0.0000    0.0000    0.0000    0.0000    3.9600   -0.0972    0.2192    1.0112    7.8735 
  19.8216 4285.3911   -6.8838   -2.0434  186.0320   12.2159   19.2481  -14.9288    0.1026   -5.0174    0.0000    0.0000    0.0000    0.0000    3.9600   -0.0024    0.1255    1.0410    0.0000 
  19.8641 4285.3486   -4.3531   -0.6451  185.5847   22.4698   28.3424   -4.6139    0.1026   -5.0174    0.0000    0.0000    0.0000    0.0000    3.9600   -0.0427    0.0625    1.0215    7.3242 
  19.9066 4285.3062   -4.1162   -0.7176  185.2920   33.9445   31.9434  -19.2013    0.1026   -5.0174    0.0000    0.0000    0.0000    0.0000    3.9600   -0.0459    0.0864    1.0803    0.0000 
  19.9491 4285.2637   -4.7154   -0.8650  183.8795   18.9298   22.9102  -39.3429    0.1026   -5.0174    0.0000    0.0000    0.0000    0.0000    3.9600   -0.0312    0.1619    1.1160    3.7842 
  19.9916 4285.2212   -5.5190    1.7571  183.1990   -3.1039   18.5767   15.7108    0.1026   -5.0174    0.0000    0.0000    0.0000    0.0000    3.9600    0.0476    0.0967    1.0852    0.0000 
  20.0341 4285.1787   -5.5740    3.5215  183.4480   10.0187   17.2950  -12.9757    0.1026   -5.0174    0.0000    0.0000    0.0000    0.0000    3.9600    0.0981    0.1042    1.0596   -5.1270 
  20.0766 4285.1362   -3.9479    5.7190  182.3713   29.1837   29.0748   -5.0411    0.1026   -5.0174    0.0000    0.0000    0.0000    0.0000    3.9600    0.0737    0.0234    0.9937    0.0000 
  20.1191 4285.0938   -3.1818    5.8732  183.7321   -9.8788  -12.9784   37.3173    0.1026   -5.0174    0.0000    0.0000    0.0000    0.0000    3.9600    0.0803    0.1025    1.0547  -25.0244 
  20.1616 4285.0508   -1.4421    2.2389  184.4728  106.9425  -65.9570    6.3725    0.1026   -5.0174    0.0000    0.0000    0.0000    0.0000    3.9600    0.0574    0.0747    1.2798    0.0000 
  20.2041 4285.0083   -2.3429    0.4587  183.9603  -34.5370   10.2149  -45.4464    0.1026   -5.0174    0.0000    0.0000    0.0000    0.0000    3.9520   -0.0522    0.0879    1.1221  -49.6826 
  20.2466 4284.9658   -2.7378    0.5184  181.7511  -30.4476    0.7545  -27.9903    0.1026   -5.0174    0.0000    0.0000    0.0000    0.0000    3.9600   -0.0149   -0.1047    1.0159    0.0000 
  20.2891 4284.9233   -1.1966    1.0911  181.0593   21.8595   -1.1987   -9.3746    0.1026   -5.0174    0.0000    0.0000    0.0000    0.0000    3.9520    0.0278    0.0459    1.1128    6.7139 
  20.3316 4284.8809   -2.5535    1.4435  180.9190    2.6945   -1.1987   -0.1583    0.1026   -5.0174    0.0000    0.0000    0.0000    0.0000    3.9600    0.0090    0.0444    1.0771    0.0000 
  20.3741 4284.8384   -2.6767    1.1917  180.8439   -2.6156    6.6749   -4.7970    0.1026   -5.0174    0.0000    0.0000    0.0000    0.0000    3.9600    0.0166    0.0452    1.1089  -17.7612 
  20.4166 4284.7959   -3.3571    2.1681  180.6673    0.6803    1.4259   -2.4776    0.1026   -5.0174    0.0000    0.0000    0.0000    0.0000    3.9520    0.0225    0.0608    1.0637    0.0000 
  20.4591 4284.7534   -3.0670    1.8295  180.6473    0.8634    0.3883   -0.2804    0.1026   -5.0174    0.0000    0.0000    0.0000    0.0000    3.9600    0.0173    0.0566    1.0688  -14.2822 
  20.5016 4284.7109   -2.9160    1.7250  180.6412    0.9855    0.2662   -0.1583    0.1026   -5.0174    0.0000    0.0000    0.0000    0.0000    3.9600    0.0144    0.0522    1.0725    0.0000 
  20.5441 4284.6685   -3.1116    1.7393  180.6363    0.2530    0.2052   -0.0973    0.1026   -5.0174    0.0000    0.0000    0.0000    0.0000    3.9600    0.0139    0.0566    1.0642  -14.8926 
  20.5866 4284.6260   -3.1163    1.7083  180.6411    0.3141    0.2662    0.2079    0.1026   -5.0174    0.0000    0.0000    0.0000    0.0000    3.9600    0.0137    0.0562    1.0654    0.0000 
  20.6291 4284.5835   -2.8396    1.7120  180.6461    0.3141    0.1441    0.0858    0.1026   -5.0174    0.0000    0.0000    0.0000    0.0000    3.9600    0.0139    0.0522    1.0698  -14.8315 
  20.6716 4284.5410   -3.0997    1.9575  180.6410    0.5582    0.2052    0.0858    0.1026   -5.0174    0.0000    0.0000    0.0000    0.0000    3.9600    0.0186    0.0557    1.0688    0.0000 
  20.7141 4284.4985   -3.1081    1.8643  180.6470    0.9855    0.3272   -0.2193    0.1026   -5.0174    0.0000    0.0000    0.0000    0.0000    3.9600    0.0164    0.0557    1.0667  -14.1602 
  20.7566 4284.4561   -2.7614    1.5645  180.6566    0.4972    0.2052    0.1469    0.1026   -5.0174    0.0000    0.0000    0.0000    0.0000    3.9600    0.0127    0.0513    1.0649    0.0000 
  20.7991 4284.4136   -2.9376    1.8672  180.6428    0.4362    0.2662    0.0248    0.1026   -5.0174    0.0000    0.0000    0.0000    0.0000    3.9600    0.0171    0.0520    1.0645  -14.7095 
  20.8416 4284.3711   -2.9847    1.8213  180.6512    0.1920    0.0831   -0.0362    0.1026   -5.0174    0.0000    0.0000    0.0000    0.0000    3.9600    0.0186    0.0544    1.0642    0.0000 
  20.8841 4284.3286   -3.1637    1.7885  180.6528    0.2530    0.2662    0.0248    0.1026   -5.0174    0.0000    0.0000    0.0000    0.0000    3.9600    0.0168    0.0569    1.0664  -14.8926 
  20.9266 4284.2861   -2.8638    1.6094  180.6574    0.6803    0.3883   -0.0973    0.1026   -5.0174    0.0000    0.0000    0.0000    0.0000    3.9600    0.0132    0.0513    1.0649    0.0000 
  20.9691 4284.2437   -2.7998    1.7328  180.6523    0.6193    0.2662   -0.0362    0.1026   -5.0174    0.0000    0.0000    0.0000    0.0000    3.9600    0.0139    0.0530    1.0691  -14.5264 
  21.0116 4284.2012   -3.0134    1.8915  180.6446    0.4972    0.3272   -0.1583    0.1026   -5.0174    0.0000    0.0000    0.0000    0.0000    3.9600    0.0168    0.0537    1.0664    0.0000 
  21.0541 4284.1587   -3.2436    1.7148  180.6451    0.4362    0.3883   -0.2804    0.1026   -5.0174    0.0000    0.0000    0.0000    0.0000    3.9520    0.0144    0.0583    1.0652  -14.7095 
  21.0966 4284.1162   -3.0673    1.8020  180.6425    0.7413    0.0831    0.1469    0.1026   -5.0174    0.0000    0.0000    0.0000    0.0000    3.9600    0.0181    0.0549    1.0676    0.0000 
  21.1391 4284.0737   -2.7850    1.9323  180.6401    0.3141    0.2052    0.0248    0.1026   -5.0174    0.0000    0.0000    0.0000    0.0000    3.9600    0.0166    0.0515    1.0659  -14.8315 
  21.1816 4284.0312   -3.0919    2.1042  180.6316    0.2530    0.2662    0.1469    0.1026   -5.0174    0.0000    0.0000    0.0000    0.0000    3.9600    0.0190    0.0552    1.0654    0.0000 
  21.2241 4283.9883   -2.6578    1.7351  180.6580    0.0089    0.2052    0.0858    0.1026   -5.0174    0.0000    0.0000    0.0000    0.0000    3.9600    0.0142    0.0503    1.0647  -15.1367 
  21.2666 4283.9458   -2.9218    1.7786  180.6568   -0.1132    0.2052    0.0248    0.1026   -5.0174    0.0000    0.0000    0.0000    0.0000    3.9600    0.0154    0.0540    1.0649    0.0000 
  21.3091 4283.9033   -3.0074    1.7335  180.6624    0.3751    0.1441    0.0248    0.1026   -5.0174    0.0000    0.0000    0.0000    0.0000    3.9600    0.0149    0.0542    1.0691  -14.7705 
  21.3516 4283.8608   -3.0214    1.8548  180.6551    0.3141    0.1441    0.1469    0.1026   -5.0174    0.0000    0.0000    0.0000    0.0000    3.9600    0.0171    0.0562    1.0674    0.0000 
  21.3941 4283.8184   -3.0054    1.8091  180.6647    0.4362    0.3272    0.2690    0.1026   -5.0174    0.0000    0.0000    0.0000    0.0000    3.9600    0.0161    0.0544    1.0647  -14.7095 
  21.4366 4283.7759   -3.0737    1.8305  180.6718    0.6193    0.2052    0.0858    0.1026   -5.0174    0.0000    0.0000    0.0000    0.0000    3.9600    0.0166    0.0552    1.0647    0.0000 
  21.4791 4283.7334   -3.0826    1.6498  180.6871    0.9855    0.3272   -0.0362    0.1026   -5.0174    0.0000    0.0000    0.0000    0.0000    3.9600    0.0139    0.0549    1.0652  -14.1602 
  21.5216 4283.6909   -2.9530    1.7671  180.6813    0.4972    0.5103    0.0248    0.1026   -5.0174    0.0000    0.0000    0.0000    0.0000    3.9600    0.0168    0.0537    1.0674    0.0000 
  21.5641 4283.6484   -2.9086    1.8510  180.6817    0.1920    0.2052    0.0858    0.1026   -5.0174    0.0000    0.0000    0.0000    0.0000    3.9600    0.0164    0.0530    1.0645  -14.9536 
