   0.0016 4291.0127   -0.0791   -0.1191  180.0002    0.2189   -0.0141    0.0266    0.0000    0.0000    0.0000    0.0000    0.0000    0.0000    3.9760   -0.0325    0.0217    1.0681  -15.2588 
   0.0441 4290.9702   -1.0291   -1.4261  180.0166   -0.5746   -0.0752    0.1486    0.0000    0.0000    0.0000    0.0000    0.0000    0.0000    3.9840   -0.0281    0.0195    1.0669  -16.0522 
   0.0866 4290.9277   -1.2864   -1.4016  180.0146    0.2189   -0.0752   -0.0345    0.0000    0.0000    0.0000    0.0000    0.0000    0.0000    3.9760   -0.0266    0.0237    1.0652  -15.2588 
   0.1291 4290.8853   -1.1877   -1.6142  180.0196    0.1578    0.1080   -0.0345    0.0000    0.0000    0.0000    0.0000    0.0000    0.0000    3.9840   -0.0305    0.0225    1.0674  -15.3198 
   0.1716 4290.8428   -1.0942   -1.2903  180.0098   -0.1473   -0.1362   -0.0955    0.0000    0.0000    0.0000    0.0000    0.0000    0.0000    3.9760   -0.0266    0.0232    1.0627    0.0000 
   0.2141 4290.8003   -1.0441   -1.4970  180.0110   -0.1473    0.0469   -0.1565    0.0000    0.0000    0.0000    0.0000    0.0000    0.0000    3.9840   -0.0298    0.0203    1.0654  -15.6250 
   0.2566 4290.7578   -1.1693   -1.3789  180.0092    0.0968   -0.2583    0.1486    0.0000    0.0000    0.0000    0.0000    0.0000    0.0000    3.9840   -0.0261    0.0222    1.0684  -15.3809 
   0.2991 4290.7148   -1.2556   -1.2979  180.0095   -0.0253   -0.2583    0.0876    0.0000    0.0000    0.0000    0.0000    0.0000    0.0000    3.9840   -0.0237    0.0234    1.0671  -15.5029 
   0.3416 4290.6724   -1.2563   -1.3407  180.0133   -0.2694   -0.1972    0.3317    0.0000    0.0000    0.0000    0.0000    0.0000    0.0000    3.9760   -0.0266    0.0215    1.0623    0.0000 
   0.3841 4290.6299   -1.3895   -1.7864  180.0249    1.0734    0.1690   -0.0345    0.0000    0.0000    0.0000    0.0000    0.0000    0.0000    3.9840   -0.0342    0.0264    1.0652  -14.4043 
   0.4266 4290.5874   -1.4063   -1.4142  180.0141    0.0968   -0.0141   -0.0345    0.0000    0.0000    0.0000    0.0000    0.0000    0.0000    3.9840   -0.0269    0.0237    1.0603  -15.3809 
   0.4691 4290.5449   -1.3024   -1.5167  180.0055   -0.4525   -0.1362   -0.0955    0.0000    0.0000    0.0000    0.0000    0.0000    0.0000    3.9840   -0.0286    0.0239    1.0649  -15.9302 
   0.5116 4290.5024   -1.3578   -1.0991  179.9927    0.0358    0.0469   -0.2176    0.0000    0.0000    0.0000    0.0000    0.0000    0.0000    3.9840   -0.0208    0.0251    1.0676    0.0000 
   0.5541 4290.4600   -1.3695   -1.4994  179.9962   -0.2084   -0.0752    0.1486    0.0000    0.0000    0.0000    0.0000    0.0000    0.0000    3.9840   -0.0288    0.0261    1.0696  -15.6860 
   0.5966 4290.4175   -0.9984   -1.6041  180.0018    0.0358   -0.0141    0.0876    0.0000    0.0000    0.0000    0.0000    0.0000    0.0000    3.9840   -0.0334    0.0181    1.0652  -15.4419 
   0.6391 4290.3750   -0.9767   -1.3436  179.9964   -0.1473   -0.1362    0.0876    0.0000    0.0000    0.0000    0.0000    0.0000    0.0000    3.9840   -0.0242    0.0190    1.0662  -15.6250 
   0.6816 4290.3325   -1.3430   -1.4646  179.9999    0.4630    0.1080   -0.0955    0.0000    0.0000    0.0000    0.0000    0.0000    0.0000    3.9840   -0.0254    0.0244    1.0676    0.0000 
   0.7241 4290.2900   -1.3716   -1.2476  179.9828    0.2189    0.0469   -0.2176    0.0000    0.0000    0.0000    0.0000    0.0000    0.0000    3.9840   -0.0244    0.0259    1.0601  -15.2588 
   0.7666 4290.2476   -1.4391   -1.3198  179.9772    0.5241   -0.0752   -0.2176    0.0000    0.0000    0.0000    0.0000    0.0000    0.0000    3.9840   -0.0251    0.0244    1.0657  -14.9536 
   0.8091 4290.2051   -1.1047   -1.2111  179.9686   -0.3915   -0.1972   -0.1565    0.0000    0.0000    0.0000    0.0000    0.0000    0.0000    3.9840   -0.0239    0.0208    1.0632  -15.8691 
   0.8516 4290.1626   -1.0829   -1.5330  179.9672    0.4630    0.0469   -0.2176    0.0000    0.0000    0.0000    0.0000    0.0000    0.0000    3.9840   -0.0281    0.0205    1.0691    0.0000 
   0.8941 4290.1201   -1.0024   -1.5327  179.9587   -0.2084   -0.0752   -0.0345    0.0000    0.0000    0.0000    0.0000    0.0000    0.0000    3.9840   -0.0325    0.0181    1.0662  -15.6860 
   0.9366 4290.0776   -1.1659   -1.6233  179.9508    0.0358   -0.0141   -0.1565    0.0000    0.0000    0.0000    0.0000    0.0000    0.0000    3.9840   -0.0300    0.0225    1.0657  -15.4419 
   0.9791 4290.0352   -1.0901   -1.4078  179.9408    1.0123    0.0469   -0.2176    0.0000    0.0000    0.0000    0.0000    0.0000    0.0000    3.9760   -0.0227    0.0212    1.0664  -14.4653 
   1.0216 4289.9927   -1.2004   -1.4639  179.9283    0.6461   -0.0752   -0.0955    0.0000    0.0000    0.0000    0.0000    0.0000    0.0000    3.9840   -0.0276    0.0222    1.0676    0.0000 
   1.0641 4289.9502   -1.0945   -1.6956  179.9321    1.0123   -0.0141   -0.4007    0.0000    0.0000    0.0000    0.0000    0.0000    0.0000    3.9840   -0.0327    0.0222    1.0657  -14.4653 
   1.1066 4289.9077   -1.3637   -1.5042  179.9130    0.5241    0.0469   -0.1565    0.0000    0.0000    0.0000    0.0000    0.0000    0.0000    3.9840   -0.0283    0.0247    1.0596  -14.9536 
   1.1491 4289.8652   -1.2432   -1.7692  179.9075    0.8903   -0.0141   -0.0955    0.0000    0.0000    0.0000    0.0000    0.0000    0.0000    3.9840   -0.0322    0.0232    1.0618  -14.5874 
   1.1916 4289.8228   -1.1408   -1.4335  179.8910    0.2189    0.0469   -0.0345    0.0000    0.0000    0.0000    0.0000    0.0000    0.0000    3.9840   -0.0312    0.0190    1.0718    0.0000 
   1.2341 4289.7803   -1.2190   -1.5522  179.8901    0.6461   -0.0141    0.0266    0.0000    0.0000    0.0000    0.0000    0.0000    0.0000    3.9840   -0.0300    0.0205    1.0681  -14.8315 
   1.2766 4289.7378   -1.3924   -1.5358  179.8906    0.2799   -0.0141    0.1486    0.0000    0.0000    0.0000    0.0000    0.0000    0.0000    3.9760   -0.0283    0.0264    1.0667  -15.1978 
   1.3191 4289.6953   -1.2657   -1.3991  179.8833    0.8903   -0.1362   -0.1565    0.0000    0.0000    0.0000    0.0000    0.0000    0.0000    3.9840   -0.0264    0.0239    1.0608  -14.5874 
   1.3616 4289.6523   -1.1685   -1.4797  179.8780    1.6227    0.0469   -0.2786    0.0000    0.0000    0.0000    0.0000    0.0000    0.0000    3.9760   -0.0288    0.0215    1.0652    0.0000 
   1.4041 4289.6099   -1.1100   -1.5992  179.8665    0.4020   -0.0141   -0.0955    0.0000    0.0000    0.0000    0.0000    0.0000    0.0000    3.9840   -0.0269    0.0205    1.0669  -15.0757 
   1.4466 4289.5674   -1.3860   -1.5285  179.8622    0.4630   -0.1362    0.0876    0.0000    0.0000    0.0000    0.0000    0.0000    0.0000    3.9760   -0.0269    0.0259    1.0618  -15.0146 
   1.4891 4289.5249   -1.3011   -1.3988  179.8541    0.3409   -0.0141   -0.2786    0.0000    0.0000    0.0000    0.0000    0.0000    0.0000    3.9840   -0.0247    0.0232    1.0620  -15.1367 
   1.5316 4289.4824   -0.7999   -1.5325  179.8430    0.3409   -0.1362   -0.2176    0.0000    0.0000    0.0000    0.0000    0.0000    0.0000    3.9840   -0.0286    0.0146    1.0657    0.0000 
   1.5741 4289.4399   -0.8763   -1.6847  179.8402    0.0358   -0.1362   -0.0955    0.0000    0.0000    0.0000    0.0000    0.0000    0.0000    3.9760   -0.0322    0.0181    1.0613  -15.4419 
   1.6166 4289.3975   -0.9978   -1.3506  179.8257    0.4020   -0.0752   -0.2176    0.0000    0.0000    0.0000    0.0000    0.0000    0.0000    3.9840   -0.0264    0.0195    1.0630  -15.0757 
   1.6591 4289.3550   -0.9573   -1.5741  179.8244    1.2565    0.1080   -0.3396    0.0000    0.0000    0.0000    0.0000    0.0000    0.0000    3.9840   -0.0291    0.0181    1.0662  -14.2212 
   1.7016 4289.3125   -1.2849   -1.5511  179.8115    0.5851   -0.0752   -0.0955    0.0000    0.0000    0.0000    0.0000    0.0000    0.0000    3.9840   -0.0298    0.0249    1.0632    0.0000 
   1.7441 4289.2700   -1.1848   -1.7256  179.8028    0.9513    0.1080   -0.3396    0.0000    0.0000    0.0000    0.0000    0.0000    0.0000    3.9840   -0.0317    0.0222    1.0659  -14.5264 
   1.7866 4289.2275   -0.9611   -1.4000  179.7913   -0.0253   -0.0141    0.1486    0.0000    0.0000    0.0000    0.0000    0.0000    0.0000    3.9840   -0.0259    0.0176    1.0640  -15.5029 
   1.8291 4289.1851   -1.0080   -1.5578  179.7971    0.5241   -0.0141   -0.0345    0.0000    0.0000    0.0000    0.0000    0.0000    0.0000    3.9840   -0.0281    0.0178    1.0620  -14.9536 
   1.8716 4289.1426   -1.1565   -1.6373  179.7901    0.7072    0.0469   -0.0955    0.0000    0.0000    0.0000    0.0000    0.0000    0.0000    3.9840   -0.0298    0.0222    1.0676    0.0000 
   1.9141 4289.1001   -1.2402   -1.5766  179.7909    0.0968   -0.2583    0.1486    0.0000    0.0000    0.0000    0.0000    0.0000    0.0000    3.9760   -0.0305    0.0225    1.0642  -15.3809 
   1.9566 4289.0576   -1.1500   -1.5449  179.7863    0.4020   -0.0141   -0.1565    0.0000    0.0000    0.0000    0.0000    0.0000    0.0000    3.9840   -0.0288    0.0215    1.0686  -15.0757 
   1.9991 4289.0151   -1.3512   -1.4484  179.7806   -0.2084   -0.0141    0.0876    0.0000    0.0000    0.0000    0.0000    0.0000    0.0000    3.9840   -0.0264    0.0256    1.0613  -15.6860 
   2.0416 4288.9727   -1.0076   -1.2918  179.7722    0.2799   -0.0141   -0.2176    0.0000    0.0000    0.0000    0.0000    0.0000    0.0000    3.9840   -0.0232    0.0205    1.0630    0.0000 
   2.0841 4288.9302   -0.9482   -1.1757  179.7585    0.4020    0.2300   -0.0955    0.0000    0.0000    0.0000    0.0000    0.0000    0.0000    3.9760   -0.0227    0.0176    1.0618  -15.0757 
   2.1266 4288.8877   -1.1821   -1.5468  179.7549    0.8903   -0.0141   -0.4007    0.0000    0.0000    0.0000    0.0000    0.0000    0.0000    3.9840   -0.0298    0.0220    1.0632  -14.5874 
   2.1691 4288.8452   -1.1397   -1.2816  179.7446    0.3409   -0.0752   -0.0955    0.0000    0.0000    0.0000    0.0000    0.0000    0.0000    3.9840   -0.0247    0.0215    1.0676  -15.1367 
   2.2391    0.0009    0.0000    0.0000  179.7356    0.4630   -0.0141   -0.1565    0.0000    0.0000    0.0000    0.0000    0.0000    0.0499    3.9760   -0.0247    0.0212    1.0605  -15.0146 
   2.2816    0.0013    0.0000    0.0000  179.7326    0.1578   -0.0752    0.0266    0.0000    0.0000    0.0000    0.0000    0.0000    0.0680    3.9760   -0.0244    0.0266    1.0735  -15.3198 
   2.3241    0.0009    0.0000    0.0000  179.7356    0.7682   -0.0752   -0.0345    0.0000    0.0000    0.0000    0.0000    0.0000    0.0739    3.9760   -0.0298    0.0210    1.0610  -14.7095 
   2.3666    0.0009    0.0000    0.0000  179.7318    0.4020   -0.0752   -0.0955    0.0000    0.0000    0.0000    0.0000    0.0000    0.0000    3.9840   -0.0276    0.0225    1.0662  -15.0757 
   2.4091    0.0009    0.0000    0.0000  179.7261   -0.1473    0.0469   -0.2176    0.0000    0.0000    0.0000    0.0000    0.0000    0.0000    3.9840   -0.0295    0.0208    1.0635  -15.6250 
   2.4516    0.0013    0.0000    0.0000  179.7225    0.3409    0.0469   -0.0345    0.0000    0.0000    0.0000    0.0000    0.0000    0.0000    3.9760   -0.0288    0.0234    1.0657  -15.1367 
   2.4941    0.0009    0.0000    0.0000  179.7200    0.0968    0.1080   -0.1565    0.0000    0.0000    0.0000    0.0000    0.0000    0.0000    3.9760   -0.0278    0.0210    1.0632  -15.3809 
   2.5366    0.0009    0.0000    0.0000  179.7068    0.4630    0.1080   -0.0955    0.0000    0.0000    0.0000    0.0000    0.0000    0.0000    3.9760   -0.0259    0.0251    1.0635  -15.0146 
   2.5791    0.0009    0.0000    0.0000  179.7084    0.3409    0.1080    0.0266    0.0000    0.0000    0.0000    0.0000    0.0000    0.0000    3.9840   -0.0293    0.0249    1.0654  -15.1367 
   2.6216    0.0013    0.0000    0.0000  179.6958    0.1578   -0.0752   -0.1565    0.0000    0.0000    0.0000    0.0000    0.0000    0.0000    3.9760   -0.0249    0.0225    1.0652  -15.3198 
   2.6641    0.0009    0.0000    0.0000  179.6953    0.0968   -0.0752   -0.0955    0.0000    0.0000    0.0000    0.0000    0.0000    0.0000    3.9760   -0.0269    0.0225    1.0657  -15.3809 
   2.7066    0.0009    0.0000    0.0000  179.6902    0.1578   -0.0752   -0.2786    0.0000    0.0000    0.0000    0.0000    0.0000    0.0000    3.9760   -0.0276    0.0276    1.0681  -15.3198 
   2.7491    0.0009    0.0000    0.0000  179.6802    0.4020   -0.0752   -0.2786    0.0000    0.0000    0.0000    0.0000    0.0000    0.0000    3.9760   -0.0278    0.0242    1.0710  -15.0757 
   2.7916    0.0013    0.0000    0.0000  179.6670    0.4020   -0.1362   -0.0955    0.0000    0.0000    0.0000    0.0000    0.0000    0.0000    3.9760   -0.0237    0.0215    1.0654  -15.0757 
   2.8341    0.0009    0.0000    0.0000  179.6673    0.4020   -0.0752   -0.0345    0.0000    0.0000    0.0000    0.0000    0.0000    0.0000    3.9840   -0.0286    0.0229    1.0669  -15.0757 
   2.8766    0.0009    0.0000    0.0000  179.6607    0.1578   -0.0752   -0.0345    0.0000    0.0000    0.0000    0.0000    0.0000    0.0000    3.9760   -0.0232    0.0251    1.0669  -15.3198 
   2.9191    0.0009    0.0000    0.0000  179.6613    0.3409   -0.0141   -0.0955    0.0000    0.0000    0.0000    0.0000    0.0000    0.0377    3.9760   -0.0244    0.0227    1.0632  -15.1367 
   2.9616    0.0013    0.0000    0.0000  179.6701   -0.1473   -0.1972    0.0876    0.0000    0.0000    0.0000    0.0000    0.0000    0.0438    3.9760   -0.0281    0.0249    1.0654  -15.6250 
   3.0041    0.0009    0.0000    0.0000  179.6594    0.4630   -0.2583   -0.2786    0.0000    0.0000    0.0000    0.0000    0.0000    0.0499    3.9760   -0.0237    0.0269    1.0667  -15.0146 
   3.0466    0.0009    0.0000    0.0000  179.6563    0.8292   -0.0141   -0.2176    0.0000    0.0000    0.0000    0.0000    0.0000    0.0560    3.9760   -0.0264    0.0225    1.0674  -14.6484 
   3.0891    0.0010    0.1094    0.1145  179.6455    0.5851    0.0469   -0.2786    0.2738    0.5538    0.0000    0.0000    0.0000    0.1144    3.9440   -0.0286    0.0188    1.0603    0.0049 
   3.1316    0.0014   -0.2543    0.1551  179.6374    0.5241   -0.0752   -0.0955    1.4254   -0.6965    0.0000   -0.0000    0.0000    0.1530    3.9120   -0.0276    0.0239    1.0684    0.0017 
   3.1741    0.0010    0.0970   -0.0073  179.6376   -0.0253   -0.0141    0.0266    0.9902   -1.0720    0.0000   -0.0000    0.0000    0.1898    3.9120   -0.0278    0.0210    1.0625   -0.0005 
   3.2166    0.0011    0.0450    0.2591  179.6210    0.0968   -0.5634    1.0031    0.9259   -0.5807    0.0000   -0.0000    0.2818    0.2249    3.8800   -0.0334    0.0127    1.0693   -0.0126 
   3.2591    0.0010    0.0978    0.2699  179.6184    0.2189    0.5962   -0.4007    1.3590   -0.7083    0.0000   -0.0000    0.2818    0.2249    3.8880    0.0115   -0.0071    1.0654    0.0119 
   3.3016    0.0014   -0.0755    0.1816  179.6805    1.0734    0.9624    2.4680    1.4728   -0.7127    0.0000   -0.0000    0.2818    0.2249    3.8800   -0.0256    0.0347    1.1216   -0.0382 
   3.3441    0.0010    0.4735    0.3391  179.7641    0.8292    0.2300    3.2004    0.3952   -0.1239    0.0000   -0.0000    0.2818    0.2298    3.8800   -0.0647    0.0137    1.1006   -0.0509 
   3.3866    0.0011    0.5594    0.7147  179.9533   -0.5135   -0.5634    6.3132    1.2926   -1.2315    0.0000   -0.0000    0.5636    0.2298    3.8800    0.0459    0.0654    1.0808   -0.1003 
   3.4291    0.0010   -0.1248    0.1108  180.3298    0.0968    1.0845    9.9753    1.4672   -1.6806    0.0000   -0.0000    0.5636    0.2441    3.8800   -0.0774    0.0137    1.0796   -0.1643 
   3.4716    0.0014    0.2322   -0.0019  180.5849    1.2565   -3.3100    2.5900    1.1627   -1.3941    0.0000   -0.0000    0.8454    0.2441    3.8720    0.0344    0.0906    1.0742   -0.0304 
   3.5141    0.0010    0.6217    0.1604  180.7010   -0.4525   -0.2583    5.8249    1.4297   -2.0671    0.0000   -0.0000    0.8454    0.2441    3.8720   -0.0417   -0.0498    1.0266   -0.0869 
   3.5566    0.0011    0.7552   -0.4103  181.2614   -1.1849    3.9532   16.0178    1.7326   -2.1531    0.0000   -0.0000    1.1272    0.2489    3.8800   -0.0735   -0.0120    0.9526   -0.2599 
   3.5991    0.0010   -0.2027    0.9534  181.6775    1.4396   -1.1127    3.5056    1.1908   -2.6523    0.0000   -0.0000    1.4090    0.2489    3.8720   -0.0073   -0.0466    1.0977   -0.0366 
   3.6416    0.0014    0.3630    0.4704  181.6275   -5.8846   14.4512   -2.9031    1.1137   -2.1368    0.0000   -0.0000    1.4090    0.2674    3.8640    0.0325    0.1353    1.2212    0.0753 
   3.6841    0.0010    0.2323   -0.6490  181.9499    8.4586  -22.2919   11.2570    0.0315   -1.8159    0.0000   -0.0000    1.4090    0.2854    3.8560   -0.1255    0.0930    1.3379   -0.1719 
   3.7266    0.0010   -0.4709    0.2377  182.2734    3.3317   17.2588    5.1535    0.5412   -1.4014    0.0000   -0.0000    1.4090    0.3029    3.8320   -0.0076    0.0022    1.4683   -0.0654 
   3.7691    0.0010    0.9374    0.7167  182.3897   -3.8705  -25.2216    2.7121    0.8044   -1.4455    0.0000   -0.0000    1.6908    0.3029    3.8320    0.0117    0.1570    1.1860   -0.0178 
   3.8116    0.0014    1.0710    0.2845  182.6047   12.8532   -2.8217    7.9001    0.4053   -1.2369    0.0000   -0.0000    1.6908    0.3072    3.8400    0.0356   -0.2253    1.1116   -0.1084 
   3.8541    0.0010    1.0312   -0.3800  183.0247   13.0973    9.7515    8.8156    0.2961   -0.5493    0.0000   -0.0000    1.6908    0.3114    3.8320   -0.0435   -0.1042    1.1592   -0.1244 
   3.8966    0.0010    1.8625    1.1196  183.3148  -15.3451  -14.3574    4.4821    0.2531   -3.1630    0.0000   -0.0000    1.6908    0.3157    3.8240    0.3271    0.0093    0.7200   -0.0487 
   3.9391    0.0010    2.4277    1.5046  183.3567   -6.8612    9.5684    0.5148    0.1781   -3.6053   -0.0000   -0.0000    1.6908    0.3322    3.8240   -0.2119   -0.1733    0.9766    0.0205 
   3.9816    0.0014    1.4497   -0.5187  183.5220   14.6842   -7.9487    7.2287    0.1748   -1.9188    0.0000   -0.0000    1.6908    0.3600    3.7840   -0.0730    0.2603    1.1533   -0.0967 
   4.0241    0.0010    0.0141   -1.2885  183.7764    4.0641    7.7984    4.4821    1.5358   -1.7612    0.0000   -0.0000    1.9726    0.3638    3.7920   -0.1370    0.1736    0.8872   -0.0438 
   4.0666    0.0010   -0.3326   -1.1327  183.8911   10.9000    0.3521    2.4680    1.6719   -2.7924    0.0000   -0.0000    1.9726    0.3899    3.7680   -0.0212    0.1304    1.1401   -0.0086 
   4.1091    0.0010    0.2293   -1.1172  183.9337   -1.0018   -9.4135    3.5056    1.0638   -3.3794    0.0000   -0.0000    1.9726    0.4006    3.7600    0.2417    0.0266    0.9973   -0.0268 
   4.1516    0.0014    0.0015   -1.4854  184.1298    7.2379    5.9673    3.2004   -0.6606   -3.2863    0.0000   -0.0000    2.2544    0.4110    3.7520   -0.1013   -0.0002    0.9338   -0.0165 
   4.1941    0.0010   -0.1923   -0.7038  184.3308  -13.5140   -3.0048    4.8483   -0.5917   -3.0094    0.0000   -0.0000    2.2544    0.4212    3.7440    0.2690   -0.1697    0.8345   -0.0453 
   4.2366    0.0011    0.0706   -0.4096  184.4034    2.2941    0.1690    1.6135   -0.4269   -2.9568    0.0000   -0.0000    2.5362    0.4376    3.7200    0.2554    0.2874    0.9043    0.0161 
   4.2791    0.0010   -0.6423   -0.0349  184.5230   -7.7157   14.3291    1.4304    0.2682   -2.3141    0.0000   -0.0000    2.5362    0.4439    3.7280   -0.1060   -0.3196    1.1106    0.0193 
   4.3216    0.0014   -1.1532   -0.2156  184.8068    6.6886  -30.4096   10.2805    0.1427   -1.6811    0.0000   -0.0000    2.5362    0.4439    3.7200   -0.0925    0.1992    1.1277   -0.1352 
   4.3641    0.0010   -0.4337   -0.4084  184.9925  -14.5516   14.2681    0.4538    0.4171   -2.5167    0.0000   -0.0000    2.8180    0.4471    3.7120    0.1660   -0.0076    1.0625    0.0413 
   4.4066    0.0010   -0.8281   -0.2600  185.2434   -0.1473    0.4131    7.9611   -0.1059   -1.8704    0.0000   -0.0000    2.8180    0.4471    3.7280   -0.0789   -0.2617    1.0457   -0.0898 
   4.4491    0.0010   -0.1497   -0.4590  185.5766   12.0597    3.9532    5.3366   -0.5007   -3.4214    0.0000   -0.0000    2.8180    0.4563    3.7120   -0.0479   -0.1191    1.1777   -0.0440 
   4.4916    0.0014    0.5399    0.1761  185.6630  -17.2372   12.1929    0.6980    0.2202   -2.6116    0.0000   -0.0000    2.8180    0.4683    3.7040    0.0916    0.1079    0.8796    0.0370 
   4.5341    0.0010    0.1325    1.0809  185.7885   -3.2601   -4.4086    5.3977    0.1232   -3.3021    0.0000   -0.0000    2.5362    0.4712    3.6960    0.1553    0.3777    0.8933   -0.0499 
   4.5766    0.0010    0.5578    0.1759  186.0647   13.1583  -20.6440    5.7028    0.8060   -2.8973    0.0000   -0.0000    2.8180    0.4826    3.6880    0.0371    0.3513    0.9915   -0.0503 
   4.6191    0.0010    0.6908    0.1002  186.2514  -11.6219   24.2168    3.5666    0.2074   -2.7354    0.0000   -0.0000    2.8180    0.4826    3.6880   -0.1572   -0.0662    1.0107   -0.0131 
   4.6616    0.0014    0.5106    0.3178  186.4538   -1.3070   -0.2583    3.0783   -0.6377   -2.5898    0.0000   -0.0000    2.8180    0.4854    3.6800   -0.0762   -0.1328    0.9575   -0.0045 
   4.7041    0.0010    0.4479    0.0501  186.6440   17.1256  -21.1933    4.9094   -0.4662   -2.3562    0.0000   -0.0000    2.8180    0.4882    3.6800   -0.1230   -0.0354    1.1545   -0.0365 
   4.7466    0.0010    0.4298    0.1325  186.7304   -0.0253   16.5264    0.3928   -0.5908   -2.6754    0.0000   -0.0000    2.8180    0.4963    3.6720   -0.0662    0.2083    1.0498    0.0423 
   4.7891    0.0010   -0.2854    1.3057  186.7883  -20.1058   13.9019    4.1159    0.3823   -3.3388    0.0000   -0.0000    2.8180    0.5016    3.6720   -0.0513   -0.3411    1.0364   -0.0227 
   4.8316    0.0014   -0.5627    1.1803  187.0012    7.5431  -22.7802    4.9704    0.5017   -3.7571    0.0000   -0.0000    2.8180    0.5169    3.6400   -0.2644    0.0845    0.8701   -0.0376 
   4.8741    0.0011    1.3273    0.6398  187.0432   43.4928   -2.3335    0.7590    0.8656   -4.1817    0.0000   -0.0000    2.8180    0.5194    3.6400    0.1357    0.2119    1.0918    0.0359 
   4.9166    0.0010    2.3235    1.1211  187.1085  -19.6175   22.8130    2.6511   -0.4309   -3.3052   -0.0000   -0.0000    2.8180    0.5243    3.6480   -0.0942   -0.2620    1.1750    0.0029 
   4.9591    0.0010   -0.3320    1.3720  187.2083  -73.2675   -0.1362    1.1862   -0.6445   -2.6038    0.0000   -0.0000    2.8180    0.5243    3.6320   -0.0369    0.0198    1.1079    0.0285 
   5.0016    0.0014   -0.3372    1.0742  187.3535   40.0138    0.9624    3.9939   -0.5708   -4.4420    0.0000   -0.0000    2.8180    0.5337    3.6320   -0.0293   -0.1758    1.2256   -0.0205 
   5.0441    0.0010    2.7818    1.1728  187.4460   85.1188    7.9815    0.7590    0.2721   -3.8453   -0.0000   -0.0000    2.8180    0.5383    3.6320    0.0540    0.0444    1.0537    0.0359 
   5.0866    0.0010    3.5086    1.7443  187.4957  -20.1058   18.4185    1.2473    1.0053   -4.0739   -0.0000   -0.0000    2.5362    0.5383    3.6240   -0.0652    0.2930    1.0872    0.0225 
   5.1291    0.0010   -0.4283    2.1016  187.5113 -133.7533    1.8780    0.6369    0.9219   -4.9045    0.0000   -0.0000    2.8180    0.5405    3.6080   -0.0457   -0.1875    1.2595    0.0381 
   5.1716    0.0014   -3.3197    1.4460  187.5484   13.0973  -23.4516    2.8952    0.7734   -4.6417    0.0000   -0.0000    2.8180    0.5405    3.6240    0.0588   -0.4583    1.2053   -0.0013 
   5.2141    0.0010    1.4043    0.3930  187.6132  185.2775   -9.8408    2.4069    0.5390   -5.2668    0.0000   -0.0000    2.8180    0.5405    3.5920   -0.2937   -0.3328    1.0920    0.0072 
   5.2566    0.0010    7.4505    1.3227  187.5566   69.4938   34.3487    1.4914    1.6400   -5.2884   -0.0000   -0.0000    2.8180    0.5428    3.6160   -0.2368   -0.3147    0.9482    0.0232 
   5.2991    0.0010    3.1369    3.9366  187.5533 -197.5350   42.1612   -1.8045    1.5766   -4.7452   -0.0000   -0.0000    2.8180    0.5405    3.5760    0.1294   -0.0186    1.1243    0.0807 
   5.3416    0.0014   -5.6838    3.6845  186.9874 -186.8539  -24.7334   -4.3069    1.2777   -4.6365    0.0000   -0.0000    2.8180    0.5405    3.5840   -0.3394   -0.2346    1.1704    0.1244 
   5.3841    0.0010   -6.2474    1.4888  187.1054  141.6984  -51.0395    6.9846    1.6337   -5.6904    0.0000   -0.0000    2.8180    0.5405    3.6080   -0.0955    0.2881    0.9431   -0.0727 
   5.4266    0.0010    5.9260    0.6089  186.9664  303.1364   20.1275   -3.4524    1.1310   -5.0534   -0.0000   -0.0000    2.8180    0.5405    3.5520   -0.1973    0.0078    0.9568    0.1094 
   5.4691    0.0010   10.9319    3.5260  186.9902  -62.7084   90.4400    9.0598    2.1012   -4.9307   -0.0000   -0.0000    2.8180    0.5405    3.6000    0.0850    0.4045    1.0647   -0.1089 
   5.5116    0.0014   -0.3675    5.5094  186.3529 -386.4388    5.3570   -9.1897    1.4374   -5.0728    0.0000   -0.0000    2.8180    0.5405    3.4800   -0.1650    0.1001    1.1169    0.2096 
   5.5541    0.0011  -12.9934    2.7737  185.5352 -162.8060 -100.7221   11.8064    2.6808   -5.3115    0.0000   -0.0000    2.8180    0.5405    3.5840   -0.1553   -0.0764    1.4041   -0.1569 
   5.5966    0.0010   -6.8118   -0.4910  185.8882  350.7438  -50.0629    6.4963    2.7937   -4.8302    0.0000   -0.0000    2.8180    0.5405    3.4880   -0.2163    0.3855    1.1765   -0.0642 
   5.6391    0.0010   10.6118    1.5434  185.1842  377.6603  116.7461   -2.1097    1.5567   -4.5150   -0.0000   -0.0000    2.8180    0.5405    3.4800    0.0347    0.3877    0.9753    0.0860 
   5.6816    0.0014   12.7552    7.0972  185.5737 -164.2098  132.3101   18.5202    1.4969   -5.2902   -0.0000   -0.0000    2.5362    0.5405    3.5440   -0.0652    0.3699    1.1162   -0.2790 
   5.7241    0.0010   -5.2261    7.4215  183.4525 -499.8421  -73.8056  -14.0115    1.6262   -5.5753    0.0000   -0.0000    2.8180    0.5405    3.4080   -0.1028    0.2874    1.0408    0.2937 
   5.7666    0.0011  -17.5500   -0.2449  183.0051 -132.3495 -205.3974   25.4172    1.3963   -5.1887    0.0000   -0.0000    2.8180    0.5405    3.5440   -0.2051   -0.2102    1.1936   -0.3944 
   5.8091    0.0010   -5.9898   -4.8963  182.6867  457.3722   -9.7797   -6.9314    1.7545   -5.3934    0.0000   -0.0000    2.8180    0.5405    3.5360   -0.1262   -0.2600    1.3999    0.1702 
   5.8516    0.0014   12.8288    0.7539  180.6685  300.5729  242.1123    4.6042    1.7585   -5.5847   -0.0000   -0.0000    2.8180    0.5405    3.5040    0.1060    0.2759    1.0969   -0.0312 
   5.8941    0.0010   11.8938   11.0810  181.2732 -264.1854  151.4141   16.4450    2.6334   -6.5962   -0.0000   -0.0000    2.8180    0.5405    3.4880    0.0303    0.0715    1.3135   -0.2378 
   5.9366    0.0011   -5.6043    8.9476  178.0585 -417.6278 -198.3784  -12.7298    1.6267   -5.7496    0.0000   -0.0000    2.8180    0.5405    3.4800   -0.2078    0.3401    1.0376    0.2714 
   5.9791    0.0010  -12.9850   -3.5397  178.1219   15.7218 -313.3076   36.4035    1.7828   -5.5883    0.0000   -0.0000    2.8180    0.5405    3.4640    0.0205   -0.0452    1.0276   -0.5862 
   6.0216    0.0014   -1.9822   -9.0090  176.6881  351.6593   -3.2490  -15.0491    1.5059   -6.1356    0.0000   -0.0000    2.8180    0.5405    3.4960    0.1238    0.3188    1.0071    0.3118 
   6.0641    0.0010    8.7520    1.6738  174.7784  143.2243  330.4302    9.1818    1.4938   -6.3984   -0.0000   -0.0000    2.8180    0.5405    3.4480    0.0525    0.2051    0.9995   -0.1111 
   6.1066    0.0010    3.2665   12.4245  174.5762 -279.6884  186.6314    7.5949    1.4177   -6.1254    0.0000   -0.0000    2.8180    0.5405    3.4960   -0.3416    0.2070    1.2151   -0.0834 
   6.1491    0.0010   -8.9973    7.9393  171.8154 -202.5399 -293.4712   -3.0862    1.9468   -6.0934    0.0000   -0.0000    2.8180    0.5428    3.4560    0.0759   -0.1008    1.2798    0.1030 
   6.1916    0.0014   -8.4034   -7.2188  172.2050  218.4806 -325.3315   22.7927    1.6848   -6.5164    0.0000   -0.0000    2.8180    0.5428    3.4640    0.2615   -0.1829    1.0127   -0.3486 
   6.2341    0.0010    4.8225  -11.5661  169.0871  309.4840   86.4117  -25.2420    0.4537   -7.0824    0.0000   -0.0000    2.8180    0.5405    3.4960    0.0752   -0.3118    0.9941    0.4897 
   6.2766    0.0010    9.7404    1.4461  167.8698  -65.5770  373.9483   16.4450   -0.1569   -6.3537   -0.0000   -0.0000    2.8180    0.5405    3.3920    0.0488   -0.2646    1.0547   -0.2378 
   6.3191    0.0010   -1.6382   11.8185  166.6523 -365.3207  127.3052  -13.5232    2.4950   -6.9422    0.0000   -0.0000    2.8180    0.5405    3.4800   -0.3064   -0.0339    1.1418    0.2852 
   6.3616    0.0014  -12.1778    5.8637  164.2440 -134.9740 -298.3539    3.3835    1.0424   -5.9976    0.0000   -0.0000    2.8180    0.5405    3.4960    0.1792   -0.3298    0.8735   -0.0099 
   6.4041    0.0010   -4.5827   -7.9512  164.1100  336.8278 -300.3071    9.9753    1.7069   -6.1424    0.0000   -0.0000    2.8180    0.5405    3.5040    0.0127    0.2112    1.2183   -0.1249 
   6.4466    0.0010   11.2172  -10.1526  159.9120  341.9547   91.2945  -29.5755    0.8634   -7.0383   -0.0000   -0.0000    2.8180    0.5405    3.4640    0.0996   -0.5779    1.0483    0.5654 
   6.4891    0.0010   12.5006    1.4582  159.2770 -216.9442  301.1333   16.8723    1.2315   -7.0661   -0.0000   -0.0000    2.8180    0.5383    3.4480   -0.1426   -0.0562    0.9131   -0.2453 
   6.5316    0.0014   -4.0856    8.1514  157.7621 -438.2577    7.7984  -27.9275    1.1940   -6.4647    0.0000   -0.0000    2.8180    0.5383    3.4240   -0.1489    0.1628    1.1799    0.5366 
   6.5741    0.0011  -15.1905    1.4198  156.2600  -43.9706 -283.7665   21.2058    0.9702   -6.7564    0.0000   -0.0000    2.8180    0.5383    3.4800    0.0186    0.1248    0.9585   -0.3209 
   6.6166    0.0011   -3.3606   -8.5029  155.6623  432.8971 -158.5835   -1.4993    1.0423   -6.6600    0.0000   -0.0000    3.0998    0.5360    3.4640    0.0085   -0.0967    1.1460    0.0803 
   6.6591    0.0011   13.8751   -6.3474  151.7673  295.0187  188.0962  -15.1102    0.0667   -6.7557   -0.0000   -0.0000    3.0998    0.5218    3.4880   -0.0195   -0.3745    1.1060    0.3178 
   6.7016    0.0014   11.3132    5.5106  152.1858 -280.9090  228.4405   18.8864    0.7711   -6.0155   -0.0000   -0.0000    2.8180    0.5119    3.4720    0.1682   -0.0422    1.3362   -0.2804 
   6.7441    0.0011   -7.0328    7.2449  149.7341 -461.2069  -74.2939  -26.4017    0.6613   -7.6258    0.0000   -0.0000    3.0998    0.4936    3.4480    0.0603   -0.2876    1.2097    0.5149 
   6.7866    0.0011  -14.7710   -2.3915  149.5636  -10.2181 -263.9911   32.9855    0.7886   -6.8569    0.0000   -0.0000    3.3816    0.4683    3.5200    0.0059   -0.1169    0.9939   -0.5167 
   6.8291    0.0011   -1.2642   -8.4081  148.1210  471.4102  -33.4614  -15.2933   -0.3213   -9.2010    0.0000   -0.0000    3.6634    0.4110    3.5600    0.1792    0.0664    0.9014    0.3309 
   6.8716    0.0014   15.1158   -2.1627  144.9698  267.3698  252.4273    4.9094    0.0886   -7.2597   -0.0000   -0.0000    3.6634    0.4076    3.5600    0.0222   -0.0190    1.0330   -0.0217 
   6.9141    0.0011   13.5537    8.8545  145.7432 -242.5179  191.9414   21.0837    0.1518   -7.1496   -0.0000   -0.0000    3.6634    0.4076    3.5920   -0.1833    0.1204    1.0659   -0.3040 
   6.9566    0.0010   -1.0598    9.6775  143.0300 -383.3871  -98.4028  -20.4812   -0.0116   -6.8532    0.0000   -0.0000    3.9452    0.4076    3.5680   -0.1682    0.1885    0.8789    0.4263 
   6.9991    0.0011  -10.6175    0.3745  142.5065  -47.3275 -261.4887   33.1687    0.8531   -6.3157    0.0000   -0.0000    4.2270    0.4041    3.6080    0.0662   -0.5042    0.8325   -0.5051 
   7.0416    0.0014   -2.0917   -7.1824  142.3872  322.7897 -107.6801   -1.2552    0.7022   -7.3891    0.0000   -0.0000    4.7906    0.3114    3.7040    0.0378   -0.0632    1.0991    0.1055 
   7.0841    0.0010   11.3254   -3.7096  139.6587  312.4137  178.6968  -11.0208   -0.3690   -6.8229   -0.0000   -0.0000    4.5088    0.3072    3.6720   -0.1641    0.1208    0.9531    0.2710 
   7.1266    0.0010   16.5852    7.5964  140.3043   13.3414  256.5777   31.3986   -0.2882   -6.9438   -0.0000   -0.0000    4.5088    0.3114    3.6800   -0.0295   -0.0510    0.6609   -0.4693 
   7.1691    0.0010    8.4602   13.5100  139.5803 -258.3871   52.4761   -1.0110    0.8940   -7.6316   -0.0000   -0.0000    4.5088    0.3072    3.7200   -0.0601   -0.1316    0.7000    0.0963 
   7.2116    0.0014   -2.5152    8.5495  137.3372 -204.1268 -202.5288    3.6276   -0.2459   -7.9661    0.0000   -0.0000    4.5088    0.3029    3.7120   -0.0154    0.0388    0.8083    0.0154 
   7.2541    0.0010   -5.0131   -2.5664  137.9274   48.9860 -267.8974   26.0275   -0.1540   -6.5591    0.0000   -0.0000    4.5088    0.3029    3.6880    0.0159   -0.3877    0.6462   -0.3756 
   7.2966    0.0010    1.5673   -9.0538  137.1994  206.5177  -83.8764  -13.6453    1.0608   -7.7843    0.0000   -0.0000    4.5088    0.3029    3.7520   -0.1436    0.0498    0.8564    0.3168 
   7.3391    0.0010    8.5198   -4.8925  135.2627  148.5953  186.0210   -7.2977    0.4198   -6.1618   -0.0000   -0.0000    4.7906    0.3072    3.7200    0.1130    0.0034    0.4133    0.2110 
   7.3816    0.0014    9.5389    6.5315  135.5678  -58.1918  270.3716   15.0412    1.5404   -7.0257   -0.0000   -0.0000    4.7906    0.3029    3.6880    0.1741    0.1550    0.6565   -0.1789 
   7.4241    0.0010    3.2341   13.1870  134.4692 -184.1073  103.8677  -10.9598    1.7350   -7.4480   -0.0000   -0.0000    4.7906    0.3029    3.7520    0.0361   -0.0242    0.6194    0.2749 
   7.4666    0.0010   -3.5766    9.1108  132.8902 -122.5228 -171.8891    1.1862    1.7920   -6.7345    0.0000   -0.0000    4.5088    0.3029    3.7360    0.0464   -0.1360    0.6870    0.0580 
   7.5091    0.0010   -3.1037   -3.1609  133.5074   97.9362 -286.5742   16.8112    0.9288   -8.2422    0.0000   -0.0000    4.5088    0.2942    3.6800    0.0073   -0.2532    0.5168   -0.2147 
   7.5516    0.0014    2.0115  -11.9543  132.1084  -54.8348  -68.8007 -115.1468    2.0959   -7.3226    0.0000   -0.0000    4.5088    0.2854    3.6880   -0.3906    0.4102    1.1646    2.0884 
   7.5941    0.0010   -9.1026  -19.1059  134.4922 -303.4921 -103.7739   47.3899    0.9098   -6.4401    0.0000   -0.0000    4.5088    0.2489    3.7360    0.0471   -0.6177    1.8096   -0.7484 
   7.6366    0.0010  -17.1695  -17.4441  139.7087  -88.2821  178.0865   35.1828    1.4245   -7.3596    0.0000   -0.0000    4.5088    0.2249    3.7680    0.0122   -0.1702    0.2737   -0.5354 
   7.6791    0.0010    0.0000    0.0000  139.6155  219.5792  274.5831    2.4680    1.5150   -7.7677    0.0000    0.0000    0.0000    0.0680    3.8960   -0.1807   -0.1006    0.6223  204.1016 
   7.7216    0.0013    0.0000    0.0000  139.3560  455.9074  259.0801   11.2570    1.5150   -7.7677    0.0000    0.0000    0.0000    0.0000    3.9120    0.1326   -0.0542    0.5854  440.4297 
   7.7641    0.0009    0.0000    0.0000  143.2897  342.3820   69.9932   60.8786    1.5150   -7.7677    0.0000    0.0000    0.0000    0.0000    3.9120    0.6521   -0.1121    1.9106  326.9043 
   7.8066    0.0009    0.0000    0.0000  150.2448 -488.3675 -484.0839  228.2370    1.5150   -7.7677    0.0000    0.0000    0.0000    0.0000    3.9120    0.0007   -0.0200    2.5396 -503.8452 
   7.8491    0.0009    0.0000    0.0000  156.6012  176.9156  -12.5874  129.1769    1.5150   -7.7677    0.0000    0.0000    0.0000    0.0000    3.9120   -0.0154    0.0842   -0.4392  161.4380 
   7.8916    0.0013    0.0000    0.0000  162.4619 -382.4716  -11.1835  124.1721    1.5150   -7.7677    0.0000    0.0000    0.0000    0.0000    3.9120    0.3364    0.3992    2.7629 -397.9492 
   7.9341    0.0009    0.0000    0.0000  168.3259   28.1119   22.6299  108.9133    1.5150   -7.7677    0.0000    0.0000    0.0000    0.0000    3.9120   -0.0083    0.0381    0.7170   12.6343 
   7.9766    0.0009    0.0000    0.0000  172.9441   20.2994  -55.6171  118.1296    1.5150   -7.7677    0.0000    0.0000    0.0000    0.0000    3.9120   -0.0789    0.2705    0.9375    4.8218 
   8.0191    0.0009    0.0000    0.0000  176.9636  -52.9427   22.6299   70.8273    1.5150   -7.7677    0.0000    0.0000    0.0000    0.0000    3.9120    0.0845    0.1655    1.0364  -68.4204 
   8.0616    0.0013    0.0000    0.0000  179.4285   62.1085  -24.6723   51.0520    1.5150   -7.7677    0.0000    0.0000    0.0000    0.0000    3.9120   -0.0635   -0.1199    1.0171   46.6309 
   8.1041    0.0010    0.0000    0.0000  181.2967  -13.0258   38.7432   37.6853    1.5150   -7.7677    0.0000    0.0000    0.0000    0.0000    3.9120    0.0308    0.0347    1.0588  -28.5034 
   8.1466    0.0009    0.0000    0.0000  182.5328    6.2614  -35.1093   22.7316    1.5150   -7.7677    0.0000    0.0000    0.0000    0.0000    3.9120   -0.1116    0.0522    1.0754   -9.2163 
   8.1891    0.0009    0.0000    0.0000  182.6896   -5.5184   13.7798   -2.3538    1.5150   -7.7677    0.0000    0.0000    0.0000    0.0000    3.9200    0.0579   -0.0117    1.0266  -20.9961 
   8.2316    0.0013    0.0000    0.0000  182.6087    2.7213   -4.8969   -1.3772    1.5150   -7.7677    0.0000    0.0000    0.0000    0.0000    3.9200   -0.0671   -0.0125    1.0620  -12.7563 
   8.2741    0.0009    0.0000    0.0000  182.5916    1.0734   -3.4321   -0.1565    1.5150   -7.7677    0.0000    0.0000    0.0000    0.0000    3.9200   -0.0344    0.0068    1.0586  -14.4043 
   8.3166    0.0009    0.0000    0.0000  182.5780    1.5006   -2.3335   -0.7059    1.5150   -7.7677    0.0000    0.0000    0.0000    0.0000    3.9200   -0.0178    0.0046    1.0637  -13.9771 
   8.3591    0.0009    0.0000    0.0000  182.5659    0.9513   -2.0283   -0.4617    1.5150   -7.7677    0.0000    0.0000    0.0000    0.0000    3.9200   -0.0352    0.0083    1.0669  -14.5264 
   8.4016    0.0013    0.0000    0.0000  182.5393    1.3785    0.7183   -0.5838    1.5150   -7.7677    0.0000    0.0000    0.0000    0.0000    3.9200   -0.0259    0.0112    1.0596  -14.0991 
   8.4441    0.0009    0.0000    0.0000  182.5015    1.2565    1.5728   -0.4617    1.5150   -7.7677    0.0000    0.0000    0.0000    0.0000    3.9200   -0.0183    0.0117    1.0615  -14.2212 
   8.4866    0.0009    0.0000    0.0000  182.4716    1.4396    0.9014   -0.3396    1.5150   -7.7677    0.0000    0.0000    0.0000    0.0000    3.9200   -0.0142    0.0063    1.0652  -14.0381 
   8.5291    0.0009    0.0000    0.0000  182.4486    1.5617   -0.3803   -0.2176    1.5150   -7.7677    0.0000    0.0000    0.0000    0.0000    3.9200   -0.0134    0.0134    1.0630  -13.9160 
   8.5716    0.0013    0.0000    0.0000  182.4428    0.9513   -0.5634   -0.2786    1.5150   -7.7677    0.0000    0.0000    0.0000    0.0000    3.9040   -0.0234    0.0127    1.0615  -14.5264 
   8.6141    0.0009    0.0000    0.0000  182.4201    0.8903   -0.3803   -0.6448    1.5150   -7.7677    0.0000    0.0000    0.0000    0.0000    3.9200   -0.0178    0.0149    1.0647  -14.5874 
   8.6566    0.0009    0.0000    0.0000  182.4002    1.4396    0.1690   -0.5227    1.5150   -7.7677    0.0000    0.0000    0.0000    0.0000    3.9200   -0.0200    0.0063    1.0637  -14.0381 
   8.6991    0.0009    0.0000    0.0000  182.3782    1.5617    0.0469   -0.7669    1.5150   -7.7677    0.0000    0.0000    0.0000    0.0000    3.9200   -0.0181    0.0132    1.0623  -13.9160 
   8.7416    0.0013    0.0000    0.0000  182.3523    1.1344   -0.0141   -0.5227    1.5150   -7.7677    0.0000    0.0000    0.0000    0.0000    3.9040   -0.0190    0.0134    1.0579  -14.3433 
   8.7841    0.0009    0.0000    0.0000  182.3322    0.6461   -0.0752   -0.4007    1.5150   -7.7677    0.0000    0.0000    0.0000    0.0000    3.9120   -0.0205    0.0107    1.0610  -14.8315 
   8.8266    0.0009    0.0000    0.0000  182.3074    1.3785   -0.0752   -0.5227    1.5150   -7.7677    0.0000    0.0000    0.0000    0.0000    3.9200   -0.0205    0.0054    1.0645  -14.0991 
   8.8691    0.0009    0.0000    0.0000  182.2771    1.5006   -0.1362   -0.7669    1.5150   -7.7677    0.0000    0.0000    0.0000    0.0000    3.9200   -0.0193    0.0088    1.0627  -13.9771 
   8.9116    0.0013    0.0000    0.0000  182.2535    1.6227    0.2300   -0.5227    1.5150   -7.7677    0.0000    0.0000    0.0000    0.0000    3.9200   -0.0200    0.0127    1.0615  -13.8550 
   8.9541    0.0009    0.0000    0.0000  182.2366    1.3175    0.0469   -0.5227    1.5150   -7.7677    0.0000    0.0000    0.0000    0.0000    3.9200   -0.0237    0.0112    1.0627  -14.1602 
   8.9966    0.0009    0.0000    0.0000  182.2195    0.8903    0.1080   -0.4007    1.5150   -7.7677    0.0000    0.0000    0.0000    0.0000    3.9200   -0.0220    0.0090    1.0664  -14.5874 
   9.0391    0.0009    0.0000    0.0000  182.2021    0.7072    0.0469   -0.4617    1.5150   -7.7677    0.0000    0.0000    0.0000    0.0000    3.9200   -0.0183    0.0083    1.0647  -14.7705 
   9.0816    0.0013    0.0000    0.0000  182.1870    0.8292    0.1080   -0.4617    1.5150   -7.7677    0.0000    0.0000    0.0000    0.0000    3.9200   -0.0232    0.0088    1.0676  -14.6484 
   9.1241    0.0009    0.0000    0.0000  182.1620    0.7682    0.1690   -0.2786    1.5150   -7.7677    0.0000    0.0000    0.0000    0.0000    3.9280   -0.0190    0.0129    1.0598  -14.7095 
   9.1666    0.0009    0.0000    0.0000  182.1429    0.9513    0.0469   -0.4617    1.5150   -7.7677    0.0000    0.0000    0.0000    0.0000    3.9200   -0.0215    0.0149    1.0652  -14.5264 
   9.2091    0.0009    0.0000    0.0000  182.1296    0.9513   -0.0141   -0.2176    1.5150   -7.7677    0.0000    0.0000    0.0000    0.0000    3.9280   -0.0183    0.0103    1.0605  -14.5264 
   9.2516    0.0013    0.0000    0.0000  182.1114    1.2565   -0.1362   -0.4007    1.5150   -7.7677    0.0000    0.0000    0.0000    0.0000    3.9280   -0.0210    0.0159    1.0645  -14.2212 
   9.2941    0.0009    0.0000    0.0000  182.0851    1.4396    0.1080   -0.7669    1.5150   -7.7677    0.0000    0.0000    0.0000    0.0000    3.9280   -0.0168    0.0107    1.0586  -14.0381 
   9.3366    0.0009    0.0000    0.0000  182.0579    1.3785   -0.1362   -0.7059    1.5150   -7.7677    0.0000    0.0000    0.0000    0.0000    3.9280   -0.0198    0.0088    1.0596  -14.0991 
   9.3791    0.0009    0.0000    0.0000  182.0242    1.6837    0.1080   -0.6448    1.5150   -7.7677    0.0000    0.0000    0.0000    0.0000    3.9200   -0.0188    0.0107    1.0649  -13.7939 
   9.4216    0.0013    0.0000    0.0000  182.0011    1.5006    0.0469   -0.5838    1.5150   -7.7677    0.0000    0.0000    0.0000    0.0000    3.9280   -0.0215    0.0120    1.0608  -13.9771 
   9.4641    0.0009    0.0000    0.0000  181.9819    1.1954   -0.0141   -0.5227    1.5150   -7.7677    0.0000    0.0000    0.0000    0.0000    3.9280   -0.0225    0.0115    1.0637  -14.2822 
   9.5066    0.0009    0.0000    0.0000  181.9542    0.8292    0.1080   -0.3396    1.5150   -7.7677    0.0000    0.0000    0.0000    0.0000    3.9280   -0.0225    0.0039    1.0645  -14.6484 
   9.5491    0.0010    0.0000    0.0000  181.9347    1.1954    0.1690   -0.5227    1.5150   -7.7677    0.0000    0.0000    0.0000    0.0000    3.9280   -0.0198    0.0110    1.0696  -14.2822 
   9.5916    0.0013    0.0000    0.0000  181.9172    1.0123    0.1080   -0.5227    1.5150   -7.7677    0.0000    0.0000    0.0000    0.0000    3.9280   -0.0217    0.0107    1.0662  -14.4653 
   9.6341    0.0009    0.0000    0.0000  181.8925    1.0734   -0.0141   -0.5838    1.5150   -7.7677    0.0000    0.0000    0.0000    0.0000    3.9280   -0.0200    0.0093    1.0667  -14.4043 
   9.6766    0.0009    0.0000    0.0000  181.8697    0.9513   -0.0141   -0.5227    1.5150   -7.7677    0.0000    0.0000    0.0000    0.0000    3.9200   -0.0173    0.0105    1.0642  -14.5264 
   9.7191    0.0009    0.0000    0.0000  181.8479    1.1344    0.1080   -0.6448    1.5150   -7.7677    0.0000    0.0000    0.0000    0.0000    3.9280   -0.0232    0.0083    1.0681  -14.3433 
   9.7616    0.0013    0.0000    0.0000  181.8246    1.1344   -0.0141   -0.5227    1.5150   -7.7677    0.0000    0.0000    0.0000    0.0000    3.9280   -0.0208    0.0095    1.0659  -14.3433 
   9.8041    0.0009    0.0000    0.0000  181.8024    1.5006   -0.0752   -0.4617    1.5150   -7.7677    0.0000    0.0000    0.0000    0.0000    3.9280   -0.0173    0.0103    1.0703  -13.9771 
   9.8466    0.0009    0.0000    0.0000  181.7869    1.0123    0.0469   -0.5227    1.5150   -7.7677    0.0000    0.0000    0.0000    0.0000    3.9280   -0.0193    0.0068    1.0642  -14.4653 
   9.8891    0.0009    0.0000    0.0000  181.7714    0.8292   -0.0141   -0.5227    1.5150   -7.7677    0.0000    0.0000    0.0000    0.0000    3.9280   -0.0210    0.0093    1.0664  -14.6484 
   9.9316    0.0013    0.0000    0.0000  181.7396    1.1344   -0.0141   -0.5838    1.5150   -7.7677    0.0000    0.0000    0.0000    0.0000    3.9280   -0.0210    0.0100    1.0662    0.0000 
   9.9741    0.0009    0.0000    0.0000  181.7190    1.2565    0.0469   -0.5227    1.5150   -7.7677    0.0000    0.0000    0.0000    0.0000    3.9280   -0.0212    0.0085    1.0620  -14.2212 
  10.0166    0.0009    0.0000    0.0000  181.7000    1.1954   -0.0141   -0.5227    1.5150   -7.7677    0.0000    0.0000    0.0000    0.0000    3.9280   -0.0186    0.0122    1.0679  -14.2822 
  10.0591    0.0009    0.0000    0.0000  181.6815    0.8903    0.2300   -0.4007    1.5150   -7.7677    0.0000    0.0000    0.0000    0.0000    3.9280   -0.0181    0.0093    1.0674  -14.5874 
  10.1016    0.0013    0.0000    0.0000  181.6623    0.9513   -0.0141   -0.5838    1.5150   -7.7677    0.0000    0.0000    0.0000    0.0000    3.9280   -0.0193    0.0071    1.0669  -14.5264 
  10.1441    0.0009    0.0000    0.0000  181.6470    0.7682   -0.0141   -0.2786    1.5150   -7.7677    0.0000    0.0000    0.0000    0.0000    3.9280   -0.0212    0.0083    1.0669  -14.7095 
  10.1866    0.0009    0.0000    0.0000  181.6246    1.1954    0.1690   -0.5227    1.5150   -7.7677    0.0000    0.0000    0.0000    0.0000    3.9280   -0.0142    0.0164    1.0662  -14.2822 
  10.2291    0.0009    0.0000    0.0000  181.6109    1.1344    0.1080   -0.6448    1.5150   -7.7677    0.0000    0.0000    0.0000    0.0000    3.9280   -0.0264    0.0098    1.0613  -14.3433 
  10.2716    0.0013    0.0000    0.0000  181.5828    1.4396    0.1080   -0.5227    1.5150   -7.7677    0.0000    0.0000    0.0000    0.0000    3.9200   -0.0198    0.0127    1.0635  -14.0381 
  10.3141    0.0009    0.0000    0.0000  181.5542    0.8903   -0.0141   -0.5838    1.5150   -7.7677    0.0000    0.0000    0.0000    0.0000    3.9280   -0.0198    0.0154    1.0566  -14.5874 
  10.3566    0.0009    0.0000    0.0000  181.5301    1.5006    0.1080   -0.5838    1.5150   -7.7677    0.0000    0.0000    0.0000    0.0000    3.9280   -0.0208    0.0132    1.0676  -13.9771 
  10.3991    0.0009    0.0000    0.0000  181.5050    1.1954    0.2300   -0.6448    1.5150   -7.7677    0.0000    0.0000    0.0000    0.0000    3.9280   -0.0166    0.0120    1.0625  -14.2822 
  10.4416    0.0013    0.0000    0.0000  181.4761    1.7448    0.2911   -0.7669    1.5150   -7.7677    0.0000    0.0000    0.0000    0.0000    3.9280   -0.0200    0.0100    1.0676  -13.7329 
  10.4841    0.0009    0.0000    0.0000  181.4494    0.5851    0.1690   -0.3396    1.5150   -7.7677    0.0000    0.0000    0.0000    0.0000    3.9280   -0.0156    0.0103    1.0669  -14.8926 
  10.5266    0.0009    0.0000    0.0000  181.4353    1.2565    0.1080   -0.5227    1.5150   -7.7677    0.0000    0.0000    0.0000    0.0000    3.9280   -0.0237    0.0107    1.0664  -14.2212 
  10.5691    0.0009    0.0000    0.0000  181.4161    0.9513    0.1080   -0.4007    1.5150   -7.7677    0.0000    0.0000    0.0000    0.0000    3.9280   -0.0217    0.0095    1.0706  -14.5264 
  10.6116    0.0013    0.0000    0.0000  181.3920    1.1954    0.1690   -0.5838    1.5150   -7.7677    0.0000    0.0000    0.0000    0.0000    3.9280   -0.0198    0.0144    1.0642  -14.2822 
  10.6541    0.0009    0.0000    0.0000  181.3633    1.3785   -2.7607   -0.6448    1.5150   -7.7677    0.0000    0.0000    0.0000    0.0000    3.9280   -0.0176    0.0095    1.0688  -14.0991 
  10.6966    0.0009    0.0000    0.0000  181.2654    0.3409    1.1456   -4.1849    1.5150   -7.7677    0.0000    0.0000    0.0000    0.0000    3.9280   -0.0432    0.0239    1.0640  -15.1367 
  10.7391    0.0009    0.0000    0.0000  181.1904    1.0734   -5.4462   -0.5838    1.5150   -7.7677    0.0000    0.0000    0.0000    0.0000    3.9280   -0.0281    0.0073    1.0664  -14.4043 
  10.7816    0.0013    0.0000    0.0000  181.1812   -6.6171   16.9537    0.4538    1.5150   -7.7677    0.0000    0.0000    0.0000    0.0000    3.9280    0.0164    0.0247    1.0569  -22.0947 
  10.8241    0.0009    0.0000    0.0000  181.3437   -3.5653  -21.3764    4.7873    1.5150   -7.7677    0.0000    0.0000    0.0000    0.0000    3.9280   -0.0535    0.1082    1.3342  -19.0430 
  10.8666    0.0009    0.0000    0.0000  181.1564   74.8038  -28.8227  -12.3025    1.5150   -7.7677    0.0000    0.0000    0.0000    0.0000    3.9280   -0.1094    0.0691    1.4092   59.3262 
  10.9091    0.0009    0.0000    0.0000  180.8133   23.8395   -4.4086    7.1677    1.5150   -7.7677    0.0000    0.0000    0.0000    0.0000    3.9280   -0.1409    0.0901    1.3862    8.3618 
  10.9516    0.0013    0.0000    0.0000  180.4106  -14.6737    2.6714  -36.4725    1.5150   -7.7677    0.0000    0.0000    0.0000    0.0000    3.9280   -0.1221    0.0667    1.5037  -30.1514 
  10.9941    0.0009    0.0000    0.0000  178.1047   10.4728   -7.5825  -55.6985    1.5150   -7.7677    0.0000    0.0000    0.0000    0.0000    3.9280   -0.0898    0.0635    1.4104   -5.0049 
  11.0366    0.0009    0.0000    0.0000  177.6385  -51.4779   31.6021   42.7512    1.5150   -7.7677    0.0000    0.0000    0.0000    0.0000    3.9280   -0.2427    0.1318    1.2893  -66.9556 
  11.0791    0.0009    0.0000    0.0000  181.0699  -64.1732   21.3482   69.0573    1.5150   -7.7677    0.0000    0.0000    0.0000    0.0000    3.9280   -0.1675   -0.0066    1.2737  -79.6509 
  11.1216    0.0013    0.0000    0.0000  183.2286  -29.4442    0.1080   26.8820    1.5150   -7.7677    0.0000    0.0000    0.0000    0.0000    3.9360   -0.1687   -0.0085    1.1646  -44.9219 
  11.1641    0.0009    0.0000    0.0000  183.9563  -25.7821   -3.6152    4.3601    1.5150   -7.7677    0.0000    0.0000    0.0000    0.0000    3.9360   -0.0652    0.0381    1.1582  -41.2598 
  11.2066    0.0009    0.0000    0.0000  183.8710   -3.3212    7.3711    2.1018    1.5150   -7.7677    0.0000    0.0000    0.0000    0.0000    3.9360   -0.0535    0.0063    1.1348  -18.7988 
  11.2491    0.0009    0.0000    0.0000  184.5909   -7.7157   -5.2021   31.3376    1.5150   -7.7677    0.0000    0.0000    0.0000    0.0000    3.9360   -0.0891    0.0532    1.0679  -23.1934 
  11.2916    0.0013    0.0000    0.0000  186.4231   -2.0394   -4.7749   46.8405    1.5150   -7.7677    0.0000    0.0000    0.0000    0.0000    3.9280   -0.0667    0.0994    1.0459  -17.5171 
  11.3341    0.0009    0.0000    0.0000  188.3824   -1.1849   -6.5449   41.1032    1.5150   -7.7677    0.0000    0.0000    0.0000    0.0000    3.9360   -0.0515    0.1094    0.9946  -16.6626 
  11.3766    0.0009    0.0000    0.0000  189.6321   -8.5092   -3.8593   26.8210    1.5150   -7.7677    0.0000    0.0000    0.0000    0.0000    3.9280   -0.0754    0.0928    0.9861  -23.9868 
  11.4191    0.0009    0.0000    0.0000  191.2157    5.5900    6.5777   49.4040    1.5150   -7.7677    0.0000    0.0000    0.0000    0.0000    3.9360   -0.0242    0.0408    1.0137   -9.8877 
  11.4616    0.0013    0.0000    0.0000  193.6272    4.1251   14.7564   58.9865    1.5150   -7.7677    0.0000    0.0000    0.0000    0.0000    3.9360   -0.0642    0.0891    0.9229  -11.3525 
  11.5041    0.0009    0.0000    0.0000  195.5423    7.5431   19.2730   41.4694    1.5150   -7.7677    0.0000    0.0000    0.0000    0.0000    3.9360   -0.0247    0.0110    0.9331   -7.9346 
  11.5466    0.0009    0.0000    0.0000  198.0340   13.4635   28.3062   68.3859    1.5150   -7.7677    0.0000    0.0000    0.0000    0.0000    3.9360   -0.0374    0.0234    0.8938   -2.0142 
  11.5891    0.0009    0.0000    0.0000  200.5935   12.6090   22.2637   49.2209    1.5150   -7.7677    0.0000    0.0000    0.0000    0.0000    3.9360   -0.0154   -0.0381    0.9038   -2.8687 
  11.6316    0.0013    0.0000    0.0000  202.4737   15.7828   31.0528   67.8977    1.5150   -7.7677    0.0000    0.0000    0.0000    0.0000    3.9360   -0.0029    0.0244    0.9014    0.3052 
  11.6741    0.0010    0.0000    0.0000  206.5739    2.0499   36.1797  100.0632    1.5150   -7.7677    0.0000    0.0000    0.0000    0.0000    3.9360   -0.0039   -0.0256    0.8408  -13.4277 
  11.7166    0.0010    0.0000    0.0000  208.9156   22.4967   25.1324   11.8064    1.5150   -7.7677    0.0000    0.0000    0.0000    0.0000    3.9360    0.0251   -0.0234    0.9028    7.0190 
  11.7591    0.0009    0.0000    0.0000  210.1323   11.7545   20.7378   67.1042    1.5150   -7.7677    0.0000    0.0000    0.0000    0.0000    3.9280    0.0149   -0.0476    0.9182   -3.7231 
  11.8766 4294.8882   -1.4033   -0.2772  216.6979    5.8951    9.7515   74.0012    1.5150   -7.7677    0.0000    0.0000    0.0000    0.0000    3.9280    0.0369   -0.0300    0.9470   -9.5825 
  11.9191 4294.8457   -1.2423    1.4911  219.9514   -1.7953    7.6153   70.2780    1.5150   -7.7677    0.0000    0.0000    0.0000    0.0000    3.9360    0.0784   -0.0508    0.9866  -17.2729 
  11.9616 4294.8032   -0.7778   -0.1101  222.4736   11.5104    7.2491   59.5969    1.5150   -7.7677    0.0000    0.0000    0.0000    0.0000    3.9360   -0.0042   -0.0293    0.9790    0.0000 
  12.0041 4294.7607   -0.9957    0.4530  225.5553    0.4020    2.7935   82.7292    1.5150   -7.7677    0.0000    0.0000    0.0000    0.0000    3.9360    0.0847   -0.0601    1.0684  -15.0757 
  12.0466 4294.7183   -0.8907    0.1447  228.9847   -2.8329   18.3575   79.9216    1.5150   -7.7677    0.0000    0.0000    0.0000    0.0000    3.9360   -0.0554   -0.0479    1.0166  -18.3105 
  12.0891 4294.6758   -1.6673   -1.5170  232.3215   -1.7953    7.6153   81.0202    1.5150   -7.7677    0.0000    0.0000    0.0000    0.0000    3.9360   -0.0525   -0.0098    1.0112  -17.2729 
  12.1316 4294.6333   -1.5994   -0.9094  236.0483   -7.7767   11.4605   93.1662    1.5150   -7.7677    0.0000    0.0000    0.0000    0.0000    3.9360    0.0417   -0.0413    1.0925    0.0000 
  12.1741 4294.5908   -2.9880   -1.9617  240.0929  -10.3402   20.8599   99.2087    1.5150   -7.7677    0.0000    0.0000    0.0000    0.0000    3.9360   -0.0796    0.0312    1.0149  -25.8179 
  12.2166 4294.5483   -5.3803   -2.4553  244.0803  -14.4906    4.8687   91.7014    1.5150   -7.7677    0.0000    0.0000    0.0000    0.0000    3.9360    0.0366    0.0637    1.0959  -29.9683 
  12.2591 4294.5059   -7.5739   -0.2972  248.3449  -32.3129    9.1412  117.7634    1.5150   -7.7677    0.0000    0.0000    0.0000    0.0000    3.9360    0.0649    0.0769    1.0505  -47.7905 
  12.3016 4294.4634   -7.1876   -0.1765  253.4452   -1.6732   -1.5400  112.2702    1.5150   -7.7677    0.0000    0.0000    0.0000    0.0000    3.9360    0.0786    0.0562    1.0466    0.0000 
  12.3441 4294.4209   -6.3133    1.6353  256.8256   30.7365  -12.8315   55.0192    1.5150   -7.7677    0.0000    0.0000    0.0000    0.0000    3.9360    0.2197    0.0857    1.1499   15.2588 
  12.3866 4294.3784   -7.0302    2.8752  259.8593   19.9332   -2.2114  111.0495    1.5150   -7.7677    0.0000    0.0000    0.0000    0.0000    3.9360    0.2004    0.2056    1.0774    4.4556 
  12.4291 4294.3359   -9.3466    3.7746  266.1785    0.8292    3.4039  156.7648    1.5150   -7.7677    0.0000    0.0000    0.0000    0.0000    3.9360    0.2427    0.2773    0.9766  -14.6484 
  12.4716 4294.2935  -11.7113    5.0641  271.3980    5.4069   13.3526  108.2419    1.5150   -7.7677    0.0000    0.0000    0.0000    0.0000    3.9360    0.2349    0.2798    0.9282    0.0000 
  12.5141 4294.2510  -13.9573    5.7688  275.8297   24.2057   16.6485  102.1384    1.5150   -7.7677    0.0000    0.0000    0.0000    0.0000    3.9360    0.1482    0.2417    0.8960    8.7280 
  12.5566 4294.2080  -15.6447    6.4086  279.8648   14.0128   12.3760   90.1145    1.5150   -7.7677    0.0000    0.0000    0.0000    0.0000    3.9360    0.1936    0.2280    0.9819   -1.4648 
  12.5991 4294.1655  -17.6516    5.5284  284.0904    9.1300   19.4561  103.5422    1.5150   -7.7677    0.0000    0.0000    0.0000    0.0000    3.9360    0.1335    0.2827    1.0247   -6.3477 
  12.6416 4294.1230  -19.1916    6.8877  288.7592   -4.4198   22.6299  125.6369    1.5150   -7.7677    0.0000    0.0000    0.0000    0.0000    3.9360    0.2065    0.3145    1.0530    0.0000 
  12.6841 4294.0806  -20.5957    6.2216  294.1135  -19.6175   25.4986  119.2282    1.5150   -7.7677    0.0000    0.0000    0.0000    0.0000    3.9360    0.1611    0.2988    0.9902  -35.0952 
  12.7266 4294.0381  -20.0182    5.2678  299.1160  -19.9227   21.1651  110.2561    1.5150   -7.7677    0.0000    0.0000    0.0000    0.0000    3.9360    0.1326    0.1943    1.0032  -35.4004 
  12.7691 4293.9956  -18.8664    4.9080  303.6477   -9.3026   11.4605   99.3308    1.5150   -7.7677    0.0000    0.0000    0.0000    0.0000    3.9360    0.1877    0.1313    1.0710  -24.7803 
  12.8116 4293.9531  -17.2548    4.7627  307.1878    0.7682   13.7188   76.2595    1.5150   -7.7677    0.0000    0.0000    0.0000    0.0000    3.9280    0.1453    0.0762    1.1519    0.0000 
  12.8541 4293.9106  -15.0781    4.2630  311.2442    9.3131   14.7564  106.6550    1.5150   -7.7677    0.0000    0.0000    0.0000    0.0000    3.9360    0.0964    0.0774    1.2449   -6.1646 
  12.8966 4293.8682  -14.5321    1.9684  316.3013   18.2853    7.4932   88.2834    1.5150   -7.7677    0.0000    0.0000    0.0000    0.0000    3.9280   -0.0156    0.3757    1.3848    2.8076 
  12.9391 4293.8257  -15.7219    2.6138  319.7910  -13.3920   21.7144  109.7678    1.5150   -7.7677    0.0000    0.0000    0.0000    0.0000    3.9360    0.3079    0.2659    1.2495  -28.8696 
  12.9816 4293.7832  -15.9822    4.3808  325.0612  -22.6693   61.1431  119.8996    1.5150   -7.7677    0.0000    0.0000    0.0000    0.0000    3.9360    0.0076    0.0583    0.9211    0.0000 
  13.0241 4293.7407  -14.7387    4.3735  328.5701   18.8346   49.0581   35.3049    1.5150   -7.7677    0.0000    0.0000    0.0000    0.0000    3.9360   -0.0342    0.0278    0.9736    3.3569 
  13.0666 4293.6982  -12.6311    4.3067  330.8341    8.6417   54.0020   72.9025    1.5150   -7.7677    0.0000    0.0000    0.0000    0.0000    3.9360    0.0159    0.1123    0.9680   -6.8359 
  13.1091 4293.6558  -13.6436    3.5618  336.2347  -18.5189   53.8799  140.3464    1.5150   -7.7677    0.0000    0.0000    0.0000    0.0000    3.9280    0.0256    0.1689    0.7966  -33.9966 
  13.1516 4293.6133  -16.2018    5.1667  341.2126   -5.3964   38.5601   97.4997    1.5150   -7.7677    0.0000    0.0000    0.0000    0.0000    3.9360    0.1731    0.1907    0.8201    0.0000 
  13.1941 4293.5708  -16.3310    8.3881  343.7475    5.4069   30.0152   62.0383    1.5150   -7.7677    0.0000    0.0000    0.0000    0.0000    3.9360    0.2080    0.2002    0.8618  -10.0708 
  13.2366 4293.5283  -16.3342   10.9942  346.3827  -14.7347   23.6065   83.0344    1.5150   -7.7677    0.0000    0.0000    0.0000    0.0000    3.9360    0.2554    0.2107    0.8774  -30.2124 
  13.2791 4293.4858  -18.3367   13.4645  348.7198  -18.0306   16.0992   58.4982    1.5150   -7.7677    0.0000    0.0000    0.0000    0.0000    3.9280    0.3152    0.2808    0.8894  -33.5083 
  13.3216 4293.4434  -21.3638   14.9565  350.2685  -27.4300    0.3521   53.9206    1.5150   -7.7677    0.0000    0.0000    0.0000    0.0000    3.9360    0.3755    0.3350    0.9922    0.0000 
  13.3641 4293.4009  -21.2026   15.1123  351.3944  -21.8148   -1.1127   22.3654    1.5150   -7.7677    0.0000    0.0000    0.0000    0.0000    3.9360    0.3337    0.3252    1.2180  -37.2925 
  13.4066 4293.3584  -21.3072   12.6644  352.1147   -2.8329   -7.9487   -6.8704    1.5150   -7.7677    0.0000    0.0000    0.0000    0.0000    3.9360    0.1963    0.4360    1.3352  -18.3105 
  13.4491 4293.3159  -20.2268   10.7355  352.2738   -3.9925  -10.2680    0.4538    1.5150   -7.7677    0.0000    0.0000    0.0000    0.0000    3.9360    0.3259    0.3599    1.3181  -19.4702 
  13.4916 4293.2734  -18.7487    9.5047  352.9874   10.7780   16.2823   -1.7435    1.5150   -7.7677    0.0000    0.0000    0.0000    0.0000    3.9360    0.1580    0.2825    1.0837    0.0000 
  13.5341 4293.2310  -18.5938    8.3329  352.3772   24.3278   15.5498  -43.3694    1.5150   -7.7677    0.0000    0.0000    0.0000    0.0000    3.9280    0.1619    0.3496    1.0823    8.8501 
  13.5766 4293.1885  -17.7461    8.0401  351.8867    2.4772   34.3487    0.3928    1.5150   -7.7677    0.0000    0.0000    0.0000    0.0000    3.9360    0.1489    0.2134    0.9692  -13.0005 
  13.6191 4293.1455  -16.4414    7.5116  352.6873    9.6793   38.5601    5.5197    1.5150   -7.7677    0.0000    0.0000    0.0000    0.0000    3.9360    0.0723    0.1438    0.8596   -5.7983 
  13.6616 4293.1030  -15.0709    6.7582  353.2651   15.5387   31.8462    0.7590    1.5150   -7.7677    0.0000    0.0000    0.0000    0.0000    3.9360    0.0369    0.1443    0.8286    0.0000 
  13.7041 4293.0605  -13.7834    5.5141  354.4206   10.4117   25.1324   31.9480    1.5150   -7.7677    0.0000    0.0000    0.0000    0.0000    3.9360    0.0718    0.1143    0.8176   -5.0659 
  13.7466 4293.0181  -13.0545    3.7784  357.0687   10.2897   16.8316   64.6628    1.5150   -7.7677    0.0000    0.0000    0.0000    0.0000    3.9360    0.0593    0.1306    0.7666   -5.1880 
  13.7891 4292.9756  -14.5388    2.3548    0.2748   12.6090    8.5308   69.9118    1.5150   -7.7677    0.0000    0.0000    0.0000    0.0000    3.9360    0.0547    0.1746    0.8218   -2.8687 
  13.8316 4292.9331  -15.7955    0.2367    4.2915   21.3370   -4.9580   94.9362    1.5150   -7.7677    0.0000    0.0000    0.0000    0.0000    3.9360    0.0601    0.2681    1.0139    0.0000 
  13.8741 4292.8906  -16.7813    0.2612    7.9230   33.4220   -9.0473   81.6306    1.5150   -7.7677    0.0000    0.0000    0.0000    0.0000    3.9360    0.1292    0.3809    1.2314   17.9443 
  13.9166 4292.8481  -17.5325   -0.3397   11.7736   38.9762   -0.9296  101.0398    1.5150   -7.7677    0.0000    0.0000    0.0000    0.0000    3.9360    0.0125    0.3950    1.3044   23.4985 
  13.9591 4292.8057  -17.9729   -1.6292   16.4600   31.2247  -14.6626  111.9040    1.5150   -7.7677    0.0000    0.0000    0.0000    0.0000    3.9360    0.2905    0.5308    1.3499   15.7471 
  14.0016 4292.7632  -19.1771   -0.7571   21.3086  -14.8568   26.1700  133.3884    1.5150   -7.7677    0.0000    0.0000    0.0000    0.0000    3.9440    0.2034    0.4167    1.1089    0.0000 
  14.0441 4292.7207  -20.8694    1.2945   25.9851    2.4161   34.7759   96.8894    1.5150   -7.7677    0.0000    0.0000    0.0000    0.0000    3.9440    0.0972    0.2981    0.9805  -13.0615 
  14.0866 4292.6782  -19.8103    4.2235   28.5572   19.5670   34.1656   58.1320    1.5150   -7.7677    0.0000    0.0000    0.0000    0.0000    3.9360    0.1912    0.2705    0.9602    4.0894 
  14.1291 4292.6357  -19.8657    6.2630   31.8137   -0.8187   57.8472  108.9133    1.5150   -7.7677    0.0000    0.0000    0.0000    0.0000    3.9360    0.1023    0.2715    0.8081  -16.2964 
  14.1716 4292.5933  -23.3027    6.3293   37.6434  -15.4061   53.8189  133.5715    1.5150   -7.7677    0.0000    0.0000    0.0000    0.0000    3.9360    0.1128    0.3369    0.6716  -30.8838 
  14.2141 4292.5508  -27.2472    6.7930   42.8515  -18.1527   40.9405  110.9274    1.5150   -7.7677    0.0000    0.0000    0.0000    0.0000    3.9440    0.1455    0.3547    0.6570  -33.6304 
  14.2566 4292.5083  -30.0061    7.7333   46.4350   -0.6356   15.4888   86.7575    1.5150   -7.7677    0.0000    0.0000    0.0000    0.0000    3.9360    0.2744    0.4775    0.7021  -16.1133 
  14.2991 4292.4658  -31.7429    8.6457   48.9767    8.1534    0.2911   44.5822    1.5150   -7.7677    0.0000    0.0000    0.0000    0.0000    3.9360    0.3420    0.5769    0.7854   -7.3242 
  14.3416 4292.4233  -32.9346    9.7344   49.0786    2.5382  -20.2168   16.1399    1.5150   -7.7677    0.0000    0.0000    0.0000    0.0000    3.9360    0.3245    0.6567    0.9551    0.0000 
  14.3841 4292.3809  -34.3568    9.9703   48.7245    6.0783  -42.3725  -10.7767    1.5150   -7.7677    0.0000    0.0000    0.0000    0.0000    3.9360    0.3198    0.7598    1.2517   -9.3994 
  14.4266 4292.3384  -32.2031    9.1411   47.0883    1.5006  -34.4379  -48.4353    1.5150   -7.7677    0.0000    0.0000    0.0000    0.0000    3.9360    0.2478    0.7202    1.3948  -13.9771 
  14.4691 4292.2959  -31.2328   10.1875   43.3177    6.8717  -33.2783  -78.0374    1.5150   -7.7677    0.0000    0.0000    0.0000    0.0000    3.9360    0.3525    0.6650    1.2048   -8.6060 
  14.5116 4292.2534  -29.9540    9.6227   40.5625   -1.7342  -13.2587  -89.4510    1.5150   -7.7677    0.0000    0.0000    0.0000    0.0000    3.9440    0.1204    0.4138    0.9468    0.0000 
  14.5541 4292.2109  -27.5823    9.0447   35.8864   23.0460  -14.6626 -138.2791    1.5150   -7.7677    0.0000    0.0000    0.0000    0.0000    3.9360    0.1416    0.4480    0.9807    7.5684 
  14.5966 4292.1685  -26.0434    8.2820   31.3676   -2.6498   -4.6528 -100.4983    1.5150   -7.7677    0.0000    0.0000    0.0000    0.0000    3.9360    0.1487    0.3809    0.9673  -18.1274 
  14.6391 4292.1260  -23.7904    8.7548   27.9640  -10.0350    9.2022  -73.8260    1.5150   -7.7677    0.0000    0.0000    0.0000    0.0000    3.9440    0.1660    0.2456    0.8828  -25.5127 
  14.6816 4292.0830  -22.3489    8.5733   25.2718    7.7262   15.5498  -73.9480    1.5150   -7.7677    0.0000    0.0000    0.0000    0.0000    3.9440    0.0259    0.3000    0.7693    0.0000 
  14.7241 4292.0405  -22.0708    7.6877   22.8911   -1.3070   13.0474  -69.4314    1.5150   -7.7677    0.0000    0.0000    0.0000    0.0000    3.9360    0.1272    0.2573    0.8093  -16.7847 
  14.7666 4291.9980  -21.8857    6.8301   20.9768    1.5006   14.8174  -42.0267    1.5150   -7.7677    0.0000    0.0000    0.0000    0.0000    3.9440    0.0249    0.2947    0.7544  -13.9771 
  14.8091 4291.9556  -22.2534    4.7825   22.0015   -2.0394    9.4463   35.4880    1.5150   -7.7677    0.0000    0.0000    0.0000    0.0000    3.9360   -0.0137    0.2502    0.8308  -17.5171 
  14.8516 4291.9131  -22.9734    2.1237   23.8518   -1.9784   -2.8217   23.2810    1.5150   -7.7677    0.0000    0.0000    0.0000    0.0000    3.9440    0.0784    0.3918    1.0698    0.0000 
  14.8941 4291.8706  -22.5014   -0.9833   26.2378   11.8766   -6.3007   42.0188    1.5150   -7.7677    0.0000    0.0000    0.0000    0.0000    3.9440    0.0212    0.4031    1.1995   -3.6011 
  14.9366 4291.8281  -22.7034   -0.6034   28.4782   -9.0585   -8.0708   58.8645    1.5150   -7.7677    0.0000    0.0000    0.0000    0.0000    3.9440    0.2107    0.5073    1.3882  -24.5361 
  14.9791 4291.7856  -23.8060    1.4441   29.9939  -21.8758   18.7847   59.7800    1.5150   -7.7677    0.0000    0.0000    0.0000    0.0000    3.9440    0.1487    0.4268    1.1467  -37.3535 
  15.0216 4291.7432  -23.4616    3.0113   32.1769  -14.0633   11.7046   57.5217    1.5150   -7.7677    0.0000    0.0000    0.0000    0.0000    3.9440    0.1558    0.2280    0.9885    0.0000 
  15.0641 4291.7007  -21.4910    4.1320   33.0500   13.7687   10.3619   16.3840    1.5150   -7.7677    0.0000    0.0000    0.0000    0.0000    3.9440    0.2571    0.1633    1.0039   -1.7090 
  15.1066 4291.6582  -20.2656    6.5718   34.5493   -1.9784   28.6114   79.6164    1.5150   -7.7677    0.0000    0.0000    0.0000    0.0000    3.9440    0.2876    0.2156    0.8335  -17.4561 
  15.1491 4291.6157  -21.4873    9.3791   37.5534  -16.5658   34.1045   79.4333    1.5150   -7.7677    0.0000    0.0000    0.0000    0.0000    3.9440    0.2356    0.2676    0.6865  -32.0435 
  15.1916 4291.5732  -24.4114   10.7722   39.9651    4.1862   28.9165   51.6623    1.5150   -7.7677    0.0000    0.0000    0.0000    0.0000    3.9360    0.1541    0.3999    0.6113    0.0000 
  15.2341 4291.5308  -26.6801   10.9384   42.3441   12.0597    9.5074   60.6955    1.5150   -7.7677    0.0000    0.0000    0.0000    0.0000    3.9440    0.2361    0.5293    0.7231   -3.4180 
  15.2766 4291.4883  -29.3712   10.9398   44.7540  -11.9882   -0.6245   56.6672    1.5150   -7.7677    0.0000    0.0000    0.0000    0.0000    3.9360    0.2900    0.5698    0.7942  -27.4658 
  15.3191 4291.4458  -32.1546   10.9753   46.4359   -9.6688  -10.5732   56.0568    1.5150   -7.7677    0.0000    0.0000    0.0000    0.0000    3.9440    0.2759    0.6472    0.9070  -25.1465 
  15.3616 4291.4033  -35.9941    9.9333   48.6675  -51.9051  -31.2641   74.1843    1.5150   -7.7677    0.0000    0.0000    0.0000    0.0000    3.9440    0.2456    0.6331    0.8999    0.0000 
  15.4041 4291.3608  -37.0628    9.6314   48.9321    1.6837  -32.9121  -24.8147    1.5150   -7.7677    0.0000    0.0000    0.0000    0.0000    3.9440    0.2366    0.7708    1.1580  -13.7939 
  15.4466 4291.3184  -36.8885    6.4403   48.8471    8.9469  -34.0717  -25.4251    1.5150   -7.7677    0.0000    0.0000    0.0000    0.0000    3.9440    0.2168    0.8833    1.3223   -6.5308 
  15.4891 4291.2759  -37.0622    3.9786   48.6938    1.0123  -22.5971  -32.4441    1.5150   -7.7677    0.0000    0.0000    0.0000    0.0000    3.9360    0.0562    0.7642    1.1267  -14.4653 
  15.5316 4291.2334  -35.7078    1.8888   47.2064   28.4171  -24.5502  -80.5398    1.5150   -7.7677    0.0000    0.0000    0.0000    0.0000    3.9440   -0.0056    0.5505    0.9993    0.0000 
  15.5741 4291.1909  -31.8043    3.4564   42.1043   36.6569  -19.8505 -123.2645    1.5150   -7.7677    0.0000    0.0000    0.0000    0.0000    3.9360    0.1372    0.4619    0.9614   21.1792 
  15.6166 4291.1484  -28.4546    5.4879   37.0876   11.3883    4.8687  -86.0940    1.5150   -7.7677    0.0000    0.0000    0.0000    0.0000    3.9440    0.0986    0.4041    0.9146   -4.0894 
  15.6591 4291.1060  -26.3507    5.6164   34.5576   -7.8988    8.8970  -50.0833    1.5150   -7.7677    0.0000    0.0000    0.0000    0.0000    3.9440    0.1191    0.2712    0.8718  -23.3765 
  15.7016 4291.0635  -24.4534    6.2473   32.8496    6.4445   34.7759  -46.4212    1.5150   -7.7677    0.0000    0.0000    0.0000    0.0000    3.9440    0.0557    0.3069    0.7715    0.0000 
  15.7441 4291.0205  -24.8904    5.9579   32.2175    9.8624   29.2217  -14.4388    1.5150   -7.7677    0.0000    0.0000    0.0000    0.0000    3.9440    0.0022    0.3525    0.7090   -5.6152 
  15.7866 4290.9780  -26.8006    5.7212   33.0814   -4.6639   22.3248   32.8024    1.5150   -7.7677    0.0000    0.0000    0.0000    0.0000    3.9440    0.1123    0.3794    0.7249  -20.1416 
  15.8291 4290.9355  -28.3207    3.9234   36.2594   -9.1805   22.6910   57.2775    1.5150   -7.7677    0.0000    0.0000    0.0000    0.0000    3.9440    0.0723    0.3494    0.7534  -24.6582 
  15.8716 4290.8931  -29.0193    5.5205   36.9062    2.2941    6.2725    8.7546    1.5150   -7.7677    0.0000    0.0000    0.0000    0.0000    3.9440    0.1323    0.3850    0.8059    0.0000 
  15.9141 4290.8506  -27.8073    4.1933   38.1185   -2.2225    3.0987   29.3234    1.5150   -7.7677    0.0000    0.0000    0.0000    0.0000    3.9440    0.1150    0.3779    0.9243  -17.7002 
  15.9566 4290.8081  -25.8419    3.6064   40.4448    2.0499   -2.7607   64.6018    1.5150   -7.7677    0.0000    0.0000    0.0000    0.0000    3.9360    0.1316    0.3115    1.0049  -13.4277 
  15.9991 4290.7656  -23.6928    3.1789   42.7227   12.7921  -13.8081   44.7043    1.5150   -7.7677    0.0000    0.0000    0.0000    0.0000    3.9440    0.2249    0.2449    1.1284   -2.6855 
  16.0416 4290.7231  -20.8383    2.7180   44.9972   32.3234    8.9581   77.6022    1.5150   -7.7677    0.0000    0.0000    0.0000    0.0000    3.9360    0.0342    0.2197    1.2151    0.0000 
  16.0841 4290.6807  -19.5541    0.0474   50.0805   54.5402    8.8360   99.0256    1.5150   -7.7677    0.0000    0.0000    0.0000    0.0000    3.9440   -0.0818    0.6335    1.2693   39.0625 
  16.1266 4290.6382  -20.3648   -1.7753   53.8845   17.8580    3.9532   72.1091    1.5150   -7.7677    0.0000    0.0000    0.0000    0.0000    3.9440   -0.0242    0.5273    1.2859    2.3804 
  16.1691 4290.5957  -19.6633   -2.8695   57.0551   14.9894    8.5308   58.2541    1.5150   -7.7677    0.0000    0.0000    0.0000    0.0000    3.9440    0.0283    0.2673    1.2673   -0.4883 
  16.2116 4290.5532  -17.6375   -0.6916   58.5266   19.2618   23.3624   39.8215    1.5150   -7.7677    0.0000    0.0000    0.0000    0.0000    3.9440    0.1960    0.2500    1.1526    0.0000 
  16.2541 4290.5107  -17.1753    3.0762   60.4717   -7.8988   57.7251   76.4426    1.5150   -7.7677    0.0000    0.0000    0.0000    0.0000    3.9440    0.1133    0.2178    0.9468  -23.3765 
  16.2966 4290.4683  -17.9559    2.4902   65.0787  -12.9647   61.1431   99.1477    1.5150   -7.7677    0.0000    0.0000    0.0000    0.0000    3.9360    0.0461    0.2300    0.8533  -28.4424 
  16.3391 4290.4258  -20.2793    2.8441   68.9422   10.5338   61.0821   60.6955    1.5150   -7.7677    0.0000    0.0000    0.0000    0.0000    3.9440    0.0229    0.3743    0.8735   -4.9438 
  16.3816 4290.3833  -21.8818    2.9815   72.2136   15.2946   48.9971   75.6491    1.5150   -7.7677    0.0000    0.0000    0.0000    0.0000    3.9440    0.0405    0.4016    0.9275    0.0000 
  16.4241 4290.3408  -24.1952    3.3376   76.1362   -0.3304   40.0860   85.4147    1.5150   -7.7677    0.0000    0.0000    0.0000    0.0000    3.9440    0.1448    0.4834    0.9729  -15.8081 
  16.4666 4290.2983  -26.3256    5.6112   78.6822   -2.2836   44.6636   55.8127    1.5150   -7.7677    0.0000    0.0000    0.0000    0.0000    3.9440    0.1870    0.3804    0.8733  -17.7612 
  16.5091 4290.2559  -26.5653    8.8448   80.1977    6.7496   33.4331   59.2917    1.5150   -7.7677    0.0000    0.0000    0.0000    0.0000    3.9440    0.2922    0.4094    0.8730   -8.7280 
  16.5516 4290.2134  -28.1143   11.5214   82.1594   -1.6122   41.8560   62.3435    1.5150   -7.7677    0.0000    0.0000    0.0000    0.0000    3.9440    0.2700    0.4260    0.7961    0.0000 
  16.5941 4290.1709  -29.9801   13.9875   83.7696    4.1862   31.8462   43.6057    1.5150   -7.7677    0.0000    0.0000    0.0000    0.0000    3.9440    0.3142    0.4788    0.7808  -11.2915 
  16.6366 4290.1284  -30.7633   16.8813   84.2862    8.9469   30.9917   31.2155    1.5150   -7.7677    0.0000    0.0000    0.0000    0.0000    3.9440    0.3169    0.4341    0.8040   -6.5308 
  16.6791 4290.0859  -32.0602   17.6335   85.8395   15.8439   24.0337   26.3327    1.5150   -7.7677    0.0000    0.0000    0.0000    0.0000    3.9440    0.3252    0.5173    0.8862    0.3662 
  16.7216 4290.0435  -31.8230   15.6357   88.4490   17.7360   30.5645   33.5959    1.5150   -7.7677    0.0000    0.0000    0.0000    0.0000    3.9440    0.2515    0.5122    0.9258    0.0000 
  16.7641 4290.0010  -30.8086   14.4970   91.1088   16.5763   20.8599   37.6242    1.5150   -7.7677    0.0000    0.0000    0.0000    0.0000    3.9440    0.3362    0.5042    0.9778    1.0986 
  16.8066 4289.9580  -28.7736   15.3367   92.5535   13.6466   36.4239   35.4880    1.5150   -7.7677    0.0000    0.0000    0.0000    0.0000    3.9440    0.1135    0.2769    0.9802   -1.8311 
  16.8491 4289.9155  -27.5943   13.4083   96.3677   59.6671   22.6910   53.6154    1.5150   -7.7677    0.0000    0.0000    0.0000    0.0000    3.9440    0.0481    0.5288    1.0784   44.1895 
  16.8916 4289.8730  -27.1644   10.6884   98.9342   36.3517   -3.0659    9.8532    1.5150   -7.7677    0.0000    0.0000    0.0000    0.0000    3.9440    0.2427    0.5066    1.1001    0.0000 
  16.9341 4289.8306  -24.3094    9.6658  100.5651   24.4498    6.8829   34.9997    1.5150   -7.7677    0.0000    0.0000    0.0000    0.0000    3.9440    0.2246    0.2405    1.0735    8.9722 
  16.9766 4289.7881  -20.4481    9.3786  101.8698   55.6388   17.8081   -1.0110    1.5150   -7.7677    0.0000    0.0000    0.0000    0.0000    3.9440    0.1750    0.1853    0.9619   40.1611 
  17.0191 4289.7456  -17.0018    8.2734  102.2415   36.1686   12.8033   -8.5184    1.5150   -7.7677    0.0000    0.0000    0.0000    0.0000    3.9440    0.1392    0.2458    0.9656   20.6909 
  17.0616 4289.7031  -16.0603    7.0089  103.7726   24.3888    6.8829   62.3435    1.5150   -7.7677    0.0000    0.0000    0.0000    0.0000    3.9440    0.1729    0.2117    0.9429    0.0000 
  17.1041 4289.6606  -15.5329    6.0743  107.2818   32.0792   10.7281   67.2873    1.5150   -7.7677    0.0000    0.0000    0.0000    0.0000    3.9440    0.1372    0.2505    0.9407   16.6016 
  17.1466 4289.6182  -16.4979    5.2146  109.1490   31.0416   13.9629    6.9235    1.5150   -7.7677    0.0000    0.0000    0.0000    0.0000    3.9440    0.1306    0.2297    0.9321   15.5640 
  17.1891 4289.5757  -14.4090    6.1401  109.1884   47.7653   11.3384   -2.5979    1.5150   -7.7677    0.0000    0.0000    0.0000    0.0000    3.9440    0.1711    0.1985    1.0261   32.2876 
  17.2316 4289.5332  -14.7362    5.8985  110.1239   30.7365    1.0845   26.8820    1.5150   -7.7677    0.0000    0.0000    0.0000    0.0000    3.9440    0.1240    0.2722    1.0264    0.0000 
  17.2741 4289.4907  -16.0802    5.9361  111.4064   29.9430    2.4273   14.1867    1.5150   -7.7677    0.0000    0.0000    0.0000    0.0000    3.9440    0.2122    0.3062    1.0432   14.4653 
  17.3166 4289.4482  -15.2299    8.2326  110.6352   37.8776    0.7183  -25.4251    1.5150   -7.7677    0.0000    0.0000    0.0000    0.0000    3.9440    0.3784    0.2119    1.0503   22.3999 
  17.3591 4289.4058  -12.4802    9.4335  110.3532   25.1823   18.8457   14.9191    1.5150   -7.7677    0.0000    0.0000    0.0000    0.0000    3.9440    0.1731    0.1528    0.9431    9.7046 
  17.4016 4289.3633  -14.2283    9.1322  111.7611   -1.4901   -3.4321   30.3610    1.5150   -7.7677    0.0000    0.0000    0.0000    0.0000    3.9440    0.1848    0.1824    0.8679    0.0000 
  17.4441 4289.3208  -12.4366    9.0398  112.7695   25.7316  -15.2729   17.7878    1.5150   -7.7677    0.0000    0.0000    0.0000    0.0000    3.9440    0.2676    0.0854    1.0117   10.2539 
  17.4866 4289.2783  -10.9447    8.6706  113.6740   55.7609   -4.2866   14.4309    1.5150   -7.7677    0.0000    0.0000    0.0000    0.0000    3.9440    0.1204    0.2168    0.9673   40.2832 
  17.5291 4289.2358  -11.3071    6.6243  115.4672   35.4362  -26.1982   43.7888    1.5150   -7.7677    0.0000    0.0000    0.0000    0.0000    3.9440    0.1626    0.2354    1.0027   19.9585 
  17.5716 4289.1934  -11.0991    6.5401  117.6483   20.2384  -38.4052   62.3435    1.5150   -7.7677    0.0000    0.0000    0.0000    0.0000    3.9440    0.2610    0.1040    1.0540    0.0000 
  17.6141 4289.1509   -9.7540    6.8141  121.0145   51.7326  -19.4843   81.0202    1.5150   -7.7677    0.0000    0.0000    0.0000    0.0000    3.9360    0.2212    0.2046    1.0210   36.2549 
  17.6566 4289.1084  -11.1515    5.8237  122.9454    1.5617   -8.6201    3.6887    1.5150   -7.7677    0.0000    0.0000    0.0000    0.0000    3.9440    0.0894    0.3726    0.9431  -13.9160 
  17.6991 4289.0659  -13.5458    4.5373  122.7843    4.1862   -7.2773    6.0080    1.5150   -7.7677    0.0000    0.0000    0.0000    0.0000    3.9440    0.1553    0.3025    1.0242  -11.2915 
  17.7416 4289.0234  -14.9041    3.3074  122.5901  -34.6322   -5.8735  -26.0354    1.5150   -7.7677    0.0000    0.0000    0.0000    0.0000    3.9440    0.1279    0.1841    1.1743    0.0000 
  17.7841 4288.9810  -14.9365    3.2307  121.8185  -30.9701    6.5166   10.7688    1.5150   -7.7677    0.0000    0.0000    0.0000    0.0000    3.9440    0.0161    0.1975    1.0972  -46.4478 
  17.8266 4288.9385  -15.9212    0.6657  123.7339    1.6227    0.6573   36.5256    1.5150   -7.7677    0.0000    0.0000    0.0000    0.0000    3.9440    0.0361    0.2559    1.1638  -13.8550 
  17.8691 4288.8955  -15.7454    0.5730  124.1046   32.3844    2.7935  -13.1570    1.5150   -7.7677    0.0000    0.0000    0.0000    0.0000    3.9440    0.0955    0.2180    1.0444   16.9067 
  17.9116 4288.8530  -12.7093    1.2407  123.7702   18.4074   -4.8969    5.5808    1.5150   -7.7677    0.0000    0.0000    0.0000    0.0000    3.9440    0.0491    0.1121    1.0396    0.0000 
  17.9541 4288.8105   -9.2561    0.7581  124.4732   48.1925   -2.6997   15.7736    1.5150   -7.7677    0.0000    0.0000    0.0000    0.0000    3.9440    0.1042    0.0422    1.1160   32.7148 
  17.9966 4288.7681   -7.7696    0.4258  125.5883   56.8595   -3.1879   19.4357    1.5150   -7.7677    0.0000    0.0000    0.0000    0.0000    3.9440    0.0640    0.1106    1.0415   41.3818 
  18.0391 4288.7256   -5.8811    2.5015  125.1011   39.5255   -1.1127  -17.8567    1.5150   -7.7677    0.0000    0.0000    0.0000    0.0000    3.9440    0.1499   -0.0039    1.2019   24.0479 
  18.0816 4288.6831   -4.3266    1.9594  125.5540   41.6618   20.3716   23.4030    1.5150   -7.7677    0.0000    0.0000    0.0000    0.0000    3.9440   -0.0378    0.2190    0.9597    0.0000 
  18.1241 4288.6406   -4.5056    1.0265  126.0209    3.9420   -4.2866    1.1252    1.5150   -7.7677    0.0000    0.0000    0.0000    0.0000    3.9440    0.0991   -0.0200    1.0503  -11.5356 
  18.1666 4288.5981   -3.1277   -3.2271  127.3137   82.1281 -175.6123   55.9958    1.5150   -7.7677    0.0000    0.0000    0.0000    0.0000    3.9440   -0.0039    0.1279    1.1975   66.6504 
  18.2091 4288.5557   -0.8158   -6.7586  129.8489   31.3468  -28.7617   70.2780    1.5150   -7.7677    0.0000    0.0000    0.0000    0.0000    3.9440   -0.0024    0.1509    1.0518   15.8691 
  18.2516 4288.5132   -2.1079   -6.2706  131.9942    3.2096    3.3428   21.8161    1.5150   -7.7677    0.0000    0.0000    0.0000    0.0000    3.9440   -0.0234   -0.0500    1.0872    0.0000 
  18.2941 4288.4707   -0.2753   -5.0440  131.1534    3.1486   -5.0190  -43.9798    1.5150   -7.7677    0.0000    0.0000    0.0000    0.0000    3.9440   -0.0281   -0.0806    1.0579  -12.3291 
  18.3366 4288.4282   -1.3781   -6.1147  129.7815    2.4772   14.1460   -9.2508    1.5150   -7.7677    0.0000    0.0000    0.0000    0.0000    3.9440   -0.0095   -0.0063    1.0833  -13.0005 
  18.3791 4288.3857   -2.4943   -4.1787  129.6999    4.0641  -14.8457   -1.8655    1.5150   -7.7677    0.0000    0.0000    0.0000    0.0000    3.9440    0.0112   -0.0310    1.0725  -11.4136 
  18.4216 4288.3433   -3.2524   -4.1217  129.6546   -0.7577    2.2442   -0.4617    1.5150   -7.7677    0.0000    0.0000    0.0000    0.0000    3.9440    0.0149    0.0144    1.0596    0.0000 
  18.4641 4288.3008   -3.7530   -4.7030  129.6310    0.4020    4.9908   -0.3396    1.5150   -7.7677    0.0000    0.0000    0.0000    0.0000    3.9440   -0.0049    0.0112    1.0588  -15.0757 
  18.5066 4288.2583   -4.1265   -4.7667  129.6149    1.2565    1.2676   -0.4007    1.5150   -7.7677    0.0000    0.0000    0.0000    0.0000    3.9440   -0.0210    0.0115    1.0710  -14.2212 
  18.5491 4288.2158   -4.5107   -4.2696  129.5983    0.9513    0.0469   -0.3396    1.5150   -7.7677    0.0000    0.0000    0.0000    0.0000    3.9440   -0.0264    0.0168    1.0701  -14.5264 
  18.5916 4288.1733   -4.2341   -3.8705  129.5770    1.2565   -0.1362   -0.6448    1.5150   -7.7677    0.0000    0.0000    0.0000    0.0000    3.9440   -0.0173    0.0095    1.0645  -14.2212 
  18.6341 4288.1309   -4.3778   -3.9132  129.5511    0.6461    0.0469   -0.2786    1.5150   -7.7677    0.0000    0.0000    0.0000    0.0000    3.9440   -0.0176    0.0115    1.0654  -14.8315 
  18.6766 4288.0884   -4.2477   -4.0430  129.5360    1.1344    0.1690   -0.4007    1.5150   -7.7677    0.0000    0.0000    0.0000    0.0000    3.9440   -0.0176    0.0088    1.0669  -14.3433 
  18.7191 4288.0459   -4.1835   -4.0134  129.5151    0.7682    0.2911   -0.4617    1.5150   -7.7677    0.0000    0.0000    0.0000    0.0000    3.9440   -0.0186    0.0093    1.0623  -14.7095 
  18.7616 4288.0034   -4.2432   -3.7519  129.4931    0.8292    0.1690   -0.4007    1.5150   -7.7677    0.0000    0.0000    0.0000    0.0000    3.9440   -0.0125    0.0127    1.0679    0.0000 
  18.8041 4287.9609   -4.1717   -3.6944  129.4788    1.2565    0.1690   -0.2786    1.5150   -7.7677    0.0000    0.0000    0.0000    0.0000    3.9440   -0.0134    0.0090    1.0669  -14.2212 
  18.8466 4287.9185   -3.9959   -3.7476  129.4581    1.2565    0.1690   -0.5227    1.5150   -7.7677    0.0000    0.0000    0.0000    0.0000    3.9440   -0.0137    0.0046    1.0654  -14.2212 
  18.8891 4287.8760   -4.1854   -3.8459  129.4395    0.8903    0.0469   -0.2786    1.5150   -7.7677    0.0000    0.0000    0.0000    0.0000    3.9360   -0.0151    0.0071    1.0645  -14.5874 
  18.9316 4287.8330   -3.8762   -3.9425  129.4253    1.0123    0.1080   -0.5227    1.5150   -7.7677    0.0000    0.0000    0.0000    0.0000    3.9440   -0.0183    0.0059    1.0696    0.0000 
  18.9741 4287.7905   -4.0808   -3.8163  129.3976    1.1954    0.1080   -0.7059    1.5150   -7.7677    0.0000    0.0000    0.0000    0.0000    3.9360   -0.0159    0.0078    1.0684  -14.2822 
  19.0166 4287.7480   -4.1434   -3.9435  129.3782    1.1954   -0.0141   -0.5227    1.5150   -7.7677    0.0000    0.0000    0.0000    0.0000    3.9440   -0.0173    0.0085    1.0679  -14.2822 
  19.0591 4287.7056   -4.0909   -4.3435  129.3587    1.2565    0.0469   -0.5838    1.5150   -7.7677    0.0000    0.0000    0.0000    0.0000    3.9360   -0.0229    0.0066    1.0720  -14.2212 
  19.1016 4287.6631   -3.9997   -3.2811  129.3354    0.8903   -0.3193    0.1486    1.5150   -7.7677    0.0000    0.0000    0.0000    0.0000    3.9440   -0.0054    0.0029    1.0720    0.0000 
  19.1441 4287.6206   -4.4397   -3.3723  129.6667    1.3175   -6.1787   24.0134    1.5150   -7.7677    0.0000    0.0000    0.0000    0.0000    3.9440   -0.0891    0.0024    1.0684  -14.1602 
  19.1866 4287.5781   -4.1901   -4.9545  131.5592    0.2189    1.2676   61.9772    1.5150   -7.7677    0.0000    0.0000    0.0000    0.0000    3.9440   -0.0261    0.0076    1.0630  -15.2588 
  19.2291 4287.5356   -4.1200   -3.5514  134.2310   -0.2694    5.6011   55.2634    1.5150   -7.7677    0.0000    0.0000    0.0000    0.0000    3.9440    0.0017    0.0039    1.0652  -15.7471 
  19.2716 4287.4932   -4.0718   -3.0020  135.7585    0.4020   -2.2724   19.2526    1.5150   -7.7677    0.0000    0.0000    0.0000    0.0000    3.9440   -0.0012    0.0073    1.0649    0.0000 
  19.3141 4287.4507   -4.1375   -4.1694  136.0023    0.5241    4.9297    0.8200    1.5150   -7.7677    0.0000    0.0000    0.0000    0.0000    3.9440   -0.0276   -0.0020    1.0657  -14.9536 
  19.3566 4287.4082   -4.4088   -4.2804  136.0009    1.0123    0.1080   -0.3396    1.5150   -7.7677    0.0000    0.0000    0.0000    0.0000    3.9440   -0.0232    0.0127    1.0698  -14.4653 
  19.3991 4287.3657   -4.3038   -4.0150  135.9896    0.5241    1.1456   -0.1565    1.5150   -7.7677    0.0000    0.0000    0.0000    0.0000    3.9440   -0.0190    0.0117    1.0693  -14.9536 
  19.4416 4287.3232   -4.0409   -4.0731  135.9787    1.0734    0.9624   -0.5838    1.5150   -7.7677    0.0000    0.0000    0.0000    0.0000    3.9360   -0.0164    0.0056    1.0630    0.0000 
  19.4841 4287.2808   -4.2588   -3.3055  135.9587    1.0123    0.5352   -0.2176    1.5150   -7.7677    0.0000    0.0000    0.0000    0.0000    3.9440   -0.0049    0.0095    1.0649  -14.4653 
  19.5266 4287.2383   -4.0084   -3.6178  135.9514    0.8903    0.4742   -0.2786    1.5150   -7.7677    0.0000    0.0000    0.0000    0.0000    3.9360   -0.0100    0.0044    1.0691  -14.5874 
  19.5691 4287.1958   -4.1857   -3.5414  135.9319    0.8292    0.1080   -0.4617    1.5150   -7.7677    0.0000    0.0000    0.0000    0.0000    3.9440   -0.0085    0.0085    1.0645  -14.6484 
  19.6116 4287.1533   -4.3169   -3.8543  135.9167    0.7072    0.0469   -0.6448    1.5150   -7.7677    0.0000    0.0000    0.0000    0.0000    3.9440   -0.0144    0.0107    1.0671    0.0000 
  19.6541 4287.1108   -4.0097   -3.8772  135.8964    0.6461    0.0469   -0.4007    1.5150   -7.7677    0.0000    0.0000    0.0000    0.0000    3.9440   -0.0188    0.0034    1.0708  -14.8315 
  19.6966 4287.0684   -4.4414   -3.8720  135.8741    1.2565   -0.0141   -0.3396    1.5150   -7.7677    0.0000    0.0000    0.0000    0.0000    3.9360   -0.0154    0.0125    1.0640  -14.2212 
  19.7391 4287.0259   -4.2253   -3.6715  135.8564    1.3175    0.1690   -0.4007    1.5150   -7.7677    0.0000    0.0000    0.0000    0.0000    3.9440   -0.0117    0.0088    1.0681  -14.1602 
  19.7816 4286.9834   -4.2482   -3.7843  135.8437    0.8292    0.1690   -0.4007    1.5150   -7.7677    0.0000    0.0000    0.0000    0.0000    3.9440   -0.0142    0.0107    1.0701    0.0000 
  19.8241 4286.9409   -4.1489   -3.7106  135.8283    1.1954    0.2300   -0.4617    1.5150   -7.7677    0.0000    0.0000    0.0000    0.0000    3.9440   -0.0129    0.0088    1.0657  -14.2822 
  19.8666 4286.8984   -4.0838   -3.7842  135.8136    0.7682    0.2911   -0.4007    1.5150   -7.7677    0.0000    0.0000    0.0000    0.0000    3.9440   -0.0137    0.0059    1.0657  -14.7095 
  19.9091 4286.8560   -3.9738   -3.7720  135.7997    1.2565    0.2300   -0.4617    1.5150   -7.7677    0.0000    0.0000    0.0000    0.0000    3.9360   -0.0166    0.0061    1.0693  -14.2212 
  19.9516 4286.8135   -4.4119   -3.5970  135.7798    0.9513   -0.0752   -0.2786    1.5150   -7.7677    0.0000    0.0000    0.0000    0.0000    3.9440   -0.0098    0.0122    1.0676    0.0000 
